[INFO] 2025-03-27 15:51:17,885 | GPU memory: 10.98 GB free / 12.00 GB total
[INFO] 2025-03-27 15:51:17,885 | System memory: 20.55 GB available / 23.43 GB total
[INFO] 2025-03-27 15:51:17,890 | Loaded credentials from /root/OKXsignal/config/credentials.env
[INFO] 2025-03-27 15:51:17,893 | Loaded config from /root/OKXsignal/config/config.ini
[INFO] 2025-03-27 15:51:18,030 | GPU detected: Device 0, Memory: 12.00 GB
[INFO] 2025-03-27 15:51:18,030 | GPU acceleration is available
[INFO] 2025-03-27 15:51:18,209 | Database connection pool initialized with 3-29 connections
[INFO] 2025-03-27 15:51:18,209 | Starting compute_features.py in ROLLING_UPDATE mode with rolling_window=450
[INFO] 2025-03-27 15:51:18,209 | Using 24 parallel workers with max 29 database connections
[INFO] 2025-03-27 15:51:18,209 | Numba: enabled, GPU: disabled
[INFO] 2025-03-27 15:51:18,210 | Database connection test successful
[INFO] 2025-03-27 15:51:19,117 | Found 303 pairs
[INFO] 2025-03-27 15:51:19,118 | Rolling update mode: computing last 450 rows per pair
[INFO] 2025-03-27 15:51:19,118 | Calibrating optimal batch size...
[INFO] 2025-03-27 15:51:20,093 | Testing batch size 4...
[INFO] 2025-03-27 15:51:20,093 | Computing features for 1INCH-USDT
[INFO] 2025-03-27 15:51:20,093 | Computing features for AAVE-USDT
[INFO] 2025-03-27 15:51:20,094 | Computing features for ACA-USDT
[INFO] 2025-03-27 15:51:20,094 | Computing features for ACE-USDT
[INFO] 2025-03-27 15:51:20,153 | GPU is available: Device #0, Free: 10.98 GB / 12.00 GB
[WARNING] 2025-03-27 15:51:20,177 | Skipping 1INCH-USDT: only 610 candles, need >= 640
[INFO] 2025-03-27 15:51:20,177 | 1INCH-USDT: Updated 0/0 rows in 0.08s
[INFO] 2025-03-27 15:51:20,222 | GPU is available: Device #0, Free: 10.98 GB / 12.00 GB
[WARNING] 2025-03-27 15:51:20,238 | Skipping AAVE-USDT: only 610 candles, need >= 640
[INFO] 2025-03-27 15:51:20,238 | AAVE-USDT: Updated 0/0 rows in 0.14s
[INFO] 2025-03-27 15:51:20,280 | GPU is available: Device #0, Free: 10.98 GB / 12.00 GB
[WARNING] 2025-03-27 15:51:20,296 | Skipping ACA-USDT: only 610 candles, need >= 640
[INFO] 2025-03-27 15:51:20,296 | ACA-USDT: Updated 0/0 rows in 0.20s
[INFO] 2025-03-27 15:51:20,490 | GPU is available: Device #0, Free: 10.98 GB / 12.00 GB
[WARNING] 2025-03-27 15:51:20,504 | Skipping ACE-USDT: only 610 candles, need >= 640
[INFO] 2025-03-27 15:51:20,504 | ACE-USDT: Updated 0/0 rows in 0.41s
[INFO] 2025-03-27 15:51:20,554 | Batch size 4: 8.67 pairs/sec
[INFO] 2025-03-27 15:51:20,603 | Testing batch size 8...
[INFO] 2025-03-27 15:51:20,604 | Computing features for 1INCH-USDT
[INFO] 2025-03-27 15:51:20,604 | Computing features for AAVE-USDT
[INFO] 2025-03-27 15:51:20,604 | Computing features for ACA-USDT
[INFO] 2025-03-27 15:51:20,605 | Computing features for ACE-USDT
[INFO] 2025-03-27 15:51:20,605 | Computing features for ACH-USDT
[INFO] 2025-03-27 15:51:20,605 | GPU is available: Device #0, Free: 10.98 GB / 12.00 GB
[INFO] 2025-03-27 15:51:20,606 | GPU is available: Device #0, Free: 10.98 GB / 12.00 GB
[INFO] 2025-03-27 15:51:20,606 | Computing features for ACT-USDT
[INFO] 2025-03-27 15:51:20,607 | Computing features for ADA-USDT
[INFO] 2025-03-27 15:51:20,607 | GPU is available: Device #0, Free: 10.98 GB / 12.00 GB
[INFO] 2025-03-27 15:51:20,608 | Computing features for AERGO-USDT
[WARNING] 2025-03-27 15:51:20,615 | Skipping 1INCH-USDT: only 610 candles, need >= 640
[WARNING] 2025-03-27 15:51:20,617 | Skipping AAVE-USDT: only 610 candles, need >= 640
[INFO] 2025-03-27 15:51:20,617 | 1INCH-USDT: Updated 0/0 rows in 0.01s
[WARNING] 2025-03-27 15:51:20,618 | Skipping ACA-USDT: only 610 candles, need >= 640
[INFO] 2025-03-27 15:51:20,618 | AAVE-USDT: Updated 0/0 rows in 0.01s
[INFO] 2025-03-27 15:51:20,618 | ACA-USDT: Updated 0/0 rows in 0.01s
[INFO] 2025-03-27 15:51:20,668 | GPU is available: Device #0, Free: 10.98 GB / 12.00 GB
[WARNING] 2025-03-27 15:51:20,681 | Skipping ACE-USDT: only 610 candles, need >= 640
[INFO] 2025-03-27 15:51:20,681 | ACE-USDT: Updated 0/0 rows in 0.08s
[INFO] 2025-03-27 15:51:20,725 | GPU is available: Device #0, Free: 10.98 GB / 12.00 GB
[WARNING] 2025-03-27 15:51:20,739 | Skipping ACH-USDT: only 610 candles, need >= 640
[INFO] 2025-03-27 15:51:20,740 | ACH-USDT: Updated 0/0 rows in 0.13s
[INFO] 2025-03-27 15:51:20,783 | GPU is available: Device #0, Free: 10.98 GB / 12.00 GB
[WARNING] 2025-03-27 15:51:20,798 | Skipping ACT-USDT: only 610 candles, need >= 640
[INFO] 2025-03-27 15:51:20,798 | ACT-USDT: Updated 0/0 rows in 0.19s
[INFO] 2025-03-27 15:51:20,841 | GPU is available: Device #0, Free: 10.98 GB / 12.00 GB
[WARNING] 2025-03-27 15:51:20,857 | Skipping ADA-USDT: only 610 candles, need >= 640
[INFO] 2025-03-27 15:51:20,857 | ADA-USDT: Updated 0/0 rows in 0.25s
[INFO] 2025-03-27 15:51:21,081 | GPU is available: Device #0, Free: 10.98 GB / 12.00 GB
[WARNING] 2025-03-27 15:51:21,233 | Skipping AERGO-USDT: only 610 candles, need >= 640
[INFO] 2025-03-27 15:51:21,233 | AERGO-USDT: Updated 0/0 rows in 0.63s
[INFO] 2025-03-27 15:51:21,281 | Batch size 8: 11.80 pairs/sec
[INFO] 2025-03-27 15:51:21,324 | Optimal batch size determined: 8 (11.80 pairs/sec)
[INFO] 2025-03-27 15:51:21,324 | Using auto-calibrated batch size: 8
[INFO] 2025-03-27 15:51:21,324 | Grouped 303 pairs into 26 balanced batches
[INFO] 2025-03-27 15:51:21,324 | Processing batch 1/26 with 12 pairs
[INFO] 2025-03-27 15:51:21,325 | Computing features for 1INCH-USDT
[INFO] 2025-03-27 15:51:21,325 | Computing features for AAVE-USDT
[INFO] 2025-03-27 15:51:21,325 | Computing features for ACA-USDT
[INFO] 2025-03-27 15:51:21,326 | Computing features for ACE-USDT
[INFO] 2025-03-27 15:51:21,326 | GPU is available: Device #0, Free: 10.98 GB / 12.00 GB
[INFO] 2025-03-27 15:51:21,327 | Computing features for ACH-USDT
[INFO] 2025-03-27 15:51:21,327 | GPU is available: Device #0, Free: 10.98 GB / 12.00 GB
[INFO] 2025-03-27 15:51:21,327 | Computing features for ACT-USDT
[INFO] 2025-03-27 15:51:21,327 | Computing features for ADA-USDT
[INFO] 2025-03-27 15:51:21,328 | Computing features for AERGO-USDT
[INFO] 2025-03-27 15:51:21,328 | GPU is available: Device #0, Free: 10.98 GB / 12.00 GB
[ERROR] 2025-03-27 15:51:21,341 | Error processing 1INCH-USDT: local variable 'enabled_features' referenced before assignment
Traceback (most recent call last):
  File "/root/OKXsignal/database/processing/compute_features.py", line 303, in process_pair
    log_skipped_features(pair, row_count, FEATURE_GROUP_REQUIREMENTS, enabled_features)
UnboundLocalError: local variable 'enabled_features' referenced before assignment
[ERROR] 2025-03-27 15:51:21,342 | Error processing AAVE-USDT: local variable 'enabled_features' referenced before assignment
Traceback (most recent call last):
  File "/root/OKXsignal/database/processing/compute_features.py", line 303, in process_pair
    log_skipped_features(pair, row_count, FEATURE_GROUP_REQUIREMENTS, enabled_features)
UnboundLocalError: local variable 'enabled_features' referenced before assignment
[INFO] 2025-03-27 15:51:21,342 | 1INCH-USDT: Updated 0/0 rows in 0.02s
[ERROR] 2025-03-27 15:51:21,342 | Error processing ACA-USDT: local variable 'enabled_features' referenced before assignment
Traceback (most recent call last):
  File "/root/OKXsignal/database/processing/compute_features.py", line 303, in process_pair
    log_skipped_features(pair, row_count, FEATURE_GROUP_REQUIREMENTS, enabled_features)
UnboundLocalError: local variable 'enabled_features' referenced before assignment
[INFO] 2025-03-27 15:51:21,342 | AAVE-USDT: Updated 0/0 rows in 0.02s
[INFO] 2025-03-27 15:51:21,342 | ACA-USDT: Updated 0/0 rows in 0.02s
[INFO] 2025-03-27 15:51:21,387 | GPU is available: Device #0, Free: 10.98 GB / 12.00 GB
[ERROR] 2025-03-27 15:51:21,405 | Error processing ACE-USDT: local variable 'enabled_features' referenced before assignment
Traceback (most recent call last):
  File "/root/OKXsignal/database/processing/compute_features.py", line 303, in process_pair
    log_skipped_features(pair, row_count, FEATURE_GROUP_REQUIREMENTS, enabled_features)
UnboundLocalError: local variable 'enabled_features' referenced before assignment
[INFO] 2025-03-27 15:51:21,406 | ACE-USDT: Updated 0/0 rows in 0.08s
[INFO] 2025-03-27 15:51:21,448 | GPU is available: Device #0, Free: 10.98 GB / 12.00 GB
[ERROR] 2025-03-27 15:51:21,464 | Error processing ACH-USDT: local variable 'enabled_features' referenced before assignment
Traceback (most recent call last):
  File "/root/OKXsignal/database/processing/compute_features.py", line 303, in process_pair
    log_skipped_features(pair, row_count, FEATURE_GROUP_REQUIREMENTS, enabled_features)
UnboundLocalError: local variable 'enabled_features' referenced before assignment
[INFO] 2025-03-27 15:51:21,464 | ACH-USDT: Updated 0/0 rows in 0.14s
[INFO] 2025-03-27 15:51:21,508 | GPU is available: Device #0, Free: 10.98 GB / 12.00 GB
[ERROR] 2025-03-27 15:51:21,525 | Error processing ACT-USDT: local variable 'enabled_features' referenced before assignment
Traceback (most recent call last):
  File "/root/OKXsignal/database/processing/compute_features.py", line 303, in process_pair
    log_skipped_features(pair, row_count, FEATURE_GROUP_REQUIREMENTS, enabled_features)
UnboundLocalError: local variable 'enabled_features' referenced before assignment
[INFO] 2025-03-27 15:51:21,525 | ACT-USDT: Updated 0/0 rows in 0.20s
[INFO] 2025-03-27 15:51:21,566 | GPU is available: Device #0, Free: 10.98 GB / 12.00 GB
[ERROR] 2025-03-27 15:51:21,582 | Error processing ADA-USDT: local variable 'enabled_features' referenced before assignment
Traceback (most recent call last):
  File "/root/OKXsignal/database/processing/compute_features.py", line 303, in process_pair
    log_skipped_features(pair, row_count, FEATURE_GROUP_REQUIREMENTS, enabled_features)
UnboundLocalError: local variable 'enabled_features' referenced before assignment
[INFO] 2025-03-27 15:51:21,582 | ADA-USDT: Updated 0/0 rows in 0.25s
[INFO] 2025-03-27 15:51:21,768 | GPU is available: Device #0, Free: 10.98 GB / 12.00 GB
[INFO] 2025-03-27 15:51:21,929 | Computing features for AEVO-USDT
[INFO] 2025-03-27 15:51:21,975 | Computing features for AGLD-USDT
[INFO] 2025-03-27 15:51:21,976 | Computing features for AIDOGE-USDT
[INFO] 2025-03-27 15:51:21,977 | Computing features for AIXBT-USDT
[INFO] 2025-03-27 15:51:21,977 | GPU is available: Device #0, Free: 10.98 GB / 12.00 GB
[INFO] 2025-03-27 15:51:21,978 | GPU is available: Device #0, Free: 10.98 GB / 12.00 GB
[INFO] 2025-03-27 15:51:21,978 | GPU is available: Device #0, Free: 10.98 GB / 12.00 GB
[ERROR] 2025-03-27 15:51:21,982 | Error processing AERGO-USDT: local variable 'enabled_features' referenced before assignment
Traceback (most recent call last):
  File "/root/OKXsignal/database/processing/compute_features.py", line 303, in process_pair
    log_skipped_features(pair, row_count, FEATURE_GROUP_REQUIREMENTS, enabled_features)
UnboundLocalError: local variable 'enabled_features' referenced before assignment
[INFO] 2025-03-27 15:51:21,983 | AERGO-USDT: Updated 0/0 rows in 0.65s
[ERROR] 2025-03-27 15:51:21,993 | Error processing AEVO-USDT: local variable 'enabled_features' referenced before assignment
Traceback (most recent call last):
  File "/root/OKXsignal/database/processing/compute_features.py", line 303, in process_pair
    log_skipped_features(pair, row_count, FEATURE_GROUP_REQUIREMENTS, enabled_features)
UnboundLocalError: local variable 'enabled_features' referenced before assignment
[ERROR] 2025-03-27 15:51:21,994 | Error processing AGLD-USDT: local variable 'enabled_features' referenced before assignment
Traceback (most recent call last):
  File "/root/OKXsignal/database/processing/compute_features.py", line 303, in process_pair
    log_skipped_features(pair, row_count, FEATURE_GROUP_REQUIREMENTS, enabled_features)
UnboundLocalError: local variable 'enabled_features' referenced before assignment
[INFO] 2025-03-27 15:51:21,994 | AEVO-USDT: Updated 0/0 rows in 0.06s
[ERROR] 2025-03-27 15:51:21,994 | Error processing AIDOGE-USDT: local variable 'enabled_features' referenced before assignment
Traceback (most recent call last):
  File "/root/OKXsignal/database/processing/compute_features.py", line 303, in process_pair
    log_skipped_features(pair, row_count, FEATURE_GROUP_REQUIREMENTS, enabled_features)
UnboundLocalError: local variable 'enabled_features' referenced before assignment
[INFO] 2025-03-27 15:51:21,994 | AGLD-USDT: Updated 0/0 rows in 0.02s
[INFO] 2025-03-27 15:51:21,994 | AIDOGE-USDT: Updated 0/0 rows in 0.02s
[INFO] 2025-03-27 15:51:22,188 | GPU is available: Device #0, Free: 10.98 GB / 12.00 GB
[ERROR] 2025-03-27 15:51:22,255 | Error processing AIXBT-USDT: local variable 'enabled_features' referenced before assignment
Traceback (most recent call last):
  File "/root/OKXsignal/database/processing/compute_features.py", line 303, in process_pair
    log_skipped_features(pair, row_count, FEATURE_GROUP_REQUIREMENTS, enabled_features)
UnboundLocalError: local variable 'enabled_features' referenced before assignment
[INFO] 2025-03-27 15:51:22,255 | AIXBT-USDT: Updated 0/0 rows in 0.28s
[INFO] 2025-03-27 15:51:22,397 | Processing batch 2/26 with 12 pairs
[INFO] 2025-03-27 15:51:22,397 | Computing features for ALCX-USDT
[INFO] 2025-03-27 15:51:22,397 | Computing features for ALGO-USDT
[INFO] 2025-03-27 15:51:22,398 | Computing features for ALPHA-USDT
[INFO] 2025-03-27 15:51:22,398 | Computing features for ANIME-USDT
[INFO] 2025-03-27 15:51:22,399 | Computing features for APE-USDT
[INFO] 2025-03-27 15:51:22,399 | GPU is available: Device #0, Free: 10.98 GB / 12.00 GB
[INFO] 2025-03-27 15:51:22,399 | Computing features for API3-USDT
[INFO] 2025-03-27 15:51:22,400 | Computing features for APT-USDT
[INFO] 2025-03-27 15:51:22,400 | Computing features for AR-USDT
[INFO] 2025-03-27 15:51:22,400 | GPU is available: Device #0, Free: 10.98 GB / 12.00 GB
[INFO] 2025-03-27 15:51:22,401 | GPU is available: Device #0, Free: 10.98 GB / 12.00 GB
[ERROR] 2025-03-27 15:51:22,415 | Error processing ALCX-USDT: local variable 'enabled_features' referenced before assignment
Traceback (most recent call last):
  File "/root/OKXsignal/database/processing/compute_features.py", line 303, in process_pair
    log_skipped_features(pair, row_count, FEATURE_GROUP_REQUIREMENTS, enabled_features)
UnboundLocalError: local variable 'enabled_features' referenced before assignment
[INFO] 2025-03-27 15:51:22,415 | ALCX-USDT: Updated 0/0 rows in 0.02s
[ERROR] 2025-03-27 15:51:22,415 | Error processing ALPHA-USDT: local variable 'enabled_features' referenced before assignment
Traceback (most recent call last):
  File "/root/OKXsignal/database/processing/compute_features.py", line 303, in process_pair
    log_skipped_features(pair, row_count, FEATURE_GROUP_REQUIREMENTS, enabled_features)
UnboundLocalError: local variable 'enabled_features' referenced before assignment
[ERROR] 2025-03-27 15:51:22,415 | Error processing ALGO-USDT: local variable 'enabled_features' referenced before assignment
Traceback (most recent call last):
  File "/root/OKXsignal/database/processing/compute_features.py", line 303, in process_pair
    log_skipped_features(pair, row_count, FEATURE_GROUP_REQUIREMENTS, enabled_features)
UnboundLocalError: local variable 'enabled_features' referenced before assignment
[INFO] 2025-03-27 15:51:22,415 | ALPHA-USDT: Updated 0/0 rows in 0.02s
[INFO] 2025-03-27 15:51:22,416 | ALGO-USDT: Updated 0/0 rows in 0.02s
[INFO] 2025-03-27 15:51:22,460 | GPU is available: Device #0, Free: 10.98 GB / 12.00 GB
[ERROR] 2025-03-27 15:51:22,475 | Error processing ANIME-USDT: local variable 'enabled_features' referenced before assignment
Traceback (most recent call last):
  File "/root/OKXsignal/database/processing/compute_features.py", line 303, in process_pair
    log_skipped_features(pair, row_count, FEATURE_GROUP_REQUIREMENTS, enabled_features)
UnboundLocalError: local variable 'enabled_features' referenced before assignment
[INFO] 2025-03-27 15:51:22,475 | ANIME-USDT: Updated 0/0 rows in 0.08s
[INFO] 2025-03-27 15:51:22,520 | GPU is available: Device #0, Free: 10.98 GB / 12.00 GB
[ERROR] 2025-03-27 15:51:22,536 | Error processing APE-USDT: local variable 'enabled_features' referenced before assignment
Traceback (most recent call last):
  File "/root/OKXsignal/database/processing/compute_features.py", line 303, in process_pair
    log_skipped_features(pair, row_count, FEATURE_GROUP_REQUIREMENTS, enabled_features)
UnboundLocalError: local variable 'enabled_features' referenced before assignment
[INFO] 2025-03-27 15:51:22,536 | APE-USDT: Updated 0/0 rows in 0.14s
[INFO] 2025-03-27 15:51:22,580 | GPU is available: Device #0, Free: 10.98 GB / 12.00 GB
[ERROR] 2025-03-27 15:51:22,595 | Error processing API3-USDT: local variable 'enabled_features' referenced before assignment
Traceback (most recent call last):
  File "/root/OKXsignal/database/processing/compute_features.py", line 303, in process_pair
    log_skipped_features(pair, row_count, FEATURE_GROUP_REQUIREMENTS, enabled_features)
UnboundLocalError: local variable 'enabled_features' referenced before assignment
[INFO] 2025-03-27 15:51:22,596 | API3-USDT: Updated 0/0 rows in 0.20s
[INFO] 2025-03-27 15:51:22,642 | GPU is available: Device #0, Free: 10.98 GB / 12.00 GB
[ERROR] 2025-03-27 15:51:22,660 | Error processing APT-USDT: local variable 'enabled_features' referenced before assignment
Traceback (most recent call last):
  File "/root/OKXsignal/database/processing/compute_features.py", line 303, in process_pair
    log_skipped_features(pair, row_count, FEATURE_GROUP_REQUIREMENTS, enabled_features)
UnboundLocalError: local variable 'enabled_features' referenced before assignment
[INFO] 2025-03-27 15:51:22,660 | APT-USDT: Updated 0/0 rows in 0.26s
[INFO] 2025-03-27 15:51:22,863 | GPU is available: Device #0, Free: 10.98 GB / 12.00 GB
[INFO] 2025-03-27 15:51:23,070 | Computing features for ARB-USDT
[INFO] 2025-03-27 15:51:23,071 | Computing features for ARG-USDT
[INFO] 2025-03-27 15:51:23,071 | Computing features for ARKM-USDT
[INFO] 2025-03-27 15:51:23,071 | Computing features for ARTY-USDT
[INFO] 2025-03-27 15:51:23,072 | GPU is available: Device #0, Free: 10.98 GB / 12.00 GB
[INFO] 2025-03-27 15:51:23,073 | GPU is available: Device #0, Free: 10.98 GB / 12.00 GB
[INFO] 2025-03-27 15:51:23,073 | GPU is available: Device #0, Free: 10.98 GB / 12.00 GB
[ERROR] 2025-03-27 15:51:23,078 | Error processing AR-USDT: local variable 'enabled_features' referenced before assignment
Traceback (most recent call last):
  File "/root/OKXsignal/database/processing/compute_features.py", line 303, in process_pair
    log_skipped_features(pair, row_count, FEATURE_GROUP_REQUIREMENTS, enabled_features)
UnboundLocalError: local variable 'enabled_features' referenced before assignment
[INFO] 2025-03-27 15:51:23,078 | AR-USDT: Updated 0/0 rows in 0.68s
[ERROR] 2025-03-27 15:51:23,090 | Error processing ARG-USDT: local variable 'enabled_features' referenced before assignment
Traceback (most recent call last):
  File "/root/OKXsignal/database/processing/compute_features.py", line 303, in process_pair
    log_skipped_features(pair, row_count, FEATURE_GROUP_REQUIREMENTS, enabled_features)
UnboundLocalError: local variable 'enabled_features' referenced before assignment
[ERROR] 2025-03-27 15:51:23,090 | Error processing ARB-USDT: local variable 'enabled_features' referenced before assignment
Traceback (most recent call last):
  File "/root/OKXsignal/database/processing/compute_features.py", line 303, in process_pair
    log_skipped_features(pair, row_count, FEATURE_GROUP_REQUIREMENTS, enabled_features)
UnboundLocalError: local variable 'enabled_features' referenced before assignment
[INFO] 2025-03-27 15:51:23,091 | ARG-USDT: Updated 0/0 rows in 0.02s
[ERROR] 2025-03-27 15:51:23,091 | Error processing ARKM-USDT: local variable 'enabled_features' referenced before assignment
Traceback (most recent call last):
  File "/root/OKXsignal/database/processing/compute_features.py", line 303, in process_pair
    log_skipped_features(pair, row_count, FEATURE_GROUP_REQUIREMENTS, enabled_features)
UnboundLocalError: local variable 'enabled_features' referenced before assignment
[INFO] 2025-03-27 15:51:23,091 | ARB-USDT: Updated 0/0 rows in 0.02s
[INFO] 2025-03-27 15:51:23,091 | ARKM-USDT: Updated 0/0 rows in 0.02s
[INFO] 2025-03-27 15:51:23,277 | GPU is available: Device #0, Free: 10.98 GB / 12.00 GB
[ERROR] 2025-03-27 15:51:23,348 | Error processing ARTY-USDT: local variable 'enabled_features' referenced before assignment
Traceback (most recent call last):
  File "/root/OKXsignal/database/processing/compute_features.py", line 303, in process_pair
    log_skipped_features(pair, row_count, FEATURE_GROUP_REQUIREMENTS, enabled_features)
UnboundLocalError: local variable 'enabled_features' referenced before assignment
[INFO] 2025-03-27 15:51:23,348 | ARTY-USDT: Updated 0/0 rows in 0.28s
[INFO] 2025-03-27 15:51:23,439 | Processing batch 3/26 with 12 pairs
[INFO] 2025-03-27 15:51:23,439 | Computing features for ASTR-USDT
[INFO] 2025-03-27 15:51:23,439 | Computing features for ATH-USDT
[INFO] 2025-03-27 15:51:23,440 | Computing features for ATOM-USDT
[INFO] 2025-03-27 15:51:23,441 | GPU is available: Device #0, Free: 10.98 GB / 12.00 GB
[INFO] 2025-03-27 15:51:23,441 | Computing features for AUCTION-USDT
[INFO] 2025-03-27 15:51:23,441 | GPU is available: Device #0, Free: 10.98 GB / 12.00 GB
[INFO] 2025-03-27 15:51:23,441 | Computing features for AVAX-USDT
[INFO] 2025-03-27 15:51:23,442 | Computing features for AXS-USDT
[INFO] 2025-03-27 15:51:23,442 | GPU is available: Device #0, Free: 10.98 GB / 12.00 GB
[INFO] 2025-03-27 15:51:23,442 | Computing features for BABYDOGE-USDT
[INFO] 2025-03-27 15:51:23,443 | Computing features for BADGER-USDT
[ERROR] 2025-03-27 15:51:23,457 | Error processing ATH-USDT: local variable 'enabled_features' referenced before assignment
Traceback (most recent call last):
  File "/root/OKXsignal/database/processing/compute_features.py", line 303, in process_pair
    log_skipped_features(pair, row_count, FEATURE_GROUP_REQUIREMENTS, enabled_features)
UnboundLocalError: local variable 'enabled_features' referenced before assignment
[ERROR] 2025-03-27 15:51:23,457 | Error processing ATOM-USDT: local variable 'enabled_features' referenced before assignment
Traceback (most recent call last):
  File "/root/OKXsignal/database/processing/compute_features.py", line 303, in process_pair
    log_skipped_features(pair, row_count, FEATURE_GROUP_REQUIREMENTS, enabled_features)
UnboundLocalError: local variable 'enabled_features' referenced before assignment
[INFO] 2025-03-27 15:51:23,457 | ATH-USDT: Updated 0/0 rows in 0.02s
[ERROR] 2025-03-27 15:51:23,457 | Error processing ASTR-USDT: local variable 'enabled_features' referenced before assignment
Traceback (most recent call last):
  File "/root/OKXsignal/database/processing/compute_features.py", line 303, in process_pair
    log_skipped_features(pair, row_count, FEATURE_GROUP_REQUIREMENTS, enabled_features)
UnboundLocalError: local variable 'enabled_features' referenced before assignment
[INFO] 2025-03-27 15:51:23,457 | ATOM-USDT: Updated 0/0 rows in 0.02s
[INFO] 2025-03-27 15:51:23,458 | ASTR-USDT: Updated 0/0 rows in 0.02s
[INFO] 2025-03-27 15:51:23,502 | GPU is available: Device #0, Free: 10.98 GB / 12.00 GB
[ERROR] 2025-03-27 15:51:23,518 | Error processing AUCTION-USDT: local variable 'enabled_features' referenced before assignment
Traceback (most recent call last):
  File "/root/OKXsignal/database/processing/compute_features.py", line 303, in process_pair
    log_skipped_features(pair, row_count, FEATURE_GROUP_REQUIREMENTS, enabled_features)
UnboundLocalError: local variable 'enabled_features' referenced before assignment
[INFO] 2025-03-27 15:51:23,519 | AUCTION-USDT: Updated 0/0 rows in 0.08s
[INFO] 2025-03-27 15:51:23,562 | GPU is available: Device #0, Free: 10.98 GB / 12.00 GB
[ERROR] 2025-03-27 15:51:23,577 | Error processing AVAX-USDT: local variable 'enabled_features' referenced before assignment
Traceback (most recent call last):
  File "/root/OKXsignal/database/processing/compute_features.py", line 303, in process_pair
    log_skipped_features(pair, row_count, FEATURE_GROUP_REQUIREMENTS, enabled_features)
UnboundLocalError: local variable 'enabled_features' referenced before assignment
[INFO] 2025-03-27 15:51:23,577 | AVAX-USDT: Updated 0/0 rows in 0.14s
[INFO] 2025-03-27 15:51:23,625 | GPU is available: Device #0, Free: 10.98 GB / 12.00 GB
[ERROR] 2025-03-27 15:51:23,643 | Error processing AXS-USDT: local variable 'enabled_features' referenced before assignment
Traceback (most recent call last):
  File "/root/OKXsignal/database/processing/compute_features.py", line 303, in process_pair
    log_skipped_features(pair, row_count, FEATURE_GROUP_REQUIREMENTS, enabled_features)
UnboundLocalError: local variable 'enabled_features' referenced before assignment
[INFO] 2025-03-27 15:51:23,643 | AXS-USDT: Updated 0/0 rows in 0.20s
[INFO] 2025-03-27 15:51:23,689 | GPU is available: Device #0, Free: 10.98 GB / 12.00 GB
[ERROR] 2025-03-27 15:51:23,705 | Error processing BABYDOGE-USDT: local variable 'enabled_features' referenced before assignment
Traceback (most recent call last):
  File "/root/OKXsignal/database/processing/compute_features.py", line 303, in process_pair
    log_skipped_features(pair, row_count, FEATURE_GROUP_REQUIREMENTS, enabled_features)
UnboundLocalError: local variable 'enabled_features' referenced before assignment
[INFO] 2025-03-27 15:51:23,706 | BABYDOGE-USDT: Updated 0/0 rows in 0.26s
[INFO] 2025-03-27 15:51:24,001 | GPU is available: Device #0, Free: 10.98 GB / 12.00 GB
[INFO] 2025-03-27 15:51:24,001 | Progress: 25/303 pairs processed (3.90 pairs/sec, ~71s remaining)
[INFO] 2025-03-27 15:51:24,098 | Computing features for BAL-USDT
[INFO] 2025-03-27 15:51:24,099 | Computing features for BANANA-USDT
[INFO] 2025-03-27 15:51:24,099 | Computing features for BAND-USDT
[INFO] 2025-03-27 15:51:24,099 | Computing features for BAT-USDT
[INFO] 2025-03-27 15:51:24,100 | GPU is available: Device #0, Free: 10.98 GB / 12.00 GB
[INFO] 2025-03-27 15:51:24,100 | GPU is available: Device #0, Free: 10.98 GB / 12.00 GB
[INFO] 2025-03-27 15:51:24,101 | GPU is available: Device #0, Free: 10.98 GB / 12.00 GB
[ERROR] 2025-03-27 15:51:24,108 | Error processing BADGER-USDT: local variable 'enabled_features' referenced before assignment
Traceback (most recent call last):
  File "/root/OKXsignal/database/processing/compute_features.py", line 303, in process_pair
    log_skipped_features(pair, row_count, FEATURE_GROUP_REQUIREMENTS, enabled_features)
UnboundLocalError: local variable 'enabled_features' referenced before assignment
[INFO] 2025-03-27 15:51:24,108 | BADGER-USDT: Updated 0/0 rows in 0.67s
[ERROR] 2025-03-27 15:51:24,120 | Error processing BAND-USDT: local variable 'enabled_features' referenced before assignment
Traceback (most recent call last):
  File "/root/OKXsignal/database/processing/compute_features.py", line 303, in process_pair
    log_skipped_features(pair, row_count, FEATURE_GROUP_REQUIREMENTS, enabled_features)
UnboundLocalError: local variable 'enabled_features' referenced before assignment
[ERROR] 2025-03-27 15:51:24,120 | Error processing BAL-USDT: local variable 'enabled_features' referenced before assignment
Traceback (most recent call last):
  File "/root/OKXsignal/database/processing/compute_features.py", line 303, in process_pair
    log_skipped_features(pair, row_count, FEATURE_GROUP_REQUIREMENTS, enabled_features)
UnboundLocalError: local variable 'enabled_features' referenced before assignment
[INFO] 2025-03-27 15:51:24,120 | BAND-USDT: Updated 0/0 rows in 0.02s
[INFO] 2025-03-27 15:51:24,121 | BAL-USDT: Updated 0/0 rows in 0.02s
[ERROR] 2025-03-27 15:51:24,121 | Error processing BANANA-USDT: local variable 'enabled_features' referenced before assignment
Traceback (most recent call last):
  File "/root/OKXsignal/database/processing/compute_features.py", line 303, in process_pair
    log_skipped_features(pair, row_count, FEATURE_GROUP_REQUIREMENTS, enabled_features)
UnboundLocalError: local variable 'enabled_features' referenced before assignment
[INFO] 2025-03-27 15:51:24,121 | BANANA-USDT: Updated 0/0 rows in 0.02s
[INFO] 2025-03-27 15:51:24,303 | GPU is available: Device #0, Free: 10.98 GB / 12.00 GB
[ERROR] 2025-03-27 15:51:24,382 | Error processing BAT-USDT: local variable 'enabled_features' referenced before assignment
Traceback (most recent call last):
  File "/root/OKXsignal/database/processing/compute_features.py", line 303, in process_pair
    log_skipped_features(pair, row_count, FEATURE_GROUP_REQUIREMENTS, enabled_features)
UnboundLocalError: local variable 'enabled_features' referenced before assignment
[INFO] 2025-03-27 15:51:24,382 | BAT-USDT: Updated 0/0 rows in 0.28s
[INFO] 2025-03-27 15:51:24,493 | Processing batch 4/26 with 12 pairs
[INFO] 2025-03-27 15:51:24,494 | Computing features for BCH-USDT
[INFO] 2025-03-27 15:51:24,494 | Computing features for BERA-USDT
[INFO] 2025-03-27 15:51:24,494 | Computing features for BICO-USDT
[INFO] 2025-03-27 15:51:24,495 | GPU is available: Device #0, Free: 10.98 GB / 12.00 GB
[INFO] 2025-03-27 15:51:24,495 | Computing features for BIGTIME-USDT
[INFO] 2025-03-27 15:51:24,495 | GPU is available: Device #0, Free: 10.98 GB / 12.00 GB
[INFO] 2025-03-27 15:51:24,496 | Computing features for BIO-USDT
[INFO] 2025-03-27 15:51:24,496 | Computing features for BLUR-USDT
[INFO] 2025-03-27 15:51:24,496 | GPU is available: Device #0, Free: 10.98 GB / 12.00 GB
[INFO] 2025-03-27 15:51:24,496 | Computing features for BNB-USDT
[INFO] 2025-03-27 15:51:24,497 | Computing features for BNT-USDT
[ERROR] 2025-03-27 15:51:24,512 | Error processing BCH-USDT: local variable 'enabled_features' referenced before assignment
Traceback (most recent call last):
  File "/root/OKXsignal/database/processing/compute_features.py", line 303, in process_pair
    log_skipped_features(pair, row_count, FEATURE_GROUP_REQUIREMENTS, enabled_features)
UnboundLocalError: local variable 'enabled_features' referenced before assignment
[INFO] 2025-03-27 15:51:24,512 | BCH-USDT: Updated 0/0 rows in 0.02s
[ERROR] 2025-03-27 15:51:24,513 | Error processing BERA-USDT: local variable 'enabled_features' referenced before assignment
Traceback (most recent call last):
  File "/root/OKXsignal/database/processing/compute_features.py", line 303, in process_pair
    log_skipped_features(pair, row_count, FEATURE_GROUP_REQUIREMENTS, enabled_features)
UnboundLocalError: local variable 'enabled_features' referenced before assignment
[INFO] 2025-03-27 15:51:24,513 | BERA-USDT: Updated 0/0 rows in 0.02s
[ERROR] 2025-03-27 15:51:24,513 | Error processing BICO-USDT: local variable 'enabled_features' referenced before assignment
Traceback (most recent call last):
  File "/root/OKXsignal/database/processing/compute_features.py", line 303, in process_pair
    log_skipped_features(pair, row_count, FEATURE_GROUP_REQUIREMENTS, enabled_features)
UnboundLocalError: local variable 'enabled_features' referenced before assignment
[INFO] 2025-03-27 15:51:24,513 | BICO-USDT: Updated 0/0 rows in 0.02s
[INFO] 2025-03-27 15:51:24,559 | GPU is available: Device #0, Free: 10.98 GB / 12.00 GB
[ERROR] 2025-03-27 15:51:24,575 | Error processing BIGTIME-USDT: local variable 'enabled_features' referenced before assignment
Traceback (most recent call last):
  File "/root/OKXsignal/database/processing/compute_features.py", line 303, in process_pair
    log_skipped_features(pair, row_count, FEATURE_GROUP_REQUIREMENTS, enabled_features)
UnboundLocalError: local variable 'enabled_features' referenced before assignment
[INFO] 2025-03-27 15:51:24,575 | BIGTIME-USDT: Updated 0/0 rows in 0.08s
[INFO] 2025-03-27 15:51:24,621 | GPU is available: Device #0, Free: 10.98 GB / 12.00 GB
[ERROR] 2025-03-27 15:51:24,637 | Error processing BIO-USDT: local variable 'enabled_features' referenced before assignment
Traceback (most recent call last):
  File "/root/OKXsignal/database/processing/compute_features.py", line 303, in process_pair
    log_skipped_features(pair, row_count, FEATURE_GROUP_REQUIREMENTS, enabled_features)
UnboundLocalError: local variable 'enabled_features' referenced before assignment
[INFO] 2025-03-27 15:51:24,637 | BIO-USDT: Updated 0/0 rows in 0.14s
[INFO] 2025-03-27 15:51:24,681 | GPU is available: Device #0, Free: 10.98 GB / 12.00 GB
[ERROR] 2025-03-27 15:51:24,697 | Error processing BLUR-USDT: local variable 'enabled_features' referenced before assignment
Traceback (most recent call last):
  File "/root/OKXsignal/database/processing/compute_features.py", line 303, in process_pair
    log_skipped_features(pair, row_count, FEATURE_GROUP_REQUIREMENTS, enabled_features)
UnboundLocalError: local variable 'enabled_features' referenced before assignment
[INFO] 2025-03-27 15:51:24,697 | BLUR-USDT: Updated 0/0 rows in 0.20s
[INFO] 2025-03-27 15:51:25,524 | GPU is available: Device #0, Free: 10.98 GB / 12.00 GB
[ERROR] 2025-03-27 15:51:25,539 | Error processing BNB-USDT: local variable 'enabled_features' referenced before assignment
Traceback (most recent call last):
  File "/root/OKXsignal/database/processing/compute_features.py", line 303, in process_pair
    log_skipped_features(pair, row_count, FEATURE_GROUP_REQUIREMENTS, enabled_features)
UnboundLocalError: local variable 'enabled_features' referenced before assignment
[INFO] 2025-03-27 15:51:25,540 | BNB-USDT: Updated 0/0 rows in 1.04s
[INFO] 2025-03-27 15:51:25,730 | GPU is available: Device #0, Free: 10.98 GB / 12.00 GB
[INFO] 2025-03-27 15:51:25,824 | BNT-USDT: Updated 0/0 rows in 1.33s
[INFO] 2025-03-27 15:51:25,824 | Computing features for BONE-USDT
[INFO] 2025-03-27 15:51:25,824 | Computing features for BONK-USDT
[INFO] 2025-03-27 15:51:25,824 | Computing features for BORA-USDT
[INFO] 2025-03-27 15:51:25,825 | GPU is available: Device #0, Free: 10.98 GB / 12.00 GB
[ERROR] 2025-03-27 15:51:25,835 | Error processing BONE-USDT: local variable 'enabled_features' referenced before assignment
Traceback (most recent call last):
  File "/root/OKXsignal/database/processing/compute_features.py", line 303, in process_pair
    log_skipped_features(pair, row_count, FEATURE_GROUP_REQUIREMENTS, enabled_features)
UnboundLocalError: local variable 'enabled_features' referenced before assignment
[INFO] 2025-03-27 15:51:25,835 | BONE-USDT: Updated 0/0 rows in 0.01s
