[INFO] 2025-03-26 12:38:01,263 | Loaded credentials from /root/OKXsignal/config/credentials.env
[INFO] 2025-03-26 12:38:01,266 | Loaded config from /root/OKXsignal/config/config.ini
[INFO] 2025-03-26 12:38:01,632 | GPU acceleration is available
[INFO] 2025-03-26 12:38:01,632 | Creating database connection pool (hiding credentials)
[INFO] 2025-03-26 12:38:01,642 | Starting compute_features.py in ROLLING_UPDATE mode with rolling_window=128
[INFO] 2025-03-26 12:38:01,642 | Using 16 parallel workers
[INFO] 2025-03-26 12:38:01,642 | Numba: enabled, GPU: disabled
[INFO] 2025-03-26 12:38:01,713 | Database connection test successful
[INFO] 2025-03-26 12:38:02,468 | Found 303 pairs
[INFO] 2025-03-26 12:38:02,469 | Rolling update mode: computing last 128 rows per pair
[INFO] 2025-03-26 12:38:02,469 | Computing features for 1INCH-USDT
[INFO] 2025-03-26 12:38:02,470 | Computing features for AAVE-USDT
[INFO] 2025-03-26 12:38:02,471 | Computing features for ACA-USDT
[INFO] 2025-03-26 12:38:02,471 | Computing features for ACE-USDT
[INFO] 2025-03-26 12:38:02,471 | Computing features for ACH-USDT
[INFO] 2025-03-26 12:38:02,472 | Computing features for ACT-USDT
[INFO] 2025-03-26 12:38:02,472 | Computing features for ADA-USDT
[INFO] 2025-03-26 12:38:02,473 | Computing features for AERGO-USDT
[INFO] 2025-03-26 12:38:02,473 | Computing features for AEVO-USDT
[INFO] 2025-03-26 12:38:02,474 | Computing features for AGLD-USDT
[INFO] 2025-03-26 12:38:02,474 | Computing features for AIDOGE-USDT
[INFO] 2025-03-26 12:38:02,474 | Computing features for AIXBT-USDT
[INFO] 2025-03-26 12:38:02,475 | Computing features for ALCX-USDT
[INFO] 2025-03-26 12:38:02,475 | Computing features for ALGO-USDT
[INFO] 2025-03-26 12:38:02,476 | Computing features for ALPHA-USDT
[INFO] 2025-03-26 12:38:02,477 | Computing features for ANIME-USDT
[ERROR] 2025-03-26 12:38:16,165 | Batch update error for AAVE-USDT: 'ConfigManager' object has no attribute 'SMALLINT_COLUMNS'
Traceback (most recent call last):
  File "/root/OKXsignal/database/processing/compute_features.py", line 526, in process_pair
    safe_val = cast_for_sqlalchemy(col, raw_val, config_manager.SMALLINT_COLUMNS)
AttributeError: 'ConfigManager' object has no attribute 'SMALLINT_COLUMNS'
[ERROR] 2025-03-26 12:38:16,167 | Error processing AAVE-USDT: 'ConfigManager' object has no attribute 'SMALLINT_COLUMNS'
Traceback (most recent call last):
  File "/root/OKXsignal/database/processing/compute_features.py", line 526, in process_pair
    safe_val = cast_for_sqlalchemy(col, raw_val, config_manager.SMALLINT_COLUMNS)
AttributeError: 'ConfigManager' object has no attribute 'SMALLINT_COLUMNS'
[INFO] 2025-03-26 12:38:16,167 | AAVE-USDT: Updated 0/128 rows in 13.70s
[ERROR] 2025-03-26 12:38:16,167 | Thread error for pair AAVE-USDT: 'ConfigManager' object has no attribute 'SMALLINT_COLUMNS'
Traceback (most recent call last):
  File "/root/OKXsignal/database/processing/compute_features.py", line 690, in process_pair_thread
    process_pair(pair, db_manager, rolling_window, config_manager, args.debug, perf_monitor)
  File "/root/OKXsignal/database/processing/compute_features.py", line 526, in process_pair
    safe_val = cast_for_sqlalchemy(col, raw_val, config_manager.SMALLINT_COLUMNS)
AttributeError: 'ConfigManager' object has no attribute 'SMALLINT_COLUMNS'
[INFO] 2025-03-26 12:38:16,168 | Computing features for APE-USDT
[ERROR] 2025-03-26 12:38:16,547 | Batch update error for 1INCH-USDT: 'ConfigManager' object has no attribute 'SMALLINT_COLUMNS'
Traceback (most recent call last):
  File "/root/OKXsignal/database/processing/compute_features.py", line 526, in process_pair
    safe_val = cast_for_sqlalchemy(col, raw_val, config_manager.SMALLINT_COLUMNS)
AttributeError: 'ConfigManager' object has no attribute 'SMALLINT_COLUMNS'
[ERROR] 2025-03-26 12:38:16,562 | Error processing 1INCH-USDT: 'ConfigManager' object has no attribute 'SMALLINT_COLUMNS'
Traceback (most recent call last):
  File "/root/OKXsignal/database/processing/compute_features.py", line 526, in process_pair
    safe_val = cast_for_sqlalchemy(col, raw_val, config_manager.SMALLINT_COLUMNS)
AttributeError: 'ConfigManager' object has no attribute 'SMALLINT_COLUMNS'
[INFO] 2025-03-26 12:38:16,577 | 1INCH-USDT: Updated 0/128 rows in 14.11s
[ERROR] 2025-03-26 12:38:16,581 | Thread error for pair 1INCH-USDT: 'ConfigManager' object has no attribute 'SMALLINT_COLUMNS'
Traceback (most recent call last):
  File "/root/OKXsignal/database/processing/compute_features.py", line 690, in process_pair_thread
    process_pair(pair, db_manager, rolling_window, config_manager, args.debug, perf_monitor)
  File "/root/OKXsignal/database/processing/compute_features.py", line 526, in process_pair
    safe_val = cast_for_sqlalchemy(col, raw_val, config_manager.SMALLINT_COLUMNS)
AttributeError: 'ConfigManager' object has no attribute 'SMALLINT_COLUMNS'
[INFO] 2025-03-26 12:38:16,582 | Computing features for API3-USDT
[ERROR] 2025-03-26 12:38:17,605 | Batch update error for ANIME-USDT: 'ConfigManager' object has no attribute 'SMALLINT_COLUMNS'
Traceback (most recent call last):
  File "/root/OKXsignal/database/processing/compute_features.py", line 526, in process_pair
    safe_val = cast_for_sqlalchemy(col, raw_val, config_manager.SMALLINT_COLUMNS)
AttributeError: 'ConfigManager' object has no attribute 'SMALLINT_COLUMNS'
[ERROR] 2025-03-26 12:38:17,610 | Error processing ANIME-USDT: 'ConfigManager' object has no attribute 'SMALLINT_COLUMNS'
Traceback (most recent call last):
  File "/root/OKXsignal/database/processing/compute_features.py", line 526, in process_pair
    safe_val = cast_for_sqlalchemy(col, raw_val, config_manager.SMALLINT_COLUMNS)
AttributeError: 'ConfigManager' object has no attribute 'SMALLINT_COLUMNS'
[INFO] 2025-03-26 12:38:17,620 | ANIME-USDT: Updated 0/128 rows in 15.14s
[ERROR] 2025-03-26 12:38:17,629 | Thread error for pair ANIME-USDT: 'ConfigManager' object has no attribute 'SMALLINT_COLUMNS'
Traceback (most recent call last):
  File "/root/OKXsignal/database/processing/compute_features.py", line 690, in process_pair_thread
    process_pair(pair, db_manager, rolling_window, config_manager, args.debug, perf_monitor)
  File "/root/OKXsignal/database/processing/compute_features.py", line 526, in process_pair
    safe_val = cast_for_sqlalchemy(col, raw_val, config_manager.SMALLINT_COLUMNS)
AttributeError: 'ConfigManager' object has no attribute 'SMALLINT_COLUMNS'
[INFO] 2025-03-26 12:38:17,634 | Computing features for APT-USDT
[ERROR] 2025-03-26 12:38:19,794 | Batch update error for ALCX-USDT: 'ConfigManager' object has no attribute 'SMALLINT_COLUMNS'
Traceback (most recent call last):
  File "/root/OKXsignal/database/processing/compute_features.py", line 526, in process_pair
    safe_val = cast_for_sqlalchemy(col, raw_val, config_manager.SMALLINT_COLUMNS)
AttributeError: 'ConfigManager' object has no attribute 'SMALLINT_COLUMNS'
[ERROR] 2025-03-26 12:38:19,801 | Error processing ALCX-USDT: 'ConfigManager' object has no attribute 'SMALLINT_COLUMNS'
Traceback (most recent call last):
  File "/root/OKXsignal/database/processing/compute_features.py", line 526, in process_pair
    safe_val = cast_for_sqlalchemy(col, raw_val, config_manager.SMALLINT_COLUMNS)
AttributeError: 'ConfigManager' object has no attribute 'SMALLINT_COLUMNS'
[INFO] 2025-03-26 12:38:19,802 | ALCX-USDT: Updated 0/128 rows in 17.33s
[ERROR] 2025-03-26 12:38:19,809 | Thread error for pair ALCX-USDT: 'ConfigManager' object has no attribute 'SMALLINT_COLUMNS'
Traceback (most recent call last):
  File "/root/OKXsignal/database/processing/compute_features.py", line 690, in process_pair_thread
    process_pair(pair, db_manager, rolling_window, config_manager, args.debug, perf_monitor)
  File "/root/OKXsignal/database/processing/compute_features.py", line 526, in process_pair
    safe_val = cast_for_sqlalchemy(col, raw_val, config_manager.SMALLINT_COLUMNS)
AttributeError: 'ConfigManager' object has no attribute 'SMALLINT_COLUMNS'
[INFO] 2025-03-26 12:38:19,812 | Computing features for AR-USDT
[ERROR] 2025-03-26 12:38:19,894 | Batch update error for AERGO-USDT: 'ConfigManager' object has no attribute 'SMALLINT_COLUMNS'
Traceback (most recent call last):
  File "/root/OKXsignal/database/processing/compute_features.py", line 526, in process_pair
    safe_val = cast_for_sqlalchemy(col, raw_val, config_manager.SMALLINT_COLUMNS)
AttributeError: 'ConfigManager' object has no attribute 'SMALLINT_COLUMNS'
[ERROR] 2025-03-26 12:38:19,897 | Error processing AERGO-USDT: 'ConfigManager' object has no attribute 'SMALLINT_COLUMNS'
Traceback (most recent call last):
  File "/root/OKXsignal/database/processing/compute_features.py", line 526, in process_pair
    safe_val = cast_for_sqlalchemy(col, raw_val, config_manager.SMALLINT_COLUMNS)
AttributeError: 'ConfigManager' object has no attribute 'SMALLINT_COLUMNS'
[INFO] 2025-03-26 12:38:19,899 | AERGO-USDT: Updated 0/128 rows in 17.43s
[ERROR] 2025-03-26 12:38:19,901 | Thread error for pair AERGO-USDT: 'ConfigManager' object has no attribute 'SMALLINT_COLUMNS'
Traceback (most recent call last):
  File "/root/OKXsignal/database/processing/compute_features.py", line 690, in process_pair_thread
    process_pair(pair, db_manager, rolling_window, config_manager, args.debug, perf_monitor)
  File "/root/OKXsignal/database/processing/compute_features.py", line 526, in process_pair
    safe_val = cast_for_sqlalchemy(col, raw_val, config_manager.SMALLINT_COLUMNS)
AttributeError: 'ConfigManager' object has no attribute 'SMALLINT_COLUMNS'
[INFO] 2025-03-26 12:38:19,905 | Computing features for ARB-USDT
[ERROR] 2025-03-26 12:38:20,960 | Batch update error for ACE-USDT: 'ConfigManager' object has no attribute 'SMALLINT_COLUMNS'
Traceback (most recent call last):
  File "/root/OKXsignal/database/processing/compute_features.py", line 526, in process_pair
    safe_val = cast_for_sqlalchemy(col, raw_val, config_manager.SMALLINT_COLUMNS)
AttributeError: 'ConfigManager' object has no attribute 'SMALLINT_COLUMNS'
[ERROR] 2025-03-26 12:38:20,963 | Error processing ACE-USDT: 'ConfigManager' object has no attribute 'SMALLINT_COLUMNS'
Traceback (most recent call last):
  File "/root/OKXsignal/database/processing/compute_features.py", line 526, in process_pair
    safe_val = cast_for_sqlalchemy(col, raw_val, config_manager.SMALLINT_COLUMNS)
AttributeError: 'ConfigManager' object has no attribute 'SMALLINT_COLUMNS'
[INFO] 2025-03-26 12:38:20,968 | ACE-USDT: Updated 0/128 rows in 18.50s
[ERROR] 2025-03-26 12:38:20,972 | Thread error for pair ACE-USDT: 'ConfigManager' object has no attribute 'SMALLINT_COLUMNS'
Traceback (most recent call last):
  File "/root/OKXsignal/database/processing/compute_features.py", line 690, in process_pair_thread
    process_pair(pair, db_manager, rolling_window, config_manager, args.debug, perf_monitor)
  File "/root/OKXsignal/database/processing/compute_features.py", line 526, in process_pair
    safe_val = cast_for_sqlalchemy(col, raw_val, config_manager.SMALLINT_COLUMNS)
AttributeError: 'ConfigManager' object has no attribute 'SMALLINT_COLUMNS'
[INFO] 2025-03-26 12:38:20,990 | Computing features for ARG-USDT
[ERROR] 2025-03-26 12:38:21,214 | Batch update error for AEVO-USDT: 'ConfigManager' object has no attribute 'SMALLINT_COLUMNS'
Traceback (most recent call last):
  File "/root/OKXsignal/database/processing/compute_features.py", line 526, in process_pair
    safe_val = cast_for_sqlalchemy(col, raw_val, config_manager.SMALLINT_COLUMNS)
AttributeError: 'ConfigManager' object has no attribute 'SMALLINT_COLUMNS'
[ERROR] 2025-03-26 12:38:21,219 | Error processing AEVO-USDT: 'ConfigManager' object has no attribute 'SMALLINT_COLUMNS'
Traceback (most recent call last):
  File "/root/OKXsignal/database/processing/compute_features.py", line 526, in process_pair
    safe_val = cast_for_sqlalchemy(col, raw_val, config_manager.SMALLINT_COLUMNS)
AttributeError: 'ConfigManager' object has no attribute 'SMALLINT_COLUMNS'
[INFO] 2025-03-26 12:38:21,223 | AEVO-USDT: Updated 0/128 rows in 18.75s
[ERROR] 2025-03-26 12:38:21,228 | Thread error for pair AEVO-USDT: 'ConfigManager' object has no attribute 'SMALLINT_COLUMNS'
Traceback (most recent call last):
  File "/root/OKXsignal/database/processing/compute_features.py", line 690, in process_pair_thread
    process_pair(pair, db_manager, rolling_window, config_manager, args.debug, perf_monitor)
  File "/root/OKXsignal/database/processing/compute_features.py", line 526, in process_pair
    safe_val = cast_for_sqlalchemy(col, raw_val, config_manager.SMALLINT_COLUMNS)
AttributeError: 'ConfigManager' object has no attribute 'SMALLINT_COLUMNS'
[INFO] 2025-03-26 12:38:21,254 | Computing features for ARKM-USDT
[ERROR] 2025-03-26 12:38:21,493 | Batch update error for ALGO-USDT: 'ConfigManager' object has no attribute 'SMALLINT_COLUMNS'
Traceback (most recent call last):
  File "/root/OKXsignal/database/processing/compute_features.py", line 526, in process_pair
    safe_val = cast_for_sqlalchemy(col, raw_val, config_manager.SMALLINT_COLUMNS)
AttributeError: 'ConfigManager' object has no attribute 'SMALLINT_COLUMNS'
[ERROR] 2025-03-26 12:38:21,503 | Error processing ALGO-USDT: 'ConfigManager' object has no attribute 'SMALLINT_COLUMNS'
Traceback (most recent call last):
  File "/root/OKXsignal/database/processing/compute_features.py", line 526, in process_pair
    safe_val = cast_for_sqlalchemy(col, raw_val, config_manager.SMALLINT_COLUMNS)
AttributeError: 'ConfigManager' object has no attribute 'SMALLINT_COLUMNS'
[INFO] 2025-03-26 12:38:21,503 | ALGO-USDT: Updated 0/128 rows in 19.03s
[ERROR] 2025-03-26 12:38:21,505 | Thread error for pair ALGO-USDT: 'ConfigManager' object has no attribute 'SMALLINT_COLUMNS'
Traceback (most recent call last):
  File "/root/OKXsignal/database/processing/compute_features.py", line 690, in process_pair_thread
    process_pair(pair, db_manager, rolling_window, config_manager, args.debug, perf_monitor)
  File "/root/OKXsignal/database/processing/compute_features.py", line 526, in process_pair
    safe_val = cast_for_sqlalchemy(col, raw_val, config_manager.SMALLINT_COLUMNS)
AttributeError: 'ConfigManager' object has no attribute 'SMALLINT_COLUMNS'
[INFO] 2025-03-26 12:38:21,509 | Computing features for ARTY-USDT
[ERROR] 2025-03-26 12:38:21,736 | Batch update error for ACT-USDT: 'ConfigManager' object has no attribute 'SMALLINT_COLUMNS'
Traceback (most recent call last):
  File "/root/OKXsignal/database/processing/compute_features.py", line 526, in process_pair
    safe_val = cast_for_sqlalchemy(col, raw_val, config_manager.SMALLINT_COLUMNS)
AttributeError: 'ConfigManager' object has no attribute 'SMALLINT_COLUMNS'
[ERROR] 2025-03-26 12:38:21,742 | Error processing ACT-USDT: 'ConfigManager' object has no attribute 'SMALLINT_COLUMNS'
Traceback (most recent call last):
  File "/root/OKXsignal/database/processing/compute_features.py", line 526, in process_pair
    safe_val = cast_for_sqlalchemy(col, raw_val, config_manager.SMALLINT_COLUMNS)
AttributeError: 'ConfigManager' object has no attribute 'SMALLINT_COLUMNS'
[INFO] 2025-03-26 12:38:21,743 | ACT-USDT: Updated 0/128 rows in 19.27s
[ERROR] 2025-03-26 12:38:21,746 | Thread error for pair ACT-USDT: 'ConfigManager' object has no attribute 'SMALLINT_COLUMNS'
Traceback (most recent call last):
  File "/root/OKXsignal/database/processing/compute_features.py", line 690, in process_pair_thread
    process_pair(pair, db_manager, rolling_window, config_manager, args.debug, perf_monitor)
  File "/root/OKXsignal/database/processing/compute_features.py", line 526, in process_pair
    safe_val = cast_for_sqlalchemy(col, raw_val, config_manager.SMALLINT_COLUMNS)
AttributeError: 'ConfigManager' object has no attribute 'SMALLINT_COLUMNS'
[INFO] 2025-03-26 12:38:21,751 | Computing features for ASTR-USDT
[ERROR] 2025-03-26 12:38:21,751 | Batch update error for ACA-USDT: 'ConfigManager' object has no attribute 'SMALLINT_COLUMNS'
Traceback (most recent call last):
  File "/root/OKXsignal/database/processing/compute_features.py", line 526, in process_pair
    safe_val = cast_for_sqlalchemy(col, raw_val, config_manager.SMALLINT_COLUMNS)
AttributeError: 'ConfigManager' object has no attribute 'SMALLINT_COLUMNS'
[ERROR] 2025-03-26 12:38:21,757 | Batch update error for AIDOGE-USDT: 'ConfigManager' object has no attribute 'SMALLINT_COLUMNS'
Traceback (most recent call last):
  File "/root/OKXsignal/database/processing/compute_features.py", line 526, in process_pair
    safe_val = cast_for_sqlalchemy(col, raw_val, config_manager.SMALLINT_COLUMNS)
AttributeError: 'ConfigManager' object has no attribute 'SMALLINT_COLUMNS'
[ERROR] 2025-03-26 12:38:21,761 | Error processing ACA-USDT: 'ConfigManager' object has no attribute 'SMALLINT_COLUMNS'
Traceback (most recent call last):
  File "/root/OKXsignal/database/processing/compute_features.py", line 526, in process_pair
    safe_val = cast_for_sqlalchemy(col, raw_val, config_manager.SMALLINT_COLUMNS)
AttributeError: 'ConfigManager' object has no attribute 'SMALLINT_COLUMNS'
[ERROR] 2025-03-26 12:38:21,770 | Error processing AIDOGE-USDT: 'ConfigManager' object has no attribute 'SMALLINT_COLUMNS'
Traceback (most recent call last):
  File "/root/OKXsignal/database/processing/compute_features.py", line 526, in process_pair
    safe_val = cast_for_sqlalchemy(col, raw_val, config_manager.SMALLINT_COLUMNS)
AttributeError: 'ConfigManager' object has no attribute 'SMALLINT_COLUMNS'
[INFO] 2025-03-26 12:38:21,781 | ACA-USDT: Updated 0/128 rows in 19.31s
[INFO] 2025-03-26 12:38:21,784 | AIDOGE-USDT: Updated 0/128 rows in 19.31s
[ERROR] 2025-03-26 12:38:21,789 | Thread error for pair ACA-USDT: 'ConfigManager' object has no attribute 'SMALLINT_COLUMNS'
Traceback (most recent call last):
  File "/root/OKXsignal/database/processing/compute_features.py", line 690, in process_pair_thread
    process_pair(pair, db_manager, rolling_window, config_manager, args.debug, perf_monitor)
  File "/root/OKXsignal/database/processing/compute_features.py", line 526, in process_pair
    safe_val = cast_for_sqlalchemy(col, raw_val, config_manager.SMALLINT_COLUMNS)
AttributeError: 'ConfigManager' object has no attribute 'SMALLINT_COLUMNS'
[ERROR] 2025-03-26 12:38:21,860 | Thread error for pair AIDOGE-USDT: 'ConfigManager' object has no attribute 'SMALLINT_COLUMNS'
Traceback (most recent call last):
  File "/root/OKXsignal/database/processing/compute_features.py", line 690, in process_pair_thread
    process_pair(pair, db_manager, rolling_window, config_manager, args.debug, perf_monitor)
  File "/root/OKXsignal/database/processing/compute_features.py", line 526, in process_pair
    safe_val = cast_for_sqlalchemy(col, raw_val, config_manager.SMALLINT_COLUMNS)
AttributeError: 'ConfigManager' object has no attribute 'SMALLINT_COLUMNS'
[INFO] 2025-03-26 12:38:21,862 | Computing features for ATH-USDT
[INFO] 2025-03-26 12:38:21,886 | Computing features for ATOM-USDT
[ERROR] 2025-03-26 12:38:22,376 | Batch update error for ACH-USDT: 'ConfigManager' object has no attribute 'SMALLINT_COLUMNS'
Traceback (most recent call last):
  File "/root/OKXsignal/database/processing/compute_features.py", line 526, in process_pair
    safe_val = cast_for_sqlalchemy(col, raw_val, config_manager.SMALLINT_COLUMNS)
AttributeError: 'ConfigManager' object has no attribute 'SMALLINT_COLUMNS'
[ERROR] 2025-03-26 12:38:22,381 | Error processing ACH-USDT: 'ConfigManager' object has no attribute 'SMALLINT_COLUMNS'
Traceback (most recent call last):
  File "/root/OKXsignal/database/processing/compute_features.py", line 526, in process_pair
    safe_val = cast_for_sqlalchemy(col, raw_val, config_manager.SMALLINT_COLUMNS)
AttributeError: 'ConfigManager' object has no attribute 'SMALLINT_COLUMNS'
[INFO] 2025-03-26 12:38:22,382 | ACH-USDT: Updated 0/128 rows in 19.91s
[ERROR] 2025-03-26 12:38:22,388 | Thread error for pair ACH-USDT: 'ConfigManager' object has no attribute 'SMALLINT_COLUMNS'
Traceback (most recent call last):
  File "/root/OKXsignal/database/processing/compute_features.py", line 690, in process_pair_thread
    process_pair(pair, db_manager, rolling_window, config_manager, args.debug, perf_monitor)
  File "/root/OKXsignal/database/processing/compute_features.py", line 526, in process_pair
    safe_val = cast_for_sqlalchemy(col, raw_val, config_manager.SMALLINT_COLUMNS)
AttributeError: 'ConfigManager' object has no attribute 'SMALLINT_COLUMNS'
[INFO] 2025-03-26 12:38:22,391 | Computing features for AUCTION-USDT
[ERROR] 2025-03-26 12:38:23,839 | Batch update error for ALPHA-USDT: 'ConfigManager' object has no attribute 'SMALLINT_COLUMNS'
Traceback (most recent call last):
  File "/root/OKXsignal/database/processing/compute_features.py", line 526, in process_pair
    safe_val = cast_for_sqlalchemy(col, raw_val, config_manager.SMALLINT_COLUMNS)
AttributeError: 'ConfigManager' object has no attribute 'SMALLINT_COLUMNS'
[ERROR] 2025-03-26 12:38:23,843 | Error processing ALPHA-USDT: 'ConfigManager' object has no attribute 'SMALLINT_COLUMNS'
Traceback (most recent call last):
  File "/root/OKXsignal/database/processing/compute_features.py", line 526, in process_pair
    safe_val = cast_for_sqlalchemy(col, raw_val, config_manager.SMALLINT_COLUMNS)
AttributeError: 'ConfigManager' object has no attribute 'SMALLINT_COLUMNS'
[INFO] 2025-03-26 12:38:23,868 | ALPHA-USDT: Updated 0/128 rows in 21.39s
[ERROR] 2025-03-26 12:38:23,884 | Thread error for pair ALPHA-USDT: 'ConfigManager' object has no attribute 'SMALLINT_COLUMNS'
Traceback (most recent call last):
  File "/root/OKXsignal/database/processing/compute_features.py", line 690, in process_pair_thread
    process_pair(pair, db_manager, rolling_window, config_manager, args.debug, perf_monitor)
  File "/root/OKXsignal/database/processing/compute_features.py", line 526, in process_pair
    safe_val = cast_for_sqlalchemy(col, raw_val, config_manager.SMALLINT_COLUMNS)
AttributeError: 'ConfigManager' object has no attribute 'SMALLINT_COLUMNS'
[INFO] 2025-03-26 12:38:23,895 | Computing features for AVAX-USDT
[ERROR] 2025-03-26 12:38:24,016 | Batch update error for AGLD-USDT: 'ConfigManager' object has no attribute 'SMALLINT_COLUMNS'
Traceback (most recent call last):
  File "/root/OKXsignal/database/processing/compute_features.py", line 526, in process_pair
    safe_val = cast_for_sqlalchemy(col, raw_val, config_manager.SMALLINT_COLUMNS)
AttributeError: 'ConfigManager' object has no attribute 'SMALLINT_COLUMNS'
[ERROR] 2025-03-26 12:38:24,021 | Error processing AGLD-USDT: 'ConfigManager' object has no attribute 'SMALLINT_COLUMNS'
Traceback (most recent call last):
  File "/root/OKXsignal/database/processing/compute_features.py", line 526, in process_pair
    safe_val = cast_for_sqlalchemy(col, raw_val, config_manager.SMALLINT_COLUMNS)
AttributeError: 'ConfigManager' object has no attribute 'SMALLINT_COLUMNS'
[INFO] 2025-03-26 12:38:24,024 | AGLD-USDT: Updated 0/128 rows in 21.55s
[ERROR] 2025-03-26 12:38:24,025 | Thread error for pair AGLD-USDT: 'ConfigManager' object has no attribute 'SMALLINT_COLUMNS'
Traceback (most recent call last):
  File "/root/OKXsignal/database/processing/compute_features.py", line 690, in process_pair_thread
    process_pair(pair, db_manager, rolling_window, config_manager, args.debug, perf_monitor)
  File "/root/OKXsignal/database/processing/compute_features.py", line 526, in process_pair
    safe_val = cast_for_sqlalchemy(col, raw_val, config_manager.SMALLINT_COLUMNS)
AttributeError: 'ConfigManager' object has no attribute 'SMALLINT_COLUMNS'
[INFO] 2025-03-26 12:38:24,029 | Computing features for AXS-USDT
[ERROR] 2025-03-26 12:38:24,063 | Batch update error for AIXBT-USDT: 'ConfigManager' object has no attribute 'SMALLINT_COLUMNS'
Traceback (most recent call last):
  File "/root/OKXsignal/database/processing/compute_features.py", line 526, in process_pair
    safe_val = cast_for_sqlalchemy(col, raw_val, config_manager.SMALLINT_COLUMNS)
AttributeError: 'ConfigManager' object has no attribute 'SMALLINT_COLUMNS'
[ERROR] 2025-03-26 12:38:24,074 | Error processing AIXBT-USDT: 'ConfigManager' object has no attribute 'SMALLINT_COLUMNS'
Traceback (most recent call last):
  File "/root/OKXsignal/database/processing/compute_features.py", line 526, in process_pair
    safe_val = cast_for_sqlalchemy(col, raw_val, config_manager.SMALLINT_COLUMNS)
AttributeError: 'ConfigManager' object has no attribute 'SMALLINT_COLUMNS'
[INFO] 2025-03-26 12:38:24,099 | AIXBT-USDT: Updated 0/128 rows in 21.62s
[ERROR] 2025-03-26 12:38:24,101 | Thread error for pair AIXBT-USDT: 'ConfigManager' object has no attribute 'SMALLINT_COLUMNS'
Traceback (most recent call last):
  File "/root/OKXsignal/database/processing/compute_features.py", line 690, in process_pair_thread
    process_pair(pair, db_manager, rolling_window, config_manager, args.debug, perf_monitor)
  File "/root/OKXsignal/database/processing/compute_features.py", line 526, in process_pair
    safe_val = cast_for_sqlalchemy(col, raw_val, config_manager.SMALLINT_COLUMNS)
AttributeError: 'ConfigManager' object has no attribute 'SMALLINT_COLUMNS'
[INFO] 2025-03-26 12:38:24,103 | Computing features for BABYDOGE-USDT
[ERROR] 2025-03-26 12:38:24,270 | Batch update error for ADA-USDT: 'ConfigManager' object has no attribute 'SMALLINT_COLUMNS'
Traceback (most recent call last):
  File "/root/OKXsignal/database/processing/compute_features.py", line 526, in process_pair
    safe_val = cast_for_sqlalchemy(col, raw_val, config_manager.SMALLINT_COLUMNS)
AttributeError: 'ConfigManager' object has no attribute 'SMALLINT_COLUMNS'
[ERROR] 2025-03-26 12:38:24,278 | Error processing ADA-USDT: 'ConfigManager' object has no attribute 'SMALLINT_COLUMNS'
Traceback (most recent call last):
  File "/root/OKXsignal/database/processing/compute_features.py", line 526, in process_pair
    safe_val = cast_for_sqlalchemy(col, raw_val, config_manager.SMALLINT_COLUMNS)
AttributeError: 'ConfigManager' object has no attribute 'SMALLINT_COLUMNS'
[INFO] 2025-03-26 12:38:24,282 | ADA-USDT: Updated 0/128 rows in 21.81s
[ERROR] 2025-03-26 12:38:24,286 | Thread error for pair ADA-USDT: 'ConfigManager' object has no attribute 'SMALLINT_COLUMNS'
Traceback (most recent call last):
  File "/root/OKXsignal/database/processing/compute_features.py", line 690, in process_pair_thread
    process_pair(pair, db_manager, rolling_window, config_manager, args.debug, perf_monitor)
  File "/root/OKXsignal/database/processing/compute_features.py", line 526, in process_pair
    safe_val = cast_for_sqlalchemy(col, raw_val, config_manager.SMALLINT_COLUMNS)
AttributeError: 'ConfigManager' object has no attribute 'SMALLINT_COLUMNS'
[INFO] 2025-03-26 12:38:24,288 | Computing features for BADGER-USDT
[ERROR] 2025-03-26 12:38:32,730 | Batch update error for API3-USDT: 'ConfigManager' object has no attribute 'SMALLINT_COLUMNS'
Traceback (most recent call last):
  File "/root/OKXsignal/database/processing/compute_features.py", line 526, in process_pair
    safe_val = cast_for_sqlalchemy(col, raw_val, config_manager.SMALLINT_COLUMNS)
AttributeError: 'ConfigManager' object has no attribute 'SMALLINT_COLUMNS'
[ERROR] 2025-03-26 12:38:33,149 | Error processing API3-USDT: 'ConfigManager' object has no attribute 'SMALLINT_COLUMNS'
Traceback (most recent call last):
  File "/root/OKXsignal/database/processing/compute_features.py", line 526, in process_pair
    safe_val = cast_for_sqlalchemy(col, raw_val, config_manager.SMALLINT_COLUMNS)
AttributeError: 'ConfigManager' object has no attribute 'SMALLINT_COLUMNS'
[INFO] 2025-03-26 12:38:33,152 | API3-USDT: Updated 0/128 rows in 16.57s
[ERROR] 2025-03-26 12:38:33,159 | Thread error for pair API3-USDT: 'ConfigManager' object has no attribute 'SMALLINT_COLUMNS'
Traceback (most recent call last):
  File "/root/OKXsignal/database/processing/compute_features.py", line 690, in process_pair_thread
    process_pair(pair, db_manager, rolling_window, config_manager, args.debug, perf_monitor)
  File "/root/OKXsignal/database/processing/compute_features.py", line 526, in process_pair
    safe_val = cast_for_sqlalchemy(col, raw_val, config_manager.SMALLINT_COLUMNS)
AttributeError: 'ConfigManager' object has no attribute 'SMALLINT_COLUMNS'
[ERROR] 2025-03-26 12:38:33,173 | Batch update error for APE-USDT: 'ConfigManager' object has no attribute 'SMALLINT_COLUMNS'
Traceback (most recent call last):
  File "/root/OKXsignal/database/processing/compute_features.py", line 526, in process_pair
    safe_val = cast_for_sqlalchemy(col, raw_val, config_manager.SMALLINT_COLUMNS)
AttributeError: 'ConfigManager' object has no attribute 'SMALLINT_COLUMNS'
[INFO] 2025-03-26 12:38:33,205 | Computing features for BAL-USDT
[ERROR] 2025-03-26 12:38:33,364 | Error processing APE-USDT: 'ConfigManager' object has no attribute 'SMALLINT_COLUMNS'
Traceback (most recent call last):
  File "/root/OKXsignal/database/processing/compute_features.py", line 526, in process_pair
    safe_val = cast_for_sqlalchemy(col, raw_val, config_manager.SMALLINT_COLUMNS)
AttributeError: 'ConfigManager' object has no attribute 'SMALLINT_COLUMNS'
[INFO] 2025-03-26 12:38:33,364 | APE-USDT: Updated 0/128 rows in 17.20s
[ERROR] 2025-03-26 12:38:33,366 | Thread error for pair APE-USDT: 'ConfigManager' object has no attribute 'SMALLINT_COLUMNS'
Traceback (most recent call last):
  File "/root/OKXsignal/database/processing/compute_features.py", line 690, in process_pair_thread
    process_pair(pair, db_manager, rolling_window, config_manager, args.debug, perf_monitor)
  File "/root/OKXsignal/database/processing/compute_features.py", line 526, in process_pair
    safe_val = cast_for_sqlalchemy(col, raw_val, config_manager.SMALLINT_COLUMNS)
AttributeError: 'ConfigManager' object has no attribute 'SMALLINT_COLUMNS'
[INFO] 2025-03-26 12:38:33,442 | Computing features for BANANA-USDT
[ERROR] 2025-03-26 12:38:35,095 | Batch update error for ARG-USDT: 'ConfigManager' object has no attribute 'SMALLINT_COLUMNS'
Traceback (most recent call last):
  File "/root/OKXsignal/database/processing/compute_features.py", line 526, in process_pair
    safe_val = cast_for_sqlalchemy(col, raw_val, config_manager.SMALLINT_COLUMNS)
AttributeError: 'ConfigManager' object has no attribute 'SMALLINT_COLUMNS'
[ERROR] 2025-03-26 12:38:35,230 | Batch update error for ASTR-USDT: 'ConfigManager' object has no attribute 'SMALLINT_COLUMNS'
Traceback (most recent call last):
  File "/root/OKXsignal/database/processing/compute_features.py", line 526, in process_pair
    safe_val = cast_for_sqlalchemy(col, raw_val, config_manager.SMALLINT_COLUMNS)
AttributeError: 'ConfigManager' object has no attribute 'SMALLINT_COLUMNS'
[ERROR] 2025-03-26 12:38:35,253 | Batch update error for ATOM-USDT: 'ConfigManager' object has no attribute 'SMALLINT_COLUMNS'
Traceback (most recent call last):
  File "/root/OKXsignal/database/processing/compute_features.py", line 526, in process_pair
    safe_val = cast_for_sqlalchemy(col, raw_val, config_manager.SMALLINT_COLUMNS)
AttributeError: 'ConfigManager' object has no attribute 'SMALLINT_COLUMNS'
[ERROR] 2025-03-26 12:38:35,321 | Batch update error for AUCTION-USDT: 'ConfigManager' object has no attribute 'SMALLINT_COLUMNS'
Traceback (most recent call last):
  File "/root/OKXsignal/database/processing/compute_features.py", line 526, in process_pair
    safe_val = cast_for_sqlalchemy(col, raw_val, config_manager.SMALLINT_COLUMNS)
AttributeError: 'ConfigManager' object has no attribute 'SMALLINT_COLUMNS'
[ERROR] 2025-03-26 12:38:35,927 | Error processing ARG-USDT: 'ConfigManager' object has no attribute 'SMALLINT_COLUMNS'
Traceback (most recent call last):
  File "/root/OKXsignal/database/processing/compute_features.py", line 526, in process_pair
    safe_val = cast_for_sqlalchemy(col, raw_val, config_manager.SMALLINT_COLUMNS)
AttributeError: 'ConfigManager' object has no attribute 'SMALLINT_COLUMNS'
[INFO] 2025-03-26 12:38:35,935 | ARG-USDT: Updated 0/128 rows in 14.95s
[ERROR] 2025-03-26 12:38:35,950 | Error processing ASTR-USDT: 'ConfigManager' object has no attribute 'SMALLINT_COLUMNS'
Traceback (most recent call last):
  File "/root/OKXsignal/database/processing/compute_features.py", line 526, in process_pair
    safe_val = cast_for_sqlalchemy(col, raw_val, config_manager.SMALLINT_COLUMNS)
AttributeError: 'ConfigManager' object has no attribute 'SMALLINT_COLUMNS'
[INFO] 2025-03-26 12:38:35,960 | ASTR-USDT: Updated 0/128 rows in 14.21s
[ERROR] 2025-03-26 12:38:35,960 | Thread error for pair ASTR-USDT: 'ConfigManager' object has no attribute 'SMALLINT_COLUMNS'
Traceback (most recent call last):
  File "/root/OKXsignal/database/processing/compute_features.py", line 690, in process_pair_thread
    process_pair(pair, db_manager, rolling_window, config_manager, args.debug, perf_monitor)
  File "/root/OKXsignal/database/processing/compute_features.py", line 526, in process_pair
    safe_val = cast_for_sqlalchemy(col, raw_val, config_manager.SMALLINT_COLUMNS)
AttributeError: 'ConfigManager' object has no attribute 'SMALLINT_COLUMNS'
[INFO] 2025-03-26 12:38:35,960 | Computing features for BAND-USDT
[ERROR] 2025-03-26 12:38:35,959 | Error processing AUCTION-USDT: 'ConfigManager' object has no attribute 'SMALLINT_COLUMNS'
Traceback (most recent call last):
  File "/root/OKXsignal/database/processing/compute_features.py", line 526, in process_pair
    safe_val = cast_for_sqlalchemy(col, raw_val, config_manager.SMALLINT_COLUMNS)
AttributeError: 'ConfigManager' object has no attribute 'SMALLINT_COLUMNS'
[INFO] 2025-03-26 12:38:35,975 | Computing features for BAT-USDT
[ERROR] 2025-03-26 12:38:36,612 | Batch update error for BAT-USDT: 'ConfigManager' object has no attribute 'SMALLINT_COLUMNS'
Traceback (most recent call last):
  File "/root/OKXsignal/database/processing/compute_features.py", line 526, in process_pair
    safe_val = cast_for_sqlalchemy(col, raw_val, config_manager.SMALLINT_COLUMNS)
AttributeError: 'ConfigManager' object has no attribute 'SMALLINT_COLUMNS'
[ERROR] 2025-03-26 12:38:36,613 | Error processing BAT-USDT: 'ConfigManager' object has no attribute 'SMALLINT_COLUMNS'
Traceback (most recent call last):
  File "/root/OKXsignal/database/processing/compute_features.py", line 526, in process_pair
    safe_val = cast_for_sqlalchemy(col, raw_val, config_manager.SMALLINT_COLUMNS)
AttributeError: 'ConfigManager' object has no attribute 'SMALLINT_COLUMNS'
[INFO] 2025-03-26 12:38:36,613 | BAT-USDT: Updated 0/128 rows in 0.64s
[ERROR] 2025-03-26 12:38:36,613 | Thread error for pair BAT-USDT: 'ConfigManager' object has no attribute 'SMALLINT_COLUMNS'
Traceback (most recent call last):
  File "/root/OKXsignal/database/processing/compute_features.py", line 690, in process_pair_thread
    process_pair(pair, db_manager, rolling_window, config_manager, args.debug, perf_monitor)
  File "/root/OKXsignal/database/processing/compute_features.py", line 526, in process_pair
    safe_val = cast_for_sqlalchemy(col, raw_val, config_manager.SMALLINT_COLUMNS)
AttributeError: 'ConfigManager' object has no attribute 'SMALLINT_COLUMNS'
[INFO] 2025-03-26 12:38:36,613 | Computing features for BCH-USDT
[ERROR] 2025-03-26 12:38:37,187 | Batch update error for BCH-USDT: 'ConfigManager' object has no attribute 'SMALLINT_COLUMNS'
Traceback (most recent call last):
  File "/root/OKXsignal/database/processing/compute_features.py", line 526, in process_pair
    safe_val = cast_for_sqlalchemy(col, raw_val, config_manager.SMALLINT_COLUMNS)
AttributeError: 'ConfigManager' object has no attribute 'SMALLINT_COLUMNS'
[ERROR] 2025-03-26 12:38:37,188 | Error processing BCH-USDT: 'ConfigManager' object has no attribute 'SMALLINT_COLUMNS'
Traceback (most recent call last):
  File "/root/OKXsignal/database/processing/compute_features.py", line 526, in process_pair
    safe_val = cast_for_sqlalchemy(col, raw_val, config_manager.SMALLINT_COLUMNS)
AttributeError: 'ConfigManager' object has no attribute 'SMALLINT_COLUMNS'
[INFO] 2025-03-26 12:38:37,188 | BCH-USDT: Updated 0/128 rows in 0.57s
[ERROR] 2025-03-26 12:38:37,188 | Thread error for pair BCH-USDT: 'ConfigManager' object has no attribute 'SMALLINT_COLUMNS'
Traceback (most recent call last):
  File "/root/OKXsignal/database/processing/compute_features.py", line 690, in process_pair_thread
    process_pair(pair, db_manager, rolling_window, config_manager, args.debug, perf_monitor)
  File "/root/OKXsignal/database/processing/compute_features.py", line 526, in process_pair
    safe_val = cast_for_sqlalchemy(col, raw_val, config_manager.SMALLINT_COLUMNS)
AttributeError: 'ConfigManager' object has no attribute 'SMALLINT_COLUMNS'
[INFO] 2025-03-26 12:38:37,189 | Computing features for BERA-USDT
[ERROR] 2025-03-26 12:38:37,755 | Batch update error for BERA-USDT: 'ConfigManager' object has no attribute 'SMALLINT_COLUMNS'
Traceback (most recent call last):
  File "/root/OKXsignal/database/processing/compute_features.py", line 526, in process_pair
    safe_val = cast_for_sqlalchemy(col, raw_val, config_manager.SMALLINT_COLUMNS)
AttributeError: 'ConfigManager' object has no attribute 'SMALLINT_COLUMNS'
[ERROR] 2025-03-26 12:38:37,756 | Error processing BERA-USDT: 'ConfigManager' object has no attribute 'SMALLINT_COLUMNS'
Traceback (most recent call last):
  File "/root/OKXsignal/database/processing/compute_features.py", line 526, in process_pair
    safe_val = cast_for_sqlalchemy(col, raw_val, config_manager.SMALLINT_COLUMNS)
AttributeError: 'ConfigManager' object has no attribute 'SMALLINT_COLUMNS'
[INFO] 2025-03-26 12:38:37,756 | BERA-USDT: Updated 0/128 rows in 0.57s
[ERROR] 2025-03-26 12:38:37,756 | Thread error for pair BERA-USDT: 'ConfigManager' object has no attribute 'SMALLINT_COLUMNS'
Traceback (most recent call last):
  File "/root/OKXsignal/database/processing/compute_features.py", line 690, in process_pair_thread
    process_pair(pair, db_manager, rolling_window, config_manager, args.debug, perf_monitor)
  File "/root/OKXsignal/database/processing/compute_features.py", line 526, in process_pair
    safe_val = cast_for_sqlalchemy(col, raw_val, config_manager.SMALLINT_COLUMNS)
AttributeError: 'ConfigManager' object has no attribute 'SMALLINT_COLUMNS'
[INFO] 2025-03-26 12:38:37,757 | Computing features for BETH-USDT
[ERROR] 2025-03-26 12:38:38,365 | Batch update error for BETH-USDT: 'ConfigManager' object has no attribute 'SMALLINT_COLUMNS'
Traceback (most recent call last):
  File "/root/OKXsignal/database/processing/compute_features.py", line 526, in process_pair
    safe_val = cast_for_sqlalchemy(col, raw_val, config_manager.SMALLINT_COLUMNS)
AttributeError: 'ConfigManager' object has no attribute 'SMALLINT_COLUMNS'
[ERROR] 2025-03-26 12:38:38,366 | Error processing BETH-USDT: 'ConfigManager' object has no attribute 'SMALLINT_COLUMNS'
Traceback (most recent call last):
  File "/root/OKXsignal/database/processing/compute_features.py", line 526, in process_pair
    safe_val = cast_for_sqlalchemy(col, raw_val, config_manager.SMALLINT_COLUMNS)
AttributeError: 'ConfigManager' object has no attribute 'SMALLINT_COLUMNS'
[INFO] 2025-03-26 12:38:38,367 | BETH-USDT: Updated 0/128 rows in 0.61s
[ERROR] 2025-03-26 12:38:38,367 | Thread error for pair BETH-USDT: 'ConfigManager' object has no attribute 'SMALLINT_COLUMNS'
Traceback (most recent call last):
  File "/root/OKXsignal/database/processing/compute_features.py", line 690, in process_pair_thread
    process_pair(pair, db_manager, rolling_window, config_manager, args.debug, perf_monitor)
  File "/root/OKXsignal/database/processing/compute_features.py", line 526, in process_pair
    safe_val = cast_for_sqlalchemy(col, raw_val, config_manager.SMALLINT_COLUMNS)
AttributeError: 'ConfigManager' object has no attribute 'SMALLINT_COLUMNS'
[INFO] 2025-03-26 12:38:38,367 | Computing features for BICO-USDT
[ERROR] 2025-03-26 12:38:38,962 | Batch update error for BICO-USDT: 'ConfigManager' object has no attribute 'SMALLINT_COLUMNS'
Traceback (most recent call last):
  File "/root/OKXsignal/database/processing/compute_features.py", line 526, in process_pair
    safe_val = cast_for_sqlalchemy(col, raw_val, config_manager.SMALLINT_COLUMNS)
AttributeError: 'ConfigManager' object has no attribute 'SMALLINT_COLUMNS'
[ERROR] 2025-03-26 12:38:38,963 | Error processing BICO-USDT: 'ConfigManager' object has no attribute 'SMALLINT_COLUMNS'
Traceback (most recent call last):
  File "/root/OKXsignal/database/processing/compute_features.py", line 526, in process_pair
    safe_val = cast_for_sqlalchemy(col, raw_val, config_manager.SMALLINT_COLUMNS)
AttributeError: 'ConfigManager' object has no attribute 'SMALLINT_COLUMNS'
[INFO] 2025-03-26 12:38:38,963 | BICO-USDT: Updated 0/128 rows in 0.60s
[ERROR] 2025-03-26 12:38:38,963 | Thread error for pair BICO-USDT: 'ConfigManager' object has no attribute 'SMALLINT_COLUMNS'
Traceback (most recent call last):
  File "/root/OKXsignal/database/processing/compute_features.py", line 690, in process_pair_thread
    process_pair(pair, db_manager, rolling_window, config_manager, args.debug, perf_monitor)
  File "/root/OKXsignal/database/processing/compute_features.py", line 526, in process_pair
    safe_val = cast_for_sqlalchemy(col, raw_val, config_manager.SMALLINT_COLUMNS)
AttributeError: 'ConfigManager' object has no attribute 'SMALLINT_COLUMNS'
[INFO] 2025-03-26 12:38:38,963 | Computing features for BIGTIME-USDT
[ERROR] 2025-03-26 12:38:39,519 | Batch update error for BIGTIME-USDT: 'ConfigManager' object has no attribute 'SMALLINT_COLUMNS'
Traceback (most recent call last):
  File "/root/OKXsignal/database/processing/compute_features.py", line 526, in process_pair
    safe_val = cast_for_sqlalchemy(col, raw_val, config_manager.SMALLINT_COLUMNS)
AttributeError: 'ConfigManager' object has no attribute 'SMALLINT_COLUMNS'
[ERROR] 2025-03-26 12:38:39,519 | Error processing BIGTIME-USDT: 'ConfigManager' object has no attribute 'SMALLINT_COLUMNS'
Traceback (most recent call last):
  File "/root/OKXsignal/database/processing/compute_features.py", line 526, in process_pair
    safe_val = cast_for_sqlalchemy(col, raw_val, config_manager.SMALLINT_COLUMNS)
AttributeError: 'ConfigManager' object has no attribute 'SMALLINT_COLUMNS'
[INFO] 2025-03-26 12:38:39,520 | BIGTIME-USDT: Updated 0/128 rows in 0.56s
[ERROR] 2025-03-26 12:38:39,520 | Thread error for pair BIGTIME-USDT: 'ConfigManager' object has no attribute 'SMALLINT_COLUMNS'
Traceback (most recent call last):
  File "/root/OKXsignal/database/processing/compute_features.py", line 690, in process_pair_thread
    process_pair(pair, db_manager, rolling_window, config_manager, args.debug, perf_monitor)
  File "/root/OKXsignal/database/processing/compute_features.py", line 526, in process_pair
    safe_val = cast_for_sqlalchemy(col, raw_val, config_manager.SMALLINT_COLUMNS)
AttributeError: 'ConfigManager' object has no attribute 'SMALLINT_COLUMNS'
[INFO] 2025-03-26 12:38:39,520 | Computing features for BIO-USDT
[ERROR] 2025-03-26 12:38:40,060 | Batch update error for BIO-USDT: 'ConfigManager' object has no attribute 'SMALLINT_COLUMNS'
Traceback (most recent call last):
  File "/root/OKXsignal/database/processing/compute_features.py", line 526, in process_pair
    safe_val = cast_for_sqlalchemy(col, raw_val, config_manager.SMALLINT_COLUMNS)
AttributeError: 'ConfigManager' object has no attribute 'SMALLINT_COLUMNS'
[ERROR] 2025-03-26 12:38:40,061 | Error processing BIO-USDT: 'ConfigManager' object has no attribute 'SMALLINT_COLUMNS'
Traceback (most recent call last):
  File "/root/OKXsignal/database/processing/compute_features.py", line 526, in process_pair
    safe_val = cast_for_sqlalchemy(col, raw_val, config_manager.SMALLINT_COLUMNS)
AttributeError: 'ConfigManager' object has no attribute 'SMALLINT_COLUMNS'
[INFO] 2025-03-26 12:38:40,061 | BIO-USDT: Updated 0/128 rows in 0.54s
[ERROR] 2025-03-26 12:38:40,061 | Thread error for pair BIO-USDT: 'ConfigManager' object has no attribute 'SMALLINT_COLUMNS'
Traceback (most recent call last):
  File "/root/OKXsignal/database/processing/compute_features.py", line 690, in process_pair_thread
    process_pair(pair, db_manager, rolling_window, config_manager, args.debug, perf_monitor)
  File "/root/OKXsignal/database/processing/compute_features.py", line 526, in process_pair
    safe_val = cast_for_sqlalchemy(col, raw_val, config_manager.SMALLINT_COLUMNS)
AttributeError: 'ConfigManager' object has no attribute 'SMALLINT_COLUMNS'
[INFO] 2025-03-26 12:38:40,061 | Computing features for BLUR-USDT
[ERROR] 2025-03-26 12:38:40,684 | Batch update error for BLUR-USDT: 'ConfigManager' object has no attribute 'SMALLINT_COLUMNS'
Traceback (most recent call last):
  File "/root/OKXsignal/database/processing/compute_features.py", line 526, in process_pair
    safe_val = cast_for_sqlalchemy(col, raw_val, config_manager.SMALLINT_COLUMNS)
AttributeError: 'ConfigManager' object has no attribute 'SMALLINT_COLUMNS'
[ERROR] 2025-03-26 12:38:40,685 | Error processing BLUR-USDT: 'ConfigManager' object has no attribute 'SMALLINT_COLUMNS'
Traceback (most recent call last):
  File "/root/OKXsignal/database/processing/compute_features.py", line 526, in process_pair
    safe_val = cast_for_sqlalchemy(col, raw_val, config_manager.SMALLINT_COLUMNS)
AttributeError: 'ConfigManager' object has no attribute 'SMALLINT_COLUMNS'
[INFO] 2025-03-26 12:38:40,685 | BLUR-USDT: Updated 0/128 rows in 0.62s
[ERROR] 2025-03-26 12:38:40,685 | Thread error for pair BLUR-USDT: 'ConfigManager' object has no attribute 'SMALLINT_COLUMNS'
Traceback (most recent call last):
  File "/root/OKXsignal/database/processing/compute_features.py", line 690, in process_pair_thread
    process_pair(pair, db_manager, rolling_window, config_manager, args.debug, perf_monitor)
  File "/root/OKXsignal/database/processing/compute_features.py", line 526, in process_pair
    safe_val = cast_for_sqlalchemy(col, raw_val, config_manager.SMALLINT_COLUMNS)
AttributeError: 'ConfigManager' object has no attribute 'SMALLINT_COLUMNS'
[INFO] 2025-03-26 12:38:40,685 | Computing features for BNB-USDT
