Timestamp,Pair,Operation,Duration(s)
2025-03-27 15:55:07,AERGO-USDT,db_get_columns,0.003576
2025-03-27 15:55:07,AERGO-USDT,db_get_columns,0.003602
2025-03-27 15:55:07,AERGO-USDT,db_get_columns,0.004459
2025-03-27 15:55:07,AERGO-USDT,fetch_data,0.007635
2025-03-27 15:55:07,AERGO-USDT,fetch_data,0.007805
2025-03-27 15:55:07,AERGO-USDT,fetch_data,0.009954
2025-03-27 15:55:07,ACT-USDT,db_get_columns,0.021615
2025-03-27 15:55:07,ACT-USDT,db_get_columns,0.022121
2025-03-27 15:55:07,ACT-USDT,db_get_columns,0.028336
2025-03-27 15:55:07,ACT-USDT,fetch_data,0.007801
2025-03-27 15:55:07,ACT-USDT,fetch_data,0.007581
2025-03-27 15:55:07,ACT-USDT,fetch_data,0.009540
2025-03-27 15:55:08,AERGO-USDT,db_get_columns,0.008724
2025-03-27 15:55:08,AERGO-USDT,db_get_columns,0.011307
2025-03-27 15:55:08,AERGO-USDT,fetch_data,0.006341
2025-03-27 15:55:08,AERGO-USDT,fetch_data,0.006560
2025-03-27 15:55:09,AERGO-USDT,price_action_features,2.073194
2025-03-27 15:55:09,AERGO-USDT,price_action_features,1.972505
2025-03-27 15:55:09,AERGO-USDT,price_action_features,1.913416
2025-03-27 15:55:09,AERGO-USDT,price_action_features,1.805225
2025-03-27 15:55:09,AERGO-USDT,price_action_features,1.741444
2025-03-27 15:55:09,AERGO-USDT,price_action_features,1.685163
2025-03-27 15:55:09,AERGO-USDT,price_action_features,1.585362
2025-03-27 15:55:09,AERGO-USDT,price_action_features,1.537656
2025-03-27 15:55:10,AERGO-USDT,momentum_features,0.446122
2025-03-27 15:55:10,AERGO-USDT,momentum_features,0.447777
2025-03-27 15:55:10,AERGO-USDT,momentum_features,0.414301
2025-03-27 15:55:10,AERGO-USDT,momentum_features,0.404276
2025-03-27 15:55:10,AERGO-USDT,momentum_features,0.410263
2025-03-27 15:55:10,AERGO-USDT,momentum_features,0.453559
2025-03-27 15:55:10,AERGO-USDT,momentum_features,0.408304
2025-03-27 15:55:10,AERGO-USDT,momentum_features,0.398216
2025-03-27 15:55:10,AERGO-USDT,volatility_features,0.041193
2025-03-27 15:55:10,AERGO-USDT,volatility_features,0.063447
2025-03-27 15:55:10,AERGO-USDT,volatility_features,0.110809
2025-03-27 15:55:10,AERGO-USDT,volatility_features,0.094352
2025-03-27 15:55:10,AERGO-USDT,volatility_features,0.101632
2025-03-27 15:55:10,AERGO-USDT,volatility_features,0.091418
2025-03-27 15:55:10,AERGO-USDT,volatility_features,0.144920
2025-03-27 15:55:10,AERGO-USDT,volatility_features,0.123246
2025-03-27 15:55:10,AERGO-USDT,volume_features,0.081885
2025-03-27 15:55:10,AERGO-USDT,volume_features,0.073088
2025-03-27 15:55:10,AERGO-USDT,volume_features,0.064435
2025-03-27 15:55:10,AERGO-USDT,volume_features,0.043396
2025-03-27 15:55:10,AERGO-USDT,volume_features,0.043019
2025-03-27 15:55:10,AERGO-USDT,volume_features,0.043524
2025-03-27 15:55:10,AERGO-USDT,volume_features,0.064713
2025-03-27 15:55:10,AERGO-USDT,statistical_features,0.141372
2025-03-27 15:55:10,AERGO-USDT,volume_features,0.182430
2025-03-27 15:55:10,AERGO-USDT,statistical_features,0.190761
2025-03-27 15:55:10,AERGO-USDT,statistical_features,0.251384
2025-03-27 15:55:11,AERGO-USDT,statistical_features,0.143812
2025-03-27 15:55:11,AERGO-USDT,statistical_features,0.100728
2025-03-27 15:55:11,AERGO-USDT,statistical_features,0.122195
2025-03-27 15:55:11,AERGO-USDT,pattern_features,0.029881
2025-03-27 15:55:11,AERGO-USDT,statistical_features,0.110281
2025-03-27 15:55:11,AERGO-USDT,pattern_features,0.030386
2025-03-27 15:55:11,AERGO-USDT,pattern_features,0.011917
2025-03-27 15:55:11,AERGO-USDT,statistical_features,0.083539
2025-03-27 15:55:11,AERGO-USDT,pattern_features,0.007339
2025-03-27 15:55:11,AERGO-USDT,pattern_features,0.014227
2025-03-27 15:55:11,AERGO-USDT,pattern_features,0.006741
2025-03-27 15:55:11,AERGO-USDT,pattern_features,0.007401
2025-03-27 15:55:11,AERGO-USDT,time_features,0.011961
2025-03-27 15:55:11,AERGO-USDT,time_features,0.017305
2025-03-27 15:55:11,AERGO-USDT,time_features,0.011817
2025-03-27 15:55:11,AERGO-USDT,pattern_features,0.007302
2025-03-27 15:55:11,AERGO-USDT,time_features,0.004525
2025-03-27 15:55:11,AERGO-USDT,time_features,0.002819
2025-03-27 15:55:11,AERGO-USDT,time_features,0.006734
2025-03-27 15:55:11,AERGO-USDT,time_features,0.002241
2025-03-27 15:55:11,AERGO-USDT,label_features,0.000516
2025-03-27 15:55:11,AERGO-USDT,label_features,0.000470
2025-03-27 15:55:11,AERGO-USDT,label_features,0.000230
2025-03-27 15:55:11,AERGO-USDT,time_features,0.002214
2025-03-27 15:55:11,AERGO-USDT,label_features,0.000446
2025-03-27 15:55:11,AERGO-USDT,label_features,0.000266
2025-03-27 15:55:11,AERGO-USDT,label_features,0.000265
2025-03-27 15:55:11,AERGO-USDT,label_features,0.000334
2025-03-27 15:55:11,AERGO-USDT,compute_features_total,3.176699
2025-03-27 15:55:11,AERGO-USDT,compute_features_total,3.445213
2025-03-27 15:55:11,AERGO-USDT,compute_features_total,3.345234
2025-03-27 15:55:11,AERGO-USDT,label_features,0.000264
2025-03-27 15:55:11,AERGO-USDT,compute_features_total,3.056975
2025-03-27 15:55:11,AERGO-USDT,compute_features_total,3.113509
2025-03-27 15:55:11,AERGO-USDT,compute_features_total,3.285978
2025-03-27 15:55:11,AERGO-USDT,compute_features_total,2.909494
2025-03-27 15:55:11,AERGO-USDT,compute_features_total,2.957891
2025-03-27 15:55:11,AERGO-USDT,database_update,0.200415
2025-03-27 15:55:11,AERGO-USDT,database_update,0.200159
2025-03-27 15:55:11,AERGO-USDT,database_update,0.200986
2025-03-27 15:55:11,AERGO-USDT,database_update,0.201639
2025-03-27 15:55:11,AERGO-USDT,database_update,0.200832
2025-03-27 15:55:11,AERGO-USDT,TOTAL,3.715804
2025-03-27 15:55:11,global,database_update,0.202085
2025-03-27 15:55:11,global,TOTAL,3.713691
2025-03-27 15:55:11,global,database_update,0.201893
2025-03-27 15:55:11,global,TOTAL,3.715791
2025-03-27 15:55:11,global,TOTAL,3.717101
2025-03-27 15:55:11,global,TOTAL,3.714109
2025-03-27 15:55:11,global,database_update,0.202801
2025-03-27 15:55:11,global,TOTAL,3.791512
2025-03-27 15:55:11,global,TOTAL,3.790376
2025-03-27 15:55:11,global,TOTAL,3.851546
2025-03-27 15:55:11,global,TOTAL,3.852064
2025-03-27 15:55:11,global,TOTAL,3.910396
2025-03-27 15:55:11,global,TOTAL,3.969089
2025-03-27 15:55:11,global,TOTAL,4.015358
2025-03-27 15:55:11,global,TOTAL,4.017885
2025-03-27 15:55:11,AEVO-USDT,TOTAL,4.071831
2025-03-27 15:55:11,AIDOGE-USDT,TOTAL,4.123173
2025-03-27 15:55:11,AIXBT-USDT,TOTAL,4.184907
2025-03-27 15:55:11,AIDOGE-USDT,db_get_columns,0.003893
2025-03-27 15:55:11,AIDOGE-USDT,db_get_columns,0.003784
2025-03-27 15:55:11,AIDOGE-USDT,db_get_columns,0.004058
2025-03-27 15:55:11,AIDOGE-USDT,fetch_data,0.006778
2025-03-27 15:55:11,AIDOGE-USDT,fetch_data,0.008678
2025-03-27 15:55:11,AIDOGE-USDT,fetch_data,0.011092
2025-03-27 15:55:11,AIXBT-USDT,price_action_features,0.000142
2025-03-27 15:55:11,AIXBT-USDT,price_action_features,0.000131
2025-03-27 15:55:11,AIXBT-USDT,price_action_features,0.000114
2025-03-27 15:55:11,AIXBT-USDT,momentum_features,0.000297
2025-03-27 15:55:11,AIXBT-USDT,momentum_features,0.000408
2025-03-27 15:55:11,AIXBT-USDT,momentum_features,0.000173
2025-03-27 15:55:12,AIXBT-USDT,db_get_columns,0.010789
2025-03-27 15:55:12,AIXBT-USDT,volatility_features,0.037392
2025-03-27 15:55:12,AIXBT-USDT,fetch_data,0.007772
2025-03-27 15:55:12,AIXBT-USDT,price_action_features,0.000244
2025-03-27 15:55:12,AIXBT-USDT,volatility_features,0.114393
2025-03-27 15:55:12,AIXBT-USDT,momentum_features,0.000351
2025-03-27 15:55:12,AIXBT-USDT,volatility_features,0.109486
2025-03-27 15:55:12,AIXBT-USDT,volume_features,0.104124
2025-03-27 15:55:12,AIXBT-USDT,volume_features,0.072123
2025-03-27 15:55:12,AIXBT-USDT,volume_features,0.087409
2025-03-27 15:55:12,AIXBT-USDT,statistical_features,0.108333
2025-03-27 15:55:12,AIXBT-USDT,volatility_features,0.164086
2025-03-27 15:55:12,AIXBT-USDT,statistical_features,0.132249
2025-03-27 15:55:12,AIXBT-USDT,pattern_features,0.018246
2025-03-27 15:55:12,AIXBT-USDT,statistical_features,0.105073
2025-03-27 15:55:12,AIXBT-USDT,pattern_features,0.013299
2025-03-27 15:55:12,AIXBT-USDT,time_features,0.008043
2025-03-27 15:55:12,AIXBT-USDT,volume_features,0.047425
2025-03-27 15:55:12,AIXBT-USDT,pattern_features,0.012432
2025-03-27 15:55:12,AIXBT-USDT,time_features,0.001895
2025-03-27 15:55:12,AIXBT-USDT,label_features,0.000180
2025-03-27 15:55:12,AIXBT-USDT,statistical_features,0.070665
2025-03-27 15:55:12,AIXBT-USDT,label_features,0.007419
2025-03-27 15:55:12,AIXBT-USDT,time_features,0.051727
2025-03-27 15:55:12,AIXBT-USDT,compute_features_total,0.620893
2025-03-27 15:55:12,AIXBT-USDT,pattern_features,0.006868
2025-03-27 15:55:12,AIXBT-USDT,compute_features_total,0.568924
2025-03-27 15:55:12,AIXBT-USDT,label_features,0.000165
2025-03-27 15:55:12,AIXBT-USDT,compute_features_total,0.549807
2025-03-27 15:55:12,AIXBT-USDT,time_features,0.037569
2025-03-27 15:55:12,AIXBT-USDT,label_features,0.000602
2025-03-27 15:55:12,AIXBT-USDT,compute_features_total,0.443396
2025-03-27 15:55:12,AIXBT-USDT,database_update,0.063402
2025-03-27 15:55:12,AIXBT-USDT,TOTAL,0.789132
2025-03-27 15:55:12,global,database_update,0.140178
2025-03-27 15:55:12,global,TOTAL,0.848530
2025-03-27 15:55:12,global,TOTAL,0.908338
2025-03-27 15:55:12,global,database_update,0.165415
2025-03-27 15:55:12,global,TOTAL,0.970936
2025-03-27 15:55:12,global,TOTAL,0.911666
2025-03-27 15:55:12,global,database_update,0.207796
2025-03-27 15:55:12,global,TOTAL,0.972382
2025-03-27 15:55:12,global,TOTAL,0.971903
2025-03-27 15:55:12,global,TOTAL,1.025982
2025-03-27 15:55:12,AR-USDT,db_get_columns,0.003593
2025-03-27 15:55:12,AR-USDT,db_get_columns,0.003571
2025-03-27 15:55:12,AR-USDT,db_get_columns,0.004022
2025-03-27 15:55:12,AR-USDT,fetch_data,0.005358
2025-03-27 15:55:12,AR-USDT,fetch_data,0.007541
2025-03-27 15:55:12,AR-USDT,fetch_data,0.009735
2025-03-27 15:55:13,ANIME-USDT,price_action_features,0.000138
2025-03-27 15:55:13,ANIME-USDT,price_action_features,0.000144
2025-03-27 15:55:13,APE-USDT,price_action_features,0.000149
2025-03-27 15:55:13,APE-USDT,momentum_features,0.001135
2025-03-27 15:55:13,APE-USDT,momentum_features,0.000387
2025-03-27 15:55:13,API3-USDT,momentum_features,0.000684
2025-03-27 15:55:13,API3-USDT,db_get_columns,0.012064
2025-03-27 15:55:13,API3-USDT,db_get_columns,0.015351
2025-03-27 15:55:13,API3-USDT,volatility_features,0.040781
2025-03-27 15:55:13,API3-USDT,db_get_columns,0.011378
2025-03-27 15:55:13,APT-USDT,volatility_features,0.051537
2025-03-27 15:55:13,APT-USDT,fetch_data,0.018942
2025-03-27 15:55:13,APT-USDT,fetch_data,0.006526
2025-03-27 15:55:13,APT-USDT,volatility_features,0.050921
2025-03-27 15:55:13,APT-USDT,volume_features,0.010236
2025-03-27 15:55:13,APT-USDT,fetch_data,0.007844
2025-03-27 15:55:13,APT-USDT,db_get_columns,0.061497
2025-03-27 15:55:13,APT-USDT,volume_features,0.071434
2025-03-27 15:55:13,APT-USDT,price_action_features,0.000123
2025-03-27 15:55:13,APT-USDT,price_action_features,0.000074
2025-03-27 15:55:13,APT-USDT,price_action_features,0.000117
2025-03-27 15:55:13,APT-USDT,volume_features,0.134657
2025-03-27 15:55:13,APT-USDT,statistical_features,0.135697
2025-03-27 15:55:13,APT-USDT,fetch_data,0.018264
2025-03-27 15:55:13,APT-USDT,momentum_features,0.018288
2025-03-27 15:55:13,APT-USDT,momentum_features,0.005422
2025-03-27 15:55:13,APT-USDT,momentum_features,0.000314
2025-03-27 15:55:13,AR-USDT,statistical_features,0.092409
2025-03-27 15:55:13,AR-USDT,price_action_features,0.000121
2025-03-27 15:55:13,AR-USDT,statistical_features,0.140207
2025-03-27 15:55:13,AR-USDT,pattern_features,0.085930
2025-03-27 15:55:13,AR-USDT,pattern_features,0.016838
2025-03-27 15:55:13,AR-USDT,momentum_features,0.014588
2025-03-27 15:55:13,AR-USDT,db_get_columns,0.027110
2025-03-27 15:55:13,AR-USDT,volatility_features,0.065402
2025-03-27 15:55:13,AR-USDT,pattern_features,0.006771
2025-03-27 15:55:13,AR-USDT,volatility_features,0.082144
2025-03-27 15:55:13,AR-USDT,volatility_features,0.087661
2025-03-27 15:55:13,AR-USDT,time_features,0.006095
2025-03-27 15:55:13,AR-USDT,time_features,0.013907
2025-03-27 15:55:13,AR-USDT,fetch_data,0.012979
2025-03-27 15:55:13,AR-USDT,time_features,0.023622
2025-03-27 15:55:13,AR-USDT,volatility_features,0.044266
2025-03-27 15:55:13,AR-USDT,volume_features,0.035806
2025-03-27 15:55:13,AR-USDT,label_features,0.000892
2025-03-27 15:55:13,AR-USDT,volume_features,0.037284
2025-03-27 15:55:13,AR-USDT,label_features,0.000331
2025-03-27 15:55:13,AR-USDT,price_action_features,0.000123
2025-03-27 15:55:13,AR-USDT,volume_features,0.090886
2025-03-27 15:55:13,AR-USDT,label_features,0.000228
2025-03-27 15:55:14,AR-USDT,compute_features_total,0.904844
2025-03-27 15:55:14,AR-USDT,statistical_features,0.073174
2025-03-27 15:55:14,AR-USDT,volume_features,0.078041
2025-03-27 15:55:14,AR-USDT,compute_features_total,1.016403
2025-03-27 15:55:14,AR-USDT,momentum_features,0.010609
2025-03-27 15:55:14,AR-USDT,compute_features_total,0.947044
2025-03-27 15:55:14,AR-USDT,statistical_features,0.113937
2025-03-27 15:55:14,AR-USDT,statistical_features,0.101673
2025-03-27 15:55:14,AR-USDT,pattern_features,0.027654
2025-03-27 15:55:14,AR-USDT,statistical_features,0.094987
2025-03-27 15:55:14,AR-USDT,pattern_features,0.012488
2025-03-27 15:55:14,AR-USDT,volatility_features,0.063043
2025-03-27 15:55:14,AR-USDT,pattern_features,0.007142
2025-03-27 15:55:14,AR-USDT,time_features,0.004256
2025-03-27 15:55:14,AR-USDT,pattern_features,0.008345
2025-03-27 15:55:14,AR-USDT,time_features,0.003419
2025-03-27 15:55:14,AR-USDT,database_update,0.198781
2025-03-27 15:55:14,AR-USDT,label_features,0.000986
2025-03-27 15:55:14,AR-USDT,time_features,0.004273
2025-03-27 15:55:14,AR-USDT,volume_features,0.016227
2025-03-27 15:55:14,AR-USDT,label_features,0.000397
2025-03-27 15:55:14,AR-USDT,time_features,0.007589
2025-03-27 15:55:14,AR-USDT,TOTAL,1.418818
2025-03-27 15:55:14,global,compute_features_total,0.968507
2025-03-27 15:55:14,global,label_features,0.000159
2025-03-27 15:55:14,global,database_update,0.162261
2025-03-27 15:55:14,global,database_update,0.092285
2025-03-27 15:55:14,global,compute_features_total,0.917541
2025-03-27 15:55:14,global,statistical_features,0.067577
2025-03-27 15:55:14,global,label_features,0.001493
2025-03-27 15:55:14,global,TOTAL,1.548136
2025-03-27 15:55:14,global,compute_features_total,1.097652
2025-03-27 15:55:14,global,TOTAL,1.548408
2025-03-27 15:55:14,global,TOTAL,1.549132
2025-03-27 15:55:14,global,pattern_features,0.006784
2025-03-27 15:55:14,global,compute_features_total,0.798093
2025-03-27 15:55:14,ARB-USDT,TOTAL,1.655595
2025-03-27 15:55:14,global,TOTAL,1.719979
2025-03-27 15:55:14,global,time_features,0.003462
2025-03-27 15:55:14,ARG-USDT,label_features,0.000523
2025-03-27 15:55:14,ARKM-USDT,compute_features_total,0.735535
2025-03-27 15:55:14,ARKM-USDT,db_get_columns,0.012892
2025-03-27 15:55:14,ARKM-USDT,db_get_columns,0.013174
2025-03-27 15:55:14,ARKM-USDT,database_update,0.200128
2025-03-27 15:55:14,ARKM-USDT,TOTAL,1.747929
2025-03-27 15:55:14,global,fetch_data,0.066011
2025-03-27 15:55:14,global,TOTAL,1.813353
2025-03-27 15:55:14,global,database_update,0.228754
2025-03-27 15:55:14,global,fetch_data,0.074769
2025-03-27 15:55:14,global,db_get_columns,0.008853
2025-03-27 15:55:14,global,price_action_features,0.000134
2025-03-27 15:55:14,global,database_update,0.353869
2025-03-27 15:55:14,global,database_update,0.178464
2025-03-27 15:55:14,ARTY-USDT,TOTAL,1.902336
2025-03-27 15:55:14,global,price_action_features,0.000128
2025-03-27 15:55:14,global,momentum_features,0.000434
2025-03-27 15:55:14,global,TOTAL,1.959035
2025-03-27 15:55:14,global,TOTAL,1.959162
2025-03-27 15:55:15,ARTY-USDT,fetch_data,0.062163
2025-03-27 15:55:15,ARTY-USDT,TOTAL,2.021597
2025-03-27 15:55:15,global,momentum_features,0.000300
2025-03-27 15:55:15,global,TOTAL,2.086560
2025-03-27 15:55:15,global,database_update,0.346240
2025-03-27 15:55:15,global,TOTAL,2.176107
2025-03-27 15:55:15,global,volatility_features,0.155337
2025-03-27 15:55:15,global,price_action_features,0.000134
2025-03-27 15:55:15,global,db_get_columns,0.011592
2025-03-27 15:55:15,global,TOTAL,2.242831
2025-03-27 15:55:15,global,volatility_features,0.026480
2025-03-27 15:55:15,global,momentum_features,0.000543
2025-03-27 15:55:15,global,volume_features,0.010859
2025-03-27 15:55:15,global,TOTAL,2.340564
2025-03-27 15:55:15,global,fetch_data,0.073765
2025-03-27 15:55:15,global,volume_features,0.011580
2025-03-27 15:55:15,global,volatility_features,0.099377
2025-03-27 15:55:15,global,statistical_features,0.084713
2025-03-27 15:55:15,global,price_action_features,0.000142
2025-03-27 15:55:15,global,pattern_features,0.023707
2025-03-27 15:55:15,global,momentum_features,0.002344
2025-03-27 15:55:15,global,statistical_features,0.082587
2025-03-27 15:55:15,global,volume_features,0.067114
2025-03-27 15:55:15,global,time_features,0.003163
2025-03-27 15:55:15,global,pattern_features,0.027838
2025-03-27 15:55:15,global,statistical_features,0.093064
2025-03-27 15:55:15,global,volatility_features,0.104479
2025-03-27 15:55:15,global,label_features,0.045402
2025-03-27 15:55:15,global,time_features,0.004119
2025-03-27 15:55:15,global,pattern_features,0.007259
2025-03-27 15:55:15,global,volume_features,0.017083
2025-03-27 15:55:15,global,compute_features_total,0.833643
2025-03-27 15:55:15,global,label_features,0.000213
2025-03-27 15:55:15,global,time_features,0.070433
2025-03-27 15:55:15,global,compute_features_total,0.865553
2025-03-27 15:55:15,global,statistical_features,0.087744
2025-03-27 15:55:15,global,label_features,0.000435
2025-03-27 15:55:15,global,compute_features_total,0.595702
2025-03-27 15:55:15,global,pattern_features,0.012029
2025-03-27 15:55:15,global,time_features,0.020604
2025-03-27 15:55:15,global,database_update,0.103532
2025-03-27 15:55:15,global,label_features,0.000813
2025-03-27 15:55:15,global,TOTAL,1.147542
2025-03-27 15:55:15,global,compute_features_total,0.353009
2025-03-27 15:55:15,global,TOTAL,1.206966
2025-03-27 15:55:15,global,database_update,0.130851
2025-03-27 15:55:15,global,database_update,0.106170
2025-03-27 15:55:15,global,TOTAL,1.232668
2025-03-27 15:55:15,global,TOTAL,1.231280
2025-03-27 15:55:15,global,TOTAL,1.292449
2025-03-27 15:55:15,global,TOTAL,1.345033
2025-03-27 15:55:15,global,database_update,0.140225
2025-03-27 15:55:15,global,TOTAL,1.112178
2025-03-27 15:55:15,global,TOTAL,1.174355
2025-03-27 15:55:16,BADGER-USDT,db_get_columns,0.004113
2025-03-27 15:55:16,BADGER-USDT,db_get_columns,0.003890
2025-03-27 15:55:16,BADGER-USDT,db_get_columns,0.004870
2025-03-27 15:55:16,BADGER-USDT,fetch_data,0.006399
2025-03-27 15:55:16,BADGER-USDT,fetch_data,0.008143
2025-03-27 15:55:16,BADGER-USDT,fetch_data,0.011609
2025-03-27 15:55:17,AUCTION-USDT,price_action_features,0.000135
2025-03-27 15:55:17,AVAX-USDT,price_action_features,0.000178
2025-03-27 15:55:17,AVAX-USDT,price_action_features,0.000142
2025-03-27 15:55:17,AXS-USDT,momentum_features,0.001044
2025-03-27 15:55:17,AXS-USDT,momentum_features,0.000346
2025-03-27 15:55:17,AXS-USDT,momentum_features,0.000167
2025-03-27 15:55:17,AXS-USDT,db_get_columns,0.015731
2025-03-27 15:55:17,AXS-USDT,db_get_columns,0.011821
2025-03-27 15:55:17,AXS-USDT,db_get_columns,0.018065
2025-03-27 15:55:17,AXS-USDT,fetch_data,0.022372
2025-03-27 15:55:17,BABYDOGE-USDT,volatility_features,0.073819
2025-03-27 15:55:17,BABYDOGE-USDT,fetch_data,0.011872
2025-03-27 15:55:17,BABYDOGE-USDT,volatility_features,0.092038
2025-03-27 15:55:17,BABYDOGE-USDT,volatility_features,0.076643
2025-03-27 15:55:17,BADGER-USDT,fetch_data,0.071290
2025-03-27 15:55:17,BADGER-USDT,price_action_features,0.000116
2025-03-27 15:55:17,BADGER-USDT,price_action_features,0.000126
2025-03-27 15:55:17,BADGER-USDT,volume_features,0.068550
2025-03-27 15:55:17,BADGER-USDT,db_get_columns,0.010573
2025-03-27 15:55:17,BADGER-USDT,price_action_features,0.000118
2025-03-27 15:55:17,BADGER-USDT,volume_features,0.074508
2025-03-27 15:55:17,BADGER-USDT,volume_features,0.074675
2025-03-27 15:55:17,BADGER-USDT,momentum_features,0.000233
2025-03-27 15:55:17,BADGER-USDT,momentum_features,0.000208
2025-03-27 15:55:17,BADGER-USDT,db_get_columns,0.011489
2025-03-27 15:55:17,BADGER-USDT,fetch_data,0.018031
2025-03-27 15:55:17,BADGER-USDT,momentum_features,0.005487
2025-03-27 15:55:17,BADGER-USDT,statistical_features,0.118878
2025-03-27 15:55:17,BADGER-USDT,statistical_features,0.113841
2025-03-27 15:55:17,BADGER-USDT,statistical_features,0.113358
2025-03-27 15:55:17,BADGER-USDT,price_action_features,0.000118
2025-03-27 15:55:17,BADGER-USDT,fetch_data,0.061924
2025-03-27 15:55:17,BADGER-USDT,volatility_features,0.111905
2025-03-27 15:55:17,BADGER-USDT,volatility_features,0.163615
2025-03-27 15:55:17,BADGER-USDT,pattern_features,0.006900
2025-03-27 15:55:17,BADGER-USDT,volatility_features,0.034354
2025-03-27 15:55:17,BADGER-USDT,pattern_features,0.012475
2025-03-27 15:55:17,BADGER-USDT,pattern_features,0.013941
2025-03-27 15:55:17,BADGER-USDT,momentum_features,0.000235
2025-03-27 15:55:17,BADGER-USDT,price_action_features,0.000130
2025-03-27 15:55:17,BADGER-USDT,volume_features,0.016873
2025-03-27 15:55:17,BADGER-USDT,volume_features,0.024105
2025-03-27 15:55:17,BADGER-USDT,time_features,0.019542
2025-03-27 15:55:17,BADGER-USDT,statistical_features,0.109080
2025-03-27 15:55:18,BADGER-USDT,time_features,0.011134
2025-03-27 15:55:18,BADGER-USDT,time_features,0.009709
2025-03-27 15:55:18,BADGER-USDT,momentum_features,0.004709
2025-03-27 15:55:18,BADGER-USDT,volatility_features,0.051996
2025-03-27 15:55:18,BADGER-USDT,volume_features,0.022580
2025-03-27 15:55:18,BADGER-USDT,label_features,0.010599
2025-03-27 15:55:18,BADGER-USDT,pattern_features,0.024559
2025-03-27 15:55:18,BADGER-USDT,statistical_features,0.108640
2025-03-27 15:55:18,BADGER-USDT,label_features,0.002684
2025-03-27 15:55:18,BADGER-USDT,label_features,0.000209
2025-03-27 15:55:18,BADGER-USDT,compute_features_total,1.091708
2025-03-27 15:55:18,BADGER-USDT,statistical_features,0.074887
2025-03-27 15:55:18,BADGER-USDT,volume_features,0.097670
2025-03-27 15:55:18,BADGER-USDT,volatility_features,0.109768
2025-03-27 15:55:18,BADGER-USDT,time_features,0.024618
2025-03-27 15:55:18,BADGER-USDT,pattern_features,0.022841
2025-03-27 15:55:18,BADGER-USDT,compute_features_total,1.216105
2025-03-27 15:55:18,BADGER-USDT,compute_features_total,1.079099
2025-03-27 15:55:18,BADGER-USDT,pattern_features,0.012049
2025-03-27 15:55:18,BADGER-USDT,statistical_features,0.097804
2025-03-27 15:55:18,BADGER-USDT,label_features,0.006809
2025-03-27 15:55:18,BADGER-USDT,volume_features,0.060672
2025-03-27 15:55:18,BADGER-USDT,time_features,0.008533
2025-03-27 15:55:18,BADGER-USDT,pattern_features,0.007858
2025-03-27 15:55:18,BADGER-USDT,compute_features_total,1.005077
2025-03-27 15:55:18,BADGER-USDT,time_features,0.046391
2025-03-27 15:55:18,BADGER-USDT,database_update,0.172601
2025-03-27 15:55:18,BADGER-USDT,label_features,0.016981
2025-03-27 15:55:18,BADGER-USDT,statistical_features,0.071612
2025-03-27 15:55:18,BADGER-USDT,time_features,0.020605
2025-03-27 15:55:18,BADGER-USDT,label_features,0.000418
2025-03-27 15:55:18,BADGER-USDT,TOTAL,2.341133
2025-03-27 15:55:18,global,compute_features_total,1.144303
2025-03-27 15:55:18,global,label_features,0.006919
2025-03-27 15:55:18,global,pattern_features,0.007903
2025-03-27 15:55:18,global,compute_features_total,1.032357
2025-03-27 15:55:18,global,database_update,0.206787
2025-03-27 15:55:18,global,TOTAL,2.425394
2025-03-27 15:55:18,global,compute_features_total,0.792823
2025-03-27 15:55:18,global,database_update,0.208390
2025-03-27 15:55:18,global,time_features,0.021017
2025-03-27 15:55:18,global,TOTAL,2.448634
2025-03-27 15:55:18,BAL-USDT,TOTAL,2.467702
2025-03-27 15:55:18,global,label_features,0.000414
2025-03-27 15:55:18,global,TOTAL,2.538461
2025-03-27 15:55:18,BAL-USDT,TOTAL,2.599434
2025-03-27 15:55:18,global,database_update,0.178363
2025-03-27 15:55:18,global,compute_features_total,0.826313
2025-03-27 15:55:18,global,database_update,0.268141
2025-03-27 15:55:18,BAND-USDT,TOTAL,2.608268
2025-03-27 15:55:18,global,TOTAL,2.608476
2025-03-27 15:55:18,BAND-USDT,TOTAL,2.669945
2025-03-27 15:55:18,global,database_update,0.238131
2025-03-27 15:55:18,global,db_get_columns,0.074408
2025-03-27 15:55:18,global,database_update,0.281364
2025-03-27 15:55:18,global,TOTAL,2.746094
2025-03-27 15:55:18,BAT-USDT,TOTAL,2.749701
2025-03-27 15:55:18,global,TOTAL,2.748265
2025-03-27 15:55:18,BAT-USDT,db_get_columns,0.064643
2025-03-27 15:55:18,BAT-USDT,TOTAL,2.814232
2025-03-27 15:55:18,global,db_get_columns,0.065023
2025-03-27 15:55:18,global,fetch_data,0.066552
2025-03-27 15:55:18,global,TOTAL,2.869654
2025-03-27 15:55:18,global,database_update,0.322093
2025-03-27 15:55:18,global,fetch_data,0.062174
2025-03-27 15:55:19,global,price_action_features,0.000279
2025-03-27 15:55:19,global,fetch_data,0.064652
2025-03-27 15:55:19,global,TOTAL,2.934974
2025-03-27 15:55:19,global,db_get_columns,0.072095
2025-03-27 15:55:19,global,price_action_features,0.000137
2025-03-27 15:55:19,global,momentum_features,0.000294
2025-03-27 15:55:19,global,price_action_features,0.000130
2025-03-27 15:55:19,global,fetch_data,0.055447
2025-03-27 15:55:19,global,TOTAL,3.115306
2025-03-27 15:55:19,global,momentum_features,0.000300
2025-03-27 15:55:19,global,momentum_features,0.000410
2025-03-27 15:55:19,global,price_action_features,0.000120
2025-03-27 15:55:19,global,volatility_features,0.079172
2025-03-27 15:55:19,global,momentum_features,0.000654
2025-03-27 15:55:19,global,volatility_features,0.061315
2025-03-27 15:55:19,global,volatility_features,0.067858
2025-03-27 15:55:19,global,volume_features,0.050991
2025-03-27 15:55:19,global,volatility_features,0.066372
2025-03-27 15:55:19,global,volume_features,0.062414
2025-03-27 15:55:19,global,volume_features,0.073465
2025-03-27 15:55:19,global,statistical_features,0.087396
2025-03-27 15:55:19,global,volume_features,0.119243
2025-03-27 15:55:19,global,statistical_features,0.127917
2025-03-27 15:55:19,global,pattern_features,0.076568
2025-03-27 15:55:19,global,statistical_features,0.140808
2025-03-27 15:55:19,global,pattern_features,0.028425
2025-03-27 15:55:19,global,statistical_features,0.102270
2025-03-27 15:55:19,global,time_features,0.046527
2025-03-27 15:55:19,global,pattern_features,0.014487
2025-03-27 15:55:19,global,time_features,0.002180
2025-03-27 15:55:19,global,pattern_features,0.006952
2025-03-27 15:55:19,global,label_features,0.000628
2025-03-27 15:55:19,global,label_features,0.002171
2025-03-27 15:55:19,global,compute_features_total,0.700592
2025-03-27 15:55:19,global,time_features,0.004907
2025-03-27 15:55:19,global,time_features,0.002399
2025-03-27 15:55:19,global,compute_features_total,0.573716
2025-03-27 15:55:19,global,label_features,0.000332
2025-03-27 15:55:19,global,label_features,0.000222
2025-03-27 15:55:19,global,compute_features_total,0.629295
2025-03-27 15:55:19,global,compute_features_total,0.450333
2025-03-27 15:55:19,global,database_update,0.093958
2025-03-27 15:55:19,global,database_update,0.095142
2025-03-27 15:55:19,global,database_update,0.094553
2025-03-27 15:55:19,global,TOTAL,0.979810
2025-03-27 15:55:19,global,TOTAL,1.199605
2025-03-27 15:55:19,global,database_update,0.094771
2025-03-27 15:55:19,global,TOTAL,1.120957
2025-03-27 15:55:19,global,TOTAL,1.047268
2025-03-27 15:55:19,global,TOTAL,1.320655
2025-03-27 15:55:19,global,TOTAL,1.241849
2025-03-27 15:55:19,global,TOTAL,1.296371
2025-03-27 15:55:20,global,TOTAL,1.348941
2025-03-27 15:55:20,BNT-USDT,db_get_columns,0.004368
2025-03-27 15:55:20,BNT-USDT,db_get_columns,0.003695
2025-03-27 15:55:20,BNT-USDT,db_get_columns,0.004641
2025-03-27 15:55:20,BNT-USDT,fetch_data,0.006057
2025-03-27 15:55:20,BNT-USDT,fetch_data,0.008197
2025-03-27 15:55:20,BNT-USDT,fetch_data,0.009676
2025-03-27 15:55:20,BIGTIME-USDT,price_action_features,0.000138
2025-03-27 15:55:20,BIO-USDT,price_action_features,0.000139
2025-03-27 15:55:20,BIO-USDT,price_action_features,0.000158
2025-03-27 15:55:20,BIO-USDT,momentum_features,0.000674
2025-03-27 15:55:20,BIO-USDT,momentum_features,0.000564
2025-03-27 15:55:20,BIO-USDT,momentum_features,0.001416
2025-03-27 15:55:20,BIO-USDT,db_get_columns,0.014967
2025-03-27 15:55:20,BIO-USDT,db_get_columns,0.013609
2025-03-27 15:55:20,BLUR-USDT,fetch_data,0.014719
2025-03-27 15:55:20,BLUR-USDT,volatility_features,0.073145
2025-03-27 15:55:20,BLUR-USDT,volatility_features,0.074565
2025-03-27 15:55:20,BLUR-USDT,volatility_features,0.077675
2025-03-27 15:55:20,BNB-USDT,price_action_features,0.000134
2025-03-27 15:55:20,BNB-USDT,fetch_data,0.059894
2025-03-27 15:55:20,BNB-USDT,db_get_columns,0.016540
2025-03-27 15:55:20,BNB-USDT,volume_features,0.022073
2025-03-27 15:55:20,BNB-USDT,volume_features,0.023625
2025-03-27 15:55:20,BNB-USDT,momentum_features,0.000390
2025-03-27 15:55:20,BNB-USDT,volume_features,0.023455
2025-03-27 15:55:20,BNB-USDT,db_get_columns,0.011932
2025-03-27 15:55:20,BNT-USDT,price_action_features,0.000126
2025-03-27 15:55:20,BNT-USDT,fetch_data,0.017889
2025-03-27 15:55:20,BNT-USDT,statistical_features,0.087653
2025-03-27 15:55:20,BNT-USDT,statistical_features,0.140193
2025-03-27 15:55:20,BNT-USDT,fetch_data,0.029235
2025-03-27 15:55:20,BNT-USDT,momentum_features,0.000401
2025-03-27 15:55:20,BNT-USDT,db_get_columns,0.016588
2025-03-27 15:55:20,BNT-USDT,statistical_features,0.125044
2025-03-27 15:55:20,BNT-USDT,price_action_features,0.000119
2025-03-27 15:55:20,BNT-USDT,pattern_features,0.017038
2025-03-27 15:55:20,BNT-USDT,volatility_features,0.191349
2025-03-27 15:55:20,BNT-USDT,price_action_features,0.000126
2025-03-27 15:55:20,BNT-USDT,pattern_features,0.069690
2025-03-27 15:55:20,BNT-USDT,fetch_data,0.007174
2025-03-27 15:55:21,BNT-USDT,volatility_features,0.027779
2025-03-27 15:55:21,BNT-USDT,pattern_features,0.011712
2025-03-27 15:55:21,BNT-USDT,momentum_features,0.000222
2025-03-27 15:55:21,BNT-USDT,time_features,0.002108
2025-03-27 15:55:21,BNT-USDT,volume_features,0.010867
2025-03-27 15:55:21,BNT-USDT,momentum_features,0.006040
2025-03-27 15:55:21,BNT-USDT,price_action_features,0.000127
2025-03-27 15:55:21,BNT-USDT,time_features,0.062008
2025-03-27 15:55:21,BNT-USDT,volume_features,0.010324
2025-03-27 15:55:21,BNT-USDT,time_features,0.009105
2025-03-27 15:55:21,BNT-USDT,label_features,0.000301
2025-03-27 15:55:21,BNT-USDT,volatility_features,0.063143
2025-03-27 15:55:21,BNT-USDT,momentum_features,0.020749
2025-03-27 15:55:21,BNT-USDT,statistical_features,0.094210
2025-03-27 15:55:21,BNT-USDT,label_features,0.000336
2025-03-27 15:55:21,BNT-USDT,volatility_features,0.089275
2025-03-27 15:55:21,BNT-USDT,label_features,0.025731
2025-03-27 15:55:21,BNT-USDT,compute_features_total,0.929904
2025-03-27 15:55:21,BNT-USDT,statistical_features,0.072888
2025-03-27 15:55:21,BNT-USDT,volume_features,0.009884
2025-03-27 15:55:21,BNT-USDT,compute_features_total,1.031299
2025-03-27 15:55:21,BNT-USDT,pattern_features,0.011510
2025-03-27 15:55:21,BNT-USDT,compute_features_total,1.113982
2025-03-27 15:55:21,BNT-USDT,volatility_features,0.037493
2025-03-27 15:55:21,BNT-USDT,volume_features,0.015671
2025-03-27 15:55:21,BNT-USDT,pattern_features,0.042388
2025-03-27 15:55:21,BNT-USDT,statistical_features,0.110600
2025-03-27 15:55:21,BNT-USDT,time_features,0.037067
2025-03-27 15:55:21,BNT-USDT,pattern_features,0.028158
2025-03-27 15:55:21,BNT-USDT,statistical_features,0.079440
2025-03-27 15:55:21,BNT-USDT,time_features,0.053640
2025-03-27 15:55:21,BNT-USDT,database_update,0.221966
2025-03-27 15:55:21,BNT-USDT,label_features,0.005797
2025-03-27 15:55:21,BNT-USDT,volume_features,0.091031
2025-03-27 15:55:21,BNT-USDT,time_features,0.002708
2025-03-27 15:55:21,BNT-USDT,label_features,0.000403
2025-03-27 15:55:21,BNT-USDT,pattern_features,0.006971
2025-03-27 15:55:21,BNT-USDT,TOTAL,1.433663
2025-03-27 15:55:21,global,compute_features_total,1.065769
2025-03-27 15:55:21,global,database_update,0.188829
2025-03-27 15:55:21,global,database_update,0.149268
2025-03-27 15:55:21,global,label_features,0.015819
2025-03-27 15:55:21,global,compute_features_total,1.001735
2025-03-27 15:55:21,global,statistical_features,0.071884
2025-03-27 15:55:21,global,time_features,0.005583
2025-03-27 15:55:21,global,TOTAL,1.565050
2025-03-27 15:55:21,global,TOTAL,1.565570
2025-03-27 15:55:21,global,compute_features_total,0.816165
2025-03-27 15:55:21,global,TOTAL,1.566137
2025-03-27 15:55:21,global,pattern_features,0.007473
2025-03-27 15:55:21,global,label_features,0.005555
2025-03-27 15:55:21,BOME-USDT,TOTAL,1.670130
2025-03-27 15:55:21,global,TOTAL,1.728820
2025-03-27 15:55:21,global,compute_features_total,0.898302
2025-03-27 15:55:21,BOME-USDT,time_features,0.013060
2025-03-27 15:55:21,BONK-USDT,label_features,0.001745
2025-03-27 15:55:21,BONK-USDT,database_update,0.181657
2025-03-27 15:55:21,BONK-USDT,database_update,0.188258
2025-03-27 15:55:21,BONK-USDT,db_get_columns,0.011358
2025-03-27 15:55:21,BONK-USDT,compute_features_total,0.812388
2025-03-27 15:55:21,BONK-USDT,db_get_columns,0.007106
2025-03-27 15:55:21,BONK-USDT,TOTAL,1.765237
2025-03-27 15:55:21,global,TOTAL,1.767492
2025-03-27 15:55:21,global,fetch_data,0.060611
2025-03-27 15:55:22,global,db_get_columns,0.068382
2025-03-27 15:55:22,global,TOTAL,1.832664
2025-03-27 15:55:22,global,database_update,0.170862
2025-03-27 15:55:22,global,fetch_data,0.080569
2025-03-27 15:55:22,global,TOTAL,1.906948
2025-03-27 15:55:22,global,price_action_features,0.000131
2025-03-27 15:55:22,global,database_update,0.216453
2025-03-27 15:55:22,BORA-USDT,TOTAL,1.959989
2025-03-27 15:55:22,global,price_action_features,0.000130
2025-03-27 15:55:22,global,fetch_data,0.062986
2025-03-27 15:55:22,global,momentum_features,0.000236
2025-03-27 15:55:22,global,TOTAL,2.022416
2025-03-27 15:55:22,BORA-USDT,TOTAL,2.080985
2025-03-27 15:55:22,global,momentum_features,0.000244
2025-03-27 15:55:22,global,database_update,0.374107
2025-03-27 15:55:22,global,price_action_features,0.000138
2025-03-27 15:55:22,global,TOTAL,2.207725
2025-03-27 15:55:22,global,volatility_features,0.083933
2025-03-27 15:55:22,global,TOTAL,2.233882
2025-03-27 15:55:22,global,db_get_columns,0.011044
2025-03-27 15:55:22,global,momentum_features,0.011076
2025-03-27 15:55:22,global,volatility_features,0.026749
2025-03-27 15:55:22,global,volume_features,0.010518
2025-03-27 15:55:22,global,TOTAL,2.333464
2025-03-27 15:55:22,global,fetch_data,0.009309
2025-03-27 15:55:22,global,price_action_features,0.000123
2025-03-27 15:55:22,global,volatility_features,0.159823
2025-03-27 15:55:22,global,momentum_features,0.015825
2025-03-27 15:55:22,global,volume_features,0.162133
2025-03-27 15:55:22,global,statistical_features,0.153901
2025-03-27 15:55:22,global,volume_features,0.052894
2025-03-27 15:55:22,global,pattern_features,0.089028
2025-03-27 15:55:22,global,volatility_features,0.120848
2025-03-27 15:55:22,global,statistical_features,0.122174
2025-03-27 15:55:22,global,statistical_features,0.109801
2025-03-27 15:55:22,global,time_features,0.036512
2025-03-27 15:55:22,global,pattern_features,0.007001
2025-03-27 15:55:22,global,volume_features,0.017335
2025-03-27 15:55:22,global,pattern_features,0.011769
2025-03-27 15:55:22,global,label_features,0.000351
2025-03-27 15:55:22,global,time_features,0.022845
2025-03-27 15:55:22,global,statistical_features,0.071327
2025-03-27 15:55:22,global,time_features,0.037690
2025-03-27 15:55:22,global,compute_features_total,0.828236
2025-03-27 15:55:22,global,label_features,0.000192
2025-03-27 15:55:22,global,pattern_features,0.006686
2025-03-27 15:55:22,global,label_features,0.000222
2025-03-27 15:55:22,global,compute_features_total,0.775523
2025-03-27 15:55:22,global,compute_features_total,0.673880
2025-03-27 15:55:22,global,time_features,0.019934
2025-03-27 15:55:22,global,label_features,0.000355
2025-03-27 15:55:22,global,compute_features_total,0.353822
2025-03-27 15:55:22,global,database_update,0.093932
2025-03-27 15:55:22,global,TOTAL,1.145172
2025-03-27 15:55:23,global,TOTAL,1.203315
2025-03-27 15:55:23,global,database_update,0.133899
2025-03-27 15:55:23,global,TOTAL,1.220180
2025-03-27 15:55:23,global,database_update,0.192662
2025-03-27 15:55:23,global,TOTAL,1.280383
2025-03-27 15:55:23,global,database_update,0.193849
2025-03-27 15:55:23,global,TOTAL,0.985843
2025-03-27 15:55:23,global,TOTAL,1.265563
2025-03-27 15:55:23,global,TOTAL,1.046249
2025-03-27 15:55:23,global,TOTAL,1.374357
2025-03-27 15:55:23,CAT-USDT,db_get_columns,0.003786
2025-03-27 15:55:23,CAT-USDT,db_get_columns,0.005052
2025-03-27 15:55:23,CAT-USDT,db_get_columns,0.003958
2025-03-27 15:55:23,CAT-USDT,fetch_data,0.006757
2025-03-27 15:55:23,CAT-USDT,fetch_data,0.006979
2025-03-27 15:55:23,CAT-USDT,fetch_data,0.010328
2025-03-27 15:55:23,CATI-USDT,price_action_features,0.000150
2025-03-27 15:55:23,CELO-USDT,price_action_features,0.000132
2025-03-27 15:55:23,CELR-USDT,price_action_features,0.000172
2025-03-27 15:55:23,CELR-USDT,momentum_features,0.000180
2025-03-27 15:55:23,CELR-USDT,momentum_features,0.000225
2025-03-27 15:55:23,CELR-USDT,momentum_features,0.000229
2025-03-27 15:55:23,CELR-USDT,db_get_columns,0.013211
2025-03-27 15:55:23,CELR-USDT,db_get_columns,0.013125
2025-03-27 15:55:23,CELR-USDT,db_get_columns,0.022675
2025-03-27 15:55:23,CELR-USDT,volatility_features,0.041887
2025-03-27 15:55:23,CELR-USDT,volatility_features,0.042218
2025-03-27 15:55:23,CELR-USDT,fetch_data,0.007967
2025-03-27 15:55:23,CETUS-USDT,fetch_data,0.008074
2025-03-27 15:55:23,CETUS-USDT,volatility_features,0.038577
2025-03-27 15:55:23,CETUS-USDT,fetch_data,0.007086
2025-03-27 15:55:23,CFG-USDT,price_action_features,0.000117
2025-03-27 15:55:23,CFG-USDT,volume_features,0.123307
2025-03-27 15:55:23,CFG-USDT,price_action_features,0.000105
2025-03-27 15:55:23,CFG-USDT,db_get_columns,0.010982
2025-03-27 15:55:23,CFG-USDT,volume_features,0.128347
2025-03-27 15:55:23,CFG-USDT,price_action_features,0.000129
2025-03-27 15:55:23,CFG-USDT,volume_features,0.070613
2025-03-27 15:55:23,CFG-USDT,momentum_features,0.000549
2025-03-27 15:55:23,CFG-USDT,db_get_columns,0.013936
2025-03-27 15:55:23,CFG-USDT,momentum_features,0.000575
2025-03-27 15:55:23,CFG-USDT,fetch_data,0.009702
2025-03-27 15:55:24,CFG-USDT,statistical_features,0.073874
2025-03-27 15:55:24,CFG-USDT,momentum_features,0.020809
2025-03-27 15:55:24,CFG-USDT,statistical_features,0.119522
2025-03-27 15:55:24,CFG-USDT,statistical_features,0.110943
2025-03-27 15:55:24,CFG-USDT,fetch_data,0.012755
2025-03-27 15:55:24,CFG-USDT,price_action_features,0.000112
2025-03-27 15:55:24,CFG-USDT,volatility_features,0.129982
2025-03-27 15:55:24,CFG-USDT,pattern_features,0.006817
2025-03-27 15:55:24,CFG-USDT,volatility_features,0.101393
2025-03-27 15:55:24,CFG-USDT,volatility_features,0.035499
2025-03-27 15:55:24,CFG-USDT,pattern_features,0.061326
2025-03-27 15:55:24,CFG-USDT,price_action_features,0.000116
2025-03-27 15:55:24,CFG-USDT,pattern_features,0.068367
2025-03-27 15:55:24,CFG-USDT,momentum_features,0.000202
2025-03-27 15:55:24,CFG-USDT,volume_features,0.012050
2025-03-27 15:55:24,CFG-USDT,time_features,0.012344
2025-03-27 15:55:24,CFG-USDT,volume_features,0.010302
2025-03-27 15:55:24,CFG-USDT,momentum_features,0.001967
2025-03-27 15:55:24,CFG-USDT,volume_features,0.020484
2025-03-27 15:55:24,CFG-USDT,time_features,0.011406
2025-03-27 15:55:24,CFG-USDT,time_features,0.018303
2025-03-27 15:55:24,CFG-USDT,label_features,0.025055
2025-03-27 15:55:24,CFG-USDT,statistical_features,0.112242
2025-03-27 15:55:24,CFG-USDT,volatility_features,0.134279
2025-03-27 15:55:24,CFG-USDT,statistical_features,0.108545
2025-03-27 15:55:24,CFG-USDT,statistical_features,0.073206
2025-03-27 15:55:24,CFG-USDT,label_features,0.042388
2025-03-27 15:55:24,CFG-USDT,volatility_features,0.120841
2025-03-27 15:55:24,CFG-USDT,label_features,0.005180
2025-03-27 15:55:24,CFG-USDT,compute_features_total,1.135340
2025-03-27 15:55:24,CFG-USDT,pattern_features,0.006600
2025-03-27 15:55:24,CFG-USDT,pattern_features,0.006674
2025-03-27 15:55:24,CFG-USDT,volume_features,0.016890
2025-03-27 15:55:24,CFG-USDT,pattern_features,0.006795
2025-03-27 15:55:24,CFG-USDT,compute_features_total,1.032218
2025-03-27 15:55:24,CFG-USDT,compute_features_total,1.101313
2025-03-27 15:55:24,CFG-USDT,volume_features,0.010525
2025-03-27 15:55:24,CFG-USDT,time_features,0.039708
2025-03-27 15:55:24,CFG-USDT,time_features,0.081150
2025-03-27 15:55:24,CFG-USDT,statistical_features,0.071934
2025-03-27 15:55:24,CFG-USDT,time_features,0.045870
2025-03-27 15:55:24,CFG-USDT,label_features,0.016348
2025-03-27 15:55:24,CFG-USDT,statistical_features,0.104254
2025-03-27 15:55:24,CFG-USDT,label_features,0.012313
2025-03-27 15:55:24,CFG-USDT,pattern_features,0.006709
2025-03-27 15:55:24,CFG-USDT,label_features,0.000687
2025-03-27 15:55:24,CFG-USDT,compute_features_total,1.095973
2025-03-27 15:55:24,CFG-USDT,pattern_features,0.006866
2025-03-27 15:55:24,CFG-USDT,compute_features_total,1.045295
2025-03-27 15:55:24,CFG-USDT,database_update,0.220671
2025-03-27 15:55:24,CFG-USDT,time_features,0.002392
2025-03-27 15:55:24,CFG-USDT,compute_features_total,0.978034
2025-03-27 15:55:24,CFG-USDT,time_features,0.025318
2025-03-27 15:55:24,CFG-USDT,database_update,0.155936
2025-03-27 15:55:24,CFG-USDT,database_update,0.160593
2025-03-27 15:55:24,CFG-USDT,TOTAL,1.514735
2025-03-27 15:55:24,global,label_features,0.000712
2025-03-27 15:55:24,global,label_features,0.000520
2025-03-27 15:55:24,global,TOTAL,1.519764
2025-03-27 15:55:24,global,TOTAL,1.519562
2025-03-27 15:55:24,global,TOTAL,1.573551
2025-03-27 15:55:24,global,compute_features_total,0.793350
2025-03-27 15:55:24,global,compute_features_total,0.674267
2025-03-27 15:55:24,global,TOTAL,1.656691
2025-03-27 15:55:24,global,database_update,0.234845
2025-03-27 15:55:24,global,TOTAL,1.721307
2025-03-27 15:55:24,global,database_update,0.242594
2025-03-27 15:55:24,CHZ-USDT,TOTAL,1.722347
2025-03-27 15:55:25,CITY-USDT,TOTAL,1.723036
2025-03-27 15:55:25,CHZ-USDT,TOTAL,1.784203
2025-03-27 15:55:25,CITY-USDT,database_update,0.358064
2025-03-27 15:55:25,CITY-USDT,TOTAL,1.875925
2025-03-27 15:55:25,CLV-USDT,TOTAL,1.878021
2025-03-27 15:55:25,CLV-USDT,db_get_columns,0.058375
2025-03-27 15:55:25,CLV-USDT,TOTAL,1.937397
2025-03-27 15:55:25,global,db_get_columns,0.057971
2025-03-27 15:55:25,global,db_get_columns,0.060246
2025-03-27 15:55:25,global,fetch_data,0.006343
2025-03-27 15:55:25,global,db_get_columns,0.005950
2025-03-27 15:55:25,global,fetch_data,0.008046
2025-03-27 15:55:25,global,fetch_data,0.010218
2025-03-27 15:55:25,global,price_action_features,0.000126
2025-03-27 15:55:25,global,fetch_data,0.059361
2025-03-27 15:55:25,global,price_action_features,0.000121
2025-03-27 15:55:25,global,database_update,0.345449
2025-03-27 15:55:25,global,database_update,0.345212
2025-03-27 15:55:25,global,price_action_features,0.000127
2025-03-27 15:55:25,global,momentum_features,0.000278
2025-03-27 15:55:25,global,price_action_features,0.000140
2025-03-27 15:55:25,global,momentum_features,0.000226
2025-03-27 15:55:25,global,TOTAL,2.185180
2025-03-27 15:55:25,global,TOTAL,2.185206
2025-03-27 15:55:25,global,momentum_features,0.000208
2025-03-27 15:55:25,global,momentum_features,0.000486
2025-03-27 15:55:25,global,TOTAL,2.277692
2025-03-27 15:55:25,global,volatility_features,0.102222
2025-03-27 15:55:25,global,TOTAL,2.357248
2025-03-27 15:55:25,global,volatility_features,0.165758
2025-03-27 15:55:25,global,volatility_features,0.038643
2025-03-27 15:55:25,global,volatility_features,0.051240
2025-03-27 15:55:25,global,volume_features,0.030824
2025-03-27 15:55:25,global,volume_features,0.031053
2025-03-27 15:55:25,global,volume_features,0.036098
2025-03-27 15:55:25,global,volume_features,0.113756
2025-03-27 15:55:25,global,statistical_features,0.160688
2025-03-27 15:55:25,global,statistical_features,0.173576
2025-03-27 15:55:25,global,statistical_features,0.206803
2025-03-27 15:55:25,global,pattern_features,0.024272
2025-03-27 15:55:25,global,statistical_features,0.097785
2025-03-27 15:55:25,global,pattern_features,0.012053
2025-03-27 15:55:25,global,pattern_features,0.006639
2025-03-27 15:55:25,global,time_features,0.002322
2025-03-27 15:55:25,global,pattern_features,0.006686
2025-03-27 15:55:25,global,time_features,0.002531
2025-03-27 15:55:26,global,time_features,0.002512
2025-03-27 15:55:26,global,label_features,0.000834
2025-03-27 15:55:26,global,label_features,0.000464
2025-03-27 15:55:26,global,time_features,0.002529
2025-03-27 15:55:26,global,label_features,0.000264
2025-03-27 15:55:26,global,compute_features_total,0.766551
2025-03-27 15:55:26,global,compute_features_total,0.649823
2025-03-27 15:55:26,global,label_features,0.000195
2025-03-27 15:55:26,global,compute_features_total,0.707393
2025-03-27 15:55:26,global,compute_features_total,0.589008
2025-03-27 15:55:26,global,database_update,0.097631
2025-03-27 15:55:26,global,TOTAL,1.093590
2025-03-27 15:55:26,global,database_update,0.170230
2025-03-27 15:55:26,global,database_update,0.170489
2025-03-27 15:55:26,global,TOTAL,1.166783
2025-03-27 15:55:26,global,database_update,0.171186
2025-03-27 15:55:26,global,TOTAL,1.066123
2025-03-27 15:55:26,global,TOTAL,1.222928
2025-03-27 15:55:26,global,TOTAL,1.223467
2025-03-27 15:55:26,global,TOTAL,1.137599
2025-03-27 15:55:26,global,TOTAL,1.359895
2025-03-27 15:55:26,global,TOTAL,1.421534
2025-03-27 15:55:26,CVC-USDT,db_get_columns,0.004106
2025-03-27 15:55:26,CVC-USDT,db_get_columns,0.004085
2025-03-27 15:55:26,CVC-USDT,db_get_columns,0.003992
2025-03-27 15:55:26,CVC-USDT,fetch_data,0.005914
2025-03-27 15:55:26,CVC-USDT,fetch_data,0.008361
2025-03-27 15:55:26,CRV-USDT,fetch_data,0.078241
2025-03-27 15:55:26,CRV-USDT,price_action_features,0.000147
2025-03-27 15:55:26,CRV-USDT,price_action_features,0.000164
2025-03-27 15:55:26,CSPR-USDT,price_action_features,0.000225
2025-03-27 15:55:26,CTC-USDT,momentum_features,0.000457
2025-03-27 15:55:26,CTC-USDT,momentum_features,0.000189
2025-03-27 15:55:26,CTC-USDT,momentum_features,0.000263
2025-03-27 15:55:26,CTC-USDT,db_get_columns,0.014332
2025-03-27 15:55:26,CTC-USDT,db_get_columns,0.023376
2025-03-27 15:55:26,CTC-USDT,db_get_columns,0.024714
2025-03-27 15:55:26,CTC-USDT,fetch_data,0.014242
2025-03-27 15:55:26,CTC-USDT,volatility_features,0.071165
2025-03-27 15:55:26,CTXC-USDT,fetch_data,0.007758
2025-03-27 15:55:26,CTXC-USDT,volatility_features,0.088207
2025-03-27 15:55:26,CTXC-USDT,volatility_features,0.072906
2025-03-27 15:55:26,CTXC-USDT,fetch_data,0.081079
2025-03-27 15:55:27,CTXC-USDT,price_action_features,0.000138
2025-03-27 15:55:27,CVC-USDT,price_action_features,0.000141
2025-03-27 15:55:27,CVC-USDT,volume_features,0.010515
2025-03-27 15:55:27,CVC-USDT,volume_features,0.113046
2025-03-27 15:55:27,CVC-USDT,db_get_columns,0.016092
2025-03-27 15:55:27,CVC-USDT,price_action_features,0.000164
2025-03-27 15:55:27,CVC-USDT,volume_features,0.095395
2025-03-27 15:55:27,CVC-USDT,momentum_features,0.000852
2025-03-27 15:55:27,CVC-USDT,momentum_features,0.000193
2025-03-27 15:55:27,CVC-USDT,db_get_columns,0.010256
2025-03-27 15:55:27,CVC-USDT,statistical_features,0.101938
2025-03-27 15:55:27,CVC-USDT,fetch_data,0.016433
2025-03-27 15:55:27,CVC-USDT,statistical_features,0.110343
2025-03-27 15:55:27,CVC-USDT,momentum_features,0.000246
2025-03-27 15:55:27,CVC-USDT,statistical_features,0.068126
2025-03-27 15:55:27,CVC-USDT,fetch_data,0.008590
2025-03-27 15:55:27,CVC-USDT,pattern_features,0.012848
2025-03-27 15:55:27,CVC-USDT,price_action_features,0.000162
2025-03-27 15:55:27,CVC-USDT,volatility_features,0.184043
2025-03-27 15:55:27,CVC-USDT,volatility_features,0.152831
2025-03-27 15:55:27,CVC-USDT,pattern_features,0.006705
2025-03-27 15:55:27,CVC-USDT,pattern_features,0.007409
2025-03-27 15:55:27,CVC-USDT,price_action_features,0.000278
2025-03-27 15:55:27,CVC-USDT,volatility_features,0.112536
2025-03-27 15:55:27,CVC-USDT,momentum_features,0.000551
2025-03-27 15:55:27,CVC-USDT,time_features,0.003421
2025-03-27 15:55:27,CVC-USDT,momentum_features,0.000691
2025-03-27 15:55:27,CVC-USDT,time_features,0.005680
2025-03-27 15:55:27,CVC-USDT,volume_features,0.023054
2025-03-27 15:55:27,CVC-USDT,time_features,0.010434
2025-03-27 15:55:27,CVC-USDT,volume_features,0.023135
2025-03-27 15:55:27,CVC-USDT,volume_features,0.021678
2025-03-27 15:55:27,CVC-USDT,label_features,0.006289
2025-03-27 15:55:27,CVC-USDT,label_features,0.015637
2025-03-27 15:55:27,CVC-USDT,volatility_features,0.043837
2025-03-27 15:55:27,CVC-USDT,volatility_features,0.063093
2025-03-27 15:55:27,CVC-USDT,label_features,0.000368
2025-03-27 15:55:27,CVC-USDT,statistical_features,0.081577
2025-03-27 15:55:27,CVC-USDT,compute_features_total,1.212755
2025-03-27 15:55:27,CVC-USDT,statistical_features,0.101725
2025-03-27 15:55:27,CVC-USDT,compute_features_total,1.317189
2025-03-27 15:55:27,CVC-USDT,statistical_features,0.102342
2025-03-27 15:55:27,CVC-USDT,volume_features,0.011431
2025-03-27 15:55:27,CVC-USDT,compute_features_total,1.214002
2025-03-27 15:55:27,CVC-USDT,volume_features,0.015547
2025-03-27 15:55:28,CVC-USDT,pattern_features,0.006690
2025-03-27 15:55:28,CVC-USDT,pattern_features,0.012319
2025-03-27 15:55:28,CVC-USDT,pattern_features,0.028524
2025-03-27 15:55:28,CVC-USDT,statistical_features,0.091691
2025-03-27 15:55:28,CVC-USDT,statistical_features,0.074361
2025-03-27 15:55:28,CVC-USDT,time_features,0.037732
2025-03-27 15:55:28,CVC-USDT,time_features,0.015980
2025-03-27 15:55:28,CVC-USDT,pattern_features,0.008476
2025-03-27 15:55:28,CVC-USDT,time_features,0.012657
2025-03-27 15:55:28,CVC-USDT,pattern_features,0.006674
2025-03-27 15:55:28,CVC-USDT,label_features,0.000390
2025-03-27 15:55:28,CVC-USDT,database_update,0.233281
2025-03-27 15:55:28,CVC-USDT,label_features,0.002889
2025-03-27 15:55:28,CVC-USDT,database_update,0.233514
2025-03-27 15:55:28,CVC-USDT,label_features,0.000594
2025-03-27 15:55:28,CVC-USDT,time_features,0.003596
2025-03-27 15:55:28,CVC-USDT,compute_features_total,1.271625
2025-03-27 15:55:28,CVC-USDT,time_features,0.002275
2025-03-27 15:55:28,CVC-USDT,TOTAL,1.692440
2025-03-27 15:55:28,global,compute_features_total,1.184889
2025-03-27 15:55:28,global,TOTAL,1.693041
2025-03-27 15:55:28,global,compute_features_total,1.077874
2025-03-27 15:55:28,global,label_features,0.000200
2025-03-27 15:55:28,global,label_features,0.000190
2025-03-27 15:55:28,global,TOTAL,1.766079
2025-03-27 15:55:28,global,database_update,0.300858
2025-03-27 15:55:28,global,TOTAL,1.847407
2025-03-27 15:55:28,global,compute_features_total,0.869222
2025-03-27 15:55:28,global,compute_features_total,0.761326
2025-03-27 15:55:28,CVX-USDT,TOTAL,1.877972
2025-03-27 15:55:28,CVX-USDT,TOTAL,1.944448
2025-03-27 15:55:28,CXT-USDT,db_get_columns,0.005600
2025-03-27 15:55:28,CXT-USDT,database_update,0.280711
2025-03-27 15:55:28,DAI-USDT,database_update,0.191228
2025-03-27 15:55:28,DAI-USDT,database_update,0.123345
2025-03-27 15:55:28,DAI-USDT,TOTAL,1.974493
2025-03-27 15:55:28,DAI-USDT,TOTAL,1.977525
2025-03-27 15:55:28,global,TOTAL,1.976701
2025-03-27 15:55:28,global,fetch_data,0.006198
2025-03-27 15:55:28,global,db_get_columns,0.004289
2025-03-27 15:55:28,global,TOTAL,2.050817
2025-03-27 15:55:28,global,TOTAL,2.132463
2025-03-27 15:55:28,global,database_update,0.252820
2025-03-27 15:55:28,global,db_get_columns,0.069168
2025-03-27 15:55:28,global,TOTAL,2.200659
2025-03-27 15:55:28,global,database_update,0.321891
2025-03-27 15:55:28,global,price_action_features,0.000140
2025-03-27 15:55:28,DAO-USDT,TOTAL,2.266821
2025-03-27 15:55:28,global,TOTAL,2.267010
2025-03-27 15:55:28,global,momentum_features,0.000253
2025-03-27 15:55:28,DAO-USDT,TOTAL,2.330428
2025-03-27 15:55:28,global,fetch_data,0.066781
2025-03-27 15:55:28,global,fetch_data,0.068199
2025-03-27 15:55:28,global,TOTAL,2.395139
2025-03-27 15:55:28,global,db_get_columns,0.004621
2025-03-27 15:55:28,global,price_action_features,0.000122
2025-03-27 15:55:28,global,volatility_features,0.086909
2025-03-27 15:55:28,global,price_action_features,0.000128
2025-03-27 15:55:28,global,momentum_features,0.000219
2025-03-27 15:55:28,global,fetch_data,0.007528
2025-03-27 15:55:29,global,momentum_features,0.000315
2025-03-27 15:55:29,global,volume_features,0.012933
2025-03-27 15:55:29,global,price_action_features,0.000124
2025-03-27 15:55:29,global,volatility_features,0.084960
2025-03-27 15:55:29,global,momentum_features,0.015715
2025-03-27 15:55:29,global,statistical_features,0.085677
2025-03-27 15:55:29,global,volatility_features,0.100186
2025-03-27 15:55:29,global,volume_features,0.059935
2025-03-27 15:55:29,global,pattern_features,0.006808
2025-03-27 15:55:29,global,volatility_features,0.037561
2025-03-27 15:55:29,global,statistical_features,0.074388
2025-03-27 15:55:29,global,volume_features,0.084051
2025-03-27 15:55:29,global,time_features,0.048293
2025-03-27 15:55:29,global,pattern_features,0.006735
2025-03-27 15:55:29,global,volume_features,0.016668
2025-03-27 15:55:29,global,statistical_features,0.064862
2025-03-27 15:55:29,global,label_features,0.023313
2025-03-27 15:55:29,global,time_features,0.012393
2025-03-27 15:55:29,global,pattern_features,0.016814
2025-03-27 15:55:29,global,compute_features_total,0.710048
2025-03-27 15:55:29,global,statistical_features,0.073837
2025-03-27 15:55:29,global,label_features,0.001529
2025-03-27 15:55:29,global,time_features,0.002164
2025-03-27 15:55:29,global,pattern_features,0.006692
2025-03-27 15:55:29,global,compute_features_total,0.531869
2025-03-27 15:55:29,global,label_features,0.000897
2025-03-27 15:55:29,global,time_features,0.002564
2025-03-27 15:55:29,global,compute_features_total,0.502261
2025-03-27 15:55:29,global,label_features,0.000408
2025-03-27 15:55:29,global,compute_features_total,0.434194
2025-03-27 15:55:29,global,database_update,0.064320
2025-03-27 15:55:29,global,TOTAL,1.161409
2025-03-27 15:55:29,global,database_update,0.153934
2025-03-27 15:55:29,global,TOTAL,1.224860
2025-03-27 15:55:29,global,TOTAL,1.283174
2025-03-27 15:55:29,global,database_update,0.187259
2025-03-27 15:55:29,global,TOTAL,1.343655
2025-03-27 15:55:29,global,database_update,0.152516
2025-03-27 15:55:29,global,TOTAL,1.248522
2025-03-27 15:55:29,global,TOTAL,0.954747
2025-03-27 15:55:29,global,TOTAL,1.305033
2025-03-27 15:55:29,global,TOTAL,1.061640
2025-03-27 15:55:29,DOT-USDT,db_get_columns,0.003761
2025-03-27 15:55:29,DOT-USDT,db_get_columns,0.003630
2025-03-27 15:55:29,DOT-USDT,db_get_columns,0.003249
2025-03-27 15:55:29,DOT-USDT,fetch_data,0.004987
2025-03-27 15:55:29,DOT-USDT,fetch_data,0.007246
2025-03-27 15:55:29,DOT-USDT,fetch_data,0.009288
2025-03-27 15:55:30,DIA-USDT,price_action_features,0.000125
2025-03-27 15:55:30,DOGE-USDT,price_action_features,0.000121
2025-03-27 15:55:30,DOGS-USDT,price_action_features,0.000136
2025-03-27 15:55:30,DOGS-USDT,momentum_features,0.000553
2025-03-27 15:55:30,DOGS-USDT,momentum_features,0.000902
2025-03-27 15:55:30,DOGS-USDT,momentum_features,0.000539
2025-03-27 15:55:30,DOGS-USDT,db_get_columns,0.014441
2025-03-27 15:55:30,DOGS-USDT,db_get_columns,0.013113
2025-03-27 15:55:30,DOGS-USDT,db_get_columns,0.014901
2025-03-27 15:55:30,DOGS-USDT,fetch_data,0.007416
2025-03-27 15:55:30,DOGS-USDT,volatility_features,0.056266
2025-03-27 15:55:30,DOGS-USDT,volatility_features,0.067961
2025-03-27 15:55:30,DORA-USDT,fetch_data,0.010683
2025-03-27 15:55:30,DORA-USDT,fetch_data,0.007511
2025-03-27 15:55:30,DOT-USDT,price_action_features,0.000123
2025-03-27 15:55:30,DOT-USDT,volatility_features,0.134449
2025-03-27 15:55:30,DOT-USDT,volume_features,0.009997
2025-03-27 15:55:30,DOT-USDT,price_action_features,0.000125
2025-03-27 15:55:30,DOT-USDT,price_action_features,0.000141
2025-03-27 15:55:30,DOT-USDT,volume_features,0.141277
2025-03-27 15:55:30,DOT-USDT,momentum_features,0.000245
2025-03-27 15:55:30,DOT-USDT,db_get_columns,0.012472
2025-03-27 15:55:30,DOT-USDT,db_get_columns,0.015653
2025-03-27 15:55:30,DOT-USDT,volume_features,0.047731
2025-03-27 15:55:30,DOT-USDT,momentum_features,0.018907
2025-03-27 15:55:30,DOT-USDT,statistical_features,0.077624
2025-03-27 15:55:30,DOT-USDT,momentum_features,0.002177
2025-03-27 15:55:30,DOT-USDT,fetch_data,0.012276
2025-03-27 15:55:30,DOT-USDT,statistical_features,0.077921
2025-03-27 15:55:30,DOT-USDT,fetch_data,0.007582
2025-03-27 15:55:30,DOT-USDT,volatility_features,0.077049
2025-03-27 15:55:30,DOT-USDT,statistical_features,0.079750
2025-03-27 15:55:30,DOT-USDT,volatility_features,0.068192
2025-03-27 15:55:30,DOT-USDT,pattern_features,0.007055
2025-03-27 15:55:30,DOT-USDT,price_action_features,0.000147
2025-03-27 15:55:30,DOT-USDT,volatility_features,0.099260
2025-03-27 15:55:30,DOT-USDT,pattern_features,0.006938
2025-03-27 15:55:30,DOT-USDT,price_action_features,0.000122
2025-03-27 15:55:30,DOT-USDT,pattern_features,0.007100
2025-03-27 15:55:30,DOT-USDT,volume_features,0.017141
2025-03-27 15:55:30,DOT-USDT,volume_features,0.010784
2025-03-27 15:55:30,DOT-USDT,momentum_features,0.001992
2025-03-27 15:55:30,DOT-USDT,time_features,0.008160
2025-03-27 15:55:30,DOT-USDT,volume_features,0.012649
2025-03-27 15:55:31,DOT-USDT,momentum_features,0.005727
2025-03-27 15:55:31,DOT-USDT,time_features,0.010464
2025-03-27 15:55:31,DOT-USDT,time_features,0.028041
2025-03-27 15:55:31,DOT-USDT,statistical_features,0.116910
2025-03-27 15:55:31,DOT-USDT,statistical_features,0.131651
2025-03-27 15:55:31,DOT-USDT,label_features,0.004549
2025-03-27 15:55:31,DOT-USDT,volatility_features,0.096885
2025-03-27 15:55:31,DOT-USDT,label_features,0.005726
2025-03-27 15:55:31,DOT-USDT,statistical_features,0.092958
2025-03-27 15:55:31,DOT-USDT,pattern_features,0.007289
2025-03-27 15:55:31,DOT-USDT,label_features,0.019884
2025-03-27 15:55:31,DOT-USDT,volatility_features,0.079165
2025-03-27 15:55:31,DOT-USDT,pattern_features,0.017159
2025-03-27 15:55:31,DOT-USDT,compute_features_total,1.172913
2025-03-27 15:55:31,DOT-USDT,compute_features_total,1.236559
2025-03-27 15:55:31,DOT-USDT,volume_features,0.013335
2025-03-27 15:55:31,DOT-USDT,pattern_features,0.011994
2025-03-27 15:55:31,DOT-USDT,time_features,0.002479
2025-03-27 15:55:31,DOT-USDT,compute_features_total,1.131195
2025-03-27 15:55:31,DOT-USDT,volume_features,0.013016
2025-03-27 15:55:31,DOT-USDT,time_features,0.008151
2025-03-27 15:55:31,DOT-USDT,time_features,0.070534
2025-03-27 15:55:31,DOT-USDT,label_features,0.021986
2025-03-27 15:55:31,DOT-USDT,statistical_features,0.109750
2025-03-27 15:55:31,DOT-USDT,label_features,0.036256
2025-03-27 15:55:31,DOT-USDT,statistical_features,0.096559
2025-03-27 15:55:31,DOT-USDT,compute_features_total,1.190782
2025-03-27 15:55:31,DOT-USDT,label_features,0.010617
2025-03-27 15:55:31,DOT-USDT,pattern_features,0.007709
2025-03-27 15:55:31,DOT-USDT,compute_features_total,1.119601
2025-03-27 15:55:31,DOT-USDT,pattern_features,0.006720
2025-03-27 15:55:31,DOT-USDT,compute_features_total,1.060520
2025-03-27 15:55:31,DOT-USDT,database_update,0.232377
2025-03-27 15:55:31,DOT-USDT,database_update,0.232148
2025-03-27 15:55:31,DOT-USDT,time_features,0.033687
2025-03-27 15:55:31,DOT-USDT,database_update,0.152460
2025-03-27 15:55:31,DOT-USDT,time_features,0.003381
2025-03-27 15:55:31,DOT-USDT,TOTAL,1.609723
2025-03-27 15:55:31,global,TOTAL,1.610657
2025-03-27 15:55:31,global,label_features,0.019584
2025-03-27 15:55:31,global,TOTAL,1.630251
2025-03-27 15:55:31,global,label_features,0.000329
2025-03-27 15:55:31,global,TOTAL,1.700390
2025-03-27 15:55:31,global,database_update,0.193306
2025-03-27 15:55:31,global,TOTAL,1.760054
2025-03-27 15:55:31,global,database_update,0.185788
2025-03-27 15:55:31,global,compute_features_total,0.859020
2025-03-27 15:55:31,global,TOTAL,1.825389
2025-03-27 15:55:31,global,compute_features_total,0.843472
2025-03-27 15:55:31,DUCK-USDT,TOTAL,1.825397
2025-03-27 15:55:31,DYDX-USDT,TOTAL,1.824848
2025-03-27 15:55:31,EGLD-USDT,TOTAL,1.888096
2025-03-27 15:55:31,DYDX-USDT,database_update,0.308725
2025-03-27 15:55:31,EGLD-USDT,TOTAL,1.968849
2025-03-27 15:55:31,EIGEN-USDT,TOTAL,1.971075
2025-03-27 15:55:31,global,db_get_columns,0.062322
2025-03-27 15:55:31,global,db_get_columns,0.061890
2025-03-27 15:55:31,global,db_get_columns,0.062436
2025-03-27 15:55:31,global,TOTAL,2.035602
2025-03-27 15:55:31,EIGEN-USDT,fetch_data,0.006688
2025-03-27 15:55:31,EIGEN-USDT,fetch_data,0.009820
2025-03-27 15:55:32,EIGEN-USDT,fetch_data,0.013116
2025-03-27 15:55:32,EIGEN-USDT,price_action_features,0.000150
2025-03-27 15:55:32,EIGEN-USDT,db_get_columns,0.083737
2025-03-27 15:55:32,EIGEN-USDT,database_update,0.370786
2025-03-27 15:55:32,EIGEN-USDT,price_action_features,0.000152
2025-03-27 15:55:32,EIGEN-USDT,database_update,0.370759
2025-03-27 15:55:32,EIGEN-USDT,price_action_features,0.000125
2025-03-27 15:55:32,EIGEN-USDT,momentum_features,0.000225
2025-03-27 15:55:32,EIGEN-USDT,TOTAL,2.257744
2025-03-27 15:55:32,global,momentum_features,0.000237
2025-03-27 15:55:32,global,volatility_features,0.094281
2025-03-27 15:55:32,global,momentum_features,0.000224
2025-03-27 15:55:32,global,fetch_data,0.010073
2025-03-27 15:55:32,global,TOTAL,2.258071
2025-03-27 15:55:32,global,TOTAL,2.354140
2025-03-27 15:55:32,global,volatility_features,0.027746
2025-03-27 15:55:32,global,price_action_features,0.000121
2025-03-27 15:55:32,global,TOTAL,2.505877
2025-03-27 15:55:32,global,volume_features,0.142455
2025-03-27 15:55:32,global,volatility_features,0.146962
2025-03-27 15:55:32,global,momentum_features,0.001136
2025-03-27 15:55:32,global,volume_features,0.021532
2025-03-27 15:55:32,global,statistical_features,0.077807
2025-03-27 15:55:32,global,volume_features,0.082378
2025-03-27 15:55:32,global,pattern_features,0.047683
2025-03-27 15:55:32,global,volatility_features,0.115654
2025-03-27 15:55:32,global,statistical_features,0.169475
2025-03-27 15:55:32,global,statistical_features,0.130664
2025-03-27 15:55:32,global,time_features,0.068710
2025-03-27 15:55:32,global,volume_features,0.060453
2025-03-27 15:55:32,global,pattern_features,0.013015
2025-03-27 15:55:32,global,pattern_features,0.006766
2025-03-27 15:55:32,global,label_features,0.000238
2025-03-27 15:55:32,global,time_features,0.041533
2025-03-27 15:55:32,global,statistical_features,0.072296
2025-03-27 15:55:32,global,time_features,0.040637
2025-03-27 15:55:32,global,compute_features_total,0.766063
2025-03-27 15:55:32,global,label_features,0.000215
2025-03-27 15:55:32,global,pattern_features,0.006737
2025-03-27 15:55:32,global,label_features,0.000201
2025-03-27 15:55:32,global,compute_features_total,0.697833
2025-03-27 15:55:32,global,compute_features_total,0.653907
2025-03-27 15:55:32,global,time_features,0.019417
2025-03-27 15:55:32,global,label_features,0.000209
2025-03-27 15:55:32,global,compute_features_total,0.464806
2025-03-27 15:55:32,global,database_update,0.076697
2025-03-27 15:55:32,global,TOTAL,1.004251
2025-03-27 15:55:32,global,TOTAL,1.077613
2025-03-27 15:55:32,global,database_update,0.146893
2025-03-27 15:55:32,global,database_update,0.146842
2025-03-27 15:55:32,global,TOTAL,1.234912
2025-03-27 15:55:32,global,TOTAL,1.235427
2025-03-27 15:55:32,global,TOTAL,1.298014
2025-03-27 15:55:32,global,TOTAL,1.354025
2025-03-27 15:55:32,global,database_update,0.264694
2025-03-27 15:55:32,global,TOTAL,1.207985
2025-03-27 15:55:33,global,TOTAL,1.263091
2025-03-27 15:55:33,FET-USDT,db_get_columns,0.003820
2025-03-27 15:55:33,FET-USDT,db_get_columns,0.003480
2025-03-27 15:55:33,FET-USDT,db_get_columns,0.004530
2025-03-27 15:55:33,FET-USDT,fetch_data,0.006032
2025-03-27 15:55:33,FET-USDT,fetch_data,0.008037
2025-03-27 15:55:33,FET-USDT,fetch_data,0.011471
2025-03-27 15:55:33,ENS-USDT,price_action_features,0.000142
2025-03-27 15:55:33,ENS-USDT,price_action_features,0.000133
2025-03-27 15:55:33,EOS-USDT,price_action_features,0.000127
2025-03-27 15:55:33,ERN-USDT,momentum_features,0.000836
2025-03-27 15:55:33,ERN-USDT,momentum_features,0.000905
2025-03-27 15:55:33,ERN-USDT,momentum_features,0.001260
2025-03-27 15:55:33,ERN-USDT,db_get_columns,0.011778
2025-03-27 15:55:33,ERN-USDT,db_get_columns,0.014833
2025-03-27 15:55:33,ERN-USDT,db_get_columns,0.012374
2025-03-27 15:55:33,ERN-USDT,volatility_features,0.051334
2025-03-27 15:55:33,ERN-USDT,fetch_data,0.007236
2025-03-27 15:55:33,ETC-USDT,volatility_features,0.072244
2025-03-27 15:55:33,ETC-USDT,volatility_features,0.071067
2025-03-27 15:55:33,ETC-USDT,fetch_data,0.009084
2025-03-27 15:55:33,ETC-USDT,fetch_data,0.010736
2025-03-27 15:55:33,ETC-USDT,price_action_features,0.000190
2025-03-27 15:55:33,FET-USDT,volume_features,0.082392
2025-03-27 15:55:33,FET-USDT,db_get_columns,0.066945
2025-03-27 15:55:33,FET-USDT,volume_features,0.072294
2025-03-27 15:55:33,FET-USDT,price_action_features,0.000138
2025-03-27 15:55:33,FET-USDT,volume_features,0.082300
2025-03-27 15:55:33,FET-USDT,price_action_features,0.000116
2025-03-27 15:55:33,FET-USDT,momentum_features,0.000201
2025-03-27 15:55:33,FET-USDT,db_get_columns,0.015576
2025-03-27 15:55:33,FET-USDT,fetch_data,0.018039
2025-03-27 15:55:33,FET-USDT,statistical_features,0.076496
2025-03-27 15:55:33,FET-USDT,momentum_features,0.005411
2025-03-27 15:55:33,FET-USDT,statistical_features,0.077750
2025-03-27 15:55:33,FET-USDT,momentum_features,0.005528
2025-03-27 15:55:33,FET-USDT,statistical_features,0.073826
2025-03-27 15:55:33,FET-USDT,fetch_data,0.006682
2025-03-27 15:55:34,FET-USDT,price_action_features,0.000122
2025-03-27 15:55:34,FET-USDT,volatility_features,0.115151
2025-03-27 15:55:34,FET-USDT,pattern_features,0.006931
2025-03-27 15:55:34,FET-USDT,pattern_features,0.018246
2025-03-27 15:55:34,FET-USDT,volatility_features,0.043380
2025-03-27 15:55:34,FET-USDT,pattern_features,0.016073
2025-03-27 15:55:34,FET-USDT,price_action_features,0.000122
2025-03-27 15:55:34,FET-USDT,volatility_features,0.103983
2025-03-27 15:55:34,FET-USDT,momentum_features,0.000235
2025-03-27 15:55:34,FET-USDT,volume_features,0.014401
2025-03-27 15:55:34,FET-USDT,time_features,0.009861
2025-03-27 15:55:34,FET-USDT,time_features,0.011927
2025-03-27 15:55:34,FET-USDT,momentum_features,0.001994
2025-03-27 15:55:34,FET-USDT,volume_features,0.012719
2025-03-27 15:55:34,FET-USDT,time_features,0.012864
2025-03-27 15:55:34,FET-USDT,volume_features,0.031411
2025-03-27 15:55:34,FET-USDT,label_features,0.016234
2025-03-27 15:55:34,FET-USDT,statistical_features,0.089368
2025-03-27 15:55:34,FET-USDT,volatility_features,0.100609
2025-03-27 15:55:34,FET-USDT,label_features,0.000260
2025-03-27 15:55:34,FET-USDT,label_features,0.027146
2025-03-27 15:55:34,FET-USDT,statistical_features,0.093679
2025-03-27 15:55:34,FET-USDT,volatility_features,0.110360
2025-03-27 15:55:34,FET-USDT,compute_features_total,1.041746
2025-03-27 15:55:34,FET-USDT,pattern_features,0.017112
2025-03-27 15:55:34,FET-USDT,statistical_features,0.092693
2025-03-27 15:55:34,FET-USDT,compute_features_total,1.053202
2025-03-27 15:55:34,FET-USDT,compute_features_total,1.175827
2025-03-27 15:55:34,FET-USDT,volume_features,0.020972
2025-03-27 15:55:34,FET-USDT,pattern_features,0.006761
2025-03-27 15:55:34,FET-USDT,volume_features,0.010102
2025-03-27 15:55:34,FET-USDT,pattern_features,0.007271
2025-03-27 15:55:34,FET-USDT,time_features,0.010349
2025-03-27 15:55:34,FET-USDT,database_update,0.116597
2025-03-27 15:55:34,FET-USDT,statistical_features,0.135930
2025-03-27 15:55:34,FET-USDT,time_features,0.081656
2025-03-27 15:55:34,FET-USDT,time_features,0.047209
2025-03-27 15:55:34,FET-USDT,label_features,0.016707
2025-03-27 15:55:34,FET-USDT,statistical_features,0.085457
2025-03-27 15:55:34,FET-USDT,TOTAL,1.485261
2025-03-27 15:55:34,global,pattern_features,0.007900
2025-03-27 15:55:34,global,label_features,0.007387
2025-03-27 15:55:34,global,label_features,0.000999
2025-03-27 15:55:34,global,compute_features_total,1.135525
2025-03-27 15:55:34,global,pattern_features,0.006918
2025-03-27 15:55:34,global,TOTAL,1.570998
2025-03-27 15:55:34,global,database_update,0.264298
2025-03-27 15:55:34,global,database_update,0.264683
2025-03-27 15:55:34,global,time_features,0.002863
2025-03-27 15:55:34,global,compute_features_total,1.122946
2025-03-27 15:55:34,global,compute_features_total,1.063098
2025-03-27 15:55:34,global,time_features,0.018568
2025-03-27 15:55:34,FIL-USDT,TOTAL,1.593881
2025-03-27 15:55:34,global,TOTAL,1.593477
2025-03-27 15:55:34,global,label_features,0.000722
2025-03-27 15:55:34,global,label_features,0.000263
2025-03-27 15:55:34,FIL-USDT,TOTAL,1.660670
2025-03-27 15:55:34,global,database_update,0.175059
2025-03-27 15:55:34,global,TOTAL,1.749207
2025-03-27 15:55:34,global,compute_features_total,0.947781
2025-03-27 15:55:34,global,compute_features_total,0.831725
2025-03-27 15:55:34,FLM-USDT,TOTAL,1.750897
2025-03-27 15:55:34,FLM-USDT,TOTAL,1.822654
2025-03-27 15:55:34,global,db_get_columns,0.072589
2025-03-27 15:55:34,FLOW-USDT,database_update,0.263315
2025-03-27 15:55:34,FLOW-USDT,database_update,0.265261
2025-03-27 15:55:34,FLOW-USDT,TOTAL,1.861781
2025-03-27 15:55:35,global,TOTAL,1.861946
2025-03-27 15:55:35,global,fetch_data,0.007017
2025-03-27 15:55:35,global,db_get_columns,0.069020
2025-03-27 15:55:35,global,TOTAL,1.931193
2025-03-27 15:55:35,global,db_get_columns,0.072061
2025-03-27 15:55:35,global,db_get_columns,0.064337
2025-03-27 15:55:35,global,TOTAL,1.995181
2025-03-27 15:55:35,global,price_action_features,0.000185
2025-03-27 15:55:35,global,momentum_features,0.000129
2025-03-27 15:55:35,global,fetch_data,0.010107
2025-03-27 15:55:35,global,fetch_data,0.015981
2025-03-27 15:55:35,global,fetch_data,0.017709
2025-03-27 15:55:35,global,database_update,0.384605
2025-03-27 15:55:35,global,price_action_features,0.000124
2025-03-27 15:55:35,global,database_update,0.384813
2025-03-27 15:55:35,global,price_action_features,0.000129
2025-03-27 15:55:35,global,volatility_features,0.142102
2025-03-27 15:55:35,global,price_action_features,0.000122
2025-03-27 15:55:35,global,TOTAL,2.261595
2025-03-27 15:55:35,global,momentum_features,0.000232
2025-03-27 15:55:35,global,TOTAL,2.261899
2025-03-27 15:55:35,global,momentum_features,0.000155
2025-03-27 15:55:35,global,momentum_features,0.000262
2025-03-27 15:55:35,global,volume_features,0.010159
2025-03-27 15:55:35,global,TOTAL,2.341422
2025-03-27 15:55:35,global,TOTAL,2.410328
2025-03-27 15:55:35,global,volatility_features,0.124894
2025-03-27 15:55:35,global,volatility_features,0.127027
2025-03-27 15:55:35,global,statistical_features,0.088452
2025-03-27 15:55:35,global,volatility_features,0.128858
2025-03-27 15:55:35,global,pattern_features,0.006823
2025-03-27 15:55:35,global,volume_features,0.038635
2025-03-27 15:55:35,global,volume_features,0.040014
2025-03-27 15:55:35,global,volume_features,0.069408
2025-03-27 15:55:35,global,time_features,0.059736
2025-03-27 15:55:35,global,statistical_features,0.109501
2025-03-27 15:55:35,global,statistical_features,0.146187
2025-03-27 15:55:35,global,statistical_features,0.106295
2025-03-27 15:55:35,global,label_features,0.026974
2025-03-27 15:55:35,global,pattern_features,0.006883
2025-03-27 15:55:35,global,pattern_features,0.009313
2025-03-27 15:55:35,global,pattern_features,0.013654
2025-03-27 15:55:35,global,compute_features_total,0.756022
2025-03-27 15:55:35,global,time_features,0.002181
2025-03-27 15:55:35,global,time_features,0.019682
2025-03-27 15:55:35,global,time_features,0.019407
2025-03-27 15:55:35,global,label_features,0.001196
2025-03-27 15:55:35,global,label_features,0.001208
2025-03-27 15:55:35,global,compute_features_total,0.704631
2025-03-27 15:55:35,global,label_features,0.000889
2025-03-27 15:55:35,global,compute_features_total,0.579528
2025-03-27 15:55:35,global,compute_features_total,0.653740
2025-03-27 15:55:36,global,database_update,0.072529
2025-03-27 15:55:36,global,TOTAL,1.302329
2025-03-27 15:55:36,global,TOTAL,1.363277
2025-03-27 15:55:36,global,database_update,0.137916
2025-03-27 15:55:36,global,TOTAL,1.227759
2025-03-27 15:55:36,global,database_update,0.198257
2025-03-27 15:55:36,global,TOTAL,1.288459
2025-03-27 15:55:36,global,TOTAL,1.181186
2025-03-27 15:55:36,global,database_update,0.253975
2025-03-27 15:55:36,global,TOTAL,1.236886
2025-03-27 15:55:36,global,TOTAL,1.274291
2025-03-27 15:55:36,global,TOTAL,1.331646
2025-03-27 15:55:36,GAS-USDT,db_get_columns,0.003791
2025-03-27 15:55:36,GAS-USDT,db_get_columns,0.003405
2025-03-27 15:55:36,GAS-USDT,db_get_columns,0.003502
2025-03-27 15:55:36,GAS-USDT,fetch_data,0.005905
2025-03-27 15:55:36,GAS-USDT,fetch_data,0.008242
2025-03-27 15:55:36,GAS-USDT,fetch_data,0.009856
2025-03-27 15:55:36,FXS-USDT,price_action_features,0.000144
2025-03-27 15:55:36,G-USDT,price_action_features,0.000143
2025-03-27 15:55:36,G-USDT,price_action_features,0.000130
2025-03-27 15:55:36,GALA-USDT,momentum_features,0.001019
2025-03-27 15:55:36,GALA-USDT,momentum_features,0.000153
2025-03-27 15:55:36,GALA-USDT,momentum_features,0.002416
2025-03-27 15:55:36,GALA-USDT,db_get_columns,0.011445
2025-03-27 15:55:36,GALA-USDT,db_get_columns,0.017727
2025-03-27 15:55:36,GALA-USDT,db_get_columns,0.018224
2025-03-27 15:55:36,GALA-USDT,fetch_data,0.010952
2025-03-27 15:55:36,GALFT-USDT,fetch_data,0.022779
2025-03-27 15:55:36,GALFT-USDT,fetch_data,0.008502
2025-03-27 15:55:36,GALFT-USDT,volatility_features,0.073762
2025-03-27 15:55:36,GAS-USDT,volatility_features,0.170857
2025-03-27 15:55:36,GAS-USDT,volatility_features,0.154272
2025-03-27 15:55:36,GAS-USDT,price_action_features,0.000115
2025-03-27 15:55:36,GAS-USDT,price_action_features,0.000132
2025-03-27 15:55:36,GAS-USDT,price_action_features,0.000117
2025-03-27 15:55:36,GAS-USDT,db_get_columns,0.010683
2025-03-27 15:55:36,GAS-USDT,volume_features,0.016628
2025-03-27 15:55:36,GAS-USDT,momentum_features,0.000563
2025-03-27 15:55:36,GAS-USDT,db_get_columns,0.010620
2025-03-27 15:55:36,GAS-USDT,volume_features,0.023172
2025-03-27 15:55:36,GAS-USDT,momentum_features,0.006049
2025-03-27 15:55:36,GAS-USDT,volume_features,0.022705
2025-03-27 15:55:37,GAS-USDT,momentum_features,0.000236
2025-03-27 15:55:37,GAS-USDT,fetch_data,0.007884
2025-03-27 15:55:37,GAS-USDT,statistical_features,0.078351
2025-03-27 15:55:37,GAS-USDT,volatility_features,0.055441
2025-03-27 15:55:37,GAS-USDT,fetch_data,0.007848
2025-03-27 15:55:37,GAS-USDT,statistical_features,0.093940
2025-03-27 15:55:37,GAS-USDT,price_action_features,0.000138
2025-03-27 15:55:37,GAS-USDT,volatility_features,0.211345
2025-03-27 15:55:37,GAS-USDT,statistical_features,0.172090
2025-03-27 15:55:37,GAS-USDT,pattern_features,0.028211
2025-03-27 15:55:37,GAS-USDT,volatility_features,0.151670
2025-03-27 15:55:37,GAS-USDT,price_action_features,0.000130
2025-03-27 15:55:37,GAS-USDT,pattern_features,0.006666
2025-03-27 15:55:37,GAS-USDT,volume_features,0.081553
2025-03-27 15:55:37,GAS-USDT,momentum_features,0.000193
2025-03-27 15:55:37,GAS-USDT,pattern_features,0.007078
2025-03-27 15:55:37,GAS-USDT,volume_features,0.020927
2025-03-27 15:55:37,GAS-USDT,time_features,0.009388
2025-03-27 15:55:37,GAS-USDT,momentum_features,0.006076
2025-03-27 15:55:37,GAS-USDT,volume_features,0.010947
2025-03-27 15:55:37,GAS-USDT,time_features,0.002507
2025-03-27 15:55:37,GAS-USDT,statistical_features,0.078992
2025-03-27 15:55:37,GAS-USDT,time_features,0.039637
2025-03-27 15:55:37,GAS-USDT,label_features,0.026829
2025-03-27 15:55:37,GAS-USDT,statistical_features,0.100536
2025-03-27 15:55:37,GAS-USDT,volatility_features,0.168875
2025-03-27 15:55:37,GAS-USDT,volatility_features,0.135590
2025-03-27 15:55:37,GAS-USDT,label_features,0.051584
2025-03-27 15:55:37,GAS-USDT,statistical_features,0.094008
2025-03-27 15:55:37,GAS-USDT,pattern_features,0.013003
2025-03-27 15:55:37,GAS-USDT,label_features,0.000241
2025-03-27 15:55:37,GAS-USDT,compute_features_total,1.067378
2025-03-27 15:55:37,GAS-USDT,pattern_features,0.006711
2025-03-27 15:55:37,GAS-USDT,compute_features_total,1.218112
2025-03-27 15:55:37,GAS-USDT,volume_features,0.015954
2025-03-27 15:55:37,GAS-USDT,volume_features,0.019585
2025-03-27 15:55:37,GAS-USDT,pattern_features,0.017854
2025-03-27 15:55:37,GAS-USDT,time_features,0.014069
2025-03-27 15:55:37,GAS-USDT,compute_features_total,1.171779
2025-03-27 15:55:37,GAS-USDT,time_features,0.019630
2025-03-27 15:55:37,GAS-USDT,statistical_features,0.111302
2025-03-27 15:55:37,GAS-USDT,statistical_features,0.159303
2025-03-27 15:55:37,GAS-USDT,time_features,0.055580
2025-03-27 15:55:37,GAS-USDT,label_features,0.001335
2025-03-27 15:55:37,GAS-USDT,label_features,0.000648
2025-03-27 15:55:37,GAS-USDT,pattern_features,0.016920
2025-03-27 15:55:37,GAS-USDT,pattern_features,0.010245
2025-03-27 15:55:37,GAS-USDT,label_features,0.000513
2025-03-27 15:55:37,GAS-USDT,compute_features_total,1.148322
2025-03-27 15:55:37,GAS-USDT,compute_features_total,1.091536
2025-03-27 15:55:37,GAS-USDT,database_update,0.220823
2025-03-27 15:55:37,GAS-USDT,database_update,0.201068
2025-03-27 15:55:37,GAS-USDT,time_features,0.002651
2025-03-27 15:55:37,GAS-USDT,compute_features_total,1.037865
2025-03-27 15:55:37,GAS-USDT,time_features,0.002106
2025-03-27 15:55:37,GAS-USDT,TOTAL,1.552464
2025-03-27 15:55:37,global,TOTAL,1.552140
2025-03-27 15:55:38,global,label_features,0.000253
2025-03-27 15:55:38,global,label_features,0.000161
2025-03-27 15:55:38,global,database_update,0.117798
2025-03-27 15:55:38,global,TOTAL,1.628703
2025-03-27 15:55:38,global,TOTAL,1.736679
2025-03-27 15:55:38,global,compute_features_total,0.761248
2025-03-27 15:55:38,global,compute_features_total,0.875134
2025-03-27 15:55:38,global,TOTAL,1.740257
2025-03-27 15:55:38,GEAR-USDT,TOTAL,1.823703
2025-03-27 15:55:38,GHST-USDT,database_update,0.284264
2025-03-27 15:55:38,GHST-USDT,database_update,0.285300
2025-03-27 15:55:38,GLM-USDT,TOTAL,1.835879
2025-03-27 15:55:38,global,TOTAL,1.837099
2025-03-27 15:55:38,GLM-USDT,TOTAL,1.897860
2025-03-27 15:55:38,global,TOTAL,1.954153
2025-03-27 15:55:38,global,db_get_columns,0.056640
2025-03-27 15:55:38,global,database_update,0.405124
2025-03-27 15:55:38,global,db_get_columns,0.056214
2025-03-27 15:55:38,GLMR-USDT,TOTAL,1.958019
2025-03-27 15:55:38,GLMR-USDT,fetch_data,0.063472
2025-03-27 15:55:38,GLMR-USDT,database_update,0.280816
2025-03-27 15:55:38,GLMR-USDT,db_get_columns,0.063756
2025-03-27 15:55:38,GLMR-USDT,fetch_data,0.065826
2025-03-27 15:55:38,GLMR-USDT,TOTAL,2.024210
2025-03-27 15:55:38,global,price_action_features,0.000131
2025-03-27 15:55:38,global,TOTAL,2.092110
2025-03-27 15:55:38,global,database_update,0.421251
2025-03-27 15:55:38,global,db_get_columns,0.067423
2025-03-27 15:55:38,global,price_action_features,0.000262
2025-03-27 15:55:38,global,fetch_data,0.070112
2025-03-27 15:55:38,global,momentum_features,0.000227
2025-03-27 15:55:38,global,TOTAL,2.213706
2025-03-27 15:55:38,global,TOTAL,2.214090
2025-03-27 15:55:38,global,momentum_features,0.000268
2025-03-27 15:55:38,global,price_action_features,0.000123
2025-03-27 15:55:38,global,fetch_data,0.058090
2025-03-27 15:55:38,global,volatility_features,0.025578
2025-03-27 15:55:38,global,TOTAL,2.359180
2025-03-27 15:55:38,global,momentum_features,0.000438
2025-03-27 15:55:38,global,price_action_features,0.000122
2025-03-27 15:55:38,global,volatility_features,0.092738
2025-03-27 15:55:38,global,volume_features,0.021751
2025-03-27 15:55:38,global,momentum_features,0.005391
2025-03-27 15:55:38,global,volatility_features,0.076576
2025-03-27 15:55:38,global,statistical_features,0.083795
2025-03-27 15:55:38,global,volume_features,0.103185
2025-03-27 15:55:38,global,pattern_features,0.007410
2025-03-27 15:55:38,global,volume_features,0.088979
2025-03-27 15:55:38,global,statistical_features,0.091819
2025-03-27 15:55:39,global,volatility_features,0.142072
2025-03-27 15:55:39,global,time_features,0.071615
2025-03-27 15:55:39,global,pattern_features,0.012356
2025-03-27 15:55:39,global,statistical_features,0.087649
2025-03-27 15:55:39,global,volume_features,0.011606
2025-03-27 15:55:39,global,label_features,0.005840
2025-03-27 15:55:39,global,time_features,0.002275
2025-03-27 15:55:39,global,pattern_features,0.006646
2025-03-27 15:55:39,global,compute_features_total,0.703483
2025-03-27 15:55:39,global,statistical_features,0.067823
2025-03-27 15:55:39,global,label_features,0.030289
2025-03-27 15:55:39,global,time_features,0.018268
2025-03-27 15:55:39,global,compute_features_total,0.705542
2025-03-27 15:55:39,global,pattern_features,0.009683
2025-03-27 15:55:39,global,label_features,0.000642
2025-03-27 15:55:39,global,compute_features_total,0.622913
2025-03-27 15:55:39,global,time_features,0.022035
2025-03-27 15:55:39,global,label_features,0.000437
2025-03-27 15:55:39,global,compute_features_total,0.455922
2025-03-27 15:55:39,global,database_update,0.095180
2025-03-27 15:55:39,global,TOTAL,1.130722
2025-03-27 15:55:39,global,TOTAL,1.194456
2025-03-27 15:55:39,global,database_update,0.110442
2025-03-27 15:55:39,global,TOTAL,1.169558
2025-03-27 15:55:39,global,database_update,0.133628
2025-03-27 15:55:39,global,database_update,0.174361
2025-03-27 15:55:39,global,TOTAL,1.234864
2025-03-27 15:55:39,global,TOTAL,1.251750
2025-03-27 15:55:39,global,TOTAL,1.116262
2025-03-27 15:55:39,global,TOTAL,1.313781
2025-03-27 15:55:39,global,TOTAL,1.234200
2025-03-27 15:55:39,HMSTR-USDT,db_get_columns,0.004065
2025-03-27 15:55:39,HMSTR-USDT,db_get_columns,0.003623
2025-03-27 15:55:39,HMSTR-USDT,db_get_columns,0.003568
2025-03-27 15:55:39,HMSTR-USDT,fetch_data,0.005857
2025-03-27 15:55:39,HMSTR-USDT,fetch_data,0.007280
2025-03-27 15:55:39,HMSTR-USDT,fetch_data,0.009848
2025-03-27 15:55:39,GODS-USDT,price_action_features,0.000124
2025-03-27 15:55:39,GODS-USDT,price_action_features,0.000131
2025-03-27 15:55:39,GODS-USDT,price_action_features,0.000133
2025-03-27 15:55:39,GOG-USDT,momentum_features,0.000333
2025-03-27 15:55:39,GOG-USDT,momentum_features,0.000290
2025-03-27 15:55:39,GOG-USDT,momentum_features,0.000566
2025-03-27 15:55:39,GOG-USDT,db_get_columns,0.012826
2025-03-27 15:55:39,GOG-USDT,db_get_columns,0.013384
2025-03-27 15:55:39,GOG-USDT,fetch_data,0.014734
2025-03-27 15:55:39,GOG-USDT,volatility_features,0.053878
2025-03-27 15:55:39,GOG-USDT,fetch_data,0.012694
2025-03-27 15:55:39,GRT-USDT,volatility_features,0.060595
2025-03-27 15:55:39,GRT-USDT,price_action_features,0.000136
2025-03-27 15:55:40,HBAR-USDT,volatility_features,0.139365
2025-03-27 15:55:40,HMSTR-USDT,price_action_features,0.000161
2025-03-27 15:55:40,HMSTR-USDT,volume_features,0.075379
2025-03-27 15:55:40,HMSTR-USDT,volume_features,0.011083
2025-03-27 15:55:40,HMSTR-USDT,momentum_features,0.005459
2025-03-27 15:55:40,HMSTR-USDT,momentum_features,0.005419
2025-03-27 15:55:40,HMSTR-USDT,db_get_columns,0.019259
2025-03-27 15:55:40,HMSTR-USDT,volume_features,0.013580
2025-03-27 15:55:40,HMSTR-USDT,db_get_columns,0.012734
2025-03-27 15:55:40,HMSTR-USDT,db_get_columns,0.026464
2025-03-27 15:55:40,HMSTR-USDT,statistical_features,0.091325
2025-03-27 15:55:40,HMSTR-USDT,statistical_features,0.079532
2025-03-27 15:55:40,HMSTR-USDT,fetch_data,0.007665
2025-03-27 15:55:40,HMSTR-USDT,volatility_features,0.045550
2025-03-27 15:55:40,HMSTR-USDT,fetch_data,0.022088
2025-03-27 15:55:40,HMSTR-USDT,statistical_features,0.080572
2025-03-27 15:55:40,HMSTR-USDT,fetch_data,0.012329
2025-03-27 15:55:40,HMSTR-USDT,volatility_features,0.115807
2025-03-27 15:55:40,HMSTR-USDT,pattern_features,0.006684
2025-03-27 15:55:40,HMSTR-USDT,pattern_features,0.006752
2025-03-27 15:55:40,HMSTR-USDT,price_action_features,0.000151
2025-03-27 15:55:40,HMSTR-USDT,price_action_features,0.000139
2025-03-27 15:55:40,HMSTR-USDT,pattern_features,0.006807
2025-03-27 15:55:40,HMSTR-USDT,volume_features,0.082441
2025-03-27 15:55:40,HMSTR-USDT,price_action_features,0.000131
2025-03-27 15:55:40,HMSTR-USDT,volume_features,0.014758
2025-03-27 15:55:40,HMSTR-USDT,time_features,0.010209
2025-03-27 15:55:40,HMSTR-USDT,time_features,0.007803
2025-03-27 15:55:40,HMSTR-USDT,momentum_features,0.000506
2025-03-27 15:55:40,HMSTR-USDT,momentum_features,0.000188
2025-03-27 15:55:40,HMSTR-USDT,time_features,0.001814
2025-03-27 15:55:40,HMSTR-USDT,momentum_features,0.033830
2025-03-27 15:55:40,HMSTR-USDT,statistical_features,0.093843
2025-03-27 15:55:40,HMSTR-USDT,label_features,0.027247
2025-03-27 15:55:40,HMSTR-USDT,label_features,0.010472
2025-03-27 15:55:40,HMSTR-USDT,statistical_features,0.097689
2025-03-27 15:55:40,HMSTR-USDT,label_features,0.005179
2025-03-27 15:55:40,HMSTR-USDT,volatility_features,0.037019
2025-03-27 15:55:40,HMSTR-USDT,pattern_features,0.016442
2025-03-27 15:55:40,HMSTR-USDT,compute_features_total,1.074241
2025-03-27 15:55:40,HMSTR-USDT,volatility_features,0.063560
2025-03-27 15:55:40,HMSTR-USDT,compute_features_total,0.959709
2025-03-27 15:55:40,HMSTR-USDT,pattern_features,0.011505
2025-03-27 15:55:40,HMSTR-USDT,volatility_features,0.059630
2025-03-27 15:55:40,HMSTR-USDT,compute_features_total,1.043290
2025-03-27 15:55:40,HMSTR-USDT,volume_features,0.012362
2025-03-27 15:55:40,HMSTR-USDT,time_features,0.008191
2025-03-27 15:55:40,HMSTR-USDT,volume_features,0.040132
2025-03-27 15:55:40,HMSTR-USDT,time_features,0.024989
2025-03-27 15:55:40,HMSTR-USDT,volume_features,0.012310
2025-03-27 15:55:40,HMSTR-USDT,label_features,0.000506
2025-03-27 15:55:40,HMSTR-USDT,statistical_features,0.112753
2025-03-27 15:55:41,HMSTR-USDT,database_update,0.172700
2025-03-27 15:55:41,HMSTR-USDT,label_features,0.015921
2025-03-27 15:55:41,HMSTR-USDT,database_update,0.166550
2025-03-27 15:55:41,HMSTR-USDT,statistical_features,0.107914
2025-03-27 15:55:41,HMSTR-USDT,compute_features_total,1.084741
2025-03-27 15:55:41,HMSTR-USDT,database_update,0.226833
2025-03-27 15:55:41,HMSTR-USDT,statistical_features,0.085074
2025-03-27 15:55:41,HMSTR-USDT,pattern_features,0.029485
2025-03-27 15:55:41,HMSTR-USDT,TOTAL,1.489293
2025-03-27 15:55:41,global,compute_features_total,1.061303
2025-03-27 15:55:41,global,TOTAL,1.489009
2025-03-27 15:55:41,global,pattern_features,0.006924
2025-03-27 15:55:41,global,TOTAL,1.496864
2025-03-27 15:55:41,global,pattern_features,0.012876
2025-03-27 15:55:41,global,time_features,0.027034
2025-03-27 15:55:41,global,TOTAL,1.581524
2025-03-27 15:55:41,global,TOTAL,1.636840
2025-03-27 15:55:41,ICX-USDT,TOTAL,1.729030
2025-03-27 15:55:41,ID-USDT,TOTAL,1.726671
2025-03-27 15:55:41,global,TOTAL,1.727378
2025-03-27 15:55:41,global,TOTAL,1.726716
2025-03-27 15:55:41,ID-USDT,TOTAL,1.856668
2025-03-27 15:55:41,global,TOTAL,1.907847
2025-03-27 15:55:41,global,TOTAL,1.965885
2025-03-27 15:55:41,global,TOTAL,1.908582
2025-03-27 15:55:41,global,TOTAL,1.968902
2025-03-27 15:55:41,global,TOTAL,2.030555
2025-03-27 15:55:41,global,db_get_columns,0.060663
2025-03-27 15:55:41,global,db_get_columns,0.060901
2025-03-27 15:55:41,global,db_get_columns,0.004139
2025-03-27 15:55:41,global,fetch_data,0.005486
2025-03-27 15:55:41,global,fetch_data,0.007899
2025-03-27 15:55:41,global,fetch_data,0.066758
2025-03-27 15:55:41,global,price_action_features,0.000150
2025-03-27 15:55:41,global,price_action_features,0.000128
2025-03-27 15:55:41,global,price_action_features,0.000121
2025-03-27 15:55:41,global,momentum_features,0.000252
2025-03-27 15:55:41,global,momentum_features,0.000165
2025-03-27 15:55:41,global,momentum_features,0.000191
2025-03-27 15:55:41,global,volatility_features,0.064756
2025-03-27 15:55:41,global,volatility_features,0.058332
2025-03-27 15:55:41,global,volatility_features,0.060278
2025-03-27 15:55:41,global,volume_features,0.030483
2025-03-27 15:55:41,global,volume_features,0.041720
2025-03-27 15:55:41,global,volume_features,0.041664
2025-03-27 15:55:42,global,statistical_features,0.103324
2025-03-27 15:55:42,global,statistical_features,0.138994
2025-03-27 15:55:42,global,pattern_features,0.041109
2025-03-27 15:55:42,global,statistical_features,0.112853
2025-03-27 15:55:42,global,pattern_features,0.006539
2025-03-27 15:55:42,global,time_features,0.002341
2025-03-27 15:55:42,global,pattern_features,0.006876
2025-03-27 15:55:42,global,time_features,0.002459
2025-03-27 15:55:42,global,label_features,0.000691
2025-03-27 15:55:42,global,label_features,0.000346
2025-03-27 15:55:42,global,time_features,0.002375
2025-03-27 15:55:42,global,compute_features_total,0.465491
2025-03-27 15:55:42,global,compute_features_total,0.404421
2025-03-27 15:55:42,global,label_features,0.000227
2025-03-27 15:55:42,global,compute_features_total,0.347339
2025-03-27 15:55:42,global,database_update,0.078268
2025-03-27 15:55:42,global,database_update,0.078425
2025-03-27 15:55:42,global,TOTAL,0.921978
2025-03-27 15:55:42,global,TOTAL,0.922072
2025-03-27 15:55:42,global,database_update,0.148916
2025-03-27 15:55:42,global,TOTAL,0.993104
2025-03-27 15:55:42,global,TOTAL,1.062890
2025-03-27 15:55:42,global,TOTAL,1.062441
2025-03-27 15:55:42,global,TOTAL,1.133163
