[INFO] 2025-04-03 19:54:03,983 | GPU monitoring initialized for 1 GPUs: Unknown GPU
[INFO] 2025-04-03 19:54:03,985 | Resource monitor initialized: CPU cores: 8 physical / 16 logical, RAM: 23.43 GB
[INFO] 2025-04-03 19:54:04,278 | GPU memory: 10.98 GB free / 12.00 GB total
[INFO] 2025-04-03 19:54:04,278 | System memory: 20.83 GB available / 23.43 GB total
[INFO] 2025-04-03 19:54:04,283 | Loaded credentials from /root/OKXsignal/config/credentials.env
[INFO] 2025-04-03 19:54:04,286 | Loaded config from /root/OKXsignal/config/config.ini
[INFO] 2025-04-03 19:54:04,417 | GPU detected: Device 0, Memory: 12.00 GB
[INFO] 2025-04-03 19:54:04,417 | GPU acceleration is available
[INFO] 2025-04-03 19:54:04,586 | Database connection pool initialized with 3-29 connections
[INFO] 2025-04-03 19:54:04,587 | Starting compute_features.py in FULL_BACKFILL mode with rolling_window=450
[INFO] 2025-04-03 19:54:04,587 | Using 24 parallel workers with max 29 database connections
[INFO] 2025-04-03 19:54:04,587 | Numba: enabled, GPU: disabled
[INFO] 2025-04-03 19:54:04,588 | Database connection test successful
[INFO] 2025-04-03 19:54:06,263 | Found 306 pairs
[INFO] 2025-04-03 19:54:06,264 | Full backfill mode: computing all historical data
[INFO] 2025-04-03 19:54:09,052 | Full backfill range: 2018-01-11 04:00:00+01:00 to 2025-04-03 09:00:00+02:00
[INFO] 2025-04-03 19:54:09,052 | Total candles to process: 8,524,078
[INFO] 2025-04-03 19:54:10,522 | Using batch size of 4 pairs for full backfill
[INFO] 2025-04-03 19:54:10,522 | Grouped 306 pairs into 88 batches for processing
[INFO] 2025-04-03 19:54:10,523 | Resource monitoring started with 10.0s interval
[INFO] 2025-04-03 19:54:10,523 | Processing batch 1/88 with 2 pairs
[INFO] 2025-04-03 19:54:10,524 | Computing features for BNT-USDT
[INFO] 2025-04-03 19:54:10,524 | Computing features for ELF-USDT
[INFO] 2025-04-03 19:54:10,585 | GPU is available: Device #0, Free: 10.98 GB / 12.00 GB
[ERROR] 2025-04-03 19:54:10,596 | Error processing BNT-USDT: unsupported operand type(s) for +: 'NoneType' and 'int'
Traceback (most recent call last):
  File "/root/OKXsignal/database/processing/compute_features.py", line 260, in process_pair
    price_data = fetch_data_numpy(db_conn, pair, rolling_window + 300)
TypeError: unsupported operand type(s) for +: 'NoneType' and 'int'
[INFO] 2025-04-03 19:54:10,598 | BNT-USDT: Updated 0/0 rows in 0.07s
[INFO] 2025-04-03 19:54:10,692 | Progress: 1/306 pairs (0.3%, 536.8 pairs/hour, 9444 candles/sec, ~0.6h remaining)
[INFO] 2025-04-03 19:54:10,692 | GPU is available: Device #0, Free: 10.98 GB / 12.00 GB
[ERROR] 2025-04-03 19:54:10,701 | Error processing ELF-USDT: unsupported operand type(s) for +: 'NoneType' and 'int'
Traceback (most recent call last):
  File "/root/OKXsignal/database/processing/compute_features.py", line 260, in process_pair
    price_data = fetch_data_numpy(db_conn, pair, rolling_window + 300)
TypeError: unsupported operand type(s) for +: 'NoneType' and 'int'
[INFO] 2025-04-03 19:54:10,701 | ELF-USDT: Updated 0/0 rows in 0.18s
[INFO] 2025-04-03 19:54:10,760 | Progress: 2/306 pairs (0.7%, 1062.7 pairs/hour, 18698 candles/sec, ~0.3h remaining)
[INFO] 2025-04-03 19:54:10,805 | Computing cross-pair features for batch 1
[INFO] 2025-04-03 19:54:10,806 | Computing cross-pair features
[INFO] 2025-04-03 19:54:12,044 | Processing cross-pair features for chunk 1: 2018-01-11 04:00:00+01:00 to 2018-02-10 04:00:00+01:00
[INFO] 2025-04-03 19:54:23,655 | Updated 1 rows with cross-pair features
[INFO] 2025-04-03 19:54:23,659 | Processing cross-pair features for chunk 2: 2018-02-10 04:00:01+01:00 to 2018-03-12 04:00:01+01:00
[INFO] 2025-04-03 19:54:35,037 | Updated 1 rows with cross-pair features
[INFO] 2025-04-03 19:54:35,042 | Processing cross-pair features for chunk 3: 2018-03-12 04:00:02+01:00 to 2018-04-11 04:00:02+01:00
[INFO] 2025-04-03 19:54:47,126 | Updated 1 rows with cross-pair features
[INFO] 2025-04-03 19:54:47,131 | Processing cross-pair features for chunk 4: 2018-04-11 04:00:03+01:00 to 2018-05-11 04:00:03+01:00
[INFO] 2025-04-03 19:55:00,194 | Updated 1 rows with cross-pair features
[INFO] 2025-04-03 19:55:00,199 | Processing cross-pair features for chunk 5: 2018-05-11 04:00:04+01:00 to 2018-06-10 04:00:04+01:00
[INFO] 2025-04-03 19:55:12,886 | Updated 1 rows with cross-pair features
[INFO] 2025-04-03 19:55:12,891 | Processing cross-pair features for chunk 6: 2018-06-10 04:00:05+01:00 to 2018-07-10 04:00:05+01:00
[INFO] 2025-04-03 19:55:27,073 | Updated 1 rows with cross-pair features
[INFO] 2025-04-03 19:55:27,079 | Processing cross-pair features for chunk 7: 2018-07-10 04:00:06+01:00 to 2018-08-09 04:00:06+01:00
[INFO] 2025-04-03 19:55:40,934 | Updated 1 rows with cross-pair features
[INFO] 2025-04-03 19:55:40,939 | Processing cross-pair features for chunk 8: 2018-08-09 04:00:07+01:00 to 2018-09-08 04:00:07+01:00
[INFO] 2025-04-03 19:55:54,836 | Updated 1 rows with cross-pair features
[INFO] 2025-04-03 19:55:54,841 | Processing cross-pair features for chunk 9: 2018-09-08 04:00:08+01:00 to 2018-10-08 04:00:08+01:00
[INFO] 2025-04-03 19:56:09,342 | Updated 1 rows with cross-pair features
[INFO] 2025-04-03 19:56:09,347 | Processing cross-pair features for chunk 10: 2018-10-08 04:00:09+01:00 to 2018-11-07 04:00:09+01:00
[INFO] 2025-04-03 19:56:23,656 | Updated 1 rows with cross-pair features
[INFO] 2025-04-03 19:56:23,661 | Processing cross-pair features for chunk 11: 2018-11-07 04:00:10+01:00 to 2018-12-07 04:00:10+01:00
[INFO] 2025-04-03 19:56:39,048 | Updated 1 rows with cross-pair features
[INFO] 2025-04-03 19:56:39,053 | Processing cross-pair features for chunk 12: 2018-12-07 04:00:11+01:00 to 2019-01-06 04:00:11+01:00
[INFO] 2025-04-03 19:56:54,202 | Updated 1 rows with cross-pair features
[INFO] 2025-04-03 19:56:54,208 | Processing cross-pair features for chunk 13: 2019-01-06 04:00:12+01:00 to 2019-02-05 04:00:12+01:00
[INFO] 2025-04-03 19:57:09,198 | Updated 1 rows with cross-pair features
[INFO] 2025-04-03 19:57:09,204 | Processing cross-pair features for chunk 14: 2019-02-05 04:00:13+01:00 to 2019-03-07 04:00:13+01:00
[INFO] 2025-04-03 19:57:23,900 | Updated 1 rows with cross-pair features
[INFO] 2025-04-03 19:57:23,906 | Processing cross-pair features for chunk 15: 2019-03-07 04:00:14+01:00 to 2019-04-06 04:00:14+01:00
[INFO] 2025-04-03 19:57:39,733 | Updated 1 rows with cross-pair features
[INFO] 2025-04-03 19:57:39,739 | Processing cross-pair features for chunk 16: 2019-04-06 04:00:15+01:00 to 2019-05-06 04:00:15+01:00
[INFO] 2025-04-03 19:57:55,356 | Updated 1 rows with cross-pair features
[INFO] 2025-04-03 19:57:55,361 | Processing cross-pair features for chunk 17: 2019-05-06 04:00:16+01:00 to 2019-06-05 04:00:16+01:00
[INFO] 2025-04-03 19:58:11,786 | Updated 1 rows with cross-pair features
[INFO] 2025-04-03 19:58:11,791 | Processing cross-pair features for chunk 18: 2019-06-05 04:00:17+01:00 to 2019-07-05 04:00:17+01:00
[INFO] 2025-04-03 19:58:28,081 | Updated 1 rows with cross-pair features
[INFO] 2025-04-03 19:58:28,086 | Processing cross-pair features for chunk 19: 2019-07-05 04:00:18+01:00 to 2019-08-04 04:00:18+01:00
[INFO] 2025-04-03 19:58:45,949 | Updated 1 rows with cross-pair features
[INFO] 2025-04-03 19:58:45,955 | Processing cross-pair features for chunk 20: 2019-08-04 04:00:19+01:00 to 2019-09-03 04:00:19+01:00
[INFO] 2025-04-03 19:59:04,094 | Updated 1 rows with cross-pair features
[INFO] 2025-04-03 19:59:04,101 | Processing cross-pair features for chunk 21: 2019-09-03 04:00:20+01:00 to 2019-10-03 04:00:20+01:00
[INFO] 2025-04-03 19:59:22,539 | Updated 1 rows with cross-pair features
[INFO] 2025-04-03 19:59:22,545 | Processing cross-pair features for chunk 22: 2019-10-03 04:00:21+01:00 to 2019-11-02 04:00:21+01:00
[INFO] 2025-04-03 19:59:41,034 | Updated 1 rows with cross-pair features
[INFO] 2025-04-03 19:59:41,040 | Processing cross-pair features for chunk 23: 2019-11-02 04:00:22+01:00 to 2019-12-02 04:00:22+01:00
[INFO] 2025-04-03 19:59:59,919 | Updated 1 rows with cross-pair features
[INFO] 2025-04-03 19:59:59,925 | Processing cross-pair features for chunk 24: 2019-12-02 04:00:23+01:00 to 2020-01-01 04:00:23+01:00
[INFO] 2025-04-03 20:00:18,846 | Updated 1 rows with cross-pair features
[INFO] 2025-04-03 20:00:18,853 | Processing cross-pair features for chunk 25: 2020-01-01 04:00:24+01:00 to 2020-01-31 04:00:24+01:00
[INFO] 2025-04-03 20:00:37,080 | Updated 1 rows with cross-pair features
[INFO] 2025-04-03 20:00:37,086 | Processing cross-pair features for chunk 26: 2020-01-31 04:00:25+01:00 to 2020-03-01 04:00:25+01:00
[INFO] 2025-04-03 20:00:55,977 | Updated 1 rows with cross-pair features
[INFO] 2025-04-03 20:00:55,984 | Processing cross-pair features for chunk 27: 2020-03-01 04:00:26+01:00 to 2020-03-31 04:00:26+01:00
[INFO] 2025-04-03 20:01:15,106 | Updated 1 rows with cross-pair features
[INFO] 2025-04-03 20:01:15,112 | Processing cross-pair features for chunk 28: 2020-03-31 04:00:27+01:00 to 2020-04-30 04:00:27+01:00
[INFO] 2025-04-03 20:01:35,480 | Updated 1 rows with cross-pair features
[INFO] 2025-04-03 20:01:35,486 | Processing cross-pair features for chunk 29: 2020-04-30 04:00:28+01:00 to 2020-05-30 04:00:28+01:00
[INFO] 2025-04-03 20:01:55,887 | Updated 1 rows with cross-pair features
[INFO] 2025-04-03 20:01:55,894 | Processing cross-pair features for chunk 30: 2020-05-30 04:00:29+01:00 to 2020-06-29 04:00:29+01:00
[INFO] 2025-04-03 20:02:15,876 | Updated 1 rows with cross-pair features
[INFO] 2025-04-03 20:02:15,882 | Processing cross-pair features for chunk 31: 2020-06-29 04:00:30+01:00 to 2020-07-29 04:00:30+01:00
[INFO] 2025-04-03 20:02:37,200 | Updated 1 rows with cross-pair features
[INFO] 2025-04-03 20:02:37,208 | Processing cross-pair features for chunk 32: 2020-07-29 04:00:31+01:00 to 2020-08-28 04:00:31+01:00
[INFO] 2025-04-03 20:02:59,670 | Updated 1 rows with cross-pair features
[INFO] 2025-04-03 20:02:59,678 | Processing cross-pair features for chunk 33: 2020-08-28 04:00:32+01:00 to 2020-09-27 04:00:32+01:00
[INFO] 2025-04-03 20:03:28,156 | Updated 1 rows with cross-pair features
[INFO] 2025-04-03 20:03:28,165 | Processing cross-pair features for chunk 34: 2020-09-27 04:00:33+01:00 to 2020-10-27 04:00:33+01:00
[INFO] 2025-04-03 20:03:58,727 | Updated 1 rows with cross-pair features
[INFO] 2025-04-03 20:03:58,737 | Processing cross-pair features for chunk 35: 2020-10-27 04:00:34+01:00 to 2020-11-26 04:00:34+01:00
[INFO] 2025-04-03 20:04:29,486 | Updated 1 rows with cross-pair features
[INFO] 2025-04-03 20:04:29,497 | Processing cross-pair features for chunk 36: 2020-11-26 04:00:35+01:00 to 2020-12-26 04:00:35+01:00
[INFO] 2025-04-03 20:05:00,906 | Updated 1 rows with cross-pair features
[INFO] 2025-04-03 20:05:00,917 | Processing cross-pair features for chunk 37: 2020-12-26 04:00:36+01:00 to 2021-01-25 04:00:36+01:00
[INFO] 2025-04-03 20:05:34,708 | Updated 1 rows with cross-pair features
[INFO] 2025-04-03 20:05:34,720 | Processing cross-pair features for chunk 38: 2021-01-25 04:00:37+01:00 to 2021-02-24 04:00:37+01:00
[INFO] 2025-04-03 20:06:10,924 | Updated 1 rows with cross-pair features
[INFO] 2025-04-03 20:06:10,934 | Processing cross-pair features for chunk 39: 2021-02-24 04:00:38+01:00 to 2021-03-26 04:00:38+01:00
[INFO] 2025-04-03 20:06:48,348 | Updated 1 rows with cross-pair features
[INFO] 2025-04-03 20:06:48,361 | Processing cross-pair features for chunk 40: 2021-03-26 04:00:39+01:00 to 2021-04-25 04:00:39+01:00
[INFO] 2025-04-03 20:07:29,542 | Updated 1 rows with cross-pair features
[INFO] 2025-04-03 20:07:29,554 | Processing cross-pair features for chunk 41: 2021-04-25 04:00:40+01:00 to 2021-05-25 04:00:40+01:00
[INFO] 2025-04-03 20:08:12,518 | Updated 1 rows with cross-pair features
[INFO] 2025-04-03 20:08:12,530 | Processing cross-pair features for chunk 42: 2021-05-25 04:00:41+01:00 to 2021-06-24 04:00:41+01:00
[INFO] 2025-04-03 20:08:57,390 | Updated 1 rows with cross-pair features
[INFO] 2025-04-03 20:08:57,403 | Processing cross-pair features for chunk 43: 2021-06-24 04:00:42+01:00 to 2021-07-24 04:00:42+01:00
[INFO] 2025-04-03 20:09:42,528 | Updated 1 rows with cross-pair features
[INFO] 2025-04-03 20:09:42,542 | Processing cross-pair features for chunk 44: 2021-07-24 04:00:43+01:00 to 2021-08-23 04:00:43+01:00
[INFO] 2025-04-03 20:10:28,062 | Updated 1 rows with cross-pair features
[INFO] 2025-04-03 20:10:28,084 | Processing cross-pair features for chunk 45: 2021-08-23 04:00:44+01:00 to 2021-09-22 04:00:44+01:00
[INFO] 2025-04-03 20:11:15,033 | Updated 1 rows with cross-pair features
[INFO] 2025-04-03 20:11:15,048 | Processing cross-pair features for chunk 46: 2021-09-22 04:00:45+01:00 to 2021-10-22 04:00:45+01:00
[INFO] 2025-04-03 20:12:04,013 | Updated 1 rows with cross-pair features
[INFO] 2025-04-03 20:12:04,028 | Processing cross-pair features for chunk 47: 2021-10-22 04:00:46+01:00 to 2021-11-21 04:00:46+01:00
[INFO] 2025-04-03 20:12:53,847 | Updated 1 rows with cross-pair features
[INFO] 2025-04-03 20:12:53,862 | Processing cross-pair features for chunk 48: 2021-11-21 04:00:47+01:00 to 2021-12-21 04:00:47+01:00
[INFO] 2025-04-03 20:13:46,322 | Updated 1 rows with cross-pair features
[INFO] 2025-04-03 20:13:46,337 | Processing cross-pair features for chunk 49: 2021-12-21 04:00:48+01:00 to 2022-01-20 04:00:48+01:00
[INFO] 2025-04-03 20:14:40,990 | Updated 1 rows with cross-pair features
[INFO] 2025-04-03 20:14:41,005 | Processing cross-pair features for chunk 50: 2022-01-20 04:00:49+01:00 to 2022-02-19 04:00:49+01:00
[INFO] 2025-04-03 20:15:40,216 | Updated 1 rows with cross-pair features
[INFO] 2025-04-03 20:15:40,233 | Processing cross-pair features for chunk 51: 2022-02-19 04:00:50+01:00 to 2022-03-21 04:00:50+01:00
[INFO] 2025-04-03 20:16:40,788 | Updated 1 rows with cross-pair features
[INFO] 2025-04-03 20:16:40,805 | Processing cross-pair features for chunk 52: 2022-03-21 04:00:51+01:00 to 2022-04-20 04:00:51+01:00
[INFO] 2025-04-03 20:17:45,724 | Updated 1 rows with cross-pair features
[INFO] 2025-04-03 20:17:45,742 | Processing cross-pair features for chunk 53: 2022-04-20 04:00:52+01:00 to 2022-05-20 04:00:52+01:00
[INFO] 2025-04-03 20:18:52,608 | Updated 1 rows with cross-pair features
[INFO] 2025-04-03 20:18:52,627 | Processing cross-pair features for chunk 54: 2022-05-20 04:00:53+01:00 to 2022-06-19 04:00:53+01:00
[INFO] 2025-04-03 20:20:01,177 | Updated 1 rows with cross-pair features
[INFO] 2025-04-03 20:20:01,196 | Processing cross-pair features for chunk 55: 2022-06-19 04:00:54+01:00 to 2022-07-19 04:00:54+01:00
[INFO] 2025-04-03 20:21:10,114 | Updated 1 rows with cross-pair features
[INFO] 2025-04-03 20:21:10,133 | Processing cross-pair features for chunk 56: 2022-07-19 04:00:55+01:00 to 2022-08-18 04:00:55+01:00
[INFO] 2025-04-03 20:22:24,570 | Updated 1 rows with cross-pair features
[INFO] 2025-04-03 20:22:24,595 | Processing cross-pair features for chunk 57: 2022-08-18 04:00:56+01:00 to 2022-09-17 04:00:56+01:00
[INFO] 2025-04-03 20:23:37,695 | Updated 1 rows with cross-pair features
[INFO] 2025-04-03 20:23:37,716 | Processing cross-pair features for chunk 58: 2022-09-17 04:00:57+01:00 to 2022-10-17 04:00:57+01:00
[INFO] 2025-04-03 20:24:48,869 | Updated 1 rows with cross-pair features
[INFO] 2025-04-03 20:24:48,889 | Processing cross-pair features for chunk 59: 2022-10-17 04:00:58+01:00 to 2022-11-16 04:00:58+01:00
[INFO] 2025-04-03 20:26:05,545 | Updated 1 rows with cross-pair features
[INFO] 2025-04-03 20:26:05,571 | Processing cross-pair features for chunk 60: 2022-11-16 04:00:59+01:00 to 2022-12-16 04:00:59+01:00
[INFO] 2025-04-03 20:27:40,118 | Updated 1 rows with cross-pair features
[INFO] 2025-04-03 20:27:40,148 | Processing cross-pair features for chunk 61: 2022-12-16 04:01:00+01:00 to 2023-01-15 04:01:00+01:00
[INFO] 2025-04-03 20:29:10,476 | Updated 1 rows with cross-pair features
[INFO] 2025-04-03 20:29:10,504 | Processing cross-pair features for chunk 62: 2023-01-15 04:01:01+01:00 to 2023-02-14 04:01:01+01:00
[INFO] 2025-04-03 20:30:37,102 | Updated 1 rows with cross-pair features
[INFO] 2025-04-03 20:30:37,128 | Processing cross-pair features for chunk 63: 2023-02-14 04:01:02+01:00 to 2023-03-16 04:01:02+01:00
[INFO] 2025-04-03 20:32:08,178 | Updated 1 rows with cross-pair features
[INFO] 2025-04-03 20:32:08,205 | Processing cross-pair features for chunk 64: 2023-03-16 04:01:03+01:00 to 2023-04-15 04:01:03+01:00
[INFO] 2025-04-03 20:33:39,133 | Updated 1 rows with cross-pair features
[INFO] 2025-04-03 20:33:39,162 | Processing cross-pair features for chunk 65: 2023-04-15 04:01:04+01:00 to 2023-05-15 04:01:04+01:00
[INFO] 2025-04-03 20:35:12,025 | Updated 1 rows with cross-pair features
[INFO] 2025-04-03 20:35:12,055 | Processing cross-pair features for chunk 66: 2023-05-15 04:01:05+01:00 to 2023-06-14 04:01:05+01:00
[INFO] 2025-04-03 20:36:45,781 | Updated 1 rows with cross-pair features
[INFO] 2025-04-03 20:36:45,809 | Processing cross-pair features for chunk 67: 2023-06-14 04:01:06+01:00 to 2023-07-14 04:01:06+01:00
[INFO] 2025-04-03 20:38:20,988 | Updated 1 rows with cross-pair features
[INFO] 2025-04-03 20:38:21,016 | Processing cross-pair features for chunk 68: 2023-07-14 04:01:07+01:00 to 2023-08-13 04:01:07+01:00
[INFO] 2025-04-03 20:39:57,184 | Updated 1 rows with cross-pair features
[INFO] 2025-04-03 20:39:57,216 | Processing cross-pair features for chunk 69: 2023-08-13 04:01:08+01:00 to 2023-09-12 04:01:08+01:00
[INFO] 2025-04-03 20:41:32,635 | Updated 1 rows with cross-pair features
[INFO] 2025-04-03 20:41:32,663 | Processing cross-pair features for chunk 70: 2023-09-12 04:01:09+01:00 to 2023-10-12 04:01:09+01:00
[INFO] 2025-04-03 20:43:09,564 | Updated 1 rows with cross-pair features
[INFO] 2025-04-03 20:43:09,594 | Processing cross-pair features for chunk 71: 2023-10-12 04:01:10+01:00 to 2023-11-11 04:01:10+01:00
[INFO] 2025-04-03 20:44:47,949 | Updated 1 rows with cross-pair features
[INFO] 2025-04-03 20:44:47,978 | Processing cross-pair features for chunk 72: 2023-11-11 04:01:11+01:00 to 2023-12-11 04:01:11+01:00
[INFO] 2025-04-03 20:46:28,219 | Updated 1 rows with cross-pair features
[INFO] 2025-04-03 20:46:28,247 | Processing cross-pair features for chunk 73: 2023-12-11 04:01:12+01:00 to 2024-01-10 04:01:12+01:00
[INFO] 2025-04-03 20:48:12,398 | Updated 1 rows with cross-pair features
[INFO] 2025-04-03 20:48:12,426 | Processing cross-pair features for chunk 74: 2024-01-10 04:01:13+01:00 to 2024-02-09 04:01:13+01:00
[INFO] 2025-04-03 20:49:56,746 | Updated 1 rows with cross-pair features
[INFO] 2025-04-03 20:49:56,777 | Processing cross-pair features for chunk 75: 2024-02-09 04:01:14+01:00 to 2024-03-10 04:01:14+01:00
[INFO] 2025-04-03 20:51:44,258 | Updated 1 rows with cross-pair features
[INFO] 2025-04-03 20:51:44,289 | Processing cross-pair features for chunk 76: 2024-03-10 04:01:15+01:00 to 2024-04-09 04:01:15+01:00
[INFO] 2025-04-03 20:53:30,070 | Updated 1 rows with cross-pair features
[INFO] 2025-04-03 20:53:30,104 | Processing cross-pair features for chunk 77: 2024-04-09 04:01:16+01:00 to 2024-05-09 04:01:16+01:00
[INFO] 2025-04-03 20:55:21,231 | Updated 1 rows with cross-pair features
[INFO] 2025-04-03 20:55:21,264 | Processing cross-pair features for chunk 78: 2024-05-09 04:01:17+01:00 to 2024-06-08 04:01:17+01:00
[INFO] 2025-04-03 20:57:14,355 | Updated 1 rows with cross-pair features
[INFO] 2025-04-03 20:57:14,386 | Processing cross-pair features for chunk 79: 2024-06-08 04:01:18+01:00 to 2024-07-08 04:01:18+01:00
[INFO] 2025-04-03 20:59:09,126 | Updated 1 rows with cross-pair features
[INFO] 2025-04-03 20:59:09,158 | Processing cross-pair features for chunk 80: 2024-07-08 04:01:19+01:00 to 2024-08-07 04:01:19+01:00
[INFO] 2025-04-03 21:01:05,894 | Updated 1 rows with cross-pair features
[INFO] 2025-04-03 21:01:05,927 | Processing cross-pair features for chunk 81: 2024-08-07 04:01:20+01:00 to 2024-09-06 04:01:20+01:00
[INFO] 2025-04-03 21:03:04,203 | Updated 1 rows with cross-pair features
[INFO] 2025-04-03 21:03:04,237 | Processing cross-pair features for chunk 82: 2024-09-06 04:01:21+01:00 to 2024-10-06 04:01:21+01:00
[INFO] 2025-04-03 21:05:02,521 | Updated 1 rows with cross-pair features
[INFO] 2025-04-03 21:05:02,555 | Processing cross-pair features for chunk 83: 2024-10-06 04:01:22+01:00 to 2024-11-05 04:01:22+01:00
[INFO] 2025-04-03 21:07:07,272 | Updated 1 rows with cross-pair features
[INFO] 2025-04-03 21:07:07,312 | Processing cross-pair features for chunk 84: 2024-11-05 04:01:23+01:00 to 2024-12-05 04:01:23+01:00
[INFO] 2025-04-03 21:09:16,184 | Updated 1 rows with cross-pair features
[INFO] 2025-04-03 21:09:16,229 | Processing cross-pair features for chunk 85: 2024-12-05 04:01:24+01:00 to 2025-01-04 04:01:24+01:00
[INFO] 2025-04-03 21:11:37,481 | Updated 1 rows with cross-pair features
[INFO] 2025-04-03 21:11:37,522 | Processing cross-pair features for chunk 86: 2025-01-04 04:01:25+01:00 to 2025-02-03 04:01:25+01:00
[INFO] 2025-04-03 21:14:06,074 | Updated 1 rows with cross-pair features
[INFO] 2025-04-03 21:14:06,119 | Processing cross-pair features for chunk 87: 2025-02-03 04:01:26+01:00 to 2025-03-05 04:01:26+01:00
[INFO] 2025-04-03 21:16:21,097 | Updated 1 rows with cross-pair features
[INFO] 2025-04-03 21:16:21,134 | Processing cross-pair features for chunk 88: 2025-03-05 04:01:27+01:00 to 2025-04-03 09:00:00+02:00
[INFO] 2025-04-03 21:19:17,160 | Updated 1 rows with cross-pair features
[WARNING] 2025-04-03 21:19:17,203 | Unreasonable duration detected for cross_pair_features: 5106.40s. Capping at 3600s.
[WARNING] 2025-04-03 21:19:17,205 | Unreasonable total duration detected for CROSS_PAIR: 5106.40s. Capping at 3600s.
[INFO] 2025-04-03 21:19:17,206 | Processing batch 2/88 with 2 pairs
[INFO] 2025-04-03 21:19:17,206 | Computing features for ZRX-USDT
[INFO] 2025-04-03 21:19:17,206 | Computing features for NULS-USDT
[INFO] 2025-04-03 21:19:17,228 | GPU is available: Device #0, Free: 10.98 GB / 12.00 GB
[ERROR] 2025-04-03 21:19:17,234 | Error processing ZRX-USDT: unsupported operand type(s) for +: 'NoneType' and 'int'
Traceback (most recent call last):
  File "/root/OKXsignal/database/processing/compute_features.py", line 260, in process_pair
    price_data = fetch_data_numpy(db_conn, pair, rolling_window + 300)
TypeError: unsupported operand type(s) for +: 'NoneType' and 'int'
[INFO] 2025-04-03 21:19:17,234 | ZRX-USDT: Updated 0/0 rows in 0.03s
[INFO] 2025-04-03 21:19:17,360 | Progress: 3/306 pairs (1.0%, 2.1 pairs/hour, 37 candles/sec, ~143.5h remaining)
[INFO] 2025-04-03 21:19:17,372 | GPU is available: Device #0, Free: 10.98 GB / 12.00 GB
[ERROR] 2025-04-03 21:19:17,391 | Error processing NULS-USDT: unsupported operand type(s) for +: 'NoneType' and 'int'
Traceback (most recent call last):
  File "/root/OKXsignal/database/processing/compute_features.py", line 260, in process_pair
    price_data = fetch_data_numpy(db_conn, pair, rolling_window + 300)
TypeError: unsupported operand type(s) for +: 'NoneType' and 'int'
[INFO] 2025-04-03 21:19:17,391 | NULS-USDT: Updated 0/0 rows in 0.18s
[INFO] 2025-04-03 21:19:17,464 | Progress: 4/306 pairs (1.3%, 2.8 pairs/hour, 50 candles/sec, ~107.2h remaining)
[INFO] 2025-04-03 21:19:17,537 | Computing cross-pair features for batch 2
[INFO] 2025-04-03 21:19:17,537 | Computing cross-pair features
[INFO] 2025-04-03 21:19:19,701 | Processing cross-pair features for chunk 1: 2018-01-11 04:00:00+01:00 to 2018-02-10 04:00:00+01:00
[INFO] 2025-04-03 21:19:33,212 | Updated 1 rows with cross-pair features
[INFO] 2025-04-03 21:19:33,218 | Processing cross-pair features for chunk 2: 2018-02-10 04:00:01+01:00 to 2018-03-12 04:00:01+01:00
[INFO] 2025-04-03 21:19:46,918 | Updated 1 rows with cross-pair features
[INFO] 2025-04-03 21:19:46,923 | Processing cross-pair features for chunk 3: 2018-03-12 04:00:02+01:00 to 2018-04-11 04:00:02+01:00
[INFO] 2025-04-03 21:20:01,197 | Updated 1 rows with cross-pair features
[INFO] 2025-04-03 21:20:01,202 | Processing cross-pair features for chunk 4: 2018-04-11 04:00:03+01:00 to 2018-05-11 04:00:03+01:00
[INFO] 2025-04-03 21:20:15,757 | Updated 1 rows with cross-pair features
[INFO] 2025-04-03 21:20:15,763 | Processing cross-pair features for chunk 5: 2018-05-11 04:00:04+01:00 to 2018-06-10 04:00:04+01:00
[INFO] 2025-04-03 21:20:31,071 | Updated 1 rows with cross-pair features
[INFO] 2025-04-03 21:20:31,078 | Processing cross-pair features for chunk 6: 2018-06-10 04:00:05+01:00 to 2018-07-10 04:00:05+01:00
[INFO] 2025-04-03 21:20:47,020 | Updated 1 rows with cross-pair features
[INFO] 2025-04-03 21:20:47,027 | Processing cross-pair features for chunk 7: 2018-07-10 04:00:06+01:00 to 2018-08-09 04:00:06+01:00
[INFO] 2025-04-03 21:21:03,164 | Updated 1 rows with cross-pair features
[INFO] 2025-04-03 21:21:03,171 | Processing cross-pair features for chunk 8: 2018-08-09 04:00:07+01:00 to 2018-09-08 04:00:07+01:00
[INFO] 2025-04-03 21:21:19,460 | Updated 1 rows with cross-pair features
[INFO] 2025-04-03 21:21:19,467 | Processing cross-pair features for chunk 9: 2018-09-08 04:00:08+01:00 to 2018-10-08 04:00:08+01:00
[INFO] 2025-04-03 21:21:35,658 | Updated 1 rows with cross-pair features
[INFO] 2025-04-03 21:21:35,666 | Processing cross-pair features for chunk 10: 2018-10-08 04:00:09+01:00 to 2018-11-07 04:00:09+01:00
[INFO] 2025-04-03 21:21:52,352 | Updated 1 rows with cross-pair features
[INFO] 2025-04-03 21:21:52,359 | Processing cross-pair features for chunk 11: 2018-11-07 04:00:10+01:00 to 2018-12-07 04:00:10+01:00
[INFO] 2025-04-03 21:22:11,358 | Updated 1 rows with cross-pair features
[INFO] 2025-04-03 21:22:11,366 | Processing cross-pair features for chunk 12: 2018-12-07 04:00:11+01:00 to 2019-01-06 04:00:11+01:00
[INFO] 2025-04-03 21:22:30,883 | Updated 1 rows with cross-pair features
[INFO] 2025-04-03 21:22:30,894 | Processing cross-pair features for chunk 13: 2019-01-06 04:00:12+01:00 to 2019-02-05 04:00:12+01:00
[INFO] 2025-04-03 21:22:50,031 | Updated 1 rows with cross-pair features
[INFO] 2025-04-03 21:22:50,041 | Processing cross-pair features for chunk 14: 2019-02-05 04:00:13+01:00 to 2019-03-07 04:00:13+01:00
[INFO] 2025-04-03 21:23:09,366 | Updated 1 rows with cross-pair features
[INFO] 2025-04-03 21:23:09,374 | Processing cross-pair features for chunk 15: 2019-03-07 04:00:14+01:00 to 2019-04-06 04:00:14+01:00
[INFO] 2025-04-03 21:23:29,236 | Updated 1 rows with cross-pair features
[INFO] 2025-04-03 21:23:29,244 | Processing cross-pair features for chunk 16: 2019-04-06 04:00:15+01:00 to 2019-05-06 04:00:15+01:00
[INFO] 2025-04-03 21:23:49,535 | Updated 1 rows with cross-pair features
[INFO] 2025-04-03 21:23:49,544 | Processing cross-pair features for chunk 17: 2019-05-06 04:00:16+01:00 to 2019-06-05 04:00:16+01:00
[INFO] 2025-04-03 21:24:09,574 | Updated 1 rows with cross-pair features
[INFO] 2025-04-03 21:24:09,585 | Processing cross-pair features for chunk 18: 2019-06-05 04:00:17+01:00 to 2019-07-05 04:00:17+01:00
[INFO] 2025-04-03 21:24:30,651 | Updated 1 rows with cross-pair features
[INFO] 2025-04-03 21:24:30,663 | Processing cross-pair features for chunk 19: 2019-07-05 04:00:18+01:00 to 2019-08-04 04:00:18+01:00
[INFO] 2025-04-03 21:24:52,954 | Updated 1 rows with cross-pair features
[INFO] 2025-04-03 21:24:52,965 | Processing cross-pair features for chunk 20: 2019-08-04 04:00:19+01:00 to 2019-09-03 04:00:19+01:00
[INFO] 2025-04-03 21:25:15,692 | Updated 1 rows with cross-pair features
[INFO] 2025-04-03 21:25:15,705 | Processing cross-pair features for chunk 21: 2019-09-03 04:00:20+01:00 to 2019-10-03 04:00:20+01:00
[INFO] 2025-04-03 21:25:38,582 | Updated 1 rows with cross-pair features
[INFO] 2025-04-03 21:25:38,594 | Processing cross-pair features for chunk 22: 2019-10-03 04:00:21+01:00 to 2019-11-02 04:00:21+01:00
[INFO] 2025-04-03 21:26:02,647 | Updated 1 rows with cross-pair features
[INFO] 2025-04-03 21:26:02,659 | Processing cross-pair features for chunk 23: 2019-11-02 04:00:22+01:00 to 2019-12-02 04:00:22+01:00
[INFO] 2025-04-03 21:26:26,391 | Updated 1 rows with cross-pair features
[INFO] 2025-04-03 21:26:26,401 | Processing cross-pair features for chunk 24: 2019-12-02 04:00:23+01:00 to 2020-01-01 04:00:23+01:00
[INFO] 2025-04-03 21:26:51,429 | Updated 1 rows with cross-pair features
[INFO] 2025-04-03 21:26:51,439 | Processing cross-pair features for chunk 25: 2020-01-01 04:00:24+01:00 to 2020-01-31 04:00:24+01:00
[INFO] 2025-04-03 21:27:15,884 | Updated 1 rows with cross-pair features
[INFO] 2025-04-03 21:27:15,896 | Processing cross-pair features for chunk 26: 2020-01-31 04:00:25+01:00 to 2020-03-01 04:00:25+01:00
[INFO] 2025-04-03 21:27:39,863 | Updated 1 rows with cross-pair features
[INFO] 2025-04-03 21:27:39,874 | Processing cross-pair features for chunk 27: 2020-03-01 04:00:26+01:00 to 2020-03-31 04:00:26+01:00
[INFO] 2025-04-03 21:28:05,368 | Updated 1 rows with cross-pair features
[INFO] 2025-04-03 21:28:05,381 | Processing cross-pair features for chunk 28: 2020-03-31 04:00:27+01:00 to 2020-04-30 04:00:27+01:00
[INFO] 2025-04-03 21:28:32,271 | Updated 1 rows with cross-pair features
[INFO] 2025-04-03 21:28:32,284 | Processing cross-pair features for chunk 29: 2020-04-30 04:00:28+01:00 to 2020-05-30 04:00:28+01:00
[INFO] 2025-04-03 21:29:01,742 | Updated 1 rows with cross-pair features
[INFO] 2025-04-03 21:29:01,754 | Processing cross-pair features for chunk 30: 2020-05-30 04:00:29+01:00 to 2020-06-29 04:00:29+01:00
[INFO] 2025-04-03 21:29:29,736 | Updated 1 rows with cross-pair features
[INFO] 2025-04-03 21:29:29,748 | Processing cross-pair features for chunk 31: 2020-06-29 04:00:30+01:00 to 2020-07-29 04:00:30+01:00
[INFO] 2025-04-03 21:29:58,772 | Updated 1 rows with cross-pair features
[INFO] 2025-04-03 21:29:58,785 | Processing cross-pair features for chunk 32: 2020-07-29 04:00:31+01:00 to 2020-08-28 04:00:31+01:00
[INFO] 2025-04-03 21:30:29,622 | Updated 1 rows with cross-pair features
[INFO] 2025-04-03 21:30:29,636 | Processing cross-pair features for chunk 33: 2020-08-28 04:00:32+01:00 to 2020-09-27 04:00:32+01:00
[INFO] 2025-04-03 21:31:04,486 | Updated 1 rows with cross-pair features
[INFO] 2025-04-03 21:31:04,501 | Processing cross-pair features for chunk 34: 2020-09-27 04:00:33+01:00 to 2020-10-27 04:00:33+01:00
[INFO] 2025-04-03 21:31:43,464 | Updated 1 rows with cross-pair features
[INFO] 2025-04-03 21:31:43,482 | Processing cross-pair features for chunk 35: 2020-10-27 04:00:34+01:00 to 2020-11-26 04:00:34+01:00
[INFO] 2025-04-03 21:32:21,542 | Updated 1 rows with cross-pair features
[INFO] 2025-04-03 21:32:21,557 | Processing cross-pair features for chunk 36: 2020-11-26 04:00:35+01:00 to 2020-12-26 04:00:35+01:00
[INFO] 2025-04-03 21:33:02,443 | Updated 1 rows with cross-pair features
[INFO] 2025-04-03 21:33:02,462 | Processing cross-pair features for chunk 37: 2020-12-26 04:00:36+01:00 to 2021-01-25 04:00:36+01:00
[INFO] 2025-04-03 21:33:44,815 | Updated 1 rows with cross-pair features
[INFO] 2025-04-03 21:33:44,836 | Processing cross-pair features for chunk 38: 2021-01-25 04:00:37+01:00 to 2021-02-24 04:00:37+01:00
[INFO] 2025-04-03 21:34:29,804 | Updated 1 rows with cross-pair features
[INFO] 2025-04-03 21:34:29,823 | Processing cross-pair features for chunk 39: 2021-02-24 04:00:38+01:00 to 2021-03-26 04:00:38+01:00
[INFO] 2025-04-03 21:35:21,056 | Updated 1 rows with cross-pair features
[INFO] 2025-04-03 21:35:21,078 | Processing cross-pair features for chunk 40: 2021-03-26 04:00:39+01:00 to 2021-04-25 04:00:39+01:00
[INFO] 2025-04-03 21:36:14,105 | Updated 1 rows with cross-pair features
[INFO] 2025-04-03 21:36:14,129 | Processing cross-pair features for chunk 41: 2021-04-25 04:00:40+01:00 to 2021-05-25 04:00:40+01:00
[INFO] 2025-04-03 21:37:11,094 | Updated 1 rows with cross-pair features
[INFO] 2025-04-03 21:37:11,119 | Processing cross-pair features for chunk 42: 2021-05-25 04:00:41+01:00 to 2021-06-24 04:00:41+01:00
[INFO] 2025-04-03 21:38:08,355 | Updated 1 rows with cross-pair features
[INFO] 2025-04-03 21:38:08,378 | Processing cross-pair features for chunk 43: 2021-06-24 04:00:42+01:00 to 2021-07-24 04:00:42+01:00
[INFO] 2025-04-03 21:39:07,194 | Updated 1 rows with cross-pair features
[INFO] 2025-04-03 21:39:07,217 | Processing cross-pair features for chunk 44: 2021-07-24 04:00:43+01:00 to 2021-08-23 04:00:43+01:00
[INFO] 2025-04-03 21:40:07,178 | Updated 1 rows with cross-pair features
[INFO] 2025-04-03 21:40:07,207 | Processing cross-pair features for chunk 45: 2021-08-23 04:00:44+01:00 to 2021-09-22 04:00:44+01:00
[INFO] 2025-04-03 21:41:10,799 | Updated 1 rows with cross-pair features
[INFO] 2025-04-03 21:41:10,823 | Processing cross-pair features for chunk 46: 2021-09-22 04:00:45+01:00 to 2021-10-22 04:00:45+01:00
[INFO] 2025-04-03 21:42:11,474 | Updated 1 rows with cross-pair features
[INFO] 2025-04-03 21:42:11,498 | Processing cross-pair features for chunk 47: 2021-10-22 04:00:46+01:00 to 2021-11-21 04:00:46+01:00
[INFO] 2025-04-03 21:43:15,229 | Updated 1 rows with cross-pair features
[INFO] 2025-04-03 21:43:15,252 | Processing cross-pair features for chunk 48: 2021-11-21 04:00:47+01:00 to 2021-12-21 04:00:47+01:00
[INFO] 2025-04-03 21:44:23,051 | Updated 1 rows with cross-pair features
[INFO] 2025-04-03 21:44:23,075 | Processing cross-pair features for chunk 49: 2021-12-21 04:00:48+01:00 to 2022-01-20 04:00:48+01:00
[INFO] 2025-04-03 21:45:34,349 | Updated 1 rows with cross-pair features
[INFO] 2025-04-03 21:45:34,374 | Processing cross-pair features for chunk 50: 2022-01-20 04:00:49+01:00 to 2022-02-19 04:00:49+01:00
[INFO] 2025-04-03 21:46:50,546 | Updated 1 rows with cross-pair features
[INFO] 2025-04-03 21:46:50,576 | Processing cross-pair features for chunk 51: 2022-02-19 04:00:50+01:00 to 2022-03-21 04:00:50+01:00
[INFO] 2025-04-03 21:48:09,330 | Updated 1 rows with cross-pair features
[INFO] 2025-04-03 21:48:09,358 | Processing cross-pair features for chunk 52: 2022-03-21 04:00:51+01:00 to 2022-04-20 04:00:51+01:00
[INFO] 2025-04-03 21:49:31,062 | Updated 1 rows with cross-pair features
[INFO] 2025-04-03 21:49:31,093 | Processing cross-pair features for chunk 53: 2022-04-20 04:00:52+01:00 to 2022-05-20 04:00:52+01:00
[INFO] 2025-04-03 21:50:54,680 | Updated 1 rows with cross-pair features
[INFO] 2025-04-03 21:50:54,713 | Processing cross-pair features for chunk 54: 2022-05-20 04:00:53+01:00 to 2022-06-19 04:00:53+01:00
[INFO] 2025-04-03 21:52:25,047 | Updated 1 rows with cross-pair features
[INFO] 2025-04-03 21:52:25,082 | Processing cross-pair features for chunk 55: 2022-06-19 04:00:54+01:00 to 2022-07-19 04:00:54+01:00
[INFO] 2025-04-03 21:53:48,721 | Updated 1 rows with cross-pair features
[INFO] 2025-04-03 21:53:48,745 | Processing cross-pair features for chunk 56: 2022-07-19 04:00:55+01:00 to 2022-08-18 04:00:55+01:00
[INFO] 2025-04-03 21:55:14,572 | Updated 1 rows with cross-pair features
[INFO] 2025-04-03 21:55:14,602 | Processing cross-pair features for chunk 57: 2022-08-18 04:00:56+01:00 to 2022-09-17 04:00:56+01:00
[INFO] 2025-04-03 21:56:39,358 | Updated 1 rows with cross-pair features
[INFO] 2025-04-03 21:56:39,391 | Processing cross-pair features for chunk 58: 2022-09-17 04:00:57+01:00 to 2022-10-17 04:00:57+01:00
[INFO] 2025-04-03 21:58:08,608 | Updated 1 rows with cross-pair features
[INFO] 2025-04-03 21:58:08,637 | Processing cross-pair features for chunk 59: 2022-10-17 04:00:58+01:00 to 2022-11-16 04:00:58+01:00
[INFO] 2025-04-03 21:59:36,534 | Updated 1 rows with cross-pair features
[INFO] 2025-04-03 21:59:36,574 | Processing cross-pair features for chunk 60: 2022-11-16 04:00:59+01:00 to 2022-12-16 04:00:59+01:00
[INFO] 2025-04-03 22:01:01,737 | Updated 1 rows with cross-pair features
[INFO] 2025-04-03 22:01:01,764 | Processing cross-pair features for chunk 61: 2022-12-16 04:01:00+01:00 to 2023-01-15 04:01:00+01:00
[INFO] 2025-04-03 22:02:28,670 | Updated 1 rows with cross-pair features
[INFO] 2025-04-03 22:02:28,699 | Processing cross-pair features for chunk 62: 2023-01-15 04:01:01+01:00 to 2023-02-14 04:01:01+01:00
[INFO] 2025-04-03 22:03:53,930 | Updated 1 rows with cross-pair features
[INFO] 2025-04-03 22:03:53,960 | Processing cross-pair features for chunk 63: 2023-02-14 04:01:02+01:00 to 2023-03-16 04:01:02+01:00
[INFO] 2025-04-03 22:05:22,830 | Updated 1 rows with cross-pair features
[INFO] 2025-04-03 22:05:22,859 | Processing cross-pair features for chunk 64: 2023-03-16 04:01:03+01:00 to 2023-04-15 04:01:03+01:00
[INFO] 2025-04-03 22:06:56,346 | Updated 1 rows with cross-pair features
[INFO] 2025-04-03 22:06:56,377 | Processing cross-pair features for chunk 65: 2023-04-15 04:01:04+01:00 to 2023-05-15 04:01:04+01:00
[INFO] 2025-04-03 22:08:32,942 | Updated 1 rows with cross-pair features
[INFO] 2025-04-03 22:08:32,986 | Processing cross-pair features for chunk 66: 2023-05-15 04:01:05+01:00 to 2023-06-14 04:01:05+01:00
[INFO] 2025-04-03 22:10:14,542 | Updated 1 rows with cross-pair features
[INFO] 2025-04-03 22:10:14,576 | Processing cross-pair features for chunk 67: 2023-06-14 04:01:06+01:00 to 2023-07-14 04:01:06+01:00
[INFO] 2025-04-03 22:11:54,387 | Updated 1 rows with cross-pair features
[INFO] 2025-04-03 22:11:54,417 | Processing cross-pair features for chunk 68: 2023-07-14 04:01:07+01:00 to 2023-08-13 04:01:07+01:00
[INFO] 2025-04-03 22:13:35,122 | Updated 1 rows with cross-pair features
[INFO] 2025-04-03 22:13:35,155 | Processing cross-pair features for chunk 69: 2023-08-13 04:01:08+01:00 to 2023-09-12 04:01:08+01:00
[INFO] 2025-04-03 22:15:14,293 | Updated 1 rows with cross-pair features
[INFO] 2025-04-03 22:15:14,327 | Processing cross-pair features for chunk 70: 2023-09-12 04:01:09+01:00 to 2023-10-12 04:01:09+01:00
[INFO] 2025-04-03 22:16:52,561 | Updated 1 rows with cross-pair features
[INFO] 2025-04-03 22:16:52,592 | Processing cross-pair features for chunk 71: 2023-10-12 04:01:10+01:00 to 2023-11-11 04:01:10+01:00
[INFO] 2025-04-03 22:18:32,587 | Updated 1 rows with cross-pair features
[INFO] 2025-04-03 22:18:32,620 | Processing cross-pair features for chunk 72: 2023-11-11 04:01:11+01:00 to 2023-12-11 04:01:11+01:00
[INFO] 2025-04-03 22:20:16,197 | Updated 1 rows with cross-pair features
[INFO] 2025-04-03 22:20:16,237 | Processing cross-pair features for chunk 73: 2023-12-11 04:01:12+01:00 to 2024-01-10 04:01:12+01:00
[INFO] 2025-04-03 22:22:02,261 | Updated 1 rows with cross-pair features
[INFO] 2025-04-03 22:22:02,297 | Processing cross-pair features for chunk 74: 2024-01-10 04:01:13+01:00 to 2024-02-09 04:01:13+01:00
[INFO] 2025-04-03 22:23:47,739 | Updated 1 rows with cross-pair features
[INFO] 2025-04-03 22:23:47,772 | Processing cross-pair features for chunk 75: 2024-02-09 04:01:14+01:00 to 2024-03-10 04:01:14+01:00
[INFO] 2025-04-03 22:25:32,736 | Updated 1 rows with cross-pair features
[INFO] 2025-04-03 22:25:32,776 | Processing cross-pair features for chunk 76: 2024-03-10 04:01:15+01:00 to 2024-04-09 04:01:15+01:00
[INFO] 2025-04-03 22:27:22,642 | Updated 1 rows with cross-pair features
[INFO] 2025-04-03 22:27:22,677 | Processing cross-pair features for chunk 77: 2024-04-09 04:01:16+01:00 to 2024-05-09 04:01:16+01:00
[INFO] 2025-04-03 22:29:16,154 | Updated 1 rows with cross-pair features
[INFO] 2025-04-03 22:29:16,191 | Processing cross-pair features for chunk 78: 2024-05-09 04:01:17+01:00 to 2024-06-08 04:01:17+01:00
[INFO] 2025-04-03 22:31:15,307 | Updated 1 rows with cross-pair features
[INFO] 2025-04-03 22:31:15,349 | Processing cross-pair features for chunk 79: 2024-06-08 04:01:18+01:00 to 2024-07-08 04:01:18+01:00
[INFO] 2025-04-03 22:33:15,817 | Updated 1 rows with cross-pair features
[INFO] 2025-04-03 22:33:15,860 | Processing cross-pair features for chunk 80: 2024-07-08 04:01:19+01:00 to 2024-08-07 04:01:19+01:00
[INFO] 2025-04-03 22:35:15,147 | Updated 1 rows with cross-pair features
[INFO] 2025-04-03 22:35:15,188 | Processing cross-pair features for chunk 81: 2024-08-07 04:01:20+01:00 to 2024-09-06 04:01:20+01:00
[INFO] 2025-04-03 22:37:24,217 | Updated 1 rows with cross-pair features
[INFO] 2025-04-03 22:37:24,256 | Processing cross-pair features for chunk 82: 2024-09-06 04:01:21+01:00 to 2024-10-06 04:01:21+01:00
[INFO] 2025-04-03 22:39:31,635 | Updated 1 rows with cross-pair features
[INFO] 2025-04-03 22:39:31,673 | Processing cross-pair features for chunk 83: 2024-10-06 04:01:22+01:00 to 2024-11-05 04:01:22+01:00
[INFO] 2025-04-03 22:41:37,603 | Updated 1 rows with cross-pair features
[INFO] 2025-04-03 22:41:37,656 | Processing cross-pair features for chunk 84: 2024-11-05 04:01:23+01:00 to 2024-12-05 04:01:23+01:00
[INFO] 2025-04-03 22:43:50,482 | Updated 1 rows with cross-pair features
[INFO] 2025-04-03 22:43:50,521 | Processing cross-pair features for chunk 85: 2024-12-05 04:01:24+01:00 to 2025-01-04 04:01:24+01:00
[INFO] 2025-04-03 22:46:04,598 | Updated 1 rows with cross-pair features
[INFO] 2025-04-03 22:46:04,634 | Processing cross-pair features for chunk 86: 2025-01-04 04:01:25+01:00 to 2025-02-03 04:01:25+01:00
[INFO] 2025-04-03 22:48:20,097 | Updated 1 rows with cross-pair features
[INFO] 2025-04-03 22:48:20,144 | Processing cross-pair features for chunk 87: 2025-02-03 04:01:26+01:00 to 2025-03-05 04:01:26+01:00
[INFO] 2025-04-03 22:50:39,261 | Updated 1 rows with cross-pair features
[INFO] 2025-04-03 22:50:39,307 | Processing cross-pair features for chunk 88: 2025-03-05 04:01:27+01:00 to 2025-04-03 09:00:00+02:00
[INFO] 2025-04-03 22:54:03,623 | Updated 1 rows with cross-pair features
[WARNING] 2025-04-03 22:54:03,681 | Unreasonable duration detected for cross_pair_features: 5686.14s. Capping at 3600s.
[WARNING] 2025-04-03 22:54:03,682 | Unreasonable total duration detected for CROSS_PAIR: 5686.15s. Capping at 3600s.
[INFO] 2025-04-03 22:54:03,682 | Processing batch 3/88 with 2 pairs
[INFO] 2025-04-03 22:54:03,683 | Computing features for ETC-USDT
[INFO] 2025-04-03 22:54:03,684 | Computing features for ETH-USDT
[INFO] 2025-04-03 22:54:03,710 | GPU is available: Device #0, Free: 1.80 GB / 12.00 GB
[ERROR] 2025-04-03 22:54:03,715 | Error processing ETC-USDT: unsupported operand type(s) for +: 'NoneType' and 'int'
Traceback (most recent call last):
  File "/root/OKXsignal/database/processing/compute_features.py", line 260, in process_pair
    price_data = fetch_data_numpy(db_conn, pair, rolling_window + 300)
TypeError: unsupported operand type(s) for +: 'NoneType' and 'int'
[INFO] 2025-04-03 22:54:03,716 | ETC-USDT: Updated 0/0 rows in 0.03s
[INFO] 2025-04-03 22:54:03,866 | Progress: 5/306 pairs (1.6%, 1.7 pairs/hour, 29 candles/sec, ~180.6h remaining)
[INFO] 2025-04-03 22:54:03,894 | GPU is available: Device #0, Free: 1.80 GB / 12.00 GB
[ERROR] 2025-04-03 22:54:03,911 | Error processing ETH-USDT: unsupported operand type(s) for +: 'NoneType' and 'int'
Traceback (most recent call last):
  File "/root/OKXsignal/database/processing/compute_features.py", line 260, in process_pair
    price_data = fetch_data_numpy(db_conn, pair, rolling_window + 300)
TypeError: unsupported operand type(s) for +: 'NoneType' and 'int'
[INFO] 2025-04-03 22:54:03,912 | ETH-USDT: Updated 0/0 rows in 0.23s
[INFO] 2025-04-03 22:54:03,994 | Progress: 6/306 pairs (2.0%, 2.0 pairs/hour, 35 candles/sec, ~150.0h remaining)
[INFO] 2025-04-03 22:54:04,076 | Computing cross-pair features for batch 3
[INFO] 2025-04-03 22:54:04,077 | Computing cross-pair features
[INFO] 2025-04-03 22:54:06,614 | Processing cross-pair features for chunk 1: 2018-01-11 04:00:00+01:00 to 2018-02-10 04:00:00+01:00
[INFO] 2025-04-03 22:54:21,081 | Updated 1 rows with cross-pair features
[INFO] 2025-04-03 22:54:21,086 | Processing cross-pair features for chunk 2: 2018-02-10 04:00:01+01:00 to 2018-03-12 04:00:01+01:00
[INFO] 2025-04-03 22:54:35,686 | Updated 1 rows with cross-pair features
[INFO] 2025-04-03 22:54:35,696 | Processing cross-pair features for chunk 3: 2018-03-12 04:00:02+01:00 to 2018-04-11 04:00:02+01:00
[INFO] 2025-04-03 22:54:52,263 | Updated 1 rows with cross-pair features
[INFO] 2025-04-03 22:54:52,271 | Processing cross-pair features for chunk 4: 2018-04-11 04:00:03+01:00 to 2018-05-11 04:00:03+01:00
[INFO] 2025-04-03 22:55:07,462 | Updated 1 rows with cross-pair features
[INFO] 2025-04-03 22:55:07,469 | Processing cross-pair features for chunk 5: 2018-05-11 04:00:04+01:00 to 2018-06-10 04:00:04+01:00
[INFO] 2025-04-03 22:55:24,807 | Updated 1 rows with cross-pair features
[INFO] 2025-04-03 22:55:24,816 | Processing cross-pair features for chunk 6: 2018-06-10 04:00:05+01:00 to 2018-07-10 04:00:05+01:00
[INFO] 2025-04-03 22:55:43,191 | Updated 1 rows with cross-pair features
[INFO] 2025-04-03 22:55:43,202 | Processing cross-pair features for chunk 7: 2018-07-10 04:00:06+01:00 to 2018-08-09 04:00:06+01:00
[INFO] 2025-04-03 22:56:00,776 | Updated 1 rows with cross-pair features
[INFO] 2025-04-03 22:56:00,785 | Processing cross-pair features for chunk 8: 2018-08-09 04:00:07+01:00 to 2018-09-08 04:00:07+01:00
[INFO] 2025-04-03 22:56:18,748 | Updated 1 rows with cross-pair features
[INFO] 2025-04-03 22:56:18,758 | Processing cross-pair features for chunk 9: 2018-09-08 04:00:08+01:00 to 2018-10-08 04:00:08+01:00
[INFO] 2025-04-03 22:56:37,219 | Updated 1 rows with cross-pair features
[INFO] 2025-04-03 22:56:37,228 | Processing cross-pair features for chunk 10: 2018-10-08 04:00:09+01:00 to 2018-11-07 04:00:09+01:00
[INFO] 2025-04-03 22:56:55,257 | Updated 1 rows with cross-pair features
[INFO] 2025-04-03 22:56:55,267 | Processing cross-pair features for chunk 11: 2018-11-07 04:00:10+01:00 to 2018-12-07 04:00:10+01:00
[INFO] 2025-04-03 22:57:14,085 | Updated 1 rows with cross-pair features
[INFO] 2025-04-03 22:57:14,094 | Processing cross-pair features for chunk 12: 2018-12-07 04:00:11+01:00 to 2019-01-06 04:00:11+01:00
[INFO] 2025-04-03 22:57:33,113 | Updated 1 rows with cross-pair features
[INFO] 2025-04-03 22:57:33,124 | Processing cross-pair features for chunk 13: 2019-01-06 04:00:12+01:00 to 2019-02-05 04:00:12+01:00
[INFO] 2025-04-03 22:57:52,800 | Updated 1 rows with cross-pair features
[INFO] 2025-04-03 22:57:52,814 | Processing cross-pair features for chunk 14: 2019-02-05 04:00:13+01:00 to 2019-03-07 04:00:13+01:00
[INFO] 2025-04-03 22:58:12,673 | Updated 1 rows with cross-pair features
[INFO] 2025-04-03 22:58:12,682 | Processing cross-pair features for chunk 15: 2019-03-07 04:00:14+01:00 to 2019-04-06 04:00:14+01:00
[INFO] 2025-04-03 22:58:32,152 | Updated 1 rows with cross-pair features
[INFO] 2025-04-03 22:58:32,162 | Processing cross-pair features for chunk 16: 2019-04-06 04:00:15+01:00 to 2019-05-06 04:00:15+01:00
[INFO] 2025-04-03 22:58:52,788 | Updated 1 rows with cross-pair features
[INFO] 2025-04-03 22:58:52,800 | Processing cross-pair features for chunk 17: 2019-05-06 04:00:16+01:00 to 2019-06-05 04:00:16+01:00
[INFO] 2025-04-03 22:59:12,806 | Updated 1 rows with cross-pair features
[INFO] 2025-04-03 22:59:12,815 | Processing cross-pair features for chunk 18: 2019-06-05 04:00:17+01:00 to 2019-07-05 04:00:17+01:00
[INFO] 2025-04-03 22:59:34,128 | Updated 1 rows with cross-pair features
[INFO] 2025-04-03 22:59:34,139 | Processing cross-pair features for chunk 19: 2019-07-05 04:00:18+01:00 to 2019-08-04 04:00:18+01:00
[INFO] 2025-04-03 22:59:57,124 | Updated 1 rows with cross-pair features
[INFO] 2025-04-03 22:59:57,134 | Processing cross-pair features for chunk 20: 2019-08-04 04:00:19+01:00 to 2019-09-03 04:00:19+01:00
[INFO] 2025-04-03 23:00:21,410 | Updated 1 rows with cross-pair features
[INFO] 2025-04-03 23:00:21,424 | Processing cross-pair features for chunk 21: 2019-09-03 04:00:20+01:00 to 2019-10-03 04:00:20+01:00
[INFO] 2025-04-03 23:00:45,979 | Updated 1 rows with cross-pair features
[INFO] 2025-04-03 23:00:45,993 | Processing cross-pair features for chunk 22: 2019-10-03 04:00:21+01:00 to 2019-11-02 04:00:21+01:00
[INFO] 2025-04-03 23:01:10,840 | Updated 1 rows with cross-pair features
[INFO] 2025-04-03 23:01:10,852 | Processing cross-pair features for chunk 23: 2019-11-02 04:00:22+01:00 to 2019-12-02 04:00:22+01:00
[INFO] 2025-04-03 23:01:36,027 | Updated 1 rows with cross-pair features
[INFO] 2025-04-03 23:01:36,038 | Processing cross-pair features for chunk 24: 2019-12-02 04:00:23+01:00 to 2020-01-01 04:00:23+01:00
[INFO] 2025-04-03 23:02:00,737 | Updated 1 rows with cross-pair features
[INFO] 2025-04-03 23:02:00,750 | Processing cross-pair features for chunk 25: 2020-01-01 04:00:24+01:00 to 2020-01-31 04:00:24+01:00
[INFO] 2025-04-03 23:02:23,627 | Updated 1 rows with cross-pair features
[INFO] 2025-04-03 23:02:23,636 | Processing cross-pair features for chunk 26: 2020-01-31 04:00:25+01:00 to 2020-03-01 04:00:25+01:00
[INFO] 2025-04-03 23:02:46,245 | Updated 1 rows with cross-pair features
[INFO] 2025-04-03 23:02:46,254 | Processing cross-pair features for chunk 27: 2020-03-01 04:00:26+01:00 to 2020-03-31 04:00:26+01:00
[INFO] 2025-04-03 23:03:09,479 | Updated 1 rows with cross-pair features
[INFO] 2025-04-03 23:03:09,490 | Processing cross-pair features for chunk 28: 2020-03-31 04:00:27+01:00 to 2020-04-30 04:00:27+01:00
[INFO] 2025-04-03 23:03:34,174 | Updated 1 rows with cross-pair features
[INFO] 2025-04-03 23:03:34,188 | Processing cross-pair features for chunk 29: 2020-04-30 04:00:28+01:00 to 2020-05-30 04:00:28+01:00
[INFO] 2025-04-03 23:03:58,891 | Updated 1 rows with cross-pair features
[INFO] 2025-04-03 23:03:58,902 | Processing cross-pair features for chunk 30: 2020-05-30 04:00:29+01:00 to 2020-06-29 04:00:29+01:00
[INFO] 2025-04-03 23:04:23,891 | Updated 1 rows with cross-pair features
[INFO] 2025-04-03 23:04:23,902 | Processing cross-pair features for chunk 31: 2020-06-29 04:00:30+01:00 to 2020-07-29 04:00:30+01:00
[INFO] 2025-04-03 23:04:49,943 | Updated 1 rows with cross-pair features
[INFO] 2025-04-03 23:04:49,954 | Processing cross-pair features for chunk 32: 2020-07-29 04:00:31+01:00 to 2020-08-28 04:00:31+01:00
[INFO] 2025-04-03 23:05:17,885 | Updated 1 rows with cross-pair features
[INFO] 2025-04-03 23:05:17,898 | Processing cross-pair features for chunk 33: 2020-08-28 04:00:32+01:00 to 2020-09-27 04:00:32+01:00
[INFO] 2025-04-03 23:05:51,882 | Updated 1 rows with cross-pair features
[INFO] 2025-04-03 23:05:51,902 | Processing cross-pair features for chunk 34: 2020-09-27 04:00:33+01:00 to 2020-10-27 04:00:33+01:00
[INFO] 2025-04-03 23:06:30,455 | Updated 1 rows with cross-pair features
[INFO] 2025-04-03 23:06:30,471 | Processing cross-pair features for chunk 35: 2020-10-27 04:00:34+01:00 to 2020-11-26 04:00:34+01:00
[INFO] 2025-04-03 23:07:07,574 | Updated 1 rows with cross-pair features
[INFO] 2025-04-03 23:07:07,590 | Processing cross-pair features for chunk 36: 2020-11-26 04:00:35+01:00 to 2020-12-26 04:00:35+01:00
[INFO] 2025-04-03 23:07:46,184 | Updated 1 rows with cross-pair features
[INFO] 2025-04-03 23:07:46,199 | Processing cross-pair features for chunk 37: 2020-12-26 04:00:36+01:00 to 2021-01-25 04:00:36+01:00
[INFO] 2025-04-03 23:08:26,763 | Updated 1 rows with cross-pair features
[INFO] 2025-04-03 23:08:26,781 | Processing cross-pair features for chunk 38: 2021-01-25 04:00:37+01:00 to 2021-02-24 04:00:37+01:00
[INFO] 2025-04-03 23:09:09,239 | Updated 1 rows with cross-pair features
[INFO] 2025-04-03 23:09:09,256 | Processing cross-pair features for chunk 39: 2021-02-24 04:00:38+01:00 to 2021-03-26 04:00:38+01:00
[INFO] 2025-04-03 23:09:54,745 | Updated 1 rows with cross-pair features
[INFO] 2025-04-03 23:09:54,764 | Processing cross-pair features for chunk 40: 2021-03-26 04:00:39+01:00 to 2021-04-25 04:00:39+01:00
[INFO] 2025-04-03 23:10:43,713 | Updated 1 rows with cross-pair features
[INFO] 2025-04-03 23:10:43,732 | Processing cross-pair features for chunk 41: 2021-04-25 04:00:40+01:00 to 2021-05-25 04:00:40+01:00
[INFO] 2025-04-03 23:11:34,855 | Updated 1 rows with cross-pair features
[INFO] 2025-04-03 23:11:34,874 | Processing cross-pair features for chunk 42: 2021-05-25 04:00:41+01:00 to 2021-06-24 04:00:41+01:00
[INFO] 2025-04-03 23:12:27,048 | Updated 1 rows with cross-pair features
[INFO] 2025-04-03 23:12:27,070 | Processing cross-pair features for chunk 43: 2021-06-24 04:00:42+01:00 to 2021-07-24 04:00:42+01:00
[INFO] 2025-04-03 23:13:20,128 | Updated 1 rows with cross-pair features
[INFO] 2025-04-03 23:13:20,149 | Processing cross-pair features for chunk 44: 2021-07-24 04:00:43+01:00 to 2021-08-23 04:00:43+01:00
[INFO] 2025-04-03 23:14:15,433 | Updated 1 rows with cross-pair features
[INFO] 2025-04-03 23:14:15,455 | Processing cross-pair features for chunk 45: 2021-08-23 04:00:44+01:00 to 2021-09-22 04:00:44+01:00
[INFO] 2025-04-03 23:15:12,926 | Updated 1 rows with cross-pair features
[INFO] 2025-04-03 23:15:12,953 | Processing cross-pair features for chunk 46: 2021-09-22 04:00:45+01:00 to 2021-10-22 04:00:45+01:00
[INFO] 2025-04-03 23:16:11,894 | Updated 1 rows with cross-pair features
[INFO] 2025-04-03 23:16:11,917 | Processing cross-pair features for chunk 47: 2021-10-22 04:00:46+01:00 to 2021-11-21 04:00:46+01:00
[INFO] 2025-04-03 23:17:12,356 | Updated 1 rows with cross-pair features
[INFO] 2025-04-03 23:17:12,381 | Processing cross-pair features for chunk 48: 2021-11-21 04:00:47+01:00 to 2021-12-21 04:00:47+01:00
[INFO] 2025-04-03 23:18:15,646 | Updated 1 rows with cross-pair features
[INFO] 2025-04-03 23:18:15,671 | Processing cross-pair features for chunk 49: 2021-12-21 04:00:48+01:00 to 2022-01-20 04:00:48+01:00
[INFO] 2025-04-03 23:19:23,445 | Updated 1 rows with cross-pair features
[INFO] 2025-04-03 23:19:23,471 | Processing cross-pair features for chunk 50: 2022-01-20 04:00:49+01:00 to 2022-02-19 04:00:49+01:00
[INFO] 2025-04-03 23:20:33,527 | Updated 1 rows with cross-pair features
[INFO] 2025-04-03 23:20:33,552 | Processing cross-pair features for chunk 51: 2022-02-19 04:00:50+01:00 to 2022-03-21 04:00:50+01:00
[INFO] 2025-04-03 23:21:46,076 | Updated 1 rows with cross-pair features
[INFO] 2025-04-03 23:21:46,104 | Processing cross-pair features for chunk 52: 2022-03-21 04:00:51+01:00 to 2022-04-20 04:00:51+01:00
[INFO] 2025-04-03 23:23:00,898 | Updated 1 rows with cross-pair features
[INFO] 2025-04-03 23:23:00,927 | Processing cross-pair features for chunk 53: 2022-04-20 04:00:52+01:00 to 2022-05-20 04:00:52+01:00
[INFO] 2025-04-03 23:24:17,298 | Updated 1 rows with cross-pair features
[INFO] 2025-04-03 23:24:17,326 | Processing cross-pair features for chunk 54: 2022-05-20 04:00:53+01:00 to 2022-06-19 04:00:53+01:00
[INFO] 2025-04-03 23:25:36,692 | Updated 1 rows with cross-pair features
[INFO] 2025-04-03 23:25:36,722 | Processing cross-pair features for chunk 55: 2022-06-19 04:00:54+01:00 to 2022-07-19 04:00:54+01:00
[INFO] 2025-04-03 23:26:55,926 | Updated 1 rows with cross-pair features
[INFO] 2025-04-03 23:26:55,958 | Processing cross-pair features for chunk 56: 2022-07-19 04:00:55+01:00 to 2022-08-18 04:00:55+01:00
[INFO] 2025-04-03 23:28:14,975 | Updated 1 rows with cross-pair features
[INFO] 2025-04-03 23:28:15,005 | Processing cross-pair features for chunk 57: 2022-08-18 04:00:56+01:00 to 2022-09-17 04:00:56+01:00
[INFO] 2025-04-03 23:29:35,001 | Updated 1 rows with cross-pair features
[INFO] 2025-04-03 23:29:35,029 | Processing cross-pair features for chunk 58: 2022-09-17 04:00:57+01:00 to 2022-10-17 04:00:57+01:00
[INFO] 2025-04-03 23:30:58,777 | Updated 1 rows with cross-pair features
[INFO] 2025-04-03 23:30:58,812 | Processing cross-pair features for chunk 59: 2022-10-17 04:00:58+01:00 to 2022-11-16 04:00:58+01:00
[INFO] 2025-04-03 23:32:35,491 | Updated 1 rows with cross-pair features
[INFO] 2025-04-03 23:32:35,533 | Processing cross-pair features for chunk 60: 2022-11-16 04:00:59+01:00 to 2022-12-16 04:00:59+01:00
[INFO] 2025-04-03 23:34:07,969 | Updated 1 rows with cross-pair features
[INFO] 2025-04-03 23:34:07,999 | Processing cross-pair features for chunk 61: 2022-12-16 04:01:00+01:00 to 2023-01-15 04:01:00+01:00
[INFO] 2025-04-03 23:35:42,797 | Updated 1 rows with cross-pair features
[INFO] 2025-04-03 23:35:42,835 | Processing cross-pair features for chunk 62: 2023-01-15 04:01:01+01:00 to 2023-02-14 04:01:01+01:00
[INFO] 2025-04-03 23:37:25,456 | Updated 1 rows with cross-pair features
[INFO] 2025-04-03 23:37:25,499 | Processing cross-pair features for chunk 63: 2023-02-14 04:01:02+01:00 to 2023-03-16 04:01:02+01:00
[INFO] 2025-04-03 23:39:03,800 | Updated 1 rows with cross-pair features
[INFO] 2025-04-03 23:39:03,846 | Processing cross-pair features for chunk 64: 2023-03-16 04:01:03+01:00 to 2023-04-15 04:01:03+01:00
[INFO] 2025-04-03 23:40:43,331 | Updated 1 rows with cross-pair features
[INFO] 2025-04-03 23:40:43,371 | Processing cross-pair features for chunk 65: 2023-04-15 04:01:04+01:00 to 2023-05-15 04:01:04+01:00
[INFO] 2025-04-03 23:42:20,153 | Updated 1 rows with cross-pair features
[INFO] 2025-04-03 23:42:20,193 | Processing cross-pair features for chunk 66: 2023-05-15 04:01:05+01:00 to 2023-06-14 04:01:05+01:00
[INFO] 2025-04-03 23:44:07,860 | Updated 1 rows with cross-pair features
[INFO] 2025-04-03 23:44:07,902 | Processing cross-pair features for chunk 67: 2023-06-14 04:01:06+01:00 to 2023-07-14 04:01:06+01:00
[INFO] 2025-04-03 23:46:02,891 | Updated 1 rows with cross-pair features
[INFO] 2025-04-03 23:46:02,933 | Processing cross-pair features for chunk 68: 2023-07-14 04:01:07+01:00 to 2023-08-13 04:01:07+01:00
[INFO] 2025-04-03 23:48:01,225 | Updated 1 rows with cross-pair features
[INFO] 2025-04-03 23:48:01,265 | Processing cross-pair features for chunk 69: 2023-08-13 04:01:08+01:00 to 2023-09-12 04:01:08+01:00
[INFO] 2025-04-03 23:49:56,468 | Updated 1 rows with cross-pair features
[INFO] 2025-04-03 23:49:56,504 | Processing cross-pair features for chunk 70: 2023-09-12 04:01:09+01:00 to 2023-10-12 04:01:09+01:00
[INFO] 2025-04-03 23:51:46,329 | Updated 1 rows with cross-pair features
[INFO] 2025-04-03 23:51:46,369 | Processing cross-pair features for chunk 71: 2023-10-12 04:01:10+01:00 to 2023-11-11 04:01:10+01:00
[INFO] 2025-04-03 23:53:42,615 | Updated 1 rows with cross-pair features
[INFO] 2025-04-03 23:53:42,665 | Processing cross-pair features for chunk 72: 2023-11-11 04:01:11+01:00 to 2023-12-11 04:01:11+01:00
[INFO] 2025-04-03 23:55:35,104 | Updated 1 rows with cross-pair features
[INFO] 2025-04-03 23:55:35,144 | Processing cross-pair features for chunk 73: 2023-12-11 04:01:12+01:00 to 2024-01-10 04:01:12+01:00
[INFO] 2025-04-03 23:57:34,067 | Updated 1 rows with cross-pair features
[INFO] 2025-04-03 23:57:34,116 | Processing cross-pair features for chunk 74: 2024-01-10 04:01:13+01:00 to 2024-02-09 04:01:13+01:00
[INFO] 2025-04-03 23:59:40,160 | Updated 1 rows with cross-pair features
[INFO] 2025-04-03 23:59:40,204 | Processing cross-pair features for chunk 75: 2024-02-09 04:01:14+01:00 to 2024-03-10 04:01:14+01:00
[INFO] 2025-04-04 00:01:47,988 | Updated 1 rows with cross-pair features
[INFO] 2025-04-04 00:01:48,027 | Processing cross-pair features for chunk 76: 2024-03-10 04:01:15+01:00 to 2024-04-09 04:01:15+01:00
[INFO] 2025-04-04 00:03:47,683 | Updated 1 rows with cross-pair features
[INFO] 2025-04-04 00:03:47,722 | Processing cross-pair features for chunk 77: 2024-04-09 04:01:16+01:00 to 2024-05-09 04:01:16+01:00
[INFO] 2025-04-04 00:05:49,616 | Updated 1 rows with cross-pair features
[INFO] 2025-04-04 00:05:49,658 | Processing cross-pair features for chunk 78: 2024-05-09 04:01:17+01:00 to 2024-06-08 04:01:17+01:00
[INFO] 2025-04-04 00:07:50,797 | Updated 1 rows with cross-pair features
[INFO] 2025-04-04 00:07:50,845 | Processing cross-pair features for chunk 79: 2024-06-08 04:01:18+01:00 to 2024-07-08 04:01:18+01:00
