[INFO] 2025-03-27 13:49:53,391 | GPU memory: 10.98 GB free / 12.00 GB total
[INFO] 2025-03-27 13:49:53,392 | System memory: 20.24 GB available / 23.43 GB total
[INFO] 2025-03-27 13:49:53,397 | Loaded credentials from /root/OKXsignal/config/credentials.env
[INFO] 2025-03-27 13:49:53,400 | Loaded config from /root/OKXsignal/config/config.ini
[INFO] 2025-03-27 13:49:53,474 | GPU detected: Device 0, Memory: 12.00 GB
[INFO] 2025-03-27 13:49:53,474 | GPU acceleration is available
[INFO] 2025-03-27 13:49:53,647 | Database connection pool initialized with 3-29 connections
[INFO] 2025-03-27 13:49:53,647 | Starting compute_features.py in ROLLING_UPDATE mode with rolling_window=128
[INFO] 2025-03-27 13:49:53,647 | Using 24 parallel workers with max 29 database connections
[INFO] 2025-03-27 13:49:53,647 | Numba: enabled, GPU: disabled
[INFO] 2025-03-27 13:49:53,648 | Database connection test successful
[INFO] 2025-03-27 13:49:54,538 | Found 303 pairs
[INFO] 2025-03-27 13:49:54,539 | Rolling update mode: computing last 128 rows per pair
[INFO] 2025-03-27 13:49:54,539 | Calibrating optimal batch size...
[INFO] 2025-03-27 13:49:55,570 | Testing batch size 4...
[INFO] 2025-03-27 13:49:55,571 | Computing features for 1INCH-USDT
[INFO] 2025-03-27 13:49:55,571 | Computing features for AAVE-USDT
[INFO] 2025-03-27 13:49:55,572 | Computing features for ACA-USDT
[INFO] 2025-03-27 13:49:55,572 | Computing features for ACE-USDT
[INFO] 2025-03-27 13:49:55,634 | GPU is available: Device #0, Free: 10.98 GB / 12.00 GB
[INFO] 2025-03-27 13:49:55,733 | GPU is available: Device #0, Free: 10.98 GB / 12.00 GB
[INFO] 2025-03-27 13:49:55,821 | GPU is available: Device #0, Free: 10.98 GB / 12.00 GB
[INFO] 2025-03-27 13:49:55,911 | GPU is available: Device #0, Free: 10.98 GB / 12.00 GB
[INFO] 2025-03-27 13:49:58,341 | ACA-USDT: Updated 10/10 rows in 2.77s
[INFO] 2025-03-27 13:49:58,409 | 1INCH-USDT: Updated 10/10 rows in 2.84s
[INFO] 2025-03-27 13:49:58,409 | ACE-USDT: Updated 10/10 rows in 2.84s
[INFO] 2025-03-27 13:49:58,464 | AAVE-USDT: Updated 10/10 rows in 2.89s
[INFO] 2025-03-27 13:49:58,571 | Batch size 4: 1.33 pairs/sec
[INFO] 2025-03-27 13:49:58,626 | Testing batch size 8...
[INFO] 2025-03-27 13:49:58,626 | Computing features for 1INCH-USDT
[INFO] 2025-03-27 13:49:58,627 | Computing features for AAVE-USDT
[INFO] 2025-03-27 13:49:58,627 | Computing features for ACA-USDT
[INFO] 2025-03-27 13:49:58,627 | Computing features for ACE-USDT
[INFO] 2025-03-27 13:49:58,628 | Computing features for ACH-USDT
[INFO] 2025-03-27 13:49:58,629 | Computing features for ACT-USDT
[INFO] 2025-03-27 13:49:58,629 | GPU is available: Device #0, Free: 10.98 GB / 12.00 GB
[INFO] 2025-03-27 13:49:58,629 | GPU is available: Device #0, Free: 10.98 GB / 12.00 GB
[INFO] 2025-03-27 13:49:58,630 | Computing features for ADA-USDT
[INFO] 2025-03-27 13:49:58,630 | Computing features for AERGO-USDT
[INFO] 2025-03-27 13:49:58,630 | GPU is available: Device #0, Free: 10.98 GB / 12.00 GB
[INFO] 2025-03-27 13:49:58,814 | GPU is available: Device #0, Free: 10.98 GB / 12.00 GB
[INFO] 2025-03-27 13:49:58,832 | GPU is available: Device #0, Free: 10.98 GB / 12.00 GB
[INFO] 2025-03-27 13:49:58,915 | GPU is available: Device #0, Free: 10.98 GB / 12.00 GB
[INFO] 2025-03-27 13:49:59,104 | GPU is available: Device #0, Free: 10.98 GB / 12.00 GB
[INFO] 2025-03-27 13:49:59,118 | GPU is available: Device #0, Free: 10.98 GB / 12.00 GB
[INFO] 2025-03-27 13:49:59,395 | ACA-USDT: Updated 10/10 rows in 0.77s
[INFO] 2025-03-27 13:49:59,755 | 1INCH-USDT: Updated 10/10 rows in 1.13s
[INFO] 2025-03-27 13:49:59,760 | AAVE-USDT: Updated 10/10 rows in 1.13s
[INFO] 2025-03-27 13:49:59,887 | ACT-USDT: Updated 10/10 rows in 1.26s
[INFO] 2025-03-27 13:49:59,946 | ACE-USDT: Updated 10/10 rows in 1.32s
[INFO] 2025-03-27 13:50:00,009 | AERGO-USDT: Updated 10/10 rows in 1.38s
[INFO] 2025-03-27 13:50:00,009 | ACH-USDT: Updated 10/10 rows in 1.38s
[INFO] 2025-03-27 13:50:00,072 | ADA-USDT: Updated 10/10 rows in 1.44s
[INFO] 2025-03-27 13:50:00,187 | Batch size 8: 5.13 pairs/sec
[INFO] 2025-03-27 13:50:00,241 | Optimal batch size determined: 8 (5.13 pairs/sec)
[INFO] 2025-03-27 13:50:00,241 | Using auto-calibrated batch size: 8
[INFO] 2025-03-27 13:50:00,241 | Grouped 303 pairs into 26 balanced batches
[INFO] 2025-03-27 13:50:00,241 | Processing batch 1/26 with 12 pairs
[INFO] 2025-03-27 13:50:00,241 | Computing features for 1INCH-USDT
[INFO] 2025-03-27 13:50:00,242 | Computing features for AAVE-USDT
[INFO] 2025-03-27 13:50:00,242 | Computing features for ACA-USDT
[INFO] 2025-03-27 13:50:00,243 | Computing features for ACE-USDT
[INFO] 2025-03-27 13:50:00,243 | GPU is available: Device #0, Free: 10.98 GB / 12.00 GB
[INFO] 2025-03-27 13:50:00,243 | GPU is available: Device #0, Free: 10.98 GB / 12.00 GB
[INFO] 2025-03-27 13:50:00,244 | Computing features for ACH-USDT
[INFO] 2025-03-27 13:50:00,244 | GPU is available: Device #0, Free: 10.98 GB / 12.00 GB
[INFO] 2025-03-27 13:50:00,244 | Computing features for ACT-USDT
[INFO] 2025-03-27 13:50:00,245 | Computing features for ADA-USDT
[INFO] 2025-03-27 13:50:00,245 | Computing features for AERGO-USDT
[INFO] 2025-03-27 13:50:00,452 | GPU is available: Device #0, Free: 10.98 GB / 12.00 GB
[INFO] 2025-03-27 13:50:00,453 | GPU is available: Device #0, Free: 10.98 GB / 12.00 GB
[INFO] 2025-03-27 13:50:00,455 | GPU is available: Device #0, Free: 10.98 GB / 12.00 GB
[INFO] 2025-03-27 13:50:00,718 | GPU is available: Device #0, Free: 10.98 GB / 12.00 GB
[INFO] 2025-03-27 13:50:00,732 | GPU is available: Device #0, Free: 10.98 GB / 12.00 GB
[INFO] 2025-03-27 13:50:01,436 | 1INCH-USDT: Updated 128/128 rows in 1.19s
[INFO] 2025-03-27 13:50:01,443 | AAVE-USDT: Updated 128/128 rows in 1.20s
[INFO] 2025-03-27 13:50:01,448 | ACA-USDT: Updated 128/128 rows in 1.21s
[INFO] 2025-03-27 13:50:01,635 | Computing features for AEVO-USDT
[INFO] 2025-03-27 13:50:01,635 | Computing features for AGLD-USDT
[INFO] 2025-03-27 13:50:01,636 | Computing features for AIDOGE-USDT
[INFO] 2025-03-27 13:50:01,637 | GPU is available: Device #0, Free: 10.98 GB / 12.00 GB
[INFO] 2025-03-27 13:50:01,638 | GPU is available: Device #0, Free: 10.98 GB / 12.00 GB
[INFO] 2025-03-27 13:50:01,638 | GPU is available: Device #0, Free: 10.98 GB / 12.00 GB
[INFO] 2025-03-27 13:50:01,639 | ACE-USDT: Updated 128/128 rows in 1.40s
[INFO] 2025-03-27 13:50:01,639 | ACH-USDT: Updated 128/128 rows in 1.40s
[INFO] 2025-03-27 13:50:01,771 | ACT-USDT: Updated 128/128 rows in 1.53s
[INFO] 2025-03-27 13:50:01,772 | Computing features for AIXBT-USDT
[INFO] 2025-03-27 13:50:01,893 | GPU is available: Device #0, Free: 10.98 GB / 12.00 GB
[INFO] 2025-03-27 13:50:02,014 | ADA-USDT: Updated 128/128 rows in 1.77s
[INFO] 2025-03-27 13:50:02,015 | AERGO-USDT: Updated 128/128 rows in 1.77s
[INFO] 2025-03-27 13:50:02,555 | AGLD-USDT: Updated 128/128 rows in 0.92s
[INFO] 2025-03-27 13:50:02,555 | AEVO-USDT: Updated 128/128 rows in 0.92s
[INFO] 2025-03-27 13:50:02,664 | AIDOGE-USDT: Updated 128/128 rows in 1.03s
[INFO] 2025-03-27 13:50:02,664 | AIXBT-USDT: Updated 128/128 rows in 0.89s
[INFO] 2025-03-27 13:50:02,841 | Processing batch 2/26 with 12 pairs
[INFO] 2025-03-27 13:50:02,841 | Computing features for ALCX-USDT
[INFO] 2025-03-27 13:50:02,841 | Computing features for ALGO-USDT
[INFO] 2025-03-27 13:50:02,842 | Computing features for ALPHA-USDT
[INFO] 2025-03-27 13:50:02,842 | Computing features for ANIME-USDT
[INFO] 2025-03-27 13:50:02,843 | Computing features for APE-USDT
[INFO] 2025-03-27 13:50:02,843 | Computing features for API3-USDT
[INFO] 2025-03-27 13:50:02,844 | Computing features for APT-USDT
[INFO] 2025-03-27 13:50:02,844 | Computing features for AR-USDT
[INFO] 2025-03-27 13:50:02,845 | GPU is available: Device #0, Free: 10.98 GB / 12.00 GB
[INFO] 2025-03-27 13:50:02,845 | GPU is available: Device #0, Free: 10.98 GB / 12.00 GB
[INFO] 2025-03-27 13:50:02,845 | GPU is available: Device #0, Free: 10.98 GB / 12.00 GB
[INFO] 2025-03-27 13:50:03,053 | GPU is available: Device #0, Free: 10.98 GB / 12.00 GB
[INFO] 2025-03-27 13:50:03,054 | GPU is available: Device #0, Free: 10.98 GB / 12.00 GB
[INFO] 2025-03-27 13:50:03,061 | GPU is available: Device #0, Free: 10.98 GB / 12.00 GB
[INFO] 2025-03-27 13:50:03,260 | GPU is available: Device #0, Free: 10.98 GB / 12.00 GB
[INFO] 2025-03-27 13:50:03,332 | GPU is available: Device #0, Free: 10.98 GB / 12.00 GB
[INFO] 2025-03-27 13:50:04,033 | ALCX-USDT: Updated 128/128 rows in 1.19s
[INFO] 2025-03-27 13:50:04,039 | ALGO-USDT: Updated 128/128 rows in 1.20s
[INFO] 2025-03-27 13:50:04,161 | ALPHA-USDT: Updated 128/128 rows in 1.32s
[INFO] 2025-03-27 13:50:04,239 | Computing features for ARB-USDT
[INFO] 2025-03-27 13:50:04,240 | Computing features for ARG-USDT
[INFO] 2025-03-27 13:50:04,246 | Computing features for ARKM-USDT
[INFO] 2025-03-27 13:50:04,247 | GPU is available: Device #0, Free: 10.98 GB / 12.00 GB
[INFO] 2025-03-27 13:50:04,247 | GPU is available: Device #0, Free: 10.98 GB / 12.00 GB
[INFO] 2025-03-27 13:50:04,254 | GPU is available: Device #0, Free: 10.98 GB / 12.00 GB
[INFO] 2025-03-27 13:50:04,255 | APE-USDT: Updated 128/128 rows in 1.41s
[INFO] 2025-03-27 13:50:04,331 | ANIME-USDT: Updated 128/128 rows in 1.49s
[INFO] 2025-03-27 13:50:04,331 | Computing features for ARTY-USDT
[INFO] 2025-03-27 13:50:04,569 | GPU is available: Device #0, Free: 10.98 GB / 12.00 GB
[INFO] 2025-03-27 13:50:04,569 | API3-USDT: Updated 128/128 rows in 1.73s
[INFO] 2025-03-27 13:50:04,569 | APT-USDT: Updated 128/128 rows in 1.73s
[INFO] 2025-03-27 13:50:04,570 | AR-USDT: Updated 128/128 rows in 1.73s
[INFO] 2025-03-27 13:50:05,141 | ARKM-USDT: Updated 128/128 rows in 0.89s
[INFO] 2025-03-27 13:50:05,142 | ARG-USDT: Updated 128/128 rows in 0.90s
[INFO] 2025-03-27 13:50:05,281 | ARTY-USDT: Updated 128/128 rows in 0.95s
[INFO] 2025-03-27 13:50:05,282 | ARB-USDT: Updated 128/128 rows in 1.04s
[INFO] 2025-03-27 13:50:05,470 | Processing batch 3/26 with 12 pairs
[INFO] 2025-03-27 13:50:05,471 | Computing features for ASTR-USDT
[INFO] 2025-03-27 13:50:05,471 | Computing features for ATH-USDT
[INFO] 2025-03-27 13:50:05,471 | Computing features for ATOM-USDT
[INFO] 2025-03-27 13:50:05,472 | Computing features for AUCTION-USDT
[INFO] 2025-03-27 13:50:05,472 | Computing features for AVAX-USDT
[INFO] 2025-03-27 13:50:05,473 | Computing features for AXS-USDT
[INFO] 2025-03-27 13:50:05,473 | GPU is available: Device #0, Free: 10.98 GB / 12.00 GB
[INFO] 2025-03-27 13:50:05,474 | Computing features for BABYDOGE-USDT
[INFO] 2025-03-27 13:50:05,474 | Computing features for BADGER-USDT
[INFO] 2025-03-27 13:50:05,474 | GPU is available: Device #0, Free: 10.98 GB / 12.00 GB
[INFO] 2025-03-27 13:50:05,475 | GPU is available: Device #0, Free: 10.98 GB / 12.00 GB
[INFO] 2025-03-27 13:50:05,706 | GPU is available: Device #0, Free: 10.98 GB / 12.00 GB
[INFO] 2025-03-27 13:50:05,708 | GPU is available: Device #0, Free: 10.98 GB / 12.00 GB
[INFO] 2025-03-27 13:50:05,708 | GPU is available: Device #0, Free: 10.98 GB / 12.00 GB
[INFO] 2025-03-27 13:50:05,916 | GPU is available: Device #0, Free: 10.98 GB / 12.00 GB
[INFO] 2025-03-27 13:50:05,979 | GPU is available: Device #0, Free: 10.98 GB / 12.00 GB
[INFO] 2025-03-27 13:50:06,667 | ATOM-USDT: Updated 128/128 rows in 1.20s
[INFO] 2025-03-27 13:50:06,672 | ATH-USDT: Updated 128/128 rows in 1.20s
[INFO] 2025-03-27 13:50:06,739 | ASTR-USDT: Updated 128/128 rows in 1.27s
[INFO] 2025-03-27 13:50:06,797 | Progress: 25/303 pairs processed (1.82 pairs/sec, ~153s remaining)
[INFO] 2025-03-27 13:50:06,869 | Computing features for BAL-USDT
[INFO] 2025-03-27 13:50:06,870 | Computing features for BANANA-USDT
[INFO] 2025-03-27 13:50:06,871 | Computing features for BAND-USDT
[INFO] 2025-03-27 13:50:06,872 | GPU is available: Device #0, Free: 10.98 GB / 12.00 GB
[INFO] 2025-03-27 13:50:06,874 | GPU is available: Device #0, Free: 10.98 GB / 12.00 GB
[INFO] 2025-03-27 13:50:06,879 | GPU is available: Device #0, Free: 10.98 GB / 12.00 GB
[INFO] 2025-03-27 13:50:06,887 | AXS-USDT: Updated 128/128 rows in 1.41s
[INFO] 2025-03-27 13:50:06,957 | AVAX-USDT: Updated 128/128 rows in 1.48s
[INFO] 2025-03-27 13:50:06,957 | AUCTION-USDT: Updated 128/128 rows in 1.49s
[INFO] 2025-03-27 13:50:07,178 | BABYDOGE-USDT: Updated 128/128 rows in 1.70s
[INFO] 2025-03-27 13:50:07,179 | BADGER-USDT: Updated 128/128 rows in 1.70s
[INFO] 2025-03-27 13:50:07,179 | BANANA-USDT: Updated 0/0 rows in 0.31s
[INFO] 2025-03-27 13:50:07,179 | BAL-USDT: Updated 0/0 rows in 0.31s
[INFO] 2025-03-27 13:50:07,179 | BAND-USDT: Updated 0/0 rows in 0.31s
