Timestamp,Pair,Operation,Duration(s)
2025-03-27 11:10:13,AERGO-USDT,db_get_columns,0.003885
2025-03-27 11:10:13,AERGO-USDT,db_get_columns,0.003325
2025-03-27 11:10:13,AERGO-USDT,fetch_data,0.003202
2025-03-27 11:10:13,AERGO-USDT,fetch_data,0.005342
2025-03-27 11:10:13,AERGO-USDT,db_get_columns,0.008892
2025-03-27 11:10:13,ACE-USDT,price_action_features,0.055761
2025-03-27 11:10:13,ACE-USDT,price_action_features,0.000432
2025-03-27 11:10:13,ACE-USDT,momentum_features,0.000265
2025-03-27 11:10:13,ACE-USDT,momentum_features,0.000170
2025-03-27 11:10:13,ACE-USDT,fetch_data,0.011677
2025-03-27 11:10:13,ACH-USDT,price_action_features,0.000901
2025-03-27 11:10:13,ACH-USDT,momentum_features,0.008021
2025-03-27 11:10:13,ACH-USDT,volatility_features,0.101358
2025-03-27 11:10:13,ACH-USDT,db_get_columns,0.012559
2025-03-27 11:10:13,ACH-USDT,volatility_features,0.107798
2025-03-27 11:10:13,ACH-USDT,db_get_columns,0.010639
2025-03-27 11:10:13,ACH-USDT,fetch_data,0.005711
2025-03-27 11:10:13,ACH-USDT,volume_features,0.019811
2025-03-27 11:10:13,ACH-USDT,volatility_features,0.033634
2025-03-27 11:10:13,ACT-USDT,fetch_data,0.060966
2025-03-27 11:10:13,ACT-USDT,volume_features,0.064630
2025-03-27 11:10:13,ACT-USDT,price_action_features,0.000260
2025-03-27 11:10:13,ACT-USDT,statistical_features,0.054395
2025-03-27 11:10:13,ACT-USDT,volume_features,0.028517
2025-03-27 11:10:13,ADA-USDT,price_action_features,0.006042
2025-03-27 11:10:13,ADA-USDT,momentum_features,0.024608
2025-03-27 11:10:13,ADA-USDT,db_get_columns,0.019206
2025-03-27 11:10:13,ADA-USDT,statistical_features,0.054218
2025-03-27 11:10:13,ADA-USDT,pattern_features,0.005188
2025-03-27 11:10:13,AERGO-USDT,statistical_features,0.048639
2025-03-27 11:10:13,AERGO-USDT,momentum_features,0.000462
2025-03-27 11:10:13,AERGO-USDT,fetch_data,0.005767
2025-03-27 11:10:13,AERGO-USDT,db_get_columns,0.009239
2025-03-27 11:10:13,AERGO-USDT,volatility_features,0.021003
2025-03-27 11:10:13,AERGO-USDT,pattern_features,0.004709
2025-03-27 11:10:13,AERGO-USDT,time_features,0.002306
2025-03-27 11:10:13,AERGO-USDT,pattern_features,0.004771
2025-03-27 11:10:13,AERGO-USDT,price_action_features,0.000383
2025-03-27 11:10:13,AERGO-USDT,fetch_data,0.009387
2025-03-27 11:10:13,AERGO-USDT,volatility_features,0.081505
2025-03-27 11:10:13,AERGO-USDT,volume_features,0.010042
2025-03-27 11:10:13,AERGO-USDT,label_features,0.000440
2025-03-27 11:10:13,AERGO-USDT,time_features,0.007212
2025-03-27 11:10:13,AERGO-USDT,momentum_features,0.000361
2025-03-27 11:10:13,AERGO-USDT,time_features,0.002315
2025-03-27 11:10:13,AERGO-USDT,db_get_columns,0.069113
2025-03-27 11:10:13,AERGO-USDT,price_action_features,0.005386
2025-03-27 11:10:13,AERGO-USDT,compute_features_total,0.646204
2025-03-27 11:10:13,AERGO-USDT,statistical_features,0.047392
2025-03-27 11:10:13,AERGO-USDT,volume_features,0.055069
2025-03-27 11:10:13,AERGO-USDT,label_features,0.000186
2025-03-27 11:10:14,AERGO-USDT,label_features,0.000338
2025-03-27 11:10:14,AERGO-USDT,fetch_data,0.004970
2025-03-27 11:10:14,AERGO-USDT,momentum_features,0.000319
2025-03-27 11:10:14,AERGO-USDT,volatility_features,0.020157
2025-03-27 11:10:14,AERGO-USDT,pattern_features,0.009501
2025-03-27 11:10:14,AERGO-USDT,compute_features_total,0.777767
2025-03-27 11:10:14,AERGO-USDT,statistical_features,0.047928
2025-03-27 11:10:14,AERGO-USDT,compute_features_total,0.672737
2025-03-27 11:10:14,AERGO-USDT,price_action_features,0.001020
2025-03-27 11:10:14,AERGO-USDT,database_update,0.130175
2025-03-27 11:10:14,AERGO-USDT,time_features,0.012344
2025-03-27 11:10:14,AERGO-USDT,volume_features,0.024975
2025-03-27 11:10:14,AERGO-USDT,pattern_features,0.010561
2025-03-27 11:10:14,AERGO-USDT,volatility_features,0.039751
2025-03-27 11:10:14,AERGO-USDT,momentum_features,0.000766
2025-03-27 11:10:14,AERGO-USDT,TOTAL,0.995707
2025-03-27 11:10:14,AEVO-USDT,volatility_features,0.076738
2025-03-27 11:10:14,AEVO-USDT,volume_features,0.007285
2025-03-27 11:10:14,AEVO-USDT,statistical_features,0.048364
2025-03-27 11:10:14,AEVO-USDT,pattern_features,0.005266
2025-03-27 11:10:14,AEVO-USDT,TOTAL,1.134906
2025-03-27 11:10:14,AGLD-USDT,TOTAL,1.335665
2025-03-27 11:10:14,AIDOGE-USDT,TOTAL,1.456726
2025-03-27 11:10:14,AIXBT-USDT,TOTAL,1.514311
2025-03-27 11:10:15,AR-USDT,db_get_columns,0.003951
2025-03-27 11:10:15,AR-USDT,db_get_columns,0.003620
2025-03-27 11:10:15,AR-USDT,db_get_columns,0.003772
2025-03-27 11:10:15,AR-USDT,fetch_data,0.004840
2025-03-27 11:10:15,AR-USDT,fetch_data,0.006257
2025-03-27 11:10:15,AR-USDT,fetch_data,0.007288
2025-03-27 11:10:15,API3-USDT,price_action_features,0.066791
2025-03-27 11:10:15,API3-USDT,price_action_features,0.066931
2025-03-27 11:10:15,API3-USDT,price_action_features,0.000370
2025-03-27 11:10:15,API3-USDT,momentum_features,0.000558
2025-03-27 11:10:15,API3-USDT,momentum_features,0.000157
2025-03-27 11:10:15,API3-USDT,momentum_features,0.000153
2025-03-27 11:10:15,API3-USDT,db_get_columns,0.014067
2025-03-27 11:10:15,API3-USDT,volatility_features,0.044128
2025-03-27 11:10:15,API3-USDT,fetch_data,0.020289
2025-03-27 11:10:15,APT-USDT,volatility_features,0.067595
2025-03-27 11:10:15,APT-USDT,db_get_columns,0.024777
2025-03-27 11:10:15,APT-USDT,db_get_columns,0.025210
2025-03-27 11:10:15,APT-USDT,volatility_features,0.052395
2025-03-27 11:10:15,AR-USDT,price_action_features,0.000326
2025-03-27 11:10:15,AR-USDT,volume_features,0.090480
2025-03-27 11:10:15,AR-USDT,volume_features,0.011838
2025-03-27 11:10:15,AR-USDT,fetch_data,0.005527
2025-03-27 11:10:15,AR-USDT,fetch_data,0.006368
2025-03-27 11:10:16,AR-USDT,volume_features,0.011030
2025-03-27 11:10:16,AR-USDT,momentum_features,0.000444
2025-03-27 11:10:16,AR-USDT,db_get_columns,0.014981
2025-03-27 11:10:16,AR-USDT,db_get_columns,0.069398
2025-03-27 11:10:16,AR-USDT,statistical_features,0.145609
2025-03-27 11:10:16,AR-USDT,price_action_features,0.005507
2025-03-27 11:10:16,AR-USDT,statistical_features,0.199069
2025-03-27 11:10:16,AR-USDT,price_action_features,0.016446
2025-03-27 11:10:16,AR-USDT,statistical_features,0.054708
2025-03-27 11:10:16,AR-USDT,fetch_data,0.007028
2025-03-27 11:10:16,AR-USDT,volatility_features,0.046280
2025-03-27 11:10:16,AR-USDT,pattern_features,0.004839
2025-03-27 11:10:16,AR-USDT,fetch_data,0.006503
2025-03-27 11:10:16,AR-USDT,momentum_features,0.000275
2025-03-27 11:10:16,AR-USDT,pattern_features,0.004672
2025-03-27 11:10:16,AR-USDT,momentum_features,0.000204
2025-03-27 11:10:16,AR-USDT,pattern_features,0.095030
2025-03-27 11:10:16,AR-USDT,price_action_features,0.000615
2025-03-27 11:10:16,AR-USDT,volume_features,0.008196
2025-03-27 11:10:16,AR-USDT,time_features,0.005497
2025-03-27 11:10:16,AR-USDT,price_action_features,0.000364
2025-03-27 11:10:16,AR-USDT,time_features,0.014201
2025-03-27 11:10:16,AR-USDT,volatility_features,0.034808
2025-03-27 11:10:16,AR-USDT,momentum_features,0.008965
2025-03-27 11:10:16,AR-USDT,time_features,0.018625
2025-03-27 11:10:16,AR-USDT,statistical_features,0.054573
2025-03-27 11:10:16,AR-USDT,volatility_features,0.080732
2025-03-27 11:10:16,AR-USDT,label_features,0.016985
2025-03-27 11:10:16,AR-USDT,momentum_features,0.000196
2025-03-27 11:10:16,AR-USDT,label_features,0.000135
2025-03-27 11:10:16,AR-USDT,volume_features,0.014901
2025-03-27 11:10:16,AR-USDT,label_features,0.010477
2025-03-27 11:10:16,AR-USDT,pattern_features,0.011790
2025-03-27 11:10:16,AR-USDT,volatility_features,0.026816
2025-03-27 11:10:16,AR-USDT,volume_features,0.006937
2025-03-27 11:10:16,AR-USDT,compute_features_total,0.914394
2025-03-27 11:10:16,AR-USDT,compute_features_total,0.827637
2025-03-27 11:10:16,AR-USDT,compute_features_total,0.786141
2025-03-27 11:10:16,AR-USDT,volatility_features,0.056140
2025-03-27 11:10:16,AR-USDT,statistical_features,0.061036
2025-03-27 11:10:16,AR-USDT,time_features,0.038091
2025-03-27 11:10:16,AR-USDT,volume_features,0.060513
2025-03-27 11:10:16,AR-USDT,statistical_features,0.051779
2025-03-27 11:10:16,AR-USDT,pattern_features,0.005379
2025-03-27 11:10:16,AR-USDT,label_features,0.005164
2025-03-27 11:10:16,AR-USDT,volume_features,0.023911
2025-03-27 11:10:16,AR-USDT,database_update,0.036900
2025-03-27 11:10:16,AR-USDT,pattern_features,0.017877
2025-03-27 11:10:16,AR-USDT,database_update,0.072987
2025-03-27 11:10:16,AR-USDT,database_update,0.094254
2025-03-27 11:10:16,AR-USDT,statistical_features,0.059988
2025-03-27 11:10:16,AR-USDT,time_features,0.002010
2025-03-27 11:10:16,AR-USDT,compute_features_total,0.827621
2025-03-27 11:10:16,AR-USDT,TOTAL,1.242387
2025-03-27 11:10:16,ARG-USDT,TOTAL,1.339234
2025-03-27 11:10:16,ARKM-USDT,TOTAL,1.396637
2025-03-27 11:10:16,ARKM-USDT,TOTAL,1.342067
2025-03-27 11:10:16,ARTY-USDT,TOTAL,1.476104
2025-03-27 11:10:17,BADGER-USDT,db_get_columns,0.003987
2025-03-27 11:10:17,BADGER-USDT,db_get_columns,0.003561
2025-03-27 11:10:17,BADGER-USDT,db_get_columns,0.003504
2025-03-27 11:10:17,BADGER-USDT,fetch_data,0.004774
2025-03-27 11:10:17,BADGER-USDT,fetch_data,0.005971
2025-03-27 11:10:17,BADGER-USDT,fetch_data,0.007991
2025-03-27 11:10:18,AVAX-USDT,price_action_features,0.066883
2025-03-27 11:10:18,AXS-USDT,price_action_features,0.063589
2025-03-27 11:10:18,AXS-USDT,price_action_features,0.000611
2025-03-27 11:10:18,AXS-USDT,momentum_features,0.000485
2025-03-27 11:10:18,AXS-USDT,momentum_features,0.000114
2025-03-27 11:10:18,AXS-USDT,momentum_features,0.000174
2025-03-27 11:10:18,AXS-USDT,volatility_features,0.043371
2025-03-27 11:10:18,AXS-USDT,db_get_columns,0.027398
2025-03-27 11:10:18,AXS-USDT,db_get_columns,0.031680
2025-03-27 11:10:18,BABYDOGE-USDT,volatility_features,0.060554
2025-03-27 11:10:18,BABYDOGE-USDT,volatility_features,0.074183
2025-03-27 11:10:18,BABYDOGE-USDT,volume_features,0.038514
2025-03-27 11:10:18,BABYDOGE-USDT,fetch_data,0.008797
2025-03-27 11:10:18,BABYDOGE-USDT,db_get_columns,0.018659
2025-03-27 11:10:18,BABYDOGE-USDT,fetch_data,0.014707
2025-03-27 11:10:18,BABYDOGE-USDT,db_get_columns,0.026673
2025-03-27 11:10:18,BADGER-USDT,statistical_features,0.106602
2025-03-27 11:10:18,BADGER-USDT,volume_features,0.121430
2025-03-27 11:10:18,BADGER-USDT,price_action_features,0.000588
2025-03-27 11:10:18,BADGER-USDT,volume_features,0.121943
2025-03-27 11:10:18,BADGER-USDT,fetch_data,0.062689
2025-03-27 11:10:18,BADGER-USDT,price_action_features,0.000186
2025-03-27 11:10:18,BADGER-USDT,pattern_features,0.005157
2025-03-27 11:10:18,BADGER-USDT,fetch_data,0.017816
2025-03-27 11:10:18,BADGER-USDT,db_get_columns,0.017229
2025-03-27 11:10:18,BADGER-USDT,momentum_features,0.005484
2025-03-27 11:10:18,BADGER-USDT,statistical_features,0.049709
2025-03-27 11:10:18,BADGER-USDT,statistical_features,0.107026
2025-03-27 11:10:18,BADGER-USDT,price_action_features,0.000120
2025-03-27 11:10:18,BADGER-USDT,momentum_features,0.000178
2025-03-27 11:10:18,BADGER-USDT,time_features,0.001669
2025-03-27 11:10:18,BADGER-USDT,price_action_features,0.000130
2025-03-27 11:10:18,BADGER-USDT,fetch_data,0.007947
2025-03-27 11:10:18,BADGER-USDT,pattern_features,0.005208
2025-03-27 11:10:18,BADGER-USDT,pattern_features,0.010186
2025-03-27 11:10:18,BADGER-USDT,momentum_features,0.003234
2025-03-27 11:10:18,BADGER-USDT,volatility_features,0.029850
2025-03-27 11:10:18,BADGER-USDT,label_features,0.000560
2025-03-27 11:10:18,BADGER-USDT,momentum_features,0.003729
2025-03-27 11:10:18,BADGER-USDT,price_action_features,0.000130
2025-03-27 11:10:18,BADGER-USDT,volatility_features,0.083240
2025-03-27 11:10:18,BADGER-USDT,time_features,0.001676
2025-03-27 11:10:18,BADGER-USDT,time_features,0.001419
2025-03-27 11:10:18,BADGER-USDT,compute_features_total,0.750226
2025-03-27 11:10:18,BADGER-USDT,momentum_features,0.001011
2025-03-27 11:10:18,BADGER-USDT,volatility_features,0.030883
2025-03-27 11:10:18,BADGER-USDT,volume_features,0.031678
2025-03-27 11:10:18,BADGER-USDT,volatility_features,0.037577
2025-03-27 11:10:18,BADGER-USDT,label_features,0.000370
2025-03-27 11:10:18,BADGER-USDT,label_features,0.000383
2025-03-27 11:10:18,BADGER-USDT,volume_features,0.015823
2025-03-27 11:10:18,BADGER-USDT,statistical_features,0.056848
2025-03-27 11:10:18,BADGER-USDT,compute_features_total,0.736570
2025-03-27 11:10:18,BADGER-USDT,volume_features,0.071488
2025-03-27 11:10:18,BADGER-USDT,compute_features_total,0.807559
2025-03-27 11:10:18,BADGER-USDT,volume_features,0.056100
2025-03-27 11:10:18,BADGER-USDT,volatility_features,0.084106
2025-03-27 11:10:18,BADGER-USDT,database_update,0.121313
2025-03-27 11:10:18,BADGER-USDT,statistical_features,0.047825
2025-03-27 11:10:18,BADGER-USDT,pattern_features,0.006677
2025-03-27 11:10:18,BADGER-USDT,statistical_features,0.059165
2025-03-27 11:10:18,BADGER-USDT,database_update,0.070549
2025-03-27 11:10:18,BADGER-USDT,database_update,0.050536
2025-03-27 11:10:18,BADGER-USDT,statistical_features,0.048271
2025-03-27 11:10:18,BADGER-USDT,TOTAL,1.129423
2025-03-27 11:10:18,BAND-USDT,TOTAL,1.203406
2025-03-27 11:10:18,BAL-USDT,TOTAL,1.206628
2025-03-27 11:10:19,BAT-USDT,TOTAL,1.326051
2025-03-27 11:10:19,BAND-USDT,TOTAL,1.206567
2025-03-27 11:10:19,BAT-USDT,TOTAL,1.434504
2025-03-27 11:10:20,BICO-USDT,db_get_columns,0.003748
2025-03-27 11:10:20,BICO-USDT,db_get_columns,0.003962
2025-03-27 11:10:20,BICO-USDT,db_get_columns,0.003878
2025-03-27 11:10:20,BICO-USDT,fetch_data,0.003602
2025-03-27 11:10:20,BICO-USDT,fetch_data,0.005775
2025-03-27 11:10:20,BICO-USDT,fetch_data,0.007086
2025-03-27 11:10:20,BIGTIME-USDT,price_action_features,0.000133
2025-03-27 11:10:20,BIO-USDT,price_action_features,0.000128
2025-03-27 11:10:20,BIO-USDT,price_action_features,0.000138
2025-03-27 11:10:20,BLUR-USDT,momentum_features,0.000991
2025-03-27 11:10:20,BLUR-USDT,momentum_features,0.000398
2025-03-27 11:10:20,BLUR-USDT,momentum_features,0.000576
2025-03-27 11:10:20,BLUR-USDT,db_get_columns,0.009311
2025-03-27 11:10:20,BLUR-USDT,db_get_columns,0.024734
2025-03-27 11:10:20,BLUR-USDT,db_get_columns,0.027709
2025-03-27 11:10:20,BLUR-USDT,volatility_features,0.028002
2025-03-27 11:10:20,BLUR-USDT,fetch_data,0.012530
2025-03-27 11:10:20,BLUR-USDT,fetch_data,0.017480
2025-03-27 11:10:20,BLUR-USDT,volatility_features,0.042069
2025-03-27 11:10:20,BLUR-USDT,fetch_data,0.008712
2025-03-27 11:10:20,BNB-USDT,price_action_features,0.000146
2025-03-27 11:10:20,BNB-USDT,volatility_features,0.103777
2025-03-27 11:10:20,BNT-USDT,price_action_features,0.000115
2025-03-27 11:10:20,BNT-USDT,volume_features,0.137020
2025-03-27 11:10:20,BNT-USDT,price_action_features,0.000130
2025-03-27 11:10:20,BNT-USDT,volume_features,0.062592
2025-03-27 11:10:20,BNT-USDT,momentum_features,0.000220
2025-03-27 11:10:20,BNT-USDT,momentum_features,0.010030
2025-03-27 11:10:20,BNT-USDT,volume_features,0.021836
2025-03-27 11:10:20,BNT-USDT,db_get_columns,0.016912
2025-03-27 11:10:20,BNT-USDT,db_get_columns,0.032636
2025-03-27 11:10:20,BNT-USDT,momentum_features,0.005440
2025-03-27 11:10:20,BNT-USDT,statistical_features,0.054912
2025-03-27 11:10:20,BNT-USDT,statistical_features,0.055470
2025-03-27 11:10:20,BNT-USDT,volatility_features,0.095225
2025-03-27 11:10:20,BNT-USDT,fetch_data,0.009147
2025-03-27 11:10:20,BNT-USDT,statistical_features,0.059989
2025-03-27 11:10:20,BNT-USDT,volatility_features,0.077697
2025-03-27 11:10:20,BNT-USDT,fetch_data,0.007597
2025-03-27 11:10:20,BNT-USDT,pattern_features,0.005029
2025-03-27 11:10:20,BNT-USDT,pattern_features,0.008139
2025-03-27 11:10:20,BNT-USDT,volatility_features,0.029370
2025-03-27 11:10:20,BNT-USDT,price_action_features,0.000129
2025-03-27 11:10:20,BNT-USDT,volume_features,0.063540
2025-03-27 11:10:20,BNT-USDT,pattern_features,0.004733
2025-03-27 11:10:20,BNT-USDT,price_action_features,0.000150
2025-03-27 11:10:20,BNT-USDT,volume_features,0.079337
2025-03-27 11:10:20,BNT-USDT,time_features,0.001833
2025-03-27 11:10:21,BNT-USDT,time_features,0.001509
2025-03-27 11:10:21,BNT-USDT,momentum_features,0.000645
2025-03-27 11:10:21,BNT-USDT,volume_features,0.007767
2025-03-27 11:10:21,BNT-USDT,statistical_features,0.046833
2025-03-27 11:10:21,BNT-USDT,time_features,0.001766
2025-03-27 11:10:21,BNT-USDT,momentum_features,0.000198
2025-03-27 11:10:21,BNT-USDT,label_features,0.021090
2025-03-27 11:10:21,BNT-USDT,statistical_features,0.047226
2025-03-27 11:10:21,BNT-USDT,label_features,0.002225
2025-03-27 11:10:21,BNT-USDT,statistical_features,0.050270
2025-03-27 11:10:21,BNT-USDT,volatility_features,0.064965
2025-03-27 11:10:21,BNT-USDT,pattern_features,0.006700
2025-03-27 11:10:21,BNT-USDT,label_features,0.000166
2025-03-27 11:10:21,BNT-USDT,compute_features_total,0.951645
2025-03-27 11:10:21,BNT-USDT,pattern_features,0.005203
2025-03-27 11:10:21,BNT-USDT,volatility_features,0.023547
2025-03-27 11:10:21,BNT-USDT,compute_features_total,0.896948
2025-03-27 11:10:21,BNT-USDT,pattern_features,0.004908
2025-03-27 11:10:21,BNT-USDT,volume_features,0.007883
2025-03-27 11:10:21,BNT-USDT,compute_features_total,0.841831
2025-03-27 11:10:21,BNT-USDT,time_features,0.006132
2025-03-27 11:10:21,BNT-USDT,time_features,0.010493
2025-03-27 11:10:21,BNT-USDT,volume_features,0.035610
2025-03-27 11:10:21,BNT-USDT,time_features,0.062277
2025-03-27 11:10:21,BNT-USDT,statistical_features,0.061234
2025-03-27 11:10:21,BNT-USDT,label_features,0.000424
2025-03-27 11:10:21,BNT-USDT,label_features,0.000271
2025-03-27 11:10:21,BNT-USDT,database_update,0.080953
2025-03-27 11:10:21,BNT-USDT,database_update,0.091844
2025-03-27 11:10:21,BNT-USDT,database_update,0.039341
2025-03-27 11:10:21,BNT-USDT,label_features,0.010893
2025-03-27 11:10:21,BNT-USDT,statistical_features,0.049339
2025-03-27 11:10:21,BNT-USDT,pattern_features,0.006800
2025-03-27 11:10:21,BNT-USDT,compute_features_total,0.839849
2025-03-27 11:10:21,BNT-USDT,compute_features_total,0.783899
2025-03-27 11:10:21,BNT-USDT,TOTAL,1.197394
2025-03-27 11:10:21,BONK-USDT,TOTAL,1.285094
2025-03-27 11:10:21,BORA-USDT,database_update,0.206791
2025-03-27 11:10:21,BORA-USDT,TOTAL,1.410285
2025-03-27 11:10:21,BORA-USDT,database_update,0.208657
2025-03-27 11:10:21,BORA-USDT,TOTAL,1.412000
2025-03-27 11:10:22,CAT-USDT,db_get_columns,0.003528
2025-03-27 11:10:22,CAT-USDT,db_get_columns,0.003819
2025-03-27 11:10:22,CAT-USDT,db_get_columns,0.003766
2025-03-27 11:10:22,CAT-USDT,fetch_data,0.003747
2025-03-27 11:10:22,CAT-USDT,fetch_data,0.005239
2025-03-27 11:10:22,CAT-USDT,fetch_data,0.007067
2025-03-27 11:10:22,CATI-USDT,price_action_features,0.000127
2025-03-27 11:10:22,CELO-USDT,price_action_features,0.000129
2025-03-27 11:10:22,CELO-USDT,price_action_features,0.000135
2025-03-27 11:10:22,CELR-USDT,momentum_features,0.000718
2025-03-27 11:10:22,CELR-USDT,momentum_features,0.000613
2025-03-27 11:10:22,CELR-USDT,momentum_features,0.000930
2025-03-27 11:10:22,CELR-USDT,db_get_columns,0.012859
2025-03-27 11:10:22,CELR-USDT,db_get_columns,0.014989
2025-03-27 11:10:22,CELR-USDT,db_get_columns,0.019467
2025-03-27 11:10:22,CELR-USDT,fetch_data,0.007634
2025-03-27 11:10:22,CELR-USDT,fetch_data,0.014582
2025-03-27 11:10:22,CELR-USDT,fetch_data,0.007398
2025-03-27 11:10:22,CETUS-USDT,price_action_features,0.000116
2025-03-27 11:10:22,CETUS-USDT,volatility_features,0.126308
2025-03-27 11:10:22,CFG-USDT,volatility_features,0.198012
2025-03-27 11:10:22,CFG-USDT,price_action_features,0.000111
2025-03-27 11:10:22,CFG-USDT,price_action_features,0.000111
2025-03-27 11:10:22,CFG-USDT,volatility_features,0.267410
2025-03-27 11:10:22,CFG-USDT,momentum_features,0.000180
2025-03-27 11:10:22,CFG-USDT,volume_features,0.011299
2025-03-27 11:10:22,CFG-USDT,db_get_columns,0.011784
2025-03-27 11:10:23,CFG-USDT,momentum_features,0.000417
2025-03-27 11:10:23,CFG-USDT,db_get_columns,0.008278
2025-03-27 11:10:23,CFG-USDT,volume_features,0.012228
2025-03-27 11:10:23,CFG-USDT,momentum_features,0.003769
2025-03-27 11:10:23,CFG-USDT,volume_features,0.030053
2025-03-27 11:10:23,CFG-USDT,statistical_features,0.053390
2025-03-27 11:10:23,CFG-USDT,fetch_data,0.012235
2025-03-27 11:10:23,CFG-USDT,volatility_features,0.073658
2025-03-27 11:10:23,CFG-USDT,fetch_data,0.007071
2025-03-27 11:10:23,CFG-USDT,volatility_features,0.051981
2025-03-27 11:10:23,CFG-USDT,statistical_features,0.068236
2025-03-27 11:10:23,CFG-USDT,statistical_features,0.050348
2025-03-27 11:10:23,CFG-USDT,pattern_features,0.036361
2025-03-27 11:10:23,CFG-USDT,price_action_features,0.000114
2025-03-27 11:10:23,CFG-USDT,volatility_features,0.169736
2025-03-27 11:10:23,CFG-USDT,price_action_features,0.000109
2025-03-27 11:10:23,CFG-USDT,volume_features,0.051883
2025-03-27 11:10:23,CFG-USDT,pattern_features,0.004928
2025-03-27 11:10:23,CFG-USDT,volume_features,0.012025
2025-03-27 11:10:23,CFG-USDT,pattern_features,0.004778
2025-03-27 11:10:23,CFG-USDT,momentum_features,0.000280
2025-03-27 11:10:23,CFG-USDT,time_features,0.002016
2025-03-27 11:10:23,CFG-USDT,momentum_features,0.000340
2025-03-27 11:10:23,CFG-USDT,volume_features,0.033967
2025-03-27 11:10:23,CFG-USDT,time_features,0.038130
2025-03-27 11:10:23,CFG-USDT,statistical_features,0.067699
2025-03-27 11:10:23,CFG-USDT,statistical_features,0.051000
2025-03-27 11:10:23,CFG-USDT,time_features,0.032694
2025-03-27 11:10:23,CFG-USDT,label_features,0.000423
2025-03-27 11:10:23,CFG-USDT,volatility_features,0.026180
2025-03-27 11:10:23,CFG-USDT,statistical_features,0.051145
2025-03-27 11:10:23,CFG-USDT,label_features,0.022193
2025-03-27 11:10:23,CFG-USDT,volatility_features,0.066106
2025-03-27 11:10:23,CFG-USDT,pattern_features,0.004627
2025-03-27 11:10:23,CFG-USDT,pattern_features,0.005052
2025-03-27 11:10:23,CFG-USDT,label_features,0.005041
2025-03-27 11:10:23,CFG-USDT,compute_features_total,0.970469
2025-03-27 11:10:23,CFG-USDT,pattern_features,0.005247
2025-03-27 11:10:23,CFG-USDT,volume_features,0.012573
2025-03-27 11:10:23,CFG-USDT,compute_features_total,0.849692
2025-03-27 11:10:23,CFG-USDT,volume_features,0.009316
2025-03-27 11:10:23,CFG-USDT,compute_features_total,0.930608
2025-03-27 11:10:23,CFG-USDT,time_features,0.007670
2025-03-27 11:10:23,CFG-USDT,time_features,0.002213
2025-03-27 11:10:23,CFG-USDT,time_features,0.006222
2025-03-27 11:10:23,CFG-USDT,statistical_features,0.080309
2025-03-27 11:10:23,CFG-USDT,database_update,0.104444
2025-03-27 11:10:23,CFG-USDT,statistical_features,0.062458
2025-03-27 11:10:23,CFG-USDT,label_features,0.000791
2025-03-27 11:10:23,CFG-USDT,label_features,0.000605
2025-03-27 11:10:23,CFG-USDT,label_features,0.000174
2025-03-27 11:10:23,CFG-USDT,TOTAL,1.188920
2025-03-27 11:10:23,CFX-USDT,TOTAL,1.255624
2025-03-27 11:10:23,CFX-USDT,TOTAL,1.256336
2025-03-27 11:10:23,CITY-USDT,TOTAL,1.257683
2025-03-27 11:10:24,CITY-USDT,TOTAL,1.608607
2025-03-27 11:10:24,CLV-USDT,db_get_columns,0.003579
2025-03-27 11:10:24,CLV-USDT,db_get_columns,0.003009
2025-03-27 11:10:24,CLV-USDT,db_get_columns,0.003080
2025-03-27 11:10:24,CLV-USDT,db_get_columns,0.003270
2025-03-27 11:10:24,CLV-USDT,fetch_data,0.003734
2025-03-27 11:10:24,CLV-USDT,fetch_data,0.004963
2025-03-27 11:10:24,CLV-USDT,fetch_data,0.006729
2025-03-27 11:10:24,CLV-USDT,fetch_data,0.071683
2025-03-27 11:10:24,CLV-USDT,price_action_features,0.000138
2025-03-27 11:10:24,CLV-USDT,price_action_features,0.000118
2025-03-27 11:10:24,CLV-USDT,price_action_features,0.000122
2025-03-27 11:10:24,CLV-USDT,price_action_features,0.000118
2025-03-27 11:10:24,CLV-USDT,momentum_features,0.000207
2025-03-27 11:10:24,CLV-USDT,momentum_features,0.000167
2025-03-27 11:10:24,CLV-USDT,momentum_features,0.000154
2025-03-27 11:10:24,CLV-USDT,momentum_features,0.000186
2025-03-27 11:10:24,CLV-USDT,volatility_features,0.052169
2025-03-27 11:10:24,CLV-USDT,volatility_features,0.044947
2025-03-27 11:10:24,CLV-USDT,volatility_features,0.054764
2025-03-27 11:10:24,CLV-USDT,volatility_features,0.059511
2025-03-27 11:10:24,CLV-USDT,volume_features,0.026018
2025-03-27 11:10:24,CLV-USDT,volume_features,0.041437
2025-03-27 11:10:24,CLV-USDT,volume_features,0.055693
2025-03-27 11:10:24,CLV-USDT,statistical_features,0.055328
2025-03-27 11:10:24,CLV-USDT,volume_features,0.066231
2025-03-27 11:10:24,CLV-USDT,statistical_features,0.063951
2025-03-27 11:10:24,CLV-USDT,statistical_features,0.066690
2025-03-27 11:10:24,CLV-USDT,pattern_features,0.013230
2025-03-27 11:10:24,CLV-USDT,pattern_features,0.018093
2025-03-27 11:10:24,CLV-USDT,statistical_features,0.062328
2025-03-27 11:10:24,CLV-USDT,pattern_features,0.004942
2025-03-27 11:10:24,CLV-USDT,time_features,0.002182
2025-03-27 11:10:24,CLV-USDT,time_features,0.001807
2025-03-27 11:10:24,CLV-USDT,pattern_features,0.005146
2025-03-27 11:10:24,CLV-USDT,label_features,0.001440
2025-03-27 11:10:24,CLV-USDT,time_features,0.006740
2025-03-27 11:10:24,CLV-USDT,label_features,0.000226
2025-03-27 11:10:24,CLV-USDT,time_features,0.001371
2025-03-27 11:10:24,CLV-USDT,compute_features_total,0.493967
2025-03-27 11:10:24,CLV-USDT,label_features,0.000188
2025-03-27 11:10:24,CLV-USDT,compute_features_total,0.386298
2025-03-27 11:10:24,CLV-USDT,label_features,0.000167
2025-03-27 11:10:24,CLV-USDT,compute_features_total,0.438474
2025-03-27 11:10:24,CLV-USDT,compute_features_total,0.335740
2025-03-27 11:10:24,CLV-USDT,database_update,0.032677
2025-03-27 11:10:24,CLV-USDT,TOTAL,0.841710
2025-03-27 11:10:24,CVC-USDT,db_get_columns,0.003523
2025-03-27 11:10:24,CVC-USDT,db_get_columns,0.003261
2025-03-27 11:10:24,CVC-USDT,db_get_columns,0.003447
2025-03-27 11:10:24,CVC-USDT,fetch_data,0.004295
2025-03-27 11:10:25,CVC-USDT,fetch_data,0.005709
2025-03-27 11:10:25,CVC-USDT,fetch_data,0.007273
2025-03-27 11:10:25,CRV-USDT,price_action_features,0.000132
2025-03-27 11:10:25,CSPR-USDT,price_action_features,0.000121
2025-03-27 11:10:25,CSPR-USDT,price_action_features,0.000135
2025-03-27 11:10:25,CTC-USDT,momentum_features,0.000414
2025-03-27 11:10:25,CTC-USDT,momentum_features,0.001207
2025-03-27 11:10:25,CTC-USDT,momentum_features,0.000114
2025-03-27 11:10:25,CTC-USDT,db_get_columns,0.011020
2025-03-27 11:10:25,CTC-USDT,db_get_columns,0.011697
2025-03-27 11:10:25,CTC-USDT,db_get_columns,0.012636
2025-03-27 11:10:25,CTC-USDT,fetch_data,0.007653
2025-03-27 11:10:25,CTC-USDT,fetch_data,0.018219
2025-03-27 11:10:25,CTC-USDT,volatility_features,0.053275
2025-03-27 11:10:25,CTC-USDT,volatility_features,0.046827
2025-03-27 11:10:25,CTC-USDT,fetch_data,0.006660
2025-03-27 11:10:25,CTXC-USDT,price_action_features,0.000115
2025-03-27 11:10:25,CVC-USDT,price_action_features,0.000126
2025-03-27 11:10:25,CVC-USDT,volatility_features,0.177828
2025-03-27 11:10:25,CVC-USDT,volume_features,0.010656
2025-03-27 11:10:25,CVC-USDT,price_action_features,0.000128
2025-03-27 11:10:25,CVC-USDT,volume_features,0.075599
2025-03-27 11:10:25,CVC-USDT,momentum_features,0.000871
2025-03-27 11:10:25,CVC-USDT,momentum_features,0.000151
2025-03-27 11:10:25,CVC-USDT,db_get_columns,0.008840
2025-03-27 11:10:25,CVC-USDT,db_get_columns,0.009342
2025-03-27 11:10:25,CVC-USDT,momentum_features,0.022982
2025-03-27 11:10:25,CVC-USDT,statistical_features,0.048314
2025-03-27 11:10:25,CVC-USDT,volume_features,0.071113
2025-03-27 11:10:25,CVC-USDT,statistical_features,0.052029
2025-03-27 11:10:25,CVC-USDT,fetch_data,0.010739
2025-03-27 11:10:25,CVC-USDT,fetch_data,0.010315
2025-03-27 11:10:25,CVC-USDT,volatility_features,0.040596
2025-03-27 11:10:25,CVC-USDT,volatility_features,0.040887
2025-03-27 11:10:25,CVC-USDT,pattern_features,0.011653
2025-03-27 11:10:25,CVC-USDT,pattern_features,0.027027
2025-03-27 11:10:25,CVC-USDT,statistical_features,0.063063
2025-03-27 11:10:25,CVC-USDT,volatility_features,0.085158
2025-03-27 11:10:25,CVC-USDT,price_action_features,0.000123
2025-03-27 11:10:25,CVC-USDT,price_action_features,0.000114
2025-03-27 11:10:25,CVC-USDT,volume_features,0.010486
2025-03-27 11:10:25,CVC-USDT,volume_features,0.010593
2025-03-27 11:10:25,CVC-USDT,time_features,0.002389
2025-03-27 11:10:25,CVC-USDT,time_features,0.002116
2025-03-27 11:10:25,CVC-USDT,momentum_features,0.002149
2025-03-27 11:10:25,CVC-USDT,pattern_features,0.009267
2025-03-27 11:10:25,CVC-USDT,volume_features,0.012837
2025-03-27 11:10:25,CVC-USDT,momentum_features,0.000152
2025-03-27 11:10:25,CVC-USDT,statistical_features,0.067230
2025-03-27 11:10:26,CVC-USDT,statistical_features,0.065259
2025-03-27 11:10:26,CVC-USDT,label_features,0.006597
2025-03-27 11:10:26,CVC-USDT,label_features,0.000161
2025-03-27 11:10:26,CVC-USDT,time_features,0.027070
2025-03-27 11:10:26,CVC-USDT,statistical_features,0.053106
2025-03-27 11:10:26,CVC-USDT,volatility_features,0.078539
2025-03-27 11:10:26,CVC-USDT,pattern_features,0.005298
2025-03-27 11:10:26,CVC-USDT,compute_features_total,0.908433
2025-03-27 11:10:26,CVC-USDT,pattern_features,0.010166
2025-03-27 11:10:26,CVC-USDT,volatility_features,0.053288
2025-03-27 11:10:26,CVC-USDT,compute_features_total,0.979241
2025-03-27 11:10:26,CVC-USDT,label_features,0.000183
2025-03-27 11:10:26,CVC-USDT,pattern_features,0.004697
2025-03-27 11:10:26,CVC-USDT,volume_features,0.007509
2025-03-27 11:10:26,CVC-USDT,time_features,0.005758
2025-03-27 11:10:26,CVC-USDT,time_features,0.010187
2025-03-27 11:10:26,CVC-USDT,compute_features_total,0.867192
2025-03-27 11:10:26,CVC-USDT,volume_features,0.013534
2025-03-27 11:10:26,CVC-USDT,time_features,0.002380
2025-03-27 11:10:26,CVC-USDT,database_update,0.039759
2025-03-27 11:10:26,CVC-USDT,database_update,0.034626
2025-03-27 11:10:26,CVC-USDT,label_features,0.024070
2025-03-27 11:10:26,CVC-USDT,statistical_features,0.048227
2025-03-27 11:10:26,CVC-USDT,label_features,0.000226
2025-03-27 11:10:26,CVC-USDT,label_features,0.023145
2025-03-27 11:10:26,CVC-USDT,statistical_features,0.052915
2025-03-27 11:10:26,CVC-USDT,TOTAL,1.190760
2025-03-27 11:10:26,CXT-USDT,database_update,0.120052
2025-03-27 11:10:26,CXT-USDT,TOTAL,1.260040
2025-03-27 11:10:26,CXT-USDT,TOTAL,1.262349
2025-03-27 11:10:26,DAI-USDT,TOTAL,1.262513
2025-03-27 11:10:26,DAO-USDT,TOTAL,1.482834
2025-03-27 11:10:26,DAO-USDT,db_get_columns,0.003520
2025-03-27 11:10:26,DAO-USDT,db_get_columns,0.003095
2025-03-27 11:10:26,DAO-USDT,db_get_columns,0.002929
2025-03-27 11:10:26,DAO-USDT,db_get_columns,0.003089
2025-03-27 11:10:26,DAO-USDT,fetch_data,0.003467
2025-03-27 11:10:26,DAO-USDT,fetch_data,0.005190
2025-03-27 11:10:26,DAO-USDT,fetch_data,0.007639
2025-03-27 11:10:26,DAO-USDT,fetch_data,0.009221
2025-03-27 11:10:26,DAO-USDT,price_action_features,0.000128
2025-03-27 11:10:26,DAO-USDT,price_action_features,0.000117
2025-03-27 11:10:26,DAO-USDT,price_action_features,0.000118
2025-03-27 11:10:26,DAO-USDT,price_action_features,0.000128
2025-03-27 11:10:26,DAO-USDT,momentum_features,0.000202
2025-03-27 11:10:26,DAO-USDT,momentum_features,0.000160
2025-03-27 11:10:26,DAO-USDT,momentum_features,0.000144
2025-03-27 11:10:26,DAO-USDT,momentum_features,0.000153
2025-03-27 11:10:26,DAO-USDT,volatility_features,0.032991
2025-03-27 11:10:26,DAO-USDT,volatility_features,0.046725
2025-03-27 11:10:26,DAO-USDT,volatility_features,0.057566
2025-03-27 11:10:26,DAO-USDT,volume_features,0.023480
2025-03-27 11:10:26,DAO-USDT,volume_features,0.046110
2025-03-27 11:10:26,DAO-USDT,volatility_features,0.083868
2025-03-27 11:10:26,DAO-USDT,statistical_features,0.057741
2025-03-27 11:10:26,DAO-USDT,volume_features,0.080864
2025-03-27 11:10:26,DAO-USDT,statistical_features,0.052929
2025-03-27 11:10:26,DAO-USDT,pattern_features,0.020803
2025-03-27 11:10:26,DAO-USDT,volume_features,0.044745
2025-03-27 11:10:26,DAO-USDT,statistical_features,0.054292
2025-03-27 11:10:26,DAO-USDT,pattern_features,0.006158
2025-03-27 11:10:26,DAO-USDT,time_features,0.001902
2025-03-27 11:10:26,DAO-USDT,pattern_features,0.009979
2025-03-27 11:10:26,DAO-USDT,statistical_features,0.052079
2025-03-27 11:10:26,DAO-USDT,label_features,0.000533
2025-03-27 11:10:26,DAO-USDT,time_features,0.003774
2025-03-27 11:10:26,DAO-USDT,pattern_features,0.004938
2025-03-27 11:10:26,DAO-USDT,time_features,0.006446
2025-03-27 11:10:26,DAO-USDT,compute_features_total,0.466821
2025-03-27 11:10:26,DAO-USDT,label_features,0.000182
2025-03-27 11:10:26,DAO-USDT,label_features,0.000401
2025-03-27 11:10:26,DAO-USDT,time_features,0.002454
2025-03-27 11:10:26,DAO-USDT,compute_features_total,0.371960
2025-03-27 11:10:26,DAO-USDT,compute_features_total,0.419761
2025-03-27 11:10:26,DAO-USDT,label_features,0.000182
2025-03-27 11:10:26,DAO-USDT,compute_features_total,0.320650
2025-03-27 11:10:27,DAO-USDT,database_update,0.031762
2025-03-27 11:10:27,DAO-USDT,database_update,0.031497
2025-03-27 11:10:27,DAO-USDT,database_update,0.031733
2025-03-27 11:10:27,DAO-USDT,TOTAL,0.795356
2025-03-27 11:10:27,DOT-USDT,db_get_columns,0.003401
2025-03-27 11:10:27,DOT-USDT,db_get_columns,0.003176
2025-03-27 11:10:27,DOT-USDT,db_get_columns,0.003271
2025-03-27 11:10:27,DOT-USDT,fetch_data,0.004091
2025-03-27 11:10:27,DOT-USDT,fetch_data,0.005630
2025-03-27 11:10:27,DOT-USDT,fetch_data,0.007902
2025-03-27 11:10:27,DOT-USDT,price_action_features,0.000129
2025-03-27 11:10:27,DIA-USDT,price_action_features,0.000159
2025-03-27 11:10:27,DOGE-USDT,price_action_features,0.000128
2025-03-27 11:10:27,DOGE-USDT,momentum_features,0.000204
2025-03-27 11:10:27,DOGE-USDT,momentum_features,0.001072
2025-03-27 11:10:27,DOGE-USDT,momentum_features,0.000434
2025-03-27 11:10:27,DOGE-USDT,db_get_columns,0.012439
2025-03-27 11:10:27,DOGE-USDT,db_get_columns,0.013468
2025-03-27 11:10:27,DOGE-USDT,volatility_features,0.042198
2025-03-27 11:10:27,DOGE-USDT,fetch_data,0.009239
2025-03-27 11:10:27,DOGE-USDT,fetch_data,0.010176
2025-03-27 11:10:27,DOGE-USDT,volatility_features,0.051750
2025-03-27 11:10:27,DOGS-USDT,volatility_features,0.050332
2025-03-27 11:10:27,DOGS-USDT,price_action_features,0.000130
2025-03-27 11:10:27,DORA-USDT,volume_features,0.075001
2025-03-27 11:10:27,DORA-USDT,price_action_features,0.000135
2025-03-27 11:10:27,DOT-USDT,momentum_features,0.000862
2025-03-27 11:10:27,DOT-USDT,volume_features,0.012685
2025-03-27 11:10:27,DOT-USDT,db_get_columns,0.014460
2025-03-27 11:10:27,DOT-USDT,db_get_columns,0.022816
2025-03-27 11:10:27,DOT-USDT,momentum_features,0.011122
2025-03-27 11:10:27,DOT-USDT,volume_features,0.055167
2025-03-27 11:10:27,DOT-USDT,statistical_features,0.055656
2025-03-27 11:10:27,DOT-USDT,db_get_columns,0.012187
2025-03-27 11:10:27,DOT-USDT,volatility_features,0.018303
2025-03-27 11:10:27,DOT-USDT,fetch_data,0.017644
2025-03-27 11:10:27,DOT-USDT,statistical_features,0.048753
2025-03-27 11:10:27,DOT-USDT,fetch_data,0.009498
2025-03-27 11:10:27,DOT-USDT,statistical_features,0.050200
2025-03-27 11:10:27,DOT-USDT,pattern_features,0.007230
2025-03-27 11:10:27,DOT-USDT,volatility_features,0.071724
2025-03-27 11:10:27,DOT-USDT,fetch_data,0.005166
2025-03-27 11:10:27,DOT-USDT,volume_features,0.008820
2025-03-27 11:10:28,DOT-USDT,price_action_features,0.000123
2025-03-27 11:10:28,DOT-USDT,pattern_features,0.004833
2025-03-27 11:10:28,DOT-USDT,price_action_features,0.000111
2025-03-27 11:10:28,DOT-USDT,pattern_features,0.004863
2025-03-27 11:10:28,DOT-USDT,time_features,0.002010
2025-03-27 11:10:28,DOT-USDT,price_action_features,0.000142
2025-03-27 11:10:28,DOT-USDT,volume_features,0.061073
2025-03-27 11:10:28,DOT-USDT,momentum_features,0.005471
2025-03-27 11:10:28,DOT-USDT,statistical_features,0.050118
2025-03-27 11:10:28,DOT-USDT,momentum_features,0.000557
2025-03-27 11:10:28,DOT-USDT,time_features,0.018446
2025-03-27 11:10:28,DOT-USDT,label_features,0.001427
2025-03-27 11:10:28,DOT-USDT,time_features,0.002080
2025-03-27 11:10:28,DOT-USDT,momentum_features,0.000146
2025-03-27 11:10:28,DOT-USDT,statistical_features,0.047178
2025-03-27 11:10:28,DOT-USDT,pattern_features,0.005090
2025-03-27 11:10:28,DOT-USDT,volatility_features,0.052456
2025-03-27 11:10:28,DOT-USDT,label_features,0.003808
2025-03-27 11:10:28,DOT-USDT,compute_features_total,0.868382
2025-03-27 11:10:28,DOT-USDT,volatility_features,0.028316
2025-03-27 11:10:28,DOT-USDT,label_features,0.000200
2025-03-27 11:10:28,DOT-USDT,pattern_features,0.005603
2025-03-27 11:10:28,DOT-USDT,compute_features_total,0.829342
2025-03-27 11:10:28,DOT-USDT,time_features,0.021727
2025-03-27 11:10:28,DOT-USDT,volume_features,0.020284
2025-03-27 11:10:28,DOT-USDT,volatility_features,0.033320
2025-03-27 11:10:28,DOT-USDT,compute_features_total,0.785127
2025-03-27 11:10:28,DOT-USDT,time_features,0.002672
2025-03-27 11:10:28,DOT-USDT,volume_features,0.010115
2025-03-27 11:10:28,DOT-USDT,label_features,0.000214
2025-03-27 11:10:28,DOT-USDT,database_update,0.046535
2025-03-27 11:10:28,DOT-USDT,statistical_features,0.056687
2025-03-27 11:10:28,DOT-USDT,volume_features,0.028297
2025-03-27 11:10:28,DOT-USDT,label_features,0.000566
2025-03-27 11:10:28,DOT-USDT,compute_features_total,0.727989
2025-03-27 11:10:28,DOT-USDT,database_update,0.099946
2025-03-27 11:10:28,DOT-USDT,database_update,0.047652
2025-03-27 11:10:28,DOT-USDT,TOTAL,1.100106
2025-03-27 11:10:28,DUCK-USDT,TOTAL,1.233579
2025-03-27 11:10:28,DUCK-USDT,TOTAL,1.292668
2025-03-27 11:10:28,EGLD-USDT,TOTAL,1.348839
2025-03-27 11:10:28,EIGEN-USDT,TOTAL,1.351207
2025-03-27 11:10:29,FET-USDT,db_get_columns,0.003458
2025-03-27 11:10:29,FET-USDT,db_get_columns,0.003218
2025-03-27 11:10:29,FET-USDT,db_get_columns,0.003350
2025-03-27 11:10:29,FET-USDT,fetch_data,0.004512
2025-03-27 11:10:29,FET-USDT,fetch_data,0.005243
2025-03-27 11:10:29,FET-USDT,fetch_data,0.006664
2025-03-27 11:10:29,ENS-USDT,price_action_features,0.000137
2025-03-27 11:10:29,ENS-USDT,price_action_features,0.000148
2025-03-27 11:10:29,ERN-USDT,price_action_features,0.000149
2025-03-27 11:10:29,ETC-USDT,momentum_features,0.000247
2025-03-27 11:10:29,ETC-USDT,momentum_features,0.000470
2025-03-27 11:10:29,ETC-USDT,momentum_features,0.000514
2025-03-27 11:10:29,ETC-USDT,db_get_columns,0.010967
2025-03-27 11:10:29,ETC-USDT,db_get_columns,0.013681
2025-03-27 11:10:29,ETC-USDT,db_get_columns,0.012409
2025-03-27 11:10:29,ETC-USDT,volatility_features,0.041994
2025-03-27 11:10:29,ETC-USDT,fetch_data,0.005740
2025-03-27 11:10:29,FET-USDT,volatility_features,0.051251
2025-03-27 11:10:29,FET-USDT,volatility_features,0.049832
2025-03-27 11:10:29,FET-USDT,volume_features,0.008295
2025-03-27 11:10:29,FET-USDT,fetch_data,0.011314
2025-03-27 11:10:29,FET-USDT,fetch_data,0.012167
2025-03-27 11:10:29,FET-USDT,price_action_features,0.000134
2025-03-27 11:10:29,EOS-USDT,db_get_columns,0.030259
2025-03-27 11:10:29,EOS-USDT,volume_features,0.108060
2025-03-27 11:10:29,EOS-USDT,price_action_features,0.000125
2025-03-27 11:10:30,EOS-USDT,volume_features,0.172953
2025-03-27 11:10:30,EOS-USDT,statistical_features,0.169052
2025-03-27 11:10:30,EOS-USDT,price_action_features,0.000120
2025-03-27 11:10:30,EOS-USDT,momentum_features,0.000562
2025-03-27 11:10:30,EOS-USDT,fetch_data,0.007401
2025-03-27 11:10:30,EOS-USDT,db_get_columns,0.018460
2025-03-27 11:10:30,EOS-USDT,statistical_features,0.051648
2025-03-27 11:10:30,EOS-USDT,momentum_features,0.018752
2025-03-27 11:10:30,EOS-USDT,pattern_features,0.024857
2025-03-27 11:10:30,EOS-USDT,statistical_features,0.054173
2025-03-27 11:10:30,EOS-USDT,momentum_features,0.002130
2025-03-27 11:10:30,EOS-USDT,price_action_features,0.000170
2025-03-27 11:10:30,EOS-USDT,fetch_data,0.009117
2025-03-27 11:10:30,EOS-USDT,volatility_features,0.090725
2025-03-27 11:10:30,EOS-USDT,pattern_features,0.004705
2025-03-27 11:10:30,EOS-USDT,time_features,0.013120
2025-03-27 11:10:30,EOS-USDT,volatility_features,0.021177
2025-03-27 11:10:30,EOS-USDT,pattern_features,0.006781
2025-03-27 11:10:30,EOS-USDT,momentum_features,0.000462
2025-03-27 11:10:30,EOS-USDT,price_action_features,0.000161
2025-03-27 11:10:30,EOS-USDT,volatility_features,0.080925
2025-03-27 11:10:30,EOS-USDT,volume_features,0.008254
2025-03-27 11:10:30,EOS-USDT,time_features,0.005713
2025-03-27 11:10:30,EOS-USDT,label_features,0.000277
2025-03-27 11:10:30,EOS-USDT,volume_features,0.007651
2025-03-27 11:10:30,EOS-USDT,time_features,0.012936
2025-03-27 11:10:30,EOS-USDT,momentum_features,0.000497
2025-03-27 11:10:30,EOS-USDT,volatility_features,0.048717
2025-03-27 11:10:30,EOS-USDT,volume_features,0.064985
2025-03-27 11:10:30,EOS-USDT,label_features,0.019446
2025-03-27 11:10:30,EOS-USDT,statistical_features,0.062528
2025-03-27 11:10:30,EOS-USDT,compute_features_total,0.858814
2025-03-27 11:10:30,EOS-USDT,statistical_features,0.050085
2025-03-27 11:10:30,EOS-USDT,label_features,0.033586
2025-03-27 11:10:30,EOS-USDT,compute_features_total,0.879059
2025-03-27 11:10:30,EOS-USDT,volatility_features,0.054770
2025-03-27 11:10:30,EOS-USDT,statistical_features,0.059149
2025-03-27 11:10:30,EOS-USDT,volume_features,0.066257
2025-03-27 11:10:30,EOS-USDT,pattern_features,0.004836
2025-03-27 11:10:30,EOS-USDT,pattern_features,0.005200
2025-03-27 11:10:30,EOS-USDT,compute_features_total,0.856710
2025-03-27 11:10:30,EOS-USDT,pattern_features,0.010895
2025-03-27 11:10:30,EOS-USDT,database_update,0.035842
2025-03-27 11:10:30,EOS-USDT,volume_features,0.033654
2025-03-27 11:10:30,EOS-USDT,statistical_features,0.054794
2025-03-27 11:10:30,EOS-USDT,time_features,0.004714
2025-03-27 11:10:30,EOS-USDT,time_features,0.011102
2025-03-27 11:10:30,EOS-USDT,TOTAL,1.162256
2025-03-27 11:10:30,FIL-USDT,TOTAL,1.281737
2025-03-27 11:10:30,FIL-USDT,TOTAL,1.281531
2025-03-27 11:10:30,FLOKI-USDT,TOTAL,1.524480
2025-03-27 11:10:30,FLOW-USDT,TOTAL,1.526775
2025-03-27 11:10:31,GAS-USDT,db_get_columns,0.003108
2025-03-27 11:10:31,GAS-USDT,db_get_columns,0.003563
2025-03-27 11:10:31,GAS-USDT,db_get_columns,0.003445
2025-03-27 11:10:31,GAS-USDT,fetch_data,0.004568
2025-03-27 11:10:31,GAS-USDT,fetch_data,0.005685
2025-03-27 11:10:32,GAS-USDT,fetch_data,0.007535
2025-03-27 11:10:32,FXS-USDT,price_action_features,0.000117
2025-03-27 11:10:32,G-USDT,price_action_features,0.000133
2025-03-27 11:10:32,G-USDT,price_action_features,0.000140
2025-03-27 11:10:32,GALA-USDT,momentum_features,0.000250
2025-03-27 11:10:32,GALA-USDT,momentum_features,0.000221
2025-03-27 11:10:32,GALA-USDT,momentum_features,0.000565
2025-03-27 11:10:32,GALA-USDT,db_get_columns,0.013985
2025-03-27 11:10:32,GALA-USDT,db_get_columns,0.012472
2025-03-27 11:10:32,GALA-USDT,db_get_columns,0.016310
2025-03-27 11:10:32,GALA-USDT,fetch_data,0.011964
2025-03-27 11:10:32,GALA-USDT,fetch_data,0.014846
2025-03-27 11:10:32,GALA-USDT,fetch_data,0.011696
2025-03-27 11:10:32,GALFT-USDT,volatility_features,0.115078
2025-03-27 11:10:32,GALFT-USDT,price_action_features,0.000151
2025-03-27 11:10:32,GALFT-USDT,volatility_features,0.118900
2025-03-27 11:10:32,GAS-USDT,price_action_features,0.000126
2025-03-27 11:10:32,GAS-USDT,volatility_features,0.175709
2025-03-27 11:10:32,GAS-USDT,price_action_features,0.000115
2025-03-27 11:10:32,GAS-USDT,momentum_features,0.000550
2025-03-27 11:10:32,GAS-USDT,volume_features,0.008190
2025-03-27 11:10:32,GAS-USDT,momentum_features,0.000364
2025-03-27 11:10:32,GAS-USDT,volume_features,0.008498
2025-03-27 11:10:32,GAS-USDT,db_get_columns,0.012884
2025-03-27 11:10:32,GAS-USDT,momentum_features,0.000837
2025-03-27 11:10:32,GAS-USDT,db_get_columns,0.009414
2025-03-27 11:10:32,GAS-USDT,volume_features,0.008365
2025-03-27 11:10:32,GAS-USDT,statistical_features,0.051975
2025-03-27 11:10:32,GAS-USDT,volatility_features,0.078550
2025-03-27 11:10:32,GAS-USDT,fetch_data,0.010377
2025-03-27 11:10:32,GAS-USDT,statistical_features,0.058107
2025-03-27 11:10:32,GAS-USDT,volatility_features,0.106878
2025-03-27 11:10:32,GAS-USDT,fetch_data,0.020442
2025-03-27 11:10:32,GAS-USDT,volatility_features,0.080719
2025-03-27 11:10:32,GAS-USDT,statistical_features,0.056407
2025-03-27 11:10:32,GAS-USDT,pattern_features,0.004848
2025-03-27 11:10:32,GAS-USDT,volume_features,0.007015
2025-03-27 11:10:32,GAS-USDT,price_action_features,0.000113
2025-03-27 11:10:32,GAS-USDT,pattern_features,0.004755
2025-03-27 11:10:32,GAS-USDT,price_action_features,0.000126
2025-03-27 11:10:32,GAS-USDT,volume_features,0.067591
2025-03-27 11:10:32,GAS-USDT,pattern_features,0.005090
2025-03-27 11:10:32,GAS-USDT,volume_features,0.011995
2025-03-27 11:10:32,GAS-USDT,time_features,0.032888
2025-03-27 11:10:32,GAS-USDT,statistical_features,0.048239
2025-03-27 11:10:32,GAS-USDT,momentum_features,0.022551
2025-03-27 11:10:32,GAS-USDT,momentum_features,0.000391
2025-03-27 11:10:32,GAS-USDT,time_features,0.001905
2025-03-27 11:10:32,GAS-USDT,statistical_features,0.049934
2025-03-27 11:10:32,GAS-USDT,label_features,0.015954
2025-03-27 11:10:32,GAS-USDT,time_features,0.056994
2025-03-27 11:10:32,GAS-USDT,statistical_features,0.048782
2025-03-27 11:10:32,GAS-USDT,pattern_features,0.006233
2025-03-27 11:10:32,GAS-USDT,volatility_features,0.025787
2025-03-27 11:10:32,GAS-USDT,label_features,0.011229
2025-03-27 11:10:32,GAS-USDT,pattern_features,0.005209
2025-03-27 11:10:32,GAS-USDT,compute_features_total,0.943073
2025-03-27 11:10:32,GAS-USDT,volatility_features,0.034295
2025-03-27 11:10:32,GAS-USDT,label_features,0.000217
2025-03-27 11:10:32,GAS-USDT,pattern_features,0.005044
2025-03-27 11:10:32,GAS-USDT,time_features,0.001797
2025-03-27 11:10:32,GAS-USDT,compute_features_total,0.896050
2025-03-27 11:10:32,GAS-USDT,volume_features,0.009493
2025-03-27 11:10:32,GAS-USDT,time_features,0.010442
2025-03-27 11:10:32,GAS-USDT,compute_features_total,0.845323
2025-03-27 11:10:32,GAS-USDT,volume_features,0.010252
2025-03-27 11:10:33,GAS-USDT,label_features,0.000469
2025-03-27 11:10:33,GAS-USDT,time_features,0.006781
2025-03-27 11:10:33,GAS-USDT,database_update,0.042953
2025-03-27 11:10:33,GAS-USDT,label_features,0.010964
2025-03-27 11:10:33,GAS-USDT,statistical_features,0.058965
2025-03-27 11:10:33,GAS-USDT,database_update,0.075690
2025-03-27 11:10:33,GAS-USDT,database_update,0.062040
2025-03-27 11:10:33,GAS-USDT,statistical_features,0.047797
2025-03-27 11:10:33,GAS-USDT,compute_features_total,0.832650
2025-03-27 11:10:33,GAS-USDT,label_features,0.000175
2025-03-27 11:10:33,GAS-USDT,TOTAL,1.166085
2025-03-27 11:10:33,GEAR-USDT,TOTAL,1.236000
2025-03-27 11:10:33,GHST-USDT,TOTAL,1.236239
2025-03-27 11:10:33,GLM-USDT,TOTAL,1.300901
2025-03-27 11:10:33,GLMR-USDT,TOTAL,1.369248
2025-03-27 11:10:34,HMSTR-USDT,db_get_columns,0.003361
2025-03-27 11:10:34,HMSTR-USDT,db_get_columns,0.003557
2025-03-27 11:10:34,HMSTR-USDT,db_get_columns,0.003843
2025-03-27 11:10:34,HMSTR-USDT,fetch_data,0.004039
2025-03-27 11:10:34,HMSTR-USDT,fetch_data,0.005761
2025-03-27 11:10:34,HMSTR-USDT,fetch_data,0.007403
2025-03-27 11:10:34,GODS-USDT,price_action_features,0.000134
2025-03-27 11:10:34,GOG-USDT,price_action_features,0.000120
2025-03-27 11:10:34,GRT-USDT,price_action_features,0.000120
2025-03-27 11:10:34,GRT-USDT,momentum_features,0.000880
2025-03-27 11:10:34,GRT-USDT,momentum_features,0.000644
2025-03-27 11:10:34,GRT-USDT,momentum_features,0.000680
2025-03-27 11:10:34,GRT-USDT,db_get_columns,0.011808
2025-03-27 11:10:34,GRT-USDT,db_get_columns,0.011712
2025-03-27 11:10:34,GRT-USDT,db_get_columns,0.015139
2025-03-27 11:10:34,GRT-USDT,volatility_features,0.036821
2025-03-27 11:10:34,GRT-USDT,fetch_data,0.008960
2025-03-27 11:10:34,GRT-USDT,volatility_features,0.050370
2025-03-27 11:10:34,GRT-USDT,volatility_features,0.044068
2025-03-27 11:10:34,GRT-USDT,fetch_data,0.006686
2025-03-27 11:10:34,GRT-USDT,fetch_data,0.009513
2025-03-27 11:10:34,HBAR-USDT,price_action_features,0.000116
2025-03-27 11:10:34,HBAR-USDT,volume_features,0.069755
2025-03-27 11:10:34,HBAR-USDT,volume_features,0.007636
2025-03-27 11:10:34,HBAR-USDT,volume_features,0.007079
2025-03-27 11:10:34,HMSTR-USDT,price_action_features,0.000130
2025-03-27 11:10:34,HMSTR-USDT,price_action_features,0.000108
2025-03-27 11:10:34,HMSTR-USDT,momentum_features,0.000350
2025-03-27 11:10:34,HMSTR-USDT,db_get_columns,0.011735
2025-03-27 11:10:34,HMSTR-USDT,statistical_features,0.065173
2025-03-27 11:10:34,HMSTR-USDT,statistical_features,0.087046
2025-03-27 11:10:34,HMSTR-USDT,statistical_features,0.054739
2025-03-27 11:10:34,HMSTR-USDT,db_get_columns,0.017332
2025-03-27 11:10:34,HMSTR-USDT,momentum_features,0.006922
2025-03-27 11:10:34,HMSTR-USDT,momentum_features,0.000201
2025-03-27 11:10:34,HMSTR-USDT,fetch_data,0.006628
2025-03-27 11:10:34,HMSTR-USDT,pattern_features,0.012195
2025-03-27 11:10:34,HMSTR-USDT,pattern_features,0.017240
2025-03-27 11:10:34,HMSTR-USDT,volatility_features,0.030275
2025-03-27 11:10:34,HMSTR-USDT,pattern_features,0.004819
2025-03-27 11:10:34,HMSTR-USDT,fetch_data,0.007752
2025-03-27 11:10:35,HMSTR-USDT,price_action_features,0.000121
2025-03-27 11:10:35,HMSTR-USDT,time_features,0.022076
2025-03-27 11:10:35,HMSTR-USDT,time_features,0.029257
2025-03-27 11:10:35,HMSTR-USDT,volatility_features,0.094860
2025-03-27 11:10:35,HMSTR-USDT,volatility_features,0.103840
2025-03-27 11:10:35,HMSTR-USDT,price_action_features,0.000134
2025-03-27 11:10:35,HMSTR-USDT,time_features,0.066764
2025-03-27 11:10:35,HMSTR-USDT,volume_features,0.081991
2025-03-27 11:10:35,HMSTR-USDT,momentum_features,0.000228
2025-03-27 11:10:35,HMSTR-USDT,label_features,0.000207
2025-03-27 11:10:35,HMSTR-USDT,label_features,0.000132
2025-03-27 11:10:35,HMSTR-USDT,momentum_features,0.003454
2025-03-27 11:10:35,HMSTR-USDT,label_features,0.006164
2025-03-27 11:10:35,HMSTR-USDT,volume_features,0.027496
2025-03-27 11:10:35,HMSTR-USDT,volume_features,0.056667
2025-03-27 11:10:35,HMSTR-USDT,statistical_features,0.062353
2025-03-27 11:10:35,HMSTR-USDT,compute_features_total,0.761692
2025-03-27 11:10:35,HMSTR-USDT,volatility_features,0.043592
2025-03-27 11:10:35,HMSTR-USDT,compute_features_total,0.829451
2025-03-27 11:10:35,HMSTR-USDT,compute_features_total,0.714028
2025-03-27 11:10:35,HMSTR-USDT,volatility_features,0.018348
2025-03-27 11:10:35,HMSTR-USDT,statistical_features,0.072891
2025-03-27 11:10:35,HMSTR-USDT,statistical_features,0.072213
2025-03-27 11:10:35,HMSTR-USDT,pattern_features,0.006745
2025-03-27 11:10:35,HMSTR-USDT,volume_features,0.012436
2025-03-27 11:10:35,HMSTR-USDT,pattern_features,0.004942
2025-03-27 11:10:35,HMSTR-USDT,volume_features,0.018509
2025-03-27 11:10:35,HMSTR-USDT,pattern_features,0.008581
2025-03-27 11:10:35,HMSTR-USDT,database_update,0.043740
2025-03-27 11:10:35,HMSTR-USDT,database_update,0.035634
2025-03-27 11:10:35,HMSTR-USDT,time_features,0.002406
2025-03-27 11:10:35,HMSTR-USDT,database_update,0.043383
2025-03-27 11:10:35,HMSTR-USDT,statistical_features,0.077521
2025-03-27 11:10:35,HMSTR-USDT,statistical_features,0.072620
2025-03-27 11:10:35,HMSTR-USDT,time_features,0.080092
2025-03-27 11:10:35,HMSTR-USDT,time_features,0.001805
2025-03-27 11:10:35,HMSTR-USDT,TOTAL,1.169046
2025-03-27 11:10:35,ICE-USDT,TOTAL,1.247280
2025-03-27 11:10:35,ICX-USDT,TOTAL,1.246532
2025-03-27 11:10:35,ID-USDT,TOTAL,1.423355
2025-03-27 11:10:35,ID-USDT,db_get_columns,0.003198
2025-03-27 11:10:35,ID-USDT,db_get_columns,0.003605
2025-03-27 11:10:35,ID-USDT,db_get_columns,0.003510
2025-03-27 11:10:35,ID-USDT,db_get_columns,0.003084
2025-03-27 11:10:35,ID-USDT,fetch_data,0.004126
2025-03-27 11:10:35,ID-USDT,fetch_data,0.005479
2025-03-27 11:10:35,ID-USDT,fetch_data,0.007410
2025-03-27 11:10:35,ID-USDT,fetch_data,0.009122
2025-03-27 11:10:35,ID-USDT,price_action_features,0.000138
2025-03-27 11:10:35,ID-USDT,price_action_features,0.000116
2025-03-27 11:10:35,ID-USDT,price_action_features,0.000120
2025-03-27 11:10:35,ID-USDT,price_action_features,0.000127
2025-03-27 11:10:35,ID-USDT,momentum_features,0.000231
2025-03-27 11:10:35,ID-USDT,momentum_features,0.000207
2025-03-27 11:10:35,ID-USDT,momentum_features,0.000160
2025-03-27 11:10:35,ID-USDT,momentum_features,0.000201
2025-03-27 11:10:35,ID-USDT,volatility_features,0.039753
2025-03-27 11:10:35,ID-USDT,volatility_features,0.051831
2025-03-27 11:10:35,ID-USDT,volatility_features,0.061680
2025-03-27 11:10:35,ID-USDT,volatility_features,0.061649
2025-03-27 11:10:36,ID-USDT,volume_features,0.025956
2025-03-27 11:10:36,ID-USDT,volume_features,0.019636
2025-03-27 11:10:36,ID-USDT,volume_features,0.019340
2025-03-27 11:10:36,ID-USDT,volume_features,0.015300
2025-03-27 11:10:36,ID-USDT,statistical_features,0.063308
2025-03-27 11:10:36,ID-USDT,statistical_features,0.085844
2025-03-27 11:10:36,ID-USDT,statistical_features,0.069415
2025-03-27 11:10:36,ID-USDT,pattern_features,0.015089
2025-03-27 11:10:36,ID-USDT,statistical_features,0.074899
2025-03-27 11:10:36,ID-USDT,pattern_features,0.006323
2025-03-27 11:10:36,ID-USDT,pattern_features,0.005263
2025-03-27 11:10:36,ID-USDT,time_features,0.004749
2025-03-27 11:10:36,ID-USDT,pattern_features,0.004885
2025-03-27 11:10:36,ID-USDT,time_features,0.001764
2025-03-27 11:10:36,ID-USDT,time_features,0.001514
2025-03-27 11:10:36,ID-USDT,label_features,0.000174
2025-03-27 11:10:36,ID-USDT,time_features,0.002266
2025-03-27 11:10:36,ID-USDT,compute_features_total,0.488753
2025-03-27 11:10:36,ID-USDT,label_features,0.001061
2025-03-27 11:10:36,ID-USDT,label_features,0.000753
2025-03-27 11:10:36,ID-USDT,label_features,0.000194
2025-03-27 11:10:36,ID-USDT,compute_features_total,0.435969
2025-03-27 11:10:36,ID-USDT,compute_features_total,0.380636
2025-03-27 11:10:36,ID-USDT,compute_features_total,0.325887
2025-03-27 11:10:36,ID-USDT,database_update,0.031316
2025-03-27 11:10:36,ID-USDT,database_update,0.032037
2025-03-27 11:10:36,ID-USDT,TOTAL,0.836262
2025-03-27 11:10:36,J-USDT,db_get_columns,0.003442
2025-03-27 11:10:36,J-USDT,db_get_columns,0.003809
2025-03-27 11:10:36,J-USDT,db_get_columns,0.003412
2025-03-27 11:10:36,J-USDT,fetch_data,0.004366
2025-03-27 11:10:36,J-USDT,fetch_data,0.006349
2025-03-27 11:10:36,J-USDT,fetch_data,0.007691
2025-03-27 11:10:36,IOST-USDT,price_action_features,0.000123
2025-03-27 11:10:36,IOTA-USDT,price_action_features,0.000140
2025-03-27 11:10:36,IP-USDT,price_action_features,0.000110
2025-03-27 11:10:36,IP-USDT,momentum_features,0.000510
2025-03-27 11:10:36,IP-USDT,momentum_features,0.000413
2025-03-27 11:10:36,IP-USDT,momentum_features,0.000230
2025-03-27 11:10:36,IP-USDT,db_get_columns,0.009272
2025-03-27 11:10:36,IP-USDT,db_get_columns,0.009630
2025-03-27 11:10:36,IP-USDT,db_get_columns,0.018957
2025-03-27 11:10:36,IP-USDT,volatility_features,0.034795
2025-03-27 11:10:36,IP-USDT,fetch_data,0.009235
2025-03-27 11:10:36,IP-USDT,fetch_data,0.009027
2025-03-27 11:10:36,IP-USDT,fetch_data,0.006811
2025-03-27 11:10:36,IP-USDT,volatility_features,0.053517
2025-03-27 11:10:36,IP-USDT,volatility_features,0.045784
2025-03-27 11:10:36,J-USDT,price_action_features,0.000130
2025-03-27 11:10:36,J-USDT,volume_features,0.078269
2025-03-27 11:10:37,J-USDT,price_action_features,0.000139
2025-03-27 11:10:37,J-USDT,price_action_features,0.000113
2025-03-27 11:10:37,J-USDT,momentum_features,0.000764
2025-03-27 11:10:37,J-USDT,volume_features,0.014607
2025-03-27 11:10:37,J-USDT,db_get_columns,0.016752
2025-03-27 11:10:37,J-USDT,volume_features,0.035841
2025-03-27 11:10:37,J-USDT,db_get_columns,0.040769
2025-03-27 11:10:37,J-USDT,momentum_features,0.005454
2025-03-27 11:10:37,J-USDT,statistical_features,0.051384
2025-03-27 11:10:37,J-USDT,momentum_features,0.000195
2025-03-27 11:10:37,J-USDT,volatility_features,0.028448
2025-03-27 11:10:37,J-USDT,fetch_data,0.027660
2025-03-27 11:10:37,J-USDT,fetch_data,0.032088
2025-03-27 11:10:37,J-USDT,statistical_features,0.107885
2025-03-27 11:10:37,J-USDT,statistical_features,0.098872
2025-03-27 11:10:37,J-USDT,pattern_features,0.004860
2025-03-27 11:10:37,J-USDT,volatility_features,0.031510
2025-03-27 11:10:37,J-USDT,price_action_features,0.000124
2025-03-27 11:10:37,J-USDT,price_action_features,0.000113
2025-03-27 11:10:37,J-USDT,volume_features,0.125745
2025-03-27 11:10:37,J-USDT,volatility_features,0.133675
2025-03-27 11:10:37,J-USDT,pattern_features,0.004933
2025-03-27 11:10:37,J-USDT,pattern_features,0.004698
2025-03-27 11:10:37,J-USDT,momentum_features,0.000550
2025-03-27 11:10:37,J-USDT,time_features,0.006124
2025-03-27 11:10:37,J-USDT,volume_features,0.009043
2025-03-27 11:10:37,J-USDT,momentum_features,0.000160
2025-03-27 11:10:37,J-USDT,statistical_features,0.047226
2025-03-27 11:10:37,J-USDT,volume_features,0.027381
2025-03-27 11:10:37,J-USDT,time_features,0.007766
2025-03-27 11:10:37,J-USDT,time_features,0.013737
2025-03-27 11:10:37,J-USDT,label_features,0.000514
2025-03-27 11:10:37,J-USDT,statistical_features,0.064740
2025-03-27 11:10:37,J-USDT,volatility_features,0.073273
2025-03-27 11:10:37,J-USDT,pattern_features,0.005466
2025-03-27 11:10:37,J-USDT,statistical_features,0.050126
2025-03-27 11:10:37,J-USDT,volatility_features,0.098425
2025-03-27 11:10:37,J-USDT,label_features,0.000224
2025-03-27 11:10:37,J-USDT,label_features,0.000167
2025-03-27 11:10:37,J-USDT,compute_features_total,0.928873
2025-03-27 11:10:37,J-USDT,pattern_features,0.004821
2025-03-27 11:10:37,J-USDT,time_features,0.004402
2025-03-27 11:10:37,J-USDT,pattern_features,0.005464
2025-03-27 11:10:37,J-USDT,volume_features,0.014559
2025-03-27 11:10:37,J-USDT,compute_features_total,0.885309
2025-03-27 11:10:37,J-USDT,volume_features,0.007579
2025-03-27 11:10:37,J-USDT,compute_features_total,0.825081
2025-03-27 11:10:37,J-USDT,label_features,0.000954
2025-03-27 11:10:37,J-USDT,time_features,0.019262
2025-03-27 11:10:37,J-USDT,database_update,0.052180
2025-03-27 11:10:37,J-USDT,time_features,0.050452
2025-03-27 11:10:37,J-USDT,statistical_features,0.097732
2025-03-27 11:10:37,J-USDT,compute_features_total,0.802861
2025-03-27 11:10:37,J-USDT,statistical_features,0.074196
2025-03-27 11:10:37,J-USDT,label_features,0.000350
2025-03-27 11:10:37,J-USDT,TOTAL,1.155244
2025-03-27 11:10:37,JOE-USDT,TOTAL,1.231893
2025-03-27 11:10:37,JST-USDT,TOTAL,1.231060
2025-03-27 11:10:37,JOE-USDT,TOTAL,1.343980
2025-03-27 11:10:37,JUP-USDT,TOTAL,1.461695
2025-03-27 11:10:38,LDO-USDT,db_get_columns,0.003549
2025-03-27 11:10:38,LDO-USDT,db_get_columns,0.003509
2025-03-27 11:10:38,LDO-USDT,db_get_columns,0.003497
2025-03-27 11:10:38,LDO-USDT,fetch_data,0.004381
2025-03-27 11:10:39,LDO-USDT,fetch_data,0.006021
2025-03-27 11:10:39,LDO-USDT,fetch_data,0.007422
2025-03-27 11:10:39,LDO-USDT,price_action_features,0.000130
2025-03-27 11:10:39,KISHU-USDT,price_action_features,0.000147
2025-03-27 11:10:39,KNC-USDT,price_action_features,0.000121
2025-03-27 11:10:39,KNC-USDT,momentum_features,0.000186
2025-03-27 11:10:39,KNC-USDT,momentum_features,0.000532
2025-03-27 11:10:39,KNC-USDT,momentum_features,0.000280
2025-03-27 11:10:39,KNC-USDT,db_get_columns,0.016166
2025-03-27 11:10:39,KNC-USDT,db_get_columns,0.017261
2025-03-27 11:10:39,KNC-USDT,fetch_data,0.007455
2025-03-27 11:10:39,KNC-USDT,fetch_data,0.009346
2025-03-27 11:10:39,KNC-USDT,volatility_features,0.042116
2025-03-27 11:10:39,KNC-USDT,price_action_features,0.000129
2025-03-27 11:10:39,KSM-USDT,volatility_features,0.111325
2025-03-27 11:10:39,LAT-USDT,price_action_features,0.000126
2025-03-27 11:10:39,LAT-USDT,volatility_features,0.178383
2025-03-27 11:10:39,LAT-USDT,momentum_features,0.000544
2025-03-27 11:10:39,LAT-USDT,volume_features,0.011437
2025-03-27 11:10:39,LAT-USDT,momentum_features,0.000554
2025-03-27 11:10:39,LAT-USDT,db_get_columns,0.018825
2025-03-27 11:10:39,LAT-USDT,db_get_columns,0.015281
2025-03-27 11:10:39,LAT-USDT,volume_features,0.043079
2025-03-27 11:10:39,LDO-USDT,statistical_features,0.055016
2025-03-27 11:10:39,LDO-USDT,fetch_data,0.009182
2025-03-27 11:10:39,LDO-USDT,volume_features,0.087834
2025-03-27 11:10:39,LDO-USDT,fetch_data,0.006082
2025-03-27 11:10:39,LDO-USDT,volatility_features,0.096662
2025-03-27 11:10:39,LDO-USDT,volatility_features,0.084317
2025-03-27 11:10:39,LDO-USDT,pattern_features,0.010111
2025-03-27 11:10:39,LDO-USDT,price_action_features,0.000118
2025-03-27 11:10:39,LDO-USDT,db_get_columns,0.071595
2025-03-27 11:10:39,LDO-USDT,statistical_features,0.132572
2025-03-27 11:10:39,LDO-USDT,price_action_features,0.000146
2025-03-27 11:10:39,LDO-USDT,statistical_features,0.122813
2025-03-27 11:10:39,LDO-USDT,volume_features,0.015640
2025-03-27 11:10:39,LDO-USDT,momentum_features,0.004606
2025-03-27 11:10:39,LDO-USDT,time_features,0.007302
2025-03-27 11:10:39,LDO-USDT,volume_features,0.015081
2025-03-27 11:10:39,LDO-USDT,fetch_data,0.005684
2025-03-27 11:10:39,LDO-USDT,pattern_features,0.006732
2025-03-27 11:10:39,LDO-USDT,momentum_features,0.000217
2025-03-27 11:10:39,LDO-USDT,pattern_features,0.007169
2025-03-27 11:10:39,LDO-USDT,statistical_features,0.050469
2025-03-27 11:10:39,LDO-USDT,label_features,0.000464
2025-03-27 11:10:39,LDO-USDT,volatility_features,0.072491
2025-03-27 11:10:39,LDO-USDT,statistical_features,0.060596
2025-03-27 11:10:39,LDO-USDT,price_action_features,0.000130
2025-03-27 11:10:39,LDO-USDT,time_features,0.001928
2025-03-27 11:10:39,LDO-USDT,pattern_features,0.012555
2025-03-27 11:10:39,LDO-USDT,compute_features_total,0.894143
2025-03-27 11:10:39,LDO-USDT,volatility_features,0.025993
2025-03-27 11:10:39,LDO-USDT,time_features,0.018356
2025-03-27 11:10:39,LDO-USDT,volume_features,0.007346
2025-03-27 11:10:39,LDO-USDT,pattern_features,0.009192
2025-03-27 11:10:40,LDO-USDT,momentum_features,0.005313
2025-03-27 11:10:40,LDO-USDT,label_features,0.000217
2025-03-27 11:10:40,LDO-USDT,time_features,0.001920
2025-03-27 11:10:40,LDO-USDT,label_features,0.000356
2025-03-27 11:10:40,LDO-USDT,statistical_features,0.054562
2025-03-27 11:10:40,LDO-USDT,volume_features,0.063977
2025-03-27 11:10:40,LDO-USDT,time_features,0.005909
2025-03-27 11:10:40,LDO-USDT,compute_features_total,1.044223
2025-03-27 11:10:40,LDO-USDT,volatility_features,0.019099
2025-03-27 11:10:40,LDO-USDT,database_update,0.083837
2025-03-27 11:10:40,LDO-USDT,label_features,0.002870
2025-03-27 11:10:40,LDO-USDT,compute_features_total,0.916488
2025-03-27 11:10:40,LDO-USDT,pattern_features,0.004972
2025-03-27 11:10:40,LDO-USDT,label_features,0.005428
2025-03-27 11:10:40,LDO-USDT,statistical_features,0.047902
2025-03-27 11:10:40,LDO-USDT,TOTAL,1.196479
2025-03-27 11:10:40,LEO-USDT,TOTAL,1.289320
2025-03-27 11:10:40,LEO-USDT,TOTAL,1.290331
2025-03-27 11:10:40,LINK-USDT,TOTAL,1.501821
2025-03-27 11:10:40,LPT-USDT,TOTAL,1.561409
2025-03-27 11:10:40,LPT-USDT,db_get_columns,0.003684
2025-03-27 11:10:40,LPT-USDT,db_get_columns,0.003197
2025-03-27 11:10:40,LPT-USDT,db_get_columns,0.003471
2025-03-27 11:10:40,LPT-USDT,db_get_columns,0.003848
2025-03-27 11:10:40,LPT-USDT,fetch_data,0.003470
2025-03-27 11:10:40,LPT-USDT,fetch_data,0.004010
2025-03-27 11:10:40,LPT-USDT,fetch_data,0.006124
2025-03-27 11:10:40,LPT-USDT,fetch_data,0.007482
2025-03-27 11:10:40,LPT-USDT,price_action_features,0.000129
2025-03-27 11:10:40,LPT-USDT,price_action_features,0.000115
2025-03-27 11:10:40,LPT-USDT,price_action_features,0.000118
2025-03-27 11:10:40,LPT-USDT,price_action_features,0.000119
2025-03-27 11:10:40,LPT-USDT,momentum_features,0.000209
2025-03-27 11:10:40,LPT-USDT,momentum_features,0.000161
2025-03-27 11:10:40,LPT-USDT,momentum_features,0.000155
2025-03-27 11:10:40,LPT-USDT,momentum_features,0.000180
2025-03-27 11:10:40,LPT-USDT,volatility_features,0.051945
2025-03-27 11:10:40,LPT-USDT,volatility_features,0.045025
2025-03-27 11:10:40,LPT-USDT,volatility_features,0.058341
2025-03-27 11:10:40,LPT-USDT,volatility_features,0.073914
2025-03-27 11:10:40,LPT-USDT,volume_features,0.033224
2025-03-27 11:10:40,LPT-USDT,volume_features,0.039131
2025-03-27 11:10:40,LPT-USDT,volume_features,0.035776
2025-03-27 11:10:40,LPT-USDT,statistical_features,0.070238
2025-03-27 11:10:40,LPT-USDT,volume_features,0.104171
2025-03-27 11:10:40,LPT-USDT,statistical_features,0.076169
2025-03-27 11:10:41,LPT-USDT,statistical_features,0.080775
2025-03-27 11:10:41,LPT-USDT,pattern_features,0.020534
2025-03-27 11:10:41,LPT-USDT,statistical_features,0.047508
2025-03-27 11:10:41,LPT-USDT,pattern_features,0.022950
2025-03-27 11:10:41,LPT-USDT,pattern_features,0.005304
2025-03-27 11:10:41,LPT-USDT,pattern_features,0.005117
2025-03-27 11:10:41,LPT-USDT,time_features,0.004148
2025-03-27 11:10:41,LPT-USDT,time_features,0.016047
2025-03-27 11:10:41,LPT-USDT,time_features,0.004011
2025-03-27 11:10:41,LPT-USDT,time_features,0.002393
2025-03-27 11:10:41,LPT-USDT,label_features,0.000570
2025-03-27 11:10:41,LPT-USDT,label_features,0.000187
2025-03-27 11:10:41,LPT-USDT,label_features,0.000156
2025-03-27 11:10:41,LPT-USDT,label_features,0.000161
2025-03-27 11:10:41,LPT-USDT,compute_features_total,0.436324
2025-03-27 11:10:41,LPT-USDT,compute_features_total,0.492005
2025-03-27 11:10:41,LPT-USDT,compute_features_total,0.335343
2025-03-27 11:10:41,LPT-USDT,compute_features_total,0.390179
2025-03-27 11:10:41,LPT-USDT,database_update,0.033015
2025-03-27 11:10:41,LPT-USDT,database_update,0.032938
2025-03-27 11:10:41,LPT-USDT,TOTAL,0.870705
2025-03-27 11:10:41,MAJOR-USDT,db_get_columns,0.003809
2025-03-27 11:10:41,MAJOR-USDT,db_get_columns,0.003259
2025-03-27 11:10:41,MAJOR-USDT,db_get_columns,0.003186
2025-03-27 11:10:41,MAJOR-USDT,fetch_data,0.003825
2025-03-27 11:10:41,MAJOR-USDT,fetch_data,0.005743
2025-03-27 11:10:41,MAJOR-USDT,fetch_data,0.007004
2025-03-27 11:10:41,MAJOR-USDT,price_action_features,0.000131
2025-03-27 11:10:41,LUNA-USDT,price_action_features,0.000128
2025-03-27 11:10:41,LUNA-USDT,price_action_features,0.000121
2025-03-27 11:10:41,LUNA-USDT,momentum_features,0.000651
2025-03-27 11:10:41,LUNA-USDT,momentum_features,0.000165
2025-03-27 11:10:41,LUNA-USDT,momentum_features,0.000163
2025-03-27 11:10:41,LUNA-USDT,TOTAL,0.209273
2025-03-27 11:10:41,MANA-USDT,volatility_features,0.112438
2025-03-27 11:10:41,MANA-USDT,TOTAL,0.239622
2025-03-27 11:10:41,MASK-USDT,TOTAL,0.323756
2025-03-27 11:10:41,MDT-USDT,statistical_features,0.118504
2025-03-27 11:10:41,MDT-USDT,TOTAL,0.614475
2025-03-27 11:10:42,MEMEFI-USDT,db_get_columns,0.003587
2025-03-27 11:10:42,MEMEFI-USDT,db_get_columns,0.003879
2025-03-27 11:10:42,MEMEFI-USDT,db_get_columns,0.003363
2025-03-27 11:10:42,MEMEFI-USDT,fetch_data,0.005263
2025-03-27 11:10:42,MEMEFI-USDT,fetch_data,0.006984
2025-03-27 11:10:42,MEMEFI-USDT,fetch_data,0.008748
2025-03-27 11:10:42,MENGO-USDT,price_action_features,0.000132
2025-03-27 11:10:42,MERL-USDT,price_action_features,0.000125
2025-03-27 11:10:42,MERL-USDT,price_action_features,0.000142
2025-03-27 11:10:42,MERL-USDT,momentum_features,0.000784
2025-03-27 11:10:42,MERL-USDT,momentum_features,0.001110
2025-03-27 11:10:42,MERL-USDT,momentum_features,0.000701
2025-03-27 11:10:42,MERL-USDT,TOTAL,0.213407
2025-03-27 11:10:42,MLN-USDT,volatility_features,0.099986
2025-03-27 11:10:43,MLN-USDT,volatility_features,0.106741
2025-03-27 11:10:43,MLN-USDT,TOTAL,0.308465
2025-03-27 11:10:43,MOODENG-USDT,volume_features,0.081883
2025-03-27 11:10:43,MOODENG-USDT,volume_features,0.094272
2025-03-27 11:10:43,MOODENG-USDT,statistical_features,0.090611
2025-03-27 11:10:43,MOODENG-USDT,statistical_features,0.076424
2025-03-27 11:10:43,MOODENG-USDT,TOTAL,0.110174
2025-03-27 11:10:43,NEO-USDT,TOTAL,0.003930
2025-03-27 11:10:43,NFT-USDT,TOTAL,0.180147
2025-03-27 11:10:43,NULS-USDT,TOTAL,0.185304
2025-03-27 11:10:44,ONDO-USDT,TOTAL,0.003728
2025-03-27 11:10:44,ONE-USDT,db_get_columns,0.062199
2025-03-27 11:10:44,ONE-USDT,TOTAL,0.003844
2025-03-27 11:10:44,OP-USDT,price_action_features,0.000111
2025-03-27 11:10:44,OP-USDT,TOTAL,0.062628
2025-03-27 11:10:44,ORBS-USDT,TOTAL,0.222039
2025-03-27 11:10:44,ORBS-USDT,TOTAL,0.282079
2025-03-27 11:10:45,PHA-USDT,TOTAL,0.003304
2025-03-27 11:10:45,PI-USDT,db_get_columns,0.062693
2025-03-27 11:10:45,PI-USDT,TOTAL,0.003417
2025-03-27 11:10:45,PIXEL-USDT,TOTAL,0.003288
2025-03-27 11:10:45,PNUT-USDT,TOTAL,0.314461
2025-03-27 11:10:45,POL-USDT,TOTAL,0.317197
2025-03-27 11:10:45,QTUM-USDT,TOTAL,0.003793
2025-03-27 11:10:45,RACA-USDT,db_get_columns,0.077904
2025-03-27 11:10:45,RACA-USDT,TOTAL,0.004009
2025-03-27 11:10:45,RADAR-USDT,momentum_features,0.000547
2025-03-27 11:10:45,RADAR-USDT,TOTAL,0.254497
2025-03-27 11:10:46,RDNT-USDT,volatility_features,0.081808
2025-03-27 11:10:46,RDNT-USDT,volume_features,0.008215
2025-03-27 11:10:46,RDNT-USDT,TOTAL,0.264543
2025-03-27 11:10:46,RVN-USDT,TOTAL,0.003819
2025-03-27 11:10:46,S-USDT,db_get_columns,0.074297
2025-03-27 11:10:46,S-USDT,TOTAL,0.003957
2025-03-27 11:10:46,SAFE-USDT,price_action_features,0.000118
2025-03-27 11:10:46,SAFE-USDT,TOTAL,0.003885
2025-03-27 11:10:46,SAMO-USDT,TOTAL,0.360713
2025-03-27 11:10:46,SAND-USDT,TOTAL,0.420837
2025-03-27 11:10:47,SLP-USDT,TOTAL,0.003223
2025-03-27 11:10:47,SNT-USDT,db_get_columns,0.063000
2025-03-27 11:10:47,SNT-USDT,TOTAL,0.003434
2025-03-27 11:10:47,SNX-USDT,TOTAL,0.003381
2025-03-27 11:10:47,SOL-USDT,TOTAL,0.288269
2025-03-27 11:10:47,SONIC-USDT,TOTAL,0.290788
2025-03-27 11:10:48,SUSHI-USDT,TOTAL,0.003547
2025-03-27 11:10:48,SWEAT-USDT,TOTAL,0.003668
2025-03-27 11:10:48,SWFTC-USDT,price_action_features,0.000115
2025-03-27 11:10:48,SWFTC-USDT,momentum_features,0.000419
2025-03-27 11:10:48,SWFTC-USDT,TOTAL,0.003709
2025-03-27 11:10:48,T-USDT,TOTAL,0.181771
2025-03-27 11:10:48,THETA-USDT,volatility_features,0.153050
2025-03-27 11:10:48,THETA-USDT,volume_features,0.008978
2025-03-27 11:10:48,THETA-USDT,TOTAL,0.282232
2025-03-27 11:10:48,TURBO-USDT,TOTAL,0.003623
2025-03-27 11:10:48,ULTI-USDT,TOTAL,0.004127
2025-03-27 11:10:48,UNI-USDT,price_action_features,0.000130
2025-03-27 11:10:48,UNI-USDT,TOTAL,0.066607
2025-03-27 11:10:49,USDC-USDT,volatility_features,0.019240
2025-03-27 11:10:49,USDC-USDT,volume_features,0.007708
2025-03-27 11:10:49,USDC-USDT,statistical_features,0.048004
2025-03-27 11:10:49,USDC-USDT,pattern_features,0.004796
2025-03-27 11:10:49,USDC-USDT,TOTAL,0.255613
2025-03-27 11:10:49,W-USDT,TOTAL,0.003292
2025-03-27 11:10:49,WAXP-USDT,db_get_columns,0.060674
2025-03-27 11:10:49,WAXP-USDT,TOTAL,0.003503
2025-03-27 11:10:49,WIF-USDT,TOTAL,0.197288
2025-03-27 11:10:49,WLD-USDT,TOTAL,0.356976
2025-03-27 11:10:50,XTZ-USDT,TOTAL,0.003026
2025-03-27 11:10:50,YFI-USDT,TOTAL,0.003134
2025-03-27 11:10:50,YGG-USDT,momentum_features,0.000709
2025-03-27 11:10:50,YGG-USDT,TOTAL,0.065332
2025-03-27 11:10:50,ZBCN-USDT,TOTAL,0.361864
2025-03-27 11:10:50,ZENT-USDT,TOTAL,0.435968
2025-03-27 11:10:51,ZRX-USDT,TOTAL,0.003788
2025-03-27 11:10:51,BTC-USDT,TOTAL,0.003740
2025-03-27 11:10:52,WBTC-USDT,TOTAL,0.002411
2025-03-27 11:11:00,CROSS_PAIR,cross_pair_features,7.181700
2025-03-27 11:11:00,CROSS_PAIR,TOTAL,7.184291
