[INFO] 2025-03-27 13:50:18,702 | GPU memory: 10.98 GB free / 12.00 GB total
[INFO] 2025-03-27 13:50:18,703 | System memory: 20.14 GB available / 23.43 GB total
[INFO] 2025-03-27 13:50:18,707 | Loaded credentials from /root/OKXsignal/config/credentials.env
[INFO] 2025-03-27 13:50:18,711 | Loaded config from /root/OKXsignal/config/config.ini
[INFO] 2025-03-27 13:50:18,783 | GPU detected: Device 0, Memory: 12.00 GB
[INFO] 2025-03-27 13:50:18,783 | GPU acceleration is available
[INFO] 2025-03-27 13:50:18,953 | Database connection pool initialized with 3-29 connections
[INFO] 2025-03-27 13:50:18,953 | Starting compute_features.py in ROLLING_UPDATE mode with rolling_window=350
[INFO] 2025-03-27 13:50:18,953 | Using 24 parallel workers with max 29 database connections
[INFO] 2025-03-27 13:50:18,954 | Numba: enabled, GPU: disabled
[INFO] 2025-03-27 13:50:18,954 | Database connection test successful
[INFO] 2025-03-27 13:50:19,845 | Found 303 pairs
[INFO] 2025-03-27 13:50:19,846 | Rolling update mode: computing last 350 rows per pair
[INFO] 2025-03-27 13:50:19,846 | Calibrating optimal batch size...
[INFO] 2025-03-27 13:50:20,811 | Testing batch size 4...
[INFO] 2025-03-27 13:50:20,811 | Computing features for 1INCH-USDT
[INFO] 2025-03-27 13:50:20,812 | Computing features for AAVE-USDT
[INFO] 2025-03-27 13:50:20,812 | Computing features for ACA-USDT
[INFO] 2025-03-27 13:50:20,812 | Computing features for ACE-USDT
[INFO] 2025-03-27 13:50:20,871 | GPU is available: Device #0, Free: 10.98 GB / 12.00 GB
[INFO] 2025-03-27 13:50:20,955 | GPU is available: Device #0, Free: 10.98 GB / 12.00 GB
[INFO] 2025-03-27 13:50:21,040 | GPU is available: Device #0, Free: 10.98 GB / 12.00 GB
[INFO] 2025-03-27 13:50:21,139 | GPU is available: Device #0, Free: 10.98 GB / 12.00 GB
[INFO] 2025-03-27 13:50:23,366 | ACA-USDT: Updated 10/10 rows in 2.55s
[INFO] 2025-03-27 13:50:23,436 | 1INCH-USDT: Updated 10/10 rows in 2.62s
[INFO] 2025-03-27 13:50:23,506 | ACE-USDT: Updated 10/10 rows in 2.69s
[INFO] 2025-03-27 13:50:23,565 | AAVE-USDT: Updated 10/10 rows in 2.75s
[INFO] 2025-03-27 13:50:23,623 | Batch size 4: 1.42 pairs/sec
[INFO] 2025-03-27 13:50:23,676 | Testing batch size 8...
[INFO] 2025-03-27 13:50:23,676 | Computing features for 1INCH-USDT
[INFO] 2025-03-27 13:50:23,676 | Computing features for AAVE-USDT
[INFO] 2025-03-27 13:50:23,677 | Computing features for ACA-USDT
[INFO] 2025-03-27 13:50:23,678 | Computing features for ACE-USDT
[INFO] 2025-03-27 13:50:23,678 | GPU is available: Device #0, Free: 10.98 GB / 12.00 GB
[INFO] 2025-03-27 13:50:23,678 | Computing features for ACH-USDT
[INFO] 2025-03-27 13:50:23,679 | GPU is available: Device #0, Free: 10.98 GB / 12.00 GB
[INFO] 2025-03-27 13:50:23,679 | Computing features for ACT-USDT
[INFO] 2025-03-27 13:50:23,680 | Computing features for ADA-USDT
[INFO] 2025-03-27 13:50:23,680 | GPU is available: Device #0, Free: 10.98 GB / 12.00 GB
[INFO] 2025-03-27 13:50:23,680 | Computing features for AERGO-USDT
[INFO] 2025-03-27 13:50:23,872 | GPU is available: Device #0, Free: 10.98 GB / 12.00 GB
[INFO] 2025-03-27 13:50:23,965 | GPU is available: Device #0, Free: 10.98 GB / 12.00 GB
[INFO] 2025-03-27 13:50:24,109 | GPU is available: Device #0, Free: 10.98 GB / 12.00 GB
[INFO] 2025-03-27 13:50:24,158 | GPU is available: Device #0, Free: 10.98 GB / 12.00 GB
[INFO] 2025-03-27 13:50:24,337 | GPU is available: Device #0, Free: 10.98 GB / 12.00 GB
[INFO] 2025-03-27 13:50:24,511 | 1INCH-USDT: Updated 10/10 rows in 0.83s
[INFO] 2025-03-27 13:50:24,512 | AAVE-USDT: Updated 10/10 rows in 0.84s
[INFO] 2025-03-27 13:50:24,687 | ACA-USDT: Updated 10/10 rows in 1.01s
[INFO] 2025-03-27 13:50:24,793 | ACE-USDT: Updated 10/10 rows in 1.12s
[INFO] 2025-03-27 13:50:24,793 | ACH-USDT: Updated 10/10 rows in 1.11s
[INFO] 2025-03-27 13:50:24,900 | ACT-USDT: Updated 10/10 rows in 1.22s
[INFO] 2025-03-27 13:50:25,064 | ADA-USDT: Updated 10/10 rows in 1.38s
[INFO] 2025-03-27 13:50:25,153 | AERGO-USDT: Updated 10/10 rows in 1.47s
[INFO] 2025-03-27 13:50:25,223 | Batch size 8: 5.17 pairs/sec
[INFO] 2025-03-27 13:50:25,284 | Optimal batch size determined: 8 (5.17 pairs/sec)
[INFO] 2025-03-27 13:50:25,284 | Using auto-calibrated batch size: 8
[INFO] 2025-03-27 13:50:25,285 | Grouped 303 pairs into 26 balanced batches
[INFO] 2025-03-27 13:50:25,285 | Processing batch 1/26 with 12 pairs
[INFO] 2025-03-27 13:50:25,285 | Computing features for 1INCH-USDT
[INFO] 2025-03-27 13:50:25,285 | Computing features for AAVE-USDT
[INFO] 2025-03-27 13:50:25,286 | Computing features for ACA-USDT
[INFO] 2025-03-27 13:50:25,286 | Computing features for ACE-USDT
[INFO] 2025-03-27 13:50:25,286 | Computing features for ACH-USDT
[INFO] 2025-03-27 13:50:25,287 | GPU is available: Device #0, Free: 10.98 GB / 12.00 GB
[INFO] 2025-03-27 13:50:25,287 | Computing features for ACT-USDT
[INFO] 2025-03-27 13:50:25,287 | GPU is available: Device #0, Free: 10.98 GB / 12.00 GB
[INFO] 2025-03-27 13:50:25,288 | GPU is available: Device #0, Free: 10.98 GB / 12.00 GB
[INFO] 2025-03-27 13:50:25,288 | Computing features for ADA-USDT
[INFO] 2025-03-27 13:50:25,288 | Computing features for AERGO-USDT
[INFO] 2025-03-27 13:50:25,511 | GPU is available: Device #0, Free: 10.98 GB / 12.00 GB
[INFO] 2025-03-27 13:50:25,511 | GPU is available: Device #0, Free: 10.98 GB / 12.00 GB
[INFO] 2025-03-27 13:50:25,512 | GPU is available: Device #0, Free: 10.98 GB / 12.00 GB
[INFO] 2025-03-27 13:50:25,733 | GPU is available: Device #0, Free: 10.98 GB / 12.00 GB
[INFO] 2025-03-27 13:50:25,811 | GPU is available: Device #0, Free: 10.98 GB / 12.00 GB
[INFO] 2025-03-27 13:50:26,747 | AAVE-USDT: Updated 350/350 rows in 1.46s
[INFO] 2025-03-27 13:50:26,822 | ACA-USDT: Updated 350/350 rows in 1.54s
[INFO] 2025-03-27 13:50:26,823 | 1INCH-USDT: Updated 350/350 rows in 1.54s
[INFO] 2025-03-27 13:50:26,928 | Computing features for AEVO-USDT
[INFO] 2025-03-27 13:50:26,987 | Computing features for AGLD-USDT
[INFO] 2025-03-27 13:50:26,987 | Computing features for AIDOGE-USDT
[INFO] 2025-03-27 13:50:26,987 | GPU is available: Device #0, Free: 10.98 GB / 12.00 GB
[INFO] 2025-03-27 13:50:26,988 | GPU is available: Device #0, Free: 10.98 GB / 12.00 GB
[INFO] 2025-03-27 13:50:26,989 | GPU is available: Device #0, Free: 10.98 GB / 12.00 GB
[INFO] 2025-03-27 13:50:27,024 | ACH-USDT: Updated 350/350 rows in 1.74s
[INFO] 2025-03-27 13:50:27,024 | ACT-USDT: Updated 350/350 rows in 1.74s
[INFO] 2025-03-27 13:50:27,325 | ACE-USDT: Updated 350/350 rows in 2.04s
[INFO] 2025-03-27 13:50:27,325 | ADA-USDT: Updated 350/350 rows in 2.04s
[INFO] 2025-03-27 13:50:27,326 | AERGO-USDT: Updated 350/350 rows in 2.04s
[INFO] 2025-03-27 13:50:27,326 | Computing features for AIXBT-USDT
[INFO] 2025-03-27 13:50:27,533 | GPU is available: Device #0, Free: 10.98 GB / 12.00 GB
[INFO] 2025-03-27 13:50:28,037 | AIDOGE-USDT: Updated 350/350 rows in 1.05s
[INFO] 2025-03-27 13:50:28,037 | AEVO-USDT: Updated 350/350 rows in 1.11s
[INFO] 2025-03-27 13:50:28,190 | AGLD-USDT: Updated 350/350 rows in 1.20s
[INFO] 2025-03-27 13:50:28,258 | AIXBT-USDT: Updated 350/350 rows in 0.93s
[INFO] 2025-03-27 13:50:28,393 | Processing batch 2/26 with 12 pairs
[INFO] 2025-03-27 13:50:28,393 | Computing features for ALCX-USDT
[INFO] 2025-03-27 13:50:28,394 | Computing features for ALGO-USDT
[INFO] 2025-03-27 13:50:28,394 | Computing features for ALPHA-USDT
[INFO] 2025-03-27 13:50:28,395 | Computing features for ANIME-USDT
[INFO] 2025-03-27 13:50:28,395 | Computing features for APE-USDT
[INFO] 2025-03-27 13:50:28,395 | GPU is available: Device #0, Free: 10.98 GB / 12.00 GB
[INFO] 2025-03-27 13:50:28,395 | GPU is available: Device #0, Free: 10.98 GB / 12.00 GB
[INFO] 2025-03-27 13:50:28,396 | Computing features for API3-USDT
[INFO] 2025-03-27 13:50:28,396 | Computing features for APT-USDT
[INFO] 2025-03-27 13:50:28,396 | Computing features for AR-USDT
[INFO] 2025-03-27 13:50:28,398 | GPU is available: Device #0, Free: 10.98 GB / 12.00 GB
[INFO] 2025-03-27 13:50:28,605 | GPU is available: Device #0, Free: 10.98 GB / 12.00 GB
[INFO] 2025-03-27 13:50:28,608 | GPU is available: Device #0, Free: 10.98 GB / 12.00 GB
[INFO] 2025-03-27 13:50:28,832 | GPU is available: Device #0, Free: 10.98 GB / 12.00 GB
[INFO] 2025-03-27 13:50:28,844 | GPU is available: Device #0, Free: 10.98 GB / 12.00 GB
[INFO] 2025-03-27 13:50:28,863 | GPU is available: Device #0, Free: 10.98 GB / 12.00 GB
[INFO] 2025-03-27 13:50:29,891 | ALGO-USDT: Updated 350/350 rows in 1.50s
[INFO] 2025-03-27 13:50:29,905 | ALCX-USDT: Updated 350/350 rows in 1.51s
[INFO] 2025-03-27 13:50:29,905 | ALPHA-USDT: Updated 350/350 rows in 1.51s
[INFO] 2025-03-27 13:50:30,125 | Computing features for ARB-USDT
[INFO] 2025-03-27 13:50:30,126 | Computing features for ARG-USDT
[INFO] 2025-03-27 13:50:30,126 | Computing features for ARKM-USDT
[INFO] 2025-03-27 13:50:30,127 | GPU is available: Device #0, Free: 10.98 GB / 12.00 GB
[INFO] 2025-03-27 13:50:30,128 | GPU is available: Device #0, Free: 10.98 GB / 12.00 GB
[INFO] 2025-03-27 13:50:30,128 | GPU is available: Device #0, Free: 10.98 GB / 12.00 GB
[INFO] 2025-03-27 13:50:30,175 | APE-USDT: Updated 350/350 rows in 1.78s
[INFO] 2025-03-27 13:50:30,178 | ANIME-USDT: Updated 350/350 rows in 1.78s
[INFO] 2025-03-27 13:50:30,482 | APT-USDT: Updated 350/350 rows in 2.09s
[INFO] 2025-03-27 13:50:30,482 | API3-USDT: Updated 350/350 rows in 2.09s
[INFO] 2025-03-27 13:50:30,483 | Computing features for ARTY-USDT
[INFO] 2025-03-27 13:50:30,659 | GPU is available: Device #0, Free: 10.98 GB / 12.00 GB
[INFO] 2025-03-27 13:50:30,660 | AR-USDT: Updated 350/350 rows in 2.26s
[INFO] 2025-03-27 13:50:31,206 | ARG-USDT: Updated 350/350 rows in 1.08s
[INFO] 2025-03-27 13:50:31,268 | ARB-USDT: Updated 350/350 rows in 1.14s
[INFO] 2025-03-27 13:50:31,334 | ARKM-USDT: Updated 350/350 rows in 1.21s
[INFO] 2025-03-27 13:50:31,397 | ARTY-USDT: Updated 350/350 rows in 0.91s
[INFO] 2025-03-27 13:50:31,525 | Processing batch 3/26 with 12 pairs
[INFO] 2025-03-27 13:50:31,526 | Computing features for ASTR-USDT
[INFO] 2025-03-27 13:50:31,526 | Computing features for ATH-USDT
[INFO] 2025-03-27 13:50:31,527 | Computing features for ATOM-USDT
[INFO] 2025-03-27 13:50:31,527 | Computing features for AUCTION-USDT
[INFO] 2025-03-27 13:50:31,528 | Computing features for AVAX-USDT
[INFO] 2025-03-27 13:50:31,528 | Computing features for AXS-USDT
[INFO] 2025-03-27 13:50:31,528 | GPU is available: Device #0, Free: 10.98 GB / 12.00 GB
[INFO] 2025-03-27 13:50:31,528 | GPU is available: Device #0, Free: 10.98 GB / 12.00 GB
[INFO] 2025-03-27 13:50:31,529 | Computing features for BABYDOGE-USDT
[INFO] 2025-03-27 13:50:31,529 | Computing features for BADGER-USDT
[INFO] 2025-03-27 13:50:31,529 | GPU is available: Device #0, Free: 10.98 GB / 12.00 GB
[INFO] 2025-03-27 13:50:31,744 | GPU is available: Device #0, Free: 10.98 GB / 12.00 GB
[INFO] 2025-03-27 13:50:31,744 | GPU is available: Device #0, Free: 10.98 GB / 12.00 GB
[INFO] 2025-03-27 13:50:31,745 | GPU is available: Device #0, Free: 10.98 GB / 12.00 GB
[INFO] 2025-03-27 13:50:31,932 | GPU is available: Device #0, Free: 10.98 GB / 12.00 GB
[INFO] 2025-03-27 13:50:32,078 | GPU is available: Device #0, Free: 10.98 GB / 12.00 GB
[INFO] 2025-03-27 13:50:33,019 | ATOM-USDT: Updated 350/350 rows in 1.49s
[INFO] 2025-03-27 13:50:33,019 | ATH-USDT: Updated 350/350 rows in 1.49s
[INFO] 2025-03-27 13:50:33,020 | ASTR-USDT: Updated 350/350 rows in 1.49s
[INFO] 2025-03-27 13:50:33,233 | Progress: 25/303 pairs processed (1.69 pairs/sec, ~165s remaining)
[INFO] 2025-03-27 13:50:33,235 | Computing features for BAL-USDT
[INFO] 2025-03-27 13:50:33,235 | Computing features for BANANA-USDT
[INFO] 2025-03-27 13:50:33,235 | Computing features for BAND-USDT
[INFO] 2025-03-27 13:50:33,264 | GPU is available: Device #0, Free: 10.98 GB / 12.00 GB
[INFO] 2025-03-27 13:50:33,266 | GPU is available: Device #0, Free: 10.98 GB / 12.00 GB
[INFO] 2025-03-27 13:50:33,266 | GPU is available: Device #0, Free: 10.98 GB / 12.00 GB
[INFO] 2025-03-27 13:50:33,267 | AXS-USDT: Updated 350/350 rows in 1.74s
[INFO] 2025-03-27 13:50:33,268 | AUCTION-USDT: Updated 350/350 rows in 1.74s
[INFO] 2025-03-27 13:50:33,398 | Computing features for BAT-USDT
[INFO] 2025-03-27 13:50:33,399 | BABYDOGE-USDT: Updated 350/350 rows in 1.87s
[INFO] 2025-03-27 13:50:33,458 | GPU is available: Device #0, Free: 10.98 GB / 12.00 GB
[INFO] 2025-03-27 13:50:33,635 | AVAX-USDT: Updated 350/350 rows in 2.11s
[INFO] 2025-03-27 13:50:33,636 | BADGER-USDT: Updated 350/350 rows in 2.11s
[INFO] 2025-03-27 13:50:34,320 | BAND-USDT: Updated 350/350 rows in 1.09s
[INFO] 2025-03-27 13:50:34,401 | BAL-USDT: Updated 350/350 rows in 1.17s
[INFO] 2025-03-27 13:50:34,401 | BAT-USDT: Updated 350/350 rows in 1.00s
[INFO] 2025-03-27 13:50:34,521 | BANANA-USDT: Updated 350/350 rows in 1.29s
[INFO] 2025-03-27 13:50:34,640 | Processing batch 4/26 with 12 pairs
[INFO] 2025-03-27 13:50:34,641 | Computing features for BCH-USDT
[INFO] 2025-03-27 13:50:34,641 | Computing features for BERA-USDT
[INFO] 2025-03-27 13:50:34,642 | Computing features for BICO-USDT
[INFO] 2025-03-27 13:50:34,643 | GPU is available: Device #0, Free: 10.98 GB / 12.00 GB
[INFO] 2025-03-27 13:50:34,643 | GPU is available: Device #0, Free: 10.98 GB / 12.00 GB
[INFO] 2025-03-27 13:50:34,643 | Computing features for BIGTIME-USDT
[INFO] 2025-03-27 13:50:34,643 | Computing features for BIO-USDT
[INFO] 2025-03-27 13:50:34,643 | Computing features for BLUR-USDT
[INFO] 2025-03-27 13:50:34,644 | Computing features for BNB-USDT
[INFO] 2025-03-27 13:50:34,644 | GPU is available: Device #0, Free: 10.98 GB / 12.00 GB
[INFO] 2025-03-27 13:50:34,644 | Computing features for BNT-USDT
[INFO] 2025-03-27 13:50:34,862 | GPU is available: Device #0, Free: 10.98 GB / 12.00 GB
[INFO] 2025-03-27 13:50:34,864 | GPU is available: Device #0, Free: 10.98 GB / 12.00 GB
[INFO] 2025-03-27 13:50:34,864 | GPU is available: Device #0, Free: 10.98 GB / 12.00 GB
[INFO] 2025-03-27 13:50:35,153 | GPU is available: Device #0, Free: 10.98 GB / 12.00 GB
[INFO] 2025-03-27 13:50:35,174 | GPU is available: Device #0, Free: 10.98 GB / 12.00 GB
[INFO] 2025-03-27 13:50:36,105 | BCH-USDT: Updated 350/350 rows in 1.46s
[INFO] 2025-03-27 13:50:36,193 | BICO-USDT: Updated 350/350 rows in 1.55s
[INFO] 2025-03-27 13:50:36,193 | BERA-USDT: Updated 350/350 rows in 1.55s
[INFO] 2025-03-27 13:50:36,328 | Computing features for BOME-USDT
[INFO] 2025-03-27 13:50:36,330 | BIGTIME-USDT: Updated 350/350 rows in 1.69s
[INFO] 2025-03-27 13:50:36,332 | Computing features for BONE-USDT
[INFO] 2025-03-27 13:50:36,332 | Computing features for BONK-USDT
[INFO] 2025-03-27 13:50:36,332 | GPU is available: Device #0, Free: 10.98 GB / 12.00 GB
[INFO] 2025-03-27 13:50:36,423 | GPU is available: Device #0, Free: 10.98 GB / 12.00 GB
[INFO] 2025-03-27 13:50:36,428 | GPU is available: Device #0, Free: 10.98 GB / 12.00 GB
[INFO] 2025-03-27 13:50:36,434 | BLUR-USDT: Updated 350/350 rows in 1.79s
[INFO] 2025-03-27 13:50:36,435 | BIO-USDT: Updated 350/350 rows in 1.79s
[INFO] 2025-03-27 13:50:36,435 | Computing features for BORA-USDT
[INFO] 2025-03-27 13:50:36,719 | GPU is available: Device #0, Free: 10.98 GB / 12.00 GB
[INFO] 2025-03-27 13:50:36,720 | BNT-USDT: Updated 350/350 rows in 2.08s
[INFO] 2025-03-27 13:50:36,720 | BNB-USDT: Updated 350/350 rows in 2.08s
[INFO] 2025-03-27 13:50:37,383 | BOME-USDT: Updated 350/350 rows in 1.06s
[INFO] 2025-03-27 13:50:37,384 | BONK-USDT: Updated 350/350 rows in 1.05s
[INFO] 2025-03-27 13:50:37,527 | BONE-USDT: Updated 350/350 rows in 1.20s
[INFO] 2025-03-27 13:50:37,595 | BORA-USDT: Updated 350/350 rows in 1.16s
[INFO] 2025-03-27 13:50:37,723 | Processing batch 5/26 with 12 pairs
[INFO] 2025-03-27 13:50:37,723 | Computing features for BSV-USDT
[INFO] 2025-03-27 13:50:37,723 | Computing features for BTT-USDT
[INFO] 2025-03-27 13:50:37,724 | Computing features for CAT-USDT
[INFO] 2025-03-27 13:50:37,724 | Computing features for CATI-USDT
[INFO] 2025-03-27 13:50:37,724 | Computing features for CELO-USDT
[INFO] 2025-03-27 13:50:37,725 | Computing features for CELR-USDT
[INFO] 2025-03-27 13:50:37,725 | Computing features for CETUS-USDT
[INFO] 2025-03-27 13:50:37,725 | Computing features for CFG-USDT
[INFO] 2025-03-27 13:50:37,725 | GPU is available: Device #0, Free: 10.98 GB / 12.00 GB
[INFO] 2025-03-27 13:50:37,727 | GPU is available: Device #0, Free: 10.98 GB / 12.00 GB
[INFO] 2025-03-27 13:50:37,727 | GPU is available: Device #0, Free: 10.98 GB / 12.00 GB
[INFO] 2025-03-27 13:50:37,959 | GPU is available: Device #0, Free: 10.98 GB / 12.00 GB
[INFO] 2025-03-27 13:50:37,959 | GPU is available: Device #0, Free: 10.98 GB / 12.00 GB
[INFO] 2025-03-27 13:50:37,967 | GPU is available: Device #0, Free: 10.98 GB / 12.00 GB
[INFO] 2025-03-27 13:50:38,156 | GPU is available: Device #0, Free: 10.98 GB / 12.00 GB
[INFO] 2025-03-27 13:50:38,308 | GPU is available: Device #0, Free: 10.98 GB / 12.00 GB
[INFO] 2025-03-27 13:50:39,295 | BTT-USDT: Updated 350/350 rows in 1.57s
[INFO] 2025-03-27 13:50:39,301 | CAT-USDT: Updated 350/350 rows in 1.58s
[INFO] 2025-03-27 13:50:39,449 | BSV-USDT: Updated 350/350 rows in 1.73s
[INFO] 2025-03-27 13:50:39,450 | Progress: 50/303 pairs processed (2.38 pairs/sec, ~106s remaining)
[INFO] 2025-03-27 13:50:39,526 | Computing features for CFX-USDT
[INFO] 2025-03-27 13:50:39,526 | Computing features for CHZ-USDT
[INFO] 2025-03-27 13:50:39,527 | CATI-USDT: Updated 350/350 rows in 1.80s
[INFO] 2025-03-27 13:50:39,542 | GPU is available: Device #0, Free: 10.98 GB / 12.00 GB
[INFO] 2025-03-27 13:50:39,542 | GPU is available: Device #0, Free: 10.98 GB / 12.00 GB
[INFO] 2025-03-27 13:50:39,598 | Computing features for CITY-USDT
[INFO] 2025-03-27 13:50:39,599 | CELR-USDT: Updated 350/350 rows in 1.87s
[INFO] 2025-03-27 13:50:39,600 | CELO-USDT: Updated 350/350 rows in 1.88s
[INFO] 2025-03-27 13:50:39,666 | GPU is available: Device #0, Free: 10.98 GB / 12.00 GB
[INFO] 2025-03-27 13:50:39,724 | Computing features for CLV-USDT
[INFO] 2025-03-27 13:50:39,725 | CETUS-USDT: Updated 350/350 rows in 2.00s
[INFO] 2025-03-27 13:50:39,784 | CFG-USDT: Updated 350/350 rows in 2.06s
[INFO] 2025-03-27 13:50:39,786 | GPU is available: Device #0, Free: 10.98 GB / 12.00 GB
[INFO] 2025-03-27 13:50:40,603 | CITY-USDT: Updated 350/350 rows in 1.01s
[INFO] 2025-03-27 13:50:40,682 | CLV-USDT: Updated 350/350 rows in 0.96s
[INFO] 2025-03-27 13:50:40,750 | CHZ-USDT: Updated 350/350 rows in 1.22s
[INFO] 2025-03-27 13:50:40,751 | CFX-USDT: Updated 350/350 rows in 1.23s
[INFO] 2025-03-27 13:50:40,937 | Processing batch 6/26 with 12 pairs
[INFO] 2025-03-27 13:50:40,938 | Computing features for COMP-USDT
[INFO] 2025-03-27 13:50:40,938 | Computing features for CORE-USDT
[INFO] 2025-03-27 13:50:40,939 | Computing features for CRO-USDT
[INFO] 2025-03-27 13:50:40,939 | Computing features for CRV-USDT
[INFO] 2025-03-27 13:50:40,939 | Computing features for CSPR-USDT
[INFO] 2025-03-27 13:50:40,940 | Computing features for CTC-USDT
[INFO] 2025-03-27 13:50:40,941 | Computing features for CTXC-USDT
[INFO] 2025-03-27 13:50:40,941 | Computing features for CVC-USDT
[INFO] 2025-03-27 13:50:40,942 | GPU is available: Device #0, Free: 10.98 GB / 12.00 GB
[INFO] 2025-03-27 13:50:40,942 | GPU is available: Device #0, Free: 10.98 GB / 12.00 GB
[INFO] 2025-03-27 13:50:40,942 | GPU is available: Device #0, Free: 10.98 GB / 12.00 GB
[INFO] 2025-03-27 13:50:41,168 | GPU is available: Device #0, Free: 10.98 GB / 12.00 GB
[INFO] 2025-03-27 13:50:41,174 | GPU is available: Device #0, Free: 10.98 GB / 12.00 GB
[INFO] 2025-03-27 13:50:41,174 | GPU is available: Device #0, Free: 10.98 GB / 12.00 GB
[INFO] 2025-03-27 13:50:41,410 | GPU is available: Device #0, Free: 10.98 GB / 12.00 GB
[INFO] 2025-03-27 13:50:41,505 | GPU is available: Device #0, Free: 10.98 GB / 12.00 GB
[INFO] 2025-03-27 13:50:42,436 | CRO-USDT: Updated 350/350 rows in 1.50s
[INFO] 2025-03-27 13:50:42,484 | COMP-USDT: Updated 350/350 rows in 1.55s
[INFO] 2025-03-27 13:50:42,571 | CORE-USDT: Updated 350/350 rows in 1.63s
[INFO] 2025-03-27 13:50:42,721 | Computing features for CVX-USDT
[INFO] 2025-03-27 13:50:42,722 | Computing features for CXT-USDT
[INFO] 2025-03-27 13:50:42,722 | Computing features for DAI-USDT
[INFO] 2025-03-27 13:50:42,729 | GPU is available: Device #0, Free: 10.98 GB / 12.00 GB
[INFO] 2025-03-27 13:50:42,729 | GPU is available: Device #0, Free: 10.98 GB / 12.00 GB
[INFO] 2025-03-27 13:50:42,729 | GPU is available: Device #0, Free: 10.98 GB / 12.00 GB
[INFO] 2025-03-27 13:50:42,753 | CTC-USDT: Updated 350/350 rows in 1.81s
[INFO] 2025-03-27 13:50:42,753 | CRV-USDT: Updated 350/350 rows in 1.81s
[INFO] 2025-03-27 13:50:42,754 | CSPR-USDT: Updated 350/350 rows in 1.81s
[INFO] 2025-03-27 13:50:43,030 | Computing features for DAO-USDT
[INFO] 2025-03-27 13:50:43,043 | GPU is available: Device #0, Free: 10.98 GB / 12.00 GB
[INFO] 2025-03-27 13:50:43,118 | CVC-USDT: Updated 350/350 rows in 2.18s
[INFO] 2025-03-27 13:50:43,119 | CTXC-USDT: Updated 350/350 rows in 2.18s
[INFO] 2025-03-27 13:50:43,855 | CVX-USDT: Updated 350/350 rows in 1.13s
[INFO] 2025-03-27 13:50:43,946 | DAI-USDT: Updated 350/350 rows in 1.22s
[INFO] 2025-03-27 13:50:44,016 | DAO-USDT: Updated 350/350 rows in 0.99s
[INFO] 2025-03-27 13:50:44,016 | CXT-USDT: Updated 350/350 rows in 1.29s
[INFO] 2025-03-27 13:50:44,190 | Processing batch 7/26 with 12 pairs
[INFO] 2025-03-27 13:50:44,191 | Computing features for DEGEN-USDT
[INFO] 2025-03-27 13:50:44,191 | Computing features for DEP-USDT
[INFO] 2025-03-27 13:50:44,192 | Computing features for DGB-USDT
[INFO] 2025-03-27 13:50:44,192 | Computing features for DIA-USDT
[INFO] 2025-03-27 13:50:44,193 | Computing features for DOGE-USDT
[INFO] 2025-03-27 13:50:44,193 | GPU is available: Device #0, Free: 10.98 GB / 12.00 GB
[INFO] 2025-03-27 13:50:44,194 | GPU is available: Device #0, Free: 10.98 GB / 12.00 GB
[INFO] 2025-03-27 13:50:44,194 | Computing features for DOGS-USDT
[INFO] 2025-03-27 13:50:44,194 | GPU is available: Device #0, Free: 10.98 GB / 12.00 GB
[INFO] 2025-03-27 13:50:44,194 | Computing features for DORA-USDT
[INFO] 2025-03-27 13:50:44,194 | Computing features for DOT-USDT
[INFO] 2025-03-27 13:50:44,419 | GPU is available: Device #0, Free: 10.98 GB / 12.00 GB
[INFO] 2025-03-27 13:50:44,421 | GPU is available: Device #0, Free: 10.98 GB / 12.00 GB
[INFO] 2025-03-27 13:50:44,421 | GPU is available: Device #0, Free: 10.98 GB / 12.00 GB
[INFO] 2025-03-27 13:50:44,594 | GPU is available: Device #0, Free: 10.98 GB / 12.00 GB
[INFO] 2025-03-27 13:50:44,692 | GPU is available: Device #0, Free: 10.98 GB / 12.00 GB
[INFO] 2025-03-27 13:50:45,705 | DGB-USDT: Updated 350/350 rows in 1.51s
[INFO] 2025-03-27 13:50:45,739 | DEGEN-USDT: Updated 350/350 rows in 1.55s
[INFO] 2025-03-27 13:50:45,813 | DEP-USDT: Updated 350/350 rows in 1.62s
[INFO] 2025-03-27 13:50:45,972 | Computing features for DUCK-USDT
[INFO] 2025-03-27 13:50:45,972 | DIA-USDT: Updated 350/350 rows in 1.78s
[INFO] 2025-03-27 13:50:45,972 | Computing features for DYDX-USDT
[INFO] 2025-03-27 13:50:45,972 | Progress: 75/303 pairs processed (2.72 pairs/sec, ~84s remaining)
[INFO] 2025-03-27 13:50:46,044 | Computing features for EGLD-USDT
[INFO] 2025-03-27 13:50:46,055 | GPU is available: Device #0, Free: 10.98 GB / 12.00 GB
[INFO] 2025-03-27 13:50:46,058 | DOGS-USDT: Updated 350/350 rows in 1.86s
[INFO] 2025-03-27 13:50:46,061 | GPU is available: Device #0, Free: 10.98 GB / 12.00 GB
[INFO] 2025-03-27 13:50:46,061 | DOGE-USDT: Updated 350/350 rows in 1.87s
[INFO] 2025-03-27 13:50:46,061 | GPU is available: Device #0, Free: 10.98 GB / 12.00 GB
[INFO] 2025-03-27 13:50:46,145 | Computing features for EIGEN-USDT
[INFO] 2025-03-27 13:50:46,268 | GPU is available: Device #0, Free: 10.98 GB / 12.00 GB
[INFO] 2025-03-27 13:50:46,338 | DORA-USDT: Updated 350/350 rows in 2.14s
[INFO] 2025-03-27 13:50:46,499 | DOT-USDT: Updated 350/350 rows in 2.30s
[INFO] 2025-03-27 13:50:47,118 | DUCK-USDT: Updated 350/350 rows in 1.15s
[INFO] 2025-03-27 13:50:47,191 | DYDX-USDT: Updated 350/350 rows in 1.22s
[INFO] 2025-03-27 13:50:47,263 | EGLD-USDT: Updated 350/350 rows in 1.22s
[INFO] 2025-03-27 13:50:47,333 | EIGEN-USDT: Updated 350/350 rows in 1.19s
[INFO] 2025-03-27 13:50:47,441 | Processing batch 8/26 with 12 pairs
[INFO] 2025-03-27 13:50:47,442 | Computing features for ELF-USDT
[INFO] 2025-03-27 13:50:47,442 | Computing features for ELON-USDT
[INFO] 2025-03-27 13:50:47,443 | Computing features for ENJ-USDT
[INFO] 2025-03-27 13:50:47,443 | Computing features for ENS-USDT
[INFO] 2025-03-27 13:50:47,444 | GPU is available: Device #0, Free: 10.98 GB / 12.00 GB
[INFO] 2025-03-27 13:50:47,444 | GPU is available: Device #0, Free: 10.98 GB / 12.00 GB
[INFO] 2025-03-27 13:50:47,444 | GPU is available: Device #0, Free: 10.98 GB / 12.00 GB
[INFO] 2025-03-27 13:50:47,444 | Computing features for EOS-USDT
[INFO] 2025-03-27 13:50:47,445 | Computing features for ERN-USDT
[INFO] 2025-03-27 13:50:47,445 | Computing features for ETC-USDT
[INFO] 2025-03-27 13:50:47,445 | Computing features for FET-USDT
[INFO] 2025-03-27 13:50:47,662 | GPU is available: Device #0, Free: 10.98 GB / 12.00 GB
[INFO] 2025-03-27 13:50:47,663 | GPU is available: Device #0, Free: 10.98 GB / 12.00 GB
[INFO] 2025-03-27 13:50:47,664 | GPU is available: Device #0, Free: 10.98 GB / 12.00 GB
[INFO] 2025-03-27 13:50:47,751 | GPU is available: Device #0, Free: 10.98 GB / 12.00 GB
[INFO] 2025-03-27 13:50:47,971 | GPU is available: Device #0, Free: 10.98 GB / 12.00 GB
[INFO] 2025-03-27 13:50:48,799 | ENJ-USDT: Updated 350/350 rows in 1.36s
[INFO] 2025-03-27 13:50:48,928 | ELON-USDT: Updated 350/350 rows in 1.49s
[INFO] 2025-03-27 13:50:49,032 | ELF-USDT: Updated 350/350 rows in 1.59s
[INFO] 2025-03-27 13:50:49,037 | Computing features for FIL-USDT
[INFO] 2025-03-27 13:50:49,102 | Computing features for FLM-USDT
[INFO] 2025-03-27 13:50:49,103 | GPU is available: Device #0, Free: 10.98 GB / 12.00 GB
[INFO] 2025-03-27 13:50:49,103 | Computing features for FLOKI-USDT
[INFO] 2025-03-27 13:50:49,104 | GPU is available: Device #0, Free: 10.98 GB / 12.00 GB
[INFO] 2025-03-27 13:50:49,109 | GPU is available: Device #0, Free: 10.98 GB / 12.00 GB
[INFO] 2025-03-27 13:50:49,135 | EOS-USDT: Updated 350/350 rows in 1.69s
[INFO] 2025-03-27 13:50:49,196 | ENS-USDT: Updated 350/350 rows in 1.75s
[INFO] 2025-03-27 13:50:49,196 | ERN-USDT: Updated 350/350 rows in 1.75s
[INFO] 2025-03-27 13:50:49,468 | ETC-USDT: Updated 350/350 rows in 2.02s
[INFO] 2025-03-27 13:50:49,483 | FET-USDT: Updated 350/350 rows in 2.04s
[INFO] 2025-03-27 13:50:49,483 | Computing features for FLOW-USDT
[INFO] 2025-03-27 13:50:49,633 | GPU is available: Device #0, Free: 10.98 GB / 12.00 GB
[INFO] 2025-03-27 13:50:50,109 | FIL-USDT: Updated 350/350 rows in 1.07s
[INFO] 2025-03-27 13:50:50,168 | FLM-USDT: Updated 350/350 rows in 1.07s
[INFO] 2025-03-27 13:50:50,168 | FLOKI-USDT: Updated 350/350 rows in 1.07s
[INFO] 2025-03-27 13:50:50,283 | FLOW-USDT: Updated 350/350 rows in 0.80s
[INFO] 2025-03-27 13:50:50,389 | Processing batch 9/26 with 12 pairs
[INFO] 2025-03-27 13:50:50,389 | Computing features for FLR-USDT
[INFO] 2025-03-27 13:50:50,389 | Computing features for FORTH-USDT
[INFO] 2025-03-27 13:50:50,390 | Computing features for FOXY-USDT
[INFO] 2025-03-27 13:50:50,390 | Computing features for FXS-USDT
[INFO] 2025-03-27 13:50:50,391 | Computing features for G-USDT
[INFO] 2025-03-27 13:50:50,391 | GPU is available: Device #0, Free: 10.98 GB / 12.00 GB
[INFO] 2025-03-27 13:50:50,391 | GPU is available: Device #0, Free: 10.98 GB / 12.00 GB
[INFO] 2025-03-27 13:50:50,392 | Computing features for GALA-USDT
[INFO] 2025-03-27 13:50:50,392 | Computing features for GALFT-USDT
[INFO] 2025-03-27 13:50:50,392 | GPU is available: Device #0, Free: 10.98 GB / 12.00 GB
[INFO] 2025-03-27 13:50:50,392 | Computing features for GAS-USDT
[INFO] 2025-03-27 13:50:50,592 | GPU is available: Device #0, Free: 10.98 GB / 12.00 GB
[INFO] 2025-03-27 13:50:50,593 | GPU is available: Device #0, Free: 10.98 GB / 12.00 GB
[INFO] 2025-03-27 13:50:50,594 | GPU is available: Device #0, Free: 10.98 GB / 12.00 GB
[INFO] 2025-03-27 13:50:50,771 | GPU is available: Device #0, Free: 10.98 GB / 12.00 GB
[INFO] 2025-03-27 13:50:50,946 | GPU is available: Device #0, Free: 10.98 GB / 12.00 GB
[INFO] 2025-03-27 13:50:51,636 | FOXY-USDT: Updated 350/350 rows in 1.25s
[INFO] 2025-03-27 13:50:51,835 | FLR-USDT: Updated 350/350 rows in 1.45s
[INFO] 2025-03-27 13:50:51,937 | Computing features for GEAR-USDT
[INFO] 2025-03-27 13:50:51,938 | FORTH-USDT: Updated 350/350 rows in 1.55s
[INFO] 2025-03-27 13:50:51,953 | GPU is available: Device #0, Free: 10.98 GB / 12.00 GB
[INFO] 2025-03-27 13:50:51,955 | Computing features for GHST-USDT
[INFO] 2025-03-27 13:50:52,018 | GPU is available: Device #0, Free: 10.98 GB / 12.00 GB
[INFO] 2025-03-27 13:50:52,018 | Computing features for GLM-USDT
[INFO] 2025-03-27 13:50:52,019 | GPU is available: Device #0, Free: 10.98 GB / 12.00 GB
[INFO] 2025-03-27 13:50:52,020 | G-USDT: Updated 350/350 rows in 1.63s
[INFO] 2025-03-27 13:50:52,105 | Progress: 100/303 pairs processed (2.97 pairs/sec, ~68s remaining)
[INFO] 2025-03-27 13:50:52,162 | FXS-USDT: Updated 350/350 rows in 1.77s
[INFO] 2025-03-27 13:50:52,162 | GALA-USDT: Updated 350/350 rows in 1.77s
[INFO] 2025-03-27 13:50:52,162 | Computing features for GLMR-USDT
[INFO] 2025-03-27 13:50:52,381 | GPU is available: Device #0, Free: 10.98 GB / 12.00 GB
[INFO] 2025-03-27 13:50:52,396 | GALFT-USDT: Updated 350/350 rows in 2.00s
[INFO] 2025-03-27 13:50:52,396 | GAS-USDT: Updated 350/350 rows in 2.00s
[INFO] 2025-03-27 13:50:53,032 | GEAR-USDT: Updated 350/350 rows in 1.10s
[INFO] 2025-03-27 13:50:53,114 | GLM-USDT: Updated 350/350 rows in 1.10s
[INFO] 2025-03-27 13:50:53,183 | GHST-USDT: Updated 350/350 rows in 1.23s
[INFO] 2025-03-27 13:50:53,183 | GLMR-USDT: Updated 350/350 rows in 1.02s
[INFO] 2025-03-27 13:50:53,354 | Processing batch 10/26 with 12 pairs
[INFO] 2025-03-27 13:50:53,354 | Computing features for GMT-USDT
[INFO] 2025-03-27 13:50:53,354 | Computing features for GMX-USDT
[INFO] 2025-03-27 13:50:53,355 | Computing features for GOAT-USDT
[INFO] 2025-03-27 13:50:53,355 | Computing features for GODS-USDT
[INFO] 2025-03-27 13:50:53,355 | Computing features for GOG-USDT
[INFO] 2025-03-27 13:50:53,356 | Computing features for GRT-USDT
[INFO] 2025-03-27 13:50:53,356 | Computing features for HBAR-USDT
[INFO] 2025-03-27 13:50:53,356 | Computing features for HMSTR-USDT
[INFO] 2025-03-27 13:50:53,357 | GPU is available: Device #0, Free: 10.98 GB / 12.00 GB
[INFO] 2025-03-27 13:50:53,357 | GPU is available: Device #0, Free: 10.98 GB / 12.00 GB
[INFO] 2025-03-27 13:50:53,358 | GPU is available: Device #0, Free: 10.98 GB / 12.00 GB
[INFO] 2025-03-27 13:50:53,565 | GPU is available: Device #0, Free: 10.98 GB / 12.00 GB
[INFO] 2025-03-27 13:50:53,565 | GPU is available: Device #0, Free: 10.98 GB / 12.00 GB
[INFO] 2025-03-27 13:50:53,566 | GPU is available: Device #0, Free: 10.98 GB / 12.00 GB
[INFO] 2025-03-27 13:50:53,781 | GPU is available: Device #0, Free: 10.98 GB / 12.00 GB
[INFO] 2025-03-27 13:50:53,863 | GPU is available: Device #0, Free: 10.98 GB / 12.00 GB
[INFO] 2025-03-27 13:50:54,769 | GMT-USDT: Updated 350/350 rows in 1.41s
[INFO] 2025-03-27 13:50:54,769 | GMX-USDT: Updated 350/350 rows in 1.41s
[INFO] 2025-03-27 13:50:54,770 | GOAT-USDT: Updated 350/350 rows in 1.42s
[INFO] 2025-03-27 13:50:54,969 | GOG-USDT: Updated 350/350 rows in 1.61s
[INFO] 2025-03-27 13:50:54,970 | Computing features for ICE-USDT
[INFO] 2025-03-27 13:50:55,039 | Computing features for ICP-USDT
[INFO] 2025-03-27 13:50:55,047 | Computing features for ICX-USDT
[INFO] 2025-03-27 13:50:55,049 | GPU is available: Device #0, Free: 10.98 GB / 12.00 GB
[INFO] 2025-03-27 13:50:55,050 | GPU is available: Device #0, Free: 10.98 GB / 12.00 GB
[INFO] 2025-03-27 13:50:55,051 | GPU is available: Device #0, Free: 10.98 GB / 12.00 GB
[INFO] 2025-03-27 13:50:55,051 | Computing features for ID-USDT
[INFO] 2025-03-27 13:50:55,052 | GODS-USDT: Updated 350/350 rows in 1.70s
[INFO] 2025-03-27 13:50:55,110 | GPU is available: Device #0, Free: 10.98 GB / 12.00 GB
[INFO] 2025-03-27 13:50:55,125 | GRT-USDT: Updated 350/350 rows in 1.77s
[INFO] 2025-03-27 13:50:55,257 | HBAR-USDT: Updated 350/350 rows in 1.90s
[INFO] 2025-03-27 13:50:55,487 | HMSTR-USDT: Updated 350/350 rows in 2.13s
[INFO] 2025-03-27 13:50:56,047 | ICE-USDT: Updated 350/350 rows in 1.08s
[INFO] 2025-03-27 13:50:56,106 | ID-USDT: Updated 350/350 rows in 1.05s
[INFO] 2025-03-27 13:50:56,106 | ICP-USDT: Updated 350/350 rows in 1.07s
[INFO] 2025-03-27 13:50:56,106 | ICX-USDT: Updated 350/350 rows in 1.06s
[INFO] 2025-03-27 13:50:56,317 | Processing batch 11/26 with 12 pairs
[INFO] 2025-03-27 13:50:56,317 | Computing features for ILV-USDT
[INFO] 2025-03-27 13:50:56,317 | Computing features for IMX-USDT
[INFO] 2025-03-27 13:50:56,317 | Computing features for INJ-USDT
[INFO] 2025-03-27 13:50:56,318 | Computing features for IOST-USDT
[INFO] 2025-03-27 13:50:56,318 | Computing features for IOTA-USDT
[INFO] 2025-03-27 13:50:56,318 | Computing features for IP-USDT
[INFO] 2025-03-27 13:50:56,319 | GPU is available: Device #0, Free: 10.98 GB / 12.00 GB
[INFO] 2025-03-27 13:50:56,319 | Computing features for IQ-USDT
[INFO] 2025-03-27 13:50:56,319 | GPU is available: Device #0, Free: 10.98 GB / 12.00 GB
[INFO] 2025-03-27 13:50:56,320 | Computing features for J-USDT
[INFO] 2025-03-27 13:50:56,320 | GPU is available: Device #0, Free: 10.98 GB / 12.00 GB
[INFO] 2025-03-27 13:50:56,513 | GPU is available: Device #0, Free: 10.98 GB / 12.00 GB
[INFO] 2025-03-27 13:50:56,520 | GPU is available: Device #0, Free: 10.98 GB / 12.00 GB
[INFO] 2025-03-27 13:50:56,736 | GPU is available: Device #0, Free: 10.98 GB / 12.00 GB
[INFO] 2025-03-27 13:50:56,747 | GPU is available: Device #0, Free: 10.98 GB / 12.00 GB
[INFO] 2025-03-27 13:50:56,793 | GPU is available: Device #0, Free: 10.98 GB / 12.00 GB
[INFO] 2025-03-27 13:50:57,630 | INJ-USDT: Updated 350/350 rows in 1.31s
[INFO] 2025-03-27 13:50:57,721 | IMX-USDT: Updated 350/350 rows in 1.40s
[INFO] 2025-03-27 13:50:57,788 | ILV-USDT: Updated 350/350 rows in 1.47s
[INFO] 2025-03-27 13:50:57,939 | Computing features for JOE-USDT
[INFO] 2025-03-27 13:50:57,940 | Computing features for JST-USDT
[INFO] 2025-03-27 13:50:57,941 | Computing features for JTO-USDT
[INFO] 2025-03-27 13:50:57,941 | GPU is available: Device #0, Free: 10.98 GB / 12.00 GB
[INFO] 2025-03-27 13:50:57,941 | GPU is available: Device #0, Free: 10.98 GB / 12.00 GB
[INFO] 2025-03-27 13:50:57,942 | GPU is available: Device #0, Free: 10.98 GB / 12.00 GB
[INFO] 2025-03-27 13:50:57,986 | IOTA-USDT: Updated 350/350 rows in 1.67s
[INFO] 2025-03-27 13:50:57,988 | IOST-USDT: Updated 350/350 rows in 1.67s
[INFO] 2025-03-27 13:50:58,283 | Progress: 125/303 pairs processed (3.13 pairs/sec, ~57s remaining)
[INFO] 2025-03-27 13:50:58,283 | IP-USDT: Updated 350/350 rows in 1.96s
[INFO] 2025-03-27 13:50:58,284 | IQ-USDT: Updated 350/350 rows in 1.96s
[INFO] 2025-03-27 13:50:58,284 | Computing features for JUP-USDT
[INFO] 2025-03-27 13:50:58,441 | J-USDT: Updated 350/350 rows in 2.12s
[INFO] 2025-03-27 13:50:58,456 | GPU is available: Device #0, Free: 10.98 GB / 12.00 GB
[INFO] 2025-03-27 13:50:59,002 | JST-USDT: Updated 350/350 rows in 1.06s
[INFO] 2025-03-27 13:50:59,063 | JTO-USDT: Updated 350/350 rows in 1.12s
[INFO] 2025-03-27 13:50:59,064 | JOE-USDT: Updated 350/350 rows in 1.12s
[INFO] 2025-03-27 13:50:59,177 | JUP-USDT: Updated 350/350 rows in 0.89s
[INFO] 2025-03-27 13:50:59,286 | Processing batch 12/26 with 12 pairs
[INFO] 2025-03-27 13:50:59,286 | Computing features for KAIA-USDT
[INFO] 2025-03-27 13:50:59,286 | Computing features for KAITO-USDT
[INFO] 2025-03-27 13:50:59,287 | Computing features for KDA-USDT
[INFO] 2025-03-27 13:50:59,287 | Computing features for KISHU-USDT
[INFO] 2025-03-27 13:50:59,288 | Computing features for KNC-USDT
[INFO] 2025-03-27 13:50:59,288 | Computing features for KSM-USDT
[INFO] 2025-03-27 13:50:59,288 | GPU is available: Device #0, Free: 10.98 GB / 12.00 GB
[INFO] 2025-03-27 13:50:59,288 | Computing features for LAT-USDT
[INFO] 2025-03-27 13:50:59,288 | Computing features for LDO-USDT
[INFO] 2025-03-27 13:50:59,290 | GPU is available: Device #0, Free: 10.98 GB / 12.00 GB
[INFO] 2025-03-27 13:50:59,290 | GPU is available: Device #0, Free: 10.98 GB / 12.00 GB
[INFO] 2025-03-27 13:50:59,520 | GPU is available: Device #0, Free: 10.98 GB / 12.00 GB
[INFO] 2025-03-27 13:50:59,521 | GPU is available: Device #0, Free: 10.98 GB / 12.00 GB
[INFO] 2025-03-27 13:50:59,522 | GPU is available: Device #0, Free: 10.98 GB / 12.00 GB
[INFO] 2025-03-27 13:50:59,742 | GPU is available: Device #0, Free: 10.98 GB / 12.00 GB
[INFO] 2025-03-27 13:50:59,813 | GPU is available: Device #0, Free: 10.98 GB / 12.00 GB
[INFO] 2025-03-27 13:51:00,716 | KAITO-USDT: Updated 350/350 rows in 1.43s
[INFO] 2025-03-27 13:51:00,838 | KDA-USDT: Updated 350/350 rows in 1.55s
[INFO] 2025-03-27 13:51:00,862 | KAIA-USDT: Updated 350/350 rows in 1.58s
[INFO] 2025-03-27 13:51:00,865 | Computing features for LEO-USDT
[INFO] 2025-03-27 13:51:00,984 | KISHU-USDT: Updated 350/350 rows in 1.70s
[INFO] 2025-03-27 13:51:00,986 | GPU is available: Device #0, Free: 10.98 GB / 12.00 GB
[INFO] 2025-03-27 13:51:01,045 | Computing features for LINK-USDT
[INFO] 2025-03-27 13:51:01,045 | Computing features for LOOKS-USDT
[INFO] 2025-03-27 13:51:01,046 | Computing features for LPT-USDT
[INFO] 2025-03-27 13:51:01,047 | GPU is available: Device #0, Free: 10.98 GB / 12.00 GB
[INFO] 2025-03-27 13:51:01,047 | GPU is available: Device #0, Free: 10.98 GB / 12.00 GB
[INFO] 2025-03-27 13:51:01,047 | GPU is available: Device #0, Free: 10.98 GB / 12.00 GB
[INFO] 2025-03-27 13:51:01,077 | KSM-USDT: Updated 350/350 rows in 1.79s
[INFO] 2025-03-27 13:51:01,147 | KNC-USDT: Updated 350/350 rows in 1.86s
[INFO] 2025-03-27 13:51:01,442 | LAT-USDT: Updated 350/350 rows in 2.15s
[INFO] 2025-03-27 13:51:01,453 | LDO-USDT: Updated 350/350 rows in 2.16s
[INFO] 2025-03-27 13:51:02,098 | LPT-USDT: Updated 350/350 rows in 1.05s
[INFO] 2025-03-27 13:51:02,162 | LOOKS-USDT: Updated 350/350 rows in 1.12s
[INFO] 2025-03-27 13:51:02,162 | LINK-USDT: Updated 350/350 rows in 1.12s
[INFO] 2025-03-27 13:51:02,162 | LEO-USDT: Updated 350/350 rows in 1.30s
[INFO] 2025-03-27 13:51:02,391 | Processing batch 13/26 with 12 pairs
[INFO] 2025-03-27 13:51:02,391 | Computing features for LQTY-USDT
[INFO] 2025-03-27 13:51:02,391 | Computing features for LRC-USDT
[INFO] 2025-03-27 13:51:02,392 | Computing features for LSK-USDT
[INFO] 2025-03-27 13:51:02,393 | Computing features for LTC-USDT
[INFO] 2025-03-27 13:51:02,393 | Computing features for LUNA-USDT
[INFO] 2025-03-27 13:51:02,393 | GPU is available: Device #0, Free: 10.98 GB / 12.00 GB
[INFO] 2025-03-27 13:51:02,394 | Computing features for LUNC-USDT
[INFO] 2025-03-27 13:51:02,394 | Computing features for MAGIC-USDT
[INFO] 2025-03-27 13:51:02,394 | Computing features for MAJOR-USDT
[INFO] 2025-03-27 13:51:02,395 | GPU is available: Device #0, Free: 10.98 GB / 12.00 GB
[INFO] 2025-03-27 13:51:02,395 | GPU is available: Device #0, Free: 10.98 GB / 12.00 GB
[INFO] 2025-03-27 13:51:02,609 | GPU is available: Device #0, Free: 10.98 GB / 12.00 GB
[INFO] 2025-03-27 13:51:02,617 | GPU is available: Device #0, Free: 10.98 GB / 12.00 GB
[INFO] 2025-03-27 13:51:02,617 | GPU is available: Device #0, Free: 10.98 GB / 12.00 GB
[INFO] 2025-03-27 13:51:02,845 | GPU is available: Device #0, Free: 10.98 GB / 12.00 GB
[INFO] 2025-03-27 13:51:02,933 | GPU is available: Device #0, Free: 10.98 GB / 12.00 GB
[INFO] 2025-03-27 13:51:03,838 | LQTY-USDT: Updated 350/350 rows in 1.45s
[INFO] 2025-03-27 13:51:03,853 | LSK-USDT: Updated 350/350 rows in 1.46s
[INFO] 2025-03-27 13:51:04,027 | LRC-USDT: Updated 350/350 rows in 1.64s
[INFO] 2025-03-27 13:51:04,029 | Computing features for MANA-USDT
[INFO] 2025-03-27 13:51:04,031 | Computing features for MASK-USDT
[INFO] 2025-03-27 13:51:04,094 | Computing features for MAX-USDT
[INFO] 2025-03-27 13:51:04,094 | GPU is available: Device #0, Free: 10.98 GB / 12.00 GB
[INFO] 2025-03-27 13:51:04,094 | GPU is available: Device #0, Free: 10.98 GB / 12.00 GB
[INFO] 2025-03-27 13:51:04,110 | GPU is available: Device #0, Free: 10.98 GB / 12.00 GB
[INFO] 2025-03-27 13:51:04,128 | LUNA-USDT: Updated 350/350 rows in 1.73s
[INFO] 2025-03-27 13:51:04,193 | LTC-USDT: Updated 350/350 rows in 1.80s
[INFO] 2025-03-27 13:51:04,193 | LUNC-USDT: Updated 350/350 rows in 1.80s
[INFO] 2025-03-27 13:51:04,437 | Computing features for MDT-USDT
[INFO] 2025-03-27 13:51:04,437 | MAJOR-USDT: Updated 350/350 rows in 2.04s
[INFO] 2025-03-27 13:51:04,438 | MAGIC-USDT: Updated 350/350 rows in 2.04s
[INFO] 2025-03-27 13:51:04,498 | Progress: 150/303 pairs processed (3.25 pairs/sec, ~47s remaining)
[INFO] 2025-03-27 13:51:04,509 | GPU is available: Device #0, Free: 10.98 GB / 12.00 GB
[INFO] 2025-03-27 13:51:05,196 | MASK-USDT: Updated 350/350 rows in 1.17s
[INFO] 2025-03-27 13:51:05,258 | MANA-USDT: Updated 350/350 rows in 1.23s
[INFO] 2025-03-27 13:51:05,314 | MAX-USDT: Updated 350/350 rows in 1.22s
[INFO] 2025-03-27 13:51:05,369 | MDT-USDT: Updated 350/350 rows in 0.93s
[INFO] 2025-03-27 13:51:05,474 | Processing batch 14/26 with 12 pairs
[INFO] 2025-03-27 13:51:05,475 | Computing features for ME-USDT
[INFO] 2025-03-27 13:51:05,475 | Computing features for MEME-USDT
[INFO] 2025-03-27 13:51:05,476 | Computing features for MEMEFI-USDT
[INFO] 2025-03-27 13:51:05,476 | Computing features for MENGO-USDT
[INFO] 2025-03-27 13:51:05,477 | Computing features for MERL-USDT
[INFO] 2025-03-27 13:51:05,478 | Computing features for METIS-USDT
[INFO] 2025-03-27 13:51:05,478 | Computing features for MEW-USDT
[INFO] 2025-03-27 13:51:05,478 | Computing features for MILO-USDT
[INFO] 2025-03-27 13:51:05,478 | GPU is available: Device #0, Free: 10.98 GB / 12.00 GB
[INFO] 2025-03-27 13:51:05,478 | GPU is available: Device #0, Free: 10.98 GB / 12.00 GB
[INFO] 2025-03-27 13:51:05,479 | GPU is available: Device #0, Free: 10.98 GB / 12.00 GB
[INFO] 2025-03-27 13:51:05,694 | GPU is available: Device #0, Free: 10.98 GB / 12.00 GB
[INFO] 2025-03-27 13:51:05,694 | GPU is available: Device #0, Free: 10.98 GB / 12.00 GB
[INFO] 2025-03-27 13:51:05,702 | GPU is available: Device #0, Free: 10.98 GB / 12.00 GB
[INFO] 2025-03-27 13:51:05,866 | GPU is available: Device #0, Free: 10.98 GB / 12.00 GB
[INFO] 2025-03-27 13:51:06,011 | GPU is available: Device #0, Free: 10.98 GB / 12.00 GB
[INFO] 2025-03-27 13:51:06,940 | MEME-USDT: Updated 350/350 rows in 1.47s
[INFO] 2025-03-27 13:51:07,058 | ME-USDT: Updated 350/350 rows in 1.58s
[INFO] 2025-03-27 13:51:07,059 | MEMEFI-USDT: Updated 350/350 rows in 1.58s
[INFO] 2025-03-27 13:51:07,060 | Computing features for MINA-USDT
[INFO] 2025-03-27 13:51:07,206 | GPU is available: Device #0, Free: 10.98 GB / 12.00 GB
[INFO] 2025-03-27 13:51:07,207 | METIS-USDT: Updated 350/350 rows in 1.73s
[INFO] 2025-03-27 13:51:07,207 | Computing features for MKR-USDT
[INFO] 2025-03-27 13:51:07,207 | Computing features for MLN-USDT
[INFO] 2025-03-27 13:51:07,282 | GPU is available: Device #0, Free: 10.98 GB / 12.00 GB
[INFO] 2025-03-27 13:51:07,289 | MERL-USDT: Updated 350/350 rows in 1.81s
[INFO] 2025-03-27 13:51:07,289 | GPU is available: Device #0, Free: 10.98 GB / 12.00 GB
[INFO] 2025-03-27 13:51:07,290 | MENGO-USDT: Updated 350/350 rows in 1.81s
[INFO] 2025-03-27 13:51:07,290 | Computing features for MOODENG-USDT
[INFO] 2025-03-27 13:51:07,471 | MEW-USDT: Updated 350/350 rows in 1.99s
[INFO] 2025-03-27 13:51:07,471 | GPU is available: Device #0, Free: 10.98 GB / 12.00 GB
[INFO] 2025-03-27 13:51:07,686 | MILO-USDT: Updated 350/350 rows in 2.21s
[INFO] 2025-03-27 13:51:08,253 | MINA-USDT: Updated 350/350 rows in 1.19s
[INFO] 2025-03-27 13:51:08,338 | MLN-USDT: Updated 350/350 rows in 1.13s
[INFO] 2025-03-27 13:51:08,406 | MKR-USDT: Updated 350/350 rows in 1.20s
[INFO] 2025-03-27 13:51:08,461 | MOODENG-USDT: Updated 350/350 rows in 1.17s
[INFO] 2025-03-27 13:51:08,569 | Processing batch 15/26 with 12 pairs
[INFO] 2025-03-27 13:51:08,570 | Computing features for MORPHO-USDT
[INFO] 2025-03-27 13:51:08,570 | Computing features for MOVE-USDT
[INFO] 2025-03-27 13:51:08,571 | Computing features for MOVR-USDT
[INFO] 2025-03-27 13:51:08,571 | Computing features for MXC-USDT
[INFO] 2025-03-27 13:51:08,572 | Computing features for NC-USDT
[INFO] 2025-03-27 13:51:08,572 | Computing features for NEAR-USDT
[INFO] 2025-03-27 13:51:08,572 | GPU is available: Device #0, Free: 10.98 GB / 12.00 GB
[INFO] 2025-03-27 13:51:08,573 | Computing features for NEIRO-USDT
[INFO] 2025-03-27 13:51:08,574 | Computing features for NEO-USDT
[INFO] 2025-03-27 13:51:08,574 | GPU is available: Device #0, Free: 10.98 GB / 12.00 GB
[INFO] 2025-03-27 13:51:08,574 | GPU is available: Device #0, Free: 10.98 GB / 12.00 GB
[INFO] 2025-03-27 13:51:08,794 | GPU is available: Device #0, Free: 10.98 GB / 12.00 GB
[INFO] 2025-03-27 13:51:08,794 | GPU is available: Device #0, Free: 10.98 GB / 12.00 GB
[INFO] 2025-03-27 13:51:09,027 | GPU is available: Device #0, Free: 10.98 GB / 12.00 GB
[INFO] 2025-03-27 13:51:09,059 | GPU is available: Device #0, Free: 10.98 GB / 12.00 GB
[INFO] 2025-03-27 13:51:09,233 | GPU is available: Device #0, Free: 10.98 GB / 12.00 GB
[INFO] 2025-03-27 13:51:09,906 | MOVE-USDT: Updated 350/350 rows in 1.34s
[INFO] 2025-03-27 13:51:10,069 | MOVR-USDT: Updated 350/350 rows in 1.50s
[INFO] 2025-03-27 13:51:10,069 | MORPHO-USDT: Updated 350/350 rows in 1.50s
[INFO] 2025-03-27 13:51:10,069 | Computing features for NFT-USDT
[INFO] 2025-03-27 13:51:10,219 | GPU is available: Device #0, Free: 10.98 GB / 12.00 GB
[INFO] 2025-03-27 13:51:10,223 | Computing features for NMR-USDT
[INFO] 2025-03-27 13:51:10,223 | Computing features for NOT-USDT
[INFO] 2025-03-27 13:51:10,230 | GPU is available: Device #0, Free: 10.98 GB / 12.00 GB
[INFO] 2025-03-27 13:51:10,235 | GPU is available: Device #0, Free: 10.98 GB / 12.00 GB
[INFO] 2025-03-27 13:51:10,329 | NC-USDT: Updated 350/350 rows in 1.76s
[INFO] 2025-03-27 13:51:10,330 | MXC-USDT: Updated 350/350 rows in 1.76s
[INFO] 2025-03-27 13:51:10,599 | NEIRO-USDT: Updated 350/350 rows in 2.03s
[INFO] 2025-03-27 13:51:10,599 | NEO-USDT: Updated 350/350 rows in 2.03s
[INFO] 2025-03-27 13:51:10,599 | NEAR-USDT: Updated 350/350 rows in 2.03s
[INFO] 2025-03-27 13:51:10,600 | Computing features for NULS-USDT
[INFO] 2025-03-27 13:51:10,790 | GPU is available: Device #0, Free: 10.98 GB / 12.00 GB
[INFO] 2025-03-27 13:51:10,893 | Progress: 175/303 pairs processed (3.33 pairs/sec, ~38s remaining)
[INFO] 2025-03-27 13:51:11,240 | NFT-USDT: Updated 350/350 rows in 1.17s
[INFO] 2025-03-27 13:51:11,352 | NMR-USDT: Updated 350/350 rows in 1.13s
[INFO] 2025-03-27 13:51:11,415 | NOT-USDT: Updated 350/350 rows in 1.19s
[INFO] 2025-03-27 13:51:11,478 | NULS-USDT: Updated 350/350 rows in 0.88s
[INFO] 2025-03-27 13:51:11,584 | Processing batch 16/26 with 12 pairs
[INFO] 2025-03-27 13:51:11,584 | Computing features for OAS-USDT
[INFO] 2025-03-27 13:51:11,584 | Computing features for OKB-USDT
[INFO] 2025-03-27 13:51:11,585 | Computing features for OKSOL-USDT
[INFO] 2025-03-27 13:51:11,585 | Computing features for OKT-USDT
[INFO] 2025-03-27 13:51:11,586 | Computing features for OL-USDT
[INFO] 2025-03-27 13:51:11,586 | Computing features for OM-USDT
[INFO] 2025-03-27 13:51:11,587 | Computing features for OMI-USDT
[INFO] 2025-03-27 13:51:11,587 | GPU is available: Device #0, Free: 10.98 GB / 12.00 GB
[INFO] 2025-03-27 13:51:11,587 | GPU is available: Device #0, Free: 10.98 GB / 12.00 GB
[INFO] 2025-03-27 13:51:11,587 | Computing features for ONDO-USDT
[INFO] 2025-03-27 13:51:11,588 | GPU is available: Device #0, Free: 10.98 GB / 12.00 GB
[INFO] 2025-03-27 13:51:11,797 | GPU is available: Device #0, Free: 10.98 GB / 12.00 GB
[INFO] 2025-03-27 13:51:11,797 | GPU is available: Device #0, Free: 10.98 GB / 12.00 GB
[INFO] 2025-03-27 13:51:11,805 | GPU is available: Device #0, Free: 10.98 GB / 12.00 GB
[INFO] 2025-03-27 13:51:11,889 | GPU is available: Device #0, Free: 10.98 GB / 12.00 GB
[INFO] 2025-03-27 13:51:12,158 | GPU is available: Device #0, Free: 10.98 GB / 12.00 GB
[INFO] 2025-03-27 13:51:12,995 | OKB-USDT: Updated 350/350 rows in 1.41s
[INFO] 2025-03-27 13:51:13,085 | OKSOL-USDT: Updated 350/350 rows in 1.50s
[INFO] 2025-03-27 13:51:13,086 | OAS-USDT: Updated 350/350 rows in 1.50s
[INFO] 2025-03-27 13:51:13,104 | Computing features for ONE-USDT
[INFO] 2025-03-27 13:51:13,240 | OL-USDT: Updated 350/350 rows in 1.65s
[INFO] 2025-03-27 13:51:13,240 | GPU is available: Device #0, Free: 10.98 GB / 12.00 GB
[INFO] 2025-03-27 13:51:13,299 | Computing features for ONT-USDT
[INFO] 2025-03-27 13:51:13,304 | Computing features for OP-USDT
[INFO] 2025-03-27 13:51:13,314 | OMI-USDT: Updated 350/350 rows in 1.73s
[INFO] 2025-03-27 13:51:13,314 | Computing features for ORBS-USDT
[INFO] 2025-03-27 13:51:13,373 | GPU is available: Device #0, Free: 10.98 GB / 12.00 GB
[INFO] 2025-03-27 13:51:13,376 | GPU is available: Device #0, Free: 10.98 GB / 12.00 GB
[INFO] 2025-03-27 13:51:13,434 | GPU is available: Device #0, Free: 10.98 GB / 12.00 GB
[INFO] 2025-03-27 13:51:13,435 | OM-USDT: Updated 350/350 rows in 1.85s
[INFO] 2025-03-27 13:51:13,435 | OKT-USDT: Updated 350/350 rows in 1.85s
[INFO] 2025-03-27 13:51:13,692 | ONDO-USDT: Updated 350/350 rows in 2.11s
[INFO] 2025-03-27 13:51:14,278 | ONE-USDT: Updated 350/350 rows in 1.17s
[INFO] 2025-03-27 13:51:14,332 | OP-USDT: Updated 350/350 rows in 1.03s
[INFO] 2025-03-27 13:51:14,392 | ORBS-USDT: Updated 350/350 rows in 1.08s
[INFO] 2025-03-27 13:51:14,392 | ONT-USDT: Updated 350/350 rows in 1.09s
[INFO] 2025-03-27 13:51:14,554 | Processing batch 17/26 with 12 pairs
[INFO] 2025-03-27 13:51:14,554 | Computing features for ORDI-USDT
[INFO] 2025-03-27 13:51:14,554 | Computing features for OXT-USDT
[INFO] 2025-03-27 13:51:14,555 | Computing features for PENDLE-USDT
[INFO] 2025-03-27 13:51:14,555 | GPU is available: Device #0, Free: 10.98 GB / 12.00 GB
[INFO] 2025-03-27 13:51:14,556 | Computing features for PENGU-USDT
[INFO] 2025-03-27 13:51:14,556 | GPU is available: Device #0, Free: 10.98 GB / 12.00 GB
[INFO] 2025-03-27 13:51:14,556 | Computing features for PEOPLE-USDT
[INFO] 2025-03-27 13:51:14,556 | Computing features for PEPE-USDT
[INFO] 2025-03-27 13:51:14,556 | GPU is available: Device #0, Free: 10.98 GB / 12.00 GB
[INFO] 2025-03-27 13:51:14,557 | Computing features for PERP-USDT
[INFO] 2025-03-27 13:51:14,558 | Computing features for PHA-USDT
[INFO] 2025-03-27 13:51:14,774 | GPU is available: Device #0, Free: 10.98 GB / 12.00 GB
[INFO] 2025-03-27 13:51:14,774 | GPU is available: Device #0, Free: 10.98 GB / 12.00 GB
[INFO] 2025-03-27 13:51:14,777 | GPU is available: Device #0, Free: 10.98 GB / 12.00 GB
[INFO] 2025-03-27 13:51:15,044 | GPU is available: Device #0, Free: 10.98 GB / 12.00 GB
[INFO] 2025-03-27 13:51:15,060 | GPU is available: Device #0, Free: 10.98 GB / 12.00 GB
[INFO] 2025-03-27 13:51:15,966 | PENDLE-USDT: Updated 350/350 rows in 1.41s
[INFO] 2025-03-27 13:51:16,066 | ORDI-USDT: Updated 350/350 rows in 1.51s
[INFO] 2025-03-27 13:51:16,068 | OXT-USDT: Updated 350/350 rows in 1.51s
[INFO] 2025-03-27 13:51:16,134 | Computing features for PI-USDT
[INFO] 2025-03-27 13:51:16,208 | GPU is available: Device #0, Free: 10.98 GB / 12.00 GB
[INFO] 2025-03-27 13:51:16,209 | PENGU-USDT: Updated 350/350 rows in 1.65s
[INFO] 2025-03-27 13:51:16,209 | Computing features for PIXEL-USDT
[INFO] 2025-03-27 13:51:16,209 | PEOPLE-USDT: Updated 350/350 rows in 1.65s
[INFO] 2025-03-27 13:51:16,209 | Computing features for PNUT-USDT
[INFO] 2025-03-27 13:51:16,356 | GPU is available: Device #0, Free: 10.98 GB / 12.00 GB
[INFO] 2025-03-27 13:51:16,359 | GPU is available: Device #0, Free: 10.98 GB / 12.00 GB
[INFO] 2025-03-27 13:51:16,359 | Computing features for POL-USDT
[INFO] 2025-03-27 13:51:16,359 | PEPE-USDT: Updated 350/350 rows in 1.80s
[INFO] 2025-03-27 13:51:16,418 | GPU is available: Device #0, Free: 10.98 GB / 12.00 GB
[INFO] 2025-03-27 13:51:16,558 | PERP-USDT: Updated 350/350 rows in 2.00s
[INFO] 2025-03-27 13:51:16,558 | PHA-USDT: Updated 350/350 rows in 2.00s
[INFO] 2025-03-27 13:51:16,843 | Progress: 200/303 pairs processed (3.42 pairs/sec, ~30s remaining)
[INFO] 2025-03-27 13:51:17,220 | PI-USDT: Updated 350/350 rows in 1.09s
[INFO] 2025-03-27 13:51:17,295 | PIXEL-USDT: Updated 350/350 rows in 1.09s
[INFO] 2025-03-27 13:51:17,295 | PNUT-USDT: Updated 350/350 rows in 1.09s
[INFO] 2025-03-27 13:51:17,409 | POL-USDT: Updated 350/350 rows in 1.05s
[INFO] 2025-03-27 13:51:17,521 | Processing batch 18/26 with 12 pairs
[INFO] 2025-03-27 13:51:17,521 | Computing features for POLYDOGE-USDT
[INFO] 2025-03-27 13:51:17,522 | Computing features for POR-USDT
[INFO] 2025-03-27 13:51:17,522 | Computing features for PRCL-USDT
[INFO] 2025-03-27 13:51:17,522 | Computing features for PRQ-USDT
[INFO] 2025-03-27 13:51:17,522 | Computing features for PSTAKE-USDT
[INFO] 2025-03-27 13:51:17,523 | Computing features for PYTH-USDT
[INFO] 2025-03-27 13:51:17,523 | Computing features for PYUSD-USDT
[INFO] 2025-03-27 13:51:17,524 | Computing features for QTUM-USDT
[INFO] 2025-03-27 13:51:17,525 | GPU is available: Device #0, Free: 10.98 GB / 12.00 GB
[INFO] 2025-03-27 13:51:17,526 | GPU is available: Device #0, Free: 10.98 GB / 12.00 GB
[INFO] 2025-03-27 13:51:17,526 | GPU is available: Device #0, Free: 10.98 GB / 12.00 GB
[INFO] 2025-03-27 13:51:17,728 | GPU is available: Device #0, Free: 10.98 GB / 12.00 GB
[INFO] 2025-03-27 13:51:17,730 | GPU is available: Device #0, Free: 10.98 GB / 12.00 GB
[INFO] 2025-03-27 13:51:17,890 | GPU is available: Device #0, Free: 10.98 GB / 12.00 GB
[INFO] 2025-03-27 13:51:18,003 | GPU is available: Device #0, Free: 10.98 GB / 12.00 GB
[INFO] 2025-03-27 13:51:18,041 | GPU is available: Device #0, Free: 10.98 GB / 12.00 GB
[INFO] 2025-03-27 13:51:18,868 | POR-USDT: Updated 350/350 rows in 1.35s
[INFO] 2025-03-27 13:51:18,908 | POLYDOGE-USDT: Updated 350/350 rows in 1.39s
[INFO] 2025-03-27 13:51:18,908 | PRCL-USDT: Updated 350/350 rows in 1.39s
[INFO] 2025-03-27 13:51:19,150 | Computing features for RACA-USDT
[INFO] 2025-03-27 13:51:19,151 | Computing features for RADAR-USDT
[INFO] 2025-03-27 13:51:19,152 | Computing features for RAY-USDT
[INFO] 2025-03-27 13:51:19,153 | GPU is available: Device #0, Free: 10.98 GB / 12.00 GB
[INFO] 2025-03-27 13:51:19,153 | GPU is available: Device #0, Free: 10.98 GB / 12.00 GB
[INFO] 2025-03-27 13:51:19,153 | GPU is available: Device #0, Free: 10.98 GB / 12.00 GB
[INFO] 2025-03-27 13:51:19,198 | PRQ-USDT: Updated 350/350 rows in 1.68s
[INFO] 2025-03-27 13:51:19,199 | PSTAKE-USDT: Updated 350/350 rows in 1.68s
[INFO] 2025-03-27 13:51:19,487 | PYUSD-USDT: Updated 350/350 rows in 1.96s
[INFO] 2025-03-27 13:51:19,501 | QTUM-USDT: Updated 350/350 rows in 1.98s
[INFO] 2025-03-27 13:51:19,501 | PYTH-USDT: Updated 350/350 rows in 1.98s
[INFO] 2025-03-27 13:51:19,501 | Computing features for RDNT-USDT
[INFO] 2025-03-27 13:51:19,701 | GPU is available: Device #0, Free: 10.98 GB / 12.00 GB
[INFO] 2025-03-27 13:51:20,158 | RACA-USDT: Updated 350/350 rows in 1.01s
[INFO] 2025-03-27 13:51:20,244 | RAY-USDT: Updated 350/350 rows in 1.09s
[INFO] 2025-03-27 13:51:20,303 | RADAR-USDT: Updated 350/350 rows in 1.15s
[INFO] 2025-03-27 13:51:20,371 | RDNT-USDT: Updated 350/350 rows in 0.87s
[INFO] 2025-03-27 13:51:20,481 | Processing batch 19/26 with 12 pairs
[INFO] 2025-03-27 13:51:20,481 | Computing features for RENDER-USDT
[INFO] 2025-03-27 13:51:20,481 | Computing features for RIO-USDT
[INFO] 2025-03-27 13:51:20,482 | Computing features for RON-USDT
[INFO] 2025-03-27 13:51:20,482 | Computing features for RPL-USDT
[INFO] 2025-03-27 13:51:20,483 | Computing features for RSR-USDT
[INFO] 2025-03-27 13:51:20,483 | GPU is available: Device #0, Free: 10.98 GB / 12.00 GB
[INFO] 2025-03-27 13:51:20,483 | Computing features for RSS3-USDT
[INFO] 2025-03-27 13:51:20,483 | GPU is available: Device #0, Free: 10.98 GB / 12.00 GB
[INFO] 2025-03-27 13:51:20,484 | Computing features for RUNECOIN-USDT
[INFO] 2025-03-27 13:51:20,485 | Computing features for RVN-USDT
[INFO] 2025-03-27 13:51:20,485 | GPU is available: Device #0, Free: 10.98 GB / 12.00 GB
[INFO] 2025-03-27 13:51:20,672 | GPU is available: Device #0, Free: 10.98 GB / 12.00 GB
[INFO] 2025-03-27 13:51:20,685 | GPU is available: Device #0, Free: 10.98 GB / 12.00 GB
[INFO] 2025-03-27 13:51:20,876 | GPU is available: Device #0, Free: 10.98 GB / 12.00 GB
[INFO] 2025-03-27 13:51:21,052 | GPU is available: Device #0, Free: 10.98 GB / 12.00 GB
[INFO] 2025-03-27 13:51:21,094 | GPU is available: Device #0, Free: 10.98 GB / 12.00 GB
[INFO] 2025-03-27 13:51:21,751 | RENDER-USDT: Updated 350/350 rows in 1.27s
[INFO] 2025-03-27 13:51:21,799 | RIO-USDT: Updated 350/350 rows in 1.32s
[INFO] 2025-03-27 13:51:22,004 | RON-USDT: Updated 350/350 rows in 1.52s
[INFO] 2025-03-27 13:51:22,087 | Computing features for S-USDT
[INFO] 2025-03-27 13:51:22,087 | Computing features for SAFE-USDT
[INFO] 2025-03-27 13:51:22,092 | RPL-USDT: Updated 350/350 rows in 1.61s
[INFO] 2025-03-27 13:51:22,092 | GPU is available: Device #0, Free: 10.98 GB / 12.00 GB
[INFO] 2025-03-27 13:51:22,092 | GPU is available: Device #0, Free: 10.98 GB / 12.00 GB
[INFO] 2025-03-27 13:51:22,093 | Computing features for SAMO-USDT
[INFO] 2025-03-27 13:51:22,164 | GPU is available: Device #0, Free: 10.98 GB / 12.00 GB
[INFO] 2025-03-27 13:51:22,165 | Computing features for SAND-USDT
[INFO] 2025-03-27 13:51:22,197 | RSR-USDT: Updated 350/350 rows in 1.71s
[INFO] 2025-03-27 13:51:22,258 | GPU is available: Device #0, Free: 10.98 GB / 12.00 GB
[INFO] 2025-03-27 13:51:22,372 | RSS3-USDT: Updated 350/350 rows in 1.89s
[INFO] 2025-03-27 13:51:22,576 | RUNECOIN-USDT: Updated 350/350 rows in 2.09s
[INFO] 2025-03-27 13:51:22,590 | RVN-USDT: Updated 350/350 rows in 2.11s
[INFO] 2025-03-27 13:51:23,149 | SAFE-USDT: Updated 350/350 rows in 1.06s
[INFO] 2025-03-27 13:51:23,204 | Progress: 225/303 pairs processed (3.47 pairs/sec, ~22s remaining)
[INFO] 2025-03-27 13:51:23,204 | S-USDT: Updated 350/350 rows in 1.12s
[INFO] 2025-03-27 13:51:23,204 | SAMO-USDT: Updated 350/350 rows in 1.11s
[INFO] 2025-03-27 13:51:23,204 | SAND-USDT: Updated 350/350 rows in 1.04s
[INFO] 2025-03-27 13:51:23,454 | Processing batch 20/26 with 12 pairs
[INFO] 2025-03-27 13:51:23,455 | Computing features for SATS-USDT
[INFO] 2025-03-27 13:51:23,455 | Computing features for SC-USDT
[INFO] 2025-03-27 13:51:23,455 | Computing features for SCR-USDT
[INFO] 2025-03-27 13:51:23,456 | Computing features for SD-USDT
[INFO] 2025-03-27 13:51:23,456 | Computing features for SHIB-USDT
[INFO] 2025-03-27 13:51:23,457 | GPU is available: Device #0, Free: 10.98 GB / 12.00 GB
[INFO] 2025-03-27 13:51:23,457 | Computing features for SKL-USDT
[INFO] 2025-03-27 13:51:23,457 | GPU is available: Device #0, Free: 10.98 GB / 12.00 GB
[INFO] 2025-03-27 13:51:23,458 | Computing features for SLERF-USDT
[INFO] 2025-03-27 13:51:23,458 | Computing features for SLP-USDT
[INFO] 2025-03-27 13:51:23,459 | GPU is available: Device #0, Free: 10.98 GB / 12.00 GB
[INFO] 2025-03-27 13:51:23,651 | GPU is available: Device #0, Free: 10.98 GB / 12.00 GB
[INFO] 2025-03-27 13:51:23,664 | GPU is available: Device #0, Free: 10.98 GB / 12.00 GB
[INFO] 2025-03-27 13:51:23,863 | GPU is available: Device #0, Free: 10.98 GB / 12.00 GB
[INFO] 2025-03-27 13:51:23,869 | GPU is available: Device #0, Free: 10.98 GB / 12.00 GB
[INFO] 2025-03-27 13:51:24,038 | GPU is available: Device #0, Free: 10.98 GB / 12.00 GB
[INFO] 2025-03-27 13:51:24,775 | SATS-USDT: Updated 350/350 rows in 1.32s
[INFO] 2025-03-27 13:51:24,931 | SCR-USDT: Updated 350/350 rows in 1.48s
[INFO] 2025-03-27 13:51:24,931 | SC-USDT: Updated 350/350 rows in 1.48s
[INFO] 2025-03-27 13:51:25,054 | Computing features for SNT-USDT
[INFO] 2025-03-27 13:51:25,057 | SHIB-USDT: Updated 350/350 rows in 1.60s
[INFO] 2025-03-27 13:51:25,057 | SD-USDT: Updated 350/350 rows in 1.60s
[INFO] 2025-03-27 13:51:25,058 | Computing features for SNX-USDT
[INFO] 2025-03-27 13:51:25,059 | GPU is available: Device #0, Free: 10.98 GB / 12.00 GB
[INFO] 2025-03-27 13:51:25,113 | Computing features for SOL-USDT
[INFO] 2025-03-27 13:51:25,198 | GPU is available: Device #0, Free: 10.98 GB / 12.00 GB
[INFO] 2025-03-27 13:51:25,198 | GPU is available: Device #0, Free: 10.98 GB / 12.00 GB
[INFO] 2025-03-27 13:51:25,199 | Computing features for SONIC-USDT
[INFO] 2025-03-27 13:51:25,207 | GPU is available: Device #0, Free: 10.98 GB / 12.00 GB
[INFO] 2025-03-27 13:51:25,293 | SLERF-USDT: Updated 350/350 rows in 1.84s
[INFO] 2025-03-27 13:51:25,502 | SKL-USDT: Updated 350/350 rows in 2.04s
[INFO] 2025-03-27 13:51:25,566 | SLP-USDT: Updated 350/350 rows in 2.11s
[INFO] 2025-03-27 13:51:26,140 | SONIC-USDT: Updated 350/350 rows in 0.94s
[INFO] 2025-03-27 13:51:26,197 | SNT-USDT: Updated 350/350 rows in 1.14s
[INFO] 2025-03-27 13:51:26,266 | SNX-USDT: Updated 350/350 rows in 1.21s
[INFO] 2025-03-27 13:51:26,321 | SOL-USDT: Updated 350/350 rows in 1.21s
[INFO] 2025-03-27 13:51:26,429 | Processing batch 21/26 with 12 pairs
[INFO] 2025-03-27 13:51:26,429 | Computing features for SPURS-USDT
[INFO] 2025-03-27 13:51:26,430 | Computing features for SSV-USDT
[INFO] 2025-03-27 13:51:26,430 | Computing features for SSWP-USDT
[INFO] 2025-03-27 13:51:26,431 | Computing features for STORJ-USDT
[INFO] 2025-03-27 13:51:26,431 | Computing features for STRK-USDT
[INFO] 2025-03-27 13:51:26,432 | Computing features for STX-USDT
[INFO] 2025-03-27 13:51:26,432 | GPU is available: Device #0, Free: 10.98 GB / 12.00 GB
[INFO] 2025-03-27 13:51:26,432 | GPU is available: Device #0, Free: 10.98 GB / 12.00 GB
[INFO] 2025-03-27 13:51:26,432 | GPU is available: Device #0, Free: 10.98 GB / 12.00 GB
[INFO] 2025-03-27 13:51:26,433 | Computing features for SUI-USDT
[INFO] 2025-03-27 13:51:26,433 | Computing features for SUSHI-USDT
[INFO] 2025-03-27 13:51:26,643 | GPU is available: Device #0, Free: 10.98 GB / 12.00 GB
[INFO] 2025-03-27 13:51:26,645 | GPU is available: Device #0, Free: 10.98 GB / 12.00 GB
[INFO] 2025-03-27 13:51:26,651 | GPU is available: Device #0, Free: 10.98 GB / 12.00 GB
[INFO] 2025-03-27 13:51:26,857 | GPU is available: Device #0, Free: 10.98 GB / 12.00 GB
[INFO] 2025-03-27 13:51:26,918 | GPU is available: Device #0, Free: 10.98 GB / 12.00 GB
[INFO] 2025-03-27 13:51:27,860 | SSV-USDT: Updated 350/350 rows in 1.43s
[INFO] 2025-03-27 13:51:27,860 | SPURS-USDT: Updated 350/350 rows in 1.43s
[INFO] 2025-03-27 13:51:27,861 | SSWP-USDT: Updated 350/350 rows in 1.43s
[INFO] 2025-03-27 13:51:28,055 | STORJ-USDT: Updated 350/350 rows in 1.62s
[INFO] 2025-03-27 13:51:28,055 | Computing features for SWEAT-USDT
[INFO] 2025-03-27 13:51:28,055 | Computing features for SWFTC-USDT
[INFO] 2025-03-27 13:51:28,115 | Computing features for T-USDT
[INFO] 2025-03-27 13:51:28,144 | GPU is available: Device #0, Free: 10.98 GB / 12.00 GB
[INFO] 2025-03-27 13:51:28,145 | GPU is available: Device #0, Free: 10.98 GB / 12.00 GB
[INFO] 2025-03-27 13:51:28,145 | STRK-USDT: Updated 350/350 rows in 1.71s
[INFO] 2025-03-27 13:51:28,146 | GPU is available: Device #0, Free: 10.98 GB / 12.00 GB
[INFO] 2025-03-27 13:51:28,146 | STX-USDT: Updated 350/350 rows in 1.71s
[INFO] 2025-03-27 13:51:28,147 | Computing features for THETA-USDT
[INFO] 2025-03-27 13:51:28,257 | GPU is available: Device #0, Free: 10.98 GB / 12.00 GB
[INFO] 2025-03-27 13:51:28,425 | SUI-USDT: Updated 350/350 rows in 1.99s
[INFO] 2025-03-27 13:51:28,425 | SUSHI-USDT: Updated 350/350 rows in 1.99s
[INFO] 2025-03-27 13:51:29,050 | SWEAT-USDT: Updated 350/350 rows in 0.99s
[INFO] 2025-03-27 13:51:29,132 | SWFTC-USDT: Updated 350/350 rows in 1.08s
[INFO] 2025-03-27 13:51:29,188 | Progress: 250/303 pairs processed (3.53 pairs/sec, ~15s remaining)
[INFO] 2025-03-27 13:51:29,191 | THETA-USDT: Updated 350/350 rows in 1.04s
[INFO] 2025-03-27 13:51:29,191 | T-USDT: Updated 350/350 rows in 1.08s
[INFO] 2025-03-27 13:51:29,360 | Processing batch 22/26 with 12 pairs
[INFO] 2025-03-27 13:51:29,360 | Computing features for TIA-USDT
[INFO] 2025-03-27 13:51:29,361 | Computing features for TNSR-USDT
[INFO] 2025-03-27 13:51:29,361 | Computing features for TON-USDT
[INFO] 2025-03-27 13:51:29,362 | Computing features for TRA-USDT
[INFO] 2025-03-27 13:51:29,362 | GPU is available: Device #0, Free: 10.98 GB / 12.00 GB
[INFO] 2025-03-27 13:51:29,362 | GPU is available: Device #0, Free: 10.98 GB / 12.00 GB
[INFO] 2025-03-27 13:51:29,363 | Computing features for TRB-USDT
[INFO] 2025-03-27 13:51:29,363 | Computing features for TRUMP-USDT
[INFO] 2025-03-27 13:51:29,363 | Computing features for TRX-USDT
[INFO] 2025-03-27 13:51:29,364 | GPU is available: Device #0, Free: 10.98 GB / 12.00 GB
[INFO] 2025-03-27 13:51:29,364 | Computing features for TURBO-USDT
[INFO] 2025-03-27 13:51:29,558 | GPU is available: Device #0, Free: 10.98 GB / 12.00 GB
[INFO] 2025-03-27 13:51:29,559 | GPU is available: Device #0, Free: 10.98 GB / 12.00 GB
[INFO] 2025-03-27 13:51:29,792 | GPU is available: Device #0, Free: 10.98 GB / 12.00 GB
[INFO] 2025-03-27 13:51:29,811 | GPU is available: Device #0, Free: 10.98 GB / 12.00 GB
[INFO] 2025-03-27 13:51:29,817 | GPU is available: Device #0, Free: 10.98 GB / 12.00 GB
[INFO] 2025-03-27 13:51:30,757 | TNSR-USDT: Updated 350/350 rows in 1.40s
[INFO] 2025-03-27 13:51:30,855 | TON-USDT: Updated 350/350 rows in 1.49s
[INFO] 2025-03-27 13:51:30,856 | TIA-USDT: Updated 350/350 rows in 1.50s
[INFO] 2025-03-27 13:51:30,971 | Computing features for ULTI-USDT
[INFO] 2025-03-27 13:51:30,973 | TRA-USDT: Updated 350/350 rows in 1.61s
[INFO] 2025-03-27 13:51:30,974 | Computing features for UMA-USDT
[INFO] 2025-03-27 13:51:30,974 | GPU is available: Device #0, Free: 10.98 GB / 12.00 GB
[INFO] 2025-03-27 13:51:30,974 | Computing features for UNI-USDT
[INFO] 2025-03-27 13:51:31,071 | TRB-USDT: Updated 350/350 rows in 1.71s
[INFO] 2025-03-27 13:51:31,074 | GPU is available: Device #0, Free: 10.98 GB / 12.00 GB
[INFO] 2025-03-27 13:51:31,129 | GPU is available: Device #0, Free: 10.98 GB / 12.00 GB
[INFO] 2025-03-27 13:51:31,129 | Computing features for USDC-USDT
[INFO] 2025-03-27 13:51:31,246 | GPU is available: Device #0, Free: 10.98 GB / 12.00 GB
[INFO] 2025-03-27 13:51:31,259 | TURBO-USDT: Updated 350/350 rows in 1.90s
[INFO] 2025-03-27 13:51:31,331 | TRUMP-USDT: Updated 350/350 rows in 1.97s
[INFO] 2025-03-27 13:51:31,331 | TRX-USDT: Updated 350/350 rows in 1.97s
[INFO] 2025-03-27 13:51:32,035 | ULTI-USDT: Updated 350/350 rows in 1.06s
[INFO] 2025-03-27 13:51:32,097 | USDC-USDT: Updated 350/350 rows in 0.97s
[INFO] 2025-03-27 13:51:32,155 | UNI-USDT: Updated 350/350 rows in 1.18s
[INFO] 2025-03-27 13:51:32,155 | UMA-USDT: Updated 350/350 rows in 1.18s
[INFO] 2025-03-27 13:51:32,349 | Processing batch 23/26 with 12 pairs
[INFO] 2025-03-27 13:51:32,350 | Computing features for USTC-USDT
[INFO] 2025-03-27 13:51:32,350 | Computing features for UXLINK-USDT
[INFO] 2025-03-27 13:51:32,350 | Computing features for VELO-USDT
[INFO] 2025-03-27 13:51:32,351 | Computing features for VELODROME-USDT
[INFO] 2025-03-27 13:51:32,351 | Computing features for VENOM-USDT
[INFO] 2025-03-27 13:51:32,352 | GPU is available: Device #0, Free: 10.98 GB / 12.00 GB
[INFO] 2025-03-27 13:51:32,352 | Computing features for VINE-USDT
[INFO] 2025-03-27 13:51:32,353 | GPU is available: Device #0, Free: 10.98 GB / 12.00 GB
[INFO] 2025-03-27 13:51:32,353 | Computing features for VRA-USDT
[INFO] 2025-03-27 13:51:32,353 | GPU is available: Device #0, Free: 10.98 GB / 12.00 GB
[INFO] 2025-03-27 13:51:32,353 | Computing features for W-USDT
[INFO] 2025-03-27 13:51:32,571 | GPU is available: Device #0, Free: 10.98 GB / 12.00 GB
[INFO] 2025-03-27 13:51:32,571 | GPU is available: Device #0, Free: 10.98 GB / 12.00 GB
[INFO] 2025-03-27 13:51:32,572 | GPU is available: Device #0, Free: 10.98 GB / 12.00 GB
[INFO] 2025-03-27 13:51:32,736 | GPU is available: Device #0, Free: 10.98 GB / 12.00 GB
[INFO] 2025-03-27 13:51:32,814 | GPU is available: Device #0, Free: 10.98 GB / 12.00 GB
[INFO] 2025-03-27 13:51:33,819 | UXLINK-USDT: Updated 350/350 rows in 1.47s
[INFO] 2025-03-27 13:51:33,903 | USTC-USDT: Updated 350/350 rows in 1.55s
[INFO] 2025-03-27 13:51:33,917 | VELO-USDT: Updated 350/350 rows in 1.57s
[INFO] 2025-03-27 13:51:33,918 | Computing features for WAXP-USDT
[INFO] 2025-03-27 13:51:34,064 | GPU is available: Device #0, Free: 10.98 GB / 12.00 GB
[INFO] 2025-03-27 13:51:34,064 | VELODROME-USDT: Updated 350/350 rows in 1.71s
[INFO] 2025-03-27 13:51:34,065 | Computing features for WIF-USDT
[INFO] 2025-03-27 13:51:34,140 | Computing features for WIN-USDT
[INFO] 2025-03-27 13:51:34,165 | VINE-USDT: Updated 350/350 rows in 1.81s
[INFO] 2025-03-27 13:51:34,166 | GPU is available: Device #0, Free: 10.98 GB / 12.00 GB
[INFO] 2025-03-27 13:51:34,169 | GPU is available: Device #0, Free: 10.98 GB / 12.00 GB
[INFO] 2025-03-27 13:51:34,173 | VENOM-USDT: Updated 350/350 rows in 1.82s
[INFO] 2025-03-27 13:51:34,237 | Computing features for WLD-USDT
[INFO] 2025-03-27 13:51:34,357 | VRA-USDT: Updated 350/350 rows in 2.00s
[INFO] 2025-03-27 13:51:34,358 | GPU is available: Device #0, Free: 10.98 GB / 12.00 GB
[INFO] 2025-03-27 13:51:34,471 | W-USDT: Updated 350/350 rows in 2.12s
[INFO] 2025-03-27 13:51:35,143 | WIF-USDT: Updated 350/350 rows in 1.08s
[INFO] 2025-03-27 13:51:35,143 | WAXP-USDT: Updated 350/350 rows in 1.22s
[INFO] 2025-03-27 13:51:35,264 | WIN-USDT: Updated 350/350 rows in 1.12s
[INFO] 2025-03-27 13:51:35,325 | Progress: 275/303 pairs processed (3.58 pairs/sec, ~8s remaining)
[INFO] 2025-03-27 13:51:35,338 | WLD-USDT: Updated 350/350 rows in 1.10s
[INFO] 2025-03-27 13:51:35,445 | Processing batch 24/26 with 12 pairs
[INFO] 2025-03-27 13:51:35,445 | Computing features for WOO-USDT
[INFO] 2025-03-27 13:51:35,446 | Computing features for X-USDT
[INFO] 2025-03-27 13:51:35,446 | Computing features for XAUT-USDT
[INFO] 2025-03-27 13:51:35,446 | Computing features for XCH-USDT
[INFO] 2025-03-27 13:51:35,447 | Computing features for XLM-USDT
[INFO] 2025-03-27 13:51:35,447 | Computing features for XNO-USDT
[INFO] 2025-03-27 13:51:35,448 | Computing features for XRP-USDT
[INFO] 2025-03-27 13:51:35,448 | Computing features for XTZ-USDT
[INFO] 2025-03-27 13:51:35,448 | GPU is available: Device #0, Free: 10.98 GB / 12.00 GB
[INFO] 2025-03-27 13:51:35,449 | GPU is available: Device #0, Free: 10.98 GB / 12.00 GB
[INFO] 2025-03-27 13:51:35,450 | GPU is available: Device #0, Free: 10.98 GB / 12.00 GB
[INFO] 2025-03-27 13:51:35,654 | GPU is available: Device #0, Free: 10.98 GB / 12.00 GB
[INFO] 2025-03-27 13:51:35,655 | GPU is available: Device #0, Free: 10.98 GB / 12.00 GB
[INFO] 2025-03-27 13:51:35,794 | GPU is available: Device #0, Free: 10.98 GB / 12.00 GB
[INFO] 2025-03-27 13:51:35,890 | GPU is available: Device #0, Free: 10.98 GB / 12.00 GB
[INFO] 2025-03-27 13:51:35,940 | GPU is available: Device #0, Free: 10.98 GB / 12.00 GB
[INFO] 2025-03-27 13:51:36,915 | XAUT-USDT: Updated 350/350 rows in 1.47s
[INFO] 2025-03-27 13:51:36,924 | WOO-USDT: Updated 350/350 rows in 1.48s
[INFO] 2025-03-27 13:51:36,936 | X-USDT: Updated 350/350 rows in 1.49s
[INFO] 2025-03-27 13:51:37,111 | XLM-USDT: Updated 350/350 rows in 1.66s
[INFO] 2025-03-27 13:51:37,112 | Computing features for YFI-USDT
[INFO] 2025-03-27 13:51:37,172 | Computing features for YGG-USDT
[INFO] 2025-03-27 13:51:37,186 | Computing features for ZBCN-USDT
[INFO] 2025-03-27 13:51:37,187 | XCH-USDT: Updated 350/350 rows in 1.74s
[INFO] 2025-03-27 13:51:37,251 | GPU is available: Device #0, Free: 10.98 GB / 12.00 GB
[INFO] 2025-03-27 13:51:37,262 | Computing features for ZENT-USDT
[INFO] 2025-03-27 13:51:37,262 | GPU is available: Device #0, Free: 10.98 GB / 12.00 GB
[INFO] 2025-03-27 13:51:37,275 | GPU is available: Device #0, Free: 10.98 GB / 12.00 GB
[INFO] 2025-03-27 13:51:37,277 | GPU is available: Device #0, Free: 10.98 GB / 12.00 GB
[INFO] 2025-03-27 13:51:37,364 | XNO-USDT: Updated 350/350 rows in 1.92s
[INFO] 2025-03-27 13:51:37,551 | XRP-USDT: Updated 350/350 rows in 2.10s
[INFO] 2025-03-27 13:51:37,551 | XTZ-USDT: Updated 350/350 rows in 2.10s
[INFO] 2025-03-27 13:51:38,177 | ZBCN-USDT: Updated 350/350 rows in 0.99s
[INFO] 2025-03-27 13:51:38,244 | YFI-USDT: Updated 350/350 rows in 1.13s
[INFO] 2025-03-27 13:51:38,244 | ZENT-USDT: Updated 350/350 rows in 0.98s
[INFO] 2025-03-27 13:51:38,355 | YGG-USDT: Updated 350/350 rows in 1.18s
[INFO] 2025-03-27 13:51:38,480 | Processing batch 25/26 with 10 pairs
[INFO] 2025-03-27 13:51:38,480 | Computing features for ZERO-USDT
[INFO] 2025-03-27 13:51:38,480 | Computing features for ZETA-USDT
[INFO] 2025-03-27 13:51:38,480 | Computing features for ZEUS-USDT
[INFO] 2025-03-27 13:51:38,481 | Computing features for ZIL-USDT
[INFO] 2025-03-27 13:51:38,481 | Computing features for ZK-USDT
[INFO] 2025-03-27 13:51:38,482 | Computing features for ZKJ-USDT
[INFO] 2025-03-27 13:51:38,483 | Computing features for ZRO-USDT
[INFO] 2025-03-27 13:51:38,483 | GPU is available: Device #0, Free: 10.98 GB / 12.00 GB
[INFO] 2025-03-27 13:51:38,483 | Computing features for ZRX-USDT
[INFO] 2025-03-27 13:51:38,485 | GPU is available: Device #0, Free: 10.98 GB / 12.00 GB
[INFO] 2025-03-27 13:51:38,485 | GPU is available: Device #0, Free: 10.98 GB / 12.00 GB
[INFO] 2025-03-27 13:51:38,703 | GPU is available: Device #0, Free: 10.98 GB / 12.00 GB
[INFO] 2025-03-27 13:51:38,703 | GPU is available: Device #0, Free: 10.98 GB / 12.00 GB
[INFO] 2025-03-27 13:51:38,706 | GPU is available: Device #0, Free: 10.98 GB / 12.00 GB
[INFO] 2025-03-27 13:51:38,979 | GPU is available: Device #0, Free: 10.98 GB / 12.00 GB
[INFO] 2025-03-27 13:51:38,990 | GPU is available: Device #0, Free: 10.98 GB / 12.00 GB
[INFO] 2025-03-27 13:51:39,912 | ZEUS-USDT: Updated 350/350 rows in 1.43s
[INFO] 2025-03-27 13:51:40,014 | ZERO-USDT: Updated 350/350 rows in 1.53s
[INFO] 2025-03-27 13:51:40,014 | Computing features for BETH-USDT
[INFO] 2025-03-27 13:51:40,089 | GPU is available: Device #0, Free: 10.98 GB / 12.00 GB
[INFO] 2025-03-27 13:51:40,089 | ZETA-USDT: Updated 350/350 rows in 1.61s
[INFO] 2025-03-27 13:51:40,090 | Computing features for BTC-USDT
[INFO] 2025-03-27 13:51:40,168 | GPU is available: Device #0, Free: 10.98 GB / 12.00 GB
[INFO] 2025-03-27 13:51:40,182 | ZKJ-USDT: Updated 350/350 rows in 1.70s
[INFO] 2025-03-27 13:51:40,183 | ZIL-USDT: Updated 350/350 rows in 1.70s
[INFO] 2025-03-27 13:51:40,411 | ZK-USDT: Updated 350/350 rows in 1.93s
[INFO] 2025-03-27 13:51:40,412 | ZRO-USDT: Updated 350/350 rows in 1.93s
[INFO] 2025-03-27 13:51:40,412 | ZRX-USDT: Updated 350/350 rows in 1.93s
[INFO] 2025-03-27 13:51:40,844 | BETH-USDT: Updated 350/350 rows in 0.83s
[INFO] 2025-03-27 13:51:40,899 | BTC-USDT: Updated 350/350 rows in 0.81s
[INFO] 2025-03-27 13:51:41,008 | Processing batch 26/26 with 5 pairs
[INFO] 2025-03-27 13:51:41,008 | Computing features for ETH-USDT
[INFO] 2025-03-27 13:51:41,008 | Computing features for ETHFI-USDT
[INFO] 2025-03-27 13:51:41,009 | Computing features for ETHW-USDT
[INFO] 2025-03-27 13:51:41,009 | Computing features for STETH-USDT
[INFO] 2025-03-27 13:51:41,009 | Computing features for WBTC-USDT
[INFO] 2025-03-27 13:51:41,010 | GPU is available: Device #0, Free: 10.98 GB / 12.00 GB
[INFO] 2025-03-27 13:51:41,011 | GPU is available: Device #0, Free: 10.98 GB / 12.00 GB
[INFO] 2025-03-27 13:51:41,011 | GPU is available: Device #0, Free: 10.98 GB / 12.00 GB
[INFO] 2025-03-27 13:51:41,204 | GPU is available: Device #0, Free: 10.98 GB / 12.00 GB
[INFO] 2025-03-27 13:51:41,205 | GPU is available: Device #0, Free: 10.98 GB / 12.00 GB
[INFO] 2025-03-27 13:51:41,910 | ETH-USDT: Updated 350/350 rows in 0.90s
[INFO] 2025-03-27 13:51:41,983 | ETHW-USDT: Updated 350/350 rows in 0.97s
[INFO] 2025-03-27 13:51:42,038 | Progress: 300/303 pairs processed (3.59 pairs/sec, ~1s remaining)
[INFO] 2025-03-27 13:51:42,069 | ETHFI-USDT: Updated 350/350 rows in 1.06s
[INFO] 2025-03-27 13:51:42,127 | STETH-USDT: Updated 350/350 rows in 1.12s
[INFO] 2025-03-27 13:51:42,127 | WBTC-USDT: Updated 350/350 rows in 1.12s
[INFO] 2025-03-27 13:51:42,240 | Progress: 303/303 pairs processed (3.61 pairs/sec, ~0s remaining)
[INFO] 2025-03-27 13:51:42,297 | Computing cross-pair features
[INFO] 2025-03-27 13:51:49,952 | Updated 1 rows with cross-pair features
[INFO] 2025-03-27 13:51:49,956 | Performance summary saved to logs/performance_summary_2025-03-27_135149.json
[INFO] 2025-03-27 13:51:49,956 | Performance report saved to logs/performance_report_2025-03-27_135149.txt
[INFO] 2025-03-27 13:51:49,956 | Rolling update mode completed.
[INFO] 2025-03-27 13:51:49,956 | Total runtime: 91.55 seconds
[INFO] 2025-03-27 13:51:49,956 | All connections in the pool have been closed
