Timestamp,Pair,Operation,Duration(s)
2025-03-26 15:35:33,ACE-USDT,db_get_columns,0.009197
2025-03-26 15:35:33,ACE-USDT,db_get_columns,0.008567
2025-03-26 15:35:33,ACE-USDT,db_get_columns,0.007960
2025-03-26 15:35:33,ACE-USDT,db_get_columns,0.008605
2025-03-26 15:35:33,ACE-USDT,fetch_data,0.005647
2025-03-26 15:35:33,ACE-USDT,fetch_data,0.007078
2025-03-26 15:35:33,ACE-USDT,fetch_data,0.007789
2025-03-26 15:35:33,ACE-USDT,fetch_data,0.009697
2025-03-26 15:35:33,AERGO-USDT,db_get_columns,0.009931
2025-03-26 15:35:33,AERGO-USDT,db_get_columns,0.014237
2025-03-26 15:35:33,AERGO-USDT,db_get_columns,0.018317
2025-03-26 15:35:33,AERGO-USDT,db_get_columns,0.017389
2025-03-26 15:35:33,AERGO-USDT,fetch_data,0.010279
2025-03-26 15:35:33,AERGO-USDT,fetch_data,0.006695
2025-03-26 15:35:33,AERGO-USDT,fetch_data,0.004474
2025-03-26 15:35:33,AERGO-USDT,fetch_data,0.073741
2025-03-26 15:35:33,AIXBT-USDT,db_get_columns,0.010936
2025-03-26 15:35:33,AIXBT-USDT,db_get_columns,0.009461
2025-03-26 15:35:33,AIXBT-USDT,db_get_columns,0.010025
2025-03-26 15:35:33,AIXBT-USDT,db_get_columns,0.010432
2025-03-26 15:35:33,AIXBT-USDT,fetch_data,0.005063
2025-03-26 15:35:33,AIXBT-USDT,fetch_data,0.004523
2025-03-26 15:35:33,AIXBT-USDT,fetch_data,0.006681
2025-03-26 15:35:34,ALCX-USDT,fetch_data,0.070665
2025-03-26 15:35:34,ALPHA-USDT,db_get_columns,0.015035
2025-03-26 15:35:34,ALPHA-USDT,db_get_columns,0.020379
2025-03-26 15:35:34,ALPHA-USDT,db_get_columns,0.025680
2025-03-26 15:35:34,ALPHA-USDT,fetch_data,0.006153
2025-03-26 15:35:34,ALPHA-USDT,fetch_data,0.007980
2025-03-26 15:35:34,ALPHA-USDT,fetch_data,0.069295
2025-03-26 15:35:34,ANIME-USDT,db_get_columns,0.013489
2025-03-26 15:35:34,ANIME-USDT,db_get_columns,0.016359
2025-03-26 15:35:34,ANIME-USDT,fetch_data,0.007096
2025-03-26 15:35:34,ANIME-USDT,fetch_data,0.010431
2025-03-26 15:35:34,APT-USDT,db_get_columns,0.009480
2025-03-26 15:35:34,APT-USDT,db_get_columns,0.010725
2025-03-26 15:35:34,APT-USDT,fetch_data,0.005046
2025-03-26 15:35:34,APT-USDT,fetch_data,0.005781
2025-03-26 15:35:34,ARB-USDT,db_get_columns,0.015121
2025-03-26 15:35:34,ARB-USDT,db_get_columns,0.015437
2025-03-26 15:35:34,ARB-USDT,fetch_data,0.008290
2025-03-26 15:35:34,ARB-USDT,fetch_data,0.013716
2025-03-26 15:35:34,ARKM-USDT,db_get_columns,0.008547
2025-03-26 15:35:34,ARKM-USDT,db_get_columns,0.009240
2025-03-26 15:35:34,ARKM-USDT,fetch_data,0.005894
2025-03-26 15:35:34,ARKM-USDT,fetch_data,0.007334
2025-03-26 15:35:34,ARTY-USDT,db_get_columns,0.008760
2025-03-26 15:35:34,ARTY-USDT,fetch_data,0.004336
2025-03-26 15:35:36,ARTY-USDT,price_action_features,3.077144
2025-03-26 15:35:36,ARTY-USDT,price_action_features,3.010247
2025-03-26 15:35:36,ARTY-USDT,price_action_features,2.934449
2025-03-26 15:35:36,ARTY-USDT,price_action_features,2.864215
2025-03-26 15:35:36,ARTY-USDT,price_action_features,2.730019
2025-03-26 15:35:36,ARTY-USDT,price_action_features,2.654500
2025-03-26 15:35:36,ARTY-USDT,price_action_features,2.590723
2025-03-26 15:35:36,ARTY-USDT,price_action_features,2.528881
2025-03-26 15:35:36,ARTY-USDT,price_action_features,2.441567
2025-03-26 15:35:36,ARTY-USDT,price_action_features,2.368319
2025-03-26 15:35:36,ARTY-USDT,price_action_features,2.313092
2025-03-26 15:35:36,ARTY-USDT,price_action_features,2.255186
2025-03-26 15:35:36,ARTY-USDT,price_action_features,2.132851
2025-03-26 15:35:36,ARTY-USDT,price_action_features,2.062991
2025-03-26 15:35:36,ARTY-USDT,price_action_features,2.010002
2025-03-26 15:35:36,ARTY-USDT,price_action_features,1.922117
2025-03-26 15:35:36,ARTY-USDT,price_action_features,1.860490
2025-03-26 15:35:36,ARTY-USDT,price_action_features,1.779465
2025-03-26 15:35:36,ARTY-USDT,price_action_features,1.716987
2025-03-26 15:35:36,ARTY-USDT,price_action_features,1.629165
2025-03-26 15:35:36,ARTY-USDT,price_action_features,1.570314
2025-03-26 15:35:36,ARTY-USDT,price_action_features,1.492498
2025-03-26 15:35:36,ARTY-USDT,price_action_features,1.436888
2025-03-26 15:35:36,ARTY-USDT,price_action_features,1.372847
2025-03-26 15:35:36,ARTY-USDT,momentum_features,0.561707
2025-03-26 15:35:36,ARTY-USDT,momentum_features,0.560897
2025-03-26 15:35:36,ARTY-USDT,momentum_features,0.567546
2025-03-26 15:35:36,ARTY-USDT,momentum_features,0.568447
2025-03-26 15:35:36,ARTY-USDT,momentum_features,0.568509
2025-03-26 15:35:36,ARTY-USDT,momentum_features,0.568980
2025-03-26 15:35:36,ARTY-USDT,momentum_features,0.569935
2025-03-26 15:35:36,ARTY-USDT,momentum_features,0.557879
2025-03-26 15:35:36,ARTY-USDT,momentum_features,0.537959
2025-03-26 15:35:36,ARTY-USDT,momentum_features,0.576964
2025-03-26 15:35:37,ARTY-USDT,momentum_features,0.530793
2025-03-26 15:35:37,ARTY-USDT,momentum_features,0.512276
2025-03-26 15:35:37,ARTY-USDT,momentum_features,0.520895
2025-03-26 15:35:37,ARTY-USDT,momentum_features,0.532451
2025-03-26 15:35:37,ARTY-USDT,momentum_features,0.504943
2025-03-26 15:35:37,ARTY-USDT,momentum_features,0.434001
2025-03-26 15:35:37,ARTY-USDT,momentum_features,0.412726
2025-03-26 15:35:37,ARTY-USDT,momentum_features,0.425286
2025-03-26 15:35:37,ARTY-USDT,momentum_features,0.416405
2025-03-26 15:35:37,ARTY-USDT,volatility_features,0.031347
2025-03-26 15:35:37,ARTY-USDT,momentum_features,0.416729
2025-03-26 15:35:37,ARTY-USDT,momentum_features,0.432689
2025-03-26 15:35:37,ARTY-USDT,momentum_features,0.432127
2025-03-26 15:35:37,ARTY-USDT,momentum_features,0.432357
2025-03-26 15:35:37,ARTY-USDT,momentum_features,0.433178
2025-03-26 15:35:37,ARTY-USDT,volatility_features,0.049452
2025-03-26 15:35:37,ARTY-USDT,volatility_features,0.092591
2025-03-26 15:35:37,ARTY-USDT,volatility_features,0.079275
2025-03-26 15:35:37,ARTY-USDT,volatility_features,0.071368
2025-03-26 15:35:37,ARTY-USDT,volatility_features,0.098920
2025-03-26 15:35:37,ARTY-USDT,volatility_features,0.093775
2025-03-26 15:35:37,ARTY-USDT,volatility_features,0.100449
2025-03-26 15:35:37,ARTY-USDT,volatility_features,0.088029
2025-03-26 15:35:37,ARTY-USDT,volatility_features,0.081579
2025-03-26 15:35:37,ARTY-USDT,volatility_features,0.059462
2025-03-26 15:35:37,ARTY-USDT,volatility_features,0.071957
2025-03-26 15:35:37,ARTY-USDT,volatility_features,0.071833
2025-03-26 15:35:37,ARTY-USDT,volatility_features,0.065469
2025-03-26 15:35:37,ARTY-USDT,volatility_features,0.098020
2025-03-26 15:35:37,ARTY-USDT,volatility_features,0.095799
2025-03-26 15:35:37,ARTY-USDT,volatility_features,0.080606
2025-03-26 15:35:37,ARTY-USDT,volatility_features,0.070190
2025-03-26 15:35:37,ARTY-USDT,volatility_features,0.058146
2025-03-26 15:35:37,ARTY-USDT,volume_features,0.050305
2025-03-26 15:35:37,ARTY-USDT,volatility_features,0.052929
2025-03-26 15:35:37,ARTY-USDT,volatility_features,0.056039
2025-03-26 15:35:37,ARTY-USDT,volatility_features,0.078358
2025-03-26 15:35:37,ARTY-USDT,volatility_features,0.066335
2025-03-26 15:35:37,ARTY-USDT,volume_features,0.048278
2025-03-26 15:35:37,ARTY-USDT,volatility_features,0.066451
2025-03-26 15:35:37,ARTY-USDT,volume_features,0.035641
2025-03-26 15:35:37,ARTY-USDT,volume_features,0.028077
2025-03-26 15:35:37,ARTY-USDT,volume_features,0.022165
2025-03-26 15:35:37,ARTY-USDT,volume_features,0.025037
2025-03-26 15:35:37,ARTY-USDT,volume_features,0.021797
2025-03-26 15:35:37,ARTY-USDT,volume_features,0.022238
2025-03-26 15:35:37,ARTY-USDT,volume_features,0.026420
2025-03-26 15:35:37,ARTY-USDT,volume_features,0.026149
2025-03-26 15:35:37,ARTY-USDT,volume_features,0.033513
2025-03-26 15:35:37,ARTY-USDT,volume_features,0.034440
2025-03-26 15:35:37,ARTY-USDT,volume_features,0.026160
2025-03-26 15:35:38,ARTY-USDT,volume_features,0.041675
2025-03-26 15:35:38,ARTY-USDT,volume_features,0.034543
2025-03-26 15:35:38,ARTY-USDT,volume_features,0.026602
2025-03-26 15:35:38,ARTY-USDT,volume_features,0.022683
2025-03-26 15:35:38,ARTY-USDT,volume_features,0.007284
2025-03-26 15:35:38,ARTY-USDT,volume_features,0.027447
2025-03-26 15:35:38,ARTY-USDT,statistical_features,0.051766
2025-03-26 15:35:38,ARTY-USDT,volume_features,0.023361
2025-03-26 15:35:38,ARTY-USDT,volume_features,0.006517
2025-03-26 15:35:38,ARTY-USDT,volume_features,0.006968
2025-03-26 15:35:38,ARTY-USDT,statistical_features,0.047221
2025-03-26 15:35:38,ARTY-USDT,volume_features,0.054241
2025-03-26 15:35:38,ARTY-USDT,volume_features,0.038098
2025-03-26 15:35:38,ARTY-USDT,statistical_features,0.059339
2025-03-26 15:35:38,ARTY-USDT,statistical_features,0.071809
2025-03-26 15:35:38,ARTY-USDT,statistical_features,0.072655
2025-03-26 15:35:38,ARTY-USDT,statistical_features,0.091117
2025-03-26 15:35:38,ARTY-USDT,statistical_features,0.085577
2025-03-26 15:35:38,ARTY-USDT,statistical_features,0.076397
2025-03-26 15:35:38,ARTY-USDT,statistical_features,0.102666
2025-03-26 15:35:38,ARTY-USDT,statistical_features,0.121729
2025-03-26 15:35:38,ARTY-USDT,statistical_features,0.226927
2025-03-26 15:35:38,ARTY-USDT,statistical_features,0.115901
2025-03-26 15:35:38,ARTY-USDT,statistical_features,0.097086
2025-03-26 15:35:38,ARTY-USDT,statistical_features,0.094198
2025-03-26 15:35:38,ARTY-USDT,statistical_features,0.070884
2025-03-26 15:35:38,ARTY-USDT,statistical_features,0.086323
2025-03-26 15:35:38,ARTY-USDT,statistical_features,0.068430
2025-03-26 15:35:38,ARTY-USDT,statistical_features,0.061900
2025-03-26 15:35:38,ARTY-USDT,statistical_features,0.062110
2025-03-26 15:35:38,ARTY-USDT,pattern_features,0.019931
2025-03-26 15:35:38,ARTY-USDT,statistical_features,0.060553
2025-03-26 15:35:38,ARTY-USDT,statistical_features,0.055699
2025-03-26 15:35:38,ARTY-USDT,statistical_features,0.046404
2025-03-26 15:35:38,ARTY-USDT,pattern_features,0.020890
2025-03-26 15:35:38,ARTY-USDT,statistical_features,0.060189
2025-03-26 15:35:38,ARTY-USDT,pattern_features,0.020219
2025-03-26 15:35:38,ARTY-USDT,statistical_features,0.071425
2025-03-26 15:35:38,ARTY-USDT,pattern_features,0.004708
2025-03-26 15:35:38,ARTY-USDT,pattern_features,0.004799
2025-03-26 15:35:38,ARTY-USDT,pattern_features,0.004498
2025-03-26 15:35:38,ARTY-USDT,pattern_features,0.004593
2025-03-26 15:35:38,ARTY-USDT,pattern_features,0.004684
2025-03-26 15:35:38,ARTY-USDT,pattern_features,0.004626
2025-03-26 15:35:38,ARTY-USDT,pattern_features,0.004728
2025-03-26 15:35:38,ARTY-USDT,pattern_features,0.004764
2025-03-26 15:35:38,ARTY-USDT,pattern_features,0.007343
2025-03-26 15:35:38,ARTY-USDT,pattern_features,0.004470
2025-03-26 15:35:38,ARTY-USDT,pattern_features,0.004642
2025-03-26 15:35:38,ARTY-USDT,pattern_features,0.004760
2025-03-26 15:35:38,ARTY-USDT,pattern_features,0.004492
2025-03-26 15:35:38,ARTY-USDT,pattern_features,0.004483
2025-03-26 15:35:38,ARTY-USDT,pattern_features,0.004499
2025-03-26 15:35:38,ARTY-USDT,pattern_features,0.004580
2025-03-26 15:35:38,ARTY-USDT,pattern_features,0.007130
2025-03-26 15:35:38,ARTY-USDT,time_features,0.009442
2025-03-26 15:35:38,ARTY-USDT,pattern_features,0.009623
2025-03-26 15:35:38,ARTY-USDT,pattern_features,0.007301
2025-03-26 15:35:38,ARTY-USDT,time_features,0.001837
2025-03-26 15:35:38,ARTY-USDT,pattern_features,0.006322
2025-03-26 15:35:38,ARTY-USDT,time_features,0.006170
2025-03-26 15:35:38,ARTY-USDT,pattern_features,0.005130
2025-03-26 15:35:38,ARTY-USDT,time_features,0.004759
2025-03-26 15:35:38,ARTY-USDT,time_features,0.009963
2025-03-26 15:35:38,ARTY-USDT,time_features,0.003686
2025-03-26 15:35:38,ARTY-USDT,time_features,0.005168
2025-03-26 15:35:38,ARTY-USDT,time_features,0.005369
2025-03-26 15:35:38,ARTY-USDT,time_features,0.004063
2025-03-26 15:35:38,ARTY-USDT,time_features,0.002728
2025-03-26 15:35:38,ARTY-USDT,time_features,0.001925
2025-03-26 15:35:38,ARTY-USDT,time_features,0.001545
2025-03-26 15:35:38,ARTY-USDT,time_features,0.001386
2025-03-26 15:35:38,ARTY-USDT,time_features,0.001735
2025-03-26 15:35:38,ARTY-USDT,time_features,0.001364
2025-03-26 15:35:38,ARTY-USDT,time_features,0.001825
2025-03-26 15:35:38,ARTY-USDT,time_features,0.003911
2025-03-26 15:35:38,ARTY-USDT,time_features,0.004425
2025-03-26 15:35:38,ARTY-USDT,time_features,0.002703
2025-03-26 15:35:38,ARTY-USDT,label_features,0.000845
2025-03-26 15:35:38,ARTY-USDT,time_features,0.004705
2025-03-26 15:35:38,ARTY-USDT,label_features,0.000558
2025-03-26 15:35:38,ARTY-USDT,time_features,0.003640
2025-03-26 15:35:38,ARTY-USDT,time_features,0.002357
2025-03-26 15:35:38,ARTY-USDT,time_features,0.002306
2025-03-26 15:35:38,ARTY-USDT,label_features,0.000947
2025-03-26 15:35:38,ARTY-USDT,label_features,0.000487
2025-03-26 15:35:38,ARTY-USDT,time_features,0.002220
2025-03-26 15:35:38,ARTY-USDT,label_features,0.000388
2025-03-26 15:35:38,ARTY-USDT,label_features,0.000230
2025-03-26 15:35:38,ARTY-USDT,label_features,0.000216
2025-03-26 15:35:38,ARTY-USDT,label_features,0.000435
2025-03-26 15:35:38,ARTY-USDT,label_features,0.000301
2025-03-26 15:35:38,ARTY-USDT,label_features,0.000211
2025-03-26 15:35:38,ARTY-USDT,label_features,0.000194
2025-03-26 15:35:38,ARTY-USDT,label_features,0.000227
2025-03-26 15:35:38,ARTY-USDT,label_features,0.000245
2025-03-26 15:35:38,ARTY-USDT,label_features,0.000249
2025-03-26 15:35:38,ARTY-USDT,label_features,0.000296
2025-03-26 15:35:38,ARTY-USDT,label_features,0.000220
2025-03-26 15:35:38,ARTY-USDT,label_features,0.000339
2025-03-26 15:35:38,ARTY-USDT,label_features,0.000210
2025-03-26 15:35:38,ARTY-USDT,label_features,0.000238
2025-03-26 15:35:38,ARTY-USDT,compute_features_total,5.506397
2025-03-26 15:35:38,ARTY-USDT,label_features,0.000233
2025-03-26 15:35:38,ARTY-USDT,compute_features_total,5.363877
2025-03-26 15:35:38,ARTY-USDT,label_features,0.000229
2025-03-26 15:35:38,ARTY-USDT,compute_features_total,3.922304
2025-03-26 15:35:38,ARTY-USDT,label_features,0.000253
2025-03-26 15:35:38,ARTY-USDT,compute_features_total,5.440692
2025-03-26 15:35:38,ARTY-USDT,compute_features_total,5.020438
2025-03-26 15:35:38,ARTY-USDT,label_features,0.000253
2025-03-26 15:35:38,ARTY-USDT,compute_features_total,5.160357
2025-03-26 15:35:38,ARTY-USDT,compute_features_total,5.084812
2025-03-26 15:35:38,ARTY-USDT,compute_features_total,5.295063
2025-03-26 15:35:38,ARTY-USDT,compute_features_total,4.871654
2025-03-26 15:35:38,ARTY-USDT,compute_features_total,4.959299
2025-03-26 15:35:38,ARTY-USDT,compute_features_total,4.685051
2025-03-26 15:35:38,ARTY-USDT,compute_features_total,4.798600
2025-03-26 15:35:38,ARTY-USDT,compute_features_total,4.492787
2025-03-26 15:35:38,ARTY-USDT,compute_features_total,4.562886
2025-03-26 15:35:38,ARTY-USDT,compute_features_total,4.439792
2025-03-26 15:35:38,ARTY-USDT,compute_features_total,4.351881
2025-03-26 15:35:38,ARTY-USDT,compute_features_total,4.743771
2025-03-26 15:35:38,ARTY-USDT,compute_features_total,4.209115
2025-03-26 15:35:38,ARTY-USDT,compute_features_total,4.058659
2025-03-26 15:35:38,ARTY-USDT,compute_features_total,3.866065
2025-03-26 15:35:38,ARTY-USDT,compute_features_total,4.290831
2025-03-26 15:35:38,ARTY-USDT,label_features,0.000229
2025-03-26 15:35:38,ARTY-USDT,compute_features_total,4.000559
2025-03-26 15:35:38,ARTY-USDT,compute_features_total,3.802964
2025-03-26 15:35:38,ARTY-USDT,compute_features_total,4.258265
2025-03-26 15:35:38,ARTY-USDT,database_update,0.129453
2025-03-26 15:35:38,ARTY-USDT,database_update,0.131340
2025-03-26 15:35:38,ARTY-USDT,TOTAL,5.733948
2025-03-26 15:35:39,ATH-USDT,database_update,0.250025
2025-03-26 15:35:39,ATH-USDT,database_update,0.356784
2025-03-26 15:35:39,ATH-USDT,database_update,0.356644
2025-03-26 15:35:39,AVAX-USDT,database_update,0.428731
2025-03-26 15:35:39,BABYDOGE-USDT,database_update,0.431588
2025-03-26 15:35:39,BAT-USDT,database_update,0.354969
2025-03-26 15:35:39,BAT-USDT,TOTAL,6.118549
2025-03-26 15:35:39,AXS-USDT,TOTAL,4.689709
2025-03-26 15:35:39,BAND-USDT,database_update,0.355302
2025-03-26 15:35:39,BAND-USDT,db_get_columns,0.003692
2025-03-26 15:35:39,BAND-USDT,TOTAL,5.785770
2025-03-26 15:35:39,BADGER-USDT,TOTAL,6.271194
2025-03-26 15:35:40,BADGER-USDT,fetch_data,0.006766
2025-03-26 15:35:40,BADGER-USDT,fetch_data,0.004750
2025-03-26 15:35:40,BADGER-USDT,fetch_data,0.007683
2025-03-26 15:35:40,BADGER-USDT,fetch_data,0.007356
2025-03-26 15:35:40,BADGER-USDT,fetch_data,0.062135
2025-03-26 15:35:40,BADGER-USDT,price_action_features,0.000112
2025-03-26 15:35:40,BADGER-USDT,price_action_features,0.000118
2025-03-26 15:35:40,BADGER-USDT,fetch_data,0.100320
2025-03-26 15:35:40,BADGER-USDT,price_action_features,0.000120
2025-03-26 15:35:40,BADGER-USDT,price_action_features,0.000078
2025-03-26 15:35:40,BADGER-USDT,price_action_features,0.000121
2025-03-26 15:35:40,BADGER-USDT,fetch_data,0.052965
2025-03-26 15:35:40,BADGER-USDT,price_action_features,0.000107
2025-03-26 15:35:40,BADGER-USDT,db_get_columns,0.050799
2025-03-26 15:35:40,BADGER-USDT,price_action_features,0.000132
2025-03-26 15:35:40,BADGER-USDT,price_action_features,0.000134
2025-03-26 15:35:40,BADGER-USDT,price_action_features,0.000120
2025-03-26 15:35:40,BADGER-USDT,momentum_features,0.000203
2025-03-26 15:35:40,BADGER-USDT,momentum_features,0.000151
2025-03-26 15:35:40,BADGER-USDT,price_action_features,0.000118
2025-03-26 15:35:40,BADGER-USDT,momentum_features,0.000195
2025-03-26 15:35:40,BADGER-USDT,momentum_features,0.000149
2025-03-26 15:35:40,BADGER-USDT,momentum_features,0.000171
2025-03-26 15:35:40,BADGER-USDT,TOTAL,0.967429
