[INFO] 2025-04-02 14:02:47,759 | GPU monitoring initialized for 1 GPUs: Unknown GPU
[INFO] 2025-04-02 14:02:47,760 | Resource monitor initialized: CPU cores: 8 physical / 16 logical, RAM: 23.43 GB
[INFO] 2025-04-02 14:02:47,987 | GPU memory: 10.98 GB free / 12.00 GB total
[INFO] 2025-04-02 14:02:47,987 | System memory: 20.55 GB available / 23.43 GB total
[INFO] 2025-04-02 14:02:47,992 | Loaded credentials from /root/OKXsignal/config/credentials.env
[INFO] 2025-04-02 14:02:47,995 | Loaded config from /root/OKXsignal/config/config.ini
[INFO] 2025-04-02 14:02:48,125 | GPU detected: Device 0, Memory: 12.00 GB
[INFO] 2025-04-02 14:02:48,126 | GPU acceleration is available
[INFO] 2025-04-02 14:02:48,299 | Database connection pool initialized with 3-29 connections
[INFO] 2025-04-02 14:02:48,299 | Starting compute_features.py in ROLLING_UPDATE mode with rolling_window=450
[INFO] 2025-04-02 14:02:48,299 | Using 24 parallel workers with max 29 database connections
[INFO] 2025-04-02 14:02:48,299 | Numba: enabled, GPU: disabled
[INFO] 2025-04-02 14:02:48,300 | Database connection test successful
[INFO] 2025-04-02 14:02:50,866 | Found 306 pairs
[INFO] 2025-04-02 14:02:50,867 | Rolling update mode: computing last 450 rows per pair
[INFO] 2025-04-02 14:02:50,867 | Calibrating optimal batch size...
[INFO] 2025-04-02 14:02:51,821 | Testing batch size 4...
[INFO] 2025-04-02 14:02:51,822 | Computing features for 1INCH-USDT
[INFO] 2025-04-02 14:02:51,823 | Computing features for AAVE-USDT
[INFO] 2025-04-02 14:02:51,823 | Computing features for ACA-USDT
[INFO] 2025-04-02 14:02:51,824 | Computing features for ACE-USDT
[INFO] 2025-04-02 14:02:51,881 | GPU is available: Device #0, Free: 10.98 GB / 12.00 GB
[INFO] 2025-04-02 14:02:51,982 | GPU is available: Device #0, Free: 10.98 GB / 12.00 GB
[INFO] 2025-04-02 14:02:52,071 | GPU is available: Device #0, Free: 10.98 GB / 12.00 GB
[INFO] 2025-04-02 14:02:52,154 | GPU is available: Device #0, Free: 10.98 GB / 12.00 GB
[INFO] 2025-04-02 14:02:54,859 | AAVE-USDT: Updated 10/10 rows in 3.04s
[INFO] 2025-04-02 14:02:54,937 | ACE-USDT: Updated 10/10 rows in 3.11s
[INFO] 2025-04-02 14:02:54,995 | ACA-USDT: Updated 10/10 rows in 3.17s
[INFO] 2025-04-02 14:02:55,048 | 1INCH-USDT: Updated 10/10 rows in 3.23s
[INFO] 2025-04-02 14:02:55,100 | Batch size 4: 1.22 pairs/sec
[INFO] 2025-04-02 14:02:55,145 | Testing batch size 8...
[INFO] 2025-04-02 14:02:55,145 | Computing features for 1INCH-USDT
[INFO] 2025-04-02 14:02:55,145 | Computing features for AAVE-USDT
[INFO] 2025-04-02 14:02:55,145 | Computing features for ACA-USDT
[INFO] 2025-04-02 14:02:55,146 | Computing features for ACE-USDT
[INFO] 2025-04-02 14:02:55,146 | Computing features for ACH-USDT
[INFO] 2025-04-02 14:02:55,147 | GPU is available: Device #0, Free: 10.98 GB / 12.00 GB
[INFO] 2025-04-02 14:02:55,147 | Computing features for ACT-USDT
[INFO] 2025-04-02 14:02:55,147 | Computing features for ADA-USDT
[INFO] 2025-04-02 14:02:55,148 | Computing features for AERGO-USDT
[INFO] 2025-04-02 14:02:55,148 | GPU is available: Device #0, Free: 10.98 GB / 12.00 GB
[INFO] 2025-04-02 14:02:55,149 | GPU is available: Device #0, Free: 10.98 GB / 12.00 GB
[INFO] 2025-04-02 14:02:55,352 | GPU is available: Device #0, Free: 10.98 GB / 12.00 GB
[INFO] 2025-04-02 14:02:55,376 | GPU is available: Device #0, Free: 10.98 GB / 12.00 GB
[INFO] 2025-04-02 14:02:55,478 | GPU is available: Device #0, Free: 10.98 GB / 12.00 GB
[INFO] 2025-04-02 14:02:55,684 | GPU is available: Device #0, Free: 10.98 GB / 12.00 GB
[INFO] 2025-04-02 14:02:55,684 | GPU is available: Device #0, Free: 10.98 GB / 12.00 GB
[INFO] 2025-04-02 14:02:56,942 | ACA-USDT: Updated 10/10 rows in 1.80s
[INFO] 2025-04-02 14:02:57,012 | 1INCH-USDT: Updated 10/10 rows in 1.87s
[INFO] 2025-04-02 14:02:57,076 | AAVE-USDT: Updated 10/10 rows in 1.93s
[INFO] 2025-04-02 14:02:57,170 | ACH-USDT: Updated 10/10 rows in 2.02s
[INFO] 2025-04-02 14:02:57,287 | ACE-USDT: Updated 10/10 rows in 2.14s
[INFO] 2025-04-02 14:02:57,289 | AERGO-USDT: Updated 10/10 rows in 2.14s
[INFO] 2025-04-02 14:02:57,347 | ACT-USDT: Updated 10/10 rows in 2.20s
[INFO] 2025-04-02 14:02:57,454 | ADA-USDT: Updated 10/10 rows in 2.31s
[INFO] 2025-04-02 14:02:57,519 | Batch size 8: 3.37 pairs/sec
[INFO] 2025-04-02 14:02:57,580 | Optimal batch size determined: 8 (3.37 pairs/sec)
[INFO] 2025-04-02 14:02:57,580 | Using auto-calibrated batch size: 8
[INFO] 2025-04-02 14:02:57,580 | Grouped 306 pairs into 27 balanced batches
[INFO] 2025-04-02 14:02:57,580 | Processing batch 1/27 with 12 pairs
[INFO] 2025-04-02 14:02:57,580 | Computing features for 1INCH-USDT
[INFO] 2025-04-02 14:02:57,581 | Computing features for AAVE-USDT
[INFO] 2025-04-02 14:02:57,581 | Computing features for ACA-USDT
[INFO] 2025-04-02 14:02:57,581 | Computing features for ACE-USDT
[INFO] 2025-04-02 14:02:57,583 | GPU is available: Device #0, Free: 10.98 GB / 12.00 GB
[INFO] 2025-04-02 14:02:57,583 | Computing features for ACH-USDT
[INFO] 2025-04-02 14:02:57,583 | Computing features for ACT-USDT
[INFO] 2025-04-02 14:02:57,585 | GPU is available: Device #0, Free: 10.98 GB / 12.00 GB
[INFO] 2025-04-02 14:02:57,585 | Computing features for ADA-USDT
[INFO] 2025-04-02 14:02:57,585 | Computing features for AERGO-USDT
[INFO] 2025-04-02 14:02:57,585 | GPU is available: Device #0, Free: 10.98 GB / 12.00 GB
[INFO] 2025-04-02 14:02:57,801 | GPU is available: Device #0, Free: 10.98 GB / 12.00 GB
[INFO] 2025-04-02 14:02:57,812 | GPU is available: Device #0, Free: 10.98 GB / 12.00 GB
[INFO] 2025-04-02 14:02:57,835 | GPU is available: Device #0, Free: 10.98 GB / 12.00 GB
[INFO] 2025-04-02 14:02:57,868 | GPU is available: Device #0, Free: 10.98 GB / 12.00 GB
[INFO] 2025-04-02 14:02:58,020 | GPU is available: Device #0, Free: 10.98 GB / 12.00 GB
[INFO] 2025-04-02 14:03:00,099 | AAVE-USDT: Updated 450/450 rows in 2.52s
[INFO] 2025-04-02 14:03:00,178 | Computing features for AEVO-USDT
[INFO] 2025-04-02 14:03:00,187 | GPU is available: Device #0, Free: 10.98 GB / 12.00 GB
[INFO] 2025-04-02 14:03:00,219 | ACA-USDT: Updated 450/450 rows in 2.64s
[INFO] 2025-04-02 14:03:00,232 | 1INCH-USDT: Updated 450/450 rows in 2.65s
[INFO] 2025-04-02 14:03:00,450 | Computing features for AGLD-USDT
[INFO] 2025-04-02 14:03:00,482 | Computing features for AIDOGE-USDT
[INFO] 2025-04-02 14:03:00,489 | GPU is available: Device #0, Free: 10.98 GB / 12.00 GB
[INFO] 2025-04-02 14:03:00,604 | GPU is available: Device #0, Free: 10.98 GB / 12.00 GB
[INFO] 2025-04-02 14:03:00,608 | ACT-USDT: Updated 450/450 rows in 3.02s
[INFO] 2025-04-02 14:03:00,760 | Computing features for AIXBT-USDT
[INFO] 2025-04-02 14:03:00,846 | ACH-USDT: Updated 450/450 rows in 3.26s
[INFO] 2025-04-02 14:03:00,848 | ADA-USDT: Updated 450/450 rows in 3.26s
[INFO] 2025-04-02 14:03:00,901 | AERGO-USDT: Updated 450/450 rows in 3.32s
[INFO] 2025-04-02 14:03:00,902 | ACE-USDT: Updated 450/450 rows in 3.32s
[INFO] 2025-04-02 14:03:00,906 | GPU is available: Device #0, Free: 10.98 GB / 12.00 GB
[INFO] 2025-04-02 14:03:02,004 | AEVO-USDT: Updated 450/450 rows in 1.83s
[INFO] 2025-04-02 14:03:02,148 | AGLD-USDT: Updated 450/450 rows in 1.70s
[INFO] 2025-04-02 14:03:02,216 | AIXBT-USDT: Updated 450/450 rows in 1.46s
[INFO] 2025-04-02 14:03:02,271 | AIDOGE-USDT: Updated 450/450 rows in 1.79s
[INFO] 2025-04-02 14:03:02,369 | Processing batch 2/27 with 12 pairs
[INFO] 2025-04-02 14:03:02,369 | Computing features for ALCX-USDT
[INFO] 2025-04-02 14:03:02,370 | Computing features for ALGO-USDT
[INFO] 2025-04-02 14:03:02,370 | Computing features for ALPHA-USDT
[INFO] 2025-04-02 14:03:02,370 | Computing features for ANIME-USDT
[INFO] 2025-04-02 14:03:02,370 | Computing features for APE-USDT
[INFO] 2025-04-02 14:03:02,371 | Computing features for API3-USDT
[INFO] 2025-04-02 14:03:02,371 | GPU is available: Device #0, Free: 10.98 GB / 12.00 GB
[INFO] 2025-04-02 14:03:02,371 | Computing features for APT-USDT
[INFO] 2025-04-02 14:03:02,372 | Computing features for AR-USDT
[INFO] 2025-04-02 14:03:02,373 | GPU is available: Device #0, Free: 10.98 GB / 12.00 GB
[INFO] 2025-04-02 14:03:02,373 | GPU is available: Device #0, Free: 10.98 GB / 12.00 GB
[INFO] 2025-04-02 14:03:02,594 | GPU is available: Device #0, Free: 10.98 GB / 12.00 GB
[INFO] 2025-04-02 14:03:02,648 | GPU is available: Device #0, Free: 10.98 GB / 12.00 GB
[INFO] 2025-04-02 14:03:02,693 | GPU is available: Device #0, Free: 10.98 GB / 12.00 GB
[INFO] 2025-04-02 14:03:02,813 | GPU is available: Device #0, Free: 10.98 GB / 12.00 GB
[INFO] 2025-04-02 14:03:02,838 | GPU is available: Device #0, Free: 10.98 GB / 12.00 GB
[INFO] 2025-04-02 14:03:04,901 | ALGO-USDT: Updated 450/450 rows in 2.53s
[INFO] 2025-04-02 14:03:05,006 | ALPHA-USDT: Updated 450/450 rows in 2.64s
[INFO] 2025-04-02 14:03:05,038 | ALCX-USDT: Updated 450/450 rows in 2.67s
[INFO] 2025-04-02 14:03:05,103 | Computing features for ARB-USDT
[INFO] 2025-04-02 14:03:05,160 | Computing features for ARG-USDT
[INFO] 2025-04-02 14:03:05,161 | GPU is available: Device #0, Free: 10.98 GB / 12.00 GB
[INFO] 2025-04-02 14:03:05,161 | Computing features for ARKM-USDT
[INFO] 2025-04-02 14:03:05,163 | GPU is available: Device #0, Free: 10.98 GB / 12.00 GB
[INFO] 2025-04-02 14:03:05,163 | GPU is available: Device #0, Free: 10.98 GB / 12.00 GB
[INFO] 2025-04-02 14:03:05,262 | ANIME-USDT: Updated 450/450 rows in 2.89s
[INFO] 2025-04-02 14:03:05,548 | APT-USDT: Updated 450/450 rows in 3.18s
[INFO] 2025-04-02 14:03:05,556 | Computing features for ARTY-USDT
[INFO] 2025-04-02 14:03:05,567 | APE-USDT: Updated 450/450 rows in 3.20s
[INFO] 2025-04-02 14:03:05,582 | AR-USDT: Updated 450/450 rows in 3.21s
[INFO] 2025-04-02 14:03:05,691 | GPU is available: Device #0, Free: 10.98 GB / 12.00 GB
[INFO] 2025-04-02 14:03:05,691 | API3-USDT: Updated 450/450 rows in 3.32s
[INFO] 2025-04-02 14:03:06,870 | ARB-USDT: Updated 450/450 rows in 1.77s
[INFO] 2025-04-02 14:03:06,953 | ARKM-USDT: Updated 450/450 rows in 1.79s
[INFO] 2025-04-02 14:03:06,953 | ARG-USDT: Updated 450/450 rows in 1.79s
[INFO] 2025-04-02 14:03:07,079 | ARTY-USDT: Updated 450/450 rows in 1.52s
[INFO] 2025-04-02 14:03:07,176 | Processing batch 3/27 with 12 pairs
[INFO] 2025-04-02 14:03:07,176 | Computing features for ASTR-USDT
[INFO] 2025-04-02 14:03:07,177 | Computing features for ATH-USDT
[INFO] 2025-04-02 14:03:07,177 | Computing features for ATOM-USDT
[INFO] 2025-04-02 14:03:07,177 | Computing features for AUCTION-USDT
[INFO] 2025-04-02 14:03:07,178 | Computing features for AVAX-USDT
[INFO] 2025-04-02 14:03:07,179 | Computing features for AXS-USDT
[INFO] 2025-04-02 14:03:07,180 | Computing features for BABYDOGE-USDT
[INFO] 2025-04-02 14:03:07,180 | GPU is available: Device #0, Free: 10.98 GB / 12.00 GB
[INFO] 2025-04-02 14:03:07,180 | GPU is available: Device #0, Free: 10.98 GB / 12.00 GB
[INFO] 2025-04-02 14:03:07,181 | Computing features for BADGER-USDT
[INFO] 2025-04-02 14:03:07,181 | GPU is available: Device #0, Free: 10.98 GB / 12.00 GB
[INFO] 2025-04-02 14:03:07,396 | GPU is available: Device #0, Free: 10.98 GB / 12.00 GB
[INFO] 2025-04-02 14:03:07,415 | GPU is available: Device #0, Free: 10.98 GB / 12.00 GB
[INFO] 2025-04-02 14:03:07,415 | GPU is available: Device #0, Free: 10.98 GB / 12.00 GB
[INFO] 2025-04-02 14:03:07,521 | GPU is available: Device #0, Free: 10.98 GB / 12.00 GB
[INFO] 2025-04-02 14:03:07,632 | GPU is available: Device #0, Free: 10.98 GB / 12.00 GB
[INFO] 2025-04-02 14:03:09,778 | ATH-USDT: Updated 450/450 rows in 2.60s
[INFO] 2025-04-02 14:03:09,870 | Progress: 25/306 pairs processed (1.13 pairs/sec, ~249s remaining)
[INFO] 2025-04-02 14:03:09,879 | Computing features for BAL-USDT
[INFO] 2025-04-02 14:03:09,909 | GPU is available: Device #0, Free: 10.98 GB / 12.00 GB
[INFO] 2025-04-02 14:03:09,914 | ATOM-USDT: Updated 450/450 rows in 2.74s
[INFO] 2025-04-02 14:03:09,916 | ASTR-USDT: Updated 450/450 rows in 2.74s
[INFO] 2025-04-02 14:03:10,082 | Computing features for BANANA-USDT
[INFO] 2025-04-02 14:03:10,086 | Computing features for BAND-USDT
[INFO] 2025-04-02 14:03:10,184 | GPU is available: Device #0, Free: 10.98 GB / 12.00 GB
[INFO] 2025-04-02 14:03:10,188 | GPU is available: Device #0, Free: 10.98 GB / 12.00 GB
[INFO] 2025-04-02 14:03:10,189 | AUCTION-USDT: Updated 450/450 rows in 3.01s
[INFO] 2025-04-02 14:03:10,281 | BABYDOGE-USDT: Updated 450/450 rows in 3.10s
[INFO] 2025-04-02 14:03:10,282 | AXS-USDT: Updated 450/450 rows in 3.10s
[INFO] 2025-04-02 14:03:10,352 | Computing features for BAT-USDT
[INFO] 2025-04-02 14:03:10,516 | BADGER-USDT: Updated 450/450 rows in 3.34s
[INFO] 2025-04-02 14:03:10,516 | AVAX-USDT: Updated 450/450 rows in 3.34s
[INFO] 2025-04-02 14:03:10,523 | GPU is available: Device #0, Free: 10.98 GB / 12.00 GB
[INFO] 2025-04-02 14:03:11,650 | BAL-USDT: Updated 450/450 rows in 1.77s
[INFO] 2025-04-02 14:03:11,801 | BAND-USDT: Updated 450/450 rows in 1.72s
[INFO] 2025-04-02 14:03:11,864 | BANANA-USDT: Updated 450/450 rows in 1.78s
[INFO] 2025-04-02 14:03:11,913 | BAT-USDT: Updated 450/450 rows in 1.56s
[INFO] 2025-04-02 14:03:12,007 | Processing batch 4/27 with 12 pairs
[INFO] 2025-04-02 14:03:12,007 | Computing features for BCH-USDT
[INFO] 2025-04-02 14:03:12,007 | Computing features for BERA-USDT
[INFO] 2025-04-02 14:03:12,008 | Computing features for BICO-USDT
[INFO] 2025-04-02 14:03:12,008 | Computing features for BIGTIME-USDT
[INFO] 2025-04-02 14:03:12,009 | Computing features for BIO-USDT
[INFO] 2025-04-02 14:03:12,010 | Computing features for BLUR-USDT
[INFO] 2025-04-02 14:03:12,010 | Computing features for BNB-USDT
[INFO] 2025-04-02 14:03:12,011 | Computing features for BNT-USDT
[INFO] 2025-04-02 14:03:12,012 | GPU is available: Device #0, Free: 10.98 GB / 12.00 GB
[INFO] 2025-04-02 14:03:12,013 | GPU is available: Device #0, Free: 10.98 GB / 12.00 GB
[INFO] 2025-04-02 14:03:12,013 | GPU is available: Device #0, Free: 10.98 GB / 12.00 GB
[INFO] 2025-04-02 14:03:12,163 | GPU is available: Device #0, Free: 10.98 GB / 12.00 GB
[INFO] 2025-04-02 14:03:12,169 | GPU is available: Device #0, Free: 10.98 GB / 12.00 GB
[INFO] 2025-04-02 14:03:12,255 | GPU is available: Device #0, Free: 10.98 GB / 12.00 GB
[INFO] 2025-04-02 14:03:12,411 | GPU is available: Device #0, Free: 10.98 GB / 12.00 GB
[INFO] 2025-04-02 14:03:12,549 | GPU is available: Device #0, Free: 10.98 GB / 12.00 GB
[INFO] 2025-04-02 14:03:14,517 | BERA-USDT: Updated 450/450 rows in 2.51s
[INFO] 2025-04-02 14:03:14,632 | Computing features for BOME-USDT
[INFO] 2025-04-02 14:03:14,638 | GPU is available: Device #0, Free: 10.98 GB / 12.00 GB
[INFO] 2025-04-02 14:03:14,801 | BCH-USDT: Updated 450/450 rows in 2.79s
[INFO] 2025-04-02 14:03:14,812 | BICO-USDT: Updated 450/450 rows in 2.80s
[INFO] 2025-04-02 14:03:15,037 | Computing features for BONE-USDT
[INFO] 2025-04-02 14:03:15,041 | Computing features for BONK-USDT
[INFO] 2025-04-02 14:03:15,098 | GPU is available: Device #0, Free: 10.98 GB / 12.00 GB
[INFO] 2025-04-02 14:03:15,158 | GPU is available: Device #0, Free: 10.98 GB / 12.00 GB
[INFO] 2025-04-02 14:03:15,163 | BIGTIME-USDT: Updated 450/450 rows in 3.15s
[INFO] 2025-04-02 14:03:15,294 | BIO-USDT: Updated 450/450 rows in 3.28s
[INFO] 2025-04-02 14:03:15,294 | Computing features for BORA-USDT
[INFO] 2025-04-02 14:03:15,431 | GPU is available: Device #0, Free: 10.98 GB / 12.00 GB
[INFO] 2025-04-02 14:03:15,432 | BNT-USDT: Updated 450/450 rows in 3.42s
[INFO] 2025-04-02 14:03:15,435 | BNB-USDT: Updated 450/450 rows in 3.42s
[INFO] 2025-04-02 14:03:15,438 | BLUR-USDT: Updated 450/450 rows in 3.43s
[INFO] 2025-04-02 14:03:16,371 | BOME-USDT: Updated 450/450 rows in 1.74s
[INFO] 2025-04-02 14:03:16,652 | BONE-USDT: Updated 450/450 rows in 1.62s
[INFO] 2025-04-02 14:03:16,653 | BONK-USDT: Updated 450/450 rows in 1.61s
[INFO] 2025-04-02 14:03:16,787 | BORA-USDT: Updated 450/450 rows in 1.49s
[INFO] 2025-04-02 14:03:16,883 | Processing batch 5/27 with 12 pairs
[INFO] 2025-04-02 14:03:16,883 | Computing features for BSV-USDT
[INFO] 2025-04-02 14:03:16,884 | Computing features for BTT-USDT
[INFO] 2025-04-02 14:03:16,884 | Computing features for CAT-USDT
[INFO] 2025-04-02 14:03:16,884 | Computing features for CATI-USDT
[INFO] 2025-04-02 14:03:16,885 | Computing features for CELO-USDT
[INFO] 2025-04-02 14:03:16,886 | GPU is available: Device #0, Free: 10.98 GB / 12.00 GB
[INFO] 2025-04-02 14:03:16,886 | Computing features for CELR-USDT
[INFO] 2025-04-02 14:03:16,886 | GPU is available: Device #0, Free: 10.98 GB / 12.00 GB
[INFO] 2025-04-02 14:03:16,886 | Computing features for CETUS-USDT
[INFO] 2025-04-02 14:03:16,887 | GPU is available: Device #0, Free: 10.98 GB / 12.00 GB
[INFO] 2025-04-02 14:03:16,887 | Computing features for CFG-USDT
[INFO] 2025-04-02 14:03:16,968 | GPU is available: Device #0, Free: 10.98 GB / 12.00 GB
[INFO] 2025-04-02 14:03:17,141 | GPU is available: Device #0, Free: 10.98 GB / 12.00 GB
[INFO] 2025-04-02 14:03:17,178 | GPU is available: Device #0, Free: 10.98 GB / 12.00 GB
[INFO] 2025-04-02 14:03:17,306 | GPU is available: Device #0, Free: 10.98 GB / 12.00 GB
[INFO] 2025-04-02 14:03:17,307 | GPU is available: Device #0, Free: 10.98 GB / 12.00 GB
[INFO] 2025-04-02 14:03:19,509 | CAT-USDT: Updated 450/450 rows in 2.62s
[INFO] 2025-04-02 14:03:19,579 | Computing features for CFX-USDT
[INFO] 2025-04-02 14:03:19,586 | GPU is available: Device #0, Free: 10.98 GB / 12.00 GB
[INFO] 2025-04-02 14:03:19,619 | BTT-USDT: Updated 450/450 rows in 2.74s
[INFO] 2025-04-02 14:03:19,737 | BSV-USDT: Updated 450/450 rows in 2.85s
[INFO] 2025-04-02 14:03:19,738 | Progress: 50/306 pairs processed (1.56 pairs/sec, ~164s remaining)
[INFO] 2025-04-02 14:03:19,739 | CATI-USDT: Updated 450/450 rows in 2.85s
[INFO] 2025-04-02 14:03:19,848 | Computing features for CHZ-USDT
[INFO] 2025-04-02 14:03:19,970 | GPU is available: Device #0, Free: 10.98 GB / 12.00 GB
[INFO] 2025-04-02 14:03:20,006 | Computing features for CITY-USDT
[INFO] 2025-04-02 14:03:20,008 | Computing features for CLV-USDT
[INFO] 2025-04-02 14:03:20,016 | GPU is available: Device #0, Free: 10.98 GB / 12.00 GB
[INFO] 2025-04-02 14:03:20,022 | GPU is available: Device #0, Free: 10.98 GB / 12.00 GB
[INFO] 2025-04-02 14:03:20,102 | CELO-USDT: Updated 450/450 rows in 3.22s
[INFO] 2025-04-02 14:03:20,179 | CFG-USDT: Updated 450/450 rows in 3.29s
[INFO] 2025-04-02 14:03:20,257 | CETUS-USDT: Updated 450/450 rows in 3.37s
[INFO] 2025-04-02 14:03:20,425 | CELR-USDT: Updated 450/450 rows in 3.54s
[INFO] 2025-04-02 14:03:21,398 | CFX-USDT: Updated 450/450 rows in 1.82s
[INFO] 2025-04-02 14:03:21,556 | CHZ-USDT: Updated 450/450 rows in 1.71s
[INFO] 2025-04-02 14:03:21,556 | CLV-USDT: Updated 450/450 rows in 1.55s
[INFO] 2025-04-02 14:03:21,609 | CITY-USDT: Updated 450/450 rows in 1.60s
[INFO] 2025-04-02 14:03:21,754 | Processing batch 6/27 with 12 pairs
[INFO] 2025-04-02 14:03:21,755 | Computing features for COMP-USDT
[INFO] 2025-04-02 14:03:21,755 | Computing features for CORE-USDT
[INFO] 2025-04-02 14:03:21,756 | Computing features for CRO-USDT
[INFO] 2025-04-02 14:03:21,756 | Computing features for CRV-USDT
[INFO] 2025-04-02 14:03:21,757 | Computing features for CSPR-USDT
[INFO] 2025-04-02 14:03:21,757 | Computing features for CTC-USDT
[INFO] 2025-04-02 14:03:21,758 | Computing features for CTXC-USDT
[INFO] 2025-04-02 14:03:21,758 | Computing features for CVC-USDT
[INFO] 2025-04-02 14:03:21,759 | GPU is available: Device #0, Free: 10.98 GB / 12.00 GB
[INFO] 2025-04-02 14:03:21,759 | GPU is available: Device #0, Free: 10.98 GB / 12.00 GB
[INFO] 2025-04-02 14:03:21,759 | GPU is available: Device #0, Free: 10.98 GB / 12.00 GB
[INFO] 2025-04-02 14:03:21,916 | GPU is available: Device #0, Free: 10.98 GB / 12.00 GB
[INFO] 2025-04-02 14:03:22,010 | GPU is available: Device #0, Free: 10.98 GB / 12.00 GB
[INFO] 2025-04-02 14:03:22,064 | GPU is available: Device #0, Free: 10.98 GB / 12.00 GB
[INFO] 2025-04-02 14:03:22,205 | GPU is available: Device #0, Free: 10.98 GB / 12.00 GB
[INFO] 2025-04-02 14:03:23,900 | GPU is available: Device #0, Free: 10.98 GB / 12.00 GB
[INFO] 2025-04-02 14:03:26,060 | CORE-USDT: Updated 450/450 rows in 4.30s
[INFO] 2025-04-02 14:03:26,151 | Computing features for CVX-USDT
[INFO] 2025-04-02 14:03:26,156 | CRO-USDT: Updated 450/450 rows in 4.40s
[INFO] 2025-04-02 14:03:26,158 | COMP-USDT: Updated 450/450 rows in 4.40s
[INFO] 2025-04-02 14:03:26,218 | GPU is available: Device #0, Free: 10.98 GB / 12.00 GB
[INFO] 2025-04-02 14:03:26,299 | CSPR-USDT: Updated 450/450 rows in 4.54s
[INFO] 2025-04-02 14:03:26,357 | Computing features for CXT-USDT
[INFO] 2025-04-02 14:03:26,390 | Computing features for DAI-USDT
[INFO] 2025-04-02 14:03:26,430 | GPU is available: Device #0, Free: 10.98 GB / 12.00 GB
[INFO] 2025-04-02 14:03:26,492 | CRV-USDT: Updated 450/450 rows in 4.74s
[INFO] 2025-04-02 14:03:26,493 | Computing features for DAO-USDT
[INFO] 2025-04-02 14:03:26,493 | GPU is available: Device #0, Free: 10.98 GB / 12.00 GB
[INFO] 2025-04-02 14:03:26,592 | GPU is available: Device #0, Free: 10.98 GB / 12.00 GB
[INFO] 2025-04-02 14:03:26,649 | CTC-USDT: Updated 450/450 rows in 4.89s
[INFO] 2025-04-02 14:03:26,829 | CTXC-USDT: Updated 450/450 rows in 5.07s
[INFO] 2025-04-02 14:03:26,829 | CVC-USDT: Updated 450/450 rows in 5.07s
[INFO] 2025-04-02 14:03:28,032 | CVX-USDT: Updated 450/450 rows in 1.88s
[INFO] 2025-04-02 14:03:28,098 | DAO-USDT: Updated 450/450 rows in 1.61s
[INFO] 2025-04-02 14:03:28,153 | DAI-USDT: Updated 450/450 rows in 1.76s
[INFO] 2025-04-02 14:03:28,215 | CXT-USDT: Updated 450/450 rows in 1.86s
[INFO] 2025-04-02 14:03:28,318 | Processing batch 7/27 with 12 pairs
[INFO] 2025-04-02 14:03:28,318 | Computing features for DEGEN-USDT
[INFO] 2025-04-02 14:03:28,319 | Computing features for DEP-USDT
[INFO] 2025-04-02 14:03:28,319 | Computing features for DGB-USDT
[INFO] 2025-04-02 14:03:28,320 | Computing features for DIA-USDT
[INFO] 2025-04-02 14:03:28,321 | GPU is available: Device #0, Free: 10.98 GB / 12.00 GB
[INFO] 2025-04-02 14:03:28,321 | GPU is available: Device #0, Free: 10.98 GB / 12.00 GB
[INFO] 2025-04-02 14:03:28,321 | Computing features for DOGE-USDT
[INFO] 2025-04-02 14:03:28,321 | GPU is available: Device #0, Free: 10.98 GB / 12.00 GB
[INFO] 2025-04-02 14:03:28,321 | Computing features for DOGS-USDT
[INFO] 2025-04-02 14:03:28,322 | Computing features for DORA-USDT
[INFO] 2025-04-02 14:03:28,322 | Computing features for DOT-USDT
[INFO] 2025-04-02 14:03:28,402 | GPU is available: Device #0, Free: 10.98 GB / 12.00 GB
[INFO] 2025-04-02 14:03:28,562 | GPU is available: Device #0, Free: 10.98 GB / 12.00 GB
[INFO] 2025-04-02 14:03:28,616 | GPU is available: Device #0, Free: 10.98 GB / 12.00 GB
[INFO] 2025-04-02 14:03:28,744 | GPU is available: Device #0, Free: 10.98 GB / 12.00 GB
[INFO] 2025-04-02 14:03:28,775 | GPU is available: Device #0, Free: 10.98 GB / 12.00 GB
[INFO] 2025-04-02 14:03:30,911 | DEGEN-USDT: Updated 450/450 rows in 2.59s
[INFO] 2025-04-02 14:03:30,993 | DGB-USDT: Updated 450/450 rows in 2.67s
[INFO] 2025-04-02 14:03:31,085 | Computing features for DUCK-USDT
[INFO] 2025-04-02 14:03:31,093 | DEP-USDT: Updated 450/450 rows in 2.77s
[INFO] 2025-04-02 14:03:31,101 | GPU is available: Device #0, Free: 10.98 GB / 12.00 GB
[INFO] 2025-04-02 14:03:31,163 | Computing features for DYDX-USDT
[INFO] 2025-04-02 14:03:31,164 | Progress: 75/306 pairs processed (1.73 pairs/sec, ~134s remaining)
[INFO] 2025-04-02 14:03:31,165 | Computing features for EGLD-USDT
[INFO] 2025-04-02 14:03:31,165 | GPU is available: Device #0, Free: 10.98 GB / 12.00 GB
[INFO] 2025-04-02 14:03:31,166 | DIA-USDT: Updated 450/450 rows in 2.85s
[INFO] 2025-04-02 14:03:31,286 | GPU is available: Device #0, Free: 10.98 GB / 12.00 GB
[INFO] 2025-04-02 14:03:31,369 | Computing features for EIGEN-USDT
[INFO] 2025-04-02 14:03:31,375 | GPU is available: Device #0, Free: 10.98 GB / 12.00 GB
[INFO] 2025-04-02 14:03:31,644 | DOGS-USDT: Updated 450/450 rows in 3.32s
[INFO] 2025-04-02 14:03:31,655 | DORA-USDT: Updated 450/450 rows in 3.33s
[INFO] 2025-04-02 14:03:31,657 | DOGE-USDT: Updated 450/450 rows in 3.34s
[INFO] 2025-04-02 14:03:31,667 | DOT-USDT: Updated 450/450 rows in 3.34s
[INFO] 2025-04-02 14:03:32,808 | DYDX-USDT: Updated 450/450 rows in 1.65s
[INFO] 2025-04-02 14:03:32,859 | DUCK-USDT: Updated 450/450 rows in 1.77s
[INFO] 2025-04-02 14:03:32,859 | EGLD-USDT: Updated 450/450 rows in 1.69s
[INFO] 2025-04-02 14:03:32,959 | EIGEN-USDT: Updated 450/450 rows in 1.59s
[INFO] 2025-04-02 14:03:33,061 | Processing batch 8/27 with 12 pairs
[INFO] 2025-04-02 14:03:33,062 | Computing features for ELF-USDT
[INFO] 2025-04-02 14:03:33,062 | Computing features for ELON-USDT
[INFO] 2025-04-02 14:03:33,062 | Computing features for ENJ-USDT
[INFO] 2025-04-02 14:03:33,063 | Computing features for ENS-USDT
[INFO] 2025-04-02 14:03:33,063 | Computing features for EOS-USDT
[INFO] 2025-04-02 14:03:33,064 | Computing features for ERN-USDT
[INFO] 2025-04-02 14:03:33,064 | GPU is available: Device #0, Free: 10.98 GB / 12.00 GB
[INFO] 2025-04-02 14:03:33,064 | Computing features for ETC-USDT
[INFO] 2025-04-02 14:03:33,064 | GPU is available: Device #0, Free: 10.98 GB / 12.00 GB
[INFO] 2025-04-02 14:03:33,065 | GPU is available: Device #0, Free: 10.98 GB / 12.00 GB
[INFO] 2025-04-02 14:03:33,065 | Computing features for FET-USDT
[INFO] 2025-04-02 14:03:33,210 | GPU is available: Device #0, Free: 10.98 GB / 12.00 GB
[INFO] 2025-04-02 14:03:33,310 | GPU is available: Device #0, Free: 10.98 GB / 12.00 GB
[INFO] 2025-04-02 14:03:33,311 | GPU is available: Device #0, Free: 10.98 GB / 12.00 GB
[INFO] 2025-04-02 14:03:33,476 | GPU is available: Device #0, Free: 10.98 GB / 12.00 GB
[INFO] 2025-04-02 14:03:33,545 | GPU is available: Device #0, Free: 10.98 GB / 12.00 GB
[INFO] 2025-04-02 14:03:35,581 | ELON-USDT: Updated 450/450 rows in 2.52s
[INFO] 2025-04-02 14:03:35,588 | ENJ-USDT: Updated 450/450 rows in 2.53s
[INFO] 2025-04-02 14:03:35,738 | ELF-USDT: Updated 450/450 rows in 2.68s
[INFO] 2025-04-02 14:03:35,738 | Computing features for FIL-USDT
[INFO] 2025-04-02 14:03:35,738 | Computing features for FLM-USDT
[INFO] 2025-04-02 14:03:35,795 | GPU is available: Device #0, Free: 10.98 GB / 12.00 GB
[INFO] 2025-04-02 14:03:35,796 | GPU is available: Device #0, Free: 10.98 GB / 12.00 GB
[INFO] 2025-04-02 14:03:35,797 | Computing features for FLOKI-USDT
[INFO] 2025-04-02 14:03:35,808 | GPU is available: Device #0, Free: 10.98 GB / 12.00 GB
[INFO] 2025-04-02 14:03:35,891 | ENS-USDT: Updated 450/450 rows in 2.83s
[INFO] 2025-04-02 14:03:35,968 | Computing features for FLOW-USDT
[INFO] 2025-04-02 14:03:35,971 | GPU is available: Device #0, Free: 10.98 GB / 12.00 GB
[INFO] 2025-04-02 14:03:36,176 | EOS-USDT: Updated 450/450 rows in 3.11s
[INFO] 2025-04-02 14:03:36,188 | ERN-USDT: Updated 450/450 rows in 3.12s
[INFO] 2025-04-02 14:03:36,218 | FET-USDT: Updated 450/450 rows in 3.15s
[INFO] 2025-04-02 14:03:36,251 | ETC-USDT: Updated 450/450 rows in 3.19s
[INFO] 2025-04-02 14:03:37,516 | FLM-USDT: Updated 450/450 rows in 1.78s
[INFO] 2025-04-02 14:03:37,605 | FIL-USDT: Updated 450/450 rows in 1.87s
[INFO] 2025-04-02 14:03:37,664 | FLOW-USDT: Updated 450/450 rows in 1.70s
[INFO] 2025-04-02 14:03:37,719 | FLOKI-USDT: Updated 450/450 rows in 1.92s
[INFO] 2025-04-02 14:03:37,818 | Processing batch 9/27 with 12 pairs
[INFO] 2025-04-02 14:03:37,819 | Computing features for FLR-USDT
[INFO] 2025-04-02 14:03:37,819 | Computing features for FLUID-USDT
[INFO] 2025-04-02 14:03:37,819 | Computing features for FORTH-USDT
[INFO] 2025-04-02 14:03:37,820 | Computing features for FOXY-USDT
[INFO] 2025-04-02 14:03:37,820 | GPU is available: Device #0, Free: 10.98 GB / 12.00 GB
[INFO] 2025-04-02 14:03:37,821 | GPU is available: Device #0, Free: 10.98 GB / 12.00 GB
[INFO] 2025-04-02 14:03:37,821 | Computing features for FXS-USDT
[INFO] 2025-04-02 14:03:37,821 | Computing features for G-USDT
[INFO] 2025-04-02 14:03:37,822 | Computing features for GALA-USDT
[INFO] 2025-04-02 14:03:37,822 | GPU is available: Device #0, Free: 10.98 GB / 12.00 GB
[INFO] 2025-04-02 14:03:37,822 | Computing features for GALFT-USDT
[INFO] 2025-04-02 14:03:37,891 | GPU is available: Device #0, Free: 10.98 GB / 12.00 GB
[INFO] 2025-04-02 14:03:38,034 | GPU is available: Device #0, Free: 10.98 GB / 12.00 GB
[INFO] 2025-04-02 14:03:38,073 | GPU is available: Device #0, Free: 10.98 GB / 12.00 GB
[INFO] 2025-04-02 14:03:38,210 | GPU is available: Device #0, Free: 10.98 GB / 12.00 GB
[INFO] 2025-04-02 14:03:38,291 | GPU is available: Device #0, Free: 10.98 GB / 12.00 GB
[INFO] 2025-04-02 14:03:39,777 | FLUID-USDT: Updated 155/155 rows in 1.96s
[INFO] 2025-04-02 14:03:39,872 | Computing features for GAS-USDT
[INFO] 2025-04-02 14:03:39,895 | GPU is available: Device #0, Free: 10.98 GB / 12.00 GB
[INFO] 2025-04-02 14:03:40,546 | FLR-USDT: Updated 450/450 rows in 2.73s
[INFO] 2025-04-02 14:03:40,677 | FORTH-USDT: Updated 450/450 rows in 2.86s
[INFO] 2025-04-02 14:03:40,766 | Computing features for GEAR-USDT
[INFO] 2025-04-02 14:03:40,814 | GPU is available: Device #0, Free: 10.98 GB / 12.00 GB
[INFO] 2025-04-02 14:03:40,816 | Computing features for GHST-USDT
[INFO] 2025-04-02 14:03:40,818 | FOXY-USDT: Updated 450/450 rows in 3.00s
[INFO] 2025-04-02 14:03:40,844 | GPU is available: Device #0, Free: 10.98 GB / 12.00 GB
[INFO] 2025-04-02 14:03:40,934 | FXS-USDT: Updated 450/450 rows in 3.11s
[INFO] 2025-04-02 14:03:40,999 | Progress: 100/306 pairs processed (1.88 pairs/sec, ~110s remaining)
[INFO] 2025-04-02 14:03:41,060 | Computing features for GLM-USDT
[INFO] 2025-04-02 14:03:41,086 | G-USDT: Updated 450/450 rows in 3.26s
[INFO] 2025-04-02 14:03:41,170 | GALFT-USDT: Updated 450/450 rows in 3.35s
[INFO] 2025-04-02 14:03:41,227 | GPU is available: Device #0, Free: 10.98 GB / 12.00 GB
[INFO] 2025-04-02 14:03:41,347 | GALA-USDT: Updated 450/450 rows in 3.53s
[INFO] 2025-04-02 14:03:41,781 | GAS-USDT: Updated 450/450 rows in 1.91s
[INFO] 2025-04-02 14:03:42,292 | GEAR-USDT: Updated 450/450 rows in 1.53s
[INFO] 2025-04-02 14:03:42,363 | GLM-USDT: Updated 450/450 rows in 1.30s
[INFO] 2025-04-02 14:03:42,416 | GHST-USDT: Updated 450/450 rows in 1.60s
[INFO] 2025-04-02 14:03:42,518 | Processing batch 10/27 with 12 pairs
[INFO] 2025-04-02 14:03:42,518 | Computing features for GLMR-USDT
[INFO] 2025-04-02 14:03:42,518 | Computing features for GMT-USDT
[INFO] 2025-04-02 14:03:42,519 | Computing features for GMX-USDT
[INFO] 2025-04-02 14:03:42,519 | Computing features for GOAT-USDT
[INFO] 2025-04-02 14:03:42,520 | Computing features for GODS-USDT
[INFO] 2025-04-02 14:03:42,520 | GPU is available: Device #0, Free: 10.98 GB / 12.00 GB
[INFO] 2025-04-02 14:03:42,520 | GPU is available: Device #0, Free: 10.98 GB / 12.00 GB
[INFO] 2025-04-02 14:03:42,521 | Computing features for GOG-USDT
[INFO] 2025-04-02 14:03:42,521 | Computing features for GRT-USDT
[INFO] 2025-04-02 14:03:42,521 | GPU is available: Device #0, Free: 10.98 GB / 12.00 GB
[INFO] 2025-04-02 14:03:42,521 | Computing features for HBAR-USDT
[INFO] 2025-04-02 14:03:42,727 | GPU is available: Device #0, Free: 10.98 GB / 12.00 GB
[INFO] 2025-04-02 14:03:42,754 | GPU is available: Device #0, Free: 10.98 GB / 12.00 GB
[INFO] 2025-04-02 14:03:42,908 | GPU is available: Device #0, Free: 10.98 GB / 12.00 GB
[INFO] 2025-04-02 14:03:42,918 | GPU is available: Device #0, Free: 10.98 GB / 12.00 GB
[INFO] 2025-04-02 14:03:43,081 | GPU is available: Device #0, Free: 10.98 GB / 12.00 GB
[INFO] 2025-04-02 14:03:45,093 | GMX-USDT: Updated 450/450 rows in 2.57s
[INFO] 2025-04-02 14:03:45,215 | Computing features for HMSTR-USDT
[INFO] 2025-04-02 14:03:45,216 | GLMR-USDT: Updated 450/450 rows in 2.70s
[INFO] 2025-04-02 14:03:45,302 | GPU is available: Device #0, Free: 10.98 GB / 12.00 GB
[INFO] 2025-04-02 14:03:45,351 | Computing features for ICE-USDT
[INFO] 2025-04-02 14:03:45,352 | GPU is available: Device #0, Free: 10.98 GB / 12.00 GB
[INFO] 2025-04-02 14:03:45,405 | GOAT-USDT: Updated 450/450 rows in 2.89s
[INFO] 2025-04-02 14:03:45,466 | GMT-USDT: Updated 450/450 rows in 2.95s
[INFO] 2025-04-02 14:03:45,524 | GODS-USDT: Updated 450/450 rows in 3.00s
[INFO] 2025-04-02 14:03:45,711 | GOG-USDT: Updated 450/450 rows in 3.19s
[INFO] 2025-04-02 14:03:45,711 | HBAR-USDT: Updated 450/450 rows in 3.19s
[INFO] 2025-04-02 14:03:45,711 | Computing features for ICP-USDT
[INFO] 2025-04-02 14:03:45,711 | GRT-USDT: Updated 450/450 rows in 3.19s
[INFO] 2025-04-02 14:03:45,722 | Computing features for ICX-USDT
[INFO] 2025-04-02 14:03:45,918 | GPU is available: Device #0, Free: 10.98 GB / 12.00 GB
[INFO] 2025-04-02 14:03:45,920 | GPU is available: Device #0, Free: 10.98 GB / 12.00 GB
[INFO] 2025-04-02 14:03:47,054 | HMSTR-USDT: Updated 450/450 rows in 1.84s
[INFO] 2025-04-02 14:03:47,055 | ICE-USDT: Updated 450/450 rows in 1.70s
[INFO] 2025-04-02 14:03:47,199 | ICX-USDT: Updated 450/450 rows in 1.48s
[INFO] 2025-04-02 14:03:47,260 | ICP-USDT: Updated 450/450 rows in 1.55s
[INFO] 2025-04-02 14:03:47,361 | Processing batch 11/27 with 12 pairs
[INFO] 2025-04-02 14:03:47,362 | Computing features for ID-USDT
[INFO] 2025-04-02 14:03:47,362 | Computing features for ILV-USDT
[INFO] 2025-04-02 14:03:47,362 | Computing features for IMX-USDT
[INFO] 2025-04-02 14:03:47,363 | Computing features for INJ-USDT
[INFO] 2025-04-02 14:03:47,364 | Computing features for IOST-USDT
[INFO] 2025-04-02 14:03:47,364 | Computing features for IOTA-USDT
[INFO] 2025-04-02 14:03:47,364 | GPU is available: Device #0, Free: 10.98 GB / 12.00 GB
[INFO] 2025-04-02 14:03:47,364 | GPU is available: Device #0, Free: 10.98 GB / 12.00 GB
[INFO] 2025-04-02 14:03:47,365 | GPU is available: Device #0, Free: 10.98 GB / 12.00 GB
[INFO] 2025-04-02 14:03:47,365 | Computing features for IP-USDT
[INFO] 2025-04-02 14:03:47,365 | Computing features for IQ-USDT
[INFO] 2025-04-02 14:03:47,585 | GPU is available: Device #0, Free: 10.98 GB / 12.00 GB
[INFO] 2025-04-02 14:03:47,587 | GPU is available: Device #0, Free: 10.98 GB / 12.00 GB
[INFO] 2025-04-02 14:03:47,696 | GPU is available: Device #0, Free: 10.98 GB / 12.00 GB
[INFO] 2025-04-02 14:03:47,894 | GPU is available: Device #0, Free: 10.98 GB / 12.00 GB
[INFO] 2025-04-02 14:03:47,900 | GPU is available: Device #0, Free: 10.98 GB / 12.00 GB
[INFO] 2025-04-02 14:03:49,944 | ID-USDT: Updated 450/450 rows in 2.58s
[INFO] 2025-04-02 14:03:50,076 | Computing features for J-USDT
[INFO] 2025-04-02 14:03:50,106 | ILV-USDT: Updated 450/450 rows in 2.74s
[INFO] 2025-04-02 14:03:50,107 | GPU is available: Device #0, Free: 10.98 GB / 12.00 GB
[INFO] 2025-04-02 14:03:50,224 | IMX-USDT: Updated 450/450 rows in 2.86s
[INFO] 2025-04-02 14:03:50,297 | Computing features for JOE-USDT
[INFO] 2025-04-02 14:03:50,326 | INJ-USDT: Updated 450/450 rows in 2.96s
[INFO] 2025-04-02 14:03:50,385 | Computing features for JST-USDT
[INFO] 2025-04-02 14:03:50,434 | GPU is available: Device #0, Free: 10.98 GB / 12.00 GB
[INFO] 2025-04-02 14:03:50,446 | IOTA-USDT: Updated 450/450 rows in 3.08s
[INFO] 2025-04-02 14:03:50,461 | GPU is available: Device #0, Free: 10.98 GB / 12.00 GB
[INFO] 2025-04-02 14:03:50,470 | IOST-USDT: Updated 450/450 rows in 3.11s
[INFO] 2025-04-02 14:03:50,536 | Computing features for JTO-USDT
[INFO] 2025-04-02 14:03:50,630 | Progress: 125/306 pairs processed (1.99 pairs/sec, ~91s remaining)
[INFO] 2025-04-02 14:03:50,632 | GPU is available: Device #0, Free: 10.98 GB / 12.00 GB
[INFO] 2025-04-02 14:03:50,733 | IP-USDT: Updated 450/450 rows in 3.37s
[INFO] 2025-04-02 14:03:50,733 | IQ-USDT: Updated 450/450 rows in 3.37s
[INFO] 2025-04-02 14:03:51,968 | J-USDT: Updated 450/450 rows in 1.89s
[INFO] 2025-04-02 14:03:52,043 | JOE-USDT: Updated 450/450 rows in 1.75s
[INFO] 2025-04-02 14:03:52,044 | JST-USDT: Updated 450/450 rows in 1.66s
[INFO] 2025-04-02 14:03:52,044 | JTO-USDT: Updated 450/450 rows in 1.51s
[INFO] 2025-04-02 14:03:52,247 | Processing batch 12/27 with 12 pairs
[INFO] 2025-04-02 14:03:52,247 | Computing features for JUP-USDT
[INFO] 2025-04-02 14:03:52,247 | Computing features for KAIA-USDT
[INFO] 2025-04-02 14:03:52,248 | Computing features for KAITO-USDT
[INFO] 2025-04-02 14:03:52,248 | Computing features for KDA-USDT
[INFO] 2025-04-02 14:03:52,249 | Computing features for KISHU-USDT
[INFO] 2025-04-02 14:03:52,249 | Computing features for KNC-USDT
[INFO] 2025-04-02 14:03:52,249 | Computing features for KSM-USDT
[INFO] 2025-04-02 14:03:52,250 | Computing features for LAT-USDT
[INFO] 2025-04-02 14:03:52,250 | GPU is available: Device #0, Free: 10.98 GB / 12.00 GB
[INFO] 2025-04-02 14:03:52,251 | GPU is available: Device #0, Free: 10.98 GB / 12.00 GB
[INFO] 2025-04-02 14:03:52,251 | GPU is available: Device #0, Free: 10.98 GB / 12.00 GB
[INFO] 2025-04-02 14:03:52,458 | GPU is available: Device #0, Free: 10.98 GB / 12.00 GB
[INFO] 2025-04-02 14:03:52,474 | GPU is available: Device #0, Free: 10.98 GB / 12.00 GB
[INFO] 2025-04-02 14:03:52,518 | GPU is available: Device #0, Free: 10.98 GB / 12.00 GB
[INFO] 2025-04-02 14:03:52,583 | GPU is available: Device #0, Free: 10.98 GB / 12.00 GB
[INFO] 2025-04-02 14:03:52,805 | GPU is available: Device #0, Free: 10.98 GB / 12.00 GB
[INFO] 2025-04-02 14:03:54,790 | KAITO-USDT: Updated 450/450 rows in 2.54s
[INFO] 2025-04-02 14:03:54,936 | Computing features for LDO-USDT
[INFO] 2025-04-02 14:03:54,945 | GPU is available: Device #0, Free: 10.98 GB / 12.00 GB
[INFO] 2025-04-02 14:03:55,173 | JUP-USDT: Updated 450/450 rows in 2.93s
[INFO] 2025-04-02 14:03:55,205 | KNC-USDT: Updated 450/450 rows in 2.96s
[INFO] 2025-04-02 14:03:55,217 | KDA-USDT: Updated 450/450 rows in 2.97s
[INFO] 2025-04-02 14:03:55,274 | KAIA-USDT: Updated 450/450 rows in 3.03s
[INFO] 2025-04-02 14:03:55,460 | KISHU-USDT: Updated 450/450 rows in 3.21s
[INFO] 2025-04-02 14:03:55,467 | Computing features for LEO-USDT
[INFO] 2025-04-02 14:03:55,468 | LAT-USDT: Updated 450/450 rows in 3.22s
[INFO] 2025-04-02 14:03:55,528 | Computing features for LINK-USDT
[INFO] 2025-04-02 14:03:55,542 | Computing features for LOOKS-USDT
[INFO] 2025-04-02 14:03:55,589 | GPU is available: Device #0, Free: 10.98 GB / 12.00 GB
[INFO] 2025-04-02 14:03:55,589 | KSM-USDT: Updated 450/450 rows in 3.34s
[INFO] 2025-04-02 14:03:55,601 | GPU is available: Device #0, Free: 10.98 GB / 12.00 GB
[INFO] 2025-04-02 14:03:55,637 | GPU is available: Device #0, Free: 10.98 GB / 12.00 GB
[INFO] 2025-04-02 14:03:56,648 | LDO-USDT: Updated 450/450 rows in 1.71s
[INFO] 2025-04-02 14:03:56,936 | LEO-USDT: Updated 450/450 rows in 1.47s
[INFO] 2025-04-02 14:03:57,008 | LINK-USDT: Updated 450/450 rows in 1.48s
[INFO] 2025-04-02 14:03:57,066 | LOOKS-USDT: Updated 450/450 rows in 1.52s
[INFO] 2025-04-02 14:03:57,162 | Processing batch 13/27 with 12 pairs
[INFO] 2025-04-02 14:03:57,162 | Computing features for LPT-USDT
[INFO] 2025-04-02 14:03:57,163 | Computing features for LQTY-USDT
[INFO] 2025-04-02 14:03:57,163 | Computing features for LRC-USDT
[INFO] 2025-04-02 14:03:57,164 | Computing features for LSK-USDT
[INFO] 2025-04-02 14:03:57,164 | GPU is available: Device #0, Free: 10.98 GB / 12.00 GB
[INFO] 2025-04-02 14:03:57,164 | Computing features for LTC-USDT
[INFO] 2025-04-02 14:03:57,165 | GPU is available: Device #0, Free: 10.98 GB / 12.00 GB
[INFO] 2025-04-02 14:03:57,165 | GPU is available: Device #0, Free: 10.98 GB / 12.00 GB
[INFO] 2025-04-02 14:03:57,166 | Computing features for LUNA-USDT
[INFO] 2025-04-02 14:03:57,166 | Computing features for LUNC-USDT
[INFO] 2025-04-02 14:03:57,166 | Computing features for MAGIC-USDT
[INFO] 2025-04-02 14:03:57,309 | GPU is available: Device #0, Free: 10.98 GB / 12.00 GB
[INFO] 2025-04-02 14:03:57,432 | GPU is available: Device #0, Free: 10.98 GB / 12.00 GB
[INFO] 2025-04-02 14:03:57,449 | GPU is available: Device #0, Free: 10.98 GB / 12.00 GB
[INFO] 2025-04-02 14:03:57,489 | GPU is available: Device #0, Free: 10.98 GB / 12.00 GB
[INFO] 2025-04-02 14:03:57,624 | GPU is available: Device #0, Free: 10.98 GB / 12.00 GB
[INFO] 2025-04-02 14:03:59,817 | LQTY-USDT: Updated 450/450 rows in 2.65s
[INFO] 2025-04-02 14:03:59,825 | LPT-USDT: Updated 450/450 rows in 2.66s
[INFO] 2025-04-02 14:03:59,995 | Computing features for MAJOR-USDT
[INFO] 2025-04-02 14:03:59,996 | LRC-USDT: Updated 450/450 rows in 2.83s
[INFO] 2025-04-02 14:03:59,998 | Computing features for MANA-USDT
[INFO] 2025-04-02 14:04:00,058 | GPU is available: Device #0, Free: 10.98 GB / 12.00 GB
[INFO] 2025-04-02 14:04:00,059 | GPU is available: Device #0, Free: 10.98 GB / 12.00 GB
[INFO] 2025-04-02 14:04:00,060 | Computing features for MASK-USDT
[INFO] 2025-04-02 14:04:00,066 | GPU is available: Device #0, Free: 10.98 GB / 12.00 GB
[INFO] 2025-04-02 14:04:00,473 | MAGIC-USDT: Updated 450/450 rows in 3.31s
[INFO] 2025-04-02 14:04:00,488 | LUNA-USDT: Updated 450/450 rows in 3.32s
[INFO] 2025-04-02 14:04:00,567 | LUNC-USDT: Updated 450/450 rows in 3.40s
[INFO] 2025-04-02 14:04:00,576 | LSK-USDT: Updated 450/450 rows in 3.41s
[INFO] 2025-04-02 14:04:00,657 | LTC-USDT: Updated 450/450 rows in 3.49s
[INFO] 2025-04-02 14:04:00,819 | Computing features for MAX-USDT
[INFO] 2025-04-02 14:04:00,911 | Progress: 150/306 pairs processed (2.05 pairs/sec, ~76s remaining)
[INFO] 2025-04-02 14:04:01,080 | GPU is available: Device #0, Free: 10.98 GB / 12.00 GB
[INFO] 2025-04-02 14:04:01,805 | MAJOR-USDT: Updated 450/450 rows in 1.81s
[INFO] 2025-04-02 14:04:01,863 | MANA-USDT: Updated 450/450 rows in 1.86s
[INFO] 2025-04-02 14:04:01,863 | MASK-USDT: Updated 450/450 rows in 1.80s
[INFO] 2025-04-02 14:04:02,014 | MAX-USDT: Updated 450/450 rows in 1.20s
[INFO] 2025-04-02 14:04:02,115 | Processing batch 14/27 with 12 pairs
[INFO] 2025-04-02 14:04:02,115 | Computing features for MDT-USDT
[INFO] 2025-04-02 14:04:02,115 | Computing features for ME-USDT
[INFO] 2025-04-02 14:04:02,116 | Computing features for MEME-USDT
[INFO] 2025-04-02 14:04:02,116 | Computing features for MEMEFI-USDT
[INFO] 2025-04-02 14:04:02,117 | Computing features for MENGO-USDT
[INFO] 2025-04-02 14:04:02,117 | GPU is available: Device #0, Free: 10.98 GB / 12.00 GB
[INFO] 2025-04-02 14:04:02,118 | GPU is available: Device #0, Free: 10.98 GB / 12.00 GB
[INFO] 2025-04-02 14:04:02,118 | Computing features for MERL-USDT
[INFO] 2025-04-02 14:04:02,118 | GPU is available: Device #0, Free: 10.98 GB / 12.00 GB
[INFO] 2025-04-02 14:04:02,118 | Computing features for METIS-USDT
[INFO] 2025-04-02 14:04:02,119 | Computing features for MEW-USDT
[INFO] 2025-04-02 14:04:02,270 | GPU is available: Device #0, Free: 10.98 GB / 12.00 GB
[INFO] 2025-04-02 14:04:02,325 | GPU is available: Device #0, Free: 10.98 GB / 12.00 GB
[INFO] 2025-04-02 14:04:02,409 | GPU is available: Device #0, Free: 10.98 GB / 12.00 GB
[INFO] 2025-04-02 14:04:02,416 | GPU is available: Device #0, Free: 10.98 GB / 12.00 GB
[INFO] 2025-04-02 14:04:02,901 | GPU is available: Device #0, Free: 10.98 GB / 12.00 GB
[INFO] 2025-04-02 14:04:04,803 | ME-USDT: Updated 450/450 rows in 2.69s
[INFO] 2025-04-02 14:04:04,967 | Computing features for MILO-USDT
[INFO] 2025-04-02 14:04:04,973 | MEME-USDT: Updated 450/450 rows in 2.86s
[INFO] 2025-04-02 14:04:04,976 | GPU is available: Device #0, Free: 10.98 GB / 12.00 GB
[INFO] 2025-04-02 14:04:05,036 | MDT-USDT: Updated 450/450 rows in 2.92s
[INFO] 2025-04-02 14:04:05,097 | Computing features for MINA-USDT
[INFO] 2025-04-02 14:04:05,193 | MEMEFI-USDT: Updated 450/450 rows in 3.08s
[INFO] 2025-04-02 14:04:05,203 | GPU is available: Device #0, Free: 10.98 GB / 12.00 GB
[INFO] 2025-04-02 14:04:05,273 | Computing features for MKR-USDT
[INFO] 2025-04-02 14:04:05,276 | Computing features for MLN-USDT
[INFO] 2025-04-02 14:04:05,280 | GPU is available: Device #0, Free: 10.98 GB / 12.00 GB
[INFO] 2025-04-02 14:04:05,360 | GPU is available: Device #0, Free: 10.98 GB / 12.00 GB
[INFO] 2025-04-02 14:04:05,459 | MEW-USDT: Updated 450/450 rows in 3.34s
[INFO] 2025-04-02 14:04:05,459 | METIS-USDT: Updated 450/450 rows in 3.34s
[INFO] 2025-04-02 14:04:05,459 | MENGO-USDT: Updated 450/450 rows in 3.34s
[INFO] 2025-04-02 14:04:05,732 | MERL-USDT: Updated 450/450 rows in 3.61s
[INFO] 2025-04-02 14:04:06,922 | MILO-USDT: Updated 450/450 rows in 1.95s
[INFO] 2025-04-02 14:04:07,011 | MLN-USDT: Updated 450/450 rows in 1.74s
[INFO] 2025-04-02 14:04:07,012 | MKR-USDT: Updated 450/450 rows in 1.74s
[INFO] 2025-04-02 14:04:07,135 | MINA-USDT: Updated 450/450 rows in 2.04s
[INFO] 2025-04-02 14:04:07,251 | Processing batch 15/27 with 12 pairs
[INFO] 2025-04-02 14:04:07,251 | Computing features for MOODENG-USDT
[INFO] 2025-04-02 14:04:07,251 | Computing features for MORPHO-USDT
[INFO] 2025-04-02 14:04:07,252 | Computing features for MOVE-USDT
[INFO] 2025-04-02 14:04:07,253 | GPU is available: Device #0, Free: 10.98 GB / 12.00 GB
[INFO] 2025-04-02 14:04:07,253 | Computing features for MOVR-USDT
[INFO] 2025-04-02 14:04:07,254 | Computing features for MXC-USDT
[INFO] 2025-04-02 14:04:07,254 | Computing features for NAVX-USDT
[INFO] 2025-04-02 14:04:07,254 | Computing features for NC-USDT
[INFO] 2025-04-02 14:04:07,255 | GPU is available: Device #0, Free: 10.98 GB / 12.00 GB
[INFO] 2025-04-02 14:04:07,255 | Computing features for NEAR-USDT
[INFO] 2025-04-02 14:04:07,255 | GPU is available: Device #0, Free: 10.98 GB / 12.00 GB
[INFO] 2025-04-02 14:04:07,487 | GPU is available: Device #0, Free: 10.98 GB / 12.00 GB
[INFO] 2025-04-02 14:04:07,516 | GPU is available: Device #0, Free: 10.98 GB / 12.00 GB
[INFO] 2025-04-02 14:04:07,632 | GPU is available: Device #0, Free: 10.98 GB / 12.00 GB
[INFO] 2025-04-02 14:04:07,744 | GPU is available: Device #0, Free: 10.98 GB / 12.00 GB
[INFO] 2025-04-02 14:04:07,842 | GPU is available: Device #0, Free: 10.98 GB / 12.00 GB
[INFO] 2025-04-02 14:04:09,624 | NAVX-USDT: Updated 203/203 rows in 2.37s
[INFO] 2025-04-02 14:04:09,725 | Computing features for NEIRO-USDT
[INFO] 2025-04-02 14:04:09,784 | GPU is available: Device #0, Free: 10.98 GB / 12.00 GB
[INFO] 2025-04-02 14:04:09,810 | MOODENG-USDT: Updated 450/450 rows in 2.56s
[INFO] 2025-04-02 14:04:09,963 | Computing features for NEO-USDT
[INFO] 2025-04-02 14:04:09,996 | MORPHO-USDT: Updated 450/450 rows in 2.74s
[INFO] 2025-04-02 14:04:09,996 | MOVE-USDT: Updated 450/450 rows in 2.74s
[INFO] 2025-04-02 14:04:09,998 | GPU is available: Device #0, Free: 10.98 GB / 12.00 GB
[INFO] 2025-04-02 14:04:10,196 | Computing features for NFT-USDT
[INFO] 2025-04-02 14:04:10,207 | Computing features for NMR-USDT
[INFO] 2025-04-02 14:04:10,255 | GPU is available: Device #0, Free: 10.98 GB / 12.00 GB
[INFO] 2025-04-02 14:04:10,315 | MXC-USDT: Updated 450/450 rows in 3.06s
[INFO] 2025-04-02 14:04:10,315 | MOVR-USDT: Updated 450/450 rows in 3.06s
[INFO] 2025-04-02 14:04:10,317 | GPU is available: Device #0, Free: 10.98 GB / 12.00 GB
[INFO] 2025-04-02 14:04:10,622 | NEAR-USDT: Updated 450/450 rows in 3.37s
[INFO] 2025-04-02 14:04:10,652 | NC-USDT: Updated 450/450 rows in 3.40s
[INFO] 2025-04-02 14:04:10,874 | Progress: 175/306 pairs processed (2.11 pairs/sec, ~62s remaining)
[INFO] 2025-04-02 14:04:13,502 | NEIRO-USDT: Updated 450/450 rows in 3.78s
[INFO] 2025-04-02 14:04:13,503 | NEO-USDT: Updated 450/450 rows in 3.54s
[INFO] 2025-04-02 14:04:13,626 | NMR-USDT: Updated 450/450 rows in 3.42s
[INFO] 2025-04-02 14:04:13,681 | NFT-USDT: Updated 450/450 rows in 3.48s
[INFO] 2025-04-02 14:04:13,781 | Processing batch 16/27 with 12 pairs
[INFO] 2025-04-02 14:04:13,781 | Computing features for NOT-USDT
[INFO] 2025-04-02 14:04:13,782 | Computing features for NULS-USDT
[INFO] 2025-04-02 14:04:13,782 | Computing features for OAS-USDT
[INFO] 2025-04-02 14:04:13,782 | Computing features for OKB-USDT
[INFO] 2025-04-02 14:04:13,783 | Computing features for OKSOL-USDT
[INFO] 2025-04-02 14:04:13,784 | Computing features for OKT-USDT
[INFO] 2025-04-02 14:04:13,784 | GPU is available: Device #0, Free: 10.98 GB / 12.00 GB
[INFO] 2025-04-02 14:04:13,784 | GPU is available: Device #0, Free: 10.98 GB / 12.00 GB
[INFO] 2025-04-02 14:04:13,784 | Computing features for OL-USDT
[INFO] 2025-04-02 14:04:13,785 | Computing features for OM-USDT
[INFO] 2025-04-02 14:04:13,785 | GPU is available: Device #0, Free: 10.98 GB / 12.00 GB
[INFO] 2025-04-02 14:04:13,933 | GPU is available: Device #0, Free: 10.98 GB / 12.00 GB
[INFO] 2025-04-02 14:04:14,012 | GPU is available: Device #0, Free: 10.98 GB / 12.00 GB
[INFO] 2025-04-02 14:04:14,047 | GPU is available: Device #0, Free: 10.98 GB / 12.00 GB
[INFO] 2025-04-02 14:04:14,140 | GPU is available: Device #0, Free: 10.98 GB / 12.00 GB
[INFO] 2025-04-02 14:04:14,375 | GPU is available: Device #0, Free: 10.98 GB / 12.00 GB
[INFO] 2025-04-02 14:04:16,460 | NOT-USDT: Updated 450/450 rows in 2.68s
[INFO] 2025-04-02 14:04:16,528 | NULS-USDT: Updated 450/450 rows in 2.75s
[INFO] 2025-04-02 14:04:16,528 | OAS-USDT: Updated 450/450 rows in 2.75s
[INFO] 2025-04-02 14:04:16,529 | Computing features for OMI-USDT
[INFO] 2025-04-02 14:04:16,710 | GPU is available: Device #0, Free: 10.98 GB / 12.00 GB
[INFO] 2025-04-02 14:04:16,712 | OKB-USDT: Updated 450/450 rows in 2.93s
[INFO] 2025-04-02 14:04:16,715 | Computing features for ONDO-USDT
[INFO] 2025-04-02 14:04:16,776 | Computing features for ONE-USDT
[INFO] 2025-04-02 14:04:16,797 | GPU is available: Device #0, Free: 10.98 GB / 12.00 GB
[INFO] 2025-04-02 14:04:16,798 | OKSOL-USDT: Updated 450/450 rows in 3.02s
[INFO] 2025-04-02 14:04:16,798 | Computing features for ONT-USDT
[INFO] 2025-04-02 14:04:16,854 | GPU is available: Device #0, Free: 10.98 GB / 12.00 GB
[INFO] 2025-04-02 14:04:16,857 | GPU is available: Device #0, Free: 10.98 GB / 12.00 GB
[INFO] 2025-04-02 14:04:16,918 | OL-USDT: Updated 450/450 rows in 3.13s
[INFO] 2025-04-02 14:04:16,919 | OKT-USDT: Updated 450/450 rows in 3.14s
[INFO] 2025-04-02 14:04:17,162 | OM-USDT: Updated 450/450 rows in 3.38s
[INFO] 2025-04-02 14:04:18,358 | OMI-USDT: Updated 450/450 rows in 1.83s
[INFO] 2025-04-02 14:04:18,434 | ONDO-USDT: Updated 450/450 rows in 1.72s
[INFO] 2025-04-02 14:04:18,488 | ONE-USDT: Updated 450/450 rows in 1.71s
[INFO] 2025-04-02 14:04:18,488 | ONT-USDT: Updated 450/450 rows in 1.69s
[INFO] 2025-04-02 14:04:18,633 | Processing batch 17/27 with 12 pairs
[INFO] 2025-04-02 14:04:18,634 | Computing features for OP-USDT
[INFO] 2025-04-02 14:04:18,634 | Computing features for ORBS-USDT
[INFO] 2025-04-02 14:04:18,634 | Computing features for ORDI-USDT
[INFO] 2025-04-02 14:04:18,635 | Computing features for OXT-USDT
[INFO] 2025-04-02 14:04:18,635 | Computing features for PARTI-USDT
[INFO] 2025-04-02 14:04:18,636 | Computing features for PENDLE-USDT
[INFO] 2025-04-02 14:04:18,637 | GPU is available: Device #0, Free: 10.98 GB / 12.00 GB
[INFO] 2025-04-02 14:04:18,637 | GPU is available: Device #0, Free: 10.98 GB / 12.00 GB
[INFO] 2025-04-02 14:04:18,637 | GPU is available: Device #0, Free: 10.98 GB / 12.00 GB
[INFO] 2025-04-02 14:04:18,637 | Computing features for PENGU-USDT
[INFO] 2025-04-02 14:04:18,638 | Computing features for PEOPLE-USDT
[INFO] 2025-04-02 14:04:18,852 | GPU is available: Device #0, Free: 10.98 GB / 12.00 GB
[INFO] 2025-04-02 14:04:18,906 | GPU is available: Device #0, Free: 10.98 GB / 12.00 GB
[INFO] 2025-04-02 14:04:18,923 | GPU is available: Device #0, Free: 10.98 GB / 12.00 GB
[INFO] 2025-04-02 14:04:18,954 | GPU is available: Device #0, Free: 10.98 GB / 12.00 GB
[INFO] 2025-04-02 14:04:19,087 | GPU is available: Device #0, Free: 10.98 GB / 12.00 GB
[INFO] 2025-04-02 14:04:20,990 | PARTI-USDT: Updated 200/200 rows in 2.35s
[INFO] 2025-04-02 14:04:21,082 | Computing features for PEPE-USDT
[INFO] 2025-04-02 14:04:21,126 | OP-USDT: Updated 450/450 rows in 2.49s
[INFO] 2025-04-02 14:04:21,130 | GPU is available: Device #0, Free: 10.98 GB / 12.00 GB
[INFO] 2025-04-02 14:04:21,135 | ORDI-USDT: Updated 450/450 rows in 2.50s
[INFO] 2025-04-02 14:04:21,244 | Computing features for PERP-USDT
[INFO] 2025-04-02 14:04:21,245 | Computing features for PHA-USDT
[INFO] 2025-04-02 14:04:21,304 | GPU is available: Device #0, Free: 10.98 GB / 12.00 GB
[INFO] 2025-04-02 14:04:21,393 | GPU is available: Device #0, Free: 10.98 GB / 12.00 GB
[INFO] 2025-04-02 14:04:21,394 | ORBS-USDT: Updated 450/450 rows in 2.76s
[INFO] 2025-04-02 14:04:21,484 | Computing features for PI-USDT
[INFO] 2025-04-02 14:04:21,498 | GPU is available: Device #0, Free: 10.98 GB / 12.00 GB
[INFO] 2025-04-02 14:04:21,656 | OXT-USDT: Updated 450/450 rows in 3.02s
[INFO] 2025-04-02 14:04:21,663 | PENDLE-USDT: Updated 450/450 rows in 3.03s
[INFO] 2025-04-02 14:04:21,674 | PENGU-USDT: Updated 450/450 rows in 3.04s
[INFO] 2025-04-02 14:04:21,716 | PEOPLE-USDT: Updated 450/450 rows in 3.08s
[INFO] 2025-04-02 14:04:22,125 | Progress: 200/306 pairs processed (2.12 pairs/sec, ~50s remaining)
[INFO] 2025-04-02 14:04:22,872 | PEPE-USDT: Updated 450/450 rows in 1.79s
[INFO] 2025-04-02 14:04:22,935 | PI-USDT: Updated 450/450 rows in 1.45s
[INFO] 2025-04-02 14:04:22,935 | PHA-USDT: Updated 450/450 rows in 1.69s
[INFO] 2025-04-02 14:04:23,034 | PERP-USDT: Updated 450/450 rows in 1.79s
[INFO] 2025-04-02 14:04:23,128 | Processing batch 18/27 with 12 pairs
[INFO] 2025-04-02 14:04:23,129 | Computing features for PIXEL-USDT
[INFO] 2025-04-02 14:04:23,129 | Computing features for PNUT-USDT
[INFO] 2025-04-02 14:04:23,129 | Computing features for POL-USDT
[INFO] 2025-04-02 14:04:23,130 | Computing features for POLYDOGE-USDT
[INFO] 2025-04-02 14:04:23,130 | Computing features for POR-USDT
[INFO] 2025-04-02 14:04:23,131 | GPU is available: Device #0, Free: 10.98 GB / 12.00 GB
[INFO] 2025-04-02 14:04:23,131 | GPU is available: Device #0, Free: 10.98 GB / 12.00 GB
[INFO] 2025-04-02 14:04:23,131 | Computing features for PRCL-USDT
[INFO] 2025-04-02 14:04:23,131 | GPU is available: Device #0, Free: 10.98 GB / 12.00 GB
[INFO] 2025-04-02 14:04:23,132 | Computing features for PRQ-USDT
[INFO] 2025-04-02 14:04:23,132 | Computing features for PSTAKE-USDT
[INFO] 2025-04-02 14:04:23,339 | GPU is available: Device #0, Free: 10.98 GB / 12.00 GB
[INFO] 2025-04-02 14:04:23,346 | GPU is available: Device #0, Free: 10.98 GB / 12.00 GB
[INFO] 2025-04-02 14:04:23,366 | GPU is available: Device #0, Free: 10.98 GB / 12.00 GB
[INFO] 2025-04-02 14:04:23,432 | GPU is available: Device #0, Free: 10.98 GB / 12.00 GB
[INFO] 2025-04-02 14:04:23,569 | GPU is available: Device #0, Free: 10.98 GB / 12.00 GB
[INFO] 2025-04-02 14:04:25,667 | PNUT-USDT: Updated 450/450 rows in 2.54s
[INFO] 2025-04-02 14:04:25,757 | Computing features for PYTH-USDT
[INFO] 2025-04-02 14:04:25,759 | GPU is available: Device #0, Free: 10.98 GB / 12.00 GB
[INFO] 2025-04-02 14:04:25,761 | POL-USDT: Updated 450/450 rows in 2.63s
[INFO] 2025-04-02 14:04:25,761 | PIXEL-USDT: Updated 450/450 rows in 2.63s
[INFO] 2025-04-02 14:04:25,973 | POR-USDT: Updated 450/450 rows in 2.84s
[INFO] 2025-04-02 14:04:25,974 | Computing features for PYUSD-USDT
[INFO] 2025-04-02 14:04:26,029 | Computing features for QTUM-USDT
[INFO] 2025-04-02 14:04:26,031 | Computing features for RACA-USDT
[INFO] 2025-04-02 14:04:26,031 | GPU is available: Device #0, Free: 10.98 GB / 12.00 GB
[INFO] 2025-04-02 14:04:26,032 | GPU is available: Device #0, Free: 10.98 GB / 12.00 GB
[INFO] 2025-04-02 14:04:26,032 | GPU is available: Device #0, Free: 10.98 GB / 12.00 GB
[INFO] 2025-04-02 14:04:26,122 | PSTAKE-USDT: Updated 450/450 rows in 2.99s
[INFO] 2025-04-02 14:04:26,135 | POLYDOGE-USDT: Updated 450/450 rows in 3.01s
[INFO] 2025-04-02 14:04:26,135 | PRCL-USDT: Updated 450/450 rows in 3.00s
[INFO] 2025-04-02 14:04:26,239 | PRQ-USDT: Updated 450/450 rows in 3.11s
[INFO] 2025-04-02 14:04:27,566 | PYTH-USDT: Updated 450/450 rows in 1.81s
[INFO] 2025-04-02 14:04:27,638 | RACA-USDT: Updated 450/450 rows in 1.61s
[INFO] 2025-04-02 14:04:27,715 | PYUSD-USDT: Updated 450/450 rows in 1.74s
[INFO] 2025-04-02 14:04:27,772 | QTUM-USDT: Updated 450/450 rows in 1.74s
[INFO] 2025-04-02 14:04:27,868 | Processing batch 19/27 with 12 pairs
[INFO] 2025-04-02 14:04:27,868 | Computing features for RADAR-USDT
[INFO] 2025-04-02 14:04:27,869 | Computing features for RAY-USDT
[INFO] 2025-04-02 14:04:27,869 | Computing features for RDNT-USDT
[INFO] 2025-04-02 14:04:27,870 | GPU is available: Device #0, Free: 10.98 GB / 12.00 GB
[INFO] 2025-04-02 14:04:27,870 | Computing features for RENDER-USDT
[INFO] 2025-04-02 14:04:27,870 | Computing features for RIO-USDT
[INFO] 2025-04-02 14:04:27,871 | Computing features for RON-USDT
[INFO] 2025-04-02 14:04:27,871 | GPU is available: Device #0, Free: 10.98 GB / 12.00 GB
[INFO] 2025-04-02 14:04:27,871 | GPU is available: Device #0, Free: 10.98 GB / 12.00 GB
[INFO] 2025-04-02 14:04:27,871 | Computing features for RPL-USDT
[INFO] 2025-04-02 14:04:27,872 | Computing features for RSR-USDT
[INFO] 2025-04-02 14:04:28,072 | GPU is available: Device #0, Free: 10.98 GB / 12.00 GB
[INFO] 2025-04-02 14:04:28,149 | GPU is available: Device #0, Free: 10.98 GB / 12.00 GB
[INFO] 2025-04-02 14:04:28,170 | GPU is available: Device #0, Free: 10.98 GB / 12.00 GB
[INFO] 2025-04-02 14:04:28,307 | GPU is available: Device #0, Free: 10.98 GB / 12.00 GB
[INFO] 2025-04-02 14:04:28,355 | GPU is available: Device #0, Free: 10.98 GB / 12.00 GB
[INFO] 2025-04-02 14:04:30,442 | RADAR-USDT: Updated 450/450 rows in 2.57s
[INFO] 2025-04-02 14:04:30,463 | RDNT-USDT: Updated 450/450 rows in 2.59s
[INFO] 2025-04-02 14:04:30,605 | RAY-USDT: Updated 450/450 rows in 2.74s
[INFO] 2025-04-02 14:04:30,675 | Computing features for RSS3-USDT
[INFO] 2025-04-02 14:04:30,704 | Computing features for RUNECOIN-USDT
[INFO] 2025-04-02 14:04:30,712 | GPU is available: Device #0, Free: 10.98 GB / 12.00 GB
[INFO] 2025-04-02 14:04:30,724 | GPU is available: Device #0, Free: 10.98 GB / 12.00 GB
[INFO] 2025-04-02 14:04:30,738 | Computing features for RVN-USDT
[INFO] 2025-04-02 14:04:30,760 | GPU is available: Device #0, Free: 10.98 GB / 12.00 GB
[INFO] 2025-04-02 14:04:30,774 | RENDER-USDT: Updated 450/450 rows in 2.90s
[INFO] 2025-04-02 14:04:30,869 | RON-USDT: Updated 450/450 rows in 3.00s
[INFO] 2025-04-02 14:04:31,178 | RIO-USDT: Updated 450/450 rows in 3.31s
[INFO] 2025-04-02 14:04:31,182 | Computing features for S-USDT
[INFO] 2025-04-02 14:04:31,297 | RSR-USDT: Updated 450/450 rows in 3.43s
[INFO] 2025-04-02 14:04:31,299 | GPU is available: Device #0, Free: 10.98 GB / 12.00 GB
[INFO] 2025-04-02 14:04:31,315 | RPL-USDT: Updated 450/450 rows in 3.44s
[INFO] 2025-04-02 14:04:32,497 | RSS3-USDT: Updated 450/450 rows in 1.82s
[INFO] 2025-04-02 14:04:32,554 | RUNECOIN-USDT: Updated 450/450 rows in 1.85s
[INFO] 2025-04-02 14:04:32,554 | RVN-USDT: Updated 450/450 rows in 1.82s
[INFO] 2025-04-02 14:04:32,554 | Progress: 225/306 pairs processed (2.15 pairs/sec, ~38s remaining)
[INFO] 2025-04-02 14:04:32,660 | S-USDT: Updated 450/450 rows in 1.48s
[INFO] 2025-04-02 14:04:32,760 | Processing batch 20/27 with 12 pairs
[INFO] 2025-04-02 14:04:32,760 | Computing features for SAFE-USDT
[INFO] 2025-04-02 14:04:32,761 | Computing features for SAMO-USDT
[INFO] 2025-04-02 14:04:32,761 | Computing features for SAND-USDT
[INFO] 2025-04-02 14:04:32,762 | Computing features for SATS-USDT
[INFO] 2025-04-02 14:04:32,763 | GPU is available: Device #0, Free: 10.98 GB / 12.00 GB
[INFO] 2025-04-02 14:04:32,763 | Computing features for SC-USDT
[INFO] 2025-04-02 14:04:32,763 | GPU is available: Device #0, Free: 10.98 GB / 12.00 GB
[INFO] 2025-04-02 14:04:32,763 | Computing features for SCR-USDT
[INFO] 2025-04-02 14:04:32,763 | GPU is available: Device #0, Free: 10.98 GB / 12.00 GB
[INFO] 2025-04-02 14:04:32,764 | Computing features for SD-USDT
[INFO] 2025-04-02 14:04:32,764 | Computing features for SHIB-USDT
[INFO] 2025-04-02 14:04:33,008 | GPU is available: Device #0, Free: 10.98 GB / 12.00 GB
[INFO] 2025-04-02 14:04:33,008 | GPU is available: Device #0, Free: 10.98 GB / 12.00 GB
[INFO] 2025-04-02 14:04:33,091 | GPU is available: Device #0, Free: 10.98 GB / 12.00 GB
[INFO] 2025-04-02 14:04:33,303 | GPU is available: Device #0, Free: 10.98 GB / 12.00 GB
[INFO] 2025-04-02 14:04:33,304 | GPU is available: Device #0, Free: 10.98 GB / 12.00 GB
[INFO] 2025-04-02 14:04:35,451 | SAFE-USDT: Updated 450/450 rows in 2.69s
[INFO] 2025-04-02 14:04:35,552 | SAMO-USDT: Updated 450/450 rows in 2.79s
[INFO] 2025-04-02 14:04:35,557 | SAND-USDT: Updated 450/450 rows in 2.80s
[INFO] 2025-04-02 14:04:35,610 | Computing features for SKL-USDT
[INFO] 2025-04-02 14:04:35,663 | SC-USDT: Updated 450/450 rows in 2.90s
[INFO] 2025-04-02 14:04:35,663 | Computing features for SLERF-USDT
[INFO] 2025-04-02 14:04:35,663 | Computing features for SLP-USDT
[INFO] 2025-04-02 14:04:35,664 | GPU is available: Device #0, Free: 10.98 GB / 12.00 GB
[INFO] 2025-04-02 14:04:35,795 | GPU is available: Device #0, Free: 10.98 GB / 12.00 GB
[INFO] 2025-04-02 14:04:35,795 | GPU is available: Device #0, Free: 10.98 GB / 12.00 GB
[INFO] 2025-04-02 14:04:35,797 | SATS-USDT: Updated 450/450 rows in 3.03s
[INFO] 2025-04-02 14:04:35,858 | Computing features for SNT-USDT
[INFO] 2025-04-02 14:04:35,932 | GPU is available: Device #0, Free: 10.98 GB / 12.00 GB
[INFO] 2025-04-02 14:04:36,023 | SD-USDT: Updated 450/450 rows in 3.26s
[INFO] 2025-04-02 14:04:36,034 | SCR-USDT: Updated 450/450 rows in 3.27s
[INFO] 2025-04-02 14:04:36,114 | SHIB-USDT: Updated 450/450 rows in 3.35s
[INFO] 2025-04-02 14:04:37,351 | SKL-USDT: Updated 450/450 rows in 1.74s
[INFO] 2025-04-02 14:04:37,465 | SLERF-USDT: Updated 450/450 rows in 1.80s
[INFO] 2025-04-02 14:04:37,466 | SLP-USDT: Updated 450/450 rows in 1.80s
[INFO] 2025-04-02 14:04:37,592 | SNT-USDT: Updated 450/450 rows in 1.73s
[INFO] 2025-04-02 14:04:37,695 | Processing batch 21/27 with 12 pairs
[INFO] 2025-04-02 14:04:37,695 | Computing features for SNX-USDT
[INFO] 2025-04-02 14:04:37,696 | Computing features for SOL-USDT
[INFO] 2025-04-02 14:04:37,696 | Computing features for SONIC-USDT
[INFO] 2025-04-02 14:04:37,697 | Computing features for SPURS-USDT
[INFO] 2025-04-02 14:04:37,698 | Computing features for SSV-USDT
[INFO] 2025-04-02 14:04:37,699 | GPU is available: Device #0, Free: 10.98 GB / 12.00 GB
[INFO] 2025-04-02 14:04:37,699 | GPU is available: Device #0, Free: 10.98 GB / 12.00 GB
[INFO] 2025-04-02 14:04:37,699 | GPU is available: Device #0, Free: 10.98 GB / 12.00 GB
[INFO] 2025-04-02 14:04:37,699 | Computing features for SSWP-USDT
[INFO] 2025-04-02 14:04:37,699 | Computing features for STORJ-USDT
[INFO] 2025-04-02 14:04:37,700 | Computing features for STRK-USDT
[INFO] 2025-04-02 14:04:37,936 | GPU is available: Device #0, Free: 10.98 GB / 12.00 GB
[INFO] 2025-04-02 14:04:37,937 | GPU is available: Device #0, Free: 10.98 GB / 12.00 GB
[INFO] 2025-04-02 14:04:37,974 | GPU is available: Device #0, Free: 10.98 GB / 12.00 GB
[INFO] 2025-04-02 14:04:38,042 | GPU is available: Device #0, Free: 10.98 GB / 12.00 GB
[INFO] 2025-04-02 14:04:38,161 | GPU is available: Device #0, Free: 10.98 GB / 12.00 GB
[INFO] 2025-04-02 14:04:40,394 | SONIC-USDT: Updated 450/450 rows in 2.70s
[INFO] 2025-04-02 14:04:40,494 | SOL-USDT: Updated 450/450 rows in 2.80s
[INFO] 2025-04-02 14:04:40,494 | Computing features for STX-USDT
[INFO] 2025-04-02 14:04:40,495 | SNX-USDT: Updated 450/450 rows in 2.80s
[INFO] 2025-04-02 14:04:40,628 | GPU is available: Device #0, Free: 10.98 GB / 12.00 GB
[INFO] 2025-04-02 14:04:40,629 | SSV-USDT: Updated 450/450 rows in 2.93s
[INFO] 2025-04-02 14:04:40,705 | Computing features for SUI-USDT
[INFO] 2025-04-02 14:04:40,723 | Computing features for SUSHI-USDT
[INFO] 2025-04-02 14:04:40,734 | GPU is available: Device #0, Free: 10.98 GB / 12.00 GB
[INFO] 2025-04-02 14:04:40,735 | SPURS-USDT: Updated 450/450 rows in 3.04s
[INFO] 2025-04-02 14:04:40,736 | SSWP-USDT: Updated 450/450 rows in 3.04s
[INFO] 2025-04-02 14:04:40,736 | GPU is available: Device #0, Free: 10.98 GB / 12.00 GB
[INFO] 2025-04-02 14:04:40,736 | Computing features for SWEAT-USDT
[INFO] 2025-04-02 14:04:40,846 | GPU is available: Device #0, Free: 10.98 GB / 12.00 GB
[INFO] 2025-04-02 14:04:41,058 | STORJ-USDT: Updated 450/450 rows in 3.36s
[INFO] 2025-04-02 14:04:41,058 | STRK-USDT: Updated 450/450 rows in 3.36s
[INFO] 2025-04-02 14:04:42,283 | STX-USDT: Updated 450/450 rows in 1.79s
[INFO] 2025-04-02 14:04:42,376 | SUI-USDT: Updated 450/450 rows in 1.67s
[INFO] 2025-04-02 14:04:42,437 | Progress: 250/306 pairs processed (2.18 pairs/sec, ~26s remaining)
[INFO] 2025-04-02 14:04:42,440 | SWEAT-USDT: Updated 450/450 rows in 1.70s
[INFO] 2025-04-02 14:04:42,492 | SUSHI-USDT: Updated 450/450 rows in 1.77s
[INFO] 2025-04-02 14:04:42,589 | Processing batch 22/27 with 12 pairs
[INFO] 2025-04-02 14:04:42,590 | Computing features for SWFTC-USDT
[INFO] 2025-04-02 14:04:42,590 | Computing features for T-USDT
[INFO] 2025-04-02 14:04:42,591 | Computing features for THETA-USDT
[INFO] 2025-04-02 14:04:42,591 | Computing features for TIA-USDT
[INFO] 2025-04-02 14:04:42,592 | Computing features for TNSR-USDT
[INFO] 2025-04-02 14:04:42,592 | Computing features for TON-USDT
[INFO] 2025-04-02 14:04:42,593 | Computing features for TRA-USDT
[INFO] 2025-04-02 14:04:42,593 | Computing features for TRB-USDT
[INFO] 2025-04-02 14:04:42,593 | GPU is available: Device #0, Free: 10.98 GB / 12.00 GB
[INFO] 2025-04-02 14:04:42,593 | GPU is available: Device #0, Free: 10.98 GB / 12.00 GB
[INFO] 2025-04-02 14:04:42,594 | GPU is available: Device #0, Free: 10.98 GB / 12.00 GB
[INFO] 2025-04-02 14:04:42,688 | GPU is available: Device #0, Free: 10.98 GB / 12.00 GB
[INFO] 2025-04-02 14:04:42,878 | GPU is available: Device #0, Free: 10.98 GB / 12.00 GB
[INFO] 2025-04-02 14:04:42,883 | GPU is available: Device #0, Free: 10.98 GB / 12.00 GB
[INFO] 2025-04-02 14:04:43,036 | GPU is available: Device #0, Free: 10.98 GB / 12.00 GB
[INFO] 2025-04-02 14:04:43,151 | GPU is available: Device #0, Free: 10.98 GB / 12.00 GB
[INFO] 2025-04-02 14:04:45,284 | SWFTC-USDT: Updated 450/450 rows in 2.69s
[INFO] 2025-04-02 14:04:45,355 | T-USDT: Updated 450/450 rows in 2.76s
[INFO] 2025-04-02 14:04:46,950 | Computing features for TRUMP-USDT
[INFO] 2025-04-02 14:04:46,953 | TIA-USDT: Updated 450/450 rows in 4.36s
[INFO] 2025-04-02 14:04:46,954 | THETA-USDT: Updated 450/450 rows in 4.36s
[INFO] 2025-04-02 14:04:46,955 | Computing features for TRX-USDT
[INFO] 2025-04-02 14:04:47,012 | GPU is available: Device #0, Free: 10.98 GB / 12.00 GB
[INFO] 2025-04-02 14:04:47,126 | GPU is available: Device #0, Free: 10.98 GB / 12.00 GB
[INFO] 2025-04-02 14:04:47,127 | TNSR-USDT: Updated 450/450 rows in 4.53s
[INFO] 2025-04-02 14:04:47,128 | Computing features for TURBO-USDT
[INFO] 2025-04-02 14:04:47,188 | Computing features for ULTI-USDT
[INFO] 2025-04-02 14:04:47,216 | GPU is available: Device #0, Free: 10.98 GB / 12.00 GB
[INFO] 2025-04-02 14:04:47,279 | GPU is available: Device #0, Free: 10.98 GB / 12.00 GB
[INFO] 2025-04-02 14:04:47,317 | TON-USDT: Updated 450/450 rows in 4.72s
[INFO] 2025-04-02 14:04:47,449 | TRA-USDT: Updated 450/450 rows in 4.86s
[INFO] 2025-04-02 14:04:47,660 | TRB-USDT: Updated 450/450 rows in 5.07s
[INFO] 2025-04-02 14:04:48,719 | TRUMP-USDT: Updated 450/450 rows in 1.77s
[INFO] 2025-04-02 14:04:48,844 | TRX-USDT: Updated 450/450 rows in 1.89s
[INFO] 2025-04-02 14:04:48,922 | ULTI-USDT: Updated 450/450 rows in 1.73s
[INFO] 2025-04-02 14:04:48,981 | TURBO-USDT: Updated 450/450 rows in 1.85s
[INFO] 2025-04-02 14:04:49,086 | Processing batch 23/27 with 12 pairs
[INFO] 2025-04-02 14:04:49,086 | Computing features for UMA-USDT
[INFO] 2025-04-02 14:04:49,086 | Computing features for UNI-USDT
[INFO] 2025-04-02 14:04:49,087 | Computing features for USDC-USDT
[INFO] 2025-04-02 14:04:49,087 | Computing features for USTC-USDT
[INFO] 2025-04-02 14:04:49,088 | Computing features for UXLINK-USDT
[INFO] 2025-04-02 14:04:49,088 | Computing features for VELO-USDT
[INFO] 2025-04-02 14:04:49,089 | GPU is available: Device #0, Free: 10.98 GB / 12.00 GB
[INFO] 2025-04-02 14:04:49,089 | Computing features for VELODROME-USDT
[INFO] 2025-04-02 14:04:49,089 | GPU is available: Device #0, Free: 10.98 GB / 12.00 GB
[INFO] 2025-04-02 14:04:49,089 | GPU is available: Device #0, Free: 10.98 GB / 12.00 GB
[INFO] 2025-04-02 14:04:49,089 | Computing features for VENOM-USDT
[INFO] 2025-04-02 14:04:49,309 | GPU is available: Device #0, Free: 10.98 GB / 12.00 GB
[INFO] 2025-04-02 14:04:49,309 | GPU is available: Device #0, Free: 10.98 GB / 12.00 GB
[INFO] 2025-04-02 14:04:49,370 | GPU is available: Device #0, Free: 10.98 GB / 12.00 GB
[INFO] 2025-04-02 14:04:49,432 | GPU is available: Device #0, Free: 10.98 GB / 12.00 GB
[INFO] 2025-04-02 14:04:49,623 | GPU is available: Device #0, Free: 10.98 GB / 12.00 GB
[INFO] 2025-04-02 14:04:51,675 | UNI-USDT: Updated 450/450 rows in 2.59s
[INFO] 2025-04-02 14:04:51,756 | Computing features for VINE-USDT
[INFO] 2025-04-02 14:04:51,768 | GPU is available: Device #0, Free: 10.98 GB / 12.00 GB
[INFO] 2025-04-02 14:04:51,814 | UMA-USDT: Updated 450/450 rows in 2.73s
[INFO] 2025-04-02 14:04:51,975 | USDC-USDT: Updated 450/450 rows in 2.89s
[INFO] 2025-04-02 14:04:52,070 | Computing features for VRA-USDT
[INFO] 2025-04-02 14:04:52,144 | GPU is available: Device #0, Free: 10.98 GB / 12.00 GB
[INFO] 2025-04-02 14:04:52,171 | USTC-USDT: Updated 450/450 rows in 3.08s
[INFO] 2025-04-02 14:04:52,173 | Computing features for W-USDT
[INFO] 2025-04-02 14:04:52,276 | GPU is available: Device #0, Free: 10.98 GB / 12.00 GB
[INFO] 2025-04-02 14:04:52,278 | VELO-USDT: Updated 450/450 rows in 3.19s
[INFO] 2025-04-02 14:04:52,279 | UXLINK-USDT: Updated 450/450 rows in 3.19s
[INFO] 2025-04-02 14:04:52,486 | Computing features for WAXP-USDT
[INFO] 2025-04-02 14:04:52,547 | VENOM-USDT: Updated 450/450 rows in 3.46s
[INFO] 2025-04-02 14:04:52,611 | GPU is available: Device #0, Free: 10.98 GB / 12.00 GB
[INFO] 2025-04-02 14:04:52,619 | VELODROME-USDT: Updated 450/450 rows in 3.53s
[INFO] 2025-04-02 14:04:53,672 | VINE-USDT: Updated 450/450 rows in 1.92s
[INFO] 2025-04-02 14:04:53,771 | VRA-USDT: Updated 450/450 rows in 1.70s
[INFO] 2025-04-02 14:04:53,772 | W-USDT: Updated 450/450 rows in 1.60s
[INFO] 2025-04-02 14:04:53,887 | Progress: 275/306 pairs processed (2.18 pairs/sec, ~14s remaining)
[INFO] 2025-04-02 14:04:53,899 | WAXP-USDT: Updated 450/450 rows in 1.41s
[INFO] 2025-04-02 14:04:53,997 | Processing batch 24/27 with 12 pairs
[INFO] 2025-04-02 14:04:53,998 | Computing features for WIF-USDT
[INFO] 2025-04-02 14:04:53,998 | Computing features for WIN-USDT
[INFO] 2025-04-02 14:04:53,998 | Computing features for WLD-USDT
[INFO] 2025-04-02 14:04:53,999 | Computing features for WOO-USDT
[INFO] 2025-04-02 14:04:54,000 | Computing features for X-USDT
[INFO] 2025-04-02 14:04:54,000 | GPU is available: Device #0, Free: 10.98 GB / 12.00 GB
[INFO] 2025-04-02 14:04:54,000 | GPU is available: Device #0, Free: 10.98 GB / 12.00 GB
[INFO] 2025-04-02 14:04:54,000 | GPU is available: Device #0, Free: 10.98 GB / 12.00 GB
[INFO] 2025-04-02 14:04:54,000 | Computing features for XAUT-USDT
[INFO] 2025-04-02 14:04:54,001 | Computing features for XCH-USDT
[INFO] 2025-04-02 14:04:54,001 | Computing features for XLM-USDT
[INFO] 2025-04-02 14:04:54,220 | GPU is available: Device #0, Free: 10.98 GB / 12.00 GB
[INFO] 2025-04-02 14:04:54,265 | GPU is available: Device #0, Free: 10.98 GB / 12.00 GB
[INFO] 2025-04-02 14:04:54,268 | GPU is available: Device #0, Free: 10.98 GB / 12.00 GB
[INFO] 2025-04-02 14:04:54,327 | GPU is available: Device #0, Free: 10.98 GB / 12.00 GB
[INFO] 2025-04-02 14:04:54,441 | GPU is available: Device #0, Free: 10.98 GB / 12.00 GB
[INFO] 2025-04-02 14:04:56,599 | WIF-USDT: Updated 450/450 rows in 2.60s
[INFO] 2025-04-02 14:04:56,687 | WIN-USDT: Updated 450/450 rows in 2.69s
[INFO] 2025-04-02 14:04:56,746 | Computing features for XNO-USDT
[INFO] 2025-04-02 14:04:56,749 | GPU is available: Device #0, Free: 10.98 GB / 12.00 GB
[INFO] 2025-04-02 14:04:56,765 | Computing features for XRP-USDT
[INFO] 2025-04-02 14:04:56,821 | WLD-USDT: Updated 450/450 rows in 2.82s
[INFO] 2025-04-02 14:04:56,832 | WOO-USDT: Updated 450/450 rows in 2.83s
[INFO] 2025-04-02 14:04:56,847 | GPU is available: Device #0, Free: 10.98 GB / 12.00 GB
[INFO] 2025-04-02 14:04:57,010 | Computing features for XTZ-USDT
[INFO] 2025-04-02 14:04:57,010 | Computing features for YFI-USDT
[INFO] 2025-04-02 14:04:57,032 | XAUT-USDT: Updated 450/450 rows in 3.03s
[INFO] 2025-04-02 14:04:57,038 | GPU is available: Device #0, Free: 10.98 GB / 12.00 GB
[INFO] 2025-04-02 14:04:57,040 | GPU is available: Device #0, Free: 10.98 GB / 12.00 GB
[INFO] 2025-04-02 14:04:57,048 | XCH-USDT: Updated 450/450 rows in 3.05s
[INFO] 2025-04-02 14:04:57,106 | X-USDT: Updated 450/450 rows in 3.11s
[INFO] 2025-04-02 14:04:57,106 | XLM-USDT: Updated 450/450 rows in 3.11s
[INFO] 2025-04-02 14:04:58,418 | XNO-USDT: Updated 450/450 rows in 1.67s
[INFO] 2025-04-02 14:04:58,529 | XRP-USDT: Updated 450/450 rows in 1.76s
[INFO] 2025-04-02 14:04:58,530 | XTZ-USDT: Updated 450/450 rows in 1.52s
[INFO] 2025-04-02 14:04:58,654 | YFI-USDT: Updated 450/450 rows in 1.64s
[INFO] 2025-04-02 14:04:58,749 | Processing batch 25/27 with 11 pairs
[INFO] 2025-04-02 14:04:58,749 | Computing features for YGG-USDT
[INFO] 2025-04-02 14:04:58,750 | Computing features for ZBCN-USDT
[INFO] 2025-04-02 14:04:58,750 | Computing features for ZENT-USDT
[INFO] 2025-04-02 14:04:58,751 | Computing features for ZERO-USDT
[INFO] 2025-04-02 14:04:58,751 | Computing features for ZETA-USDT
[INFO] 2025-04-02 14:04:58,751 | GPU is available: Device #0, Free: 10.98 GB / 12.00 GB
[INFO] 2025-04-02 14:04:58,751 | GPU is available: Device #0, Free: 10.98 GB / 12.00 GB
[INFO] 2025-04-02 14:04:58,752 | Computing features for ZEUS-USDT
[INFO] 2025-04-02 14:04:58,752 | GPU is available: Device #0, Free: 10.98 GB / 12.00 GB
[INFO] 2025-04-02 14:04:58,752 | Computing features for ZIL-USDT
[INFO] 2025-04-02 14:04:58,752 | Computing features for ZK-USDT
[INFO] 2025-04-02 14:04:58,976 | GPU is available: Device #0, Free: 10.98 GB / 12.00 GB
[INFO] 2025-04-02 14:04:58,996 | GPU is available: Device #0, Free: 10.98 GB / 12.00 GB
[INFO] 2025-04-02 14:04:59,048 | GPU is available: Device #0, Free: 10.98 GB / 12.00 GB
[INFO] 2025-04-02 14:04:59,104 | GPU is available: Device #0, Free: 10.98 GB / 12.00 GB
[INFO] 2025-04-02 14:04:59,662 | GPU is available: Device #0, Free: 10.98 GB / 12.00 GB
[INFO] 2025-04-02 14:05:01,346 | ZENT-USDT: Updated 450/450 rows in 2.60s
[INFO] 2025-04-02 14:05:01,456 | ZBCN-USDT: Updated 450/450 rows in 2.71s
[INFO] 2025-04-02 14:05:01,462 | Computing features for ZKJ-USDT
[INFO] 2025-04-02 14:05:01,550 | YGG-USDT: Updated 450/450 rows in 2.80s
[INFO] 2025-04-02 14:05:01,551 | GPU is available: Device #0, Free: 10.98 GB / 12.00 GB
[INFO] 2025-04-02 14:05:01,651 | Computing features for ZRO-USDT
[INFO] 2025-04-02 14:05:01,680 | ZERO-USDT: Updated 450/450 rows in 2.93s
[INFO] 2025-04-02 14:05:01,681 | Computing features for ZRX-USDT
[INFO] 2025-04-02 14:05:01,741 | GPU is available: Device #0, Free: 10.98 GB / 12.00 GB
[INFO] 2025-04-02 14:05:01,757 | GPU is available: Device #0, Free: 10.98 GB / 12.00 GB
[INFO] 2025-04-02 14:05:01,765 | ZETA-USDT: Updated 450/450 rows in 3.01s
[INFO] 2025-04-02 14:05:01,822 | ZEUS-USDT: Updated 450/450 rows in 3.07s
[INFO] 2025-04-02 14:05:02,073 | ZIL-USDT: Updated 450/450 rows in 3.32s
[INFO] 2025-04-02 14:05:02,217 | ZK-USDT: Updated 450/450 rows in 3.46s
[INFO] 2025-04-02 14:05:02,989 | ZKJ-USDT: Updated 450/450 rows in 1.53s
[INFO] 2025-04-02 14:05:03,063 | ZRO-USDT: Updated 450/450 rows in 1.41s
[INFO] 2025-04-02 14:05:03,118 | ZRX-USDT: Updated 450/450 rows in 1.44s
[INFO] 2025-04-02 14:05:03,215 | Processing batch 26/27 with 6 pairs
[INFO] 2025-04-02 14:05:03,216 | Computing features for BETH-USDT
[INFO] 2025-04-02 14:05:03,216 | Computing features for BTC-USDT
[INFO] 2025-04-02 14:05:03,216 | Computing features for ETH-USDT
[INFO] 2025-04-02 14:05:03,217 | Computing features for ETHFI-USDT
[INFO] 2025-04-02 14:05:03,218 | GPU is available: Device #0, Free: 10.98 GB / 12.00 GB
[INFO] 2025-04-02 14:05:03,218 | GPU is available: Device #0, Free: 10.98 GB / 12.00 GB
[INFO] 2025-04-02 14:05:03,218 | Computing features for ETHW-USDT
[INFO] 2025-04-02 14:05:03,218 | GPU is available: Device #0, Free: 10.98 GB / 12.00 GB
[INFO] 2025-04-02 14:05:03,219 | Computing features for STETH-USDT
[INFO] 2025-04-02 14:05:03,320 | GPU is available: Device #0, Free: 10.98 GB / 12.00 GB
[INFO] 2025-04-02 14:05:03,463 | GPU is available: Device #0, Free: 10.98 GB / 12.00 GB
[INFO] 2025-04-02 14:05:03,480 | GPU is available: Device #0, Free: 10.98 GB / 12.00 GB
[INFO] 2025-04-02 14:05:05,164 | BETH-USDT: Updated 450/450 rows in 1.95s
[INFO] 2025-04-02 14:05:05,271 | Progress: 300/306 pairs processed (2.18 pairs/sec, ~3s remaining)
[INFO] 2025-04-02 14:05:05,362 | BTC-USDT: Updated 450/450 rows in 2.15s
[INFO] 2025-04-02 14:05:05,362 | ETH-USDT: Updated 450/450 rows in 2.15s
[INFO] 2025-04-02 14:05:05,363 | ETHW-USDT: Updated 450/450 rows in 2.15s
[INFO] 2025-04-02 14:05:05,542 | STETH-USDT: Updated 450/450 rows in 2.32s
[INFO] 2025-04-02 14:05:05,600 | ETHFI-USDT: Updated 450/450 rows in 2.38s
[INFO] 2025-04-02 14:05:05,699 | Processing batch 27/27 with 1 pairs
[INFO] 2025-04-02 14:05:05,699 | Computing features for WBTC-USDT
[INFO] 2025-04-02 14:05:05,700 | GPU is available: Device #0, Free: 10.98 GB / 12.00 GB
[INFO] 2025-04-02 14:05:06,029 | WBTC-USDT: Updated 450/450 rows in 0.33s
[INFO] 2025-04-02 14:05:06,083 | Progress: 306/306 pairs processed (2.21 pairs/sec, ~0s remaining)
[INFO] 2025-04-02 14:05:06,127 | Computing cross-pair features
[INFO] 2025-04-02 14:05:14,941 | Updated 1 rows with cross-pair features
[INFO] 2025-04-02 14:05:14,947 | Performance summary saved to logs/performance_summary_2025-04-02_140514.json
[INFO] 2025-04-02 14:05:14,947 | Performance report saved to logs/performance_report_2025-04-02_140514.txt
[INFO] 2025-04-02 14:05:14,947 | Performance summary saved to logs/performance_summary_2025-04-02_140514.json
[INFO] 2025-04-02 14:05:14,947 | Performance report saved to logs/performance_report_2025-04-02_140514.txt
[INFO] 2025-04-02 14:05:14,947 | Rolling update mode completed.
