[INFO] 2025-03-26 12:32:47,163 | Loaded credentials from /root/OKXsignal/config/credentials.env
[INFO] 2025-03-26 12:32:47,166 | Loaded config from /root/OKXsignal/config/config.ini
[INFO] 2025-03-26 12:32:47,748 | GPU acceleration is available
[INFO] 2025-03-26 12:32:47,748 | Creating database connection pool (hiding credentials)
[INFO] 2025-03-26 12:32:47,762 | Starting compute_features.py in ROLLING_UPDATE mode with rolling_window=128
[INFO] 2025-03-26 12:32:47,762 | Using 16 parallel workers
[INFO] 2025-03-26 12:32:47,762 | Numba: enabled, GPU: disabled
[INFO] 2025-03-26 12:32:47,824 | Database connection test successful
[INFO] 2025-03-26 12:32:48,424 | Found 303 pairs
[INFO] 2025-03-26 12:32:48,424 | Rolling update mode: computing last 128 rows per pair
[INFO] 2025-03-26 12:32:48,425 | Computing features for 1INCH-USDT
[INFO] 2025-03-26 12:32:48,426 | Computing features for AAVE-USDT
[INFO] 2025-03-26 12:32:48,426 | Computing features for ACA-USDT
[INFO] 2025-03-26 12:32:48,427 | Computing features for ACE-USDT
[INFO] 2025-03-26 12:32:48,427 | Computing features for ACH-USDT
[INFO] 2025-03-26 12:32:48,427 | Computing features for ACT-USDT
[INFO] 2025-03-26 12:32:48,428 | Computing features for ADA-USDT
[INFO] 2025-03-26 12:32:48,429 | Computing features for AERGO-USDT
[INFO] 2025-03-26 12:32:48,429 | Computing features for AEVO-USDT
[INFO] 2025-03-26 12:32:48,429 | Computing features for AGLD-USDT
[INFO] 2025-03-26 12:32:48,429 | Computing features for AIDOGE-USDT
[INFO] 2025-03-26 12:32:48,430 | Computing features for AIXBT-USDT
[INFO] 2025-03-26 12:32:48,430 | Computing features for ALCX-USDT
[INFO] 2025-03-26 12:32:48,430 | Computing features for ALGO-USDT
[INFO] 2025-03-26 12:32:48,432 | Computing features for ALPHA-USDT
[INFO] 2025-03-26 12:32:48,433 | Computing features for ANIME-USDT
[ERROR] 2025-03-26 12:33:02,560 | Error processing ACE-USDT: 'ConfigManager' object has no attribute 'SMALLINT_COLUMNS'
Traceback (most recent call last):
  File "/root/OKXsignal/database/processing/compute_features.py", line 494, in process_pair
    col_type = int if col in config_manager.SMALLINT_COLUMNS else float
AttributeError: 'ConfigManager' object has no attribute 'SMALLINT_COLUMNS'
[INFO] 2025-03-26 12:33:02,566 | ACE-USDT: Updated 0/128 rows in 14.14s
[ERROR] 2025-03-26 12:33:02,566 | Thread error for pair ACE-USDT: 'ConfigManager' object has no attribute 'SMALLINT_COLUMNS'
Traceback (most recent call last):
  File "/root/OKXsignal/database/processing/compute_features.py", line 690, in process_pair_thread
    process_pair(pair, db_manager, rolling_window, config_manager, args.debug, perf_monitor)
  File "/root/OKXsignal/database/processing/compute_features.py", line 494, in process_pair
    col_type = int if col in config_manager.SMALLINT_COLUMNS else float
AttributeError: 'ConfigManager' object has no attribute 'SMALLINT_COLUMNS'
[INFO] 2025-03-26 12:33:02,567 | Computing features for APE-USDT
[ERROR] 2025-03-26 12:33:03,330 | Error processing AAVE-USDT: 'ConfigManager' object has no attribute 'SMALLINT_COLUMNS'
Traceback (most recent call last):
  File "/root/OKXsignal/database/processing/compute_features.py", line 494, in process_pair
    col_type = int if col in config_manager.SMALLINT_COLUMNS else float
AttributeError: 'ConfigManager' object has no attribute 'SMALLINT_COLUMNS'
[INFO] 2025-03-26 12:33:03,333 | AAVE-USDT: Updated 0/128 rows in 14.91s
[ERROR] 2025-03-26 12:33:03,340 | Thread error for pair AAVE-USDT: 'ConfigManager' object has no attribute 'SMALLINT_COLUMNS'
Traceback (most recent call last):
  File "/root/OKXsignal/database/processing/compute_features.py", line 690, in process_pair_thread
    process_pair(pair, db_manager, rolling_window, config_manager, args.debug, perf_monitor)
  File "/root/OKXsignal/database/processing/compute_features.py", line 494, in process_pair
    col_type = int if col in config_manager.SMALLINT_COLUMNS else float
AttributeError: 'ConfigManager' object has no attribute 'SMALLINT_COLUMNS'
[INFO] 2025-03-26 12:33:03,343 | Computing features for API3-USDT
[ERROR] 2025-03-26 12:33:03,825 | Error processing 1INCH-USDT: 'ConfigManager' object has no attribute 'SMALLINT_COLUMNS'
Traceback (most recent call last):
  File "/root/OKXsignal/database/processing/compute_features.py", line 494, in process_pair
    col_type = int if col in config_manager.SMALLINT_COLUMNS else float
AttributeError: 'ConfigManager' object has no attribute 'SMALLINT_COLUMNS'
[INFO] 2025-03-26 12:33:03,831 | 1INCH-USDT: Updated 0/128 rows in 15.41s
[ERROR] 2025-03-26 12:33:03,834 | Thread error for pair 1INCH-USDT: 'ConfigManager' object has no attribute 'SMALLINT_COLUMNS'
Traceback (most recent call last):
  File "/root/OKXsignal/database/processing/compute_features.py", line 690, in process_pair_thread
    process_pair(pair, db_manager, rolling_window, config_manager, args.debug, perf_monitor)
  File "/root/OKXsignal/database/processing/compute_features.py", line 494, in process_pair
    col_type = int if col in config_manager.SMALLINT_COLUMNS else float
AttributeError: 'ConfigManager' object has no attribute 'SMALLINT_COLUMNS'
[INFO] 2025-03-26 12:33:03,842 | Computing features for APT-USDT
[ERROR] 2025-03-26 12:33:03,972 | Error processing AGLD-USDT: 'ConfigManager' object has no attribute 'SMALLINT_COLUMNS'
Traceback (most recent call last):
  File "/root/OKXsignal/database/processing/compute_features.py", line 494, in process_pair
    col_type = int if col in config_manager.SMALLINT_COLUMNS else float
AttributeError: 'ConfigManager' object has no attribute 'SMALLINT_COLUMNS'
[INFO] 2025-03-26 12:33:03,977 | AGLD-USDT: Updated 0/128 rows in 15.55s
[ERROR] 2025-03-26 12:33:03,979 | Thread error for pair AGLD-USDT: 'ConfigManager' object has no attribute 'SMALLINT_COLUMNS'
Traceback (most recent call last):
  File "/root/OKXsignal/database/processing/compute_features.py", line 690, in process_pair_thread
    process_pair(pair, db_manager, rolling_window, config_manager, args.debug, perf_monitor)
  File "/root/OKXsignal/database/processing/compute_features.py", line 494, in process_pair
    col_type = int if col in config_manager.SMALLINT_COLUMNS else float
AttributeError: 'ConfigManager' object has no attribute 'SMALLINT_COLUMNS'
[INFO] 2025-03-26 12:33:03,999 | Computing features for AR-USDT
[ERROR] 2025-03-26 12:33:04,260 | Error processing ACT-USDT: 'ConfigManager' object has no attribute 'SMALLINT_COLUMNS'
Traceback (most recent call last):
  File "/root/OKXsignal/database/processing/compute_features.py", line 494, in process_pair
    col_type = int if col in config_manager.SMALLINT_COLUMNS else float
AttributeError: 'ConfigManager' object has no attribute 'SMALLINT_COLUMNS'
[INFO] 2025-03-26 12:33:04,263 | ACT-USDT: Updated 0/128 rows in 15.84s
[ERROR] 2025-03-26 12:33:04,265 | Thread error for pair ACT-USDT: 'ConfigManager' object has no attribute 'SMALLINT_COLUMNS'
Traceback (most recent call last):
  File "/root/OKXsignal/database/processing/compute_features.py", line 690, in process_pair_thread
    process_pair(pair, db_manager, rolling_window, config_manager, args.debug, perf_monitor)
  File "/root/OKXsignal/database/processing/compute_features.py", line 494, in process_pair
    col_type = int if col in config_manager.SMALLINT_COLUMNS else float
AttributeError: 'ConfigManager' object has no attribute 'SMALLINT_COLUMNS'
[INFO] 2025-03-26 12:33:04,276 | Computing features for ARB-USDT
[ERROR] 2025-03-26 12:33:04,485 | Error processing AEVO-USDT: 'ConfigManager' object has no attribute 'SMALLINT_COLUMNS'
Traceback (most recent call last):
  File "/root/OKXsignal/database/processing/compute_features.py", line 494, in process_pair
    col_type = int if col in config_manager.SMALLINT_COLUMNS else float
AttributeError: 'ConfigManager' object has no attribute 'SMALLINT_COLUMNS'
[INFO] 2025-03-26 12:33:04,488 | AEVO-USDT: Updated 0/128 rows in 16.06s
[ERROR] 2025-03-26 12:33:04,496 | Thread error for pair AEVO-USDT: 'ConfigManager' object has no attribute 'SMALLINT_COLUMNS'
Traceback (most recent call last):
  File "/root/OKXsignal/database/processing/compute_features.py", line 690, in process_pair_thread
    process_pair(pair, db_manager, rolling_window, config_manager, args.debug, perf_monitor)
  File "/root/OKXsignal/database/processing/compute_features.py", line 494, in process_pair
    col_type = int if col in config_manager.SMALLINT_COLUMNS else float
AttributeError: 'ConfigManager' object has no attribute 'SMALLINT_COLUMNS'
[INFO] 2025-03-26 12:33:04,512 | Computing features for ARG-USDT
[ERROR] 2025-03-26 12:33:04,552 | Error processing ACH-USDT: 'ConfigManager' object has no attribute 'SMALLINT_COLUMNS'
Traceback (most recent call last):
  File "/root/OKXsignal/database/processing/compute_features.py", line 494, in process_pair
    col_type = int if col in config_manager.SMALLINT_COLUMNS else float
AttributeError: 'ConfigManager' object has no attribute 'SMALLINT_COLUMNS'
[INFO] 2025-03-26 12:33:04,554 | ACH-USDT: Updated 0/128 rows in 16.13s
[ERROR] 2025-03-26 12:33:04,560 | Thread error for pair ACH-USDT: 'ConfigManager' object has no attribute 'SMALLINT_COLUMNS'
Traceback (most recent call last):
  File "/root/OKXsignal/database/processing/compute_features.py", line 690, in process_pair_thread
    process_pair(pair, db_manager, rolling_window, config_manager, args.debug, perf_monitor)
  File "/root/OKXsignal/database/processing/compute_features.py", line 494, in process_pair
    col_type = int if col in config_manager.SMALLINT_COLUMNS else float
AttributeError: 'ConfigManager' object has no attribute 'SMALLINT_COLUMNS'
[INFO] 2025-03-26 12:33:04,568 | Computing features for ARKM-USDT
[ERROR] 2025-03-26 12:33:05,130 | Error processing ADA-USDT: 'ConfigManager' object has no attribute 'SMALLINT_COLUMNS'
Traceback (most recent call last):
  File "/root/OKXsignal/database/processing/compute_features.py", line 494, in process_pair
    col_type = int if col in config_manager.SMALLINT_COLUMNS else float
AttributeError: 'ConfigManager' object has no attribute 'SMALLINT_COLUMNS'
[INFO] 2025-03-26 12:33:05,135 | ADA-USDT: Updated 0/128 rows in 16.71s
[ERROR] 2025-03-26 12:33:05,139 | Thread error for pair ADA-USDT: 'ConfigManager' object has no attribute 'SMALLINT_COLUMNS'
Traceback (most recent call last):
  File "/root/OKXsignal/database/processing/compute_features.py", line 690, in process_pair_thread
    process_pair(pair, db_manager, rolling_window, config_manager, args.debug, perf_monitor)
  File "/root/OKXsignal/database/processing/compute_features.py", line 494, in process_pair
    col_type = int if col in config_manager.SMALLINT_COLUMNS else float
AttributeError: 'ConfigManager' object has no attribute 'SMALLINT_COLUMNS'
[INFO] 2025-03-26 12:33:05,144 | Computing features for ARTY-USDT
[ERROR] 2025-03-26 12:33:06,519 | Error processing ANIME-USDT: 'ConfigManager' object has no attribute 'SMALLINT_COLUMNS'
Traceback (most recent call last):
  File "/root/OKXsignal/database/processing/compute_features.py", line 494, in process_pair
    col_type = int if col in config_manager.SMALLINT_COLUMNS else float
AttributeError: 'ConfigManager' object has no attribute 'SMALLINT_COLUMNS'
[INFO] 2025-03-26 12:33:06,524 | ANIME-USDT: Updated 0/128 rows in 18.09s
[ERROR] 2025-03-26 12:33:06,532 | Thread error for pair ANIME-USDT: 'ConfigManager' object has no attribute 'SMALLINT_COLUMNS'
Traceback (most recent call last):
  File "/root/OKXsignal/database/processing/compute_features.py", line 690, in process_pair_thread
    process_pair(pair, db_manager, rolling_window, config_manager, args.debug, perf_monitor)
  File "/root/OKXsignal/database/processing/compute_features.py", line 494, in process_pair
    col_type = int if col in config_manager.SMALLINT_COLUMNS else float
AttributeError: 'ConfigManager' object has no attribute 'SMALLINT_COLUMNS'
[INFO] 2025-03-26 12:33:06,562 | Computing features for ASTR-USDT
[ERROR] 2025-03-26 12:33:06,699 | Error processing ALPHA-USDT: 'ConfigManager' object has no attribute 'SMALLINT_COLUMNS'
Traceback (most recent call last):
  File "/root/OKXsignal/database/processing/compute_features.py", line 494, in process_pair
    col_type = int if col in config_manager.SMALLINT_COLUMNS else float
AttributeError: 'ConfigManager' object has no attribute 'SMALLINT_COLUMNS'
[INFO] 2025-03-26 12:33:06,703 | ALPHA-USDT: Updated 0/128 rows in 18.27s
[ERROR] 2025-03-26 12:33:06,704 | Thread error for pair ALPHA-USDT: 'ConfigManager' object has no attribute 'SMALLINT_COLUMNS'
Traceback (most recent call last):
  File "/root/OKXsignal/database/processing/compute_features.py", line 690, in process_pair_thread
    process_pair(pair, db_manager, rolling_window, config_manager, args.debug, perf_monitor)
  File "/root/OKXsignal/database/processing/compute_features.py", line 494, in process_pair
    col_type = int if col in config_manager.SMALLINT_COLUMNS else float
AttributeError: 'ConfigManager' object has no attribute 'SMALLINT_COLUMNS'
[INFO] 2025-03-26 12:33:06,719 | Computing features for ATH-USDT
[ERROR] 2025-03-26 12:33:06,922 | Error processing AIDOGE-USDT: 'ConfigManager' object has no attribute 'SMALLINT_COLUMNS'
Traceback (most recent call last):
  File "/root/OKXsignal/database/processing/compute_features.py", line 494, in process_pair
    col_type = int if col in config_manager.SMALLINT_COLUMNS else float
AttributeError: 'ConfigManager' object has no attribute 'SMALLINT_COLUMNS'
[INFO] 2025-03-26 12:33:06,924 | AIDOGE-USDT: Updated 0/128 rows in 18.49s
[ERROR] 2025-03-26 12:33:06,928 | Thread error for pair AIDOGE-USDT: 'ConfigManager' object has no attribute 'SMALLINT_COLUMNS'
Traceback (most recent call last):
  File "/root/OKXsignal/database/processing/compute_features.py", line 690, in process_pair_thread
    process_pair(pair, db_manager, rolling_window, config_manager, args.debug, perf_monitor)
  File "/root/OKXsignal/database/processing/compute_features.py", line 494, in process_pair
    col_type = int if col in config_manager.SMALLINT_COLUMNS else float
AttributeError: 'ConfigManager' object has no attribute 'SMALLINT_COLUMNS'
[INFO] 2025-03-26 12:33:06,937 | Computing features for ATOM-USDT
[ERROR] 2025-03-26 12:33:07,864 | Error processing ALCX-USDT: 'ConfigManager' object has no attribute 'SMALLINT_COLUMNS'
Traceback (most recent call last):
  File "/root/OKXsignal/database/processing/compute_features.py", line 494, in process_pair
    col_type = int if col in config_manager.SMALLINT_COLUMNS else float
AttributeError: 'ConfigManager' object has no attribute 'SMALLINT_COLUMNS'
[INFO] 2025-03-26 12:33:07,867 | ALCX-USDT: Updated 0/128 rows in 19.44s
[ERROR] 2025-03-26 12:33:07,869 | Thread error for pair ALCX-USDT: 'ConfigManager' object has no attribute 'SMALLINT_COLUMNS'
Traceback (most recent call last):
  File "/root/OKXsignal/database/processing/compute_features.py", line 690, in process_pair_thread
    process_pair(pair, db_manager, rolling_window, config_manager, args.debug, perf_monitor)
  File "/root/OKXsignal/database/processing/compute_features.py", line 494, in process_pair
    col_type = int if col in config_manager.SMALLINT_COLUMNS else float
AttributeError: 'ConfigManager' object has no attribute 'SMALLINT_COLUMNS'
[INFO] 2025-03-26 12:33:07,872 | Computing features for AUCTION-USDT
[ERROR] 2025-03-26 12:33:07,918 | Error processing AIXBT-USDT: 'ConfigManager' object has no attribute 'SMALLINT_COLUMNS'
Traceback (most recent call last):
  File "/root/OKXsignal/database/processing/compute_features.py", line 494, in process_pair
    col_type = int if col in config_manager.SMALLINT_COLUMNS else float
AttributeError: 'ConfigManager' object has no attribute 'SMALLINT_COLUMNS'
[INFO] 2025-03-26 12:33:07,921 | AIXBT-USDT: Updated 0/128 rows in 19.49s
[ERROR] 2025-03-26 12:33:07,939 | Thread error for pair AIXBT-USDT: 'ConfigManager' object has no attribute 'SMALLINT_COLUMNS'
Traceback (most recent call last):
  File "/root/OKXsignal/database/processing/compute_features.py", line 690, in process_pair_thread
    process_pair(pair, db_manager, rolling_window, config_manager, args.debug, perf_monitor)
  File "/root/OKXsignal/database/processing/compute_features.py", line 494, in process_pair
    col_type = int if col in config_manager.SMALLINT_COLUMNS else float
AttributeError: 'ConfigManager' object has no attribute 'SMALLINT_COLUMNS'
[INFO] 2025-03-26 12:33:07,942 | Computing features for AVAX-USDT
[ERROR] 2025-03-26 12:33:07,966 | Error processing ALGO-USDT: 'ConfigManager' object has no attribute 'SMALLINT_COLUMNS'
Traceback (most recent call last):
  File "/root/OKXsignal/database/processing/compute_features.py", line 494, in process_pair
    col_type = int if col in config_manager.SMALLINT_COLUMNS else float
AttributeError: 'ConfigManager' object has no attribute 'SMALLINT_COLUMNS'
[INFO] 2025-03-26 12:33:07,977 | ALGO-USDT: Updated 0/128 rows in 19.55s
[ERROR] 2025-03-26 12:33:07,981 | Thread error for pair ALGO-USDT: 'ConfigManager' object has no attribute 'SMALLINT_COLUMNS'
Traceback (most recent call last):
  File "/root/OKXsignal/database/processing/compute_features.py", line 690, in process_pair_thread
    process_pair(pair, db_manager, rolling_window, config_manager, args.debug, perf_monitor)
  File "/root/OKXsignal/database/processing/compute_features.py", line 494, in process_pair
    col_type = int if col in config_manager.SMALLINT_COLUMNS else float
AttributeError: 'ConfigManager' object has no attribute 'SMALLINT_COLUMNS'
[INFO] 2025-03-26 12:33:08,003 | Computing features for AXS-USDT
[ERROR] 2025-03-26 12:33:08,509 | Error processing AERGO-USDT: 'ConfigManager' object has no attribute 'SMALLINT_COLUMNS'
Traceback (most recent call last):
  File "/root/OKXsignal/database/processing/compute_features.py", line 494, in process_pair
    col_type = int if col in config_manager.SMALLINT_COLUMNS else float
AttributeError: 'ConfigManager' object has no attribute 'SMALLINT_COLUMNS'
[INFO] 2025-03-26 12:33:08,516 | AERGO-USDT: Updated 0/128 rows in 20.09s
[ERROR] 2025-03-26 12:33:08,519 | Thread error for pair AERGO-USDT: 'ConfigManager' object has no attribute 'SMALLINT_COLUMNS'
Traceback (most recent call last):
  File "/root/OKXsignal/database/processing/compute_features.py", line 690, in process_pair_thread
    process_pair(pair, db_manager, rolling_window, config_manager, args.debug, perf_monitor)
  File "/root/OKXsignal/database/processing/compute_features.py", line 494, in process_pair
    col_type = int if col in config_manager.SMALLINT_COLUMNS else float
AttributeError: 'ConfigManager' object has no attribute 'SMALLINT_COLUMNS'
[INFO] 2025-03-26 12:33:08,523 | Computing features for BABYDOGE-USDT
[ERROR] 2025-03-26 12:33:08,943 | Error processing ACA-USDT: 'ConfigManager' object has no attribute 'SMALLINT_COLUMNS'
Traceback (most recent call last):
  File "/root/OKXsignal/database/processing/compute_features.py", line 494, in process_pair
    col_type = int if col in config_manager.SMALLINT_COLUMNS else float
AttributeError: 'ConfigManager' object has no attribute 'SMALLINT_COLUMNS'
[INFO] 2025-03-26 12:33:08,945 | ACA-USDT: Updated 0/128 rows in 20.52s
[ERROR] 2025-03-26 12:33:08,946 | Thread error for pair ACA-USDT: 'ConfigManager' object has no attribute 'SMALLINT_COLUMNS'
Traceback (most recent call last):
  File "/root/OKXsignal/database/processing/compute_features.py", line 690, in process_pair_thread
    process_pair(pair, db_manager, rolling_window, config_manager, args.debug, perf_monitor)
  File "/root/OKXsignal/database/processing/compute_features.py", line 494, in process_pair
    col_type = int if col in config_manager.SMALLINT_COLUMNS else float
AttributeError: 'ConfigManager' object has no attribute 'SMALLINT_COLUMNS'
[INFO] 2025-03-26 12:33:08,958 | Computing features for BADGER-USDT
[ERROR] 2025-03-26 12:33:20,033 | Error processing APE-USDT: 'ConfigManager' object has no attribute 'SMALLINT_COLUMNS'
Traceback (most recent call last):
  File "/root/OKXsignal/database/processing/compute_features.py", line 494, in process_pair
    col_type = int if col in config_manager.SMALLINT_COLUMNS else float
AttributeError: 'ConfigManager' object has no attribute 'SMALLINT_COLUMNS'
[INFO] 2025-03-26 12:33:20,037 | APE-USDT: Updated 0/128 rows in 17.47s
[ERROR] 2025-03-26 12:33:20,037 | Thread error for pair APE-USDT: 'ConfigManager' object has no attribute 'SMALLINT_COLUMNS'
Traceback (most recent call last):
  File "/root/OKXsignal/database/processing/compute_features.py", line 690, in process_pair_thread
    process_pair(pair, db_manager, rolling_window, config_manager, args.debug, perf_monitor)
  File "/root/OKXsignal/database/processing/compute_features.py", line 494, in process_pair
    col_type = int if col in config_manager.SMALLINT_COLUMNS else float
AttributeError: 'ConfigManager' object has no attribute 'SMALLINT_COLUMNS'
[INFO] 2025-03-26 12:33:20,095 | Computing features for BAL-USDT
[ERROR] 2025-03-26 12:33:20,411 | Error processing ARG-USDT: 'ConfigManager' object has no attribute 'SMALLINT_COLUMNS'
Traceback (most recent call last):
  File "/root/OKXsignal/database/processing/compute_features.py", line 494, in process_pair
    col_type = int if col in config_manager.SMALLINT_COLUMNS else float
AttributeError: 'ConfigManager' object has no attribute 'SMALLINT_COLUMNS'
[INFO] 2025-03-26 12:33:20,411 | ARG-USDT: Updated 0/128 rows in 15.90s
[ERROR] 2025-03-26 12:33:20,411 | Thread error for pair ARG-USDT: 'ConfigManager' object has no attribute 'SMALLINT_COLUMNS'
Traceback (most recent call last):
  File "/root/OKXsignal/database/processing/compute_features.py", line 690, in process_pair_thread
    process_pair(pair, db_manager, rolling_window, config_manager, args.debug, perf_monitor)
  File "/root/OKXsignal/database/processing/compute_features.py", line 494, in process_pair
    col_type = int if col in config_manager.SMALLINT_COLUMNS else float
AttributeError: 'ConfigManager' object has no attribute 'SMALLINT_COLUMNS'
[INFO] 2025-03-26 12:33:20,413 | Computing features for BANANA-USDT
[ERROR] 2025-03-26 12:33:20,414 | Error processing ARB-USDT: 'ConfigManager' object has no attribute 'SMALLINT_COLUMNS'
Traceback (most recent call last):
  File "/root/OKXsignal/database/processing/compute_features.py", line 494, in process_pair
    col_type = int if col in config_manager.SMALLINT_COLUMNS else float
AttributeError: 'ConfigManager' object has no attribute 'SMALLINT_COLUMNS'
[INFO] 2025-03-26 12:33:20,418 | ARB-USDT: Updated 0/128 rows in 16.14s
[ERROR] 2025-03-26 12:33:20,418 | Thread error for pair ARB-USDT: 'ConfigManager' object has no attribute 'SMALLINT_COLUMNS'
Traceback (most recent call last):
  File "/root/OKXsignal/database/processing/compute_features.py", line 690, in process_pair_thread
    process_pair(pair, db_manager, rolling_window, config_manager, args.debug, perf_monitor)
  File "/root/OKXsignal/database/processing/compute_features.py", line 494, in process_pair
    col_type = int if col in config_manager.SMALLINT_COLUMNS else float
AttributeError: 'ConfigManager' object has no attribute 'SMALLINT_COLUMNS'
[INFO] 2025-03-26 12:33:20,443 | Computing features for BAND-USDT
[ERROR] 2025-03-26 12:33:20,452 | Error processing API3-USDT: 'ConfigManager' object has no attribute 'SMALLINT_COLUMNS'
Traceback (most recent call last):
  File "/root/OKXsignal/database/processing/compute_features.py", line 494, in process_pair
    col_type = int if col in config_manager.SMALLINT_COLUMNS else float
AttributeError: 'ConfigManager' object has no attribute 'SMALLINT_COLUMNS'
[INFO] 2025-03-26 12:33:20,456 | API3-USDT: Updated 0/128 rows in 17.11s
[ERROR] 2025-03-26 12:33:20,460 | Thread error for pair API3-USDT: 'ConfigManager' object has no attribute 'SMALLINT_COLUMNS'
Traceback (most recent call last):
  File "/root/OKXsignal/database/processing/compute_features.py", line 690, in process_pair_thread
    process_pair(pair, db_manager, rolling_window, config_manager, args.debug, perf_monitor)
  File "/root/OKXsignal/database/processing/compute_features.py", line 494, in process_pair
    col_type = int if col in config_manager.SMALLINT_COLUMNS else float
AttributeError: 'ConfigManager' object has no attribute 'SMALLINT_COLUMNS'
[INFO] 2025-03-26 12:33:20,463 | Computing features for BAT-USDT
[ERROR] 2025-03-26 12:33:20,898 | Error processing AR-USDT: 'ConfigManager' object has no attribute 'SMALLINT_COLUMNS'
Traceback (most recent call last):
  File "/root/OKXsignal/database/processing/compute_features.py", line 494, in process_pair
    col_type = int if col in config_manager.SMALLINT_COLUMNS else float
AttributeError: 'ConfigManager' object has no attribute 'SMALLINT_COLUMNS'
[INFO] 2025-03-26 12:33:20,898 | AR-USDT: Updated 0/128 rows in 16.90s
[ERROR] 2025-03-26 12:33:20,898 | Thread error for pair AR-USDT: 'ConfigManager' object has no attribute 'SMALLINT_COLUMNS'
Traceback (most recent call last):
  File "/root/OKXsignal/database/processing/compute_features.py", line 690, in process_pair_thread
    process_pair(pair, db_manager, rolling_window, config_manager, args.debug, perf_monitor)
  File "/root/OKXsignal/database/processing/compute_features.py", line 494, in process_pair
    col_type = int if col in config_manager.SMALLINT_COLUMNS else float
AttributeError: 'ConfigManager' object has no attribute 'SMALLINT_COLUMNS'
[INFO] 2025-03-26 12:33:20,899 | Computing features for BCH-USDT
[ERROR] 2025-03-26 12:33:21,129 | Error processing APT-USDT: 'ConfigManager' object has no attribute 'SMALLINT_COLUMNS'
Traceback (most recent call last):
  File "/root/OKXsignal/database/processing/compute_features.py", line 494, in process_pair
    col_type = int if col in config_manager.SMALLINT_COLUMNS else float
AttributeError: 'ConfigManager' object has no attribute 'SMALLINT_COLUMNS'
[INFO] 2025-03-26 12:33:21,129 | APT-USDT: Updated 0/128 rows in 17.29s
[ERROR] 2025-03-26 12:33:21,129 | Thread error for pair APT-USDT: 'ConfigManager' object has no attribute 'SMALLINT_COLUMNS'
Traceback (most recent call last):
  File "/root/OKXsignal/database/processing/compute_features.py", line 690, in process_pair_thread
    process_pair(pair, db_manager, rolling_window, config_manager, args.debug, perf_monitor)
  File "/root/OKXsignal/database/processing/compute_features.py", line 494, in process_pair
    col_type = int if col in config_manager.SMALLINT_COLUMNS else float
AttributeError: 'ConfigManager' object has no attribute 'SMALLINT_COLUMNS'
[INFO] 2025-03-26 12:33:21,130 | Computing features for BERA-USDT
[ERROR] 2025-03-26 12:33:21,379 | Error processing ARTY-USDT: 'ConfigManager' object has no attribute 'SMALLINT_COLUMNS'
Traceback (most recent call last):
  File "/root/OKXsignal/database/processing/compute_features.py", line 494, in process_pair
    col_type = int if col in config_manager.SMALLINT_COLUMNS else float
AttributeError: 'ConfigManager' object has no attribute 'SMALLINT_COLUMNS'
[INFO] 2025-03-26 12:33:21,379 | ARTY-USDT: Updated 0/128 rows in 16.24s
[ERROR] 2025-03-26 12:33:21,379 | Thread error for pair ARTY-USDT: 'ConfigManager' object has no attribute 'SMALLINT_COLUMNS'
Traceback (most recent call last):
  File "/root/OKXsignal/database/processing/compute_features.py", line 690, in process_pair_thread
    process_pair(pair, db_manager, rolling_window, config_manager, args.debug, perf_monitor)
  File "/root/OKXsignal/database/processing/compute_features.py", line 494, in process_pair
    col_type = int if col in config_manager.SMALLINT_COLUMNS else float
AttributeError: 'ConfigManager' object has no attribute 'SMALLINT_COLUMNS'
[INFO] 2025-03-26 12:33:21,438 | Computing features for BETH-USDT
[ERROR] 2025-03-26 12:33:21,448 | Error processing ASTR-USDT: 'ConfigManager' object has no attribute 'SMALLINT_COLUMNS'
Traceback (most recent call last):
  File "/root/OKXsignal/database/processing/compute_features.py", line 494, in process_pair
    col_type = int if col in config_manager.SMALLINT_COLUMNS else float
AttributeError: 'ConfigManager' object has no attribute 'SMALLINT_COLUMNS'
[INFO] 2025-03-26 12:33:21,449 | ASTR-USDT: Updated 0/128 rows in 14.89s
[ERROR] 2025-03-26 12:33:21,450 | Thread error for pair ASTR-USDT: 'ConfigManager' object has no attribute 'SMALLINT_COLUMNS'
Traceback (most recent call last):
  File "/root/OKXsignal/database/processing/compute_features.py", line 690, in process_pair_thread
    process_pair(pair, db_manager, rolling_window, config_manager, args.debug, perf_monitor)
  File "/root/OKXsignal/database/processing/compute_features.py", line 494, in process_pair
    col_type = int if col in config_manager.SMALLINT_COLUMNS else float
AttributeError: 'ConfigManager' object has no attribute 'SMALLINT_COLUMNS'
[INFO] 2025-03-26 12:33:21,553 | Computing features for BICO-USDT
[ERROR] 2025-03-26 12:33:22,263 | Error processing AVAX-USDT: 'ConfigManager' object has no attribute 'SMALLINT_COLUMNS'
Traceback (most recent call last):
  File "/root/OKXsignal/database/processing/compute_features.py", line 494, in process_pair
    col_type = int if col in config_manager.SMALLINT_COLUMNS else float
AttributeError: 'ConfigManager' object has no attribute 'SMALLINT_COLUMNS'
[INFO] 2025-03-26 12:33:22,267 | AVAX-USDT: Updated 0/128 rows in 14.32s
[ERROR] 2025-03-26 12:33:22,268 | Thread error for pair AVAX-USDT: 'ConfigManager' object has no attribute 'SMALLINT_COLUMNS'
Traceback (most recent call last):
  File "/root/OKXsignal/database/processing/compute_features.py", line 690, in process_pair_thread
    process_pair(pair, db_manager, rolling_window, config_manager, args.debug, perf_monitor)
  File "/root/OKXsignal/database/processing/compute_features.py", line 494, in process_pair
    col_type = int if col in config_manager.SMALLINT_COLUMNS else float
AttributeError: 'ConfigManager' object has no attribute 'SMALLINT_COLUMNS'
[INFO] 2025-03-26 12:33:22,272 | Computing features for BIGTIME-USDT
[INFO] 2025-03-26 12:33:22,273 | Progress: 25/303 pairs processed (0.71 pairs/sec, ~390s remaining)
[ERROR] 2025-03-26 12:33:22,449 | Error processing ATOM-USDT: 'ConfigManager' object has no attribute 'SMALLINT_COLUMNS'
Traceback (most recent call last):
  File "/root/OKXsignal/database/processing/compute_features.py", line 494, in process_pair
    col_type = int if col in config_manager.SMALLINT_COLUMNS else float
AttributeError: 'ConfigManager' object has no attribute 'SMALLINT_COLUMNS'
[INFO] 2025-03-26 12:33:22,452 | ATOM-USDT: Updated 0/128 rows in 15.51s
[ERROR] 2025-03-26 12:33:22,453 | Thread error for pair ATOM-USDT: 'ConfigManager' object has no attribute 'SMALLINT_COLUMNS'
Traceback (most recent call last):
  File "/root/OKXsignal/database/processing/compute_features.py", line 690, in process_pair_thread
    process_pair(pair, db_manager, rolling_window, config_manager, args.debug, perf_monitor)
  File "/root/OKXsignal/database/processing/compute_features.py", line 494, in process_pair
    col_type = int if col in config_manager.SMALLINT_COLUMNS else float
AttributeError: 'ConfigManager' object has no attribute 'SMALLINT_COLUMNS'
[INFO] 2025-03-26 12:33:22,458 | Computing features for BIO-USDT
[INFO] 2025-03-26 12:33:22,464 | AUCTION-USDT: Updated 0/0 rows in 14.59s
[INFO] 2025-03-26 12:33:22,464 | ARKM-USDT: Updated 0/0 rows in 17.90s
[INFO] 2025-03-26 12:33:22,464 | BIGTIME-USDT: Updated 0/0 rows in 0.19s
[INFO] 2025-03-26 12:33:22,464 | BIO-USDT: Updated 0/0 rows in 0.01s
[INFO] 2025-03-26 12:33:22,465 | AXS-USDT: Updated 0/0 rows in 14.46s
[INFO] 2025-03-26 12:33:22,465 | BETH-USDT: Updated 0/0 rows in 1.03s
[INFO] 2025-03-26 12:33:22,465 | BAND-USDT: Updated 0/0 rows in 2.02s
[INFO] 2025-03-26 12:33:22,465 | ATH-USDT: Updated 0/0 rows in 15.75s
[INFO] 2025-03-26 12:33:22,465 | Computing features for BLUR-USDT
[INFO] 2025-03-26 12:33:22,466 | BAL-USDT: Updated 0/0 rows in 2.37s
[INFO] 2025-03-26 12:33:22,466 | BCH-USDT: Updated 0/0 rows in 1.57s
[INFO] 2025-03-26 12:33:22,467 | BICO-USDT: Updated 0/0 rows in 0.91s
[INFO] 2025-03-26 12:33:22,467 | BERA-USDT: Updated 0/0 rows in 1.34s
[INFO] 2025-03-26 12:33:22,467 | BANANA-USDT: Updated 0/0 rows in 2.05s
[INFO] 2025-03-26 12:33:22,467 | Computing features for BNB-USDT
[INFO] 2025-03-26 12:33:22,467 | BAT-USDT: Updated 0/0 rows in 2.00s
[INFO] 2025-03-26 12:33:22,467 | BABYDOGE-USDT: Updated 0/0 rows in 13.94s
[INFO] 2025-03-26 12:33:22,467 | BADGER-USDT: Updated 0/0 rows in 13.51s
[INFO] 2025-03-26 12:33:22,468 | Computing features for BNT-USDT
[INFO] 2025-03-26 12:33:22,468 | Computing features for BOME-USDT
[INFO] 2025-03-26 12:33:22,468 | Computing features for BONE-USDT
[INFO] 2025-03-26 12:33:22,468 | Computing features for BONK-USDT
[INFO] 2025-03-26 12:33:22,468 | Computing features for BORA-USDT
[INFO] 2025-03-26 12:33:22,469 | Computing features for BSV-USDT
[INFO] 2025-03-26 12:33:22,469 | Computing features for BTC-USDT
[INFO] 2025-03-26 12:33:22,469 | Computing features for BTT-USDT
[INFO] 2025-03-26 12:33:22,470 | Computing features for CAT-USDT
[INFO] 2025-03-26 12:33:22,470 | Computing features for CATI-USDT
[INFO] 2025-03-26 12:33:22,470 | Computing features for CELO-USDT
[INFO] 2025-03-26 12:33:22,471 | Computing features for CELR-USDT
[INFO] 2025-03-26 12:33:22,471 | Computing features for CETUS-USDT
[INFO] 2025-03-26 12:33:22,471 | Computing features for CFG-USDT
