[INFO] 2025-04-02 09:35:06,045 | GPU monitoring initialized for 1 GPUs: Unknown GPU
[INFO] 2025-04-02 09:35:06,046 | Resource monitor initialized: CPU cores: 8 physical / 16 logical, RAM: 23.43 GB
[INFO] 2025-04-02 09:35:06,361 | GPU memory: 10.98 GB free / 12.00 GB total
[INFO] 2025-04-02 09:35:06,361 | System memory: 21.70 GB available / 23.43 GB total
[INFO] 2025-04-02 09:35:06,366 | Loaded credentials from /root/OKXsignal/config/credentials.env
[INFO] 2025-04-02 09:35:06,370 | Loaded config from /root/OKXsignal/config/config.ini
[INFO] 2025-04-02 09:35:06,512 | GPU detected: Device 0, Memory: 12.00 GB
[INFO] 2025-04-02 09:35:06,513 | GPU acceleration is available
[INFO] 2025-04-02 09:35:06,684 | Database connection pool initialized with 3-29 connections
[INFO] 2025-04-02 09:35:06,684 | Starting compute_features.py in ROLLING_UPDATE mode with rolling_window=450
[INFO] 2025-04-02 09:35:06,684 | Using 24 parallel workers with max 29 database connections
[INFO] 2025-04-02 09:35:06,684 | Numba: enabled, GPU: disabled
[INFO] 2025-04-02 09:35:06,685 | Database connection test successful
[INFO] 2025-04-02 09:35:08,350 | Found 306 pairs
[INFO] 2025-04-02 09:35:08,350 | Rolling update mode: computing last 450 rows per pair
[INFO] 2025-04-02 09:35:08,350 | Calibrating optimal batch size...
[INFO] 2025-04-02 09:35:10,940 | Testing batch size 4...
[INFO] 2025-04-02 09:35:10,941 | Computing features for 1INCH-USDT
[INFO] 2025-04-02 09:35:10,942 | Computing features for AAVE-USDT
[INFO] 2025-04-02 09:35:10,942 | Computing features for ACA-USDT
[INFO] 2025-04-02 09:35:10,943 | Computing features for ACE-USDT
[INFO] 2025-04-02 09:35:11,002 | GPU is available: Device #0, Free: 10.98 GB / 12.00 GB
[INFO] 2025-04-02 09:35:11,104 | GPU is available: Device #0, Free: 10.98 GB / 12.00 GB
[INFO] 2025-04-02 09:35:11,195 | GPU is available: Device #0, Free: 10.98 GB / 12.00 GB
[INFO] 2025-04-02 09:35:11,294 | GPU is available: Device #0, Free: 10.98 GB / 12.00 GB
[INFO] 2025-04-02 09:35:14,096 | ACA-USDT: Updated 10/10 rows in 3.15s
[INFO] 2025-04-02 09:35:14,097 | ACE-USDT: Updated 10/10 rows in 3.15s
[INFO] 2025-04-02 09:35:14,097 | 1INCH-USDT: Updated 10/10 rows in 3.16s
[INFO] 2025-04-02 09:35:14,216 | AAVE-USDT: Updated 10/10 rows in 3.27s
[INFO] 2025-04-02 09:35:14,309 | Batch size 4: 1.19 pairs/sec
[INFO] 2025-04-02 09:35:14,352 | Testing batch size 8...
[INFO] 2025-04-02 09:35:14,352 | Computing features for 1INCH-USDT
[INFO] 2025-04-02 09:35:14,352 | Computing features for AAVE-USDT
[INFO] 2025-04-02 09:35:14,353 | Computing features for ACA-USDT
[INFO] 2025-04-02 09:35:14,353 | Computing features for ACE-USDT
[INFO] 2025-04-02 09:35:14,354 | GPU is available: Device #0, Free: 10.98 GB / 12.00 GB
[INFO] 2025-04-02 09:35:14,354 | Computing features for ACH-USDT
[INFO] 2025-04-02 09:35:14,355 | Computing features for ACT-USDT
[INFO] 2025-04-02 09:35:14,355 | GPU is available: Device #0, Free: 10.98 GB / 12.00 GB
[INFO] 2025-04-02 09:35:14,355 | Computing features for ADA-USDT
[INFO] 2025-04-02 09:35:14,356 | GPU is available: Device #0, Free: 10.98 GB / 12.00 GB
[INFO] 2025-04-02 09:35:14,356 | Computing features for AERGO-USDT
[INFO] 2025-04-02 09:35:14,563 | GPU is available: Device #0, Free: 10.98 GB / 12.00 GB
[INFO] 2025-04-02 09:35:14,611 | GPU is available: Device #0, Free: 10.98 GB / 12.00 GB
[INFO] 2025-04-02 09:35:14,640 | GPU is available: Device #0, Free: 10.98 GB / 12.00 GB
[INFO] 2025-04-02 09:35:14,775 | GPU is available: Device #0, Free: 10.98 GB / 12.00 GB
[INFO] 2025-04-02 09:35:14,988 | GPU is available: Device #0, Free: 10.98 GB / 12.00 GB
[INFO] 2025-04-02 09:35:16,243 | 1INCH-USDT: Updated 10/10 rows in 1.89s
[INFO] 2025-04-02 09:35:16,345 | AAVE-USDT: Updated 10/10 rows in 1.99s
[INFO] 2025-04-02 09:35:16,428 | ACA-USDT: Updated 10/10 rows in 2.08s
[INFO] 2025-04-02 09:35:16,512 | ACT-USDT: Updated 10/10 rows in 2.16s
[INFO] 2025-04-02 09:35:16,566 | ACH-USDT: Updated 10/10 rows in 2.21s
[INFO] 2025-04-02 09:35:16,632 | ACE-USDT: Updated 10/10 rows in 2.28s
[INFO] 2025-04-02 09:35:16,720 | ADA-USDT: Updated 10/10 rows in 2.36s
[INFO] 2025-04-02 09:35:16,779 | AERGO-USDT: Updated 10/10 rows in 2.42s
[INFO] 2025-04-02 09:35:16,826 | Batch size 8: 3.23 pairs/sec
[INFO] 2025-04-02 09:35:16,873 | Optimal batch size determined: 8 (3.23 pairs/sec)
[INFO] 2025-04-02 09:35:16,873 | Using auto-calibrated batch size: 8
[INFO] 2025-04-02 09:35:16,873 | Grouped 306 pairs into 27 balanced batches
[INFO] 2025-04-02 09:35:16,873 | Processing batch 1/27 with 12 pairs
[INFO] 2025-04-02 09:35:16,874 | Computing features for 1INCH-USDT
[INFO] 2025-04-02 09:35:16,874 | Computing features for AAVE-USDT
[INFO] 2025-04-02 09:35:16,874 | Computing features for ACA-USDT
[INFO] 2025-04-02 09:35:16,875 | Computing features for ACE-USDT
[INFO] 2025-04-02 09:35:16,875 | GPU is available: Device #0, Free: 10.98 GB / 12.00 GB
[INFO] 2025-04-02 09:35:16,876 | Computing features for ACH-USDT
[INFO] 2025-04-02 09:35:16,876 | GPU is available: Device #0, Free: 10.98 GB / 12.00 GB
[INFO] 2025-04-02 09:35:16,876 | Computing features for ACT-USDT
[INFO] 2025-04-02 09:35:16,877 | GPU is available: Device #0, Free: 10.98 GB / 12.00 GB
[INFO] 2025-04-02 09:35:16,877 | Computing features for ADA-USDT
[INFO] 2025-04-02 09:35:16,877 | Computing features for AERGO-USDT
[INFO] 2025-04-02 09:35:17,072 | GPU is available: Device #0, Free: 10.98 GB / 12.00 GB
[INFO] 2025-04-02 09:35:17,125 | GPU is available: Device #0, Free: 10.98 GB / 12.00 GB
[INFO] 2025-04-02 09:35:17,159 | GPU is available: Device #0, Free: 10.98 GB / 12.00 GB
[INFO] 2025-04-02 09:35:17,302 | GPU is available: Device #0, Free: 10.98 GB / 12.00 GB
[INFO] 2025-04-02 09:35:17,449 | GPU is available: Device #0, Free: 10.98 GB / 12.00 GB
[INFO] 2025-04-02 09:35:19,356 | AAVE-USDT: Updated 450/450 rows in 2.48s
[INFO] 2025-04-02 09:35:19,429 | 1INCH-USDT: Updated 450/450 rows in 2.56s
[INFO] 2025-04-02 09:35:19,502 | Computing features for AEVO-USDT
[INFO] 2025-04-02 09:35:19,506 | ACA-USDT: Updated 450/450 rows in 2.63s
[INFO] 2025-04-02 09:35:19,508 | Computing features for AGLD-USDT
[INFO] 2025-04-02 09:35:19,559 | GPU is available: Device #0, Free: 10.98 GB / 12.00 GB
[INFO] 2025-04-02 09:35:19,585 | GPU is available: Device #0, Free: 10.98 GB / 12.00 GB
[INFO] 2025-04-02 09:35:19,586 | Computing features for AIDOGE-USDT
[INFO] 2025-04-02 09:35:19,587 | GPU is available: Device #0, Free: 10.98 GB / 12.00 GB
[INFO] 2025-04-02 09:35:19,746 | ACE-USDT: Updated 450/450 rows in 2.87s
[INFO] 2025-04-02 09:35:19,885 | AERGO-USDT: Updated 450/450 rows in 3.01s
[INFO] 2025-04-02 09:35:19,935 | ADA-USDT: Updated 450/450 rows in 3.06s
[INFO] 2025-04-02 09:35:19,965 | Computing features for AIXBT-USDT
[INFO] 2025-04-02 09:35:20,124 | ACT-USDT: Updated 450/450 rows in 3.25s
[INFO] 2025-04-02 09:35:20,124 | ACH-USDT: Updated 450/450 rows in 3.25s
[INFO] 2025-04-02 09:35:20,126 | GPU is available: Device #0, Free: 10.98 GB / 12.00 GB
[INFO] 2025-04-02 09:35:21,228 | AEVO-USDT: Updated 450/450 rows in 1.73s
[INFO] 2025-04-02 09:35:21,301 | AIXBT-USDT: Updated 450/450 rows in 1.34s
[INFO] 2025-04-02 09:35:21,301 | AIDOGE-USDT: Updated 450/450 rows in 1.71s
[INFO] 2025-04-02 09:35:21,301 | AGLD-USDT: Updated 450/450 rows in 1.79s
[INFO] 2025-04-02 09:35:21,484 | Processing batch 2/27 with 12 pairs
[INFO] 2025-04-02 09:35:21,484 | Computing features for ALCX-USDT
[INFO] 2025-04-02 09:35:21,484 | Computing features for ALGO-USDT
[INFO] 2025-04-02 09:35:21,484 | Computing features for ALPHA-USDT
[INFO] 2025-04-02 09:35:21,485 | Computing features for ANIME-USDT
[INFO] 2025-04-02 09:35:21,486 | Computing features for APE-USDT
[INFO] 2025-04-02 09:35:21,486 | GPU is available: Device #0, Free: 10.98 GB / 12.00 GB
[INFO] 2025-04-02 09:35:21,487 | Computing features for API3-USDT
[INFO] 2025-04-02 09:35:21,487 | GPU is available: Device #0, Free: 10.98 GB / 12.00 GB
[INFO] 2025-04-02 09:35:21,487 | Computing features for APT-USDT
[INFO] 2025-04-02 09:35:21,487 | GPU is available: Device #0, Free: 10.98 GB / 12.00 GB
[INFO] 2025-04-02 09:35:21,488 | Computing features for AR-USDT
[INFO] 2025-04-02 09:35:21,641 | GPU is available: Device #0, Free: 10.98 GB / 12.00 GB
[INFO] 2025-04-02 09:35:21,741 | GPU is available: Device #0, Free: 10.98 GB / 12.00 GB
[INFO] 2025-04-02 09:35:21,781 | GPU is available: Device #0, Free: 10.98 GB / 12.00 GB
[INFO] 2025-04-02 09:35:21,921 | GPU is available: Device #0, Free: 10.98 GB / 12.00 GB
[INFO] 2025-04-02 09:35:21,979 | GPU is available: Device #0, Free: 10.98 GB / 12.00 GB
[INFO] 2025-04-02 09:35:24,225 | ALPHA-USDT: Updated 450/450 rows in 2.74s
[INFO] 2025-04-02 09:35:24,290 | ALCX-USDT: Updated 450/450 rows in 2.81s
[INFO] 2025-04-02 09:35:24,290 | ALGO-USDT: Updated 450/450 rows in 2.81s
[INFO] 2025-04-02 09:35:24,290 | Computing features for ARB-USDT
[INFO] 2025-04-02 09:35:24,500 | GPU is available: Device #0, Free: 10.98 GB / 12.00 GB
[INFO] 2025-04-02 09:35:24,514 | Computing features for ARG-USDT
[INFO] 2025-04-02 09:35:24,519 | Computing features for ARKM-USDT
[INFO] 2025-04-02 09:35:24,530 | GPU is available: Device #0, Free: 10.98 GB / 12.00 GB
[INFO] 2025-04-02 09:35:24,532 | GPU is available: Device #0, Free: 10.98 GB / 12.00 GB
[INFO] 2025-04-02 09:35:24,604 | API3-USDT: Updated 450/450 rows in 3.12s
[INFO] 2025-04-02 09:35:24,715 | APE-USDT: Updated 450/450 rows in 3.23s
[INFO] 2025-04-02 09:35:24,715 | APT-USDT: Updated 450/450 rows in 3.23s
[INFO] 2025-04-02 09:35:24,739 | ANIME-USDT: Updated 450/450 rows in 3.25s
[INFO] 2025-04-02 09:35:24,838 | AR-USDT: Updated 450/450 rows in 3.35s
[INFO] 2025-04-02 09:35:25,170 | Computing features for ARTY-USDT
[INFO] 2025-04-02 09:35:25,206 | GPU is available: Device #0, Free: 10.98 GB / 12.00 GB
[INFO] 2025-04-02 09:35:26,124 | ARB-USDT: Updated 450/450 rows in 1.83s
[INFO] 2025-04-02 09:35:26,183 | ARG-USDT: Updated 450/450 rows in 1.67s
[INFO] 2025-04-02 09:35:26,253 | ARKM-USDT: Updated 450/450 rows in 1.73s
[INFO] 2025-04-02 09:35:26,327 | ARTY-USDT: Updated 450/450 rows in 1.16s
[INFO] 2025-04-02 09:35:26,419 | Processing batch 3/27 with 12 pairs
[INFO] 2025-04-02 09:35:26,420 | Computing features for ASTR-USDT
[INFO] 2025-04-02 09:35:26,420 | Computing features for ATH-USDT
[INFO] 2025-04-02 09:35:26,420 | Computing features for ATOM-USDT
[INFO] 2025-04-02 09:35:26,421 | Computing features for AUCTION-USDT
[INFO] 2025-04-02 09:35:26,422 | GPU is available: Device #0, Free: 10.98 GB / 12.00 GB
[INFO] 2025-04-02 09:35:26,422 | Computing features for AVAX-USDT
[INFO] 2025-04-02 09:35:26,423 | GPU is available: Device #0, Free: 10.98 GB / 12.00 GB
[INFO] 2025-04-02 09:35:26,423 | Computing features for AXS-USDT
[INFO] 2025-04-02 09:35:26,424 | Computing features for BABYDOGE-USDT
[INFO] 2025-04-02 09:35:26,424 | Computing features for BADGER-USDT
[INFO] 2025-04-02 09:35:26,424 | GPU is available: Device #0, Free: 10.98 GB / 12.00 GB
[INFO] 2025-04-02 09:35:26,549 | GPU is available: Device #0, Free: 10.98 GB / 12.00 GB
[INFO] 2025-04-02 09:35:26,564 | GPU is available: Device #0, Free: 10.98 GB / 12.00 GB
[INFO] 2025-04-02 09:35:26,708 | GPU is available: Device #0, Free: 10.98 GB / 12.00 GB
[INFO] 2025-04-02 09:35:26,732 | GPU is available: Device #0, Free: 10.98 GB / 12.00 GB
[INFO] 2025-04-02 09:35:26,915 | GPU is available: Device #0, Free: 10.98 GB / 12.00 GB
[INFO] 2025-04-02 09:35:29,076 | ATOM-USDT: Updated 450/450 rows in 2.66s
[INFO] 2025-04-02 09:35:29,077 | ATH-USDT: Updated 450/450 rows in 2.66s
[INFO] 2025-04-02 09:35:29,292 | Progress: 25/306 pairs processed (1.08 pairs/sec, ~261s remaining)
[INFO] 2025-04-02 09:35:29,293 | ASTR-USDT: Updated 450/450 rows in 2.87s
[INFO] 2025-04-02 09:35:29,294 | AUCTION-USDT: Updated 450/450 rows in 2.87s
[INFO] 2025-04-02 09:35:29,295 | Computing features for BAL-USDT
[INFO] 2025-04-02 09:35:29,407 | Computing features for BANANA-USDT
[INFO] 2025-04-02 09:35:29,409 | GPU is available: Device #0, Free: 10.98 GB / 12.00 GB
[INFO] 2025-04-02 09:35:29,411 | Computing features for BAND-USDT
[INFO] 2025-04-02 09:35:29,411 | Computing features for BAT-USDT
[INFO] 2025-04-02 09:35:29,412 | GPU is available: Device #0, Free: 10.98 GB / 12.00 GB
[INFO] 2025-04-02 09:35:29,413 | GPU is available: Device #0, Free: 10.98 GB / 12.00 GB
[INFO] 2025-04-02 09:35:29,413 | GPU is available: Device #0, Free: 10.98 GB / 12.00 GB
[INFO] 2025-04-02 09:35:29,565 | BADGER-USDT: Updated 450/450 rows in 3.14s
[INFO] 2025-04-02 09:35:29,660 | AXS-USDT: Updated 450/450 rows in 3.24s
[INFO] 2025-04-02 09:35:29,671 | BABYDOGE-USDT: Updated 450/450 rows in 3.25s
[INFO] 2025-04-02 09:35:29,723 | AVAX-USDT: Updated 450/450 rows in 3.30s
[INFO] 2025-04-02 09:35:31,010 | BANANA-USDT: Updated 450/450 rows in 1.60s
[INFO] 2025-04-02 09:35:31,099 | BAND-USDT: Updated 450/450 rows in 1.69s
[INFO] 2025-04-02 09:35:31,100 | BAT-USDT: Updated 450/450 rows in 1.69s
[INFO] 2025-04-02 09:35:31,100 | BAL-USDT: Updated 450/450 rows in 1.80s
[INFO] 2025-04-02 09:35:31,324 | Processing batch 4/27 with 12 pairs
[INFO] 2025-04-02 09:35:31,324 | Computing features for BCH-USDT
[INFO] 2025-04-02 09:35:31,325 | Computing features for BERA-USDT
[INFO] 2025-04-02 09:35:31,325 | Computing features for BICO-USDT
[INFO] 2025-04-02 09:35:31,326 | Computing features for BIGTIME-USDT
[INFO] 2025-04-02 09:35:31,326 | Computing features for BIO-USDT
[INFO] 2025-04-02 09:35:31,327 | GPU is available: Device #0, Free: 10.98 GB / 12.00 GB
[INFO] 2025-04-02 09:35:31,327 | Computing features for BLUR-USDT
[INFO] 2025-04-02 09:35:31,327 | GPU is available: Device #0, Free: 10.98 GB / 12.00 GB
[INFO] 2025-04-02 09:35:31,327 | GPU is available: Device #0, Free: 10.98 GB / 12.00 GB
[INFO] 2025-04-02 09:35:31,327 | Computing features for BNB-USDT
[INFO] 2025-04-02 09:35:31,328 | Computing features for BNT-USDT
[INFO] 2025-04-02 09:35:31,553 | GPU is available: Device #0, Free: 10.98 GB / 12.00 GB
[INFO] 2025-04-02 09:35:31,582 | GPU is available: Device #0, Free: 10.98 GB / 12.00 GB
[INFO] 2025-04-02 09:35:31,595 | GPU is available: Device #0, Free: 10.98 GB / 12.00 GB
[INFO] 2025-04-02 09:35:31,694 | GPU is available: Device #0, Free: 10.98 GB / 12.00 GB
[INFO] 2025-04-02 09:35:31,866 | GPU is available: Device #0, Free: 10.98 GB / 12.00 GB
[INFO] 2025-04-02 09:35:33,986 | BICO-USDT: Updated 450/450 rows in 2.66s
[INFO] 2025-04-02 09:35:34,118 | BCH-USDT: Updated 450/450 rows in 2.79s
[INFO] 2025-04-02 09:35:34,118 | Computing features for BOME-USDT
[INFO] 2025-04-02 09:35:34,200 | GPU is available: Device #0, Free: 10.98 GB / 12.00 GB
[INFO] 2025-04-02 09:35:34,208 | BERA-USDT: Updated 450/450 rows in 2.88s
[INFO] 2025-04-02 09:35:34,210 | Computing features for BONE-USDT
[INFO] 2025-04-02 09:35:34,268 | GPU is available: Device #0, Free: 10.98 GB / 12.00 GB
[INFO] 2025-04-02 09:35:34,322 | Computing features for BONK-USDT
[INFO] 2025-04-02 09:35:34,434 | BIGTIME-USDT: Updated 450/450 rows in 3.11s
[INFO] 2025-04-02 09:35:34,436 | GPU is available: Device #0, Free: 10.98 GB / 12.00 GB
[INFO] 2025-04-02 09:35:34,601 | Computing features for BORA-USDT
[INFO] 2025-04-02 09:35:34,615 | BLUR-USDT: Updated 450/450 rows in 3.29s
[INFO] 2025-04-02 09:35:34,650 | GPU is available: Device #0, Free: 10.98 GB / 12.00 GB
[INFO] 2025-04-02 09:35:34,769 | BNB-USDT: Updated 450/450 rows in 3.44s
[INFO] 2025-04-02 09:35:34,769 | BIO-USDT: Updated 450/450 rows in 3.44s
[INFO] 2025-04-02 09:35:34,770 | BNT-USDT: Updated 450/450 rows in 3.44s
[INFO] 2025-04-02 09:35:36,013 | BONE-USDT: Updated 450/450 rows in 1.80s
[INFO] 2025-04-02 09:35:36,102 | BOME-USDT: Updated 450/450 rows in 1.98s
[INFO] 2025-04-02 09:35:36,157 | BONK-USDT: Updated 450/450 rows in 1.84s
[INFO] 2025-04-02 09:35:36,226 | BORA-USDT: Updated 450/450 rows in 1.63s
[INFO] 2025-04-02 09:35:36,337 | Processing batch 5/27 with 12 pairs
[INFO] 2025-04-02 09:35:36,337 | Computing features for BSV-USDT
[INFO] 2025-04-02 09:35:36,337 | Computing features for BTT-USDT
[INFO] 2025-04-02 09:35:36,337 | Computing features for CAT-USDT
[INFO] 2025-04-02 09:35:36,338 | Computing features for CATI-USDT
[INFO] 2025-04-02 09:35:36,338 | Computing features for CELO-USDT
[INFO] 2025-04-02 09:35:36,339 | Computing features for CELR-USDT
[INFO] 2025-04-02 09:35:36,339 | Computing features for CETUS-USDT
[INFO] 2025-04-02 09:35:36,339 | Computing features for CFG-USDT
[INFO] 2025-04-02 09:35:36,339 | GPU is available: Device #0, Free: 10.98 GB / 12.00 GB
[INFO] 2025-04-02 09:35:36,340 | GPU is available: Device #0, Free: 10.98 GB / 12.00 GB
[INFO] 2025-04-02 09:35:36,340 | GPU is available: Device #0, Free: 10.98 GB / 12.00 GB
[INFO] 2025-04-02 09:35:36,438 | GPU is available: Device #0, Free: 10.98 GB / 12.00 GB
[INFO] 2025-04-02 09:35:36,600 | GPU is available: Device #0, Free: 10.98 GB / 12.00 GB
[INFO] 2025-04-02 09:35:36,605 | GPU is available: Device #0, Free: 10.98 GB / 12.00 GB
[INFO] 2025-04-02 09:35:36,738 | GPU is available: Device #0, Free: 10.98 GB / 12.00 GB
[INFO] 2025-04-02 09:35:36,835 | GPU is available: Device #0, Free: 10.98 GB / 12.00 GB
[INFO] 2025-04-02 09:35:39,071 | CAT-USDT: Updated 450/450 rows in 2.73s
[INFO] 2025-04-02 09:35:39,161 | Computing features for CFX-USDT
[INFO] 2025-04-02 09:35:39,162 | BTT-USDT: Updated 450/450 rows in 2.82s
[INFO] 2025-04-02 09:35:39,227 | GPU is available: Device #0, Free: 10.98 GB / 12.00 GB
[INFO] 2025-04-02 09:35:39,248 | Progress: 50/306 pairs processed (1.51 pairs/sec, ~170s remaining)
[INFO] 2025-04-02 09:35:39,248 | BSV-USDT: Updated 450/450 rows in 2.91s
[INFO] 2025-04-02 09:35:39,249 | CATI-USDT: Updated 450/450 rows in 2.91s
[INFO] 2025-04-02 09:35:39,270 | Computing features for CHZ-USDT
[INFO] 2025-04-02 09:35:39,485 | GPU is available: Device #0, Free: 10.98 GB / 12.00 GB
[INFO] 2025-04-02 09:35:39,488 | Computing features for CITY-USDT
[INFO] 2025-04-02 09:35:39,493 | Computing features for CLV-USDT
[INFO] 2025-04-02 09:35:39,525 | GPU is available: Device #0, Free: 10.98 GB / 12.00 GB
[INFO] 2025-04-02 09:35:39,525 | GPU is available: Device #0, Free: 10.98 GB / 12.00 GB
[INFO] 2025-04-02 09:35:39,537 | CELO-USDT: Updated 450/450 rows in 3.20s
[INFO] 2025-04-02 09:35:39,546 | CELR-USDT: Updated 450/450 rows in 3.21s
[INFO] 2025-04-02 09:35:39,822 | CFG-USDT: Updated 450/450 rows in 3.48s
[INFO] 2025-04-02 09:35:39,851 | CETUS-USDT: Updated 450/450 rows in 3.51s
[INFO] 2025-04-02 09:35:40,920 | CFX-USDT: Updated 450/450 rows in 1.76s
[INFO] 2025-04-02 09:35:41,161 | CITY-USDT: Updated 450/450 rows in 1.67s
[INFO] 2025-04-02 09:35:41,218 | CHZ-USDT: Updated 450/450 rows in 1.95s
[INFO] 2025-04-02 09:35:41,287 | CLV-USDT: Updated 450/450 rows in 1.79s
[INFO] 2025-04-02 09:35:41,387 | Processing batch 6/27 with 12 pairs
[INFO] 2025-04-02 09:35:41,388 | Computing features for COMP-USDT
[INFO] 2025-04-02 09:35:41,388 | Computing features for CORE-USDT
[INFO] 2025-04-02 09:35:41,389 | Computing features for CRO-USDT
[INFO] 2025-04-02 09:35:41,390 | Computing features for CRV-USDT
[INFO] 2025-04-02 09:35:41,390 | Computing features for CSPR-USDT
[INFO] 2025-04-02 09:35:41,391 | GPU is available: Device #0, Free: 10.98 GB / 12.00 GB
[INFO] 2025-04-02 09:35:41,391 | Computing features for CTC-USDT
[INFO] 2025-04-02 09:35:41,391 | GPU is available: Device #0, Free: 10.98 GB / 12.00 GB
[INFO] 2025-04-02 09:35:41,392 | Computing features for CTXC-USDT
[INFO] 2025-04-02 09:35:41,392 | Computing features for CVC-USDT
[INFO] 2025-04-02 09:35:41,393 | GPU is available: Device #0, Free: 10.98 GB / 12.00 GB
[INFO] 2025-04-02 09:35:41,645 | GPU is available: Device #0, Free: 10.98 GB / 12.00 GB
[INFO] 2025-04-02 09:35:41,657 | GPU is available: Device #0, Free: 10.98 GB / 12.00 GB
[INFO] 2025-04-02 09:35:41,673 | GPU is available: Device #0, Free: 10.98 GB / 12.00 GB
[INFO] 2025-04-02 09:35:41,766 | GPU is available: Device #0, Free: 10.98 GB / 12.00 GB
[INFO] 2025-04-02 09:35:41,855 | GPU is available: Device #0, Free: 10.98 GB / 12.00 GB
[INFO] 2025-04-02 09:35:44,752 | CORE-USDT: Updated 450/450 rows in 3.36s
[INFO] 2025-04-02 09:35:44,754 | COMP-USDT: Updated 450/450 rows in 3.37s
[INFO] 2025-04-02 09:35:44,868 | CRV-USDT: Updated 450/450 rows in 3.48s
[INFO] 2025-04-02 09:35:44,869 | Computing features for CVX-USDT
[INFO] 2025-04-02 09:35:44,869 | Computing features for CXT-USDT
[INFO] 2025-04-02 09:35:44,915 | GPU is available: Device #0, Free: 10.98 GB / 12.00 GB
[INFO] 2025-04-02 09:35:44,920 | CRO-USDT: Updated 450/450 rows in 3.53s
[INFO] 2025-04-02 09:35:44,998 | GPU is available: Device #0, Free: 10.98 GB / 12.00 GB
[INFO] 2025-04-02 09:35:45,091 | Computing features for DAI-USDT
[INFO] 2025-04-02 09:35:45,092 | Computing features for DAO-USDT
[INFO] 2025-04-02 09:35:45,093 | GPU is available: Device #0, Free: 10.98 GB / 12.00 GB
[INFO] 2025-04-02 09:35:45,093 | GPU is available: Device #0, Free: 10.98 GB / 12.00 GB
[INFO] 2025-04-02 09:35:45,244 | CTXC-USDT: Updated 450/450 rows in 3.85s
[INFO] 2025-04-02 09:35:45,257 | CVC-USDT: Updated 450/450 rows in 3.86s
[INFO] 2025-04-02 09:35:45,281 | CSPR-USDT: Updated 450/450 rows in 3.89s
[INFO] 2025-04-02 09:35:45,290 | CTC-USDT: Updated 450/450 rows in 3.90s
[INFO] 2025-04-02 09:35:46,671 | CVX-USDT: Updated 450/450 rows in 1.80s
[INFO] 2025-04-02 09:35:46,758 | CXT-USDT: Updated 450/450 rows in 1.89s
[INFO] 2025-04-02 09:35:46,758 | DAO-USDT: Updated 450/450 rows in 1.67s
[INFO] 2025-04-02 09:35:46,827 | DAI-USDT: Updated 450/450 rows in 1.74s
[INFO] 2025-04-02 09:35:46,991 | Processing batch 7/27 with 12 pairs
[INFO] 2025-04-02 09:35:46,991 | Computing features for DEGEN-USDT
[INFO] 2025-04-02 09:35:46,992 | Computing features for DEP-USDT
[INFO] 2025-04-02 09:35:46,992 | Computing features for DGB-USDT
[INFO] 2025-04-02 09:35:46,992 | Computing features for DIA-USDT
[INFO] 2025-04-02 09:35:46,993 | Computing features for DOGE-USDT
[INFO] 2025-04-02 09:35:46,993 | GPU is available: Device #0, Free: 10.98 GB / 12.00 GB
[INFO] 2025-04-02 09:35:46,993 | GPU is available: Device #0, Free: 10.98 GB / 12.00 GB
[INFO] 2025-04-02 09:35:46,994 | Computing features for DOGS-USDT
[INFO] 2025-04-02 09:35:46,994 | Computing features for DORA-USDT
[INFO] 2025-04-02 09:35:46,994 | Computing features for DOT-USDT
[INFO] 2025-04-02 09:35:46,995 | GPU is available: Device #0, Free: 10.98 GB / 12.00 GB
[INFO] 2025-04-02 09:35:47,150 | GPU is available: Device #0, Free: 10.98 GB / 12.00 GB
[INFO] 2025-04-02 09:35:47,268 | GPU is available: Device #0, Free: 10.98 GB / 12.00 GB
[INFO] 2025-04-02 09:35:47,282 | GPU is available: Device #0, Free: 10.98 GB / 12.00 GB
[INFO] 2025-04-02 09:35:47,427 | GPU is available: Device #0, Free: 10.98 GB / 12.00 GB
[INFO] 2025-04-02 09:35:47,521 | GPU is available: Device #0, Free: 10.98 GB / 12.00 GB
[INFO] 2025-04-02 09:35:49,642 | DEGEN-USDT: Updated 450/450 rows in 2.65s
[INFO] 2025-04-02 09:35:49,789 | Computing features for DUCK-USDT
[INFO] 2025-04-02 09:35:49,844 | GPU is available: Device #0, Free: 10.98 GB / 12.00 GB
[INFO] 2025-04-02 09:35:49,846 | DEP-USDT: Updated 450/450 rows in 2.85s
[INFO] 2025-04-02 09:35:49,959 | Computing features for DYDX-USDT
[INFO] 2025-04-02 09:35:49,970 | GPU is available: Device #0, Free: 10.98 GB / 12.00 GB
[INFO] 2025-04-02 09:35:50,009 | DGB-USDT: Updated 450/450 rows in 3.02s
[INFO] 2025-04-02 09:35:50,010 | DIA-USDT: Updated 450/450 rows in 3.02s
[INFO] 2025-04-02 09:35:50,183 | Progress: 75/306 pairs processed (1.70 pairs/sec, ~136s remaining)
[INFO] 2025-04-02 09:35:50,247 | DOGS-USDT: Updated 450/450 rows in 3.25s
[INFO] 2025-04-02 09:35:50,247 | Computing features for EGLD-USDT
[INFO] 2025-04-02 09:35:50,264 | DOGE-USDT: Updated 450/450 rows in 3.27s
[INFO] 2025-04-02 09:35:50,270 | Computing features for EIGEN-USDT
[INFO] 2025-04-02 09:35:50,347 | GPU is available: Device #0, Free: 10.98 GB / 12.00 GB
[INFO] 2025-04-02 09:35:50,353 | DOT-USDT: Updated 450/450 rows in 3.36s
[INFO] 2025-04-02 09:35:50,359 | DORA-USDT: Updated 450/450 rows in 3.36s
[INFO] 2025-04-02 09:35:50,412 | GPU is available: Device #0, Free: 10.98 GB / 12.00 GB
[INFO] 2025-04-02 09:35:51,507 | DUCK-USDT: Updated 450/450 rows in 1.72s
[INFO] 2025-04-02 09:35:51,511 | DYDX-USDT: Updated 450/450 rows in 1.55s
[INFO] 2025-04-02 09:35:51,705 | EIGEN-USDT: Updated 450/450 rows in 1.43s
[INFO] 2025-04-02 09:35:51,755 | EGLD-USDT: Updated 450/450 rows in 1.51s
[INFO] 2025-04-02 09:35:51,849 | Processing batch 8/27 with 12 pairs
[INFO] 2025-04-02 09:35:51,849 | Computing features for ELF-USDT
[INFO] 2025-04-02 09:35:51,849 | Computing features for ELON-USDT
[INFO] 2025-04-02 09:35:51,850 | Computing features for ENJ-USDT
[INFO] 2025-04-02 09:35:51,850 | Computing features for ENS-USDT
[INFO] 2025-04-02 09:35:51,851 | Computing features for EOS-USDT
[INFO] 2025-04-02 09:35:51,851 | Computing features for ERN-USDT
[INFO] 2025-04-02 09:35:51,852 | Computing features for ETC-USDT
[INFO] 2025-04-02 09:35:51,852 | GPU is available: Device #0, Free: 10.98 GB / 12.00 GB
[INFO] 2025-04-02 09:35:51,853 | Computing features for FET-USDT
[INFO] 2025-04-02 09:35:51,853 | GPU is available: Device #0, Free: 10.98 GB / 12.00 GB
[INFO] 2025-04-02 09:35:51,854 | GPU is available: Device #0, Free: 10.98 GB / 12.00 GB
[INFO] 2025-04-02 09:35:52,047 | GPU is available: Device #0, Free: 10.98 GB / 12.00 GB
[INFO] 2025-04-02 09:35:52,077 | GPU is available: Device #0, Free: 10.98 GB / 12.00 GB
[INFO] 2025-04-02 09:35:52,105 | GPU is available: Device #0, Free: 10.98 GB / 12.00 GB
[INFO] 2025-04-02 09:35:52,163 | GPU is available: Device #0, Free: 10.98 GB / 12.00 GB
[INFO] 2025-04-02 09:35:52,274 | GPU is available: Device #0, Free: 10.98 GB / 12.00 GB
[INFO] 2025-04-02 09:35:54,262 | ELF-USDT: Updated 450/450 rows in 2.41s
[INFO] 2025-04-02 09:35:54,351 | Computing features for FIL-USDT
[INFO] 2025-04-02 09:35:54,358 | GPU is available: Device #0, Free: 10.98 GB / 12.00 GB
[INFO] 2025-04-02 09:35:54,392 | ENJ-USDT: Updated 450/450 rows in 2.54s
[INFO] 2025-04-02 09:35:54,461 | ELON-USDT: Updated 450/450 rows in 2.61s
[INFO] 2025-04-02 09:35:54,647 | Computing features for FLM-USDT
[INFO] 2025-04-02 09:35:54,649 | Computing features for FLOKI-USDT
[INFO] 2025-04-02 09:35:54,723 | GPU is available: Device #0, Free: 10.98 GB / 12.00 GB
[INFO] 2025-04-02 09:35:54,743 | GPU is available: Device #0, Free: 10.98 GB / 12.00 GB
[INFO] 2025-04-02 09:35:54,832 | ENS-USDT: Updated 450/450 rows in 2.98s
[INFO] 2025-04-02 09:35:55,084 | FET-USDT: Updated 450/450 rows in 3.23s
[INFO] 2025-04-02 09:35:55,084 | EOS-USDT: Updated 450/450 rows in 3.23s
[INFO] 2025-04-02 09:35:55,085 | Computing features for FLOW-USDT
[INFO] 2025-04-02 09:35:55,099 | ERN-USDT: Updated 450/450 rows in 3.25s
[INFO] 2025-04-02 09:35:55,110 | ETC-USDT: Updated 450/450 rows in 3.26s
[INFO] 2025-04-02 09:35:55,295 | GPU is available: Device #0, Free: 10.98 GB / 12.00 GB
[INFO] 2025-04-02 09:35:56,135 | FIL-USDT: Updated 450/450 rows in 1.78s
[INFO] 2025-04-02 09:35:56,299 | FLOW-USDT: Updated 450/450 rows in 1.21s
[INFO] 2025-04-02 09:35:56,299 | FLM-USDT: Updated 450/450 rows in 1.65s
[INFO] 2025-04-02 09:35:56,299 | FLOKI-USDT: Updated 450/450 rows in 1.65s
[INFO] 2025-04-02 09:35:56,482 | Processing batch 9/27 with 12 pairs
[INFO] 2025-04-02 09:35:56,483 | Computing features for FLR-USDT
[INFO] 2025-04-02 09:35:56,483 | Computing features for FLUID-USDT
[INFO] 2025-04-02 09:35:56,483 | Computing features for FORTH-USDT
[INFO] 2025-04-02 09:35:56,484 | Computing features for FOXY-USDT
[INFO] 2025-04-02 09:35:56,484 | Computing features for FXS-USDT
[INFO] 2025-04-02 09:35:56,485 | GPU is available: Device #0, Free: 10.98 GB / 12.00 GB
[INFO] 2025-04-02 09:35:56,485 | GPU is available: Device #0, Free: 10.98 GB / 12.00 GB
[INFO] 2025-04-02 09:35:56,485 | Computing features for G-USDT
[INFO] 2025-04-02 09:35:56,486 | Computing features for GALA-USDT
[INFO] 2025-04-02 09:35:56,486 | Computing features for GALFT-USDT
[INFO] 2025-04-02 09:35:56,486 | GPU is available: Device #0, Free: 10.98 GB / 12.00 GB
[INFO] 2025-04-02 09:35:56,555 | GPU is available: Device #0, Free: 10.98 GB / 12.00 GB
[INFO] 2025-04-02 09:35:56,687 | GPU is available: Device #0, Free: 10.98 GB / 12.00 GB
[INFO] 2025-04-02 09:35:56,725 | GPU is available: Device #0, Free: 10.98 GB / 12.00 GB
[INFO] 2025-04-02 09:35:56,844 | GPU is available: Device #0, Free: 10.98 GB / 12.00 GB
[INFO] 2025-04-02 09:35:56,873 | GPU is available: Device #0, Free: 10.98 GB / 12.00 GB
[INFO] 2025-04-02 09:35:58,461 | FLUID-USDT: Updated 142/142 rows in 1.98s
[INFO] 2025-04-02 09:35:58,610 | Computing features for GAS-USDT
[INFO] 2025-04-02 09:35:58,620 | GPU is available: Device #0, Free: 10.98 GB / 12.00 GB
[INFO] 2025-04-02 09:35:59,247 | FLR-USDT: Updated 450/450 rows in 2.76s
[INFO] 2025-04-02 09:35:59,395 | Computing features for GEAR-USDT
[INFO] 2025-04-02 09:35:59,406 | FORTH-USDT: Updated 450/450 rows in 2.92s
[INFO] 2025-04-02 09:35:59,449 | GPU is available: Device #0, Free: 10.98 GB / 12.00 GB
[INFO] 2025-04-02 09:35:59,575 | Computing features for GHST-USDT
[INFO] 2025-04-02 09:35:59,576 | GPU is available: Device #0, Free: 10.98 GB / 12.00 GB
[INFO] 2025-04-02 09:35:59,670 | G-USDT: Updated 450/450 rows in 3.19s
[INFO] 2025-04-02 09:35:59,674 | FOXY-USDT: Updated 450/450 rows in 3.19s
[INFO] 2025-04-02 09:35:59,842 | Progress: 100/306 pairs processed (1.86 pairs/sec, ~111s remaining)
[INFO] 2025-04-02 09:35:59,900 | GALFT-USDT: Updated 450/450 rows in 3.41s
[INFO] 2025-04-02 09:35:59,902 | FXS-USDT: Updated 450/450 rows in 3.42s
[INFO] 2025-04-02 09:35:59,919 | Computing features for GLM-USDT
[INFO] 2025-04-02 09:36:00,094 | GPU is available: Device #0, Free: 10.98 GB / 12.00 GB
[INFO] 2025-04-02 09:36:00,096 | GALA-USDT: Updated 450/450 rows in 3.61s
[INFO] 2025-04-02 09:36:00,569 | GAS-USDT: Updated 450/450 rows in 1.96s
[INFO] 2025-04-02 09:36:01,090 | GEAR-USDT: Updated 450/450 rows in 1.70s
[INFO] 2025-04-02 09:36:01,169 | GHST-USDT: Updated 450/450 rows in 1.59s
[INFO] 2025-04-02 09:36:01,169 | GLM-USDT: Updated 450/450 rows in 1.25s
[INFO] 2025-04-02 09:36:01,365 | Processing batch 10/27 with 12 pairs
[INFO] 2025-04-02 09:36:01,366 | Computing features for GLMR-USDT
[INFO] 2025-04-02 09:36:01,366 | Computing features for GMT-USDT
[INFO] 2025-04-02 09:36:01,367 | Computing features for GMX-USDT
[INFO] 2025-04-02 09:36:01,367 | Computing features for GOAT-USDT
[INFO] 2025-04-02 09:36:01,368 | Computing features for GODS-USDT
[INFO] 2025-04-02 09:36:01,368 | GPU is available: Device #0, Free: 10.98 GB / 12.00 GB
[INFO] 2025-04-02 09:36:01,368 | Computing features for GOG-USDT
[INFO] 2025-04-02 09:36:01,369 | Computing features for GRT-USDT
[INFO] 2025-04-02 09:36:01,369 | GPU is available: Device #0, Free: 10.98 GB / 12.00 GB
[INFO] 2025-04-02 09:36:01,369 | GPU is available: Device #0, Free: 10.98 GB / 12.00 GB
[INFO] 2025-04-02 09:36:01,369 | Computing features for HBAR-USDT
[INFO] 2025-04-02 09:36:01,604 | GPU is available: Device #0, Free: 10.98 GB / 12.00 GB
[INFO] 2025-04-02 09:36:01,662 | GPU is available: Device #0, Free: 10.98 GB / 12.00 GB
[INFO] 2025-04-02 09:36:01,700 | GPU is available: Device #0, Free: 10.98 GB / 12.00 GB
[INFO] 2025-04-02 09:36:01,838 | GPU is available: Device #0, Free: 10.98 GB / 12.00 GB
[INFO] 2025-04-02 09:36:01,920 | GPU is available: Device #0, Free: 10.98 GB / 12.00 GB
[INFO] 2025-04-02 09:36:04,106 | GLMR-USDT: Updated 450/450 rows in 2.74s
[INFO] 2025-04-02 09:36:04,191 | GMX-USDT: Updated 450/450 rows in 2.82s
[INFO] 2025-04-02 09:36:04,233 | Computing features for HMSTR-USDT
[INFO] 2025-04-02 09:36:04,375 | GOAT-USDT: Updated 450/450 rows in 3.01s
[INFO] 2025-04-02 09:36:04,377 | GPU is available: Device #0, Free: 10.98 GB / 12.00 GB
[INFO] 2025-04-02 09:36:04,436 | Computing features for ICE-USDT
[INFO] 2025-04-02 09:36:04,440 | Computing features for ICP-USDT
[INFO] 2025-04-02 09:36:04,441 | GPU is available: Device #0, Free: 10.98 GB / 12.00 GB
[INFO] 2025-04-02 09:36:04,442 | GPU is available: Device #0, Free: 10.98 GB / 12.00 GB
[INFO] 2025-04-02 09:36:04,610 | GMT-USDT: Updated 450/450 rows in 3.24s
[INFO] 2025-04-02 09:36:04,610 | GODS-USDT: Updated 450/450 rows in 3.24s
[INFO] 2025-04-02 09:36:04,610 | HBAR-USDT: Updated 450/450 rows in 3.24s
[INFO] 2025-04-02 09:36:04,610 | GOG-USDT: Updated 450/450 rows in 3.24s
[INFO] 2025-04-02 09:36:04,611 | GRT-USDT: Updated 450/450 rows in 3.24s
[INFO] 2025-04-02 09:36:05,043 | Computing features for ICX-USDT
[INFO] 2025-04-02 09:36:05,101 | GPU is available: Device #0, Free: 10.98 GB / 12.00 GB
[INFO] 2025-04-02 09:36:06,033 | HMSTR-USDT: Updated 450/450 rows in 1.80s
[INFO] 2025-04-02 09:36:06,129 | ICE-USDT: Updated 450/450 rows in 1.69s
[INFO] 2025-04-02 09:36:06,222 | ICP-USDT: Updated 450/450 rows in 1.78s
[INFO] 2025-04-02 09:36:06,290 | ICX-USDT: Updated 450/450 rows in 1.25s
[INFO] 2025-04-02 09:36:06,391 | Processing batch 11/27 with 12 pairs
[INFO] 2025-04-02 09:36:06,391 | Computing features for ID-USDT
[INFO] 2025-04-02 09:36:06,392 | Computing features for ILV-USDT
[INFO] 2025-04-02 09:36:06,392 | Computing features for IMX-USDT
[INFO] 2025-04-02 09:36:06,393 | Computing features for INJ-USDT
[INFO] 2025-04-02 09:36:06,393 | Computing features for IOST-USDT
[INFO] 2025-04-02 09:36:06,394 | Computing features for IOTA-USDT
[INFO] 2025-04-02 09:36:06,394 | GPU is available: Device #0, Free: 10.98 GB / 12.00 GB
[INFO] 2025-04-02 09:36:06,394 | GPU is available: Device #0, Free: 10.98 GB / 12.00 GB
[INFO] 2025-04-02 09:36:06,395 | GPU is available: Device #0, Free: 10.98 GB / 12.00 GB
[INFO] 2025-04-02 09:36:06,395 | Computing features for IP-USDT
[INFO] 2025-04-02 09:36:06,395 | Computing features for IQ-USDT
[INFO] 2025-04-02 09:36:06,638 | GPU is available: Device #0, Free: 10.98 GB / 12.00 GB
[INFO] 2025-04-02 09:36:06,638 | GPU is available: Device #0, Free: 10.98 GB / 12.00 GB
[INFO] 2025-04-02 09:36:06,698 | GPU is available: Device #0, Free: 10.98 GB / 12.00 GB
[INFO] 2025-04-02 09:36:06,759 | GPU is available: Device #0, Free: 10.98 GB / 12.00 GB
[INFO] 2025-04-02 09:36:06,913 | GPU is available: Device #0, Free: 10.98 GB / 12.00 GB
[INFO] 2025-04-02 09:36:09,078 | ILV-USDT: Updated 450/450 rows in 2.69s
[INFO] 2025-04-02 09:36:09,191 | ID-USDT: Updated 450/450 rows in 2.80s
[INFO] 2025-04-02 09:36:09,194 | Computing features for J-USDT
[INFO] 2025-04-02 09:36:09,328 | GPU is available: Device #0, Free: 10.98 GB / 12.00 GB
[INFO] 2025-04-02 09:36:09,339 | INJ-USDT: Updated 450/450 rows in 2.95s
[INFO] 2025-04-02 09:36:09,340 | Computing features for JOE-USDT
[INFO] 2025-04-02 09:36:09,415 | GPU is available: Device #0, Free: 10.98 GB / 12.00 GB
[INFO] 2025-04-02 09:36:09,416 | IMX-USDT: Updated 450/450 rows in 3.02s
[INFO] 2025-04-02 09:36:09,541 | Computing features for JST-USDT
[INFO] 2025-04-02 09:36:09,568 | IQ-USDT: Updated 450/450 rows in 3.17s
[INFO] 2025-04-02 09:36:09,579 | IP-USDT: Updated 450/450 rows in 3.18s
[INFO] 2025-04-02 09:36:09,580 | IOTA-USDT: Updated 450/450 rows in 3.19s
[INFO] 2025-04-02 09:36:09,580 | GPU is available: Device #0, Free: 10.98 GB / 12.00 GB
[INFO] 2025-04-02 09:36:09,684 | IOST-USDT: Updated 450/450 rows in 3.29s
[INFO] 2025-04-02 09:36:09,685 | Computing features for JTO-USDT
[INFO] 2025-04-02 09:36:09,837 | Progress: 125/306 pairs processed (1.96 pairs/sec, ~92s remaining)
[INFO] 2025-04-02 09:36:09,908 | GPU is available: Device #0, Free: 10.98 GB / 12.00 GB
[INFO] 2025-04-02 09:36:11,062 | J-USDT: Updated 450/450 rows in 1.87s
[INFO] 2025-04-02 09:36:11,228 | JOE-USDT: Updated 450/450 rows in 1.89s
[INFO] 2025-04-02 09:36:11,228 | JTO-USDT: Updated 450/450 rows in 1.54s
[INFO] 2025-04-02 09:36:11,383 | JST-USDT: Updated 450/450 rows in 1.84s
[INFO] 2025-04-02 09:36:11,481 | Processing batch 12/27 with 12 pairs
[INFO] 2025-04-02 09:36:11,481 | Computing features for JUP-USDT
[INFO] 2025-04-02 09:36:11,482 | Computing features for KAIA-USDT
[INFO] 2025-04-02 09:36:11,482 | Computing features for KAITO-USDT
[INFO] 2025-04-02 09:36:11,483 | Computing features for KDA-USDT
[INFO] 2025-04-02 09:36:11,483 | Computing features for KISHU-USDT
[INFO] 2025-04-02 09:36:11,483 | GPU is available: Device #0, Free: 10.98 GB / 12.00 GB
[INFO] 2025-04-02 09:36:11,484 | GPU is available: Device #0, Free: 10.98 GB / 12.00 GB
[INFO] 2025-04-02 09:36:11,484 | Computing features for KNC-USDT
[INFO] 2025-04-02 09:36:11,484 | Computing features for KSM-USDT
[INFO] 2025-04-02 09:36:11,484 | GPU is available: Device #0, Free: 10.98 GB / 12.00 GB
[INFO] 2025-04-02 09:36:11,485 | Computing features for LAT-USDT
[INFO] 2025-04-02 09:36:11,694 | GPU is available: Device #0, Free: 10.98 GB / 12.00 GB
[INFO] 2025-04-02 09:36:11,705 | GPU is available: Device #0, Free: 10.98 GB / 12.00 GB
[INFO] 2025-04-02 09:36:11,725 | GPU is available: Device #0, Free: 10.98 GB / 12.00 GB
[INFO] 2025-04-02 09:36:11,869 | GPU is available: Device #0, Free: 10.98 GB / 12.00 GB
[INFO] 2025-04-02 09:36:11,978 | GPU is available: Device #0, Free: 10.98 GB / 12.00 GB
[INFO] 2025-04-02 09:36:14,194 | KAIA-USDT: Updated 450/450 rows in 2.71s
[INFO] 2025-04-02 09:36:14,213 | JUP-USDT: Updated 450/450 rows in 2.73s
[INFO] 2025-04-02 09:36:14,341 | Computing features for LDO-USDT
[INFO] 2025-04-02 09:36:14,397 | KDA-USDT: Updated 450/450 rows in 2.91s
[INFO] 2025-04-02 09:36:14,417 | Computing features for LEO-USDT
[INFO] 2025-04-02 09:36:14,476 | GPU is available: Device #0, Free: 10.98 GB / 12.00 GB
[INFO] 2025-04-02 09:36:14,479 | GPU is available: Device #0, Free: 10.98 GB / 12.00 GB
[INFO] 2025-04-02 09:36:14,533 | Computing features for LINK-USDT
[INFO] 2025-04-02 09:36:14,537 | GPU is available: Device #0, Free: 10.98 GB / 12.00 GB
[INFO] 2025-04-02 09:36:14,699 | LAT-USDT: Updated 450/450 rows in 3.21s
[INFO] 2025-04-02 09:36:14,702 | KAITO-USDT: Updated 450/450 rows in 3.22s
[INFO] 2025-04-02 09:36:14,702 | KNC-USDT: Updated 450/450 rows in 3.22s
[INFO] 2025-04-02 09:36:14,702 | KSM-USDT: Updated 450/450 rows in 3.22s
[INFO] 2025-04-02 09:36:14,703 | KISHU-USDT: Updated 450/450 rows in 3.22s
[INFO] 2025-04-02 09:36:15,722 | Computing features for LOOKS-USDT
[INFO] 2025-04-02 09:36:15,779 | GPU is available: Device #0, Free: 10.98 GB / 12.00 GB
[INFO] 2025-04-02 09:36:16,774 | LEO-USDT: Updated 450/450 rows in 2.36s
[INFO] 2025-04-02 09:36:16,775 | LINK-USDT: Updated 450/450 rows in 2.24s
[INFO] 2025-04-02 09:36:16,775 | LDO-USDT: Updated 450/450 rows in 2.43s
[INFO] 2025-04-02 09:36:16,972 | LOOKS-USDT: Updated 450/450 rows in 1.25s
[INFO] 2025-04-02 09:36:17,074 | Processing batch 13/27 with 12 pairs
[INFO] 2025-04-02 09:36:17,074 | Computing features for LPT-USDT
[INFO] 2025-04-02 09:36:17,075 | Computing features for LQTY-USDT
[INFO] 2025-04-02 09:36:17,075 | Computing features for LRC-USDT
[INFO] 2025-04-02 09:36:17,076 | Computing features for LSK-USDT
[INFO] 2025-04-02 09:36:17,077 | GPU is available: Device #0, Free: 10.98 GB / 12.00 GB
[INFO] 2025-04-02 09:36:17,077 | GPU is available: Device #0, Free: 10.98 GB / 12.00 GB
[INFO] 2025-04-02 09:36:17,077 | Computing features for LTC-USDT
[INFO] 2025-04-02 09:36:17,077 | GPU is available: Device #0, Free: 10.98 GB / 12.00 GB
[INFO] 2025-04-02 09:36:17,078 | Computing features for LUNA-USDT
[INFO] 2025-04-02 09:36:17,078 | Computing features for LUNC-USDT
[INFO] 2025-04-02 09:36:17,078 | Computing features for MAGIC-USDT
[INFO] 2025-04-02 09:36:17,162 | GPU is available: Device #0, Free: 10.98 GB / 12.00 GB
[INFO] 2025-04-02 09:36:17,337 | GPU is available: Device #0, Free: 10.98 GB / 12.00 GB
[INFO] 2025-04-02 09:36:17,368 | GPU is available: Device #0, Free: 10.98 GB / 12.00 GB
[INFO] 2025-04-02 09:36:17,514 | GPU is available: Device #0, Free: 10.98 GB / 12.00 GB
[INFO] 2025-04-02 09:36:17,673 | GPU is available: Device #0, Free: 10.98 GB / 12.00 GB
[INFO] 2025-04-02 09:36:19,735 | LQTY-USDT: Updated 450/450 rows in 2.66s
[INFO] 2025-04-02 09:36:19,876 | Computing features for MAJOR-USDT
[INFO] 2025-04-02 09:36:19,889 | GPU is available: Device #0, Free: 10.98 GB / 12.00 GB
[INFO] 2025-04-02 09:36:19,894 | LRC-USDT: Updated 450/450 rows in 2.82s
[INFO] 2025-04-02 09:36:20,021 | LSK-USDT: Updated 450/450 rows in 2.95s
[INFO] 2025-04-02 09:36:20,080 | Computing features for MANA-USDT
[INFO] 2025-04-02 09:36:20,081 | LPT-USDT: Updated 450/450 rows in 3.01s
[INFO] 2025-04-02 09:36:20,172 | GPU is available: Device #0, Free: 10.98 GB / 12.00 GB
[INFO] 2025-04-02 09:36:20,259 | LTC-USDT: Updated 450/450 rows in 3.18s
[INFO] 2025-04-02 09:36:20,271 | Computing features for MASK-USDT
[INFO] 2025-04-02 09:36:20,362 | Computing features for MAX-USDT
[INFO] 2025-04-02 09:36:20,368 | LUNA-USDT: Updated 450/450 rows in 3.29s
[INFO] 2025-04-02 09:36:20,373 | GPU is available: Device #0, Free: 10.98 GB / 12.00 GB
[INFO] 2025-04-02 09:36:20,434 | LUNC-USDT: Updated 450/450 rows in 3.36s
[INFO] 2025-04-02 09:36:20,483 | GPU is available: Device #0, Free: 10.98 GB / 12.00 GB
[INFO] 2025-04-02 09:36:20,596 | Progress: 150/306 pairs processed (2.01 pairs/sec, ~78s remaining)
[INFO] 2025-04-02 09:36:20,837 | MAGIC-USDT: Updated 450/450 rows in 3.76s
[INFO] 2025-04-02 09:36:21,812 | MAJOR-USDT: Updated 450/450 rows in 1.94s
[INFO] 2025-04-02 09:36:21,972 | MASK-USDT: Updated 450/450 rows in 1.70s
[INFO] 2025-04-02 09:36:22,026 | MANA-USDT: Updated 450/450 rows in 1.95s
[INFO] 2025-04-02 09:36:22,026 | MAX-USDT: Updated 450/450 rows in 1.66s
[INFO] 2025-04-02 09:36:22,226 | Processing batch 14/27 with 12 pairs
[INFO] 2025-04-02 09:36:22,226 | Computing features for MDT-USDT
[INFO] 2025-04-02 09:36:22,227 | Computing features for ME-USDT
[INFO] 2025-04-02 09:36:22,227 | Computing features for MEME-USDT
[INFO] 2025-04-02 09:36:22,229 | GPU is available: Device #0, Free: 10.98 GB / 12.00 GB
[INFO] 2025-04-02 09:36:22,229 | GPU is available: Device #0, Free: 10.98 GB / 12.00 GB
[INFO] 2025-04-02 09:36:22,229 | Computing features for MEMEFI-USDT
[INFO] 2025-04-02 09:36:22,230 | Computing features for MENGO-USDT
[INFO] 2025-04-02 09:36:22,230 | Computing features for MERL-USDT
[INFO] 2025-04-02 09:36:22,231 | GPU is available: Device #0, Free: 10.98 GB / 12.00 GB
[INFO] 2025-04-02 09:36:22,231 | Computing features for METIS-USDT
[INFO] 2025-04-02 09:36:22,231 | Computing features for MEW-USDT
[INFO] 2025-04-02 09:36:22,440 | GPU is available: Device #0, Free: 10.98 GB / 12.00 GB
[INFO] 2025-04-02 09:36:22,534 | GPU is available: Device #0, Free: 10.98 GB / 12.00 GB
[INFO] 2025-04-02 09:36:22,550 | GPU is available: Device #0, Free: 10.98 GB / 12.00 GB
[INFO] 2025-04-02 09:36:22,635 | GPU is available: Device #0, Free: 10.98 GB / 12.00 GB
[INFO] 2025-04-02 09:36:22,814 | GPU is available: Device #0, Free: 10.98 GB / 12.00 GB
[INFO] 2025-04-02 09:36:24,791 | MDT-USDT: Updated 450/450 rows in 2.56s
[INFO] 2025-04-02 09:36:24,880 | Computing features for MILO-USDT
[INFO] 2025-04-02 09:36:24,887 | ME-USDT: Updated 450/450 rows in 2.66s
[INFO] 2025-04-02 09:36:24,889 | GPU is available: Device #0, Free: 10.98 GB / 12.00 GB
[INFO] 2025-04-02 09:36:24,989 | MEME-USDT: Updated 450/450 rows in 2.76s
[INFO] 2025-04-02 09:36:25,121 | Computing features for MINA-USDT
[INFO] 2025-04-02 09:36:25,122 | METIS-USDT: Updated 450/450 rows in 2.89s
[INFO] 2025-04-02 09:36:25,128 | Computing features for MKR-USDT
[INFO] 2025-04-02 09:36:25,173 | GPU is available: Device #0, Free: 10.98 GB / 12.00 GB
[INFO] 2025-04-02 09:36:25,263 | MENGO-USDT: Updated 450/450 rows in 3.03s
[INFO] 2025-04-02 09:36:25,264 | MEMEFI-USDT: Updated 450/450 rows in 3.04s
[INFO] 2025-04-02 09:36:25,266 | GPU is available: Device #0, Free: 10.98 GB / 12.00 GB
[INFO] 2025-04-02 09:36:25,396 | Computing features for MLN-USDT
[INFO] 2025-04-02 09:36:25,480 | GPU is available: Device #0, Free: 10.98 GB / 12.00 GB
[INFO] 2025-04-02 09:36:25,487 | MEW-USDT: Updated 450/450 rows in 3.26s
[INFO] 2025-04-02 09:36:25,575 | MERL-USDT: Updated 450/450 rows in 3.34s
[INFO] 2025-04-02 09:36:26,523 | MILO-USDT: Updated 450/450 rows in 1.64s
[INFO] 2025-04-02 09:36:26,712 | MINA-USDT: Updated 450/450 rows in 1.59s
[INFO] 2025-04-02 09:36:26,713 | MKR-USDT: Updated 450/450 rows in 1.59s
[INFO] 2025-04-02 09:36:26,812 | MLN-USDT: Updated 450/450 rows in 1.42s
[INFO] 2025-04-02 09:36:26,902 | Processing batch 15/27 with 12 pairs
[INFO] 2025-04-02 09:36:26,902 | Computing features for MOODENG-USDT
[INFO] 2025-04-02 09:36:26,902 | Computing features for MORPHO-USDT
[INFO] 2025-04-02 09:36:26,903 | Computing features for MOVE-USDT
[INFO] 2025-04-02 09:36:26,904 | Computing features for MOVR-USDT
[INFO] 2025-04-02 09:36:26,904 | GPU is available: Device #0, Free: 10.98 GB / 12.00 GB
[INFO] 2025-04-02 09:36:26,904 | Computing features for MXC-USDT
[INFO] 2025-04-02 09:36:26,904 | GPU is available: Device #0, Free: 10.98 GB / 12.00 GB
[INFO] 2025-04-02 09:36:26,905 | Computing features for NAVX-USDT
[INFO] 2025-04-02 09:36:26,905 | GPU is available: Device #0, Free: 10.98 GB / 12.00 GB
[INFO] 2025-04-02 09:36:26,906 | Computing features for NC-USDT
[INFO] 2025-04-02 09:36:26,906 | Computing features for NEAR-USDT
[INFO] 2025-04-02 09:36:27,082 | GPU is available: Device #0, Free: 10.98 GB / 12.00 GB
[INFO] 2025-04-02 09:36:27,143 | GPU is available: Device #0, Free: 10.98 GB / 12.00 GB
[INFO] 2025-04-02 09:36:27,190 | GPU is available: Device #0, Free: 10.98 GB / 12.00 GB
[INFO] 2025-04-02 09:36:27,320 | GPU is available: Device #0, Free: 10.98 GB / 12.00 GB
[INFO] 2025-04-02 09:36:27,454 | GPU is available: Device #0, Free: 10.98 GB / 12.00 GB
[INFO] 2025-04-02 09:36:29,168 | NAVX-USDT: Updated 190/190 rows in 2.26s
[INFO] 2025-04-02 09:36:29,298 | MOVE-USDT: Updated 450/450 rows in 2.40s
[INFO] 2025-04-02 09:36:29,299 | Computing features for NEIRO-USDT
[INFO] 2025-04-02 09:36:29,393 | MOODENG-USDT: Updated 450/450 rows in 2.49s
[INFO] 2025-04-02 09:36:29,397 | GPU is available: Device #0, Free: 10.98 GB / 12.00 GB
[INFO] 2025-04-02 09:36:29,459 | MORPHO-USDT: Updated 450/450 rows in 2.56s
[INFO] 2025-04-02 09:36:29,459 | Computing features for NEO-USDT
[INFO] 2025-04-02 09:36:29,540 | Computing features for NFT-USDT
[INFO] 2025-04-02 09:36:29,540 | GPU is available: Device #0, Free: 10.98 GB / 12.00 GB
[INFO] 2025-04-02 09:36:29,546 | GPU is available: Device #0, Free: 10.98 GB / 12.00 GB
[INFO] 2025-04-02 09:36:29,598 | Computing features for NMR-USDT
[INFO] 2025-04-02 09:36:29,630 | MOVR-USDT: Updated 450/450 rows in 2.73s
[INFO] 2025-04-02 09:36:29,738 | GPU is available: Device #0, Free: 10.98 GB / 12.00 GB
[INFO] 2025-04-02 09:36:29,785 | MXC-USDT: Updated 450/450 rows in 2.88s
[INFO] 2025-04-02 09:36:29,977 | NEAR-USDT: Updated 450/450 rows in 3.07s
[INFO] 2025-04-02 09:36:30,013 | NC-USDT: Updated 450/450 rows in 3.11s
[INFO] 2025-04-02 09:36:30,292 | Progress: 175/306 pairs processed (2.08 pairs/sec, ~63s remaining)
[INFO] 2025-04-02 09:36:31,150 | NEIRO-USDT: Updated 450/450 rows in 1.85s
[INFO] 2025-04-02 09:36:31,248 | NEO-USDT: Updated 450/450 rows in 1.79s
[INFO] 2025-04-02 09:36:31,320 | NFT-USDT: Updated 450/450 rows in 1.78s
[INFO] 2025-04-02 09:36:31,380 | NMR-USDT: Updated 450/450 rows in 1.78s
[INFO] 2025-04-02 09:36:31,483 | Processing batch 16/27 with 12 pairs
[INFO] 2025-04-02 09:36:31,484 | Computing features for NOT-USDT
[INFO] 2025-04-02 09:36:31,484 | Computing features for NULS-USDT
[INFO] 2025-04-02 09:36:31,484 | Computing features for OAS-USDT
[INFO] 2025-04-02 09:36:31,485 | Computing features for OKB-USDT
[INFO] 2025-04-02 09:36:31,486 | GPU is available: Device #0, Free: 10.98 GB / 12.00 GB
[INFO] 2025-04-02 09:36:31,486 | Computing features for OKSOL-USDT
[INFO] 2025-04-02 09:36:31,486 | GPU is available: Device #0, Free: 10.98 GB / 12.00 GB
[INFO] 2025-04-02 09:36:31,487 | Computing features for OKT-USDT
[INFO] 2025-04-02 09:36:31,487 | GPU is available: Device #0, Free: 10.98 GB / 12.00 GB
[INFO] 2025-04-02 09:36:31,487 | Computing features for OL-USDT
[INFO] 2025-04-02 09:36:31,487 | Computing features for OM-USDT
[INFO] 2025-04-02 09:36:31,668 | GPU is available: Device #0, Free: 10.98 GB / 12.00 GB
[INFO] 2025-04-02 09:36:31,747 | GPU is available: Device #0, Free: 10.98 GB / 12.00 GB
[INFO] 2025-04-02 09:36:31,765 | GPU is available: Device #0, Free: 10.98 GB / 12.00 GB
[INFO] 2025-04-02 09:36:31,874 | GPU is available: Device #0, Free: 10.98 GB / 12.00 GB
[INFO] 2025-04-02 09:36:32,053 | GPU is available: Device #0, Free: 10.98 GB / 12.00 GB
[INFO] 2025-04-02 09:36:34,192 | NOT-USDT: Updated 450/450 rows in 2.71s
[INFO] 2025-04-02 09:36:34,320 | Computing features for OMI-USDT
[INFO] 2025-04-02 09:36:34,357 | OAS-USDT: Updated 450/450 rows in 2.87s
[INFO] 2025-04-02 09:36:34,357 | NULS-USDT: Updated 450/450 rows in 2.87s
[INFO] 2025-04-02 09:36:34,360 | GPU is available: Device #0, Free: 10.98 GB / 12.00 GB
[INFO] 2025-04-02 09:36:34,477 | OKSOL-USDT: Updated 450/450 rows in 2.99s
[INFO] 2025-04-02 09:36:34,478 | Computing features for ONDO-USDT
[INFO] 2025-04-02 09:36:34,478 | Computing features for ONE-USDT
[INFO] 2025-04-02 09:36:34,610 | OKB-USDT: Updated 450/450 rows in 3.12s
[INFO] 2025-04-02 09:36:34,612 | GPU is available: Device #0, Free: 10.98 GB / 12.00 GB
[INFO] 2025-04-02 09:36:34,669 | GPU is available: Device #0, Free: 10.98 GB / 12.00 GB
[INFO] 2025-04-02 09:36:34,724 | Computing features for ONT-USDT
[INFO] 2025-04-02 09:36:34,770 | GPU is available: Device #0, Free: 10.98 GB / 12.00 GB
[INFO] 2025-04-02 09:36:34,892 | OL-USDT: Updated 450/450 rows in 3.40s
[INFO] 2025-04-02 09:36:34,928 | OKT-USDT: Updated 450/450 rows in 3.44s
[INFO] 2025-04-02 09:36:34,958 | OM-USDT: Updated 450/450 rows in 3.47s
[INFO] 2025-04-02 09:36:36,222 | OMI-USDT: Updated 450/450 rows in 1.90s
[INFO] 2025-04-02 09:36:36,223 | ONDO-USDT: Updated 450/450 rows in 1.75s
[INFO] 2025-04-02 09:36:36,353 | ONT-USDT: Updated 450/450 rows in 1.63s
[INFO] 2025-04-02 09:36:36,412 | ONE-USDT: Updated 450/450 rows in 1.93s
[INFO] 2025-04-02 09:36:36,521 | Processing batch 17/27 with 12 pairs
[INFO] 2025-04-02 09:36:36,521 | Computing features for OP-USDT
[INFO] 2025-04-02 09:36:36,522 | Computing features for ORBS-USDT
[INFO] 2025-04-02 09:36:36,522 | Computing features for ORDI-USDT
[INFO] 2025-04-02 09:36:36,523 | Computing features for OXT-USDT
[INFO] 2025-04-02 09:36:36,523 | Computing features for PARTI-USDT
[INFO] 2025-04-02 09:36:36,523 | Computing features for PENDLE-USDT
[INFO] 2025-04-02 09:36:36,524 | GPU is available: Device #0, Free: 10.98 GB / 12.00 GB
[INFO] 2025-04-02 09:36:36,524 | GPU is available: Device #0, Free: 10.98 GB / 12.00 GB
[INFO] 2025-04-02 09:36:36,524 | Computing features for PENGU-USDT
[INFO] 2025-04-02 09:36:36,524 | GPU is available: Device #0, Free: 10.98 GB / 12.00 GB
[INFO] 2025-04-02 09:36:36,525 | Computing features for PEOPLE-USDT
[INFO] 2025-04-02 09:36:36,674 | GPU is available: Device #0, Free: 10.98 GB / 12.00 GB
[INFO] 2025-04-02 09:36:36,790 | GPU is available: Device #0, Free: 10.98 GB / 12.00 GB
[INFO] 2025-04-02 09:36:36,796 | GPU is available: Device #0, Free: 10.98 GB / 12.00 GB
[INFO] 2025-04-02 09:36:36,954 | GPU is available: Device #0, Free: 10.98 GB / 12.00 GB
[INFO] 2025-04-02 09:36:36,959 | GPU is available: Device #0, Free: 10.98 GB / 12.00 GB
[INFO] 2025-04-02 09:36:39,094 | ORDI-USDT: Updated 450/450 rows in 2.57s
[INFO] 2025-04-02 09:36:39,096 | PARTI-USDT: Updated 187/187 rows in 2.57s
[INFO] 2025-04-02 09:36:39,249 | ORBS-USDT: Updated 450/450 rows in 2.73s
[INFO] 2025-04-02 09:36:39,337 | Computing features for PEPE-USDT
[INFO] 2025-04-02 09:36:39,338 | Computing features for PERP-USDT
[INFO] 2025-04-02 09:36:39,341 | Computing features for PHA-USDT
[INFO] 2025-04-02 09:36:39,341 | GPU is available: Device #0, Free: 10.98 GB / 12.00 GB
[INFO] 2025-04-02 09:36:39,341 | GPU is available: Device #0, Free: 10.98 GB / 12.00 GB
[INFO] 2025-04-02 09:36:39,392 | OP-USDT: Updated 450/450 rows in 2.87s
[INFO] 2025-04-02 09:36:39,402 | GPU is available: Device #0, Free: 10.98 GB / 12.00 GB
[INFO] 2025-04-02 09:36:39,544 | Computing features for PI-USDT
[INFO] 2025-04-02 09:36:39,601 | OXT-USDT: Updated 450/450 rows in 3.08s
[INFO] 2025-04-02 09:36:39,617 | GPU is available: Device #0, Free: 10.98 GB / 12.00 GB
[INFO] 2025-04-02 09:36:39,789 | PENDLE-USDT: Updated 450/450 rows in 3.27s
[INFO] 2025-04-02 09:36:39,801 | PEOPLE-USDT: Updated 450/450 rows in 3.28s
[INFO] 2025-04-02 09:36:40,077 | PENGU-USDT: Updated 450/450 rows in 3.55s
[INFO] 2025-04-02 09:36:40,363 | Progress: 200/306 pairs processed (2.12 pairs/sec, ~50s remaining)
[INFO] 2025-04-02 09:36:41,127 | PHA-USDT: Updated 450/450 rows in 1.79s
[INFO] 2025-04-02 09:36:41,184 | PERP-USDT: Updated 450/450 rows in 1.85s
[INFO] 2025-04-02 09:36:41,241 | PEPE-USDT: Updated 450/450 rows in 1.90s
[INFO] 2025-04-02 09:36:41,292 | PI-USDT: Updated 450/450 rows in 1.75s
[INFO] 2025-04-02 09:36:41,387 | Processing batch 18/27 with 12 pairs
[INFO] 2025-04-02 09:36:41,388 | Computing features for PIXEL-USDT
[INFO] 2025-04-02 09:36:41,388 | Computing features for PNUT-USDT
[INFO] 2025-04-02 09:36:41,389 | Computing features for POL-USDT
[INFO] 2025-04-02 09:36:41,389 | Computing features for POLYDOGE-USDT
[INFO] 2025-04-02 09:36:41,390 | Computing features for POR-USDT
[INFO] 2025-04-02 09:36:41,391 | Computing features for PRCL-USDT
[INFO] 2025-04-02 09:36:41,391 | GPU is available: Device #0, Free: 10.98 GB / 12.00 GB
[INFO] 2025-04-02 09:36:41,391 | GPU is available: Device #0, Free: 10.98 GB / 12.00 GB
[INFO] 2025-04-02 09:36:41,391 | Computing features for PRQ-USDT
[INFO] 2025-04-02 09:36:41,391 | Computing features for PSTAKE-USDT
[INFO] 2025-04-02 09:36:41,392 | GPU is available: Device #0, Free: 10.98 GB / 12.00 GB
[INFO] 2025-04-02 09:36:41,586 | GPU is available: Device #0, Free: 10.98 GB / 12.00 GB
[INFO] 2025-04-02 09:36:41,632 | GPU is available: Device #0, Free: 10.98 GB / 12.00 GB
[INFO] 2025-04-02 09:36:41,715 | GPU is available: Device #0, Free: 10.98 GB / 12.00 GB
[INFO] 2025-04-02 09:36:41,845 | GPU is available: Device #0, Free: 10.98 GB / 12.00 GB
[INFO] 2025-04-02 09:36:41,931 | GPU is available: Device #0, Free: 10.98 GB / 12.00 GB
[INFO] 2025-04-02 09:36:44,016 | PNUT-USDT: Updated 450/450 rows in 2.63s
[INFO] 2025-04-02 09:36:44,118 | Computing features for PYTH-USDT
[INFO] 2025-04-02 09:36:44,128 | GPU is available: Device #0, Free: 10.98 GB / 12.00 GB
[INFO] 2025-04-02 09:36:44,182 | POL-USDT: Updated 450/450 rows in 2.79s
[INFO] 2025-04-02 09:36:44,182 | PIXEL-USDT: Updated 450/450 rows in 2.79s
[INFO] 2025-04-02 09:36:44,475 | Computing features for PYUSD-USDT
[INFO] 2025-04-02 09:36:44,475 | Computing features for QTUM-USDT
[INFO] 2025-04-02 09:36:44,514 | POLYDOGE-USDT: Updated 450/450 rows in 3.12s
[INFO] 2025-04-02 09:36:44,515 | POR-USDT: Updated 450/450 rows in 3.13s
[INFO] 2025-04-02 09:36:44,515 | GPU is available: Device #0, Free: 10.98 GB / 12.00 GB
[INFO] 2025-04-02 09:36:44,515 | GPU is available: Device #0, Free: 10.98 GB / 12.00 GB
[INFO] 2025-04-02 09:36:44,713 | Computing features for RACA-USDT
[INFO] 2025-04-02 09:36:44,735 | GPU is available: Device #0, Free: 10.98 GB / 12.00 GB
[INFO] 2025-04-02 09:36:44,903 | PRCL-USDT: Updated 450/450 rows in 3.51s
[INFO] 2025-04-02 09:36:44,946 | PRQ-USDT: Updated 450/450 rows in 3.56s
[INFO] 2025-04-02 09:36:44,972 | PSTAKE-USDT: Updated 450/450 rows in 3.58s
[INFO] 2025-04-02 09:36:45,991 | PYTH-USDT: Updated 450/450 rows in 1.87s
[INFO] 2025-04-02 09:36:46,203 | PYUSD-USDT: Updated 450/450 rows in 1.73s
[INFO] 2025-04-02 09:36:46,264 | QTUM-USDT: Updated 450/450 rows in 1.79s
[INFO] 2025-04-02 09:36:46,264 | RACA-USDT: Updated 450/450 rows in 1.55s
[INFO] 2025-04-02 09:36:46,443 | Processing batch 19/27 with 12 pairs
[INFO] 2025-04-02 09:36:46,444 | Computing features for RADAR-USDT
[INFO] 2025-04-02 09:36:46,444 | Computing features for RAY-USDT
[INFO] 2025-04-02 09:36:46,444 | Computing features for RDNT-USDT
[INFO] 2025-04-02 09:36:46,445 | Computing features for RENDER-USDT
[INFO] 2025-04-02 09:36:46,446 | Computing features for RIO-USDT
[INFO] 2025-04-02 09:36:46,446 | GPU is available: Device #0, Free: 10.98 GB / 12.00 GB
[INFO] 2025-04-02 09:36:46,446 | GPU is available: Device #0, Free: 10.98 GB / 12.00 GB
[INFO] 2025-04-02 09:36:46,446 | GPU is available: Device #0, Free: 10.98 GB / 12.00 GB
[INFO] 2025-04-02 09:36:46,447 | Computing features for RON-USDT
[INFO] 2025-04-02 09:36:46,447 | Computing features for RPL-USDT
[INFO] 2025-04-02 09:36:46,448 | Computing features for RSR-USDT
[INFO] 2025-04-02 09:36:46,671 | GPU is available: Device #0, Free: 10.98 GB / 12.00 GB
[INFO] 2025-04-02 09:36:46,671 | GPU is available: Device #0, Free: 10.98 GB / 12.00 GB
[INFO] 2025-04-02 09:36:46,671 | GPU is available: Device #0, Free: 10.98 GB / 12.00 GB
[INFO] 2025-04-02 09:36:46,790 | GPU is available: Device #0, Free: 10.98 GB / 12.00 GB
[INFO] 2025-04-02 09:36:47,058 | GPU is available: Device #0, Free: 10.98 GB / 12.00 GB
[INFO] 2025-04-02 09:36:49,824 | RAY-USDT: Updated 450/450 rows in 3.38s
[INFO] 2025-04-02 09:36:49,837 | RADAR-USDT: Updated 450/450 rows in 3.39s
[INFO] 2025-04-02 09:36:49,838 | RDNT-USDT: Updated 450/450 rows in 3.39s
[INFO] 2025-04-02 09:36:50,061 | RON-USDT: Updated 450/450 rows in 3.61s
[INFO] 2025-04-02 09:36:50,063 | Computing features for RSS3-USDT
[INFO] 2025-04-02 09:36:50,116 | Computing features for RUNECOIN-USDT
[INFO] 2025-04-02 09:36:50,116 | Computing features for RVN-USDT
[INFO] 2025-04-02 09:36:50,118 | Computing features for S-USDT
[INFO] 2025-04-02 09:36:50,123 | GPU is available: Device #0, Free: 10.98 GB / 12.00 GB
[INFO] 2025-04-02 09:36:50,123 | GPU is available: Device #0, Free: 10.98 GB / 12.00 GB
[INFO] 2025-04-02 09:36:50,139 | GPU is available: Device #0, Free: 10.98 GB / 12.00 GB
[INFO] 2025-04-02 09:36:50,163 | GPU is available: Device #0, Free: 10.98 GB / 12.00 GB
[INFO] 2025-04-02 09:36:50,167 | RENDER-USDT: Updated 450/450 rows in 3.72s
[INFO] 2025-04-02 09:36:50,170 | RIO-USDT: Updated 450/450 rows in 3.72s
[INFO] 2025-04-02 09:36:50,581 | RPL-USDT: Updated 450/450 rows in 4.13s
[INFO] 2025-04-02 09:36:50,581 | RSR-USDT: Updated 450/450 rows in 4.13s
[INFO] 2025-04-02 09:36:51,772 | RSS3-USDT: Updated 450/450 rows in 1.71s
[INFO] 2025-04-02 09:36:51,830 | Progress: 225/306 pairs processed (2.13 pairs/sec, ~38s remaining)
[INFO] 2025-04-02 09:36:51,832 | RVN-USDT: Updated 450/450 rows in 1.72s
[INFO] 2025-04-02 09:36:51,911 | S-USDT: Updated 450/450 rows in 1.79s
[INFO] 2025-04-02 09:36:51,987 | RUNECOIN-USDT: Updated 450/450 rows in 1.87s
[INFO] 2025-04-02 09:36:52,097 | Processing batch 20/27 with 12 pairs
[INFO] 2025-04-02 09:36:52,098 | Computing features for SAFE-USDT
[INFO] 2025-04-02 09:36:52,098 | Computing features for SAMO-USDT
[INFO] 2025-04-02 09:36:52,098 | Computing features for SAND-USDT
[INFO] 2025-04-02 09:36:52,099 | Computing features for SATS-USDT
[INFO] 2025-04-02 09:36:52,100 | Computing features for SC-USDT
[INFO] 2025-04-02 09:36:52,100 | GPU is available: Device #0, Free: 10.98 GB / 12.00 GB
[INFO] 2025-04-02 09:36:52,100 | GPU is available: Device #0, Free: 10.98 GB / 12.00 GB
[INFO] 2025-04-02 09:36:52,100 | Computing features for SCR-USDT
[INFO] 2025-04-02 09:36:52,101 | Computing features for SD-USDT
[INFO] 2025-04-02 09:36:52,101 | Computing features for SHIB-USDT
[INFO] 2025-04-02 09:36:52,101 | GPU is available: Device #0, Free: 10.98 GB / 12.00 GB
[INFO] 2025-04-02 09:36:52,187 | GPU is available: Device #0, Free: 10.98 GB / 12.00 GB
[INFO] 2025-04-02 09:36:52,351 | GPU is available: Device #0, Free: 10.98 GB / 12.00 GB
[INFO] 2025-04-02 09:36:52,381 | GPU is available: Device #0, Free: 10.98 GB / 12.00 GB
[INFO] 2025-04-02 09:36:52,548 | GPU is available: Device #0, Free: 10.98 GB / 12.00 GB
[INFO] 2025-04-02 09:36:52,548 | GPU is available: Device #0, Free: 10.98 GB / 12.00 GB
[INFO] 2025-04-02 09:36:54,929 | SAFE-USDT: Updated 450/450 rows in 2.83s
[INFO] 2025-04-02 09:36:55,010 | Computing features for SKL-USDT
[INFO] 2025-04-02 09:36:55,012 | GPU is available: Device #0, Free: 10.98 GB / 12.00 GB
[INFO] 2025-04-02 09:36:55,103 | SAMO-USDT: Updated 450/450 rows in 3.01s
[INFO] 2025-04-02 09:36:55,114 | SAND-USDT: Updated 450/450 rows in 3.02s
[INFO] 2025-04-02 09:36:55,117 | SATS-USDT: Updated 450/450 rows in 3.02s
[INFO] 2025-04-02 09:36:55,339 | Computing features for SLERF-USDT
[INFO] 2025-04-02 09:36:55,340 | Computing features for SLP-USDT
[INFO] 2025-04-02 09:36:55,340 | Computing features for SNT-USDT
[INFO] 2025-04-02 09:36:55,352 | GPU is available: Device #0, Free: 10.98 GB / 12.00 GB
[INFO] 2025-04-02 09:36:55,359 | SCR-USDT: Updated 450/450 rows in 3.26s
[INFO] 2025-04-02 09:36:55,364 | GPU is available: Device #0, Free: 10.98 GB / 12.00 GB
[INFO] 2025-04-02 09:36:55,374 | GPU is available: Device #0, Free: 10.98 GB / 12.00 GB
[INFO] 2025-04-02 09:36:55,374 | SHIB-USDT: Updated 450/450 rows in 3.27s
[INFO] 2025-04-02 09:36:55,374 | SD-USDT: Updated 450/450 rows in 3.27s
[INFO] 2025-04-02 09:36:55,456 | SC-USDT: Updated 450/450 rows in 3.36s
[INFO] 2025-04-02 09:36:56,698 | SKL-USDT: Updated 450/450 rows in 1.69s
[INFO] 2025-04-02 09:36:56,865 | SLP-USDT: Updated 450/450 rows in 1.53s
[INFO] 2025-04-02 09:36:56,866 | SLERF-USDT: Updated 450/450 rows in 1.53s
[INFO] 2025-04-02 09:36:56,961 | SNT-USDT: Updated 450/450 rows in 1.62s
[INFO] 2025-04-02 09:36:57,054 | Processing batch 21/27 with 12 pairs
[INFO] 2025-04-02 09:36:57,054 | Computing features for SNX-USDT
[INFO] 2025-04-02 09:36:57,054 | Computing features for SOL-USDT
[INFO] 2025-04-02 09:36:57,055 | Computing features for SONIC-USDT
[INFO] 2025-04-02 09:36:57,055 | Computing features for SPURS-USDT
[INFO] 2025-04-02 09:36:57,055 | Computing features for SSV-USDT
[INFO] 2025-04-02 09:36:57,056 | Computing features for SSWP-USDT
[INFO] 2025-04-02 09:36:57,056 | Computing features for STORJ-USDT
[INFO] 2025-04-02 09:36:57,057 | Computing features for STRK-USDT
[INFO] 2025-04-02 09:36:57,058 | GPU is available: Device #0, Free: 10.98 GB / 12.00 GB
[INFO] 2025-04-02 09:36:57,059 | GPU is available: Device #0, Free: 10.98 GB / 12.00 GB
[INFO] 2025-04-02 09:36:57,059 | GPU is available: Device #0, Free: 10.98 GB / 12.00 GB
[INFO] 2025-04-02 09:36:57,137 | GPU is available: Device #0, Free: 10.98 GB / 12.00 GB
[INFO] 2025-04-02 09:36:57,286 | GPU is available: Device #0, Free: 10.98 GB / 12.00 GB
[INFO] 2025-04-02 09:36:57,326 | GPU is available: Device #0, Free: 10.98 GB / 12.00 GB
[INFO] 2025-04-02 09:36:57,438 | GPU is available: Device #0, Free: 10.98 GB / 12.00 GB
[INFO] 2025-04-02 09:36:57,599 | GPU is available: Device #0, Free: 10.98 GB / 12.00 GB
[INFO] 2025-04-02 09:36:59,592 | SNX-USDT: Updated 450/450 rows in 2.54s
[INFO] 2025-04-02 09:36:59,600 | SONIC-USDT: Updated 450/450 rows in 2.55s
[INFO] 2025-04-02 09:36:59,727 | SPURS-USDT: Updated 450/450 rows in 2.67s
[INFO] 2025-04-02 09:36:59,728 | SOL-USDT: Updated 450/450 rows in 2.67s
[INFO] 2025-04-02 09:36:59,728 | Computing features for STX-USDT
[INFO] 2025-04-02 09:36:59,849 | Computing features for SUI-USDT
[INFO] 2025-04-02 09:36:59,898 | GPU is available: Device #0, Free: 10.98 GB / 12.00 GB
[INFO] 2025-04-02 09:36:59,900 | SSV-USDT: Updated 450/450 rows in 2.84s
[INFO] 2025-04-02 09:36:59,901 | Computing features for SUSHI-USDT
[INFO] 2025-04-02 09:36:59,901 | Computing features for SWEAT-USDT
[INFO] 2025-04-02 09:36:59,902 | GPU is available: Device #0, Free: 10.98 GB / 12.00 GB
[INFO] 2025-04-02 09:36:59,953 | GPU is available: Device #0, Free: 10.98 GB / 12.00 GB
[INFO] 2025-04-02 09:36:59,955 | GPU is available: Device #0, Free: 10.98 GB / 12.00 GB
[INFO] 2025-04-02 09:37:00,148 | STRK-USDT: Updated 450/450 rows in 3.09s
[INFO] 2025-04-02 09:37:00,150 | SSWP-USDT: Updated 450/450 rows in 3.09s
[INFO] 2025-04-02 09:37:00,172 | STORJ-USDT: Updated 450/450 rows in 3.12s
[INFO] 2025-04-02 09:37:01,368 | SUI-USDT: Updated 450/450 rows in 1.52s
[INFO] 2025-04-02 09:37:01,443 | STX-USDT: Updated 450/450 rows in 1.71s
[INFO] 2025-04-02 09:37:01,443 | SUSHI-USDT: Updated 450/450 rows in 1.54s
[INFO] 2025-04-02 09:37:01,565 | Progress: 250/306 pairs processed (2.16 pairs/sec, ~26s remaining)
[INFO] 2025-04-02 09:37:01,565 | SWEAT-USDT: Updated 450/450 rows in 1.66s
[INFO] 2025-04-02 09:37:01,657 | Processing batch 22/27 with 12 pairs
[INFO] 2025-04-02 09:37:01,658 | Computing features for SWFTC-USDT
[INFO] 2025-04-02 09:37:01,658 | Computing features for T-USDT
[INFO] 2025-04-02 09:37:01,658 | Computing features for THETA-USDT
[INFO] 2025-04-02 09:37:01,658 | Computing features for TIA-USDT
[INFO] 2025-04-02 09:37:01,659 | Computing features for TNSR-USDT
[INFO] 2025-04-02 09:37:01,659 | Computing features for TON-USDT
[INFO] 2025-04-02 09:37:01,660 | Computing features for TRA-USDT
[INFO] 2025-04-02 09:37:01,660 | GPU is available: Device #0, Free: 10.98 GB / 12.00 GB
[INFO] 2025-04-02 09:37:01,661 | GPU is available: Device #0, Free: 10.98 GB / 12.00 GB
[INFO] 2025-04-02 09:37:01,661 | GPU is available: Device #0, Free: 10.98 GB / 12.00 GB
[INFO] 2025-04-02 09:37:01,661 | Computing features for TRB-USDT
[INFO] 2025-04-02 09:37:01,820 | GPU is available: Device #0, Free: 10.98 GB / 12.00 GB
[INFO] 2025-04-02 09:37:01,898 | GPU is available: Device #0, Free: 10.98 GB / 12.00 GB
[INFO] 2025-04-02 09:37:01,906 | GPU is available: Device #0, Free: 10.98 GB / 12.00 GB
[INFO] 2025-04-02 09:37:02,007 | GPU is available: Device #0, Free: 10.98 GB / 12.00 GB
[INFO] 2025-04-02 09:37:02,200 | GPU is available: Device #0, Free: 10.98 GB / 12.00 GB
[INFO] 2025-04-02 09:37:04,387 | T-USDT: Updated 450/450 rows in 2.73s
[INFO] 2025-04-02 09:37:04,491 | Computing features for TRUMP-USDT
[INFO] 2025-04-02 09:37:04,538 | GPU is available: Device #0, Free: 10.98 GB / 12.00 GB
[INFO] 2025-04-02 09:37:04,543 | THETA-USDT: Updated 450/450 rows in 2.89s
[INFO] 2025-04-02 09:37:04,549 | SWFTC-USDT: Updated 450/450 rows in 2.89s
[INFO] 2025-04-02 09:37:04,665 | Computing features for TRX-USDT
[INFO] 2025-04-02 09:37:04,698 | Computing features for TURBO-USDT
[INFO] 2025-04-02 09:37:04,828 | TNSR-USDT: Updated 450/450 rows in 3.17s
[INFO] 2025-04-02 09:37:04,829 | GPU is available: Device #0, Free: 10.98 GB / 12.00 GB
[INFO] 2025-04-02 09:37:04,830 | GPU is available: Device #0, Free: 10.98 GB / 12.00 GB
[INFO] 2025-04-02 09:37:04,923 | TRA-USDT: Updated 450/450 rows in 3.26s
[INFO] 2025-04-02 09:37:04,925 | Computing features for ULTI-USDT
[INFO] 2025-04-02 09:37:05,010 | GPU is available: Device #0, Free: 10.98 GB / 12.00 GB
[INFO] 2025-04-02 09:37:05,130 | TRB-USDT: Updated 450/450 rows in 3.47s
[INFO] 2025-04-02 09:37:05,130 | TIA-USDT: Updated 450/450 rows in 3.47s
[INFO] 2025-04-02 09:37:05,323 | TON-USDT: Updated 450/450 rows in 3.66s
[INFO] 2025-04-02 09:37:06,385 | TRUMP-USDT: Updated 450/450 rows in 1.89s
[INFO] 2025-04-02 09:37:06,505 | TRX-USDT: Updated 450/450 rows in 1.84s
[INFO] 2025-04-02 09:37:06,578 | TURBO-USDT: Updated 450/450 rows in 1.88s
[INFO] 2025-04-02 09:37:06,634 | ULTI-USDT: Updated 450/450 rows in 1.71s
[INFO] 2025-04-02 09:37:06,739 | Processing batch 23/27 with 12 pairs
[INFO] 2025-04-02 09:37:06,740 | Computing features for UMA-USDT
[INFO] 2025-04-02 09:37:06,740 | Computing features for UNI-USDT
[INFO] 2025-04-02 09:37:06,741 | Computing features for USDC-USDT
[INFO] 2025-04-02 09:37:06,741 | Computing features for USTC-USDT
[INFO] 2025-04-02 09:37:06,741 | Computing features for UXLINK-USDT
[INFO] 2025-04-02 09:37:06,742 | GPU is available: Device #0, Free: 10.98 GB / 12.00 GB
[INFO] 2025-04-02 09:37:06,742 | GPU is available: Device #0, Free: 10.98 GB / 12.00 GB
[INFO] 2025-04-02 09:37:06,743 | Computing features for VELO-USDT
[INFO] 2025-04-02 09:37:06,743 | GPU is available: Device #0, Free: 10.98 GB / 12.00 GB
[INFO] 2025-04-02 09:37:06,743 | Computing features for VELODROME-USDT
[INFO] 2025-04-02 09:37:06,743 | Computing features for VENOM-USDT
[INFO] 2025-04-02 09:37:06,974 | GPU is available: Device #0, Free: 10.98 GB / 12.00 GB
[INFO] 2025-04-02 09:37:06,983 | GPU is available: Device #0, Free: 10.98 GB / 12.00 GB
[INFO] 2025-04-02 09:37:07,070 | GPU is available: Device #0, Free: 10.98 GB / 12.00 GB
[INFO] 2025-04-02 09:37:07,102 | GPU is available: Device #0, Free: 10.98 GB / 12.00 GB
[INFO] 2025-04-02 09:37:07,267 | GPU is available: Device #0, Free: 10.98 GB / 12.00 GB
[INFO] 2025-04-02 09:37:09,459 | UNI-USDT: Updated 450/450 rows in 2.72s
[INFO] 2025-04-02 09:37:09,545 | USDC-USDT: Updated 450/450 rows in 2.80s
[INFO] 2025-04-02 09:37:09,545 | Computing features for VINE-USDT
[INFO] 2025-04-02 09:37:09,651 | GPU is available: Device #0, Free: 10.98 GB / 12.00 GB
[INFO] 2025-04-02 09:37:09,652 | UMA-USDT: Updated 450/450 rows in 2.91s
[INFO] 2025-04-02 09:37:09,775 | Computing features for VRA-USDT
[INFO] 2025-04-02 09:37:09,789 | Computing features for W-USDT
[INFO] 2025-04-02 09:37:09,790 | GPU is available: Device #0, Free: 10.98 GB / 12.00 GB
[INFO] 2025-04-02 09:37:09,791 | GPU is available: Device #0, Free: 10.98 GB / 12.00 GB
[INFO] 2025-04-02 09:37:09,886 | UXLINK-USDT: Updated 450/450 rows in 3.14s
[INFO] 2025-04-02 09:37:09,899 | USTC-USDT: Updated 450/450 rows in 3.16s
[INFO] 2025-04-02 09:37:09,899 | VELO-USDT: Updated 450/450 rows in 3.16s
[INFO] 2025-04-02 09:37:10,076 | VENOM-USDT: Updated 450/450 rows in 3.33s
[INFO] 2025-04-02 09:37:10,076 | VELODROME-USDT: Updated 450/450 rows in 3.33s
[INFO] 2025-04-02 09:37:10,388 | Computing features for WAXP-USDT
[INFO] 2025-04-02 09:37:10,466 | GPU is available: Device #0, Free: 10.98 GB / 12.00 GB
[INFO] 2025-04-02 09:37:11,425 | VINE-USDT: Updated 450/450 rows in 1.88s
[INFO] 2025-04-02 09:37:11,522 | VRA-USDT: Updated 450/450 rows in 1.75s
[INFO] 2025-04-02 09:37:11,628 | W-USDT: Updated 450/450 rows in 1.84s
[INFO] 2025-04-02 09:37:11,689 | Progress: 275/306 pairs processed (2.19 pairs/sec, ~14s remaining)
[INFO] 2025-04-02 09:37:11,690 | WAXP-USDT: Updated 450/450 rows in 1.30s
[INFO] 2025-04-02 09:37:11,804 | Processing batch 24/27 with 12 pairs
[INFO] 2025-04-02 09:37:11,805 | Computing features for WIF-USDT
[INFO] 2025-04-02 09:37:11,805 | Computing features for WIN-USDT
[INFO] 2025-04-02 09:37:11,805 | Computing features for WLD-USDT
[INFO] 2025-04-02 09:37:11,806 | Computing features for WOO-USDT
[INFO] 2025-04-02 09:37:11,807 | Computing features for X-USDT
[INFO] 2025-04-02 09:37:11,807 | GPU is available: Device #0, Free: 10.98 GB / 12.00 GB
[INFO] 2025-04-02 09:37:11,807 | GPU is available: Device #0, Free: 10.98 GB / 12.00 GB
[INFO] 2025-04-02 09:37:11,807 | GPU is available: Device #0, Free: 10.98 GB / 12.00 GB
[INFO] 2025-04-02 09:37:11,808 | Computing features for XAUT-USDT
[INFO] 2025-04-02 09:37:11,808 | Computing features for XCH-USDT
[INFO] 2025-04-02 09:37:11,808 | Computing features for XLM-USDT
[INFO] 2025-04-02 09:37:12,038 | GPU is available: Device #0, Free: 10.98 GB / 12.00 GB
[INFO] 2025-04-02 09:37:12,050 | GPU is available: Device #0, Free: 10.98 GB / 12.00 GB
[INFO] 2025-04-02 09:37:12,110 | GPU is available: Device #0, Free: 10.98 GB / 12.00 GB
[INFO] 2025-04-02 09:37:12,145 | GPU is available: Device #0, Free: 10.98 GB / 12.00 GB
[INFO] 2025-04-02 09:37:12,358 | GPU is available: Device #0, Free: 10.98 GB / 12.00 GB
[INFO] 2025-04-02 09:37:14,530 | WLD-USDT: Updated 450/450 rows in 2.72s
[INFO] 2025-04-02 09:37:14,648 | WIN-USDT: Updated 450/450 rows in 2.84s
[INFO] 2025-04-02 09:37:14,655 | Computing features for XNO-USDT
[INFO] 2025-04-02 09:37:14,715 | WIF-USDT: Updated 450/450 rows in 2.91s
[INFO] 2025-04-02 09:37:14,715 | GPU is available: Device #0, Free: 10.98 GB / 12.00 GB
[INFO] 2025-04-02 09:37:14,793 | Computing features for XRP-USDT
[INFO] 2025-04-02 09:37:14,870 | WOO-USDT: Updated 450/450 rows in 3.06s
[INFO] 2025-04-02 09:37:14,871 | Computing features for XTZ-USDT
[INFO] 2025-04-02 09:37:14,876 | GPU is available: Device #0, Free: 10.98 GB / 12.00 GB
[INFO] 2025-04-02 09:37:14,984 | GPU is available: Device #0, Free: 10.98 GB / 12.00 GB
[INFO] 2025-04-02 09:37:14,986 | Computing features for YFI-USDT
[INFO] 2025-04-02 09:37:14,987 | GPU is available: Device #0, Free: 10.98 GB / 12.00 GB
[INFO] 2025-04-02 09:37:15,081 | XLM-USDT: Updated 450/450 rows in 3.27s
[INFO] 2025-04-02 09:37:15,211 | X-USDT: Updated 450/450 rows in 3.40s
[INFO] 2025-04-02 09:37:15,215 | XAUT-USDT: Updated 450/450 rows in 3.41s
[INFO] 2025-04-02 09:37:15,309 | XCH-USDT: Updated 450/450 rows in 3.50s
[INFO] 2025-04-02 09:37:16,528 | XNO-USDT: Updated 450/450 rows in 1.87s
[INFO] 2025-04-02 09:37:16,615 | XRP-USDT: Updated 450/450 rows in 1.82s
[INFO] 2025-04-02 09:37:16,615 | YFI-USDT: Updated 450/450 rows in 1.63s
[INFO] 2025-04-02 09:37:16,722 | XTZ-USDT: Updated 450/450 rows in 1.85s
[INFO] 2025-04-02 09:37:16,818 | Processing batch 25/27 with 11 pairs
[INFO] 2025-04-02 09:37:16,819 | Computing features for YGG-USDT
[INFO] 2025-04-02 09:37:16,819 | Computing features for ZBCN-USDT
[INFO] 2025-04-02 09:37:16,819 | Computing features for ZENT-USDT
[INFO] 2025-04-02 09:37:16,820 | Computing features for ZERO-USDT
[INFO] 2025-04-02 09:37:16,821 | Computing features for ZETA-USDT
[INFO] 2025-04-02 09:37:16,821 | GPU is available: Device #0, Free: 10.98 GB / 12.00 GB
[INFO] 2025-04-02 09:37:16,822 | Computing features for ZEUS-USDT
[INFO] 2025-04-02 09:37:16,822 | GPU is available: Device #0, Free: 10.98 GB / 12.00 GB
[INFO] 2025-04-02 09:37:16,822 | GPU is available: Device #0, Free: 10.98 GB / 12.00 GB
[INFO] 2025-04-02 09:37:16,822 | Computing features for ZIL-USDT
[INFO] 2025-04-02 09:37:16,823 | Computing features for ZK-USDT
[INFO] 2025-04-02 09:37:17,045 | GPU is available: Device #0, Free: 10.98 GB / 12.00 GB
[INFO] 2025-04-02 09:37:17,063 | GPU is available: Device #0, Free: 10.98 GB / 12.00 GB
[INFO] 2025-04-02 09:37:17,101 | GPU is available: Device #0, Free: 10.98 GB / 12.00 GB
[INFO] 2025-04-02 09:37:17,159 | GPU is available: Device #0, Free: 10.98 GB / 12.00 GB
[INFO] 2025-04-02 09:37:17,409 | GPU is available: Device #0, Free: 10.98 GB / 12.00 GB
[INFO] 2025-04-02 09:37:19,579 | ZBCN-USDT: Updated 450/450 rows in 2.76s
[INFO] 2025-04-02 09:37:19,588 | ZENT-USDT: Updated 450/450 rows in 2.77s
[INFO] 2025-04-02 09:37:19,709 | YGG-USDT: Updated 450/450 rows in 2.89s
[INFO] 2025-04-02 09:37:19,710 | Computing features for ZKJ-USDT
[INFO] 2025-04-02 09:37:19,710 | ZETA-USDT: Updated 450/450 rows in 2.89s
[INFO] 2025-04-02 09:37:19,710 | Computing features for ZRO-USDT
[INFO] 2025-04-02 09:37:19,876 | GPU is available: Device #0, Free: 10.98 GB / 12.00 GB
[INFO] 2025-04-02 09:37:19,905 | GPU is available: Device #0, Free: 10.98 GB / 12.00 GB
[INFO] 2025-04-02 09:37:19,933 | Computing features for ZRX-USDT
[INFO] 2025-04-02 09:37:19,938 | GPU is available: Device #0, Free: 10.98 GB / 12.00 GB
[INFO] 2025-04-02 09:37:20,082 | ZERO-USDT: Updated 450/450 rows in 3.26s
[INFO] 2025-04-02 09:37:20,098 | ZEUS-USDT: Updated 450/450 rows in 3.28s
[INFO] 2025-04-02 09:37:20,098 | ZK-USDT: Updated 450/450 rows in 3.28s
[INFO] 2025-04-02 09:37:20,098 | ZIL-USDT: Updated 450/450 rows in 3.28s
[INFO] 2025-04-02 09:37:21,762 | ZRO-USDT: Updated 450/450 rows in 2.05s
[INFO] 2025-04-02 09:37:21,822 | ZKJ-USDT: Updated 450/450 rows in 2.11s
[INFO] 2025-04-02 09:37:21,822 | ZRX-USDT: Updated 450/450 rows in 1.89s
[INFO] 2025-04-02 09:37:21,970 | Processing batch 26/27 with 6 pairs
[INFO] 2025-04-02 09:37:21,970 | Computing features for BETH-USDT
[INFO] 2025-04-02 09:37:21,970 | Computing features for BTC-USDT
[INFO] 2025-04-02 09:37:21,971 | Computing features for ETH-USDT
[INFO] 2025-04-02 09:37:21,971 | Computing features for ETHFI-USDT
[INFO] 2025-04-02 09:37:21,972 | GPU is available: Device #0, Free: 10.98 GB / 12.00 GB
[INFO] 2025-04-02 09:37:21,972 | Computing features for ETHW-USDT
[INFO] 2025-04-02 09:37:21,973 | GPU is available: Device #0, Free: 10.98 GB / 12.00 GB
[INFO] 2025-04-02 09:37:21,973 | Computing features for STETH-USDT
[INFO] 2025-04-02 09:37:21,974 | GPU is available: Device #0, Free: 10.98 GB / 12.00 GB
[INFO] 2025-04-02 09:37:22,122 | GPU is available: Device #0, Free: 10.98 GB / 12.00 GB
[INFO] 2025-04-02 09:37:22,207 | GPU is available: Device #0, Free: 10.98 GB / 12.00 GB
[INFO] 2025-04-02 09:37:22,229 | GPU is available: Device #0, Free: 10.98 GB / 12.00 GB
[INFO] 2025-04-02 09:37:24,119 | BETH-USDT: Updated 450/450 rows in 2.15s
[INFO] 2025-04-02 09:37:24,120 | BTC-USDT: Updated 450/450 rows in 2.15s
[INFO] 2025-04-02 09:37:24,234 | Progress: 300/306 pairs processed (2.17 pairs/sec, ~3s remaining)
[INFO] 2025-04-02 09:37:24,262 | ETHW-USDT: Updated 450/450 rows in 2.29s
[INFO] 2025-04-02 09:37:24,318 | ETHFI-USDT: Updated 450/450 rows in 2.35s
[INFO] 2025-04-02 09:37:24,318 | ETH-USDT: Updated 450/450 rows in 2.35s
[INFO] 2025-04-02 09:37:24,420 | STETH-USDT: Updated 450/450 rows in 2.45s
[INFO] 2025-04-02 09:37:24,529 | Processing batch 27/27 with 1 pairs
[INFO] 2025-04-02 09:37:24,529 | Computing features for WBTC-USDT
[INFO] 2025-04-02 09:37:24,531 | GPU is available: Device #0, Free: 10.98 GB / 12.00 GB
[INFO] 2025-04-02 09:37:24,876 | WBTC-USDT: Updated 450/450 rows in 0.35s
[INFO] 2025-04-02 09:37:24,931 | Progress: 306/306 pairs processed (2.20 pairs/sec, ~0s remaining)
[INFO] 2025-04-02 09:37:24,980 | Computing cross-pair features
[INFO] 2025-04-02 09:37:31,811 | Updated 1 rows with cross-pair features
[INFO] 2025-04-02 09:37:31,817 | Performance summary saved to logs/performance_summary_2025-04-02_093731.json
[INFO] 2025-04-02 09:37:31,817 | Performance report saved to logs/performance_report_2025-04-02_093731.txt
[INFO] 2025-04-02 09:37:31,817 | Performance summary saved to logs/performance_summary_2025-04-02_093731.json
[INFO] 2025-04-02 09:37:31,817 | Performance report saved to logs/performance_report_2025-04-02_093731.txt
[INFO] 2025-04-02 09:37:31,817 | Rolling update mode completed.
