Timestamp,Pair,Operation,Duration(s)
2025-03-26 12:32:48,ANIME-USDT,db_get_columns,0.131775
2025-03-26 12:32:48,ANIME-USDT,db_get_columns,0.021467
2025-03-26 12:32:48,ANIME-USDT,db_get_columns,0.010126
2025-03-26 12:32:48,ANIME-USDT,fetch_data,0.049000
2025-03-26 12:32:48,ANIME-USDT,db_get_columns,0.213797
2025-03-26 12:32:48,ANIME-USDT,db_get_columns,0.224388
2025-03-26 12:32:48,ANIME-USDT,db_get_columns,0.242941
2025-03-26 12:32:48,ANIME-USDT,db_get_columns,0.062532
2025-03-26 12:32:48,ANIME-USDT,db_get_columns,0.196126
2025-03-26 12:32:48,ANIME-USDT,db_get_columns,0.241513
2025-03-26 12:32:48,ANIME-USDT,db_get_columns,0.200568
2025-03-26 12:32:48,ANIME-USDT,db_get_columns,0.125474
2025-03-26 12:32:48,ANIME-USDT,db_get_columns,0.224734
2025-03-26 12:32:48,ANIME-USDT,db_get_columns,0.247405
2025-03-26 12:32:48,ANIME-USDT,db_get_columns,0.268525
2025-03-26 12:32:48,ANIME-USDT,fetch_data,0.391933
2025-03-26 12:32:49,ANIME-USDT,db_get_columns,0.285972
2025-03-26 12:32:49,ANIME-USDT,fetch_data,0.384669
2025-03-26 12:32:49,ANIME-USDT,db_get_columns,0.370867
2025-03-26 12:32:49,ANIME-USDT,fetch_data,0.453177
2025-03-26 12:32:49,ANIME-USDT,fetch_data,0.444585
2025-03-26 12:32:49,ANIME-USDT,fetch_data,0.526472
2025-03-26 12:32:49,ANIME-USDT,fetch_data,0.513229
2025-03-26 12:32:49,ANIME-USDT,fetch_data,0.558152
2025-03-26 12:32:49,ANIME-USDT,fetch_data,0.669291
2025-03-26 12:32:49,ANIME-USDT,fetch_data,0.667075
2025-03-26 12:32:49,ANIME-USDT,fetch_data,0.689268
2025-03-26 12:32:49,ANIME-USDT,fetch_data,0.624543
2025-03-26 12:32:49,ANIME-USDT,fetch_data,0.702549
2025-03-26 12:32:49,ANIME-USDT,fetch_data,0.685097
2025-03-26 12:32:49,ANIME-USDT,fetch_data,0.683266
2025-03-26 12:32:50,ANIME-USDT,fetch_data,0.744554
2025-03-26 12:32:50,ANIME-USDT,price_action_features,1.539066
2025-03-26 12:32:50,ANIME-USDT,price_action_features,1.547408
2025-03-26 12:32:50,ANIME-USDT,price_action_features,1.596993
2025-03-26 12:32:50,ANIME-USDT,price_action_features,1.610065
2025-03-26 12:32:50,ANIME-USDT,price_action_features,1.562872
2025-03-26 12:32:50,ANIME-USDT,price_action_features,1.572328
2025-03-26 12:32:50,ANIME-USDT,price_action_features,1.346162
2025-03-26 12:32:50,ANIME-USDT,price_action_features,1.353214
2025-03-26 12:32:50,ANIME-USDT,price_action_features,0.993284
2025-03-26 12:32:50,ANIME-USDT,price_action_features,1.000137
2025-03-26 12:32:50,ANIME-USDT,price_action_features,1.198404
2025-03-26 12:32:50,ANIME-USDT,price_action_features,1.330289
2025-03-26 12:32:50,ANIME-USDT,price_action_features,1.206394
2025-03-26 12:32:50,ANIME-USDT,price_action_features,1.340585
2025-03-26 12:32:50,ANIME-USDT,price_action_features,1.097529
2025-03-26 12:32:50,ANIME-USDT,price_action_features,1.047806
2025-03-26 12:32:50,ANIME-USDT,price_action_features,1.118320
2025-03-26 12:32:50,ANIME-USDT,price_action_features,1.061584
2025-03-26 12:32:50,ANIME-USDT,price_action_features,0.934210
2025-03-26 12:32:50,ANIME-USDT,price_action_features,0.812829
2025-03-26 12:32:50,ANIME-USDT,price_action_features,1.373516
2025-03-26 12:32:50,ANIME-USDT,price_action_features,0.941760
2025-03-26 12:32:50,ANIME-USDT,price_action_features,1.145221
2025-03-26 12:32:50,ANIME-USDT,price_action_features,0.823901
2025-03-26 12:32:50,ANIME-USDT,price_action_features,1.388710
2025-03-26 12:32:50,ANIME-USDT,price_action_features,0.964560
2025-03-26 12:32:50,ANIME-USDT,price_action_features,1.162998
2025-03-26 12:32:51,ANIME-USDT,price_action_features,1.423479
2025-03-26 12:32:51,ANIME-USDT,price_action_features,0.999673
2025-03-26 12:32:51,ANIME-USDT,price_action_features,0.899222
2025-03-26 12:32:51,ANIME-USDT,price_action_features,1.494077
2025-03-26 12:32:51,ANIME-USDT,price_action_features,0.912966
2025-03-26 12:32:51,ANIME-USDT,momentum_features,1.302596
2025-03-26 12:32:51,ANIME-USDT,momentum_features,1.333138
2025-03-26 12:32:52,ANIME-USDT,momentum_features,1.358759
2025-03-26 12:32:52,ANIME-USDT,momentum_features,1.379502
2025-03-26 12:32:52,ANIME-USDT,momentum_features,1.521052
2025-03-26 12:32:52,ANIME-USDT,momentum_features,1.524700
2025-03-26 12:32:52,ANIME-USDT,momentum_features,1.497762
2025-03-26 12:32:52,ANIME-USDT,momentum_features,1.478319
2025-03-26 12:32:52,ANIME-USDT,momentum_features,1.505074
2025-03-26 12:32:52,ANIME-USDT,momentum_features,1.490412
2025-03-26 12:32:52,ANIME-USDT,momentum_features,1.495896
2025-03-26 12:32:52,ANIME-USDT,momentum_features,1.491783
2025-03-26 12:32:52,ANIME-USDT,momentum_features,1.442187
2025-03-26 12:32:52,ANIME-USDT,momentum_features,1.458750
2025-03-26 12:32:52,ANIME-USDT,momentum_features,1.510131
2025-03-26 12:32:52,ANIME-USDT,momentum_features,1.509729
2025-03-26 12:32:52,ANIME-USDT,momentum_features,1.498781
2025-03-26 12:32:52,ANIME-USDT,momentum_features,1.467636
2025-03-26 12:32:52,ANIME-USDT,momentum_features,1.494964
2025-03-26 12:32:52,ANIME-USDT,momentum_features,1.481327
2025-03-26 12:32:52,ANIME-USDT,momentum_features,1.524283
2025-03-26 12:32:52,ANIME-USDT,momentum_features,1.531057
2025-03-26 12:32:52,ANIME-USDT,momentum_features,1.503944
2025-03-26 12:32:52,ANIME-USDT,momentum_features,1.454967
2025-03-26 12:32:52,ANIME-USDT,momentum_features,1.529022
2025-03-26 12:32:52,ANIME-USDT,momentum_features,1.463230
2025-03-26 12:32:52,ANIME-USDT,momentum_features,1.441415
2025-03-26 12:32:52,ANIME-USDT,momentum_features,1.464370
2025-03-26 12:32:52,ANIME-USDT,momentum_features,1.452888
2025-03-26 12:32:52,ANIME-USDT,momentum_features,1.481360
2025-03-26 12:32:52,ANIME-USDT,momentum_features,1.472787
2025-03-26 12:32:52,ANIME-USDT,momentum_features,1.490164
2025-03-26 12:32:52,ANIME-USDT,volatility_features,0.974406
2025-03-26 12:32:52,ANIME-USDT,volatility_features,0.993757
2025-03-26 12:32:53,ANIME-USDT,volatility_features,1.138488
2025-03-26 12:32:53,ANIME-USDT,volatility_features,1.143145
2025-03-26 12:32:53,ANIME-USDT,volatility_features,1.099071
2025-03-26 12:32:53,ANIME-USDT,volatility_features,1.103874
2025-03-26 12:32:53,ANIME-USDT,volatility_features,1.080348
2025-03-26 12:32:53,ANIME-USDT,volatility_features,1.084700
2025-03-26 12:32:53,ANIME-USDT,volatility_features,1.098793
2025-03-26 12:32:53,ANIME-USDT,volatility_features,1.103138
2025-03-26 12:32:53,ANIME-USDT,volatility_features,1.145950
2025-03-26 12:32:53,ANIME-USDT,volatility_features,1.159279
2025-03-26 12:32:53,ANIME-USDT,volatility_features,1.144578
2025-03-26 12:32:53,ANIME-USDT,volatility_features,1.126348
2025-03-26 12:32:53,ANIME-USDT,volatility_features,1.158989
2025-03-26 12:32:53,ANIME-USDT,volatility_features,1.146398
2025-03-26 12:32:53,ANIME-USDT,volatility_features,1.115758
2025-03-26 12:32:53,ANIME-USDT,volatility_features,1.104109
2025-03-26 12:32:53,ANIME-USDT,volatility_features,1.178133
2025-03-26 12:32:53,ANIME-USDT,volatility_features,1.141330
2025-03-26 12:32:53,ANIME-USDT,volatility_features,1.155094
2025-03-26 12:32:53,ANIME-USDT,volatility_features,1.165517
2025-03-26 12:32:53,ANIME-USDT,volatility_features,1.144998
2025-03-26 12:32:53,ANIME-USDT,volatility_features,1.137618
2025-03-26 12:32:53,ANIME-USDT,volatility_features,1.115843
2025-03-26 12:32:53,ANIME-USDT,volatility_features,1.217088
2025-03-26 12:32:53,ANIME-USDT,volatility_features,1.192073
2025-03-26 12:32:53,ANIME-USDT,volatility_features,1.158091
2025-03-26 12:32:53,ANIME-USDT,volatility_features,1.159197
2025-03-26 12:32:53,ANIME-USDT,volatility_features,1.172405
2025-03-26 12:32:53,ANIME-USDT,volatility_features,1.198474
2025-03-26 12:32:53,ANIME-USDT,volatility_features,1.191886
2025-03-26 12:32:53,ANIME-USDT,volume_features,1.271245
2025-03-26 12:32:53,ANIME-USDT,volume_features,1.286994
2025-03-26 12:32:54,ANIME-USDT,volume_features,1.354555
2025-03-26 12:32:54,ANIME-USDT,volume_features,1.364902
2025-03-26 12:32:54,ANIME-USDT,volume_features,1.320841
2025-03-26 12:32:54,ANIME-USDT,volume_features,1.380134
2025-03-26 12:32:54,ANIME-USDT,volume_features,1.334113
2025-03-26 12:32:54,ANIME-USDT,volume_features,1.316808
2025-03-26 12:32:54,ANIME-USDT,volume_features,1.405842
2025-03-26 12:32:54,ANIME-USDT,volume_features,1.353383
2025-03-26 12:32:54,ANIME-USDT,volume_features,1.319921
2025-03-26 12:32:54,ANIME-USDT,volume_features,1.328003
2025-03-26 12:32:54,ANIME-USDT,volume_features,1.324962
2025-03-26 12:32:54,ANIME-USDT,volume_features,1.333746
2025-03-26 12:32:55,ANIME-USDT,volume_features,1.460926
2025-03-26 12:32:55,ANIME-USDT,volume_features,1.461475
2025-03-26 12:32:55,ANIME-USDT,volume_features,1.530915
2025-03-26 12:32:55,ANIME-USDT,volume_features,1.547040
2025-03-26 12:32:55,ANIME-USDT,volume_features,1.494969
2025-03-26 12:32:55,ANIME-USDT,volume_features,1.508145
2025-03-26 12:32:55,ANIME-USDT,volume_features,1.565594
2025-03-26 12:32:55,ANIME-USDT,volume_features,1.565797
2025-03-26 12:32:55,ANIME-USDT,volume_features,1.575666
2025-03-26 12:32:55,ANIME-USDT,volume_features,1.616708
2025-03-26 12:32:55,ANIME-USDT,volume_features,1.565387
2025-03-26 12:32:55,ANIME-USDT,volume_features,1.707089
2025-03-26 12:32:55,ANIME-USDT,volume_features,1.695047
2025-03-26 12:32:55,ANIME-USDT,volume_features,1.737112
2025-03-26 12:32:55,ANIME-USDT,volume_features,1.841290
2025-03-26 12:32:55,ANIME-USDT,volume_features,1.816489
2025-03-26 12:32:55,ANIME-USDT,volume_features,1.842149
2025-03-26 12:32:55,ANIME-USDT,volume_features,1.881366
2025-03-26 12:32:59,ANIME-USDT,statistical_features,5.494400
2025-03-26 12:32:59,ANIME-USDT,statistical_features,5.496676
2025-03-26 12:32:59,ANIME-USDT,statistical_features,4.626867
2025-03-26 12:32:59,ANIME-USDT,statistical_features,4.653795
2025-03-26 12:32:59,ANIME-USDT,statistical_features,3.889661
2025-03-26 12:32:59,ANIME-USDT,statistical_features,4.096607
2025-03-26 12:32:59,ANIME-USDT,statistical_features,4.999798
2025-03-26 12:32:59,ANIME-USDT,statistical_features,5.005974
2025-03-26 12:32:59,ANIME-USDT,statistical_features,4.393124
2025-03-26 12:32:59,ANIME-USDT,statistical_features,4.401388
2025-03-26 12:32:59,ANIME-USDT,statistical_features,4.356368
2025-03-26 12:32:59,ANIME-USDT,statistical_features,4.356508
2025-03-26 12:33:00,ANIME-USDT,statistical_features,5.075014
2025-03-26 12:33:00,ANIME-USDT,statistical_features,5.083448
2025-03-26 12:33:00,ANIME-USDT,pattern_features,0.387066
2025-03-26 12:33:00,ANIME-USDT,pattern_features,0.387331
2025-03-26 12:33:00,ANIME-USDT,pattern_features,0.654573
2025-03-26 12:33:00,ANIME-USDT,pattern_features,0.658245
2025-03-26 12:33:00,ANIME-USDT,pattern_features,0.744428
2025-03-26 12:33:00,ANIME-USDT,pattern_features,0.748786
2025-03-26 12:33:00,ANIME-USDT,pattern_features,0.302796
2025-03-26 12:33:00,ANIME-USDT,pattern_features,0.308604
2025-03-26 12:33:00,ANIME-USDT,pattern_features,0.415557
2025-03-26 12:33:00,ANIME-USDT,pattern_features,0.427651
2025-03-26 12:33:00,ANIME-USDT,time_features,0.068703
2025-03-26 12:33:00,ANIME-USDT,time_features,0.078082
2025-03-26 12:33:00,ANIME-USDT,time_features,0.189345
2025-03-26 12:33:00,ANIME-USDT,time_features,0.195053
2025-03-26 12:33:00,ANIME-USDT,time_features,0.132921
2025-03-26 12:33:00,ANIME-USDT,time_features,0.138616
2025-03-26 12:33:00,ANIME-USDT,time_features,0.271457
2025-03-26 12:33:00,ANIME-USDT,time_features,0.278434
2025-03-26 12:33:00,ANIME-USDT,statistical_features,5.291995
2025-03-26 12:33:00,ANIME-USDT,statistical_features,5.296287
2025-03-26 12:33:00,ANIME-USDT,time_features,0.183456
2025-03-26 12:33:00,ANIME-USDT,time_features,0.190677
2025-03-26 12:33:00,ANIME-USDT,pattern_features,0.526947
2025-03-26 12:33:00,ANIME-USDT,pattern_features,0.541038
2025-03-26 12:33:00,ANIME-USDT,pattern_features,0.516521
2025-03-26 12:33:00,ANIME-USDT,pattern_features,0.525459
2025-03-26 12:33:00,ANIME-USDT,time_features,0.064134
2025-03-26 12:33:00,ANIME-USDT,time_features,0.263808
2025-03-26 12:33:00,ANIME-USDT,time_features,0.390519
2025-03-26 12:33:00,ANIME-USDT,time_features,0.401322
2025-03-26 12:33:01,ANIME-USDT,compute_4h_features,1742988780.754099
2025-03-26 12:33:01,ANIME-USDT,compute_4h_features,1742988780.375577
2025-03-26 12:33:01,ANIME-USDT,compute_4h_features,1742988780.348613
2025-03-26 12:33:01,ANIME-USDT,compute_4h_features,1742988780.407321
2025-03-26 12:33:01,ANIME-USDT,compute_4h_features,1742988780.377554
2025-03-26 12:33:01,ANIME-USDT,compute_4h_features,1742988780.485808
2025-03-26 12:33:01,ANIME-USDT,statistical_features,6.598915
2025-03-26 12:33:01,ANIME-USDT,statistical_features,5.961714
2025-03-26 12:33:01,ANIME-USDT,statistical_features,6.608694
2025-03-26 12:33:01,ANIME-USDT,statistical_features,6.006865
2025-03-26 12:33:01,ANIME-USDT,compute_4h_features,1742988780.962088
2025-03-26 12:33:01,ANIME-USDT,pattern_features,1.274532
2025-03-26 12:33:01,ANIME-USDT,compute_1d_features,1742988781.529456
2025-03-26 12:33:01,ANIME-USDT,multi_timeframe_features_total,1.367987
2025-03-26 12:33:01,ANIME-USDT,compute_1d_features,1742988781.517672
2025-03-26 12:33:01,ANIME-USDT,multi_timeframe_features_total,1.459704
2025-03-26 12:33:01,ANIME-USDT,compute_1d_features,1742988781.552293
2025-03-26 12:33:01,ANIME-USDT,multi_timeframe_features_total,1.354755
2025-03-26 12:33:01,ANIME-USDT,pattern_features,1.314494
2025-03-26 12:33:01,ANIME-USDT,statistical_features,6.596726
2025-03-26 12:33:01,ANIME-USDT,multi_timeframe_features,1.490972
2025-03-26 12:33:01,ANIME-USDT,multi_timeframe_features,1.377336
2025-03-26 12:33:01,ANIME-USDT,multi_timeframe_features,1.357317
2025-03-26 12:33:01,ANIME-USDT,compute_1d_features,1742988781.502705
2025-03-26 12:33:01,ANIME-USDT,multi_timeframe_features_total,1.505431
2025-03-26 12:33:01,ANIME-USDT,compute_1d_features,1742988781.496423
2025-03-26 12:33:01,ANIME-USDT,multi_timeframe_features_total,1.208095
2025-03-26 12:33:01,ANIME-USDT,multi_timeframe_features,1.208223
2025-03-26 12:33:01,ANIME-USDT,label_features,1742988781.849181
2025-03-26 12:33:01,ANIME-USDT,multi_timeframe_features,1.511788
2025-03-26 12:33:01,ANIME-USDT,statistical_features,6.617746
2025-03-26 12:33:01,ANIME-USDT,label_features,0.114750
2025-03-26 12:33:02,ANIME-USDT,time_features,0.132266
2025-03-26 12:33:02,ANIME-USDT,time_features,0.376492
2025-03-26 12:33:02,ANIME-USDT,compute_1d_features,1742988781.545938
2025-03-26 12:33:02,ANIME-USDT,multi_timeframe_features_total,1.853873
2025-03-26 12:33:02,ANIME-USDT,multi_timeframe_features,1.854671
2025-03-26 12:33:02,ANIME-USDT,compute_1d_features,1742988781.709249
2025-03-26 12:33:02,ANIME-USDT,multi_timeframe_features_total,1.393999
2025-03-26 12:33:02,ANIME-USDT,multi_timeframe_features,1.394064
2025-03-26 12:33:02,ANIME-USDT,cleanup,0.180510
2025-03-26 12:33:02,ANIME-USDT,compute_all_features_total,12.899018
2025-03-26 12:33:02,ANIME-USDT,compute_4h_features,1742988782.281904
2025-03-26 12:33:02,ANIME-USDT,label_features,1742988781.852230
2025-03-26 12:33:02,ANIME-USDT,label_features,0.695142
2025-03-26 12:33:02,APE-USDT,db_get_columns,0.046126
2025-03-26 12:33:02,APE-USDT,compute_1d_features,1742988782.466168
2025-03-26 12:33:02,APE-USDT,label_features,1742988782.223712
2025-03-26 12:33:02,APE-USDT,multi_timeframe_features_total,0.570892
2025-03-26 12:33:02,APE-USDT,label_features,0.577755
2025-03-26 12:33:02,APE-USDT,multi_timeframe_features,0.585907
2025-03-26 12:33:02,APE-USDT,statistical_features,7.965453
2025-03-26 12:33:02,APE-USDT,fetch_data,0.211982
2025-03-26 12:33:02,APE-USDT,statistical_features,7.994924
2025-03-26 12:33:02,APE-USDT,label_features,1742988781.856350
2025-03-26 12:33:02,APE-USDT,label_features,1.110857
2025-03-26 12:33:03,APE-USDT,pattern_features,1.070476
2025-03-26 12:33:03,APE-USDT,cleanup,0.510102
2025-03-26 12:33:03,APE-USDT,pattern_features,1.075519
2025-03-26 12:33:03,APE-USDT,compute_all_features_total,13.353129
2025-03-26 12:33:03,APE-USDT,label_features,1742988781.967843
2025-03-26 12:33:03,APE-USDT,statistical_features,7.882900
2025-03-26 12:33:03,APE-USDT,label_features,1742988781.962072
2025-03-26 12:33:03,APE-USDT,label_features,1.151255
2025-03-26 12:33:03,APE-USDT,statistical_features,7.915611
2025-03-26 12:33:03,APE-USDT,pattern_features,1.471025
2025-03-26 12:33:03,APE-USDT,label_features,1.181527
2025-03-26 12:33:03,APE-USDT,pattern_features,1.492244
2025-03-26 12:33:03,APE-USDT,statistical_features,7.937921
2025-03-26 12:33:03,APE-USDT,pattern_features,1.523087
2025-03-26 12:33:03,APE-USDT,pattern_features,1.543900
2025-03-26 12:33:03,APE-USDT,statistical_features,7.961663
2025-03-26 12:33:03,APE-USDT,statistical_features,8.611145
2025-03-26 12:33:03,APE-USDT,label_features,1742988782.355919
2025-03-26 12:33:03,APE-USDT,statistical_features,8.620229
2025-03-26 12:33:03,APE-USDT,label_features,0.968635
2025-03-26 12:33:03,API3-USDT,time_features,0.285350
2025-03-26 12:33:03,API3-USDT,db_get_columns,0.028615
2025-03-26 12:33:03,API3-USDT,time_features,0.289473
2025-03-26 12:33:03,API3-USDT,cleanup,0.567948
2025-03-26 12:33:03,API3-USDT,compute_all_features_total,14.714006
2025-03-26 12:33:03,API3-USDT,cleanup,0.501066
2025-03-26 12:33:03,API3-USDT,compute_all_features_total,14.151598
2025-03-26 12:33:03,API3-USDT,time_features,0.323379
2025-03-26 12:33:03,API3-USDT,time_features,0.340878
2025-03-26 12:33:03,API3-USDT,time_features,0.355828
2025-03-26 12:33:03,API3-USDT,time_features,0.378262
2025-03-26 12:33:03,API3-USDT,fetch_data,0.215852
2025-03-26 12:33:03,API3-USDT,compute_4h_features,1742988783.434122
2025-03-26 12:33:03,API3-USDT,label_features,1742988782.839384
2025-03-26 12:33:03,API3-USDT,label_features,0.936244
2025-03-26 12:33:03,API3-USDT,cleanup,0.665947
2025-03-26 12:33:03,API3-USDT,compute_all_features_total,14.757342
2025-03-26 12:33:03,APT-USDT,price_action_features,0.912044
2025-03-26 12:33:03,APT-USDT,price_action_features,0.923906
2025-03-26 12:33:03,APT-USDT,compute_4h_features,1742988783.600937
2025-03-26 12:33:03,APT-USDT,db_get_columns,0.027053
2025-03-26 12:33:03,APT-USDT,statistical_features,8.503336
2025-03-26 12:33:03,APT-USDT,compute_4h_features,1742988783.687648
2025-03-26 12:33:03,APT-USDT,cleanup,0.737039
2025-03-26 12:33:03,APT-USDT,statistical_features,8.534312
2025-03-26 12:33:03,APT-USDT,compute_all_features_total,14.055040
2025-03-26 12:33:04,AR-USDT,compute_1d_features,1742988783.689598
2025-03-26 12:33:04,AR-USDT,db_get_columns,0.021951
2025-03-26 12:33:04,AR-USDT,multi_timeframe_features_total,0.640446
2025-03-26 12:33:04,AR-USDT,multi_timeframe_features,0.656975
2025-03-26 12:33:04,AR-USDT,cleanup,0.733211
2025-03-26 12:33:04,AR-USDT,compute_all_features_total,14.490016
2025-03-26 12:33:04,AR-USDT,fetch_data,0.178291
2025-03-26 12:33:04,AR-USDT,compute_1d_features,1742988783.899182
2025-03-26 12:33:04,AR-USDT,multi_timeframe_features_total,0.666626
2025-03-26 12:33:04,AR-USDT,multi_timeframe_features,0.678674
2025-03-26 12:33:04,AR-USDT,compute_1d_features,1742988783.960047
2025-03-26 12:33:04,ARB-USDT,multi_timeframe_features_total,0.677905
2025-03-26 12:33:04,ARB-USDT,fetch_data,0.237886
2025-03-26 12:33:04,ARB-USDT,multi_timeframe_features,0.691471
2025-03-26 12:33:04,ARB-USDT,db_get_columns,0.072158
2025-03-26 12:33:04,ARB-USDT,pattern_features,1.548101
2025-03-26 12:33:04,ARB-USDT,pattern_features,1.556601
2025-03-26 12:33:04,ARG-USDT,pattern_features,1.353172
2025-03-26 12:33:04,ARG-USDT,pattern_features,1.360964
2025-03-26 12:33:04,ARG-USDT,db_get_columns,0.016610
2025-03-26 12:33:04,ARKM-USDT,fetch_data,0.208152
2025-03-26 12:33:04,ARKM-USDT,db_get_columns,0.021218
2025-03-26 12:33:04,ARKM-USDT,cleanup,0.904941
2025-03-26 12:33:04,ARKM-USDT,compute_all_features_total,14.911339
2025-03-26 12:33:04,ARKM-USDT,pattern_features,1.560539
2025-03-26 12:33:04,ARKM-USDT,fetch_data,0.251272
2025-03-26 12:33:04,ARKM-USDT,pattern_features,1.573695
2025-03-26 12:33:04,ARKM-USDT,fetch_data,0.210159
2025-03-26 12:33:04,ARKM-USDT,price_action_features,1.300934
2025-03-26 12:33:04,ARKM-USDT,price_action_features,1.310757
2025-03-26 12:33:05,ARKM-USDT,pattern_features,1.674302
2025-03-26 12:33:05,ARKM-USDT,pattern_features,1.683198
2025-03-26 12:33:05,ARKM-USDT,time_features,0.544463
2025-03-26 12:33:05,ARKM-USDT,time_features,0.551906
2025-03-26 12:33:05,ARKM-USDT,time_features,0.527842
2025-03-26 12:33:05,ARKM-USDT,time_features,0.538395
2025-03-26 12:33:05,ARTY-USDT,db_get_columns,0.024722
2025-03-26 12:33:05,ARTY-USDT,time_features,0.381445
2025-03-26 12:33:05,ARTY-USDT,time_features,0.389456
2025-03-26 12:33:05,ARTY-USDT,label_features,1742988784.069968
2025-03-26 12:33:05,ARTY-USDT,label_features,1.235902
2025-03-26 12:33:05,ARTY-USDT,compute_4h_features,1742988785.099233
2025-03-26 12:33:05,ARTY-USDT,compute_4h_features,1742988785.101911
2025-03-26 12:33:05,ARTY-USDT,time_features,0.430836
2025-03-26 12:33:05,ARTY-USDT,price_action_features,1.257253
2025-03-26 12:33:05,ARTY-USDT,fetch_data,0.272153
2025-03-26 12:33:05,ARTY-USDT,time_features,0.447930
2025-03-26 12:33:05,ARTY-USDT,price_action_features,1.288181
2025-03-26 12:33:05,ARTY-USDT,price_action_features,1.192732
2025-03-26 12:33:05,ARTY-USDT,label_features,1742988784.261195
2025-03-26 12:33:05,ARTY-USDT,price_action_features,1.245512
2025-03-26 12:33:05,ARTY-USDT,compute_4h_features,1742988785.305962
2025-03-26 12:33:05,ARTY-USDT,label_features,1.369151
2025-03-26 12:33:05,ARTY-USDT,pattern_features,1.672482
2025-03-26 12:33:05,ARTY-USDT,label_features,1742988784.366530
2025-03-26 12:33:05,ARTY-USDT,compute_1d_features,1742988785.325372
2025-03-26 12:33:05,ARTY-USDT,pattern_features,1.707592
2025-03-26 12:33:05,ARTY-USDT,compute_1d_features,1742988785.397004
2025-03-26 12:33:05,ARTY-USDT,label_features,1.336706
2025-03-26 12:33:05,ARTY-USDT,multi_timeframe_features_total,0.647721
2025-03-26 12:33:05,ARTY-USDT,momentum_features,1.840452
2025-03-26 12:33:05,ARTY-USDT,multi_timeframe_features_total,0.659292
2025-03-26 12:33:05,ARTY-USDT,price_action_features,1.076857
2025-03-26 12:33:05,ARTY-USDT,multi_timeframe_features,0.682691
2025-03-26 12:33:05,ARTY-USDT,momentum_features,1.875821
2025-03-26 12:33:05,ARTY-USDT,multi_timeframe_features,0.695875
2025-03-26 12:33:05,ARTY-USDT,price_action_features,1.115005
2025-03-26 12:33:05,ARTY-USDT,compute_4h_features,1742988785.601695
2025-03-26 12:33:05,ARTY-USDT,compute_1d_features,1742988785.656481
2025-03-26 12:33:05,ARTY-USDT,multi_timeframe_features_total,0.582049
2025-03-26 12:33:05,ARTY-USDT,multi_timeframe_features,0.586660
2025-03-26 12:33:05,ARTY-USDT,price_action_features,1.102010
2025-03-26 12:33:06,ARTY-USDT,price_action_features,1.142625
2025-03-26 12:33:06,ARTY-USDT,price_action_features,1.089771
2025-03-26 12:33:06,ARTY-USDT,cleanup,0.771415
2025-03-26 12:33:06,ARTY-USDT,time_features,0.364387
2025-03-26 12:33:06,ARTY-USDT,price_action_features,1.098829
2025-03-26 12:33:06,ARTY-USDT,compute_all_features_total,16.685444
2025-03-26 12:33:06,ARTY-USDT,time_features,0.386732
2025-03-26 12:33:06,ARTY-USDT,compute_1d_features,1742988785.829109
2025-03-26 12:33:06,ARTY-USDT,multi_timeframe_features_total,0.584205
2025-03-26 12:33:06,ARTY-USDT,multi_timeframe_features,0.590125
2025-03-26 12:33:06,ARTY-USDT,cleanup,0.638802
2025-03-26 12:33:06,ARTY-USDT,compute_all_features_total,16.257932
2025-03-26 12:33:06,ARTY-USDT,compute_4h_features,1742988786.170162
2025-03-26 12:33:06,ARTY-USDT,cleanup,0.735845
2025-03-26 12:33:06,ARTY-USDT,compute_all_features_total,16.380678
2025-03-26 12:33:06,ASTR-USDT,db_get_columns,0.037422
2025-03-26 12:33:06,ASTR-USDT,momentum_features,1.602983
2025-03-26 12:33:06,ASTR-USDT,price_action_features,1.035883
2025-03-26 12:33:06,ASTR-USDT,momentum_features,1.621864
2025-03-26 12:33:06,ASTR-USDT,price_action_features,1.079737
2025-03-26 12:33:06,ASTR-USDT,compute_1d_features,1742988786.397654
2025-03-26 12:33:06,ASTR-USDT,multi_timeframe_features_total,0.555139
2025-03-26 12:33:06,ATH-USDT,multi_timeframe_features,0.570042
2025-03-26 12:33:06,ATH-USDT,db_get_columns,0.029682
2025-03-26 12:33:06,ATH-USDT,label_features,1742988785.798506
2025-03-26 12:33:06,ATH-USDT,label_features,0.980061
2025-03-26 12:33:06,ATH-USDT,fetch_data,0.166834
2025-03-26 12:33:06,ATH-USDT,label_features,1742988785.810052
2025-03-26 12:33:06,ATH-USDT,label_features,1.062059
2025-03-26 12:33:06,ATH-USDT,label_features,1742988785.875880
2025-03-26 12:33:06,ATH-USDT,label_features,1.051347
2025-03-26 12:33:06,ATOM-USDT,db_get_columns,0.021600
2025-03-26 12:33:06,ATOM-USDT,fetch_data,0.210146
2025-03-26 12:33:07,ATOM-USDT,momentum_features,1.502837
2025-03-26 12:33:07,ATOM-USDT,momentum_features,1.512759
2025-03-26 12:33:07,ATOM-USDT,fetch_data,0.314504
2025-03-26 12:33:07,ATOM-USDT,momentum_features,1.730029
2025-03-26 12:33:07,ATOM-USDT,label_features,1742988786.163713
2025-03-26 12:33:07,ATOM-USDT,momentum_features,1.735447
2025-03-26 12:33:07,ATOM-USDT,volatility_features,1.578994
2025-03-26 12:33:07,ATOM-USDT,label_features,1.224644
2025-03-26 12:33:07,ATOM-USDT,volatility_features,1.609138
2025-03-26 12:33:07,ATOM-USDT,momentum_features,1.612495
2025-03-26 12:33:07,ATOM-USDT,momentum_features,1.621123
2025-03-26 12:33:07,ATOM-USDT,cleanup,0.775860
2025-03-26 12:33:07,ATOM-USDT,compute_all_features_total,17.729403
2025-03-26 12:33:07,ATOM-USDT,cleanup,0.730083
2025-03-26 12:33:07,ATOM-USDT,compute_all_features_total,17.631538
2025-03-26 12:33:07,ATOM-USDT,cleanup,0.725025
2025-03-26 12:33:07,ATOM-USDT,compute_all_features_total,18.124039
2025-03-26 12:33:07,ATOM-USDT,momentum_features,1.664876
2025-03-26 12:33:07,ATOM-USDT,momentum_features,1.672019
2025-03-26 12:33:07,ATOM-USDT,label_features,1742988786.727190
2025-03-26 12:33:07,ATOM-USDT,momentum_features,1.593711
2025-03-26 12:33:07,ATOM-USDT,label_features,0.996153
2025-03-26 12:33:07,ATOM-USDT,momentum_features,1.619014
2025-03-26 12:33:07,ATOM-USDT,price_action_features,0.958271
2025-03-26 12:33:07,ATOM-USDT,price_action_features,0.962441
2025-03-26 12:33:07,AUCTION-USDT,db_get_columns,0.020438
2025-03-26 12:33:07,AVAX-USDT,db_get_columns,0.021944
2025-03-26 12:33:07,AVAX-USDT,cleanup,0.561548
2025-03-26 12:33:08,AXS-USDT,compute_all_features_total,18.823454
2025-03-26 12:33:08,AXS-USDT,db_get_columns,0.030617
2025-03-26 12:33:08,AXS-USDT,fetch_data,0.148919
2025-03-26 12:33:08,AXS-USDT,price_action_features,0.983941
2025-03-26 12:33:08,AXS-USDT,price_action_features,1.064541
2025-03-26 12:33:08,AXS-USDT,volatility_features,1.484438
2025-03-26 12:33:08,AXS-USDT,volatility_features,1.499709
2025-03-26 12:33:08,AXS-USDT,fetch_data,0.221812
2025-03-26 12:33:08,AXS-USDT,momentum_features,1.525215
2025-03-26 12:33:08,AXS-USDT,momentum_features,1.633090
2025-03-26 12:33:08,AXS-USDT,price_action_features,0.950010
2025-03-26 12:33:08,AXS-USDT,price_action_features,0.959461
2025-03-26 12:33:08,AXS-USDT,fetch_data,0.315997
2025-03-26 12:33:08,AXS-USDT,cleanup,0.738581
2025-03-26 12:33:08,AXS-USDT,compute_all_features_total,18.834650
2025-03-26 12:33:08,BABYDOGE-USDT,volatility_features,1.425188
2025-03-26 12:33:08,BABYDOGE-USDT,volatility_features,1.429055
2025-03-26 12:33:08,BABYDOGE-USDT,db_get_columns,0.028451
2025-03-26 12:33:08,BABYDOGE-USDT,volatility_features,1.351532
2025-03-26 12:33:08,BABYDOGE-USDT,fetch_data,0.173581
2025-03-26 12:33:08,BABYDOGE-USDT,volatility_features,1.385840
2025-03-26 12:33:08,BABYDOGE-USDT,volatility_features,1.472728
2025-03-26 12:33:08,BABYDOGE-USDT,volume_features,1.507426
2025-03-26 12:33:08,BABYDOGE-USDT,volatility_features,1.484190
2025-03-26 12:33:08,BADGER-USDT,volume_features,1.522192
2025-03-26 12:33:09,BADGER-USDT,db_get_columns,0.038222
2025-03-26 12:33:09,BADGER-USDT,fetch_data,0.162878
2025-03-26 12:33:09,BADGER-USDT,volatility_features,1.593235
2025-03-26 12:33:09,BADGER-USDT,volatility_features,1.601847
2025-03-26 12:33:09,BADGER-USDT,volatility_features,1.592893
2025-03-26 12:33:09,BADGER-USDT,volatility_features,1.602978
2025-03-26 12:33:09,BADGER-USDT,price_action_features,1.126008
2025-03-26 12:33:09,BADGER-USDT,price_action_features,1.148830
2025-03-26 12:33:09,BADGER-USDT,price_action_features,1.350591
2025-03-26 12:33:09,BADGER-USDT,price_action_features,1.361905
2025-03-26 12:33:09,BADGER-USDT,momentum_features,1.724039
2025-03-26 12:33:09,BADGER-USDT,momentum_features,1.730222
2025-03-26 12:33:09,BADGER-USDT,price_action_features,1.137411
2025-03-26 12:33:09,BADGER-USDT,price_action_features,1.151630
2025-03-26 12:33:09,BADGER-USDT,momentum_features,1.623646
2025-03-26 12:33:09,BADGER-USDT,momentum_features,1.635730
2025-03-26 12:33:09,BADGER-USDT,volume_features,1.624064
2025-03-26 12:33:09,BADGER-USDT,volume_features,1.659539
2025-03-26 12:33:09,BADGER-USDT,volatility_features,1.623640
2025-03-26 12:33:09,BADGER-USDT,volatility_features,1.645949
2025-03-26 12:33:10,BADGER-USDT,price_action_features,1.162164
2025-03-26 12:33:10,BADGER-USDT,price_action_features,1.190374
2025-03-26 12:33:10,BADGER-USDT,momentum_features,1.721314
2025-03-26 12:33:10,BADGER-USDT,momentum_features,1.738714
2025-03-26 12:33:10,BADGER-USDT,volume_features,1.611583
2025-03-26 12:33:10,BADGER-USDT,volume_features,1.621829
2025-03-26 12:33:10,BADGER-USDT,volume_features,1.539768
2025-03-26 12:33:10,BADGER-USDT,volume_features,1.544830
2025-03-26 12:33:10,BADGER-USDT,price_action_features,1.281045
2025-03-26 12:33:10,BADGER-USDT,price_action_features,1.281187
2025-03-26 12:33:10,BADGER-USDT,volume_features,1.615558
2025-03-26 12:33:10,BADGER-USDT,volume_features,1.650968
2025-03-26 12:33:10,BADGER-USDT,volume_features,1.414274
2025-03-26 12:33:10,BADGER-USDT,volume_features,1.436808
2025-03-26 12:33:10,BADGER-USDT,momentum_features,1.278400
2025-03-26 12:33:10,BADGER-USDT,momentum_features,1.312751
2025-03-26 12:33:11,BADGER-USDT,volume_features,1.711696
2025-03-26 12:33:11,BADGER-USDT,volume_features,1.712005
2025-03-26 12:33:11,BADGER-USDT,momentum_features,1.674635
2025-03-26 12:33:11,BADGER-USDT,momentum_features,1.687580
2025-03-26 12:33:11,BADGER-USDT,momentum_features,1.777141
2025-03-26 12:33:11,BADGER-USDT,volatility_features,1.159123
2025-03-26 12:33:11,BADGER-USDT,volatility_features,1.729541
2025-03-26 12:33:11,BADGER-USDT,volatility_features,1.804774
2025-03-26 12:33:11,BADGER-USDT,volatility_features,1.258200
2025-03-26 12:33:11,BADGER-USDT,momentum_features,0.818752
2025-03-26 12:33:11,BADGER-USDT,momentum_features,1.860647
2025-03-26 12:33:11,BADGER-USDT,momentum_features,0.882096
2025-03-26 12:33:11,BADGER-USDT,volatility_features,1.735671
2025-03-26 12:33:11,BADGER-USDT,volatility_features,1.735993
2025-03-26 12:33:11,BADGER-USDT,momentum_features,1.478659
2025-03-26 12:33:11,BADGER-USDT,momentum_features,1.478914
2025-03-26 12:33:11,BADGER-USDT,volatility_features,0.931543
2025-03-26 12:33:11,BADGER-USDT,volatility_features,0.931795
2025-03-26 12:33:11,BADGER-USDT,volatility_features,0.367800
2025-03-26 12:33:11,BADGER-USDT,volatility_features,0.367983
2025-03-26 12:33:12,BADGER-USDT,volume_features,2.038405
2025-03-26 12:33:12,BADGER-USDT,volume_features,2.046850
2025-03-26 12:33:12,BADGER-USDT,volatility_features,0.779282
2025-03-26 12:33:12,BADGER-USDT,volatility_features,0.795997
2025-03-26 12:33:12,BADGER-USDT,volume_features,0.711809
2025-03-26 12:33:12,BADGER-USDT,volume_features,0.726044
2025-03-26 12:33:12,BADGER-USDT,volatility_features,0.779112
2025-03-26 12:33:12,BADGER-USDT,volatility_features,0.810091
2025-03-26 12:33:12,BADGER-USDT,volume_features,0.886000
2025-03-26 12:33:12,BADGER-USDT,volume_features,0.887791
2025-03-26 12:33:12,BADGER-USDT,volume_features,1.080246
2025-03-26 12:33:12,BADGER-USDT,volume_features,1.093819
2025-03-26 12:33:12,BADGER-USDT,volatility_features,1.103092
2025-03-26 12:33:12,BADGER-USDT,volatility_features,1.103255
2025-03-26 12:33:14,BADGER-USDT,volume_features,2.980774
2025-03-26 12:33:14,BADGER-USDT,volume_features,3.028315
2025-03-26 12:33:15,BADGER-USDT,volume_features,2.905102
2025-03-26 12:33:15,BADGER-USDT,volume_features,2.905283
2025-03-26 12:33:15,BADGER-USDT,volume_features,3.230282
2025-03-26 12:33:15,BADGER-USDT,volume_features,3.233050
2025-03-26 12:33:15,BADGER-USDT,volume_features,2.961411
2025-03-26 12:33:15,BADGER-USDT,volume_features,2.963892
2025-03-26 12:33:15,BADGER-USDT,volume_features,2.950449
2025-03-26 12:33:15,BADGER-USDT,volume_features,2.950640
2025-03-26 12:33:16,BADGER-USDT,statistical_features,7.478055
2025-03-26 12:33:16,BADGER-USDT,statistical_features,7.478236
2025-03-26 12:33:16,BADGER-USDT,pattern_features,0.519670
2025-03-26 12:33:16,BADGER-USDT,pattern_features,0.523897
2025-03-26 12:33:17,BADGER-USDT,time_features,0.077172
2025-03-26 12:33:17,BADGER-USDT,time_features,0.084501
2025-03-26 12:33:17,BADGER-USDT,compute_4h_features,1742988797.074805
2025-03-26 12:33:17,BADGER-USDT,statistical_features,7.751428
2025-03-26 12:33:17,BADGER-USDT,statistical_features,7.755813
2025-03-26 12:33:17,BADGER-USDT,compute_1d_features,1742988797.543534
2025-03-26 12:33:17,BADGER-USDT,multi_timeframe_features_total,0.902059
2025-03-26 12:33:18,BADGER-USDT,multi_timeframe_features,0.932278
2025-03-26 12:33:18,BADGER-USDT,statistical_features,7.386584
2025-03-26 12:33:18,BADGER-USDT,statistical_features,7.208608
2025-03-26 12:33:18,BADGER-USDT,statistical_features,7.405168
2025-03-26 12:33:18,BADGER-USDT,statistical_features,7.232551
2025-03-26 12:33:18,BADGER-USDT,statistical_features,7.922940
2025-03-26 12:33:18,BADGER-USDT,statistical_features,7.932945
2025-03-26 12:33:18,BADGER-USDT,pattern_features,0.528881
2025-03-26 12:33:18,BADGER-USDT,pattern_features,0.537174
2025-03-26 12:33:18,BADGER-USDT,time_features,0.042902
2025-03-26 12:33:18,BADGER-USDT,time_features,0.055781
2025-03-26 12:33:18,BADGER-USDT,statistical_features,7.943884
2025-03-26 12:33:18,BADGER-USDT,statistical_features,7.944062
2025-03-26 12:33:18,BADGER-USDT,label_features,1742988798.005674
2025-03-26 12:33:18,BADGER-USDT,label_features,0.384407
2025-03-26 12:33:18,BADGER-USDT,pattern_features,0.429776
2025-03-26 12:33:18,BADGER-USDT,pattern_features,0.436649
2025-03-26 12:33:18,BADGER-USDT,pattern_features,0.445237
2025-03-26 12:33:18,BADGER-USDT,pattern_features,0.453601
2025-03-26 12:33:18,BADGER-USDT,time_features,0.093870
2025-03-26 12:33:18,BADGER-USDT,time_features,0.093995
2025-03-26 12:33:18,BADGER-USDT,compute_4h_features,1742988798.232422
2025-03-26 12:33:18,BADGER-USDT,time_features,0.152124
2025-03-26 12:33:18,BADGER-USDT,time_features,0.250120
2025-03-26 12:33:18,BADGER-USDT,cleanup,0.372114
2025-03-26 12:33:18,BADGER-USDT,compute_all_features_total,15.842369
2025-03-26 12:33:18,BADGER-USDT,pattern_features,0.673077
2025-03-26 12:33:18,BADGER-USDT,pattern_features,0.678853
2025-03-26 12:33:18,BADGER-USDT,statistical_features,6.842171
2025-03-26 12:33:18,BADGER-USDT,compute_4h_features,1742988798.558156
2025-03-26 12:33:18,BADGER-USDT,statistical_features,6.862584
2025-03-26 12:33:18,BADGER-USDT,compute_4h_features,1742988798.737735
2025-03-26 12:33:18,BADGER-USDT,compute_1d_features,1742988798.612052
2025-03-26 12:33:18,BADGER-USDT,multi_timeframe_features_total,0.768567
2025-03-26 12:33:18,BADGER-USDT,multi_timeframe_features,0.775145
2025-03-26 12:33:19,BADGER-USDT,pattern_features,0.672534
2025-03-26 12:33:19,BADGER-USDT,pattern_features,0.680981
2025-03-26 12:33:19,BADGER-USDT,compute_1d_features,1742988798.917215
2025-03-26 12:33:19,BADGER-USDT,multi_timeframe_features_total,0.544510
2025-03-26 12:33:19,BADGER-USDT,time_features,0.260085
2025-03-26 12:33:19,BADGER-USDT,multi_timeframe_features,0.552464
2025-03-26 12:33:19,BADGER-USDT,compute_1d_features,1742988798.947270
2025-03-26 12:33:19,BADGER-USDT,time_features,0.272355
2025-03-26 12:33:19,BADGER-USDT,multi_timeframe_features_total,0.397568
2025-03-26 12:33:19,BADGER-USDT,multi_timeframe_features,0.409883
2025-03-26 12:33:19,BADGER-USDT,statistical_features,6.668578
2025-03-26 12:33:19,BADGER-USDT,statistical_features,6.682786
2025-03-26 12:33:19,BADGER-USDT,time_features,0.200095
2025-03-26 12:33:19,BADGER-USDT,time_features,0.206212
2025-03-26 12:33:19,BADGER-USDT,compute_4h_features,1742988799.148787
2025-03-26 12:33:19,BADGER-USDT,compute_4h_features,1742988799.303917
2025-03-26 12:33:19,BADGER-USDT,statistical_features,7.447928
2025-03-26 12:33:19,BADGER-USDT,statistical_features,4.652201
2025-03-26 12:33:19,BADGER-USDT,statistical_features,4.668764
2025-03-26 12:33:19,BADGER-USDT,statistical_features,7.458632
2025-03-26 12:33:19,BADGER-USDT,label_features,1742988799.003437
2025-03-26 12:33:19,BADGER-USDT,label_features,0.676012
2025-03-26 12:33:19,BADGER-USDT,compute_1d_features,1742988799.513583
2025-03-26 12:33:19,BADGER-USDT,label_features,1742988799.121554
2025-03-26 12:33:19,BADGER-USDT,label_features,0.581657
2025-03-26 12:33:19,BADGER-USDT,pattern_features,0.724096
2025-03-26 12:33:19,BADGER-USDT,multi_timeframe_features_total,0.410854
2025-03-26 12:33:19,BADGER-USDT,multi_timeframe_features,0.450690
2025-03-26 12:33:19,BADGER-USDT,pattern_features,0.498085
2025-03-26 12:33:19,BADGER-USDT,pattern_features,0.545054
2025-03-26 12:33:19,BADGER-USDT,label_features,1742988799.157014
2025-03-26 12:33:19,BADGER-USDT,label_features,0.597227
2025-03-26 12:33:19,BADGER-USDT,pattern_features,0.798332
2025-03-26 12:33:19,BADGER-USDT,statistical_features,4.441954
2025-03-26 12:33:19,BADGER-USDT,time_features,0.024974
2025-03-26 12:33:19,BADGER-USDT,statistical_features,4.555994
2025-03-26 12:33:19,BADGER-USDT,time_features,0.056068
2025-03-26 12:33:19,BADGER-USDT,compute_1d_features,1742988799.505054
2025-03-26 12:33:19,BADGER-USDT,multi_timeframe_features_total,0.715946
2025-03-26 12:33:19,BADGER-USDT,time_features,0.080178
2025-03-26 12:33:19,BADGER-USDT,time_features,0.160715
2025-03-26 12:33:19,BADGER-USDT,cleanup,0.239544
2025-03-26 12:33:19,BADGER-USDT,statistical_features,8.812385
2025-03-26 12:33:20,BADGER-USDT,multi_timeframe_features,0.737008
2025-03-26 12:33:20,BADGER-USDT,compute_all_features_total,15.325745
2025-03-26 12:33:20,BADGER-USDT,statistical_features,8.867138
2025-03-26 12:33:20,BADGER-USDT,pattern_features,0.348135
2025-03-26 12:33:20,BADGER-USDT,pattern_features,0.381277
2025-03-26 12:33:20,BADGER-USDT,pattern_features,0.403202
2025-03-26 12:33:20,BADGER-USDT,pattern_features,0.428006
2025-03-26 12:33:20,BADGER-USDT,cleanup,0.271534
2025-03-26 12:33:20,BADGER-USDT,compute_all_features_total,15.210744
2025-03-26 12:33:20,BAL-USDT,cleanup,0.330917
2025-03-26 12:33:20,BAL-USDT,compute_all_features_total,16.427653
2025-03-26 12:33:20,BAL-USDT,compute_4h_features,1742988799.875419
2025-03-26 12:33:20,BAL-USDT,compute_4h_features,1742988799.947898
2025-03-26 12:33:20,BAL-USDT,label_features,1742988799.737335
2025-03-26 12:33:20,BAL-USDT,label_features,0.406515
2025-03-26 12:33:20,BAL-USDT,pattern_features,0.326570
2025-03-26 12:33:20,BAL-USDT,pattern_features,0.338270
2025-03-26 12:33:20,BAL-USDT,time_features,0.167047
2025-03-26 12:33:20,BAL-USDT,time_features,0.149714
2025-03-26 12:33:20,BAL-USDT,time_features,0.196198
2025-03-26 12:33:20,BAL-USDT,compute_1d_features,1742988800.120582
2025-03-26 12:33:20,BAL-USDT,compute_1d_features,1742988800.126292
2025-03-26 12:33:20,BAL-USDT,time_features,0.188356
2025-03-26 12:33:20,BAL-USDT,multi_timeframe_features_total,0.430248
2025-03-26 12:33:20,BAL-USDT,multi_timeframe_features_total,0.336255
2025-03-26 12:33:20,BAL-USDT,multi_timeframe_features,0.445071
2025-03-26 12:33:20,BAL-USDT,multi_timeframe_features,0.350989
2025-03-26 12:33:20,BAL-USDT,time_features,0.197134
2025-03-26 12:33:20,BAL-USDT,time_features,0.211931
2025-03-26 12:33:20,BAL-USDT,compute_4h_features,1742988800.281268
2025-03-26 12:33:20,BAT-USDT,compute_4h_features,1742988800.299725
2025-03-26 12:33:20,BAT-USDT,cleanup,0.348311
2025-03-26 12:33:20,BAT-USDT,label_features,1742988800.024067
2025-03-26 12:33:20,BAT-USDT,compute_all_features_total,16.167473
2025-03-26 12:33:20,BAT-USDT,label_features,0.506849
2025-03-26 12:33:20,BAT-USDT,pattern_features,0.493818
2025-03-26 12:33:20,BAT-USDT,pattern_features,0.531518
2025-03-26 12:33:20,BAT-USDT,compute_1d_features,1742988800.408609
2025-03-26 12:33:20,BAT-USDT,multi_timeframe_features_total,0.331027
2025-03-26 12:33:20,BAT-USDT,multi_timeframe_features,0.337997
2025-03-26 12:33:20,BAT-USDT,compute_4h_features,1742988800.393021
2025-03-26 12:33:20,BAT-USDT,compute_1d_features,1742988800.496884
2025-03-26 12:33:20,BAT-USDT,multi_timeframe_features_total,0.408427
2025-03-26 12:33:20,BAT-USDT,multi_timeframe_features,0.416994
2025-03-26 12:33:20,BAT-USDT,compute_1d_features,1742988800.634127
2025-03-26 12:33:20,BAT-USDT,multi_timeframe_features_total,0.389843
2025-03-26 12:33:20,BAT-USDT,multi_timeframe_features,0.394348
2025-03-26 12:33:20,BAT-USDT,time_features,0.190200
2025-03-26 12:33:20,BAT-USDT,time_features,0.195090
2025-03-26 12:33:20,BAT-USDT,label_features,1742988800.318680
2025-03-26 12:33:20,BAT-USDT,label_features,0.488252
2025-03-26 12:33:20,BAT-USDT,label_features,1742988800.304935
2025-03-26 12:33:20,BAT-USDT,label_features,0.520517
2025-03-26 12:33:20,BAT-USDT,cleanup,0.289155
2025-03-26 12:33:20,BAT-USDT,compute_all_features_total,16.663944
2025-03-26 12:33:20,BCH-USDT,db_get_columns,0.077021
2025-03-26 12:33:20,BCH-USDT,db_get_columns,0.075050
2025-03-26 12:33:20,BCH-USDT,db_get_columns,0.082727
2025-03-26 12:33:20,BCH-USDT,db_get_columns,0.060072
2025-03-26 12:33:21,BCH-USDT,db_get_columns,0.144626
2025-03-26 12:33:21,BCH-USDT,cleanup,0.308575
2025-03-26 12:33:21,BCH-USDT,compute_all_features_total,15.575461
2025-03-26 12:33:21,BERA-USDT,label_features,1742988800.608419
2025-03-26 12:33:21,BERA-USDT,label_features,0.555190
2025-03-26 12:33:21,BERA-USDT,compute_4h_features,1742988800.801471
2025-03-26 12:33:21,BERA-USDT,db_get_columns,0.049417
2025-03-26 12:33:21,BERA-USDT,fetch_data,0.261630
2025-03-26 12:33:21,BERA-USDT,label_features,1742988800.776214
2025-03-26 12:33:21,BERA-USDT,label_features,0.566894
2025-03-26 12:33:21,BERA-USDT,cleanup,0.506585
2025-03-26 12:33:21,BERA-USDT,compute_all_features_total,14.503345
2025-03-26 12:33:21,BERA-USDT,label_features,1742988800.708277
2025-03-26 12:33:21,BERA-USDT,statistical_features,5.799151
2025-03-26 12:33:21,BETH-USDT,statistical_features,5.892329
2025-03-26 12:33:21,BETH-USDT,cleanup,0.061676
2025-03-26 12:33:21,BETH-USDT,compute_1d_features,1742988801.199195
2025-03-26 12:33:21,BETH-USDT,multi_timeframe_features_total,0.661542
2025-03-26 12:33:21,BETH-USDT,multi_timeframe_features,0.661613
2025-03-26 12:33:21,BETH-USDT,label_features,0.728979
2025-03-26 12:33:21,BETH-USDT,compute_all_features_total,13.161539
2025-03-26 12:33:21,BETH-USDT,fetch_data,0.455376
2025-03-26 12:33:21,BICO-USDT,fetch_data,0.419330
2025-03-26 12:33:21,BICO-USDT,statistical_features,6.321604
2025-03-26 12:33:21,BICO-USDT,db_get_columns,0.202075
2025-03-26 12:33:21,BICO-USDT,statistical_features,6.550750
2025-03-26 12:33:21,BICO-USDT,db_get_columns,0.015313
2025-03-26 12:33:21,BICO-USDT,cleanup,0.597938
2025-03-26 12:33:21,BICO-USDT,compute_all_features_total,14.398399
2025-03-26 12:33:21,BICO-USDT,fetch_data,0.562428
2025-03-26 12:33:21,BICO-USDT,fetch_data,0.839020
2025-03-26 12:33:21,BICO-USDT,fetch_data,0.798931
2025-03-26 12:33:22,BICO-USDT,fetch_data,0.413980
2025-03-26 12:33:22,BICO-USDT,fetch_data,0.392600
2025-03-26 12:33:22,BIGTIME-USDT,db_get_columns,0.020163
2025-03-26 12:33:22,BIGTIME-USDT,cleanup,0.977143
2025-03-26 12:33:22,BIGTIME-USDT,compute_all_features_total,13.571149
2025-03-26 12:33:22,CFG-USDT,db_get_columns,0.016398
2025-03-26 12:33:22,CFG-USDT,db_get_columns,0.021405
2025-03-26 12:33:22,CFG-USDT,fetch_data,0.055575
2025-03-26 12:33:22,CFG-USDT,fetch_data,0.060948
2025-03-26 12:33:22,CFG-USDT,db_get_columns,0.080826
2025-03-26 12:33:22,CFG-USDT,db_get_columns,0.086447
2025-03-26 12:33:22,CFG-USDT,db_get_columns,0.297967
2025-03-26 12:33:22,CFG-USDT,db_get_columns,0.298882
2025-03-26 12:33:22,CFG-USDT,db_get_columns,0.347254
2025-03-26 12:33:22,CFG-USDT,db_get_columns,0.359088
2025-03-26 12:33:22,CFG-USDT,db_get_columns,0.360205
2025-03-26 12:33:22,CFG-USDT,db_get_columns,0.360219
2025-03-26 12:33:22,CFG-USDT,fetch_data,0.144409
2025-03-26 12:33:23,CFG-USDT,fetch_data,0.161747
2025-03-26 12:33:23,CFG-USDT,db_get_columns,0.376058
2025-03-26 12:33:23,CFG-USDT,db_get_columns,0.395619
2025-03-26 12:33:23,CFG-USDT,db_get_columns,0.405926
2025-03-26 12:33:23,CFG-USDT,db_get_columns,0.417277
2025-03-26 12:33:23,CFG-USDT,db_get_columns,0.416376
2025-03-26 12:33:23,CFG-USDT,db_get_columns,0.528008
2025-03-26 12:33:23,CFG-USDT,fetch_data,0.374125
2025-03-26 12:33:23,CFG-USDT,fetch_data,0.388264
2025-03-26 12:33:23,CFG-USDT,fetch_data,0.481982
2025-03-26 12:33:23,CFG-USDT,fetch_data,0.496743
2025-03-26 12:33:23,CFG-USDT,fetch_data,0.530846
2025-03-26 12:33:23,CFG-USDT,fetch_data,0.627420
2025-03-26 12:33:23,CFG-USDT,fetch_data,0.586728
2025-03-26 12:33:23,CFG-USDT,fetch_data,0.585506
2025-03-26 12:33:23,CFG-USDT,fetch_data,0.596703
2025-03-26 12:33:23,CFG-USDT,fetch_data,0.642901
2025-03-26 12:33:23,CFG-USDT,fetch_data,0.712155
2025-03-26 12:33:24,CFG-USDT,fetch_data,0.853574
2025-03-26 12:33:24,CFG-USDT,price_action_features,1.794850
2025-03-26 12:33:24,CFG-USDT,price_action_features,1.804005
2025-03-26 12:33:24,CFG-USDT,price_action_features,1.833680
2025-03-26 12:33:24,CFG-USDT,price_action_features,1.846337
2025-03-26 12:33:24,CFG-USDT,price_action_features,1.624582
2025-03-26 12:33:24,CFG-USDT,price_action_features,1.629761
2025-03-26 12:33:24,CFG-USDT,price_action_features,1.705396
2025-03-26 12:33:24,CFG-USDT,price_action_features,1.708888
2025-03-26 12:33:24,CFG-USDT,price_action_features,1.334176
2025-03-26 12:33:24,CFG-USDT,price_action_features,1.497772
2025-03-26 12:33:24,CFG-USDT,price_action_features,1.345014
2025-03-26 12:33:24,CFG-USDT,price_action_features,1.268447
2025-03-26 12:33:24,CFG-USDT,price_action_features,1.515644
2025-03-26 12:33:24,CFG-USDT,price_action_features,1.285691
2025-03-26 12:33:24,CFG-USDT,price_action_features,1.576896
2025-03-26 12:33:24,CFG-USDT,price_action_features,1.247839
2025-03-26 12:33:24,CFG-USDT,price_action_features,1.585658
2025-03-26 12:33:24,CFG-USDT,price_action_features,1.260056
2025-03-26 12:33:24,CFG-USDT,price_action_features,1.056486
2025-03-26 12:33:24,CFG-USDT,price_action_features,1.520821
2025-03-26 12:33:24,CFG-USDT,price_action_features,1.086213
2025-03-26 12:33:24,CFG-USDT,price_action_features,1.215469
2025-03-26 12:33:24,CFG-USDT,price_action_features,1.542500
2025-03-26 12:33:24,CFG-USDT,price_action_features,0.963077
2025-03-26 12:33:24,CFG-USDT,price_action_features,1.232989
2025-03-26 12:33:24,CFG-USDT,price_action_features,0.988229
2025-03-26 12:33:25,CFG-USDT,price_action_features,1.073151
2025-03-26 12:33:25,CFG-USDT,price_action_features,1.095967
2025-03-26 12:33:25,CFG-USDT,price_action_features,0.972048
2025-03-26 12:33:25,CFG-USDT,price_action_features,0.987254
2025-03-26 12:33:25,CFG-USDT,price_action_features,1.100510
2025-03-26 12:33:25,CFG-USDT,price_action_features,1.102933
2025-03-26 12:33:26,CFG-USDT,momentum_features,1.604761
2025-03-26 12:33:26,CFG-USDT,momentum_features,1.613620
2025-03-26 12:33:26,CFG-USDT,momentum_features,1.729807
2025-03-26 12:33:26,CFG-USDT,momentum_features,1.735508
2025-03-26 12:33:26,CFG-USDT,momentum_features,1.544105
2025-03-26 12:33:26,CFG-USDT,momentum_features,1.556874
2025-03-26 12:33:26,CFG-USDT,momentum_features,1.630369
2025-03-26 12:33:26,CFG-USDT,momentum_features,1.644799
2025-03-26 12:33:26,CFG-USDT,momentum_features,1.500731
2025-03-26 12:33:26,CFG-USDT,momentum_features,1.565029
2025-03-26 12:33:26,CFG-USDT,momentum_features,1.577788
2025-03-26 12:33:26,CFG-USDT,momentum_features,1.509066
2025-03-26 12:33:26,CFG-USDT,momentum_features,1.579060
2025-03-26 12:33:26,CFG-USDT,momentum_features,1.597909
2025-03-26 12:33:26,CFG-USDT,momentum_features,1.549455
2025-03-26 12:33:26,CFG-USDT,momentum_features,1.531047
2025-03-26 12:33:26,CFG-USDT,momentum_features,1.590568
2025-03-26 12:33:26,CFG-USDT,momentum_features,1.530580
2025-03-26 12:33:26,CFG-USDT,momentum_features,1.564543
2025-03-26 12:33:26,CFG-USDT,momentum_features,1.549078
2025-03-26 12:33:26,CFG-USDT,momentum_features,1.550521
2025-03-26 12:33:26,CFG-USDT,momentum_features,1.574937
2025-03-26 12:33:26,CFG-USDT,momentum_features,1.559236
2025-03-26 12:33:26,CFG-USDT,momentum_features,1.571605
2025-03-26 12:33:26,CFG-USDT,momentum_features,1.582377
2025-03-26 12:33:26,CFG-USDT,momentum_features,1.487786
2025-03-26 12:33:26,CFG-USDT,momentum_features,1.590327
2025-03-26 12:33:26,CFG-USDT,momentum_features,1.496182
2025-03-26 12:33:26,CFG-USDT,momentum_features,1.551700
2025-03-26 12:33:26,CFG-USDT,momentum_features,1.562199
2025-03-26 12:33:26,CFG-USDT,momentum_features,1.535420
2025-03-26 12:33:26,CFG-USDT,momentum_features,1.542714
2025-03-26 12:33:26,CFG-USDT,volatility_features,0.941083
2025-03-26 12:33:26,CFG-USDT,volatility_features,0.950693
2025-03-26 12:33:27,CFG-USDT,volatility_features,1.002480
2025-03-26 12:33:27,CFG-USDT,volatility_features,1.025555
2025-03-26 12:33:27,CFG-USDT,volatility_features,1.038380
2025-03-26 12:33:27,CFG-USDT,volatility_features,1.051522
2025-03-26 12:33:27,CFG-USDT,volatility_features,1.072736
2025-03-26 12:33:27,CFG-USDT,volatility_features,1.083148
