Timestamp,Pair,Operation,Duration(s)
2025-03-26 15:38:20,ACE-USDT,db_get_columns,0.009619
2025-03-26 15:38:20,ACE-USDT,db_get_columns,0.009036
2025-03-26 15:38:20,ACE-USDT,db_get_columns,0.008387
2025-03-26 15:38:20,ACE-USDT,db_get_columns,0.008674
2025-03-26 15:38:20,ACE-USDT,fetch_data,0.005186
2025-03-26 15:38:21,ACE-USDT,fetch_data,0.004833
2025-03-26 15:38:21,ACE-USDT,fetch_data,0.007825
2025-03-26 15:38:21,ACE-USDT,fetch_data,0.009204
2025-03-26 15:38:21,AERGO-USDT,db_get_columns,0.009242
2025-03-26 15:38:21,AERGO-USDT,db_get_columns,0.018785
2025-03-26 15:38:21,AERGO-USDT,db_get_columns,0.023969
2025-03-26 15:38:21,AERGO-USDT,db_get_columns,0.018912
2025-03-26 15:38:21,AERGO-USDT,fetch_data,0.006854
2025-03-26 15:38:21,AERGO-USDT,fetch_data,0.004261
2025-03-26 15:38:21,AERGO-USDT,fetch_data,0.007461
2025-03-26 15:38:21,AERGO-USDT,fetch_data,0.009224
2025-03-26 15:38:21,AGLD-USDT,db_get_columns,0.008368
2025-03-26 15:38:21,AGLD-USDT,db_get_columns,0.008419
2025-03-26 15:38:21,AGLD-USDT,fetch_data,0.004051
2025-03-26 15:38:21,AGLD-USDT,fetch_data,0.005433
2025-03-26 15:38:21,AIXBT-USDT,db_get_columns,0.017642
2025-03-26 15:38:21,AIXBT-USDT,db_get_columns,0.025918
2025-03-26 15:38:21,AIXBT-USDT,fetch_data,0.005763
2025-03-26 15:38:21,AIXBT-USDT,fetch_data,0.008522
2025-03-26 15:38:21,ALGO-USDT,db_get_columns,0.017637
2025-03-26 15:38:21,ALGO-USDT,db_get_columns,0.018021
2025-03-26 15:38:21,ALGO-USDT,fetch_data,0.009166
2025-03-26 15:38:21,ALGO-USDT,fetch_data,0.010009
2025-03-26 15:38:22,ANIME-USDT,db_get_columns,0.009743
2025-03-26 15:38:22,ANIME-USDT,db_get_columns,0.010181
2025-03-26 15:38:22,ANIME-USDT,fetch_data,0.004524
2025-03-26 15:38:22,ANIME-USDT,fetch_data,0.006452
2025-03-26 15:38:22,API3-USDT,db_get_columns,0.008125
2025-03-26 15:38:22,API3-USDT,fetch_data,0.006189
2025-03-26 15:38:22,API3-USDT,db_get_columns,0.017574
2025-03-26 15:38:22,APT-USDT,fetch_data,0.005316
2025-03-26 15:38:22,AR-USDT,db_get_columns,0.061854
2025-03-26 15:38:22,AR-USDT,fetch_data,0.004677
2025-03-26 15:38:22,ARB-USDT,db_get_columns,0.067727
2025-03-26 15:38:22,ARB-USDT,fetch_data,0.004477
2025-03-26 15:38:22,ARG-USDT,db_get_columns,0.069130
2025-03-26 15:38:22,ARG-USDT,fetch_data,0.007149
2025-03-26 15:38:22,ARKM-USDT,db_get_columns,0.062433
2025-03-26 15:38:22,ARKM-USDT,db_get_columns,0.007722
2025-03-26 15:38:22,ARKM-USDT,fetch_data,0.003976
2025-03-26 15:38:22,ARKM-USDT,fetch_data,0.007466
2025-03-26 15:38:22,ARTY-USDT,db_get_columns,0.007911
2025-03-26 15:38:22,ARTY-USDT,fetch_data,0.003658
2025-03-26 15:38:24,ARTY-USDT,price_action_features,3.021329
2025-03-26 15:38:24,ARTY-USDT,price_action_features,2.904919
2025-03-26 15:38:24,ARTY-USDT,price_action_features,2.842612
2025-03-26 15:38:24,ARTY-USDT,price_action_features,2.778793
2025-03-26 15:38:24,ARTY-USDT,price_action_features,2.657392
2025-03-26 15:38:24,ARTY-USDT,price_action_features,2.600616
2025-03-26 15:38:24,ARTY-USDT,price_action_features,2.547783
2025-03-26 15:38:24,ARTY-USDT,price_action_features,2.470355
2025-03-26 15:38:24,ARTY-USDT,price_action_features,2.401549
2025-03-26 15:38:24,ARTY-USDT,price_action_features,2.340492
2025-03-26 15:38:24,ARTY-USDT,price_action_features,2.240554
2025-03-26 15:38:24,ARTY-USDT,price_action_features,2.185472
2025-03-26 15:38:24,ARTY-USDT,price_action_features,2.098711
2025-03-26 15:38:24,ARTY-USDT,price_action_features,2.032429
2025-03-26 15:38:24,ARTY-USDT,price_action_features,1.959541
2025-03-26 15:38:24,ARTY-USDT,price_action_features,1.901405
2025-03-26 15:38:24,ARTY-USDT,price_action_features,1.821403
2025-03-26 15:38:24,ARTY-USDT,price_action_features,1.757870
2025-03-26 15:38:24,ARTY-USDT,price_action_features,1.690127
2025-03-26 15:38:24,ARTY-USDT,price_action_features,1.619042
2025-03-26 15:38:24,ARTY-USDT,price_action_features,1.551505
2025-03-26 15:38:24,ARTY-USDT,price_action_features,1.469683
2025-03-26 15:38:24,ARTY-USDT,price_action_features,1.413996
2025-03-26 15:38:24,ARTY-USDT,price_action_features,1.348014
2025-03-26 15:38:24,ARTY-USDT,momentum_features,0.554937
2025-03-26 15:38:24,ARTY-USDT,momentum_features,0.554849
2025-03-26 15:38:24,ARTY-USDT,momentum_features,0.554671
2025-03-26 15:38:24,ARTY-USDT,momentum_features,0.554572
2025-03-26 15:38:24,ARTY-USDT,momentum_features,0.554856
2025-03-26 15:38:24,ARTY-USDT,momentum_features,0.554581
2025-03-26 15:38:24,ARTY-USDT,momentum_features,0.555658
2025-03-26 15:38:24,ARTY-USDT,momentum_features,0.507132
2025-03-26 15:38:24,ARTY-USDT,momentum_features,0.537848
2025-03-26 15:38:24,ARTY-USDT,momentum_features,0.555732
2025-03-26 15:38:24,ARTY-USDT,momentum_features,0.512400
2025-03-26 15:38:24,ARTY-USDT,momentum_features,0.513842
2025-03-26 15:38:24,ARTY-USDT,momentum_features,0.518535
2025-03-26 15:38:24,ARTY-USDT,momentum_features,0.441451
2025-03-26 15:38:24,ARTY-USDT,momentum_features,0.410156
2025-03-26 15:38:24,ARTY-USDT,momentum_features,0.424907
2025-03-26 15:38:24,ARTY-USDT,momentum_features,0.407280
2025-03-26 15:38:24,ARTY-USDT,momentum_features,0.444468
2025-03-26 15:38:24,ARTY-USDT,momentum_features,0.413912
2025-03-26 15:38:24,ARTY-USDT,momentum_features,0.415838
2025-03-26 15:38:24,ARTY-USDT,momentum_features,0.415583
2025-03-26 15:38:24,ARTY-USDT,momentum_features,0.440172
2025-03-26 15:38:24,ARTY-USDT,momentum_features,0.416009
2025-03-26 15:38:24,ARTY-USDT,momentum_features,0.415812
2025-03-26 15:38:24,ARTY-USDT,volatility_features,0.067154
2025-03-26 15:38:25,ARTY-USDT,volatility_features,0.071100
2025-03-26 15:38:25,ARTY-USDT,volatility_features,0.072287
2025-03-26 15:38:25,ARTY-USDT,volatility_features,0.089061
2025-03-26 15:38:25,ARTY-USDT,volatility_features,0.072275
2025-03-26 15:38:25,ARTY-USDT,volatility_features,0.065922
2025-03-26 15:38:25,ARTY-USDT,volatility_features,0.066721
2025-03-26 15:38:25,ARTY-USDT,volatility_features,0.066942
2025-03-26 15:38:25,ARTY-USDT,volatility_features,0.084014
2025-03-26 15:38:25,ARTY-USDT,volatility_features,0.090716
2025-03-26 15:38:25,ARTY-USDT,volatility_features,0.080383
2025-03-26 15:38:25,ARTY-USDT,volatility_features,0.101216
2025-03-26 15:38:25,ARTY-USDT,volatility_features,0.080528
2025-03-26 15:38:25,ARTY-USDT,volatility_features,0.111912
2025-03-26 15:38:25,ARTY-USDT,volatility_features,0.110188
2025-03-26 15:38:25,ARTY-USDT,volatility_features,0.084143
2025-03-26 15:38:25,ARTY-USDT,volatility_features,0.073323
2025-03-26 15:38:25,ARTY-USDT,volatility_features,0.098785
2025-03-26 15:38:25,ARTY-USDT,volatility_features,0.092778
2025-03-26 15:38:25,ARTY-USDT,volatility_features,0.068786
2025-03-26 15:38:25,ARTY-USDT,volatility_features,0.085801
2025-03-26 15:38:25,ARTY-USDT,volatility_features,0.084517
2025-03-26 15:38:25,ARTY-USDT,volatility_features,0.085606
2025-03-26 15:38:25,ARTY-USDT,volatility_features,0.063139
2025-03-26 15:38:25,ARTY-USDT,volume_features,0.035828
2025-03-26 15:38:25,ARTY-USDT,volume_features,0.035567
2025-03-26 15:38:25,ARTY-USDT,volume_features,0.019038
2025-03-26 15:38:25,ARTY-USDT,volume_features,0.030691
2025-03-26 15:38:25,ARTY-USDT,volume_features,0.023104
2025-03-26 15:38:25,ARTY-USDT,volume_features,0.021945
2025-03-26 15:38:25,ARTY-USDT,volume_features,0.017868
2025-03-26 15:38:25,ARTY-USDT,volume_features,0.018311
2025-03-26 15:38:25,ARTY-USDT,volume_features,0.021792
2025-03-26 15:38:25,ARTY-USDT,volume_features,0.022715
2025-03-26 15:38:25,ARTY-USDT,volume_features,0.029356
2025-03-26 15:38:25,ARTY-USDT,volume_features,0.036429
2025-03-26 15:38:25,ARTY-USDT,volume_features,0.022134
2025-03-26 15:38:25,ARTY-USDT,volume_features,0.030736
2025-03-26 15:38:25,ARTY-USDT,volume_features,0.026165
2025-03-26 15:38:25,ARTY-USDT,volume_features,0.022532
2025-03-26 15:38:25,ARTY-USDT,volume_features,0.030569
2025-03-26 15:38:25,ARTY-USDT,volume_features,0.037602
2025-03-26 15:38:26,ARTY-USDT,volume_features,0.023129
2025-03-26 15:38:26,ARTY-USDT,volume_features,0.023157
2025-03-26 15:38:26,ARTY-USDT,volume_features,0.018665
2025-03-26 15:38:26,ARTY-USDT,volume_features,0.052101
2025-03-26 15:38:26,ARTY-USDT,volume_features,0.076776
2025-03-26 15:38:26,ARTY-USDT,statistical_features,0.072867
2025-03-26 15:38:26,ARTY-USDT,statistical_features,0.084432
2025-03-26 15:38:26,ARTY-USDT,statistical_features,0.072248
2025-03-26 15:38:26,ARTY-USDT,volume_features,0.164700
2025-03-26 15:38:26,ARTY-USDT,statistical_features,0.063554
2025-03-26 15:38:26,ARTY-USDT,statistical_features,0.063471
2025-03-26 15:38:26,ARTY-USDT,statistical_features,0.061965
2025-03-26 15:38:26,ARTY-USDT,statistical_features,0.062306
2025-03-26 15:38:26,ARTY-USDT,statistical_features,0.061495
2025-03-26 15:38:26,ARTY-USDT,statistical_features,0.093052
2025-03-26 15:38:26,ARTY-USDT,statistical_features,0.139122
2025-03-26 15:38:26,ARTY-USDT,statistical_features,0.092725
2025-03-26 15:38:26,ARTY-USDT,statistical_features,0.090524
2025-03-26 15:38:26,ARTY-USDT,statistical_features,0.082411
2025-03-26 15:38:26,ARTY-USDT,statistical_features,0.128380
2025-03-26 15:38:26,ARTY-USDT,statistical_features,0.194249
2025-03-26 15:38:26,ARTY-USDT,statistical_features,0.089155
2025-03-26 15:38:26,ARTY-USDT,statistical_features,0.056398
2025-03-26 15:38:26,ARTY-USDT,statistical_features,0.071481
2025-03-26 15:38:26,ARTY-USDT,statistical_features,0.088408
2025-03-26 15:38:26,ARTY-USDT,statistical_features,0.079308
2025-03-26 15:38:26,ARTY-USDT,statistical_features,0.068169
2025-03-26 15:38:26,ARTY-USDT,statistical_features,0.104352
2025-03-26 15:38:26,ARTY-USDT,statistical_features,0.067617
2025-03-26 15:38:26,ARTY-USDT,pattern_features,0.026256
2025-03-26 15:38:26,ARTY-USDT,pattern_features,0.004798
2025-03-26 15:38:26,ARTY-USDT,pattern_features,0.007544
2025-03-26 15:38:26,ARTY-USDT,pattern_features,0.020274
2025-03-26 15:38:26,ARTY-USDT,statistical_features,0.050423
2025-03-26 15:38:26,ARTY-USDT,pattern_features,0.004755
2025-03-26 15:38:26,ARTY-USDT,pattern_features,0.004564
2025-03-26 15:38:26,ARTY-USDT,pattern_features,0.004786
2025-03-26 15:38:26,ARTY-USDT,pattern_features,0.004667
2025-03-26 15:38:26,ARTY-USDT,pattern_features,0.004851
2025-03-26 15:38:26,ARTY-USDT,pattern_features,0.004624
2025-03-26 15:38:26,ARTY-USDT,pattern_features,0.004625
2025-03-26 15:38:26,ARTY-USDT,pattern_features,0.004621
2025-03-26 15:38:26,ARTY-USDT,pattern_features,0.004705
2025-03-26 15:38:26,ARTY-USDT,pattern_features,0.007345
2025-03-26 15:38:26,ARTY-USDT,pattern_features,0.004689
2025-03-26 15:38:26,ARTY-USDT,pattern_features,0.004623
2025-03-26 15:38:26,ARTY-USDT,pattern_features,0.004558
2025-03-26 15:38:26,ARTY-USDT,pattern_features,0.004829
2025-03-26 15:38:26,ARTY-USDT,pattern_features,0.004570
2025-03-26 15:38:26,ARTY-USDT,pattern_features,0.004790
2025-03-26 15:38:26,ARTY-USDT,pattern_features,0.004660
2025-03-26 15:38:26,ARTY-USDT,pattern_features,0.007588
2025-03-26 15:38:26,ARTY-USDT,pattern_features,0.012257
2025-03-26 15:38:26,ARTY-USDT,time_features,0.002389
2025-03-26 15:38:26,ARTY-USDT,time_features,0.015374
2025-03-26 15:38:26,ARTY-USDT,time_features,0.005897
2025-03-26 15:38:26,ARTY-USDT,pattern_features,0.006763
2025-03-26 15:38:26,ARTY-USDT,time_features,0.009017
2025-03-26 15:38:26,ARTY-USDT,time_features,0.006890
2025-03-26 15:38:26,ARTY-USDT,time_features,0.003855
2025-03-26 15:38:26,ARTY-USDT,time_features,0.002321
2025-03-26 15:38:26,ARTY-USDT,time_features,0.001664
2025-03-26 15:38:26,ARTY-USDT,time_features,0.005410
2025-03-26 15:38:26,ARTY-USDT,time_features,0.004504
2025-03-26 15:38:26,ARTY-USDT,time_features,0.003970
2025-03-26 15:38:26,ARTY-USDT,time_features,0.002665
2025-03-26 15:38:26,ARTY-USDT,time_features,0.003789
2025-03-26 15:38:26,ARTY-USDT,time_features,0.007492
2025-03-26 15:38:26,ARTY-USDT,time_features,0.005837
2025-03-26 15:38:26,ARTY-USDT,time_features,0.004324
2025-03-26 15:38:26,ARTY-USDT,time_features,0.002812
2025-03-26 15:38:26,ARTY-USDT,time_features,0.004984
2025-03-26 15:38:26,ARTY-USDT,time_features,0.003969
2025-03-26 15:38:26,ARTY-USDT,time_features,0.004439
2025-03-26 15:38:26,ARTY-USDT,time_features,0.002419
2025-03-26 15:38:26,ARTY-USDT,time_features,0.002512
2025-03-26 15:38:26,ARTY-USDT,label_features,0.000380
2025-03-26 15:38:26,ARTY-USDT,time_features,0.002927
2025-03-26 15:38:26,ARTY-USDT,label_features,0.000403
2025-03-26 15:38:26,ARTY-USDT,label_features,0.000239
2025-03-26 15:38:26,ARTY-USDT,label_features,0.000321
2025-03-26 15:38:26,ARTY-USDT,time_features,0.001835
2025-03-26 15:38:26,ARTY-USDT,label_features,0.000232
2025-03-26 15:38:26,ARTY-USDT,label_features,0.000497
2025-03-26 15:38:26,ARTY-USDT,label_features,0.000580
2025-03-26 15:38:26,ARTY-USDT,label_features,0.000563
2025-03-26 15:38:26,ARTY-USDT,label_features,0.000850
2025-03-26 15:38:26,ARTY-USDT,label_features,0.000939
2025-03-26 15:38:26,ARTY-USDT,label_features,0.000393
2025-03-26 15:38:26,ARTY-USDT,label_features,0.000236
2025-03-26 15:38:26,ARTY-USDT,label_features,0.000354
2025-03-26 15:38:26,ARTY-USDT,label_features,0.000274
2025-03-26 15:38:26,ARTY-USDT,label_features,0.000191
2025-03-26 15:38:26,ARTY-USDT,label_features,0.000234
2025-03-26 15:38:26,ARTY-USDT,label_features,0.000474
2025-03-26 15:38:26,ARTY-USDT,label_features,0.000335
2025-03-26 15:38:26,ARTY-USDT,label_features,0.000211
2025-03-26 15:38:26,ARTY-USDT,label_features,0.000286
2025-03-26 15:38:26,ARTY-USDT,label_features,0.000236
2025-03-26 15:38:26,ARTY-USDT,compute_features_total,5.345940
2025-03-26 15:38:26,ARTY-USDT,label_features,0.000370
2025-03-26 15:38:26,ARTY-USDT,label_features,0.000275
2025-03-26 15:38:26,ARTY-USDT,compute_features_total,5.462929
2025-03-26 15:38:26,ARTY-USDT,compute_features_total,5.219898
2025-03-26 15:38:26,ARTY-USDT,compute_features_total,5.284091
2025-03-26 15:38:26,ARTY-USDT,label_features,0.000198
2025-03-26 15:38:26,ARTY-USDT,compute_features_total,5.041755
2025-03-26 15:38:26,ARTY-USDT,compute_features_total,4.988831
2025-03-26 15:38:26,ARTY-USDT,compute_features_total,5.099015
2025-03-26 15:38:26,ARTY-USDT,compute_features_total,4.842518
2025-03-26 15:38:26,ARTY-USDT,compute_features_total,4.681292
2025-03-26 15:38:26,ARTY-USDT,compute_features_total,4.911642
2025-03-26 15:38:26,ARTY-USDT,compute_features_total,4.626289
2025-03-26 15:38:26,ARTY-USDT,compute_features_total,4.781723
2025-03-26 15:38:26,ARTY-USDT,compute_features_total,4.400329
2025-03-26 15:38:26,ARTY-USDT,compute_features_total,4.198154
2025-03-26 15:38:26,ARTY-USDT,compute_features_total,4.539811
2025-03-26 15:38:26,ARTY-USDT,compute_features_total,4.262028
2025-03-26 15:38:26,ARTY-USDT,compute_features_total,4.059376
2025-03-26 15:38:26,ARTY-USDT,compute_features_total,4.474224
2025-03-26 15:38:26,ARTY-USDT,compute_features_total,3.991869
2025-03-26 15:38:26,ARTY-USDT,compute_features_total,4.130923
2025-03-26 15:38:26,ARTY-USDT,compute_features_total,3.854306
2025-03-26 15:38:26,ARTY-USDT,compute_features_total,4.342948
2025-03-26 15:38:26,ARTY-USDT,compute_features_total,3.910563
2025-03-26 15:38:26,ARTY-USDT,compute_features_total,3.789147
2025-03-26 15:38:26,ARTY-USDT,database_update,0.106812
2025-03-26 15:38:26,ARTY-USDT,database_update,0.128922
2025-03-26 15:38:26,ARTY-USDT,database_update,0.101219
2025-03-26 15:38:26,ARTY-USDT,database_update,0.127427
2025-03-26 15:38:26,ARTY-USDT,database_update,0.128800
2025-03-26 15:38:26,ARTY-USDT,database_update,0.129887
2025-03-26 15:38:26,ARTY-USDT,database_update,0.130264
2025-03-26 15:38:26,ARTY-USDT,database_update,0.132339
2025-03-26 15:38:26,ARTY-USDT,database_update,0.132075
2025-03-26 15:38:26,ARTY-USDT,database_update,0.132905
2025-03-26 15:38:26,ARTY-USDT,TOTAL,5.371244
2025-03-26 15:38:27,ASTR-USDT,TOTAL,5.280169
2025-03-26 15:38:27,ATH-USDT,TOTAL,4.956070
2025-03-26 15:38:27,BANANA-USDT,TOTAL,6.253374
2025-03-26 15:38:27,BAT-USDT,TOTAL,5.112334
2025-03-26 15:38:27,ATH-USDT,TOTAL,5.207140
2025-03-26 15:38:27,BAT-USDT,db_get_columns,0.047286
2025-03-26 15:38:27,BAT-USDT,TOTAL,5.572545
2025-03-26 15:38:27,BADGER-USDT,db_get_columns,0.047252
2025-03-26 15:38:27,BADGER-USDT,fetch_data,0.003705
2025-03-26 15:38:27,BADGER-USDT,db_get_columns,0.002694
2025-03-26 15:38:27,BADGER-USDT,db_get_columns,0.002852
2025-03-26 15:38:27,BADGER-USDT,fetch_data,0.003312
2025-03-26 15:38:27,BADGER-USDT,fetch_data,0.004268
2025-03-26 15:38:27,BADGER-USDT,db_get_columns,0.005291
2025-03-26 15:38:27,BADGER-USDT,db_get_columns,0.052743
2025-03-26 15:38:27,BADGER-USDT,price_action_features,0.000110
2025-03-26 15:38:27,BADGER-USDT,db_get_columns,0.052938
2025-03-26 15:38:27,BADGER-USDT,fetch_data,0.054770
2025-03-26 15:38:28,BADGER-USDT,db_get_columns,0.056631
2025-03-26 15:38:28,BADGER-USDT,db_get_columns,0.056618
2025-03-26 15:38:28,BADGER-USDT,db_get_columns,0.054974
2025-03-26 15:38:28,BADGER-USDT,price_action_features,0.000109
2025-03-26 15:38:28,BADGER-USDT,fetch_data,0.050075
2025-03-26 15:38:28,BADGER-USDT,fetch_data,0.051570
2025-03-26 15:38:28,BADGER-USDT,price_action_features,0.000113
2025-03-26 15:38:28,BADGER-USDT,momentum_features,0.000223
2025-03-26 15:38:28,BADGER-USDT,price_action_features,0.000122
2025-03-26 15:38:28,BADGER-USDT,fetch_data,0.055402
2025-03-26 15:38:28,BADGER-USDT,fetch_data,0.056349
2025-03-26 15:38:28,BADGER-USDT,fetch_data,0.058212
2025-03-26 15:38:28,BADGER-USDT,momentum_features,0.000231
2025-03-26 15:38:28,BADGER-USDT,fetch_data,0.064026
2025-03-26 15:38:28,BADGER-USDT,price_action_features,0.000115
2025-03-26 15:38:28,BADGER-USDT,fetch_data,0.065783
2025-03-26 15:38:28,BADGER-USDT,fetch_data,0.067150
2025-03-26 15:38:28,BADGER-USDT,price_action_features,0.000155
2025-03-26 15:38:28,BADGER-USDT,momentum_features,0.000201
2025-03-26 15:38:28,BADGER-USDT,momentum_features,0.000496
2025-03-26 15:38:28,BADGER-USDT,price_action_features,0.000115
2025-03-26 15:38:28,BADGER-USDT,volatility_features,0.075226
2025-03-26 15:38:28,BADGER-USDT,price_action_features,0.000115
2025-03-26 15:38:28,BADGER-USDT,price_action_features,0.000109
2025-03-26 15:38:28,BADGER-USDT,price_action_features,0.000140
2025-03-26 15:38:28,BADGER-USDT,volatility_features,0.075931
2025-03-26 15:38:28,BADGER-USDT,momentum_features,0.000203
2025-03-26 15:38:28,BADGER-USDT,price_action_features,0.000117
2025-03-26 15:38:28,BADGER-USDT,price_action_features,0.000118
2025-03-26 15:38:28,BADGER-USDT,momentum_features,0.000205
2025-03-26 15:38:28,BADGER-USDT,momentum_features,0.007056
2025-03-26 15:38:28,BADGER-USDT,momentum_features,0.010178
2025-03-26 15:38:28,BADGER-USDT,volatility_features,0.038450
2025-03-26 15:38:28,BADGER-USDT,momentum_features,0.007206
2025-03-26 15:38:28,BADGER-USDT,volume_features,0.028774
2025-03-26 15:38:28,BADGER-USDT,momentum_features,0.003635
2025-03-26 15:38:28,BADGER-USDT,volatility_features,0.037913
2025-03-26 15:38:28,BADGER-USDT,momentum_features,0.003846
2025-03-26 15:38:28,BADGER-USDT,volume_features,0.008415
2025-03-26 15:38:28,BADGER-USDT,momentum_features,0.006424
2025-03-26 15:38:28,BADGER-USDT,volatility_features,0.027753
2025-03-26 15:38:28,BADGER-USDT,volatility_features,0.032298
2025-03-26 15:38:28,BADGER-USDT,volatility_features,0.036092
2025-03-26 15:38:28,BADGER-USDT,statistical_features,0.055282
2025-03-26 15:38:28,BADGER-USDT,volume_features,0.079898
2025-03-26 15:38:28,BADGER-USDT,volatility_features,0.092305
2025-03-26 15:38:28,BADGER-USDT,volatility_features,0.091172
2025-03-26 15:38:28,BADGER-USDT,volatility_features,0.040609
2025-03-26 15:38:28,BADGER-USDT,statistical_features,0.054060
2025-03-26 15:38:28,BADGER-USDT,volume_features,0.083791
2025-03-26 15:38:28,BADGER-USDT,volatility_features,0.083268
2025-03-26 15:38:28,BADGER-USDT,volume_features,0.027239
2025-03-26 15:38:28,BADGER-USDT,volatility_features,0.050553
2025-03-26 15:38:29,BADGER-USDT,pattern_features,0.015690
2025-03-26 15:38:29,BADGER-USDT,volume_features,0.066900
2025-03-26 15:38:29,BADGER-USDT,statistical_features,0.049021
2025-03-26 15:38:29,BADGER-USDT,volume_features,0.071972
2025-03-26 15:38:29,BADGER-USDT,volume_features,0.006726
2025-03-26 15:38:29,BADGER-USDT,volume_features,0.014150
2025-03-26 15:38:29,BADGER-USDT,volume_features,0.016360
2025-03-26 15:38:29,BADGER-USDT,pattern_features,0.027728
2025-03-26 15:38:29,BADGER-USDT,statistical_features,0.083039
2025-03-26 15:38:29,BADGER-USDT,statistical_features,0.052399
2025-03-26 15:38:29,BADGER-USDT,volume_features,0.089845
2025-03-26 15:38:29,BADGER-USDT,volume_features,0.010936
2025-03-26 15:38:29,BADGER-USDT,time_features,0.020833
2025-03-26 15:38:29,BADGER-USDT,statistical_features,0.045524
2025-03-26 15:38:29,BADGER-USDT,pattern_features,0.010364
2025-03-26 15:38:29,BADGER-USDT,statistical_features,0.049856
2025-03-26 15:38:29,BADGER-USDT,statistical_features,0.077014
2025-03-26 15:38:29,BADGER-USDT,statistical_features,0.078498
2025-03-26 15:38:29,BADGER-USDT,statistical_features,0.072738
2025-03-26 15:38:29,BADGER-USDT,time_features,0.026792
2025-03-26 15:38:29,BADGER-USDT,pattern_features,0.004767
2025-03-26 15:38:29,BADGER-USDT,pattern_features,0.004658
2025-03-26 15:38:29,BADGER-USDT,statistical_features,0.055127
2025-03-26 15:38:29,BADGER-USDT,statistical_features,0.061920
2025-03-26 15:38:29,BADGER-USDT,label_features,0.030258
2025-03-26 15:38:29,BADGER-USDT,pattern_features,0.005827
2025-03-26 15:38:29,BADGER-USDT,time_features,0.001637
2025-03-26 15:38:29,BADGER-USDT,pattern_features,0.004511
2025-03-26 15:38:29,BADGER-USDT,pattern_features,0.004458
2025-03-26 15:38:29,BADGER-USDT,pattern_features,0.004902
2025-03-26 15:38:29,BADGER-USDT,pattern_features,0.004547
2025-03-26 15:38:29,BADGER-USDT,label_features,0.000535
2025-03-26 15:38:29,BADGER-USDT,time_features,0.001578
2025-03-26 15:38:29,BADGER-USDT,time_features,0.001609
2025-03-26 15:38:29,BADGER-USDT,pattern_features,0.004644
2025-03-26 15:38:29,BADGER-USDT,pattern_features,0.004524
2025-03-26 15:38:29,BADGER-USDT,compute_features_total,1.519028
2025-03-26 15:38:29,BADGER-USDT,time_features,0.002418
2025-03-26 15:38:29,BADGER-USDT,label_features,0.000827
2025-03-26 15:38:29,BADGER-USDT,time_features,0.005185
2025-03-26 15:38:29,BADGER-USDT,compute_features_total,1.477792
2025-03-26 15:38:29,BADGER-USDT,time_features,0.006871
2025-03-26 15:38:29,BADGER-USDT,time_features,0.004279
2025-03-26 15:38:29,BADGER-USDT,time_features,0.002321
2025-03-26 15:38:29,BADGER-USDT,label_features,0.000178
2025-03-26 15:38:29,BADGER-USDT,label_features,0.000169
2025-03-26 15:38:29,BADGER-USDT,time_features,0.008154
2025-03-26 15:38:29,BADGER-USDT,time_features,0.006854
2025-03-26 15:38:29,BADGER-USDT,compute_features_total,1.435702
2025-03-26 15:38:29,BADGER-USDT,label_features,0.000664
2025-03-26 15:38:29,BADGER-USDT,label_features,0.000177
2025-03-26 15:38:29,BADGER-USDT,label_features,0.000205
2025-03-26 15:38:29,BADGER-USDT,label_features,0.000190
2025-03-26 15:38:29,BADGER-USDT,label_features,0.000169
2025-03-26 15:38:29,BADGER-USDT,compute_features_total,1.383834
2025-03-26 15:38:29,BADGER-USDT,compute_features_total,1.314361
2025-03-26 15:38:29,BADGER-USDT,label_features,0.000437
2025-03-26 15:38:29,BADGER-USDT,label_features,0.000328
2025-03-26 15:38:29,BADGER-USDT,compute_features_total,1.262665
2025-03-26 15:38:29,BADGER-USDT,compute_features_total,1.187102
2025-03-26 15:38:29,BADGER-USDT,compute_features_total,1.136920
2025-03-26 15:38:29,BADGER-USDT,compute_features_total,1.089384
2025-03-26 15:38:29,BADGER-USDT,compute_features_total,1.023318
2025-03-26 15:38:29,BADGER-USDT,compute_features_total,0.962525
2025-03-26 15:38:29,BADGER-USDT,compute_features_total,0.906539
2025-03-26 15:38:29,BADGER-USDT,database_update,0.029155
2025-03-26 15:38:29,BADGER-USDT,database_update,0.023117
2025-03-26 15:38:29,BADGER-USDT,database_update,0.033527
2025-03-26 15:38:29,BADGER-USDT,TOTAL,1.920988
2025-03-26 15:38:30,BCH-USDT,db_get_columns,0.007509
2025-03-26 15:38:30,BCH-USDT,fetch_data,0.004337
2025-03-26 15:38:30,BERA-USDT,price_action_features,0.000106
2025-03-26 15:38:30,BERA-USDT,momentum_features,0.000102
2025-03-26 15:38:30,BERA-USDT,db_get_columns,0.010800
2025-03-26 15:38:30,BERA-USDT,volatility_features,0.016916
2025-03-26 15:38:30,BERA-USDT,fetch_data,0.005217
2025-03-26 15:38:30,BERA-USDT,volume_features,0.008537
2025-03-26 15:38:30,BICO-USDT,price_action_features,0.000121
2025-03-26 15:38:30,BICO-USDT,momentum_features,0.000351
2025-03-26 15:38:30,BICO-USDT,statistical_features,0.047351
2025-03-26 15:38:30,BICO-USDT,pattern_features,0.010939
2025-03-26 15:38:30,BIGTIME-USDT,db_get_columns,0.007924
2025-03-26 15:38:30,BIGTIME-USDT,time_features,0.003165
2025-03-26 15:38:30,BIGTIME-USDT,fetch_data,0.008646
2025-03-26 15:38:30,BIGTIME-USDT,volatility_features,0.027791
2025-03-26 15:38:30,BIGTIME-USDT,db_get_columns,0.009413
2025-03-26 15:38:30,BIGTIME-USDT,label_features,0.000332
2025-03-26 15:38:30,BIO-USDT,price_action_features,0.000145
2025-03-26 15:38:30,BIO-USDT,volume_features,0.007241
2025-03-26 15:38:30,BIO-USDT,fetch_data,0.005350
2025-03-26 15:38:30,BIO-USDT,compute_features_total,0.239660
2025-03-26 15:38:30,BIO-USDT,momentum_features,0.000276
2025-03-26 15:38:30,BLUR-USDT,price_action_features,0.000095
2025-03-26 15:38:30,BLUR-USDT,statistical_features,0.108219
2025-03-26 15:38:30,BLUR-USDT,db_get_columns,0.011104
2025-03-26 15:38:30,BLUR-USDT,momentum_features,0.000451
2025-03-26 15:38:30,BLUR-USDT,volatility_features,0.024417
2025-03-26 15:38:30,BLUR-USDT,pattern_features,0.007414
2025-03-26 15:38:30,BLUR-USDT,fetch_data,0.011223
2025-03-26 15:38:30,BLUR-USDT,db_get_columns,0.015248
2025-03-26 15:38:30,BLUR-USDT,database_update,0.050244
2025-03-26 15:38:30,BNT-USDT,price_action_features,0.000158
2025-03-26 15:38:30,BNT-USDT,volatility_features,0.099063
2025-03-26 15:38:30,BNT-USDT,time_features,0.082431
2025-03-26 15:38:30,BNT-USDT,TOTAL,0.556302
2025-03-26 15:38:30,BNB-USDT,fetch_data,0.006944
2025-03-26 15:38:30,BNT-USDT,momentum_features,0.000228
2025-03-26 15:38:30,BNT-USDT,volume_features,0.010852
2025-03-26 15:38:30,BNT-USDT,label_features,0.006177
2025-03-26 15:38:31,BNT-USDT,TOTAL,0.658145
2025-03-26 15:38:31,BONE-USDT,price_action_features,0.000115
2025-03-26 15:38:31,BONE-USDT,db_get_columns,0.012047
2025-03-26 15:38:31,BONE-USDT,db_get_columns,0.014773
2025-03-26 15:38:31,BONE-USDT,volatility_features,0.043967
2025-03-26 15:38:31,BONK-USDT,compute_features_total,0.669053
2025-03-26 15:38:31,BONK-USDT,statistical_features,0.054494
2025-03-26 15:38:31,BOME-USDT,statistical_features,0.117290
2025-03-26 15:38:31,BOME-USDT,momentum_features,0.000538
2025-03-26 15:38:31,BONK-USDT,fetch_data,0.007393
2025-03-26 15:38:31,BONK-USDT,fetch_data,0.008946
2025-03-26 15:38:31,BONK-USDT,volume_features,0.012611
2025-03-26 15:38:31,BONK-USDT,db_get_columns,0.012837
2025-03-26 15:38:31,COMP-USDT,pattern_features,0.005782
2025-03-26 15:38:31,COMP-USDT,pattern_features,0.005330
2025-03-26 15:38:31,COMP-USDT,db_get_columns,0.013894
2025-03-26 15:38:31,BORA-USDT,price_action_features,0.000112
2025-03-26 15:38:31,BORA-USDT,db_get_columns,0.062035
2025-03-26 15:38:31,BORA-USDT,database_update,0.092759
2025-03-26 15:38:31,BORA-USDT,volatility_features,0.146956
2025-03-26 15:38:31,BORA-USDT,price_action_features,0.000121
2025-03-26 15:38:31,BSV-USDT,statistical_features,0.048352
2025-03-26 15:38:31,BSV-USDT,fetch_data,0.020639
2025-03-26 15:38:31,BSV-USDT,time_features,0.002033
2025-03-26 15:38:31,BSV-USDT,db_get_columns,0.002786
2025-03-26 15:38:31,BSV-USDT,time_features,0.001478
2025-03-26 15:38:31,BORA-USDT,momentum_features,0.000216
2025-03-26 15:38:31,BORA-USDT,TOTAL,0.983014
2025-03-26 15:38:31,BSV-USDT,fetch_data,0.007567
2025-03-26 15:38:31,BSV-USDT,momentum_features,0.001937
2025-03-26 15:38:31,BSV-USDT,volume_features,0.012332
2025-03-26 15:38:31,BSV-USDT,pattern_features,0.008683
2025-03-26 15:38:31,CAT-USDT,price_action_features,0.000126
2025-03-26 15:38:31,CAT-USDT,label_features,0.000209
2025-03-26 15:38:31,CAT-USDT,label_features,0.000243
2025-03-26 15:38:31,CAT-USDT,fetch_data,0.009904
2025-03-26 15:38:31,CAT-USDT,db_get_columns,0.010225
2025-03-26 15:38:31,CAT-USDT,TOTAL,1.137921
2025-03-26 15:38:31,BTT-USDT,price_action_features,0.000109
2025-03-26 15:38:31,CATI-USDT,volatility_features,0.139678
2025-03-26 15:38:31,CATI-USDT,db_get_columns,0.063511
2025-03-26 15:38:31,CATI-USDT,price_action_features,0.000150
2025-03-26 15:38:31,CAT-USDT,statistical_features,0.052243
2025-03-26 15:38:31,CELR-USDT,momentum_features,0.000545
2025-03-26 15:38:31,CELR-USDT,time_features,0.025754
2025-03-26 15:38:31,CELR-USDT,volatility_features,0.066898
2025-03-26 15:38:31,CELR-USDT,compute_features_total,0.993587
2025-03-26 15:38:31,CELR-USDT,compute_features_total,1.101344
2025-03-26 15:38:31,CELR-USDT,price_action_features,0.000123
2025-03-26 15:38:31,CELO-USDT,momentum_features,0.000877
2025-03-26 15:38:31,CELO-USDT,fetch_data,0.008718
2025-03-26 15:38:31,CELO-USDT,volume_features,0.011606
2025-03-26 15:38:31,CELO-USDT,fetch_data,0.006270
2025-03-26 15:38:31,CELO-USDT,db_get_columns,0.013500
2025-03-26 15:38:31,CELO-USDT,db_get_columns,0.008806
2025-03-26 15:38:31,CELO-USDT,momentum_features,0.000208
2025-03-26 15:38:31,CELR-USDT,pattern_features,0.004996
2025-03-26 15:38:31,CELR-USDT,label_features,0.000551
2025-03-26 15:38:31,CELR-USDT,db_get_columns,0.017517
2025-03-26 15:38:31,CELR-USDT,volatility_features,0.019055
2025-03-26 15:38:31,CELR-USDT,volume_features,0.014684
2025-03-26 15:38:31,CELO-USDT,momentum_features,0.000612
2025-03-26 15:38:32,CFG-USDT,price_action_features,0.000114
2025-03-26 15:38:32,CFG-USDT,database_update,0.099712
2025-03-26 15:38:32,CFG-USDT,database_update,0.108838
2025-03-26 15:38:32,CFG-USDT,volatility_features,0.119885
2025-03-26 15:38:32,CFG-USDT,statistical_features,0.049085
2025-03-26 15:38:32,CFX-USDT,price_action_features,0.000121
2025-03-26 15:38:32,CHZ-USDT,fetch_data,0.009718
2025-03-26 15:38:32,CHZ-USDT,fetch_data,0.011006
2025-03-26 15:38:32,CHZ-USDT,db_get_columns,0.008668
2025-03-26 15:38:32,CHZ-USDT,volatility_features,0.025796
2025-03-26 15:38:32,CHZ-USDT,time_features,0.001843
2025-03-26 15:38:32,CHZ-USDT,compute_features_total,1.211746
2025-03-26 15:38:32,CHZ-USDT,fetch_data,0.006702
2025-03-26 15:38:32,CHZ-USDT,volume_features,0.021772
2025-03-26 15:38:32,CITY-USDT,db_get_columns,0.010756
2025-03-26 15:38:32,CITY-USDT,db_get_columns,0.011133
2025-03-26 15:38:32,CITY-USDT,db_get_columns,0.016318
2025-03-26 15:38:32,CFG-USDT,statistical_features,0.057009
2025-03-26 15:38:32,CFG-USDT,momentum_features,0.000377
2025-03-26 15:38:32,CFG-USDT,TOTAL,0.000000
2025-03-26 15:38:32,CFX-USDT,pattern_features,0.005625
2025-03-26 15:38:32,CFX-USDT,volume_features,0.013089
2025-03-26 15:38:32,CFX-USDT,momentum_features,0.000226
2025-03-26 15:38:32,CHZ-USDT,price_action_features,0.000118
2025-03-26 15:38:32,CHZ-USDT,price_action_features,0.000112
2025-03-26 15:38:32,CHZ-USDT,label_features,0.000509
2025-03-26 15:38:32,CHZ-USDT,fetch_data,0.006267
2025-03-26 15:38:32,CHZ-USDT,volume_features,0.064640
2025-03-26 15:38:32,CHZ-USDT,price_action_features,0.000108
2025-03-26 15:38:32,CITY-USDT,fetch_data,0.026263
2025-03-26 15:38:32,CITY-USDT,statistical_features,0.048398
2025-03-26 15:38:32,CITY-USDT,fetch_data,0.003145
2025-03-26 15:38:32,CITY-USDT,pattern_features,0.005852
2025-03-26 15:38:32,CITY-USDT,fetch_data,0.085175
2025-03-26 15:38:32,CITY-USDT,db_get_columns,0.079282
2025-03-26 15:38:32,CITY-USDT,TOTAL,2.007682
2025-03-26 15:38:32,CTXC-USDT,TOTAL,2.253833
2025-03-26 15:38:33,CTXC-USDT,label_features,0.003773
2025-03-26 15:38:33,CTXC-USDT,time_features,0.015971
2025-03-26 15:38:33,CTXC-USDT,volume_features,0.089195
2025-03-26 15:38:33,CTXC-USDT,volume_features,0.093998
2025-03-26 15:38:33,CTXC-USDT,momentum_features,0.128795
2025-03-26 15:38:33,CTXC-USDT,TOTAL,2.491756
