[INFO] 2025-04-01 21:00:59,585 | GPU monitoring initialized for 1 GPUs: Unknown GPU
[INFO] 2025-04-01 21:00:59,586 | Resource monitor initialized: CPU cores: 8 physical / 16 logical, RAM: 23.43 GB
[INFO] 2025-04-01 21:00:59,823 | GPU memory: 10.98 GB free / 12.00 GB total
[INFO] 2025-04-01 21:00:59,823 | System memory: 20.17 GB available / 23.43 GB total
[INFO] 2025-04-01 21:00:59,828 | Loaded credentials from /root/OKXsignal/config/credentials.env
[INFO] 2025-04-01 21:00:59,831 | Loaded config from /root/OKXsignal/config/config.ini
[INFO] 2025-04-01 21:00:59,905 | GPU detected: Device 0, Memory: 12.00 GB
[INFO] 2025-04-01 21:00:59,905 | GPU acceleration is available
[INFO] 2025-04-01 21:01:00,078 | Database connection pool initialized with 3-29 connections
[INFO] 2025-04-01 21:01:00,078 | Starting compute_features.py in ROLLING_UPDATE mode with rolling_window=450
[INFO] 2025-04-01 21:01:00,078 | Using 24 parallel workers with max 29 database connections
[INFO] 2025-04-01 21:01:00,078 | Numba: enabled, GPU: disabled
[INFO] 2025-04-01 21:01:00,079 | Database connection test successful
[INFO] 2025-04-01 21:01:01,018 | Found 306 pairs
[INFO] 2025-04-01 21:01:01,019 | Rolling update mode: computing last 450 rows per pair
[INFO] 2025-04-01 21:01:01,019 | Calibrating optimal batch size...
[INFO] 2025-04-01 21:01:02,102 | Testing batch size 4...
[INFO] 2025-04-01 21:01:02,102 | Computing features for 1INCH-USDT
[INFO] 2025-04-01 21:01:02,103 | Computing features for AAVE-USDT
[INFO] 2025-04-01 21:01:02,103 | Computing features for ACA-USDT
[INFO] 2025-04-01 21:01:02,103 | Computing features for ACE-USDT
[INFO] 2025-04-01 21:01:02,162 | GPU is available: Device #0, Free: 10.98 GB / 12.00 GB
[INFO] 2025-04-01 21:01:02,252 | GPU is available: Device #0, Free: 10.98 GB / 12.00 GB
[INFO] 2025-04-01 21:01:02,305 | GPU is available: Device #0, Free: 10.98 GB / 12.00 GB
[INFO] 2025-04-01 21:01:02,446 | GPU is available: Device #0, Free: 10.98 GB / 12.00 GB
[INFO] 2025-04-01 21:01:05,226 | ACE-USDT: Updated 10/10 rows in 3.12s
[INFO] 2025-04-01 21:01:05,298 | 1INCH-USDT: Updated 10/10 rows in 3.20s
[INFO] 2025-04-01 21:01:05,298 | ACA-USDT: Updated 10/10 rows in 3.20s
[INFO] 2025-04-01 21:01:05,360 | AAVE-USDT: Updated 10/10 rows in 3.26s
[INFO] 2025-04-01 21:01:05,491 | Batch size 4: 1.18 pairs/sec
[INFO] 2025-04-01 21:01:05,538 | Testing batch size 8...
[INFO] 2025-04-01 21:01:05,538 | Computing features for 1INCH-USDT
[INFO] 2025-04-01 21:01:05,538 | Computing features for AAVE-USDT
[INFO] 2025-04-01 21:01:05,539 | Computing features for ACA-USDT
[INFO] 2025-04-01 21:01:05,539 | Computing features for ACE-USDT
[INFO] 2025-04-01 21:01:05,540 | Computing features for ACH-USDT
[INFO] 2025-04-01 21:01:05,540 | GPU is available: Device #0, Free: 10.98 GB / 12.00 GB
[INFO] 2025-04-01 21:01:05,541 | Computing features for ACT-USDT
[INFO] 2025-04-01 21:01:05,541 | GPU is available: Device #0, Free: 10.98 GB / 12.00 GB
[INFO] 2025-04-01 21:01:05,541 | Computing features for ADA-USDT
[INFO] 2025-04-01 21:01:05,542 | Computing features for AERGO-USDT
[INFO] 2025-04-01 21:01:05,542 | GPU is available: Device #0, Free: 10.98 GB / 12.00 GB
[INFO] 2025-04-01 21:01:05,710 | GPU is available: Device #0, Free: 10.98 GB / 12.00 GB
[INFO] 2025-04-01 21:01:05,844 | GPU is available: Device #0, Free: 10.98 GB / 12.00 GB
[INFO] 2025-04-01 21:01:05,910 | GPU is available: Device #0, Free: 10.98 GB / 12.00 GB
[INFO] 2025-04-01 21:01:06,032 | GPU is available: Device #0, Free: 10.98 GB / 12.00 GB
[INFO] 2025-04-01 21:01:06,184 | GPU is available: Device #0, Free: 10.98 GB / 12.00 GB
[INFO] 2025-04-01 21:01:07,395 | 1INCH-USDT: Updated 10/10 rows in 1.86s
[INFO] 2025-04-01 21:01:07,464 | ACA-USDT: Updated 10/10 rows in 1.93s
[INFO] 2025-04-01 21:01:07,465 | AAVE-USDT: Updated 10/10 rows in 1.93s
[INFO] 2025-04-01 21:01:07,610 | ACE-USDT: Updated 10/10 rows in 2.07s
[INFO] 2025-04-01 21:01:07,710 | AERGO-USDT: Updated 10/10 rows in 2.17s
[INFO] 2025-04-01 21:01:07,710 | ACH-USDT: Updated 10/10 rows in 2.17s
[INFO] 2025-04-01 21:01:07,824 | ADA-USDT: Updated 10/10 rows in 2.28s
[INFO] 2025-04-01 21:01:07,880 | ACT-USDT: Updated 10/10 rows in 2.34s
[INFO] 2025-04-01 21:01:07,930 | Batch size 8: 3.34 pairs/sec
[INFO] 2025-04-01 21:01:07,977 | Optimal batch size determined: 8 (3.34 pairs/sec)
[INFO] 2025-04-01 21:01:07,977 | Using auto-calibrated batch size: 8
[INFO] 2025-04-01 21:01:07,977 | Grouped 306 pairs into 27 balanced batches
[INFO] 2025-04-01 21:01:07,977 | Processing batch 1/27 with 12 pairs
[INFO] 2025-04-01 21:01:07,978 | Computing features for 1INCH-USDT
[INFO] 2025-04-01 21:01:07,978 | Computing features for AAVE-USDT
[INFO] 2025-04-01 21:01:07,978 | Computing features for ACA-USDT
[INFO] 2025-04-01 21:01:07,979 | Computing features for ACE-USDT
[INFO] 2025-04-01 21:01:07,979 | Computing features for ACH-USDT
[INFO] 2025-04-01 21:01:07,979 | GPU is available: Device #0, Free: 10.98 GB / 12.00 GB
[INFO] 2025-04-01 21:01:07,980 | Computing features for ACT-USDT
[INFO] 2025-04-01 21:01:07,980 | Computing features for ADA-USDT
[INFO] 2025-04-01 21:01:07,980 | GPU is available: Device #0, Free: 10.98 GB / 12.00 GB
[INFO] 2025-04-01 21:01:07,981 | Computing features for AERGO-USDT
[INFO] 2025-04-01 21:01:07,981 | GPU is available: Device #0, Free: 10.98 GB / 12.00 GB
[INFO] 2025-04-01 21:01:08,199 | GPU is available: Device #0, Free: 10.98 GB / 12.00 GB
[INFO] 2025-04-01 21:01:08,248 | GPU is available: Device #0, Free: 10.98 GB / 12.00 GB
[INFO] 2025-04-01 21:01:08,387 | GPU is available: Device #0, Free: 10.98 GB / 12.00 GB
[INFO] 2025-04-01 21:01:08,433 | GPU is available: Device #0, Free: 10.98 GB / 12.00 GB
[INFO] 2025-04-01 21:01:08,601 | GPU is available: Device #0, Free: 10.98 GB / 12.00 GB
[INFO] 2025-04-01 21:01:10,827 | ACA-USDT: Updated 450/450 rows in 2.85s
[INFO] 2025-04-01 21:01:10,930 | AAVE-USDT: Updated 450/450 rows in 2.95s
[INFO] 2025-04-01 21:01:10,931 | 1INCH-USDT: Updated 450/450 rows in 2.95s
[INFO] 2025-04-01 21:01:11,034 | Computing features for AEVO-USDT
[INFO] 2025-04-01 21:01:11,127 | ACH-USDT: Updated 450/450 rows in 3.15s
[INFO] 2025-04-01 21:01:11,129 | GPU is available: Device #0, Free: 10.98 GB / 12.00 GB
[INFO] 2025-04-01 21:01:11,129 | Computing features for AGLD-USDT
[INFO] 2025-04-01 21:01:11,203 | Computing features for AIDOGE-USDT
[INFO] 2025-04-01 21:01:11,241 | GPU is available: Device #0, Free: 10.98 GB / 12.00 GB
[INFO] 2025-04-01 21:01:11,250 | ACE-USDT: Updated 450/450 rows in 3.27s
[INFO] 2025-04-01 21:01:11,250 | GPU is available: Device #0, Free: 10.98 GB / 12.00 GB
[INFO] 2025-04-01 21:01:11,251 | ACT-USDT: Updated 450/450 rows in 3.27s
[INFO] 2025-04-01 21:01:11,251 | Computing features for AIXBT-USDT
[INFO] 2025-04-01 21:01:11,369 | GPU is available: Device #0, Free: 10.98 GB / 12.00 GB
[INFO] 2025-04-01 21:01:11,497 | ADA-USDT: Updated 450/450 rows in 3.52s
[INFO] 2025-04-01 21:01:11,618 | AERGO-USDT: Updated 450/450 rows in 3.64s
[INFO] 2025-04-01 21:01:12,875 | AEVO-USDT: Updated 450/450 rows in 1.84s
[INFO] 2025-04-01 21:01:12,928 | AGLD-USDT: Updated 450/450 rows in 1.80s
[INFO] 2025-04-01 21:01:12,981 | AIXBT-USDT: Updated 450/450 rows in 1.73s
[INFO] 2025-04-01 21:01:12,981 | AIDOGE-USDT: Updated 450/450 rows in 1.78s
[INFO] 2025-04-01 21:01:13,137 | Processing batch 2/27 with 12 pairs
[INFO] 2025-04-01 21:01:13,138 | Computing features for ALCX-USDT
[INFO] 2025-04-01 21:01:13,138 | Computing features for ALGO-USDT
[INFO] 2025-04-01 21:01:13,138 | Computing features for ALPHA-USDT
[INFO] 2025-04-01 21:01:13,139 | Computing features for ANIME-USDT
[INFO] 2025-04-01 21:01:13,140 | GPU is available: Device #0, Free: 10.98 GB / 12.00 GB
[INFO] 2025-04-01 21:01:13,140 | Computing features for APE-USDT
[INFO] 2025-04-01 21:01:13,141 | Computing features for API3-USDT
[INFO] 2025-04-01 21:01:13,141 | Computing features for APT-USDT
[INFO] 2025-04-01 21:01:13,141 | Computing features for AR-USDT
[INFO] 2025-04-01 21:01:13,143 | GPU is available: Device #0, Free: 10.98 GB / 12.00 GB
[INFO] 2025-04-01 21:01:13,143 | GPU is available: Device #0, Free: 10.98 GB / 12.00 GB
[INFO] 2025-04-01 21:01:13,242 | GPU is available: Device #0, Free: 10.98 GB / 12.00 GB
[INFO] 2025-04-01 21:01:13,419 | GPU is available: Device #0, Free: 10.98 GB / 12.00 GB
[INFO] 2025-04-01 21:01:13,465 | GPU is available: Device #0, Free: 10.98 GB / 12.00 GB
[INFO] 2025-04-01 21:01:13,641 | GPU is available: Device #0, Free: 10.98 GB / 12.00 GB
[INFO] 2025-04-01 21:01:13,765 | GPU is available: Device #0, Free: 10.98 GB / 12.00 GB
[INFO] 2025-04-01 21:01:16,091 | ALCX-USDT: Updated 450/450 rows in 2.95s
[INFO] 2025-04-01 21:01:16,103 | ALPHA-USDT: Updated 450/450 rows in 2.96s
[INFO] 2025-04-01 21:01:16,288 | ALGO-USDT: Updated 450/450 rows in 3.15s
[INFO] 2025-04-01 21:01:16,289 | Computing features for ARB-USDT
[INFO] 2025-04-01 21:01:16,363 | Computing features for ARG-USDT
[INFO] 2025-04-01 21:01:16,406 | GPU is available: Device #0, Free: 10.98 GB / 12.00 GB
[INFO] 2025-04-01 21:01:16,411 | API3-USDT: Updated 450/450 rows in 3.27s
[INFO] 2025-04-01 21:01:16,423 | GPU is available: Device #0, Free: 10.98 GB / 12.00 GB
[INFO] 2025-04-01 21:01:16,443 | Computing features for ARKM-USDT
[INFO] 2025-04-01 21:01:16,540 | Computing features for ARTY-USDT
[INFO] 2025-04-01 21:01:16,545 | GPU is available: Device #0, Free: 10.98 GB / 12.00 GB
[INFO] 2025-04-01 21:01:16,546 | GPU is available: Device #0, Free: 10.98 GB / 12.00 GB
[INFO] 2025-04-01 21:01:16,716 | ANIME-USDT: Updated 450/450 rows in 3.58s
[INFO] 2025-04-01 21:01:16,767 | APE-USDT: Updated 450/450 rows in 3.63s
[INFO] 2025-04-01 21:01:16,852 | AR-USDT: Updated 450/450 rows in 3.71s
[INFO] 2025-04-01 21:01:16,852 | APT-USDT: Updated 450/450 rows in 3.71s
[INFO] 2025-04-01 21:01:18,310 | ARB-USDT: Updated 450/450 rows in 2.02s
[INFO] 2025-04-01 21:01:18,312 | ARG-USDT: Updated 450/450 rows in 1.95s
[INFO] 2025-04-01 21:01:18,459 | ARKM-USDT: Updated 450/450 rows in 2.02s
[INFO] 2025-04-01 21:01:18,524 | ARTY-USDT: Updated 450/450 rows in 1.98s
[INFO] 2025-04-01 21:01:18,637 | Processing batch 3/27 with 12 pairs
[INFO] 2025-04-01 21:01:18,638 | Computing features for ASTR-USDT
[INFO] 2025-04-01 21:01:18,638 | Computing features for ATH-USDT
[INFO] 2025-04-01 21:01:18,638 | Computing features for ATOM-USDT
[INFO] 2025-04-01 21:01:18,639 | Computing features for AUCTION-USDT
[INFO] 2025-04-01 21:01:18,639 | GPU is available: Device #0, Free: 10.98 GB / 12.00 GB
[INFO] 2025-04-01 21:01:18,640 | Computing features for AVAX-USDT
[INFO] 2025-04-01 21:01:18,640 | Computing features for AXS-USDT
[INFO] 2025-04-01 21:01:18,640 | GPU is available: Device #0, Free: 10.98 GB / 12.00 GB
[INFO] 2025-04-01 21:01:18,641 | Computing features for BABYDOGE-USDT
[INFO] 2025-04-01 21:01:18,642 | Computing features for BADGER-USDT
[INFO] 2025-04-01 21:01:18,642 | GPU is available: Device #0, Free: 10.98 GB / 12.00 GB
[INFO] 2025-04-01 21:01:18,737 | GPU is available: Device #0, Free: 10.98 GB / 12.00 GB
[INFO] 2025-04-01 21:01:18,913 | GPU is available: Device #0, Free: 10.98 GB / 12.00 GB
[INFO] 2025-04-01 21:01:18,962 | GPU is available: Device #0, Free: 10.98 GB / 12.00 GB
[INFO] 2025-04-01 21:01:19,105 | GPU is available: Device #0, Free: 10.98 GB / 12.00 GB
[INFO] 2025-04-01 21:01:19,190 | GPU is available: Device #0, Free: 10.98 GB / 12.00 GB
[INFO] 2025-04-01 21:01:21,535 | ATH-USDT: Updated 450/450 rows in 2.90s
[INFO] 2025-04-01 21:01:21,535 | ATOM-USDT: Updated 450/450 rows in 2.90s
[INFO] 2025-04-01 21:01:21,668 | Progress: 25/306 pairs processed (1.13 pairs/sec, ~248s remaining)
[INFO] 2025-04-01 21:01:21,668 | ASTR-USDT: Updated 450/450 rows in 3.03s
[INFO] 2025-04-01 21:01:21,669 | Computing features for BAL-USDT
[INFO] 2025-04-01 21:01:21,669 | Computing features for BANANA-USDT
[INFO] 2025-04-01 21:01:21,836 | GPU is available: Device #0, Free: 10.98 GB / 12.00 GB
[INFO] 2025-04-01 21:01:21,836 | GPU is available: Device #0, Free: 10.98 GB / 12.00 GB
[INFO] 2025-04-01 21:01:21,839 | AUCTION-USDT: Updated 450/450 rows in 3.20s
[INFO] 2025-04-01 21:01:21,840 | Computing features for BAND-USDT
[INFO] 2025-04-01 21:01:21,902 | GPU is available: Device #0, Free: 10.98 GB / 12.00 GB
[INFO] 2025-04-01 21:01:21,905 | Computing features for BAT-USDT
[INFO] 2025-04-01 21:01:21,906 | GPU is available: Device #0, Free: 10.98 GB / 12.00 GB
[INFO] 2025-04-01 21:01:22,052 | AVAX-USDT: Updated 450/450 rows in 3.41s
[INFO] 2025-04-01 21:01:22,076 | AXS-USDT: Updated 450/450 rows in 3.44s
[INFO] 2025-04-01 21:01:22,086 | BADGER-USDT: Updated 450/450 rows in 3.44s
[INFO] 2025-04-01 21:01:22,087 | BABYDOGE-USDT: Updated 450/450 rows in 3.45s
[INFO] 2025-04-01 21:01:23,519 | BANANA-USDT: Updated 450/450 rows in 1.85s
[INFO] 2025-04-01 21:01:23,670 | BAL-USDT: Updated 450/450 rows in 2.00s
[INFO] 2025-04-01 21:01:23,747 | BAND-USDT: Updated 450/450 rows in 1.91s
[INFO] 2025-04-01 21:01:23,747 | BAT-USDT: Updated 450/450 rows in 1.84s
[INFO] 2025-04-01 21:01:23,952 | Processing batch 4/27 with 12 pairs
[INFO] 2025-04-01 21:01:23,952 | Computing features for BCH-USDT
[INFO] 2025-04-01 21:01:23,953 | Computing features for BERA-USDT
[INFO] 2025-04-01 21:01:23,953 | Computing features for BICO-USDT
[INFO] 2025-04-01 21:01:23,953 | Computing features for BIGTIME-USDT
[INFO] 2025-04-01 21:01:23,954 | Computing features for BIO-USDT
[INFO] 2025-04-01 21:01:23,954 | Computing features for BLUR-USDT
[INFO] 2025-04-01 21:01:23,955 | GPU is available: Device #0, Free: 10.98 GB / 12.00 GB
[INFO] 2025-04-01 21:01:23,955 | GPU is available: Device #0, Free: 10.98 GB / 12.00 GB
[INFO] 2025-04-01 21:01:23,955 | GPU is available: Device #0, Free: 10.98 GB / 12.00 GB
[INFO] 2025-04-01 21:01:23,955 | Computing features for BNB-USDT
[INFO] 2025-04-01 21:01:23,956 | Computing features for BNT-USDT
[INFO] 2025-04-01 21:01:24,130 | GPU is available: Device #0, Free: 10.98 GB / 12.00 GB
[INFO] 2025-04-01 21:01:24,232 | GPU is available: Device #0, Free: 10.98 GB / 12.00 GB
[INFO] 2025-04-01 21:01:24,233 | GPU is available: Device #0, Free: 10.98 GB / 12.00 GB
[INFO] 2025-04-01 21:01:24,431 | GPU is available: Device #0, Free: 10.98 GB / 12.00 GB
[INFO] 2025-04-01 21:01:24,545 | GPU is available: Device #0, Free: 10.98 GB / 12.00 GB
[INFO] 2025-04-01 21:01:26,798 | BERA-USDT: Updated 450/450 rows in 2.85s
[INFO] 2025-04-01 21:01:26,809 | BICO-USDT: Updated 450/450 rows in 2.86s
[INFO] 2025-04-01 21:01:27,045 | Computing features for BOME-USDT
[INFO] 2025-04-01 21:01:27,046 | BCH-USDT: Updated 450/450 rows in 3.09s
[INFO] 2025-04-01 21:01:27,047 | Computing features for BONE-USDT
[INFO] 2025-04-01 21:01:27,138 | GPU is available: Device #0, Free: 10.98 GB / 12.00 GB
[INFO] 2025-04-01 21:01:27,158 | BIGTIME-USDT: Updated 450/450 rows in 3.20s
[INFO] 2025-04-01 21:01:27,158 | Computing features for BONK-USDT
[INFO] 2025-04-01 21:01:27,232 | GPU is available: Device #0, Free: 10.98 GB / 12.00 GB
[INFO] 2025-04-01 21:01:27,271 | BLUR-USDT: Updated 450/450 rows in 3.32s
[INFO] 2025-04-01 21:01:27,277 | GPU is available: Device #0, Free: 10.98 GB / 12.00 GB
[INFO] 2025-04-01 21:01:27,287 | BIO-USDT: Updated 450/450 rows in 3.33s
[INFO] 2025-04-01 21:01:27,465 | Computing features for BORA-USDT
[INFO] 2025-04-01 21:01:27,573 | BNB-USDT: Updated 450/450 rows in 3.62s
[INFO] 2025-04-01 21:01:27,638 | GPU is available: Device #0, Free: 10.98 GB / 12.00 GB
[INFO] 2025-04-01 21:01:27,638 | BNT-USDT: Updated 450/450 rows in 3.68s
[INFO] 2025-04-01 21:01:29,007 | BOME-USDT: Updated 450/450 rows in 1.96s
[INFO] 2025-04-01 21:01:29,117 | BONK-USDT: Updated 450/450 rows in 1.96s
[INFO] 2025-04-01 21:01:29,118 | BONE-USDT: Updated 450/450 rows in 2.07s
[INFO] 2025-04-01 21:01:29,270 | BORA-USDT: Updated 450/450 rows in 1.81s
[INFO] 2025-04-01 21:01:29,436 | Processing batch 5/27 with 12 pairs
[INFO] 2025-04-01 21:01:29,437 | Computing features for BSV-USDT
[INFO] 2025-04-01 21:01:29,437 | Computing features for BTT-USDT
[INFO] 2025-04-01 21:01:29,437 | Computing features for CAT-USDT
[INFO] 2025-04-01 21:01:29,437 | Computing features for CATI-USDT
[INFO] 2025-04-01 21:01:29,438 | Computing features for CELO-USDT
[INFO] 2025-04-01 21:01:29,438 | Computing features for CELR-USDT
[INFO] 2025-04-01 21:01:29,439 | GPU is available: Device #0, Free: 10.98 GB / 12.00 GB
[INFO] 2025-04-01 21:01:29,439 | Computing features for CETUS-USDT
[INFO] 2025-04-01 21:01:29,440 | GPU is available: Device #0, Free: 10.98 GB / 12.00 GB
[INFO] 2025-04-01 21:01:29,440 | Computing features for CFG-USDT
[INFO] 2025-04-01 21:01:29,441 | GPU is available: Device #0, Free: 10.98 GB / 12.00 GB
[INFO] 2025-04-01 21:01:29,645 | GPU is available: Device #0, Free: 10.98 GB / 12.00 GB
[INFO] 2025-04-01 21:01:29,651 | GPU is available: Device #0, Free: 10.98 GB / 12.00 GB
[INFO] 2025-04-01 21:01:29,798 | GPU is available: Device #0, Free: 10.98 GB / 12.00 GB
[INFO] 2025-04-01 21:01:30,047 | GPU is available: Device #0, Free: 10.98 GB / 12.00 GB
[INFO] 2025-04-01 21:01:30,057 | GPU is available: Device #0, Free: 10.98 GB / 12.00 GB
[INFO] 2025-04-01 21:01:32,119 | CAT-USDT: Updated 450/450 rows in 2.68s
[INFO] 2025-04-01 21:01:32,274 | Computing features for CFX-USDT
[INFO] 2025-04-01 21:01:32,327 | GPU is available: Device #0, Free: 10.98 GB / 12.00 GB
[INFO] 2025-04-01 21:01:32,514 | BSV-USDT: Updated 450/450 rows in 3.08s
[INFO] 2025-04-01 21:01:32,517 | BTT-USDT: Updated 450/450 rows in 3.08s
[INFO] 2025-04-01 21:01:32,699 | CATI-USDT: Updated 450/450 rows in 3.26s
[INFO] 2025-04-01 21:01:32,699 | Progress: 50/306 pairs processed (1.51 pairs/sec, ~170s remaining)
[INFO] 2025-04-01 21:01:32,808 | Computing features for CHZ-USDT
[INFO] 2025-04-01 21:01:32,835 | Computing features for CITY-USDT
[INFO] 2025-04-01 21:01:32,909 | GPU is available: Device #0, Free: 10.98 GB / 12.00 GB
[INFO] 2025-04-01 21:01:32,910 | Computing features for CLV-USDT
[INFO] 2025-04-01 21:01:32,916 | GPU is available: Device #0, Free: 10.98 GB / 12.00 GB
[INFO] 2025-04-01 21:01:32,946 | GPU is available: Device #0, Free: 10.98 GB / 12.00 GB
[INFO] 2025-04-01 21:01:32,960 | CELO-USDT: Updated 450/450 rows in 3.52s
[INFO] 2025-04-01 21:01:33,201 | CELR-USDT: Updated 450/450 rows in 3.76s
[INFO] 2025-04-01 21:01:33,283 | CETUS-USDT: Updated 450/450 rows in 3.84s
[INFO] 2025-04-01 21:01:33,285 | CFG-USDT: Updated 450/450 rows in 3.84s
[INFO] 2025-04-01 21:01:34,223 | CFX-USDT: Updated 450/450 rows in 1.95s
[INFO] 2025-04-01 21:01:34,521 | CLV-USDT: Updated 450/450 rows in 1.61s
[INFO] 2025-04-01 21:01:34,521 | CITY-USDT: Updated 450/450 rows in 1.69s
[INFO] 2025-04-01 21:01:34,679 | CHZ-USDT: Updated 450/450 rows in 1.87s
[INFO] 2025-04-01 21:01:34,802 | Processing batch 6/27 with 12 pairs
[INFO] 2025-04-01 21:01:34,803 | Computing features for COMP-USDT
[INFO] 2025-04-01 21:01:34,803 | Computing features for CORE-USDT
[INFO] 2025-04-01 21:01:34,804 | Computing features for CRO-USDT
[INFO] 2025-04-01 21:01:34,804 | Computing features for CRV-USDT
[INFO] 2025-04-01 21:01:34,805 | GPU is available: Device #0, Free: 10.98 GB / 12.00 GB
[INFO] 2025-04-01 21:01:34,805 | Computing features for CSPR-USDT
[INFO] 2025-04-01 21:01:34,805 | GPU is available: Device #0, Free: 10.98 GB / 12.00 GB
[INFO] 2025-04-01 21:01:34,806 | Computing features for CTC-USDT
[INFO] 2025-04-01 21:01:34,806 | GPU is available: Device #0, Free: 10.98 GB / 12.00 GB
[INFO] 2025-04-01 21:01:34,806 | Computing features for CTXC-USDT
[INFO] 2025-04-01 21:01:34,806 | Computing features for CVC-USDT
[INFO] 2025-04-01 21:01:35,065 | GPU is available: Device #0, Free: 10.98 GB / 12.00 GB
[INFO] 2025-04-01 21:01:35,067 | GPU is available: Device #0, Free: 10.98 GB / 12.00 GB
[INFO] 2025-04-01 21:01:35,088 | GPU is available: Device #0, Free: 10.98 GB / 12.00 GB
[INFO] 2025-04-01 21:01:35,282 | GPU is available: Device #0, Free: 10.98 GB / 12.00 GB
[INFO] 2025-04-01 21:01:35,395 | GPU is available: Device #0, Free: 10.98 GB / 12.00 GB
[INFO] 2025-04-01 21:01:37,619 | COMP-USDT: Updated 450/450 rows in 2.82s
[INFO] 2025-04-01 21:01:37,731 | CORE-USDT: Updated 450/450 rows in 2.93s
[INFO] 2025-04-01 21:01:37,735 | CRO-USDT: Updated 450/450 rows in 2.93s
[INFO] 2025-04-01 21:01:37,794 | Computing features for CVX-USDT
[INFO] 2025-04-01 21:01:37,915 | CRV-USDT: Updated 450/450 rows in 3.11s
[INFO] 2025-04-01 21:01:37,917 | GPU is available: Device #0, Free: 10.98 GB / 12.00 GB
[INFO] 2025-04-01 21:01:37,918 | Computing features for CXT-USDT
[INFO] 2025-04-01 21:01:38,003 | Computing features for DAI-USDT
[INFO] 2025-04-01 21:01:38,058 | GPU is available: Device #0, Free: 10.98 GB / 12.00 GB
[INFO] 2025-04-01 21:01:38,061 | CTC-USDT: Updated 450/450 rows in 3.26s
[INFO] 2025-04-01 21:01:38,061 | Computing features for DAO-USDT
[INFO] 2025-04-01 21:01:38,127 | GPU is available: Device #0, Free: 10.98 GB / 12.00 GB
[INFO] 2025-04-01 21:01:38,128 | GPU is available: Device #0, Free: 10.98 GB / 12.00 GB
[INFO] 2025-04-01 21:01:38,330 | CVC-USDT: Updated 450/450 rows in 3.52s
[INFO] 2025-04-01 21:01:38,359 | CSPR-USDT: Updated 450/450 rows in 3.55s
[INFO] 2025-04-01 21:01:38,546 | CTXC-USDT: Updated 450/450 rows in 3.74s
[INFO] 2025-04-01 21:01:39,736 | CVX-USDT: Updated 450/450 rows in 1.94s
[INFO] 2025-04-01 21:01:39,814 | DAI-USDT: Updated 450/450 rows in 1.81s
[INFO] 2025-04-01 21:01:39,902 | CXT-USDT: Updated 450/450 rows in 1.98s
[INFO] 2025-04-01 21:01:39,978 | DAO-USDT: Updated 450/450 rows in 1.92s
[INFO] 2025-04-01 21:01:40,110 | Processing batch 7/27 with 12 pairs
[INFO] 2025-04-01 21:01:40,111 | Computing features for DEGEN-USDT
[INFO] 2025-04-01 21:01:40,111 | Computing features for DEP-USDT
[INFO] 2025-04-01 21:01:40,112 | Computing features for DGB-USDT
[INFO] 2025-04-01 21:01:40,112 | Computing features for DIA-USDT
[INFO] 2025-04-01 21:01:40,112 | Computing features for DOGE-USDT
[INFO] 2025-04-01 21:01:40,113 | Computing features for DOGS-USDT
[INFO] 2025-04-01 21:01:40,113 | GPU is available: Device #0, Free: 10.98 GB / 12.00 GB
[INFO] 2025-04-01 21:01:40,113 | Computing features for DORA-USDT
[INFO] 2025-04-01 21:01:40,114 | GPU is available: Device #0, Free: 10.98 GB / 12.00 GB
[INFO] 2025-04-01 21:01:40,114 | Computing features for DOT-USDT
[INFO] 2025-04-01 21:01:40,114 | GPU is available: Device #0, Free: 10.98 GB / 12.00 GB
[INFO] 2025-04-01 21:01:40,347 | GPU is available: Device #0, Free: 10.98 GB / 12.00 GB
[INFO] 2025-04-01 21:01:40,362 | GPU is available: Device #0, Free: 10.98 GB / 12.00 GB
[INFO] 2025-04-01 21:01:40,369 | GPU is available: Device #0, Free: 10.98 GB / 12.00 GB
[INFO] 2025-04-01 21:01:40,472 | GPU is available: Device #0, Free: 10.98 GB / 12.00 GB
[INFO] 2025-04-01 21:01:40,767 | GPU is available: Device #0, Free: 10.98 GB / 12.00 GB
[INFO] 2025-04-01 21:01:42,809 | DEGEN-USDT: Updated 450/450 rows in 2.70s
[INFO] 2025-04-01 21:01:42,956 | Computing features for DUCK-USDT
[INFO] 2025-04-01 21:01:42,992 | DEP-USDT: Updated 450/450 rows in 2.88s
[INFO] 2025-04-01 21:01:42,993 | GPU is available: Device #0, Free: 10.98 GB / 12.00 GB
[INFO] 2025-04-01 21:01:42,994 | DGB-USDT: Updated 450/450 rows in 2.88s
[INFO] 2025-04-01 21:01:43,164 | DIA-USDT: Updated 450/450 rows in 3.05s
[INFO] 2025-04-01 21:01:43,165 | Computing features for DYDX-USDT
[INFO] 2025-04-01 21:01:43,165 | Progress: 75/306 pairs processed (1.72 pairs/sec, ~134s remaining)
[INFO] 2025-04-01 21:01:43,223 | Computing features for EGLD-USDT
[INFO] 2025-04-01 21:01:43,274 | GPU is available: Device #0, Free: 10.98 GB / 12.00 GB
[INFO] 2025-04-01 21:01:43,358 | GPU is available: Device #0, Free: 10.98 GB / 12.00 GB
[INFO] 2025-04-01 21:01:43,359 | DOGE-USDT: Updated 450/450 rows in 3.25s
[INFO] 2025-04-01 21:01:43,359 | Computing features for EIGEN-USDT
[INFO] 2025-04-01 21:01:43,456 | GPU is available: Device #0, Free: 10.98 GB / 12.00 GB
[INFO] 2025-04-01 21:01:43,470 | DOGS-USDT: Updated 450/450 rows in 3.36s
[INFO] 2025-04-01 21:01:43,715 | DORA-USDT: Updated 450/450 rows in 3.60s
[INFO] 2025-04-01 21:01:43,724 | DOT-USDT: Updated 450/450 rows in 3.61s
[INFO] 2025-04-01 21:01:44,841 | DUCK-USDT: Updated 450/450 rows in 1.89s
[INFO] 2025-04-01 21:01:44,990 | EGLD-USDT: Updated 450/450 rows in 1.77s
[INFO] 2025-04-01 21:01:45,040 | DYDX-USDT: Updated 450/450 rows in 1.88s
[INFO] 2025-04-01 21:01:45,106 | EIGEN-USDT: Updated 450/450 rows in 1.75s
[INFO] 2025-04-01 21:01:45,210 | Processing batch 8/27 with 12 pairs
[INFO] 2025-04-01 21:01:45,210 | Computing features for ELF-USDT
[INFO] 2025-04-01 21:01:45,210 | Computing features for ELON-USDT
[INFO] 2025-04-01 21:01:45,211 | Computing features for ENJ-USDT
[INFO] 2025-04-01 21:01:45,211 | Computing features for ENS-USDT
[INFO] 2025-04-01 21:01:45,212 | Computing features for EOS-USDT
[INFO] 2025-04-01 21:01:45,212 | Computing features for ERN-USDT
[INFO] 2025-04-01 21:01:45,213 | Computing features for ETC-USDT
[INFO] 2025-04-01 21:01:45,213 | Computing features for FET-USDT
[INFO] 2025-04-01 21:01:45,214 | GPU is available: Device #0, Free: 10.98 GB / 12.00 GB
[INFO] 2025-04-01 21:01:45,214 | GPU is available: Device #0, Free: 10.98 GB / 12.00 GB
[INFO] 2025-04-01 21:01:45,214 | GPU is available: Device #0, Free: 10.98 GB / 12.00 GB
[INFO] 2025-04-01 21:01:45,297 | GPU is available: Device #0, Free: 10.98 GB / 12.00 GB
[INFO] 2025-04-01 21:01:45,478 | GPU is available: Device #0, Free: 10.98 GB / 12.00 GB
[INFO] 2025-04-01 21:01:45,513 | GPU is available: Device #0, Free: 10.98 GB / 12.00 GB
[INFO] 2025-04-01 21:01:45,645 | GPU is available: Device #0, Free: 10.98 GB / 12.00 GB
[INFO] 2025-04-01 21:01:45,738 | GPU is available: Device #0, Free: 10.98 GB / 12.00 GB
[INFO] 2025-04-01 21:01:48,085 | ELON-USDT: Updated 450/450 rows in 2.88s
[INFO] 2025-04-01 21:01:48,095 | ELF-USDT: Updated 450/450 rows in 2.89s
[INFO] 2025-04-01 21:01:48,100 | ENJ-USDT: Updated 450/450 rows in 2.89s
[INFO] 2025-04-01 21:01:48,330 | ENS-USDT: Updated 450/450 rows in 3.12s
[INFO] 2025-04-01 21:01:48,332 | EOS-USDT: Updated 450/450 rows in 3.12s
[INFO] 2025-04-01 21:01:48,333 | Computing features for FIL-USDT
[INFO] 2025-04-01 21:01:48,402 | Computing features for FLM-USDT
[INFO] 2025-04-01 21:01:48,492 | Computing features for FLOKI-USDT
[INFO] 2025-04-01 21:01:48,495 | GPU is available: Device #0, Free: 10.98 GB / 12.00 GB
[INFO] 2025-04-01 21:01:48,496 | Computing features for FLOW-USDT
[INFO] 2025-04-01 21:01:48,496 | GPU is available: Device #0, Free: 10.98 GB / 12.00 GB
[INFO] 2025-04-01 21:01:48,497 | GPU is available: Device #0, Free: 10.98 GB / 12.00 GB
[INFO] 2025-04-01 21:01:48,498 | GPU is available: Device #0, Free: 10.98 GB / 12.00 GB
[INFO] 2025-04-01 21:01:48,596 | ERN-USDT: Updated 450/450 rows in 3.38s
[INFO] 2025-04-01 21:01:48,673 | ETC-USDT: Updated 450/450 rows in 3.46s
[INFO] 2025-04-01 21:01:48,977 | FET-USDT: Updated 450/450 rows in 3.76s
[INFO] 2025-04-01 21:01:50,132 | FIL-USDT: Updated 450/450 rows in 1.80s
[INFO] 2025-04-01 21:01:50,204 | FLOW-USDT: Updated 450/450 rows in 1.71s
[INFO] 2025-04-01 21:01:50,283 | FLOKI-USDT: Updated 450/450 rows in 1.79s
[INFO] 2025-04-01 21:01:50,283 | FLM-USDT: Updated 450/450 rows in 1.88s
[INFO] 2025-04-01 21:01:50,467 | Processing batch 9/27 with 12 pairs
[INFO] 2025-04-01 21:01:50,467 | Computing features for FLR-USDT
[INFO] 2025-04-01 21:01:50,467 | Computing features for FLUID-USDT
[INFO] 2025-04-01 21:01:50,468 | Computing features for FORTH-USDT
[INFO] 2025-04-01 21:01:50,469 | Computing features for FOXY-USDT
[INFO] 2025-04-01 21:01:50,469 | Computing features for FXS-USDT
[INFO] 2025-04-01 21:01:50,470 | Computing features for GALA-USDT
[INFO] 2025-04-01 21:01:50,469 | GPU is available: Device #0, Free: 10.98 GB / 12.00 GB
[INFO] 2025-04-01 21:01:50,470 | GPU is available: Device #0, Free: 10.98 GB / 12.00 GB
[INFO] 2025-04-01 21:01:50,470 | Computing features for G-USDT
[INFO] 2025-04-01 21:01:50,469 | GPU is available: Device #0, Free: 10.98 GB / 12.00 GB
[INFO] 2025-04-01 21:01:50,470 | Computing features for GALFT-USDT
[INFO] 2025-04-01 21:01:50,552 | GPU is available: Device #0, Free: 10.98 GB / 12.00 GB
[INFO] 2025-04-01 21:01:50,719 | GPU is available: Device #0, Free: 10.98 GB / 12.00 GB
[INFO] 2025-04-01 21:01:50,894 | GPU is available: Device #0, Free: 10.98 GB / 12.00 GB
[INFO] 2025-04-01 21:01:50,929 | GPU is available: Device #0, Free: 10.98 GB / 12.00 GB
[INFO] 2025-04-01 21:01:51,061 | GPU is available: Device #0, Free: 10.98 GB / 12.00 GB
[INFO] 2025-04-01 21:01:52,492 | FLUID-USDT: Updated 130/130 rows in 2.02s
[INFO] 2025-04-01 21:01:52,657 | Computing features for GAS-USDT
[INFO] 2025-04-01 21:01:52,673 | GPU is available: Device #0, Free: 10.98 GB / 12.00 GB
[INFO] 2025-04-01 21:01:53,306 | FORTH-USDT: Updated 450/450 rows in 2.84s
[INFO] 2025-04-01 21:01:53,398 | Computing features for GEAR-USDT
[INFO] 2025-04-01 21:01:53,434 | GPU is available: Device #0, Free: 10.98 GB / 12.00 GB
[INFO] 2025-04-01 21:01:53,503 | FLR-USDT: Updated 450/450 rows in 3.04s
[INFO] 2025-04-01 21:01:53,752 | Computing features for GHST-USDT
[INFO] 2025-04-01 21:01:53,774 | FOXY-USDT: Updated 450/450 rows in 3.31s
[INFO] 2025-04-01 21:01:53,779 | GPU is available: Device #0, Free: 10.98 GB / 12.00 GB
[INFO] 2025-04-01 21:01:53,909 | FXS-USDT: Updated 450/450 rows in 3.44s
[INFO] 2025-04-01 21:01:53,915 | Progress: 100/306 pairs processed (1.84 pairs/sec, ~112s remaining)
[INFO] 2025-04-01 21:01:54,155 | Computing features for GLM-USDT
[INFO] 2025-04-01 21:01:54,256 | G-USDT: Updated 450/450 rows in 3.79s
[INFO] 2025-04-01 21:01:54,261 | GPU is available: Device #0, Free: 10.98 GB / 12.00 GB
[INFO] 2025-04-01 21:01:54,385 | GALFT-USDT: Updated 450/450 rows in 3.91s
[INFO] 2025-04-01 21:01:54,607 | GALA-USDT: Updated 450/450 rows in 4.14s
[INFO] 2025-04-01 21:01:54,919 | GAS-USDT: Updated 450/450 rows in 2.26s
[INFO] 2025-04-01 21:01:55,294 | GEAR-USDT: Updated 450/450 rows in 1.90s
[INFO] 2025-04-01 21:01:55,351 | GHST-USDT: Updated 450/450 rows in 1.60s
[INFO] 2025-04-01 21:01:55,415 | GLM-USDT: Updated 450/450 rows in 1.26s
[INFO] 2025-04-01 21:01:55,518 | Processing batch 10/27 with 12 pairs
[INFO] 2025-04-01 21:01:55,519 | Computing features for GLMR-USDT
[INFO] 2025-04-01 21:01:55,519 | Computing features for GMT-USDT
[INFO] 2025-04-01 21:01:55,519 | Computing features for GMX-USDT
[INFO] 2025-04-01 21:01:55,520 | Computing features for GOAT-USDT
[INFO] 2025-04-01 21:01:55,520 | GPU is available: Device #0, Free: 10.98 GB / 12.00 GB
[INFO] 2025-04-01 21:01:55,521 | Computing features for GODS-USDT
[INFO] 2025-04-01 21:01:55,521 | GPU is available: Device #0, Free: 10.98 GB / 12.00 GB
[INFO] 2025-04-01 21:01:55,521 | Computing features for GOG-USDT
[INFO] 2025-04-01 21:01:55,522 | Computing features for GRT-USDT
[INFO] 2025-04-01 21:01:55,522 | Computing features for HBAR-USDT
[INFO] 2025-04-01 21:01:55,522 | GPU is available: Device #0, Free: 10.98 GB / 12.00 GB
[INFO] 2025-04-01 21:01:55,718 | GPU is available: Device #0, Free: 10.98 GB / 12.00 GB
[INFO] 2025-04-01 21:01:55,730 | GPU is available: Device #0, Free: 10.98 GB / 12.00 GB
[INFO] 2025-04-01 21:01:55,820 | GPU is available: Device #0, Free: 10.98 GB / 12.00 GB
[INFO] 2025-04-01 21:01:56,022 | GPU is available: Device #0, Free: 10.98 GB / 12.00 GB
[INFO] 2025-04-01 21:01:56,065 | GPU is available: Device #0, Free: 10.98 GB / 12.00 GB
[INFO] 2025-04-01 21:01:58,202 | GMX-USDT: Updated 450/450 rows in 2.68s
[INFO] 2025-04-01 21:01:58,296 | GMT-USDT: Updated 450/450 rows in 2.78s
[INFO] 2025-04-01 21:01:58,297 | GLMR-USDT: Updated 450/450 rows in 2.78s
[INFO] 2025-04-01 21:01:58,460 | Computing features for HMSTR-USDT
[INFO] 2025-04-01 21:01:58,464 | GOAT-USDT: Updated 450/450 rows in 2.94s
[INFO] 2025-04-01 21:01:58,517 | Computing features for ICE-USDT
[INFO] 2025-04-01 21:01:58,518 | GPU is available: Device #0, Free: 10.98 GB / 12.00 GB
[INFO] 2025-04-01 21:01:58,572 | Computing features for ICP-USDT
[INFO] 2025-04-01 21:01:58,575 | GPU is available: Device #0, Free: 10.98 GB / 12.00 GB
[INFO] 2025-04-01 21:01:58,576 | Computing features for ICX-USDT
[INFO] 2025-04-01 21:01:58,577 | GPU is available: Device #0, Free: 10.98 GB / 12.00 GB
[INFO] 2025-04-01 21:01:58,578 | GPU is available: Device #0, Free: 10.98 GB / 12.00 GB
[INFO] 2025-04-01 21:01:58,730 | GODS-USDT: Updated 450/450 rows in 3.21s
[INFO] 2025-04-01 21:01:58,836 | HBAR-USDT: Updated 450/450 rows in 3.31s
[INFO] 2025-04-01 21:01:58,861 | GOG-USDT: Updated 450/450 rows in 3.34s
[INFO] 2025-04-01 21:01:58,869 | GRT-USDT: Updated 450/450 rows in 3.35s
[INFO] 2025-04-01 21:02:00,163 | ICE-USDT: Updated 450/450 rows in 1.65s
[INFO] 2025-04-01 21:02:00,241 | HMSTR-USDT: Updated 450/450 rows in 1.78s
[INFO] 2025-04-01 21:02:00,241 | ICP-USDT: Updated 450/450 rows in 1.67s
[INFO] 2025-04-01 21:02:00,348 | ICX-USDT: Updated 450/450 rows in 1.77s
[INFO] 2025-04-01 21:02:00,445 | Processing batch 11/27 with 12 pairs
[INFO] 2025-04-01 21:02:00,445 | Computing features for ID-USDT
[INFO] 2025-04-01 21:02:00,445 | Computing features for ILV-USDT
[INFO] 2025-04-01 21:02:00,446 | Computing features for IMX-USDT
[INFO] 2025-04-01 21:02:00,446 | Computing features for INJ-USDT
[INFO] 2025-04-01 21:02:00,447 | GPU is available: Device #0, Free: 10.98 GB / 12.00 GB
[INFO] 2025-04-01 21:02:00,447 | Computing features for IOST-USDT
[INFO] 2025-04-01 21:02:00,447 | GPU is available: Device #0, Free: 10.98 GB / 12.00 GB
[INFO] 2025-04-01 21:02:00,447 | Computing features for IOTA-USDT
[INFO] 2025-04-01 21:02:00,448 | Computing features for IP-USDT
[INFO] 2025-04-01 21:02:00,448 | GPU is available: Device #0, Free: 10.98 GB / 12.00 GB
[INFO] 2025-04-01 21:02:00,448 | Computing features for IQ-USDT
[INFO] 2025-04-01 21:02:00,607 | GPU is available: Device #0, Free: 10.98 GB / 12.00 GB
[INFO] 2025-04-01 21:02:00,699 | GPU is available: Device #0, Free: 10.98 GB / 12.00 GB
[INFO] 2025-04-01 21:02:00,710 | GPU is available: Device #0, Free: 10.98 GB / 12.00 GB
[INFO] 2025-04-01 21:02:00,801 | GPU is available: Device #0, Free: 10.98 GB / 12.00 GB
[INFO] 2025-04-01 21:02:00,972 | GPU is available: Device #0, Free: 10.98 GB / 12.00 GB
[INFO] 2025-04-01 21:02:03,162 | ID-USDT: Updated 450/450 rows in 2.72s
[INFO] 2025-04-01 21:02:03,169 | IMX-USDT: Updated 450/450 rows in 2.72s
[INFO] 2025-04-01 21:02:03,321 | ILV-USDT: Updated 450/450 rows in 2.88s
[INFO] 2025-04-01 21:02:03,322 | Computing features for J-USDT
[INFO] 2025-04-01 21:02:03,322 | Computing features for JOE-USDT
[INFO] 2025-04-01 21:02:03,453 | GPU is available: Device #0, Free: 10.98 GB / 12.00 GB
[INFO] 2025-04-01 21:02:03,453 | GPU is available: Device #0, Free: 10.98 GB / 12.00 GB
[INFO] 2025-04-01 21:02:03,454 | INJ-USDT: Updated 450/450 rows in 3.01s
[INFO] 2025-04-01 21:02:03,455 | Computing features for JST-USDT
[INFO] 2025-04-01 21:02:03,517 | GPU is available: Device #0, Free: 10.98 GB / 12.00 GB
[INFO] 2025-04-01 21:02:03,535 | Computing features for JTO-USDT
[INFO] 2025-04-01 21:02:03,539 | GPU is available: Device #0, Free: 10.98 GB / 12.00 GB
[INFO] 2025-04-01 21:02:03,698 | IP-USDT: Updated 450/450 rows in 3.25s
[INFO] 2025-04-01 21:02:03,698 | IOTA-USDT: Updated 450/450 rows in 3.25s
[INFO] 2025-04-01 21:02:03,744 | IQ-USDT: Updated 450/450 rows in 3.30s
[INFO] 2025-04-01 21:02:03,744 | IOST-USDT: Updated 450/450 rows in 3.30s
[INFO] 2025-04-01 21:02:04,137 | Progress: 125/306 pairs processed (1.94 pairs/sec, ~93s remaining)
[INFO] 2025-04-01 21:02:05,079 | J-USDT: Updated 450/450 rows in 1.76s
[INFO] 2025-04-01 21:02:05,172 | JST-USDT: Updated 450/450 rows in 1.72s
[INFO] 2025-04-01 21:02:05,233 | JTO-USDT: Updated 450/450 rows in 1.70s
[INFO] 2025-04-01 21:02:05,287 | JOE-USDT: Updated 450/450 rows in 1.96s
[INFO] 2025-04-01 21:02:05,402 | Processing batch 12/27 with 12 pairs
[INFO] 2025-04-01 21:02:05,402 | Computing features for JUP-USDT
[INFO] 2025-04-01 21:02:05,403 | Computing features for KAIA-USDT
[INFO] 2025-04-01 21:02:05,403 | Computing features for KAITO-USDT
[INFO] 2025-04-01 21:02:05,404 | Computing features for KDA-USDT
[INFO] 2025-04-01 21:02:05,404 | Computing features for KISHU-USDT
[INFO] 2025-04-01 21:02:05,404 | GPU is available: Device #0, Free: 10.98 GB / 12.00 GB
[INFO] 2025-04-01 21:02:05,405 | Computing features for KNC-USDT
[INFO] 2025-04-01 21:02:05,405 | GPU is available: Device #0, Free: 10.98 GB / 12.00 GB
[INFO] 2025-04-01 21:02:05,405 | Computing features for KSM-USDT
[INFO] 2025-04-01 21:02:05,406 | Computing features for LAT-USDT
[INFO] 2025-04-01 21:02:05,406 | GPU is available: Device #0, Free: 10.98 GB / 12.00 GB
[INFO] 2025-04-01 21:02:05,626 | GPU is available: Device #0, Free: 10.98 GB / 12.00 GB
[INFO] 2025-04-01 21:02:05,632 | GPU is available: Device #0, Free: 10.98 GB / 12.00 GB
[INFO] 2025-04-01 21:02:05,669 | GPU is available: Device #0, Free: 10.98 GB / 12.00 GB
[INFO] 2025-04-01 21:02:05,732 | GPU is available: Device #0, Free: 10.98 GB / 12.00 GB
[INFO] 2025-04-01 21:02:05,992 | GPU is available: Device #0, Free: 10.98 GB / 12.00 GB
[INFO] 2025-04-01 21:02:08,022 | JUP-USDT: Updated 450/450 rows in 2.62s
[INFO] 2025-04-01 21:02:08,135 | Computing features for LDO-USDT
[INFO] 2025-04-01 21:02:08,152 | GPU is available: Device #0, Free: 10.98 GB / 12.00 GB
[INFO] 2025-04-01 21:02:08,182 | KAITO-USDT: Updated 450/450 rows in 2.78s
[INFO] 2025-04-01 21:02:08,183 | KAIA-USDT: Updated 450/450 rows in 2.78s
[INFO] 2025-04-01 21:02:08,430 | KDA-USDT: Updated 450/450 rows in 3.03s
[INFO] 2025-04-01 21:02:08,431 | Computing features for LEO-USDT
[INFO] 2025-04-01 21:02:08,431 | Computing features for LINK-USDT
[INFO] 2025-04-01 21:02:08,536 | GPU is available: Device #0, Free: 10.98 GB / 12.00 GB
[INFO] 2025-04-01 21:02:08,539 | GPU is available: Device #0, Free: 10.98 GB / 12.00 GB
[INFO] 2025-04-01 21:02:08,550 | KSM-USDT: Updated 450/450 rows in 3.14s
[INFO] 2025-04-01 21:02:08,550 | Computing features for LOOKS-USDT
[INFO] 2025-04-01 21:02:08,621 | GPU is available: Device #0, Free: 10.98 GB / 12.00 GB
[INFO] 2025-04-01 21:02:08,640 | LAT-USDT: Updated 450/450 rows in 3.23s
[INFO] 2025-04-01 21:02:08,644 | KISHU-USDT: Updated 450/450 rows in 3.24s
[INFO] 2025-04-01 21:02:08,889 | KNC-USDT: Updated 450/450 rows in 3.48s
[INFO] 2025-04-01 21:02:10,047 | LDO-USDT: Updated 450/450 rows in 1.91s
[INFO] 2025-04-01 21:02:10,104 | LINK-USDT: Updated 450/450 rows in 1.67s
[INFO] 2025-04-01 21:02:10,181 | LEO-USDT: Updated 450/450 rows in 1.75s
[INFO] 2025-04-01 21:02:10,238 | LOOKS-USDT: Updated 450/450 rows in 1.69s
[INFO] 2025-04-01 21:02:10,326 | Processing batch 13/27 with 12 pairs
[INFO] 2025-04-01 21:02:10,326 | Computing features for LPT-USDT
[INFO] 2025-04-01 21:02:10,326 | Computing features for LQTY-USDT
[INFO] 2025-04-01 21:02:10,327 | Computing features for LRC-USDT
[INFO] 2025-04-01 21:02:10,328 | Computing features for LSK-USDT
[INFO] 2025-04-01 21:02:10,328 | GPU is available: Device #0, Free: 10.98 GB / 12.00 GB
[INFO] 2025-04-01 21:02:10,328 | Computing features for LTC-USDT
[INFO] 2025-04-01 21:02:10,329 | GPU is available: Device #0, Free: 10.98 GB / 12.00 GB
[INFO] 2025-04-01 21:02:10,329 | Computing features for LUNA-USDT
[INFO] 2025-04-01 21:02:10,329 | Computing features for LUNC-USDT
[INFO] 2025-04-01 21:02:10,329 | GPU is available: Device #0, Free: 10.98 GB / 12.00 GB
[INFO] 2025-04-01 21:02:10,330 | Computing features for MAGIC-USDT
[INFO] 2025-04-01 21:02:10,501 | GPU is available: Device #0, Free: 10.98 GB / 12.00 GB
[INFO] 2025-04-01 21:02:10,501 | GPU is available: Device #0, Free: 10.98 GB / 12.00 GB
[INFO] 2025-04-01 21:02:10,603 | GPU is available: Device #0, Free: 10.98 GB / 12.00 GB
[INFO] 2025-04-01 21:02:10,701 | GPU is available: Device #0, Free: 10.98 GB / 12.00 GB
[INFO] 2025-04-01 21:02:10,920 | GPU is available: Device #0, Free: 10.98 GB / 12.00 GB
[INFO] 2025-04-01 21:02:12,979 | LQTY-USDT: Updated 450/450 rows in 2.65s
[INFO] 2025-04-01 21:02:13,071 | LPT-USDT: Updated 450/450 rows in 2.74s
[INFO] 2025-04-01 21:02:13,170 | LRC-USDT: Updated 450/450 rows in 2.84s
[INFO] 2025-04-01 21:02:13,174 | Computing features for MAJOR-USDT
[INFO] 2025-04-01 21:02:13,229 | Computing features for MANA-USDT
[INFO] 2025-04-01 21:02:13,230 | GPU is available: Device #0, Free: 10.98 GB / 12.00 GB
[INFO] 2025-04-01 21:02:13,235 | Computing features for MASK-USDT
[INFO] 2025-04-01 21:02:13,281 | GPU is available: Device #0, Free: 10.98 GB / 12.00 GB
[INFO] 2025-04-01 21:02:13,283 | LSK-USDT: Updated 450/450 rows in 2.96s
[INFO] 2025-04-01 21:02:13,289 | GPU is available: Device #0, Free: 10.98 GB / 12.00 GB
[INFO] 2025-04-01 21:02:13,436 | LTC-USDT: Updated 450/450 rows in 3.11s
[INFO] 2025-04-01 21:02:13,535 | Computing features for MAX-USDT
[INFO] 2025-04-01 21:02:13,641 | LUNA-USDT: Updated 450/450 rows in 3.31s
[INFO] 2025-04-01 21:02:13,641 | MAGIC-USDT: Updated 450/450 rows in 3.31s
[INFO] 2025-04-01 21:02:13,657 | GPU is available: Device #0, Free: 10.98 GB / 12.00 GB
[INFO] 2025-04-01 21:02:13,815 | LUNC-USDT: Updated 450/450 rows in 3.49s
[INFO] 2025-04-01 21:02:13,848 | Progress: 150/306 pairs processed (2.02 pairs/sec, ~77s remaining)
[INFO] 2025-04-01 21:02:14,961 | MASK-USDT: Updated 450/450 rows in 1.73s
[INFO] 2025-04-01 21:02:14,962 | MAJOR-USDT: Updated 450/450 rows in 1.79s
[INFO] 2025-04-01 21:02:15,084 | MAX-USDT: Updated 450/450 rows in 1.55s
[INFO] 2025-04-01 21:02:15,140 | MANA-USDT: Updated 450/450 rows in 1.91s
[INFO] 2025-04-01 21:02:15,240 | Processing batch 14/27 with 12 pairs
[INFO] 2025-04-01 21:02:15,240 | Computing features for MDT-USDT
[INFO] 2025-04-01 21:02:15,240 | Computing features for ME-USDT
[INFO] 2025-04-01 21:02:15,241 | Computing features for MEME-USDT
[INFO] 2025-04-01 21:02:15,241 | Computing features for MEMEFI-USDT
[INFO] 2025-04-01 21:02:15,242 | Computing features for MENGO-USDT
[INFO] 2025-04-01 21:02:15,242 | GPU is available: Device #0, Free: 10.98 GB / 12.00 GB
[INFO] 2025-04-01 21:02:15,242 | Computing features for MERL-USDT
[INFO] 2025-04-01 21:02:15,243 | Computing features for METIS-USDT
[INFO] 2025-04-01 21:02:15,243 | GPU is available: Device #0, Free: 10.98 GB / 12.00 GB
[INFO] 2025-04-01 21:02:15,244 | Computing features for MEW-USDT
[INFO] 2025-04-01 21:02:15,244 | GPU is available: Device #0, Free: 10.98 GB / 12.00 GB
[INFO] 2025-04-01 21:02:15,388 | GPU is available: Device #0, Free: 10.98 GB / 12.00 GB
[INFO] 2025-04-01 21:02:15,393 | GPU is available: Device #0, Free: 10.98 GB / 12.00 GB
[INFO] 2025-04-01 21:02:15,517 | GPU is available: Device #0, Free: 10.98 GB / 12.00 GB
[INFO] 2025-04-01 21:02:15,762 | GPU is available: Device #0, Free: 10.98 GB / 12.00 GB
[INFO] 2025-04-01 21:02:15,768 | GPU is available: Device #0, Free: 10.98 GB / 12.00 GB
[INFO] 2025-04-01 21:02:17,905 | MEME-USDT: Updated 450/450 rows in 2.66s
[INFO] 2025-04-01 21:02:18,007 | ME-USDT: Updated 450/450 rows in 2.77s
[INFO] 2025-04-01 21:02:18,007 | MDT-USDT: Updated 450/450 rows in 2.77s
[INFO] 2025-04-01 21:02:18,141 | Computing features for MILO-USDT
[INFO] 2025-04-01 21:02:18,148 | MEMEFI-USDT: Updated 450/450 rows in 2.91s
[INFO] 2025-04-01 21:02:18,160 | GPU is available: Device #0, Free: 10.98 GB / 12.00 GB
[INFO] 2025-04-01 21:02:18,183 | Computing features for MINA-USDT
[INFO] 2025-04-01 21:02:18,293 | Computing features for MKR-USDT
[INFO] 2025-04-01 21:02:18,305 | GPU is available: Device #0, Free: 10.98 GB / 12.00 GB
[INFO] 2025-04-01 21:02:18,307 | Computing features for MLN-USDT
[INFO] 2025-04-01 21:02:18,308 | GPU is available: Device #0, Free: 10.98 GB / 12.00 GB
[INFO] 2025-04-01 21:02:18,308 | GPU is available: Device #0, Free: 10.98 GB / 12.00 GB
[INFO] 2025-04-01 21:02:18,421 | MENGO-USDT: Updated 450/450 rows in 3.18s
[INFO] 2025-04-01 21:02:18,547 | MERL-USDT: Updated 450/450 rows in 3.30s
[INFO] 2025-04-01 21:02:18,547 | METIS-USDT: Updated 450/450 rows in 3.30s
[INFO] 2025-04-01 21:02:18,597 | MEW-USDT: Updated 450/450 rows in 3.35s
[INFO] 2025-04-01 21:02:19,931 | MINA-USDT: Updated 450/450 rows in 1.75s
[INFO] 2025-04-01 21:02:20,030 | MLN-USDT: Updated 450/450 rows in 1.72s
[INFO] 2025-04-01 21:02:20,090 | MILO-USDT: Updated 450/450 rows in 1.95s
[INFO] 2025-04-01 21:02:20,090 | MKR-USDT: Updated 450/450 rows in 1.80s
[INFO] 2025-04-01 21:02:20,236 | Processing batch 15/27 with 12 pairs
[INFO] 2025-04-01 21:02:20,236 | Computing features for MOODENG-USDT
[INFO] 2025-04-01 21:02:20,236 | Computing features for MORPHO-USDT
[INFO] 2025-04-01 21:02:20,237 | Computing features for MOVE-USDT
[INFO] 2025-04-01 21:02:20,237 | Computing features for MOVR-USDT
[INFO] 2025-04-01 21:02:20,238 | GPU is available: Device #0, Free: 10.98 GB / 12.00 GB
[INFO] 2025-04-01 21:02:20,238 | Computing features for MXC-USDT
[INFO] 2025-04-01 21:02:20,238 | GPU is available: Device #0, Free: 10.98 GB / 12.00 GB
[INFO] 2025-04-01 21:02:20,239 | Computing features for NAVX-USDT
[INFO] 2025-04-01 21:02:20,239 | GPU is available: Device #0, Free: 10.98 GB / 12.00 GB
[INFO] 2025-04-01 21:02:20,239 | Computing features for NC-USDT
[INFO] 2025-04-01 21:02:20,240 | Computing features for NEAR-USDT
[INFO] 2025-04-01 21:02:20,451 | GPU is available: Device #0, Free: 10.98 GB / 12.00 GB
[INFO] 2025-04-01 21:02:20,468 | GPU is available: Device #0, Free: 10.98 GB / 12.00 GB
[INFO] 2025-04-01 21:02:20,506 | GPU is available: Device #0, Free: 10.98 GB / 12.00 GB
[INFO] 2025-04-01 21:02:20,609 | GPU is available: Device #0, Free: 10.98 GB / 12.00 GB
[INFO] 2025-04-01 21:02:20,691 | GPU is available: Device #0, Free: 10.98 GB / 12.00 GB
[INFO] 2025-04-01 21:02:22,660 | MORPHO-USDT: Updated 450/450 rows in 2.42s
[INFO] 2025-04-01 21:02:22,744 | NAVX-USDT: Updated 178/178 rows in 2.50s
[INFO] 2025-04-01 21:02:22,887 | Computing features for NEIRO-USDT
[INFO] 2025-04-01 21:02:22,908 | GPU is available: Device #0, Free: 10.98 GB / 12.00 GB
[INFO] 2025-04-01 21:02:22,930 | MOVE-USDT: Updated 450/450 rows in 2.69s
[INFO] 2025-04-01 21:02:22,933 | Computing features for NEO-USDT
[INFO] 2025-04-01 21:02:23,021 | GPU is available: Device #0, Free: 10.98 GB / 12.00 GB
[INFO] 2025-04-01 21:02:23,106 | Computing features for NFT-USDT
[INFO] 2025-04-01 21:02:23,135 | MOODENG-USDT: Updated 450/450 rows in 2.90s
[INFO] 2025-04-01 21:02:23,213 | GPU is available: Device #0, Free: 10.98 GB / 12.00 GB
[INFO] 2025-04-01 21:02:23,347 | MOVR-USDT: Updated 450/450 rows in 3.11s
[INFO] 2025-04-01 21:02:23,543 | Computing features for NMR-USDT
[INFO] 2025-04-01 21:02:23,555 | MXC-USDT: Updated 450/450 rows in 3.32s
[INFO] 2025-04-01 21:02:23,594 | GPU is available: Device #0, Free: 10.98 GB / 12.00 GB
[INFO] 2025-04-01 21:02:23,727 | NEAR-USDT: Updated 450/450 rows in 3.49s
[INFO] 2025-04-01 21:02:23,780 | NC-USDT: Updated 450/450 rows in 3.54s
[INFO] 2025-04-01 21:02:24,023 | Progress: 175/306 pairs processed (2.07 pairs/sec, ~63s remaining)
[INFO] 2025-04-01 21:02:24,832 | NEO-USDT: Updated 450/450 rows in 1.90s
[INFO] 2025-04-01 21:02:24,911 | NEIRO-USDT: Updated 450/450 rows in 2.02s
[INFO] 2025-04-01 21:02:25,056 | NMR-USDT: Updated 450/450 rows in 1.51s
[INFO] 2025-04-01 21:02:25,115 | NFT-USDT: Updated 450/450 rows in 2.01s
[INFO] 2025-04-01 21:02:25,209 | Processing batch 16/27 with 12 pairs
[INFO] 2025-04-01 21:02:25,209 | Computing features for NOT-USDT
[INFO] 2025-04-01 21:02:25,210 | Computing features for NULS-USDT
[INFO] 2025-04-01 21:02:25,210 | Computing features for OAS-USDT
[INFO] 2025-04-01 21:02:25,211 | Computing features for OKB-USDT
[INFO] 2025-04-01 21:02:25,211 | Computing features for OKSOL-USDT
[INFO] 2025-04-01 21:02:25,211 | GPU is available: Device #0, Free: 10.98 GB / 12.00 GB
[INFO] 2025-04-01 21:02:25,212 | Computing features for OKT-USDT
[INFO] 2025-04-01 21:02:25,212 | GPU is available: Device #0, Free: 10.98 GB / 12.00 GB
[INFO] 2025-04-01 21:02:25,212 | GPU is available: Device #0, Free: 10.98 GB / 12.00 GB
[INFO] 2025-04-01 21:02:25,213 | Computing features for OL-USDT
[INFO] 2025-04-01 21:02:25,213 | Computing features for OM-USDT
[INFO] 2025-04-01 21:02:25,369 | GPU is available: Device #0, Free: 10.98 GB / 12.00 GB
[INFO] 2025-04-01 21:02:25,461 | GPU is available: Device #0, Free: 10.98 GB / 12.00 GB
[INFO] 2025-04-01 21:02:25,526 | GPU is available: Device #0, Free: 10.98 GB / 12.00 GB
[INFO] 2025-04-01 21:02:25,537 | GPU is available: Device #0, Free: 10.98 GB / 12.00 GB
[INFO] 2025-04-01 21:02:25,757 | GPU is available: Device #0, Free: 10.98 GB / 12.00 GB
[INFO] 2025-04-01 21:02:27,938 | NOT-USDT: Updated 450/450 rows in 2.73s
[INFO] 2025-04-01 21:02:28,052 | NULS-USDT: Updated 450/450 rows in 2.84s
[INFO] 2025-04-01 21:02:28,053 | OAS-USDT: Updated 450/450 rows in 2.84s
[INFO] 2025-04-01 21:02:28,065 | Computing features for OMI-USDT
[INFO] 2025-04-01 21:02:28,220 | GPU is available: Device #0, Free: 10.98 GB / 12.00 GB
[INFO] 2025-04-01 21:02:28,222 | OL-USDT: Updated 450/450 rows in 3.01s
[INFO] 2025-04-01 21:02:28,222 | Computing features for ONDO-USDT
[INFO] 2025-04-01 21:02:28,222 | Computing features for ONE-USDT
[INFO] 2025-04-01 21:02:28,299 | GPU is available: Device #0, Free: 10.98 GB / 12.00 GB
[INFO] 2025-04-01 21:02:28,301 | OKSOL-USDT: Updated 450/450 rows in 3.09s
[INFO] 2025-04-01 21:02:28,301 | GPU is available: Device #0, Free: 10.98 GB / 12.00 GB
[INFO] 2025-04-01 21:02:28,301 | Computing features for ONT-USDT
[INFO] 2025-04-01 21:02:28,368 | OKB-USDT: Updated 450/450 rows in 3.16s
[INFO] 2025-04-01 21:02:28,370 | GPU is available: Device #0, Free: 10.98 GB / 12.00 GB
[INFO] 2025-04-01 21:02:28,647 | OM-USDT: Updated 450/450 rows in 3.43s
[INFO] 2025-04-01 21:02:28,647 | OKT-USDT: Updated 450/450 rows in 3.44s
[INFO] 2025-04-01 21:02:29,923 | ONDO-USDT: Updated 450/450 rows in 1.70s
[INFO] 2025-04-01 21:02:29,983 | OMI-USDT: Updated 450/450 rows in 1.92s
[INFO] 2025-04-01 21:02:30,055 | ONT-USDT: Updated 450/450 rows in 1.75s
[INFO] 2025-04-01 21:02:30,110 | ONE-USDT: Updated 450/450 rows in 1.89s
[INFO] 2025-04-01 21:02:30,214 | Processing batch 17/27 with 12 pairs
[INFO] 2025-04-01 21:02:30,214 | Computing features for OP-USDT
[INFO] 2025-04-01 21:02:30,215 | Computing features for ORBS-USDT
[INFO] 2025-04-01 21:02:30,215 | Computing features for ORDI-USDT
[INFO] 2025-04-01 21:02:30,216 | Computing features for OXT-USDT
[INFO] 2025-04-01 21:02:30,216 | Computing features for PARTI-USDT
[INFO] 2025-04-01 21:02:30,217 | Computing features for PENDLE-USDT
[INFO] 2025-04-01 21:02:30,217 | Computing features for PENGU-USDT
[INFO] 2025-04-01 21:02:30,218 | Computing features for PEOPLE-USDT
[INFO] 2025-04-01 21:02:30,218 | GPU is available: Device #0, Free: 10.98 GB / 12.00 GB
[INFO] 2025-04-01 21:02:30,219 | GPU is available: Device #0, Free: 10.98 GB / 12.00 GB
[INFO] 2025-04-01 21:02:30,219 | GPU is available: Device #0, Free: 10.98 GB / 12.00 GB
[INFO] 2025-04-01 21:02:30,378 | GPU is available: Device #0, Free: 10.98 GB / 12.00 GB
[INFO] 2025-04-01 21:02:30,378 | GPU is available: Device #0, Free: 10.98 GB / 12.00 GB
[INFO] 2025-04-01 21:02:30,516 | GPU is available: Device #0, Free: 10.98 GB / 12.00 GB
[INFO] 2025-04-01 21:02:30,752 | GPU is available: Device #0, Free: 10.98 GB / 12.00 GB
[INFO] 2025-04-01 21:02:30,757 | GPU is available: Device #0, Free: 10.98 GB / 12.00 GB
[INFO] 2025-04-01 21:02:32,500 | PARTI-USDT: Updated 175/175 rows in 2.28s
[INFO] 2025-04-01 21:02:32,578 | Computing features for PEPE-USDT
[INFO] 2025-04-01 21:02:32,592 | GPU is available: Device #0, Free: 10.98 GB / 12.00 GB
[INFO] 2025-04-01 21:02:32,982 | OP-USDT: Updated 450/450 rows in 2.77s
[INFO] 2025-04-01 21:02:33,147 | Computing features for PERP-USDT
[INFO] 2025-04-01 21:02:33,225 | ORDI-USDT: Updated 450/450 rows in 3.01s
[INFO] 2025-04-01 21:02:33,228 | ORBS-USDT: Updated 450/450 rows in 3.01s
[INFO] 2025-04-01 21:02:33,229 | GPU is available: Device #0, Free: 10.98 GB / 12.00 GB
[INFO] 2025-04-01 21:02:33,231 | OXT-USDT: Updated 450/450 rows in 3.01s
[INFO] 2025-04-01 21:02:33,399 | Computing features for PHA-USDT
[INFO] 2025-04-01 21:02:33,399 | Computing features for PI-USDT
[INFO] 2025-04-01 21:02:33,404 | GPU is available: Device #0, Free: 10.98 GB / 12.00 GB
[INFO] 2025-04-01 21:02:33,405 | GPU is available: Device #0, Free: 10.98 GB / 12.00 GB
[INFO] 2025-04-01 21:02:33,522 | PENDLE-USDT: Updated 450/450 rows in 3.31s
[INFO] 2025-04-01 21:02:33,524 | PENGU-USDT: Updated 450/450 rows in 3.31s
[INFO] 2025-04-01 21:02:33,526 | PEOPLE-USDT: Updated 450/450 rows in 3.31s
[INFO] 2025-04-01 21:02:33,939 | Progress: 200/306 pairs processed (2.12 pairs/sec, ~50s remaining)
[INFO] 2025-04-01 21:02:34,511 | PEPE-USDT: Updated 450/450 rows in 1.93s
[INFO] 2025-04-01 21:02:34,690 | PERP-USDT: Updated 450/450 rows in 1.54s
[INFO] 2025-04-01 21:02:34,826 | PI-USDT: Updated 450/450 rows in 1.43s
[INFO] 2025-04-01 21:02:34,880 | PHA-USDT: Updated 450/450 rows in 1.48s
[INFO] 2025-04-01 21:02:34,976 | Processing batch 18/27 with 12 pairs
[INFO] 2025-04-01 21:02:34,976 | Computing features for PIXEL-USDT
[INFO] 2025-04-01 21:02:34,976 | Computing features for PNUT-USDT
[INFO] 2025-04-01 21:02:34,977 | Computing features for POL-USDT
[INFO] 2025-04-01 21:02:34,977 | Computing features for POLYDOGE-USDT
[INFO] 2025-04-01 21:02:34,978 | Computing features for POR-USDT
[INFO] 2025-04-01 21:02:34,978 | GPU is available: Device #0, Free: 10.98 GB / 12.00 GB
[INFO] 2025-04-01 21:02:34,978 | GPU is available: Device #0, Free: 10.98 GB / 12.00 GB
[INFO] 2025-04-01 21:02:34,979 | Computing features for PRCL-USDT
[INFO] 2025-04-01 21:02:34,979 | Computing features for PRQ-USDT
[INFO] 2025-04-01 21:02:34,979 | GPU is available: Device #0, Free: 10.98 GB / 12.00 GB
[INFO] 2025-04-01 21:02:34,980 | Computing features for PSTAKE-USDT
[INFO] 2025-04-01 21:02:35,175 | GPU is available: Device #0, Free: 10.98 GB / 12.00 GB
[INFO] 2025-04-01 21:02:35,197 | GPU is available: Device #0, Free: 10.98 GB / 12.00 GB
[INFO] 2025-04-01 21:02:35,283 | GPU is available: Device #0, Free: 10.98 GB / 12.00 GB
[INFO] 2025-04-01 21:02:35,395 | GPU is available: Device #0, Free: 10.98 GB / 12.00 GB
[INFO] 2025-04-01 21:02:35,503 | GPU is available: Device #0, Free: 10.98 GB / 12.00 GB
[INFO] 2025-04-01 21:02:37,587 | POL-USDT: Updated 450/450 rows in 2.61s
[INFO] 2025-04-01 21:02:37,686 | Computing features for PYTH-USDT
[INFO] 2025-04-01 21:02:37,691 | GPU is available: Device #0, Free: 10.98 GB / 12.00 GB
[INFO] 2025-04-01 21:02:37,822 | PIXEL-USDT: Updated 450/450 rows in 2.85s
[INFO] 2025-04-01 21:02:37,823 | PNUT-USDT: Updated 450/450 rows in 2.85s
[INFO] 2025-04-01 21:02:38,039 | POR-USDT: Updated 450/450 rows in 3.06s
[INFO] 2025-04-01 21:02:38,079 | Computing features for PYUSD-USDT
[INFO] 2025-04-01 21:02:38,163 | Computing features for QTUM-USDT
[INFO] 2025-04-01 21:02:38,165 | GPU is available: Device #0, Free: 10.98 GB / 12.00 GB
[INFO] 2025-04-01 21:02:38,186 | GPU is available: Device #0, Free: 10.98 GB / 12.00 GB
[INFO] 2025-04-01 21:02:38,190 | Computing features for RACA-USDT
[INFO] 2025-04-01 21:02:38,210 | GPU is available: Device #0, Free: 10.98 GB / 12.00 GB
[INFO] 2025-04-01 21:02:38,318 | POLYDOGE-USDT: Updated 450/450 rows in 3.34s
[INFO] 2025-04-01 21:02:38,421 | PRCL-USDT: Updated 450/450 rows in 3.44s
[INFO] 2025-04-01 21:02:38,473 | PSTAKE-USDT: Updated 450/450 rows in 3.49s
[INFO] 2025-04-01 21:02:38,759 | PRQ-USDT: Updated 450/450 rows in 3.78s
[INFO] 2025-04-01 21:02:39,537 | PYTH-USDT: Updated 450/450 rows in 1.85s
[INFO] 2025-04-01 21:02:39,727 | PYUSD-USDT: Updated 450/450 rows in 1.65s
[INFO] 2025-04-01 21:02:39,806 | RACA-USDT: Updated 450/450 rows in 1.62s
[INFO] 2025-04-01 21:02:39,863 | QTUM-USDT: Updated 450/450 rows in 1.70s
[INFO] 2025-04-01 21:02:39,979 | Processing batch 19/27 with 12 pairs
[INFO] 2025-04-01 21:02:39,980 | Computing features for RADAR-USDT
[INFO] 2025-04-01 21:02:39,980 | Computing features for RAY-USDT
[INFO] 2025-04-01 21:02:39,981 | Computing features for RDNT-USDT
[INFO] 2025-04-01 21:02:39,981 | Computing features for RENDER-USDT
[INFO] 2025-04-01 21:02:39,982 | Computing features for RIO-USDT
[INFO] 2025-04-01 21:02:39,982 | GPU is available: Device #0, Free: 10.98 GB / 12.00 GB
[INFO] 2025-04-01 21:02:39,982 | Computing features for RON-USDT
[INFO] 2025-04-01 21:02:39,983 | GPU is available: Device #0, Free: 10.98 GB / 12.00 GB
[INFO] 2025-04-01 21:02:39,983 | Computing features for RPL-USDT
[INFO] 2025-04-01 21:02:39,983 | GPU is available: Device #0, Free: 10.98 GB / 12.00 GB
[INFO] 2025-04-01 21:02:39,983 | Computing features for RSR-USDT
[INFO] 2025-04-01 21:02:40,196 | GPU is available: Device #0, Free: 10.98 GB / 12.00 GB
[INFO] 2025-04-01 21:02:40,202 | GPU is available: Device #0, Free: 10.98 GB / 12.00 GB
[INFO] 2025-04-01 21:02:40,286 | GPU is available: Device #0, Free: 10.98 GB / 12.00 GB
[INFO] 2025-04-01 21:02:40,333 | GPU is available: Device #0, Free: 10.98 GB / 12.00 GB
[INFO] 2025-04-01 21:02:40,522 | GPU is available: Device #0, Free: 10.98 GB / 12.00 GB
[INFO] 2025-04-01 21:02:42,696 | RAY-USDT: Updated 450/450 rows in 2.72s
[INFO] 2025-04-01 21:02:42,765 | RDNT-USDT: Updated 450/450 rows in 2.78s
[INFO] 2025-04-01 21:02:42,766 | RADAR-USDT: Updated 450/450 rows in 2.79s
[INFO] 2025-04-01 21:02:42,821 | Computing features for RSS3-USDT
[INFO] 2025-04-01 21:02:42,942 | GPU is available: Device #0, Free: 10.98 GB / 12.00 GB
[INFO] 2025-04-01 21:02:42,947 | RENDER-USDT: Updated 450/450 rows in 2.97s
[INFO] 2025-04-01 21:02:42,954 | Computing features for RUNECOIN-USDT
[INFO] 2025-04-01 21:02:43,024 | Computing features for RVN-USDT
[INFO] 2025-04-01 21:02:43,038 | GPU is available: Device #0, Free: 10.98 GB / 12.00 GB
[INFO] 2025-04-01 21:02:43,040 | RPL-USDT: Updated 450/450 rows in 3.06s
[INFO] 2025-04-01 21:02:43,096 | Computing features for S-USDT
[INFO] 2025-04-01 21:02:43,097 | GPU is available: Device #0, Free: 10.98 GB / 12.00 GB
[INFO] 2025-04-01 21:02:43,148 | GPU is available: Device #0, Free: 10.98 GB / 12.00 GB
[INFO] 2025-04-01 21:02:43,182 | RIO-USDT: Updated 450/450 rows in 3.20s
[INFO] 2025-04-01 21:02:43,182 | RON-USDT: Updated 450/450 rows in 3.20s
[INFO] 2025-04-01 21:02:43,423 | RSR-USDT: Updated 450/450 rows in 3.44s
[INFO] 2025-04-01 21:02:44,526 | RSS3-USDT: Updated 450/450 rows in 1.70s
[INFO] 2025-04-01 21:02:44,614 | Progress: 225/306 pairs processed (2.14 pairs/sec, ~38s remaining)
[INFO] 2025-04-01 21:02:44,673 | RUNECOIN-USDT: Updated 450/450 rows in 1.72s
[INFO] 2025-04-01 21:02:44,730 | RVN-USDT: Updated 450/450 rows in 1.71s
[INFO] 2025-04-01 21:02:44,781 | S-USDT: Updated 450/450 rows in 1.68s
[INFO] 2025-04-01 21:02:44,877 | Processing batch 20/27 with 12 pairs
[INFO] 2025-04-01 21:02:44,878 | Computing features for SAFE-USDT
[INFO] 2025-04-01 21:02:44,878 | Computing features for SAMO-USDT
[INFO] 2025-04-01 21:02:44,878 | Computing features for SAND-USDT
[INFO] 2025-04-01 21:02:44,879 | Computing features for SATS-USDT
[INFO] 2025-04-01 21:02:44,879 | GPU is available: Device #0, Free: 10.98 GB / 12.00 GB
[INFO] 2025-04-01 21:02:44,880 | Computing features for SC-USDT
[INFO] 2025-04-01 21:02:44,880 | GPU is available: Device #0, Free: 10.98 GB / 12.00 GB
[INFO] 2025-04-01 21:02:44,880 | Computing features for SCR-USDT
[INFO] 2025-04-01 21:02:44,881 | Computing features for SD-USDT
[INFO] 2025-04-01 21:02:44,881 | GPU is available: Device #0, Free: 10.98 GB / 12.00 GB
[INFO] 2025-04-01 21:02:44,881 | Computing features for SHIB-USDT
[INFO] 2025-04-01 21:02:44,962 | GPU is available: Device #0, Free: 10.98 GB / 12.00 GB
[INFO] 2025-04-01 21:02:45,117 | GPU is available: Device #0, Free: 10.98 GB / 12.00 GB
[INFO] 2025-04-01 21:02:45,161 | GPU is available: Device #0, Free: 10.98 GB / 12.00 GB
[INFO] 2025-04-01 21:02:45,224 | GPU is available: Device #0, Free: 10.98 GB / 12.00 GB
[INFO] 2025-04-01 21:02:45,390 | GPU is available: Device #0, Free: 10.98 GB / 12.00 GB
[INFO] 2025-04-01 21:02:47,557 | SAMO-USDT: Updated 450/450 rows in 2.68s
[INFO] 2025-04-01 21:02:47,634 | SAND-USDT: Updated 450/450 rows in 2.76s
[INFO] 2025-04-01 21:02:47,634 | SAFE-USDT: Updated 450/450 rows in 2.76s
[INFO] 2025-04-01 21:02:47,635 | Computing features for SKL-USDT
[INFO] 2025-04-01 21:02:47,766 | SC-USDT: Updated 450/450 rows in 2.89s
[INFO] 2025-04-01 21:02:47,766 | GPU is available: Device #0, Free: 10.98 GB / 12.00 GB
[INFO] 2025-04-01 21:02:47,819 | Computing features for SLERF-USDT
[INFO] 2025-04-01 21:02:47,871 | Computing features for SLP-USDT
[INFO] 2025-04-01 21:02:47,899 | Computing features for SNT-USDT
[INFO] 2025-04-01 21:02:47,900 | GPU is available: Device #0, Free: 10.98 GB / 12.00 GB
[INFO] 2025-04-01 21:02:47,900 | GPU is available: Device #0, Free: 10.98 GB / 12.00 GB
[INFO] 2025-04-01 21:02:47,904 | GPU is available: Device #0, Free: 10.98 GB / 12.00 GB
[INFO] 2025-04-01 21:02:47,991 | SATS-USDT: Updated 450/450 rows in 3.11s
[INFO] 2025-04-01 21:02:48,172 | SHIB-USDT: Updated 450/450 rows in 3.29s
[INFO] 2025-04-01 21:02:48,315 | SCR-USDT: Updated 450/450 rows in 3.43s
[INFO] 2025-04-01 21:02:48,367 | SD-USDT: Updated 450/450 rows in 3.49s
[INFO] 2025-04-01 21:02:49,504 | SKL-USDT: Updated 450/450 rows in 1.87s
[INFO] 2025-04-01 21:02:49,579 | SNT-USDT: Updated 450/450 rows in 1.68s
[INFO] 2025-04-01 21:02:49,640 | SLP-USDT: Updated 450/450 rows in 1.77s
[INFO] 2025-04-01 21:02:49,640 | SLERF-USDT: Updated 450/450 rows in 1.82s
[INFO] 2025-04-01 21:02:49,791 | Processing batch 21/27 with 12 pairs
[INFO] 2025-04-01 21:02:49,792 | Computing features for SNX-USDT
[INFO] 2025-04-01 21:02:49,792 | Computing features for SOL-USDT
[INFO] 2025-04-01 21:02:49,793 | Computing features for SONIC-USDT
[INFO] 2025-04-01 21:02:49,793 | Computing features for SPURS-USDT
[INFO] 2025-04-01 21:02:49,794 | Computing features for SSV-USDT
[INFO] 2025-04-01 21:02:49,794 | Computing features for SSWP-USDT
[INFO] 2025-04-01 21:02:49,794 | GPU is available: Device #0, Free: 10.98 GB / 12.00 GB
[INFO] 2025-04-01 21:02:49,795 | Computing features for STORJ-USDT
[INFO] 2025-04-01 21:02:49,795 | GPU is available: Device #0, Free: 10.98 GB / 12.00 GB
[INFO] 2025-04-01 21:02:49,795 | GPU is available: Device #0, Free: 10.98 GB / 12.00 GB
[INFO] 2025-04-01 21:02:49,795 | Computing features for STRK-USDT
[INFO] 2025-04-01 21:02:49,948 | GPU is available: Device #0, Free: 10.98 GB / 12.00 GB
[INFO] 2025-04-01 21:02:50,043 | GPU is available: Device #0, Free: 10.98 GB / 12.00 GB
[INFO] 2025-04-01 21:02:50,050 | GPU is available: Device #0, Free: 10.98 GB / 12.00 GB
[INFO] 2025-04-01 21:02:50,143 | GPU is available: Device #0, Free: 10.98 GB / 12.00 GB
[INFO] 2025-04-01 21:02:50,422 | GPU is available: Device #0, Free: 10.98 GB / 12.00 GB
[INFO] 2025-04-01 21:02:52,440 | SONIC-USDT: Updated 450/450 rows in 2.65s
[INFO] 2025-04-01 21:02:52,586 | Computing features for STX-USDT
[INFO] 2025-04-01 21:02:52,605 | GPU is available: Device #0, Free: 10.98 GB / 12.00 GB
[INFO] 2025-04-01 21:02:52,621 | SNX-USDT: Updated 450/450 rows in 2.83s
[INFO] 2025-04-01 21:02:52,654 | SOL-USDT: Updated 450/450 rows in 2.86s
[INFO] 2025-04-01 21:02:52,849 | Computing features for SUI-USDT
[INFO] 2025-04-01 21:02:52,919 | Computing features for SUSHI-USDT
[INFO] 2025-04-01 21:02:52,968 | GPU is available: Device #0, Free: 10.98 GB / 12.00 GB
[INFO] 2025-04-01 21:02:52,968 | SSV-USDT: Updated 450/450 rows in 3.17s
[INFO] 2025-04-01 21:02:52,969 | SPURS-USDT: Updated 450/450 rows in 3.18s
[INFO] 2025-04-01 21:02:52,971 | GPU is available: Device #0, Free: 10.98 GB / 12.00 GB
[INFO] 2025-04-01 21:02:53,199 | Computing features for SWEAT-USDT
[INFO] 2025-04-01 21:02:53,215 | SSWP-USDT: Updated 450/450 rows in 3.42s
[INFO] 2025-04-01 21:02:53,308 | STORJ-USDT: Updated 450/450 rows in 3.51s
[INFO] 2025-04-01 21:02:53,309 | STRK-USDT: Updated 450/450 rows in 3.51s
[INFO] 2025-04-01 21:02:53,359 | GPU is available: Device #0, Free: 10.98 GB / 12.00 GB
[INFO] 2025-04-01 21:02:54,518 | STX-USDT: Updated 450/450 rows in 1.93s
[INFO] 2025-04-01 21:02:54,648 | SUI-USDT: Updated 450/450 rows in 1.80s
[INFO] 2025-04-01 21:02:54,704 | SUSHI-USDT: Updated 450/450 rows in 1.78s
[INFO] 2025-04-01 21:02:54,705 | Progress: 250/306 pairs processed (2.17 pairs/sec, ~26s remaining)
[INFO] 2025-04-01 21:02:54,775 | SWEAT-USDT: Updated 450/450 rows in 1.58s
[INFO] 2025-04-01 21:02:54,873 | Processing batch 22/27 with 12 pairs
[INFO] 2025-04-01 21:02:54,873 | Computing features for SWFTC-USDT
[INFO] 2025-04-01 21:02:54,873 | Computing features for T-USDT
[INFO] 2025-04-01 21:02:54,874 | Computing features for THETA-USDT
[INFO] 2025-04-01 21:02:54,875 | Computing features for TIA-USDT
[INFO] 2025-04-01 21:02:54,875 | Computing features for TNSR-USDT
[INFO] 2025-04-01 21:02:54,875 | GPU is available: Device #0, Free: 10.98 GB / 12.00 GB
[INFO] 2025-04-01 21:02:54,876 | GPU is available: Device #0, Free: 10.98 GB / 12.00 GB
[INFO] 2025-04-01 21:02:54,876 | Computing features for TON-USDT
[INFO] 2025-04-01 21:02:54,876 | Computing features for TRA-USDT
[INFO] 2025-04-01 21:02:54,876 | GPU is available: Device #0, Free: 10.98 GB / 12.00 GB
[INFO] 2025-04-01 21:02:54,877 | Computing features for TRB-USDT
[INFO] 2025-04-01 21:02:54,964 | GPU is available: Device #0, Free: 10.98 GB / 12.00 GB
[INFO] 2025-04-01 21:02:55,130 | GPU is available: Device #0, Free: 10.98 GB / 12.00 GB
[INFO] 2025-04-01 21:02:55,154 | GPU is available: Device #0, Free: 10.98 GB / 12.00 GB
[INFO] 2025-04-01 21:02:55,245 | GPU is available: Device #0, Free: 10.98 GB / 12.00 GB
[INFO] 2025-04-01 21:02:55,434 | GPU is available: Device #0, Free: 10.98 GB / 12.00 GB
[INFO] 2025-04-01 21:02:57,593 | T-USDT: Updated 450/450 rows in 2.72s
[INFO] 2025-04-01 21:02:57,628 | SWFTC-USDT: Updated 450/450 rows in 2.75s
[INFO] 2025-04-01 21:02:57,686 | THETA-USDT: Updated 450/450 rows in 2.81s
[INFO] 2025-04-01 21:02:57,836 | Computing features for TRUMP-USDT
[INFO] 2025-04-01 21:02:57,880 | TIA-USDT: Updated 450/450 rows in 3.01s
[INFO] 2025-04-01 21:02:57,885 | Computing features for TRX-USDT
[INFO] 2025-04-01 21:02:57,890 | Computing features for TURBO-USDT
[INFO] 2025-04-01 21:02:57,891 | GPU is available: Device #0, Free: 10.98 GB / 12.00 GB
[INFO] 2025-04-01 21:02:57,948 | GPU is available: Device #0, Free: 10.98 GB / 12.00 GB
[INFO] 2025-04-01 21:02:57,950 | GPU is available: Device #0, Free: 10.98 GB / 12.00 GB
[INFO] 2025-04-01 21:02:57,952 | Computing features for ULTI-USDT
[INFO] 2025-04-01 21:02:57,954 | GPU is available: Device #0, Free: 10.98 GB / 12.00 GB
[INFO] 2025-04-01 21:02:58,154 | TRB-USDT: Updated 450/450 rows in 3.28s
[INFO] 2025-04-01 21:02:58,154 | TNSR-USDT: Updated 450/450 rows in 3.28s
[INFO] 2025-04-01 21:02:58,234 | TRA-USDT: Updated 450/450 rows in 3.36s
[INFO] 2025-04-01 21:02:58,243 | TON-USDT: Updated 450/450 rows in 3.37s
[INFO] 2025-04-01 21:02:59,543 | ULTI-USDT: Updated 450/450 rows in 1.59s
[INFO] 2025-04-01 21:02:59,544 | TRUMP-USDT: Updated 450/450 rows in 1.71s
[INFO] 2025-04-01 21:02:59,683 | TURBO-USDT: Updated 450/450 rows in 1.79s
[INFO] 2025-04-01 21:02:59,683 | TRX-USDT: Updated 450/450 rows in 1.80s
[INFO] 2025-04-01 21:02:59,842 | Processing batch 23/27 with 12 pairs
[INFO] 2025-04-01 21:02:59,842 | Computing features for UMA-USDT
[INFO] 2025-04-01 21:02:59,843 | Computing features for UNI-USDT
[INFO] 2025-04-01 21:02:59,843 | Computing features for USDC-USDT
[INFO] 2025-04-01 21:02:59,844 | Computing features for USTC-USDT
[INFO] 2025-04-01 21:02:59,844 | Computing features for UXLINK-USDT
[INFO] 2025-04-01 21:02:59,845 | GPU is available: Device #0, Free: 10.98 GB / 12.00 GB
[INFO] 2025-04-01 21:02:59,845 | Computing features for VELO-USDT
[INFO] 2025-04-01 21:02:59,845 | GPU is available: Device #0, Free: 10.98 GB / 12.00 GB
[INFO] 2025-04-01 21:02:59,845 | GPU is available: Device #0, Free: 10.98 GB / 12.00 GB
[INFO] 2025-04-01 21:02:59,845 | Computing features for VELODROME-USDT
[INFO] 2025-04-01 21:02:59,846 | Computing features for VENOM-USDT
[INFO] 2025-04-01 21:03:00,073 | GPU is available: Device #0, Free: 10.98 GB / 12.00 GB
[INFO] 2025-04-01 21:03:00,113 | GPU is available: Device #0, Free: 10.98 GB / 12.00 GB
[INFO] 2025-04-01 21:03:00,181 | GPU is available: Device #0, Free: 10.98 GB / 12.00 GB
[INFO] 2025-04-01 21:03:00,299 | GPU is available: Device #0, Free: 10.98 GB / 12.00 GB
[INFO] 2025-04-01 21:03:00,392 | GPU is available: Device #0, Free: 10.98 GB / 12.00 GB
[INFO] 2025-04-01 21:03:02,522 | UMA-USDT: Updated 450/450 rows in 2.68s
[INFO] 2025-04-01 21:03:02,526 | UNI-USDT: Updated 450/450 rows in 2.68s
[INFO] 2025-04-01 21:03:02,675 | Computing features for VINE-USDT
[INFO] 2025-04-01 21:03:02,686 | Computing features for VRA-USDT
[INFO] 2025-04-01 21:03:02,691 | GPU is available: Device #0, Free: 10.98 GB / 12.00 GB
[INFO] 2025-04-01 21:03:02,707 | GPU is available: Device #0, Free: 10.98 GB / 12.00 GB
[INFO] 2025-04-01 21:03:02,722 | USDC-USDT: Updated 450/450 rows in 2.88s
[INFO] 2025-04-01 21:03:02,723 | USTC-USDT: Updated 450/450 rows in 2.88s
[INFO] 2025-04-01 21:03:02,898 | UXLINK-USDT: Updated 450/450 rows in 3.05s
[INFO] 2025-04-01 21:03:03,032 | Computing features for W-USDT
[INFO] 2025-04-01 21:03:03,106 | Computing features for WAXP-USDT
[INFO] 2025-04-01 21:03:03,116 | GPU is available: Device #0, Free: 10.98 GB / 12.00 GB
[INFO] 2025-04-01 21:03:03,145 | VELODROME-USDT: Updated 450/450 rows in 3.30s
[INFO] 2025-04-01 21:03:03,155 | GPU is available: Device #0, Free: 10.98 GB / 12.00 GB
[INFO] 2025-04-01 21:03:03,260 | VELO-USDT: Updated 450/450 rows in 3.42s
[INFO] 2025-04-01 21:03:03,265 | VENOM-USDT: Updated 450/450 rows in 3.42s
[INFO] 2025-04-01 21:03:04,500 | VINE-USDT: Updated 450/450 rows in 1.82s
[INFO] 2025-04-01 21:03:04,581 | VRA-USDT: Updated 450/450 rows in 1.90s
[INFO] 2025-04-01 21:03:04,637 | W-USDT: Updated 450/450 rows in 1.61s
[INFO] 2025-04-01 21:03:04,688 | Progress: 275/306 pairs processed (2.20 pairs/sec, ~14s remaining)
[INFO] 2025-04-01 21:03:04,704 | WAXP-USDT: Updated 450/450 rows in 1.60s
[INFO] 2025-04-01 21:03:04,802 | Processing batch 24/27 with 12 pairs
[INFO] 2025-04-01 21:03:04,802 | Computing features for WIF-USDT
[INFO] 2025-04-01 21:03:04,803 | Computing features for WIN-USDT
[INFO] 2025-04-01 21:03:04,803 | Computing features for WLD-USDT
[INFO] 2025-04-01 21:03:04,804 | Computing features for WOO-USDT
[INFO] 2025-04-01 21:03:04,804 | GPU is available: Device #0, Free: 10.98 GB / 12.00 GB
[INFO] 2025-04-01 21:03:04,804 | GPU is available: Device #0, Free: 10.98 GB / 12.00 GB
[INFO] 2025-04-01 21:03:04,805 | Computing features for X-USDT
[INFO] 2025-04-01 21:03:04,805 | Computing features for XAUT-USDT
[INFO] 2025-04-01 21:03:04,806 | GPU is available: Device #0, Free: 10.98 GB / 12.00 GB
[INFO] 2025-04-01 21:03:04,806 | Computing features for XCH-USDT
[INFO] 2025-04-01 21:03:04,806 | Computing features for XLM-USDT
[INFO] 2025-04-01 21:03:05,019 | GPU is available: Device #0, Free: 10.98 GB / 12.00 GB
[INFO] 2025-04-01 21:03:05,033 | GPU is available: Device #0, Free: 10.98 GB / 12.00 GB
[INFO] 2025-04-01 21:03:05,058 | GPU is available: Device #0, Free: 10.98 GB / 12.00 GB
[INFO] 2025-04-01 21:03:05,152 | GPU is available: Device #0, Free: 10.98 GB / 12.00 GB
[INFO] 2025-04-01 21:03:05,395 | GPU is available: Device #0, Free: 10.98 GB / 12.00 GB
[INFO] 2025-04-01 21:03:07,395 | WIF-USDT: Updated 450/450 rows in 2.59s
[INFO] 2025-04-01 21:03:07,508 | Computing features for XNO-USDT
[INFO] 2025-04-01 21:03:07,522 | GPU is available: Device #0, Free: 10.98 GB / 12.00 GB
[INFO] 2025-04-01 21:03:07,554 | WIN-USDT: Updated 450/450 rows in 2.75s
[INFO] 2025-04-01 21:03:07,559 | WLD-USDT: Updated 450/450 rows in 2.76s
[INFO] 2025-04-01 21:03:07,766 | Computing features for XRP-USDT
[INFO] 2025-04-01 21:03:07,766 | Computing features for XTZ-USDT
[INFO] 2025-04-01 21:03:07,824 | WOO-USDT: Updated 450/450 rows in 3.02s
[INFO] 2025-04-01 21:03:07,827 | GPU is available: Device #0, Free: 10.98 GB / 12.00 GB
[INFO] 2025-04-01 21:03:07,833 | GPU is available: Device #0, Free: 10.98 GB / 12.00 GB
[INFO] 2025-04-01 21:03:07,955 | Computing features for YFI-USDT
[INFO] 2025-04-01 21:03:07,974 | GPU is available: Device #0, Free: 10.98 GB / 12.00 GB
[INFO] 2025-04-01 21:03:08,106 | XAUT-USDT: Updated 450/450 rows in 3.30s
[INFO] 2025-04-01 21:03:08,127 | X-USDT: Updated 450/450 rows in 3.32s
[INFO] 2025-04-01 21:03:08,374 | XLM-USDT: Updated 450/450 rows in 3.57s
[INFO] 2025-04-01 21:03:08,381 | XCH-USDT: Updated 450/450 rows in 3.57s
[INFO] 2025-04-01 21:03:09,492 | XTZ-USDT: Updated 450/450 rows in 1.73s
[INFO] 2025-04-01 21:03:09,493 | XNO-USDT: Updated 450/450 rows in 1.99s
[INFO] 2025-04-01 21:03:09,627 | XRP-USDT: Updated 450/450 rows in 1.86s
[INFO] 2025-04-01 21:03:09,691 | YFI-USDT: Updated 450/450 rows in 1.74s
[INFO] 2025-04-01 21:03:09,795 | Processing batch 25/27 with 11 pairs
[INFO] 2025-04-01 21:03:09,795 | Computing features for YGG-USDT
[INFO] 2025-04-01 21:03:09,795 | Computing features for ZBCN-USDT
[INFO] 2025-04-01 21:03:09,796 | Computing features for ZENT-USDT
[INFO] 2025-04-01 21:03:09,797 | Computing features for ZERO-USDT
[INFO] 2025-04-01 21:03:09,797 | Computing features for ZETA-USDT
[INFO] 2025-04-01 21:03:09,798 | GPU is available: Device #0, Free: 10.98 GB / 12.00 GB
[INFO] 2025-04-01 21:03:09,798 | GPU is available: Device #0, Free: 10.98 GB / 12.00 GB
[INFO] 2025-04-01 21:03:09,798 | GPU is available: Device #0, Free: 10.98 GB / 12.00 GB
[INFO] 2025-04-01 21:03:09,798 | Computing features for ZEUS-USDT
[INFO] 2025-04-01 21:03:09,798 | Computing features for ZIL-USDT
[INFO] 2025-04-01 21:03:09,799 | Computing features for ZK-USDT
[INFO] 2025-04-01 21:03:10,005 | GPU is available: Device #0, Free: 10.98 GB / 12.00 GB
[INFO] 2025-04-01 21:03:10,040 | GPU is available: Device #0, Free: 10.98 GB / 12.00 GB
[INFO] 2025-04-01 21:03:10,040 | GPU is available: Device #0, Free: 10.98 GB / 12.00 GB
[INFO] 2025-04-01 21:03:10,143 | GPU is available: Device #0, Free: 10.98 GB / 12.00 GB
[INFO] 2025-04-01 21:03:10,325 | GPU is available: Device #0, Free: 10.98 GB / 12.00 GB
[INFO] 2025-04-01 21:03:12,516 | ZENT-USDT: Updated 450/450 rows in 2.72s
[INFO] 2025-04-01 21:03:12,598 | YGG-USDT: Updated 450/450 rows in 2.80s
[INFO] 2025-04-01 21:03:12,598 | ZBCN-USDT: Updated 450/450 rows in 2.80s
[INFO] 2025-04-01 21:03:12,599 | Computing features for ZKJ-USDT
[INFO] 2025-04-01 21:03:12,736 | GPU is available: Device #0, Free: 10.98 GB / 12.00 GB
[INFO] 2025-04-01 21:03:12,736 | ZEUS-USDT: Updated 450/450 rows in 2.94s
[INFO] 2025-04-01 21:03:12,761 | Computing features for ZRX-USDT
[INFO] 2025-04-01 21:03:12,763 | Computing features for ZRO-USDT
[INFO] 2025-04-01 21:03:12,849 | GPU is available: Device #0, Free: 10.98 GB / 12.00 GB
[INFO] 2025-04-01 21:03:12,857 | GPU is available: Device #0, Free: 10.98 GB / 12.00 GB
[INFO] 2025-04-01 21:03:12,962 | ZERO-USDT: Updated 450/450 rows in 3.16s
[INFO] 2025-04-01 21:03:13,190 | ZIL-USDT: Updated 450/450 rows in 3.39s
[INFO] 2025-04-01 21:03:13,190 | ZETA-USDT: Updated 450/450 rows in 3.39s
[INFO] 2025-04-01 21:03:13,214 | ZK-USDT: Updated 450/450 rows in 3.41s
[INFO] 2025-04-01 21:03:14,124 | ZKJ-USDT: Updated 450/450 rows in 1.53s
[INFO] 2025-04-01 21:03:14,124 | ZRO-USDT: Updated 450/450 rows in 1.36s
[INFO] 2025-04-01 21:03:14,225 | ZRX-USDT: Updated 450/450 rows in 1.46s
[INFO] 2025-04-01 21:03:14,318 | Processing batch 26/27 with 6 pairs
[INFO] 2025-04-01 21:03:14,318 | Computing features for BETH-USDT
[INFO] 2025-04-01 21:03:14,318 | Computing features for BTC-USDT
[INFO] 2025-04-01 21:03:14,319 | Computing features for ETH-USDT
[INFO] 2025-04-01 21:03:14,319 | Computing features for ETHFI-USDT
[INFO] 2025-04-01 21:03:14,320 | GPU is available: Device #0, Free: 10.98 GB / 12.00 GB
[INFO] 2025-04-01 21:03:14,320 | Computing features for ETHW-USDT
[INFO] 2025-04-01 21:03:14,321 | Computing features for STETH-USDT
[INFO] 2025-04-01 21:03:14,321 | GPU is available: Device #0, Free: 10.98 GB / 12.00 GB
[INFO] 2025-04-01 21:03:14,321 | GPU is available: Device #0, Free: 10.98 GB / 12.00 GB
[INFO] 2025-04-01 21:03:14,420 | GPU is available: Device #0, Free: 10.98 GB / 12.00 GB
[INFO] 2025-04-01 21:03:14,589 | GPU is available: Device #0, Free: 10.98 GB / 12.00 GB
[INFO] 2025-04-01 21:03:14,643 | GPU is available: Device #0, Free: 10.98 GB / 12.00 GB
[INFO] 2025-04-01 21:03:16,384 | BETH-USDT: Updated 450/450 rows in 2.07s
[INFO] 2025-04-01 21:03:16,461 | ETH-USDT: Updated 450/450 rows in 2.14s
[INFO] 2025-04-01 21:03:16,468 | Progress: 300/306 pairs processed (2.19 pairs/sec, ~3s remaining)
[INFO] 2025-04-01 21:03:16,556 | BTC-USDT: Updated 450/450 rows in 2.24s
[INFO] 2025-04-01 21:03:16,557 | ETHW-USDT: Updated 450/450 rows in 2.24s
[INFO] 2025-04-01 21:03:16,557 | ETHFI-USDT: Updated 450/450 rows in 2.24s
[INFO] 2025-04-01 21:03:16,744 | STETH-USDT: Updated 450/450 rows in 2.42s
[INFO] 2025-04-01 21:03:16,866 | Processing batch 27/27 with 1 pairs
[INFO] 2025-04-01 21:03:16,867 | Computing features for WBTC-USDT
[INFO] 2025-04-01 21:03:16,868 | GPU is available: Device #0, Free: 10.98 GB / 12.00 GB
[INFO] 2025-04-01 21:03:17,211 | WBTC-USDT: Updated 450/450 rows in 0.34s
[INFO] 2025-04-01 21:03:17,266 | Progress: 306/306 pairs processed (2.22 pairs/sec, ~0s remaining)
[INFO] 2025-04-01 21:03:17,305 | Computing cross-pair features
[INFO] 2025-04-01 21:03:24,214 | Updated 1 rows with cross-pair features
[INFO] 2025-04-01 21:03:24,218 | Performance summary saved to logs/performance_summary_2025-04-01_210324.json
[INFO] 2025-04-01 21:03:24,218 | Performance report saved to logs/performance_report_2025-04-01_210324.txt
[INFO] 2025-04-01 21:03:24,218 | Performance summary saved to logs/performance_summary_2025-04-01_210324.json
[INFO] 2025-04-01 21:03:24,218 | Performance report saved to logs/performance_report_2025-04-01_210324.txt
[INFO] 2025-04-01 21:03:24,218 | Rolling update mode completed.
