Timestamp,Pair,Operation,Duration(s)
2025-03-26 12:38:02,ANIME-USDT,db_get_columns,0.130638
2025-03-26 12:38:02,ANIME-USDT,fetch_data,0.044141
2025-03-26 12:38:02,ANIME-USDT,db_get_columns,0.110193
2025-03-26 12:38:02,ANIME-USDT,db_get_columns,0.012298
2025-03-26 12:38:02,ANIME-USDT,db_get_columns,0.287271
2025-03-26 12:38:02,ANIME-USDT,db_get_columns,0.264381
2025-03-26 12:38:02,ANIME-USDT,db_get_columns,0.274526
2025-03-26 12:38:02,ANIME-USDT,db_get_columns,0.202552
2025-03-26 12:38:02,ANIME-USDT,db_get_columns,0.251193
2025-03-26 12:38:02,ANIME-USDT,db_get_columns,0.248418
2025-03-26 12:38:02,ANIME-USDT,db_get_columns,0.214237
2025-03-26 12:38:02,ANIME-USDT,db_get_columns,0.137022
2025-03-26 12:38:02,ANIME-USDT,db_get_columns,0.243459
2025-03-26 12:38:03,ANIME-USDT,db_get_columns,0.301830
2025-03-26 12:38:03,ANIME-USDT,db_get_columns,0.311236
2025-03-26 12:38:03,ANIME-USDT,db_get_columns,0.312390
2025-03-26 12:38:03,ANIME-USDT,db_get_columns,0.335714
2025-03-26 12:38:03,ANIME-USDT,fetch_data,0.382888
2025-03-26 12:38:03,ANIME-USDT,fetch_data,0.373929
2025-03-26 12:38:03,ANIME-USDT,fetch_data,0.468618
2025-03-26 12:38:03,ANIME-USDT,fetch_data,0.559379
2025-03-26 12:38:03,ANIME-USDT,fetch_data,0.569491
2025-03-26 12:38:03,ANIME-USDT,fetch_data,0.573647
2025-03-26 12:38:03,ANIME-USDT,fetch_data,0.622032
2025-03-26 12:38:03,ANIME-USDT,fetch_data,0.624848
2025-03-26 12:38:03,ANIME-USDT,fetch_data,0.697514
2025-03-26 12:38:03,ANIME-USDT,fetch_data,0.671082
2025-03-26 12:38:03,ANIME-USDT,fetch_data,0.694917
2025-03-26 12:38:03,ANIME-USDT,fetch_data,0.833506
2025-03-26 12:38:04,ANIME-USDT,fetch_data,0.859678
2025-03-26 12:38:04,ANIME-USDT,price_action_features,1.232929
2025-03-26 12:38:04,ANIME-USDT,fetch_data,0.859396
2025-03-26 12:38:04,ANIME-USDT,fetch_data,0.906778
2025-03-26 12:38:04,ANIME-USDT,price_action_features,1.382201
2025-03-26 12:38:04,ANIME-USDT,price_action_features,1.635268
2025-03-26 12:38:04,ANIME-USDT,price_action_features,1.648251
2025-03-26 12:38:04,ANIME-USDT,price_action_features,1.587481
2025-03-26 12:38:05,ANIME-USDT,price_action_features,1.702501
2025-03-26 12:38:05,ANIME-USDT,price_action_features,1.112015
2025-03-26 12:38:05,ANIME-USDT,price_action_features,1.614008
2025-03-26 12:38:05,ANIME-USDT,price_action_features,1.729225
2025-03-26 12:38:05,ANIME-USDT,price_action_features,0.990273
2025-03-26 12:38:05,ANIME-USDT,price_action_features,1.139048
2025-03-26 12:38:05,ANIME-USDT,price_action_features,1.436010
2025-03-26 12:38:05,ANIME-USDT,price_action_features,1.297451
2025-03-26 12:38:05,ANIME-USDT,price_action_features,1.021065
2025-03-26 12:38:05,ANIME-USDT,price_action_features,1.449400
2025-03-26 12:38:05,ANIME-USDT,price_action_features,1.458715
2025-03-26 12:38:05,ANIME-USDT,price_action_features,1.254279
2025-03-26 12:38:05,ANIME-USDT,price_action_features,1.392467
2025-03-26 12:38:05,ANIME-USDT,price_action_features,1.322910
2025-03-26 12:38:05,ANIME-USDT,price_action_features,1.479990
2025-03-26 12:38:05,ANIME-USDT,price_action_features,1.202528
2025-03-26 12:38:05,ANIME-USDT,price_action_features,1.283144
2025-03-26 12:38:05,ANIME-USDT,price_action_features,1.426736
2025-03-26 12:38:05,ANIME-USDT,price_action_features,1.094945
2025-03-26 12:38:05,ANIME-USDT,price_action_features,1.228550
2025-03-26 12:38:05,ANIME-USDT,price_action_features,1.141927
2025-03-26 12:38:05,ANIME-USDT,price_action_features,0.893086
2025-03-26 12:38:05,ANIME-USDT,price_action_features,0.883064
2025-03-26 12:38:05,ANIME-USDT,price_action_features,1.063559
2025-03-26 12:38:05,ANIME-USDT,price_action_features,0.910550
2025-03-26 12:38:05,ANIME-USDT,price_action_features,0.902392
2025-03-26 12:38:05,ANIME-USDT,price_action_features,1.075650
2025-03-26 12:38:05,ANIME-USDT,momentum_features,1.419624
2025-03-26 12:38:05,ANIME-USDT,momentum_features,1.423107
2025-03-26 12:38:06,ANIME-USDT,momentum_features,1.485463
2025-03-26 12:38:06,ANIME-USDT,momentum_features,1.493222
2025-03-26 12:38:06,ANIME-USDT,momentum_features,1.398950
2025-03-26 12:38:06,ANIME-USDT,momentum_features,1.410660
2025-03-26 12:38:06,ANIME-USDT,momentum_features,1.523667
2025-03-26 12:38:06,ANIME-USDT,momentum_features,1.529577
2025-03-26 12:38:06,ANIME-USDT,momentum_features,1.524215
2025-03-26 12:38:06,ANIME-USDT,momentum_features,1.534291
2025-03-26 12:38:06,ANIME-USDT,momentum_features,1.487473
2025-03-26 12:38:06,ANIME-USDT,momentum_features,1.560685
2025-03-26 12:38:06,ANIME-USDT,momentum_features,1.496596
2025-03-26 12:38:06,ANIME-USDT,momentum_features,1.569980
2025-03-26 12:38:06,ANIME-USDT,momentum_features,1.558317
2025-03-26 12:38:06,ANIME-USDT,momentum_features,1.538388
2025-03-26 12:38:06,ANIME-USDT,momentum_features,1.565801
2025-03-26 12:38:06,ANIME-USDT,momentum_features,1.548885
2025-03-26 12:38:06,ANIME-USDT,momentum_features,1.549705
2025-03-26 12:38:06,ANIME-USDT,momentum_features,1.469846
2025-03-26 12:38:06,ANIME-USDT,momentum_features,1.566956
2025-03-26 12:38:06,ANIME-USDT,momentum_features,1.489496
2025-03-26 12:38:06,ANIME-USDT,momentum_features,1.525365
2025-03-26 12:38:06,ANIME-USDT,momentum_features,1.519859
2025-03-26 12:38:06,ANIME-USDT,momentum_features,1.588417
2025-03-26 12:38:06,ANIME-USDT,momentum_features,1.542218
2025-03-26 12:38:06,ANIME-USDT,momentum_features,1.540634
2025-03-26 12:38:06,ANIME-USDT,momentum_features,1.522636
2025-03-26 12:38:06,ANIME-USDT,momentum_features,1.600743
2025-03-26 12:38:06,ANIME-USDT,momentum_features,1.545300
2025-03-26 12:38:06,ANIME-USDT,momentum_features,1.549322
2025-03-26 12:38:06,ANIME-USDT,momentum_features,1.552773
2025-03-26 12:38:06,ANIME-USDT,volatility_features,1.110843
2025-03-26 12:38:06,ANIME-USDT,volatility_features,1.122056
2025-03-26 12:38:07,ANIME-USDT,volatility_features,1.047060
2025-03-26 12:38:07,ANIME-USDT,volatility_features,1.073312
2025-03-26 12:38:07,ANIME-USDT,volatility_features,1.065562
2025-03-26 12:38:07,ANIME-USDT,volatility_features,1.090346
2025-03-26 12:38:07,ANIME-USDT,volatility_features,1.005851
2025-03-26 12:38:07,ANIME-USDT,volatility_features,1.016749
2025-03-26 12:38:07,ANIME-USDT,volatility_features,1.096098
2025-03-26 12:38:07,ANIME-USDT,volatility_features,1.031161
2025-03-26 12:38:07,ANIME-USDT,volatility_features,1.109757
2025-03-26 12:38:07,ANIME-USDT,volatility_features,1.040372
2025-03-26 12:38:07,ANIME-USDT,volatility_features,1.015499
2025-03-26 12:38:07,ANIME-USDT,volatility_features,0.992828
2025-03-26 12:38:07,ANIME-USDT,volatility_features,1.088499
2025-03-26 12:38:07,ANIME-USDT,volatility_features,1.031578
2025-03-26 12:38:07,ANIME-USDT,volatility_features,1.119582
2025-03-26 12:38:07,ANIME-USDT,volatility_features,1.040664
2025-03-26 12:38:07,ANIME-USDT,volatility_features,1.060893
2025-03-26 12:38:07,ANIME-USDT,volatility_features,1.013448
2025-03-26 12:38:07,ANIME-USDT,volatility_features,1.108110
2025-03-26 12:38:07,ANIME-USDT,volatility_features,1.053732
2025-03-26 12:38:07,ANIME-USDT,volatility_features,1.146173
2025-03-26 12:38:07,ANIME-USDT,volatility_features,1.041729
2025-03-26 12:38:07,ANIME-USDT,volatility_features,1.092589
2025-03-26 12:38:07,ANIME-USDT,volatility_features,1.044003
2025-03-26 12:38:07,ANIME-USDT,volatility_features,1.051170
2025-03-26 12:38:07,ANIME-USDT,volatility_features,1.088969
2025-03-26 12:38:07,ANIME-USDT,volatility_features,1.079203
2025-03-26 12:38:07,ANIME-USDT,volatility_features,1.088679
2025-03-26 12:38:07,ANIME-USDT,volatility_features,1.108218
2025-03-26 12:38:07,ANIME-USDT,volatility_features,1.110278
2025-03-26 12:38:07,ANIME-USDT,volume_features,1.106603
2025-03-26 12:38:07,ANIME-USDT,volume_features,1.117947
2025-03-26 12:38:08,ANIME-USDT,volume_features,1.309834
2025-03-26 12:38:08,ANIME-USDT,volume_features,1.322773
2025-03-26 12:38:08,ANIME-USDT,volume_features,1.371822
2025-03-26 12:38:08,ANIME-USDT,volume_features,1.389578
2025-03-26 12:38:09,ANIME-USDT,volume_features,1.354894
2025-03-26 12:38:09,ANIME-USDT,volume_features,1.372229
2025-03-26 12:38:09,ANIME-USDT,volume_features,1.346485
2025-03-26 12:38:09,ANIME-USDT,volume_features,1.354657
2025-03-26 12:38:09,ANIME-USDT,volume_features,1.414380
2025-03-26 12:38:09,ANIME-USDT,volume_features,1.422067
2025-03-26 12:38:09,ANIME-USDT,volume_features,1.358518
2025-03-26 12:38:09,ANIME-USDT,volume_features,1.374713
2025-03-26 12:38:09,ANIME-USDT,volume_features,1.382121
2025-03-26 12:38:09,ANIME-USDT,volume_features,1.396670
2025-03-26 12:38:09,ANIME-USDT,volume_features,1.375298
2025-03-26 12:38:09,ANIME-USDT,volume_features,1.337253
2025-03-26 12:38:09,ANIME-USDT,volume_features,1.390287
2025-03-26 12:38:09,ANIME-USDT,volume_features,1.356968
2025-03-26 12:38:09,ANIME-USDT,volume_features,1.516485
2025-03-26 12:38:09,ANIME-USDT,volume_features,1.525913
2025-03-26 12:38:09,ANIME-USDT,volume_features,1.560145
2025-03-26 12:38:09,ANIME-USDT,volume_features,1.545269
2025-03-26 12:38:09,ANIME-USDT,volume_features,1.509485
2025-03-26 12:38:09,ANIME-USDT,volume_features,1.545689
2025-03-26 12:38:09,ANIME-USDT,volume_features,1.603195
2025-03-26 12:38:09,ANIME-USDT,volume_features,1.607199
2025-03-26 12:38:09,ANIME-USDT,volume_features,1.656543
2025-03-26 12:38:09,ANIME-USDT,volume_features,1.657387
2025-03-26 12:38:09,ANIME-USDT,volume_features,1.730042
2025-03-26 12:38:09,ANIME-USDT,volume_features,1.732761
2025-03-26 12:38:13,ANIME-USDT,statistical_features,5.062392
2025-03-26 12:38:13,ANIME-USDT,statistical_features,5.062678
2025-03-26 12:38:13,ANIME-USDT,pattern_features,0.548181
2025-03-26 12:38:13,ANIME-USDT,pattern_features,0.558030
2025-03-26 12:38:13,ANIME-USDT,time_features,0.084636
2025-03-26 12:38:13,ANIME-USDT,time_features,0.091371
2025-03-26 12:38:13,ANIME-USDT,statistical_features,4.532933
2025-03-26 12:38:13,ANIME-USDT,statistical_features,4.605092
2025-03-26 12:38:13,ANIME-USDT,statistical_features,4.887754
2025-03-26 12:38:14,ANIME-USDT,statistical_features,4.918408
2025-03-26 12:38:14,ANIME-USDT,statistical_features,4.884029
2025-03-26 12:38:14,ANIME-USDT,statistical_features,4.885529
2025-03-26 12:38:14,ANIME-USDT,statistical_features,5.073078
2025-03-26 12:38:14,ANIME-USDT,statistical_features,5.079431
2025-03-26 12:38:14,ANIME-USDT,compute_4h_features,1742989093.712230
2025-03-26 12:38:14,ANIME-USDT,statistical_features,5.245622
2025-03-26 12:38:14,ANIME-USDT,statistical_features,5.275791
2025-03-26 12:38:14,ANIME-USDT,compute_1d_features,1742989094.306210
2025-03-26 12:38:14,ANIME-USDT,statistical_features,5.460337
2025-03-26 12:38:14,ANIME-USDT,pattern_features,0.720690
2025-03-26 12:38:14,ANIME-USDT,multi_timeframe_features_total,0.839727
2025-03-26 12:38:14,ANIME-USDT,multi_timeframe_features,0.869020
2025-03-26 12:38:14,ANIME-USDT,statistical_features,5.145699
2025-03-26 12:38:14,ANIME-USDT,statistical_features,5.171036
2025-03-26 12:38:14,ANIME-USDT,statistical_features,5.191315
2025-03-26 12:38:14,ANIME-USDT,statistical_features,5.218875
2025-03-26 12:38:14,ANIME-USDT,pattern_features,0.749193
2025-03-26 12:38:14,ANIME-USDT,statistical_features,5.481107
2025-03-26 12:38:14,ANIME-USDT,statistical_features,5.158432
2025-03-26 12:38:14,ANIME-USDT,statistical_features,5.176256
2025-03-26 12:38:14,ANIME-USDT,pattern_features,0.685624
2025-03-26 12:38:14,ANIME-USDT,pattern_features,0.692012
2025-03-26 12:38:14,ANIME-USDT,pattern_features,0.516683
2025-03-26 12:38:14,ANIME-USDT,pattern_features,0.524629
2025-03-26 12:38:14,ANIME-USDT,pattern_features,0.464239
2025-03-26 12:38:14,ANIME-USDT,pattern_features,0.472954
2025-03-26 12:38:14,ANIME-USDT,time_features,0.152684
2025-03-26 12:38:14,ANIME-USDT,time_features,0.170081
2025-03-26 12:38:14,ANIME-USDT,time_features,0.191605
2025-03-26 12:38:14,ANIME-USDT,time_features,0.202739
2025-03-26 12:38:14,ANIME-USDT,compute_4h_features,1742989094.789044
2025-03-26 12:38:15,ANIME-USDT,time_features,0.289925
2025-03-26 12:38:15,ANIME-USDT,time_features,0.294535
2025-03-26 12:38:15,ANIME-USDT,time_features,0.280691
2025-03-26 12:38:15,ANIME-USDT,time_features,0.295208
2025-03-26 12:38:15,ANIME-USDT,compute_1d_features,1742989094.993104
2025-03-26 12:38:15,ANIME-USDT,multi_timeframe_features_total,0.441367
2025-03-26 12:38:15,ANIME-USDT,multi_timeframe_features,0.449104
2025-03-26 12:38:15,ANIME-USDT,label_features,1742989094.573929
2025-03-26 12:38:15,ANIME-USDT,label_features,0.668551
2025-03-26 12:38:15,ANIME-USDT,pattern_features,0.791888
2025-03-26 12:38:15,ANIME-USDT,pattern_features,0.828977
2025-03-26 12:38:15,ANIME-USDT,pattern_features,0.681221
2025-03-26 12:38:15,ANIME-USDT,compute_4h_features,1742989094.976396
2025-03-26 12:38:15,ANIME-USDT,pattern_features,0.693055
2025-03-26 12:38:15,ANIME-USDT,compute_4h_features,1742989095.060293
2025-03-26 12:38:15,ANIME-USDT,compute_4h_features,1742989095.044276
2025-03-26 12:38:15,ANIME-USDT,statistical_features,5.933956
2025-03-26 12:38:15,ANIME-USDT,statistical_features,5.945446
2025-03-26 12:38:15,ANIME-USDT,pattern_features,0.813782
2025-03-26 12:38:15,ANIME-USDT,pattern_features,0.822612
2025-03-26 12:38:15,ANIME-USDT,pattern_features,0.947864
2025-03-26 12:38:15,ANIME-USDT,time_features,0.184041
2025-03-26 12:38:15,ANIME-USDT,pattern_features,0.985773
2025-03-26 12:38:15,ANIME-USDT,pattern_features,1.067864
2025-03-26 12:38:15,ANIME-USDT,pattern_features,1.002507
2025-03-26 12:38:15,ANIME-USDT,compute_1d_features,1742989095.363344
2025-03-26 12:38:15,ANIME-USDT,multi_timeframe_features_total,0.651699
2025-03-26 12:38:15,ANIME-USDT,multi_timeframe_features,0.652578
2025-03-26 12:38:15,ANIME-USDT,cleanup,0.362435
2025-03-26 12:38:15,ANIME-USDT,time_features,0.364343
2025-03-26 12:38:15,ANIME-USDT,time_features,0.440743
2025-03-26 12:38:15,ANIME-USDT,time_features,0.025833
2025-03-26 12:38:15,ANIME-USDT,time_features,0.055455
2025-03-26 12:38:15,ANIME-USDT,compute_all_features_total,12.967672
2025-03-26 12:38:15,ANIME-USDT,time_features,0.408833
2025-03-26 12:38:15,ANIME-USDT,time_features,0.490773
2025-03-26 12:38:15,ANIME-USDT,time_features,0.264488
2025-03-26 12:38:15,ANIME-USDT,statistical_features,6.739885
2025-03-26 12:38:15,ANIME-USDT,compute_1d_features,1742989095.377333
2025-03-26 12:38:15,ANIME-USDT,time_features,0.036515
2025-03-26 12:38:15,ANIME-USDT,time_features,0.155280
2025-03-26 12:38:15,ANIME-USDT,multi_timeframe_features_total,0.799424
2025-03-26 12:38:15,ANIME-USDT,multi_timeframe_features,0.822783
2025-03-26 12:38:15,ANIME-USDT,statistical_features,6.851814
2025-03-26 12:38:15,ANIME-USDT,label_features,1742989095.239608
2025-03-26 12:38:15,ANIME-USDT,label_features,0.627462
2025-03-26 12:38:15,ANIME-USDT,compute_1d_features,1742989095.298295
2025-03-26 12:38:15,ANIME-USDT,multi_timeframe_features_total,0.990472
2025-03-26 12:38:15,ANIME-USDT,multi_timeframe_features,1.000035
2025-03-26 12:38:16,ANIME-USDT,pattern_features,0.652189
2025-03-26 12:38:16,ANIME-USDT,pattern_features,0.652532
2025-03-26 12:38:16,ANIME-USDT,time_features,0.004134
2025-03-26 12:38:16,ANIME-USDT,time_features,0.004294
2025-03-26 12:38:16,ANIME-USDT,compute_4h_features,1742989096.056792
2025-03-26 12:38:16,ANIME-USDT,label_features,1742989095.860033
2025-03-26 12:38:16,ANIME-USDT,label_features,0.262127
2025-03-26 12:38:16,ANIME-USDT,cleanup,0.016056
2025-03-26 12:38:16,ANIME-USDT,compute_all_features_total,12.598088
2025-03-26 12:38:16,APE-USDT,compute_1d_features,1742989096.090851
2025-03-26 12:38:16,APE-USDT,multi_timeframe_features_total,0.200436
2025-03-26 12:38:16,APE-USDT,label_features,1742989095.691847
2025-03-26 12:38:16,APE-USDT,statistical_features,6.606395
2025-03-26 12:38:16,APE-USDT,multi_timeframe_features,0.224988
2025-03-26 12:38:16,APE-USDT,compute_4h_features,1742989095.793774
2025-03-26 12:38:16,APE-USDT,cleanup,0.411600
2025-03-26 12:38:16,APE-USDT,statistical_features,6.810303
2025-03-26 12:38:16,APE-USDT,pattern_features,0.487664
2025-03-26 12:38:16,APE-USDT,compute_4h_features,1742989095.802938
2025-03-26 12:38:16,APE-USDT,compute_4h_features,1742989095.810144
2025-03-26 12:38:16,APE-USDT,compute_4h_features,1742989095.874388
2025-03-26 12:38:16,APE-USDT,label_features,0.718945
2025-03-26 12:38:16,APE-USDT,db_get_columns,0.154460
2025-03-26 12:38:16,APE-USDT,statistical_features,6.764518
2025-03-26 12:38:16,APE-USDT,statistical_features,7.195925
2025-03-26 12:38:16,APE-USDT,label_features,1742989095.973158
2025-03-26 12:38:16,APE-USDT,compute_4h_features,1742989095.732590
2025-03-26 12:38:16,APE-USDT,compute_all_features_total,12.467200
2025-03-26 12:38:16,APE-USDT,statistical_features,6.925120
2025-03-26 12:38:16,APE-USDT,pattern_features,0.579579
2025-03-26 12:38:16,APE-USDT,statistical_features,7.238039
2025-03-26 12:38:16,APE-USDT,label_features,0.516184
2025-03-26 12:38:16,API3-USDT,compute_1d_features,1742989096.429091
2025-03-26 12:38:16,API3-USDT,multi_timeframe_features_total,0.826186
2025-03-26 12:38:16,API3-USDT,fetch_data,0.162051
2025-03-26 12:38:16,API3-USDT,db_get_columns,0.029276
2025-03-26 12:38:16,API3-USDT,multi_timeframe_features,0.832130
2025-03-26 12:38:16,API3-USDT,compute_1d_features,1742989096.443546
2025-03-26 12:38:16,API3-USDT,compute_1d_features,1742989096.447536
2025-03-26 12:38:16,API3-USDT,multi_timeframe_features_total,0.974143
2025-03-26 12:38:16,API3-USDT,compute_1d_features,1742989096.452277
2025-03-26 12:38:16,API3-USDT,multi_timeframe_features_total,1.042809
2025-03-26 12:38:16,API3-USDT,multi_timeframe_features,0.998863
2025-03-26 12:38:16,API3-USDT,multi_timeframe_features_total,0.971721
2025-03-26 12:38:16,API3-USDT,multi_timeframe_features,1.075217
2025-03-26 12:38:16,API3-USDT,multi_timeframe_features,0.993202
2025-03-26 12:38:16,API3-USDT,compute_1d_features,1742989096.497054
2025-03-26 12:38:16,API3-USDT,multi_timeframe_features_total,1.141968
2025-03-26 12:38:16,API3-USDT,multi_timeframe_features,1.148433
2025-03-26 12:38:16,API3-USDT,fetch_data,0.160806
2025-03-26 12:38:17,API3-USDT,time_features,0.502365
2025-03-26 12:38:17,API3-USDT,time_features,0.510504
2025-03-26 12:38:17,API3-USDT,statistical_features,8.176136
2025-03-26 12:38:17,API3-USDT,statistical_features,8.184403
2025-03-26 12:38:17,API3-USDT,cleanup,0.767824
2025-03-26 12:38:17,API3-USDT,compute_all_features_total,13.030895
2025-03-26 12:38:17,API3-USDT,compute_4h_features,1742989097.079054
2025-03-26 12:38:17,API3-USDT,label_features,1742989096.420139
2025-03-26 12:38:17,API3-USDT,label_features,0.924251
2025-03-26 12:38:17,API3-USDT,cleanup,0.813507
2025-03-26 12:38:17,API3-USDT,compute_all_features_total,13.555778
2025-03-26 12:38:17,API3-USDT,compute_1d_features,1742989097.324285
2025-03-26 12:38:17,API3-USDT,multi_timeframe_features_total,0.524951
2025-03-26 12:38:17,API3-USDT,multi_timeframe_features,0.535260
2025-03-26 12:38:17,APT-USDT,db_get_columns,0.018785
2025-03-26 12:38:19,APT-USDT,label_features,1742989096.763407
2025-03-26 12:38:19,APT-USDT,price_action_features,2.656796
2025-03-26 12:38:19,APT-USDT,label_features,2.620509
2025-03-26 12:38:19,APT-USDT,price_action_features,2.683268
2025-03-26 12:38:19,APT-USDT,label_features,1742989096.827326
2025-03-26 12:38:19,APT-USDT,label_features,2.649611
2025-03-26 12:38:19,APT-USDT,fetch_data,1.819497
2025-03-26 12:38:19,APT-USDT,pattern_features,2.974212
2025-03-26 12:38:19,APT-USDT,pattern_features,3.124903
2025-03-26 12:38:19,APT-USDT,pattern_features,3.061465
2025-03-26 12:38:19,APT-USDT,label_features,1742989096.881515
2025-03-26 12:38:19,APT-USDT,label_features,1742989096.853498
2025-03-26 12:38:19,APT-USDT,pattern_features,3.149002
2025-03-26 12:38:19,APT-USDT,label_features,2.743395
2025-03-26 12:38:19,APT-USDT,label_features,2.779696
2025-03-26 12:38:19,APT-USDT,cleanup,2.283754
2025-03-26 12:38:19,APT-USDT,label_features,1742989096.845840
2025-03-26 12:38:19,APT-USDT,pattern_features,3.146328
2025-03-26 12:38:19,APT-USDT,price_action_features,2.663310
2025-03-26 12:38:19,APT-USDT,compute_all_features_total,16.198523
2025-03-26 12:38:19,APT-USDT,label_features,2.844923
2025-03-26 12:38:19,APT-USDT,pattern_features,3.178317
2025-03-26 12:38:19,APT-USDT,price_action_features,2.705978
2025-03-26 12:38:19,AR-USDT,db_get_columns,0.018544
2025-03-26 12:38:19,ARB-USDT,db_get_columns,0.012850
2025-03-26 12:38:19,ARB-USDT,pattern_features,2.847014
2025-03-26 12:38:19,ARB-USDT,pattern_features,2.860809
2025-03-26 12:38:19,ARB-USDT,time_features,0.373503
2025-03-26 12:38:20,ARB-USDT,cleanup,0.585035
2025-03-26 12:38:20,ARB-USDT,time_features,0.385323
2025-03-26 12:38:20,ARB-USDT,compute_all_features_total,16.321406
2025-03-26 12:38:20,ARB-USDT,fetch_data,0.167970
2025-03-26 12:38:20,ARB-USDT,time_features,0.379630
2025-03-26 12:38:20,ARB-USDT,time_features,0.488489
2025-03-26 12:38:20,ARB-USDT,label_features,1742989097.586840
2025-03-26 12:38:20,ARB-USDT,cleanup,0.655797
2025-03-26 12:38:20,ARB-USDT,label_features,2.560230
2025-03-26 12:38:20,ARB-USDT,compute_all_features_total,15.879226
2025-03-26 12:38:20,ARB-USDT,time_features,0.459047
2025-03-26 12:38:20,ARB-USDT,time_features,0.479296
2025-03-26 12:38:20,ARB-USDT,fetch_data,0.286938
2025-03-26 12:38:20,ARB-USDT,cleanup,0.737337
2025-03-26 12:38:20,ARB-USDT,compute_4h_features,1742989100.031208
2025-03-26 12:38:20,ARB-USDT,compute_all_features_total,17.130350
2025-03-26 12:38:20,ARB-USDT,cleanup,0.803689
2025-03-26 12:38:20,ARB-USDT,compute_all_features_total,16.736897
2025-03-26 12:38:20,ARB-USDT,compute_4h_features,1742989100.163163
2025-03-26 12:38:20,ARB-USDT,time_features,0.590878
2025-03-26 12:38:20,ARB-USDT,time_features,0.610456
2025-03-26 12:38:20,ARB-USDT,cleanup,0.869671
2025-03-26 12:38:20,ARB-USDT,compute_4h_features,1742989100.348089
2025-03-26 12:38:20,ARB-USDT,compute_all_features_total,16.999170
2025-03-26 12:38:20,ARB-USDT,price_action_features,1.057624
2025-03-26 12:38:20,ARB-USDT,price_action_features,1.074981
2025-03-26 12:38:20,ARB-USDT,compute_1d_features,1742989100.443692
2025-03-26 12:38:20,ARB-USDT,multi_timeframe_features_total,0.685604
2025-03-26 12:38:20,ARB-USDT,multi_timeframe_features,0.695348
2025-03-26 12:38:20,ARB-USDT,compute_4h_features,1742989100.631609
2025-03-26 12:38:20,ARB-USDT,compute_1d_features,1742989100.550190
2025-03-26 12:38:20,ARB-USDT,multi_timeframe_features_total,0.746943
2025-03-26 12:38:20,ARB-USDT,multi_timeframe_features,0.755842
2025-03-26 12:38:20,ARB-USDT,compute_1d_features,1742989100.629296
2025-03-26 12:38:20,ARB-USDT,multi_timeframe_features_total,0.714458
2025-03-26 12:38:20,ARB-USDT,multi_timeframe_features,0.725792
2025-03-26 12:38:20,ARB-USDT,cleanup,0.797072
2025-03-26 12:38:20,ARG-USDT,compute_all_features_total,17.602402
2025-03-26 12:38:21,ARG-USDT,db_get_columns,0.037539
2025-03-26 12:38:21,ARG-USDT,momentum_features,1.637747
2025-03-26 12:38:21,ARG-USDT,momentum_features,1.666310
2025-03-26 12:38:21,ARG-USDT,compute_1d_features,1742989100.864249
2025-03-26 12:38:21,ARKM-USDT,multi_timeframe_features_total,0.653602
2025-03-26 12:38:21,ARKM-USDT,multi_timeframe_features,0.674186
2025-03-26 12:38:21,ARKM-USDT,db_get_columns,0.024699
2025-03-26 12:38:21,ARKM-USDT,fetch_data,0.309529
2025-03-26 12:38:21,ARKM-USDT,price_action_features,1.329917
2025-03-26 12:38:21,ARKM-USDT,price_action_features,1.342831
2025-03-26 12:38:21,ARTY-USDT,db_get_columns,0.015629
2025-03-26 12:38:21,ARTY-USDT,fetch_data,0.263236
2025-03-26 12:38:21,ARTY-USDT,price_action_features,1.339234
2025-03-26 12:38:21,ARTY-USDT,price_action_features,1.345208
2025-03-26 12:38:21,ARTY-USDT,momentum_features,1.975554
2025-03-26 12:38:21,ARTY-USDT,momentum_features,1.988006
2025-03-26 12:38:21,ASTR-USDT,db_get_columns,0.021165
2025-03-26 12:38:21,ASTR-USDT,fetch_data,0.246378
2025-03-26 12:38:21,ATOM-USDT,label_features,1742989100.721806
2025-03-26 12:38:21,ATOM-USDT,db_get_columns,0.042738
2025-03-26 12:38:21,ATOM-USDT,label_features,1.231636
2025-03-26 12:38:21,ATOM-USDT,db_get_columns,0.043687
2025-03-26 12:38:22,ATOM-USDT,fetch_data,0.283705
2025-03-26 12:38:22,ATOM-USDT,fetch_data,0.220560
2025-03-26 12:38:22,ATOM-USDT,fetch_data,0.195678
2025-03-26 12:38:22,ATOM-USDT,label_features,1742989100.895754
2025-03-26 12:38:22,ATOM-USDT,label_features,1.473919
2025-03-26 12:38:22,AUCTION-USDT,label_features,1742989100.965863
2025-03-26 12:38:22,AUCTION-USDT,label_features,1.450201
2025-03-26 12:38:22,AUCTION-USDT,db_get_columns,0.022580
2025-03-26 12:38:22,AUCTION-USDT,momentum_features,1.853495
2025-03-26 12:38:22,AUCTION-USDT,momentum_features,1.865142
2025-03-26 12:38:22,AUCTION-USDT,label_features,1742989101.285617
2025-03-26 12:38:22,AUCTION-USDT,label_features,1.314984
2025-03-26 12:38:22,AUCTION-USDT,fetch_data,0.181057
2025-03-26 12:38:22,AUCTION-USDT,price_action_features,1.344317
2025-03-26 12:38:22,AUCTION-USDT,price_action_features,1.348526
2025-03-26 12:38:22,AUCTION-USDT,volatility_features,1.705226
2025-03-26 12:38:22,AUCTION-USDT,cleanup,0.864282
2025-03-26 12:38:22,AUCTION-USDT,volatility_features,1.714636
2025-03-26 12:38:22,AUCTION-USDT,compute_all_features_total,18.842694
2025-03-26 12:38:22,AUCTION-USDT,price_action_features,1.337486
2025-03-26 12:38:23,AUCTION-USDT,price_action_features,1.351629
2025-03-26 12:38:23,AUCTION-USDT,cleanup,0.641593
2025-03-26 12:38:23,AUCTION-USDT,compute_all_features_total,18.923975
2025-03-26 12:38:23,AUCTION-USDT,price_action_features,1.167267
2025-03-26 12:38:23,AUCTION-USDT,price_action_features,1.172988
2025-03-26 12:38:23,AUCTION-USDT,cleanup,0.631455
2025-03-26 12:38:23,AUCTION-USDT,compute_all_features_total,19.189210
2025-03-26 12:38:23,AUCTION-USDT,momentum_features,1.664766
2025-03-26 12:38:23,AUCTION-USDT,momentum_features,1.668610
2025-03-26 12:38:23,AUCTION-USDT,cleanup,0.585238
2025-03-26 12:38:23,AUCTION-USDT,compute_all_features_total,20.004561
2025-03-26 12:38:23,AUCTION-USDT,volatility_features,1.479573
2025-03-26 12:38:23,AUCTION-USDT,volatility_features,1.485592
2025-03-26 12:38:23,AUCTION-USDT,price_action_features,1.127218
2025-03-26 12:38:23,AUCTION-USDT,price_action_features,1.131841
2025-03-26 12:38:23,AUCTION-USDT,price_action_features,1.011080
2025-03-26 12:38:23,AUCTION-USDT,price_action_features,1.019475
2025-03-26 12:38:23,AUCTION-USDT,price_action_features,0.938010
2025-03-26 12:38:23,AUCTION-USDT,price_action_features,0.959711
2025-03-26 12:38:23,AUCTION-USDT,momentum_features,1.721766
2025-03-26 12:38:23,AUCTION-USDT,momentum_features,1.733903
2025-03-26 12:38:23,AUCTION-USDT,price_action_features,0.938931
2025-03-26 12:38:23,AUCTION-USDT,price_action_features,0.948992
2025-03-26 12:38:23,AVAX-USDT,db_get_columns,0.019703
2025-03-26 12:38:23,AVAX-USDT,volatility_features,1.447307
2025-03-26 12:38:24,AVAX-USDT,volatility_features,1.455925
2025-03-26 12:38:24,AXS-USDT,db_get_columns,0.017636
2025-03-26 12:38:24,BABYDOGE-USDT,fetch_data,0.188052
2025-03-26 12:38:24,BABYDOGE-USDT,db_get_columns,0.089957
2025-03-26 12:38:24,BADGER-USDT,volume_features,1.419822
2025-03-26 12:38:24,BADGER-USDT,volume_features,1.429561
2025-03-26 12:38:24,BADGER-USDT,db_get_columns,0.019085
2025-03-26 12:38:24,BADGER-USDT,momentum_features,1.522506
2025-03-26 12:38:24,BADGER-USDT,momentum_features,1.531101
2025-03-26 12:38:24,BADGER-USDT,fetch_data,0.302576
2025-03-26 12:38:24,BADGER-USDT,fetch_data,0.236752
2025-03-26 12:38:24,BADGER-USDT,fetch_data,0.297410
2025-03-26 12:38:24,BADGER-USDT,momentum_features,1.738512
2025-03-26 12:38:24,BADGER-USDT,momentum_features,1.745522
2025-03-26 12:38:24,BADGER-USDT,volatility_features,1.645733
2025-03-26 12:38:24,BADGER-USDT,momentum_features,1.807933
2025-03-26 12:38:24,BADGER-USDT,volatility_features,1.712646
2025-03-26 12:38:24,BADGER-USDT,momentum_features,1.848482
2025-03-26 12:38:25,BADGER-USDT,volume_features,1.799072
2025-03-26 12:38:25,BADGER-USDT,volume_features,1.804775
2025-03-26 12:38:25,BADGER-USDT,momentum_features,1.766297
2025-03-26 12:38:25,BADGER-USDT,momentum_features,1.771707
2025-03-26 12:38:25,BADGER-USDT,momentum_features,1.776066
2025-03-26 12:38:25,BADGER-USDT,momentum_features,1.793207
2025-03-26 12:38:25,BADGER-USDT,momentum_features,1.882184
2025-03-26 12:38:25,BADGER-USDT,momentum_features,1.903457
2025-03-26 12:38:25,BADGER-USDT,volatility_features,1.780313
2025-03-26 12:38:25,BADGER-USDT,volatility_features,1.790662
2025-03-26 12:38:25,BADGER-USDT,price_action_features,1.250013
2025-03-26 12:38:25,BADGER-USDT,price_action_features,1.281794
2025-03-26 12:38:25,BADGER-USDT,volatility_features,1.192034
2025-03-26 12:38:25,BADGER-USDT,volatility_features,1.192264
2025-03-26 12:38:25,BADGER-USDT,volume_features,0.349159
2025-03-26 12:38:25,BADGER-USDT,volume_features,0.349340
2025-03-26 12:38:25,BADGER-USDT,price_action_features,1.231978
2025-03-26 12:38:25,BADGER-USDT,price_action_features,1.247739
2025-03-26 12:38:25,BADGER-USDT,momentum_features,2.070743
2025-03-26 12:38:25,BADGER-USDT,momentum_features,2.097141
2025-03-26 12:38:25,BADGER-USDT,volume_features,1.753652
2025-03-26 12:38:25,BADGER-USDT,volume_features,1.821602
2025-03-26 12:38:25,BADGER-USDT,volatility_features,0.882358
2025-03-26 12:38:25,BADGER-USDT,volatility_features,0.992663
2025-03-26 12:38:26,BADGER-USDT,volatility_features,0.795072
2025-03-26 12:38:26,BADGER-USDT,volatility_features,0.797882
2025-03-26 12:38:26,BADGER-USDT,price_action_features,1.507085
2025-03-26 12:38:26,BADGER-USDT,price_action_features,1.541429
2025-03-26 12:38:26,BADGER-USDT,price_action_features,1.529609
2025-03-26 12:38:26,BADGER-USDT,price_action_features,1.534902
2025-03-26 12:38:26,BADGER-USDT,volume_features,1.338084
2025-03-26 12:38:26,BADGER-USDT,volume_features,1.354836
2025-03-26 12:38:26,BADGER-USDT,volatility_features,1.358306
2025-03-26 12:38:26,BADGER-USDT,volatility_features,1.374009
2025-03-26 12:38:26,BADGER-USDT,volatility_features,1.828028
2025-03-26 12:38:26,BADGER-USDT,volatility_features,1.836145
2025-03-26 12:38:26,BADGER-USDT,volatility_features,1.427118
2025-03-26 12:38:26,BADGER-USDT,volatility_features,1.470783
2025-03-26 12:38:26,BADGER-USDT,volatility_features,0.867505
2025-03-26 12:38:26,BADGER-USDT,volatility_features,0.883092
2025-03-26 12:38:26,BADGER-USDT,volume_features,1.259940
2025-03-26 12:38:26,BADGER-USDT,volume_features,1.281211
2025-03-26 12:38:26,BADGER-USDT,volume_features,0.951761
2025-03-26 12:38:26,BADGER-USDT,volume_features,0.992543
2025-03-26 12:38:27,BADGER-USDT,momentum_features,1.499283
2025-03-26 12:38:27,BADGER-USDT,momentum_features,1.273132
2025-03-26 12:38:27,BADGER-USDT,momentum_features,1.518631
2025-03-26 12:38:27,BADGER-USDT,momentum_features,1.277707
2025-03-26 12:38:27,BADGER-USDT,volume_features,1.416951
2025-03-26 12:38:27,BADGER-USDT,volume_features,1.417213
2025-03-26 12:38:27,BADGER-USDT,volume_features,0.932493
2025-03-26 12:38:27,BADGER-USDT,volume_features,0.932740
2025-03-26 12:38:27,BADGER-USDT,momentum_features,1.747516
2025-03-26 12:38:27,BADGER-USDT,momentum_features,1.747730
2025-03-26 12:38:27,BADGER-USDT,volume_features,1.254010
2025-03-26 12:38:27,BADGER-USDT,volume_features,1.273223
2025-03-26 12:38:28,BADGER-USDT,volume_features,1.493091
2025-03-26 12:38:28,BADGER-USDT,volume_features,1.524322
2025-03-26 12:38:28,BADGER-USDT,momentum_features,1.763969
2025-03-26 12:38:28,BADGER-USDT,momentum_features,1.785812
2025-03-26 12:38:28,BADGER-USDT,volume_features,1.575531
2025-03-26 12:38:28,BADGER-USDT,volume_features,1.578235
2025-03-26 12:38:28,BADGER-USDT,volatility_features,1.401444
2025-03-26 12:38:28,BADGER-USDT,volatility_features,1.427658
2025-03-26 12:38:28,BADGER-USDT,volatility_features,0.798221
2025-03-26 12:38:28,BADGER-USDT,volatility_features,0.808665
2025-03-26 12:38:28,BADGER-USDT,volatility_features,1.654826
2025-03-26 12:38:28,BADGER-USDT,volatility_features,1.657678
2025-03-26 12:38:28,BADGER-USDT,volatility_features,0.734721
2025-03-26 12:38:28,BADGER-USDT,volatility_features,0.744117
2025-03-26 12:38:29,BADGER-USDT,volume_features,0.626015
2025-03-26 12:38:29,BADGER-USDT,volume_features,0.626206
2025-03-26 12:38:29,BADGER-USDT,volume_features,0.732690
2025-03-26 12:38:29,BADGER-USDT,volume_features,0.741501
2025-03-26 12:38:29,BADGER-USDT,volume_features,0.883145
2025-03-26 12:38:29,BADGER-USDT,volume_features,0.889346
2025-03-26 12:38:29,BADGER-USDT,volume_features,0.991379
2025-03-26 12:38:29,BADGER-USDT,volume_features,1.018924
2025-03-26 12:38:29,BADGER-USDT,statistical_features,4.889103
2025-03-26 12:38:30,BADGER-USDT,statistical_features,4.946957
2025-03-26 12:38:30,BADGER-USDT,pattern_features,0.575787
2025-03-26 12:38:30,BADGER-USDT,pattern_features,0.575946
2025-03-26 12:38:30,BADGER-USDT,time_features,0.004199
2025-03-26 12:38:30,BADGER-USDT,time_features,0.004290
2025-03-26 12:38:30,BADGER-USDT,statistical_features,6.280856
2025-03-26 12:38:30,BADGER-USDT,statistical_features,6.286840
2025-03-26 12:38:30,BADGER-USDT,pattern_features,0.364964
2025-03-26 12:38:30,BADGER-USDT,pattern_features,0.368474
2025-03-26 12:38:31,BADGER-USDT,compute_4h_features,1742989110.586237
2025-03-26 12:38:31,BADGER-USDT,time_features,0.085634
2025-03-26 12:38:31,BADGER-USDT,time_features,0.088485
2025-03-26 12:38:31,BADGER-USDT,compute_1d_features,1742989111.058480
2025-03-26 12:38:31,BADGER-USDT,multi_timeframe_features_total,0.782377
2025-03-26 12:38:31,BADGER-USDT,compute_4h_features,1742989111.072775
2025-03-26 12:38:31,BADGER-USDT,multi_timeframe_features,0.888434
2025-03-26 12:38:31,BADGER-USDT,statistical_features,3.891909
2025-03-26 12:38:31,BADGER-USDT,statistical_features,3.912397
2025-03-26 12:38:31,BADGER-USDT,statistical_features,4.192983
2025-03-26 12:38:31,BADGER-USDT,statistical_features,4.198824
2025-03-26 12:38:31,BADGER-USDT,compute_1d_features,1742989111.486833
2025-03-26 12:38:31,BADGER-USDT,multi_timeframe_features_total,0.629886
2025-03-26 12:38:31,BADGER-USDT,multi_timeframe_features,0.650954
2025-03-26 12:38:31,BADGER-USDT,statistical_features,4.900227
2025-03-26 12:38:31,BADGER-USDT,statistical_features,4.911705
2025-03-26 12:38:31,BADGER-USDT,statistical_features,3.897532
2025-03-26 12:38:31,BADGER-USDT,statistical_features,3.908196
2025-03-26 12:38:31,BADGER-USDT,label_features,1742989111.506988
2025-03-26 12:38:31,BADGER-USDT,label_features,0.450647
2025-03-26 12:38:32,BADGER-USDT,pattern_features,0.608109
2025-03-26 12:38:32,BADGER-USDT,pattern_features,0.619850
2025-03-26 12:38:32,BADGER-USDT,label_features,1742989111.720766
2025-03-26 12:38:32,BADGER-USDT,label_features,0.450288
2025-03-26 12:38:32,BADGER-USDT,cleanup,0.251156
2025-03-26 12:38:32,BADGER-USDT,compute_all_features_total,15.236533
2025-03-26 12:38:32,BADGER-USDT,pattern_features,0.587897
2025-03-26 12:38:32,BADGER-USDT,pattern_features,0.616853
2025-03-26 12:38:32,BADGER-USDT,pattern_features,0.489958
2025-03-26 12:38:32,BADGER-USDT,pattern_features,0.491357
2025-03-26 12:38:32,BADGER-USDT,time_features,0.021937
2025-03-26 12:38:32,BADGER-USDT,time_features,0.044739
2025-03-26 12:38:32,BADGER-USDT,time_features,0.171335
2025-03-26 12:38:32,BADGER-USDT,time_features,0.177387
2025-03-26 12:38:32,BADGER-USDT,time_features,0.191609
2025-03-26 12:38:32,BADGER-USDT,time_features,0.223577
2025-03-26 12:38:32,BADGER-USDT,cleanup,0.290102
2025-03-26 12:38:32,BADGER-USDT,compute_all_features_total,15.766464
2025-03-26 12:38:32,BADGER-USDT,compute_4h_features,1742989112.319497
2025-03-26 12:38:32,BADGER-USDT,pattern_features,0.723066
2025-03-26 12:38:32,BADGER-USDT,pattern_features,0.725383
2025-03-26 12:38:32,BADGER-USDT,compute_4h_features,1742989112.346977
2025-03-26 12:38:32,BADGER-USDT,statistical_features,4.437067
2025-03-26 12:38:32,BADGER-USDT,statistical_features,4.438989
2025-03-26 12:38:32,BADGER-USDT,time_features,0.091190
2025-03-26 12:38:32,BADGER-USDT,time_features,0.110165
2025-03-26 12:38:32,BADGER-USDT,compute_4h_features,1742989112.507157
2025-03-26 12:38:32,BADGER-USDT,compute_1d_features,1742989112.640403
2025-03-26 12:38:32,BADGER-USDT,multi_timeframe_features_total,0.594369
2025-03-26 12:38:32,BADGER-USDT,compute_1d_features,1742989112.599957
2025-03-26 12:38:32,BADGER-USDT,multi_timeframe_features,0.596606
2025-03-26 12:38:32,BADGER-USDT,multi_timeframe_features_total,0.638737
2025-03-26 12:38:32,BADGER-USDT,multi_timeframe_features,0.658067
2025-03-26 12:38:33,BADGER-USDT,compute_4h_features,1742989112.773455
2025-03-26 12:38:33,BADGER-USDT,compute_1d_features,1742989112.903323
2025-03-26 12:38:33,BADGER-USDT,multi_timeframe_features_total,0.717562
2025-03-26 12:38:33,BADGER-USDT,multi_timeframe_features,0.723769
2025-03-26 12:38:33,BAL-USDT,compute_1d_features,1742989113.050561
2025-03-26 12:38:33,BAL-USDT,multi_timeframe_features_total,0.530883
2025-03-26 12:38:33,BAL-USDT,multi_timeframe_features,0.548901
2025-03-26 12:38:33,BAL-USDT,statistical_features,4.205917
2025-03-26 12:38:33,BAL-USDT,pattern_features,0.633565
2025-03-26 12:38:33,BAL-USDT,statistical_features,4.216077
2025-03-26 12:38:33,BAL-USDT,pattern_features,0.654291
2025-03-26 12:38:33,BAL-USDT,statistical_features,7.721814
2025-03-26 12:38:33,BAL-USDT,statistical_features,7.788090
2025-03-26 12:38:33,BAL-USDT,statistical_features,7.119069
2025-03-26 12:38:33,BAL-USDT,statistical_features,7.160591
2025-03-26 12:38:33,BANANA-USDT,label_features,1742989112.952324
2025-03-26 12:38:33,BANANA-USDT,label_features,0.557080
2025-03-26 12:38:33,BANANA-USDT,label_features,1742989112.967966
2025-03-26 12:38:33,BANANA-USDT,label_features,0.564011
2025-03-26 12:38:33,BANANA-USDT,statistical_features,6.615772
2025-03-26 12:38:33,BANANA-USDT,statistical_features,6.636007
2025-03-26 12:38:33,BANANA-USDT,time_features,0.201992
2025-03-26 12:38:33,BANANA-USDT,time_features,0.218802
2025-03-26 12:38:33,BANANA-USDT,db_get_columns,0.023935
2025-03-26 12:38:33,BANANA-USDT,label_features,1742989113.301167
2025-03-26 12:38:33,BANANA-USDT,label_features,0.436101
2025-03-26 12:38:33,BANANA-USDT,label_features,1742989113.204858
2025-03-26 12:38:33,BANANA-USDT,label_features,0.588769
2025-03-26 12:38:33,BANANA-USDT,statistical_features,4.265895
2025-03-26 12:38:33,BANANA-USDT,statistical_features,4.283063
2025-03-26 12:38:34,BANANA-USDT,compute_4h_features,1742989113.648785
2025-03-26 12:38:34,BANANA-USDT,db_get_columns,0.540052
2025-03-26 12:38:34,BANANA-USDT,cleanup,0.700577
2025-03-26 12:38:34,BANANA-USDT,compute_all_features_total,11.859406
2025-03-26 12:38:34,BANANA-USDT,fetch_data,0.567297
2025-03-26 12:38:34,BANANA-USDT,pattern_features,0.988627
2025-03-26 12:38:34,BANANA-USDT,pattern_features,0.988862
2025-03-26 12:38:34,BANANA-USDT,cleanup,0.863734
2025-03-26 12:38:34,BANANA-USDT,cleanup,0.678491
2025-03-26 12:38:34,BANANA-USDT,statistical_features,8.578456
2025-03-26 12:38:34,BANANA-USDT,time_features,0.066462
2025-03-26 12:38:34,BANANA-USDT,compute_all_features_total,12.987067
2025-03-26 12:38:34,BANANA-USDT,compute_all_features_total,11.737765
2025-03-26 12:38:34,BANANA-USDT,statistical_features,8.604411
2025-03-26 12:38:34,BANANA-USDT,time_features,0.089804
2025-03-26 12:38:34,BANANA-USDT,compute_1d_features,1742989114.210157
2025-03-26 12:38:34,BANANA-USDT,multi_timeframe_features_total,0.919466
2025-03-26 12:38:34,BANANA-USDT,multi_timeframe_features,0.926550
2025-03-26 12:38:34,BANANA-USDT,cleanup,0.767727
2025-03-26 12:38:34,BANANA-USDT,compute_all_features_total,12.439526
2025-03-26 12:38:34,BANANA-USDT,pattern_features,1.272258
2025-03-26 12:38:34,BANANA-USDT,pattern_features,1.304384
2025-03-26 12:38:34,BANANA-USDT,price_action_features,0.420577
2025-03-26 12:38:34,BANANA-USDT,price_action_features,0.463197
2025-03-26 12:38:34,BANANA-USDT,compute_4h_features,1742989114.542009
2025-03-26 12:38:34,BANANA-USDT,pattern_features,1.410132
2025-03-26 12:38:34,BANANA-USDT,pattern_features,1.427599
2025-03-26 12:38:34,BANANA-USDT,pattern_features,1.310475
2025-03-26 12:38:34,BANANA-USDT,pattern_features,1.086376
2025-03-26 12:38:34,BANANA-USDT,pattern_features,1.333661
2025-03-26 12:38:34,BANANA-USDT,pattern_features,1.113245
2025-03-26 12:38:34,BANANA-USDT,fetch_data,0.752798
2025-03-26 12:38:35,BANANA-USDT,time_features,0.211117
2025-03-26 12:38:35,BANANA-USDT,time_features,0.217718
2025-03-26 12:38:35,BANANA-USDT,time_features,0.512904
2025-03-26 12:38:35,BANANA-USDT,compute_1d_features,1742989114.849818
2025-03-26 12:38:35,BANANA-USDT,time_features,0.515570
2025-03-26 12:38:35,BANANA-USDT,multi_timeframe_features_total,0.754082
2025-03-26 12:38:35,BANANA-USDT,multi_timeframe_features,0.761556
2025-03-26 12:38:35,BANANA-USDT,compute_4h_features,1742989115.102081
2025-03-26 12:38:35,BANANA-USDT,time_features,0.380784
2025-03-26 12:38:35,BANANA-USDT,time_features,0.396244
2025-03-26 12:38:35,BANANA-USDT,time_features,0.354286
2025-03-26 12:38:35,BANANA-USDT,time_features,0.382614
2025-03-26 12:38:35,BANANA-USDT,compute_4h_features,1742989115.279811
2025-03-26 12:38:35,BANANA-USDT,label_features,1742989114.550141
2025-03-26 12:38:35,BANANA-USDT,label_features,0.920408
2025-03-26 12:38:35,BANANA-USDT,compute_4h_features,1742989115.344619
2025-03-26 12:38:35,BANANA-USDT,pattern_features,1.018934
2025-03-26 12:38:35,BANANA-USDT,compute_1d_features,1742989115.321839
2025-03-26 12:38:35,BANANA-USDT,pattern_features,1.049234
2025-03-26 12:38:35,BANANA-USDT,compute_4h_features,1742989115.364192
2025-03-26 12:38:35,BANANA-USDT,multi_timeframe_features_total,0.477629
2025-03-26 12:38:35,BANANA-USDT,multi_timeframe_features,0.508672
2025-03-26 12:38:35,BANANA-USDT,compute_1d_features,1742989115.443802
2025-03-26 12:38:35,BANANA-USDT,multi_timeframe_features_total,0.478375
2025-03-26 12:38:35,BANANA-USDT,compute_1d_features,1742989115.594464
2025-03-26 12:38:35,BANANA-USDT,compute_1d_features,1742989115.531718
2025-03-26 12:38:35,BANANA-USDT,cleanup,0.225192
2025-03-26 12:38:35,BANANA-USDT,compute_all_features_total,14.112481
2025-03-26 12:38:35,BANANA-USDT,multi_timeframe_features,0.482543
2025-03-26 12:38:35,BANANA-USDT,multi_timeframe_features_total,0.403064
2025-03-26 12:38:35,BANANA-USDT,multi_timeframe_features,0.422099
2025-03-26 12:38:35,BANANA-USDT,price_action_features,0.602018
2025-03-26 12:38:35,BANANA-USDT,price_action_features,0.683161
2025-03-26 12:38:35,BANANA-USDT,multi_timeframe_features_total,0.421028
2025-03-26 12:38:35,BANANA-USDT,time_features,0.200872
2025-03-26 12:38:35,BANANA-USDT,momentum_features,0.950524
2025-03-26 12:38:35,BANANA-USDT,multi_timeframe_features,0.457304
2025-03-26 12:38:35,BANANA-USDT,time_features,0.213436
2025-03-26 12:38:35,BANANA-USDT,label_features,1742989115.273661
2025-03-26 12:38:35,BANANA-USDT,label_features,0.535194
2025-03-26 12:38:35,BANANA-USDT,momentum_features,0.964116
2025-03-26 12:38:36,BAT-USDT,db_get_columns,0.008769
2025-03-26 12:38:36,BAT-USDT,fetch_data,0.053015
2025-03-26 12:38:36,BAT-USDT,price_action_features,0.023750
2025-03-26 12:38:36,BAT-USDT,price_action_features,0.023910
2025-03-26 12:38:36,BAT-USDT,momentum_features,0.058922
2025-03-26 12:38:36,BAT-USDT,momentum_features,0.059335
2025-03-26 12:38:36,BAT-USDT,volatility_features,0.023601
2025-03-26 12:38:36,BAT-USDT,volatility_features,0.023907
2025-03-26 12:38:36,BAT-USDT,volume_features,0.040196
2025-03-26 12:38:36,BAT-USDT,volume_features,0.040545
2025-03-26 12:38:36,BAT-USDT,statistical_features,0.197448
2025-03-26 12:38:36,BAT-USDT,statistical_features,0.197662
2025-03-26 12:38:36,BAT-USDT,pattern_features,0.022649
2025-03-26 12:38:36,BAT-USDT,pattern_features,0.022882
2025-03-26 12:38:36,BAT-USDT,time_features,0.003708
2025-03-26 12:38:36,BAT-USDT,time_features,0.003846
2025-03-26 12:38:36,BAT-USDT,compute_4h_features,1742989116.508196
2025-03-26 12:38:36,BAT-USDT,compute_1d_features,1742989116.536705
2025-03-26 12:38:36,BAT-USDT,multi_timeframe_features_total,0.048525
2025-03-26 12:38:36,BAT-USDT,multi_timeframe_features,0.048602
2025-03-26 12:38:36,BAT-USDT,label_features,1742989116.556660
2025-03-26 12:38:36,BAT-USDT,label_features,0.019203
2025-03-26 12:38:36,BAT-USDT,cleanup,0.013749
2025-03-26 12:38:36,BAT-USDT,compute_all_features_total,0.455042
2025-03-26 12:38:36,BCH-USDT,db_get_columns,0.005473
2025-03-26 12:38:36,BCH-USDT,fetch_data,0.027737
2025-03-26 12:38:36,BCH-USDT,price_action_features,0.019474
2025-03-26 12:38:36,BCH-USDT,price_action_features,0.019625
2025-03-26 12:38:36,BCH-USDT,momentum_features,0.049769
2025-03-26 12:38:36,BCH-USDT,momentum_features,0.050019
2025-03-26 12:38:36,BCH-USDT,volatility_features,0.021045
2025-03-26 12:38:36,BCH-USDT,volatility_features,0.021229
2025-03-26 12:38:36,BCH-USDT,volume_features,0.036086
2025-03-26 12:38:36,BCH-USDT,volume_features,0.036322
2025-03-26 12:38:37,BCH-USDT,statistical_features,0.206892
2025-03-26 12:38:37,BCH-USDT,statistical_features,0.207096
2025-03-26 12:38:37,BCH-USDT,pattern_features,0.023750
2025-03-26 12:38:37,BCH-USDT,pattern_features,0.023976
2025-03-26 12:38:37,BCH-USDT,time_features,0.003539
2025-03-26 12:38:37,BCH-USDT,time_features,0.003649
2025-03-26 12:38:37,BCH-USDT,compute_4h_features,1742989117.080299
2025-03-26 12:38:37,BCH-USDT,compute_1d_features,1742989117.107539
2025-03-26 12:38:37,BCH-USDT,multi_timeframe_features_total,0.047677
2025-03-26 12:38:37,BCH-USDT,multi_timeframe_features,0.047772
2025-03-26 12:38:37,BCH-USDT,label_features,1742989117.127950
2025-03-26 12:38:37,BCH-USDT,label_features,0.022880
2025-03-26 12:38:37,BCH-USDT,cleanup,0.013493
2025-03-26 12:38:37,BCH-USDT,compute_all_features_total,0.447338
2025-03-26 12:38:37,BERA-USDT,db_get_columns,0.005365
2025-03-26 12:38:37,BERA-USDT,fetch_data,0.033199
2025-03-26 12:38:37,BERA-USDT,price_action_features,0.019399
2025-03-26 12:38:37,BERA-USDT,price_action_features,0.019556
2025-03-26 12:38:37,BERA-USDT,momentum_features,0.049464
2025-03-26 12:38:37,BERA-USDT,momentum_features,0.049709
2025-03-26 12:38:37,BERA-USDT,volatility_features,0.021081
2025-03-26 12:38:37,BERA-USDT,volatility_features,0.021287
2025-03-26 12:38:37,BERA-USDT,volume_features,0.035856
2025-03-26 12:38:37,BERA-USDT,volume_features,0.036054
2025-03-26 12:38:37,BERA-USDT,statistical_features,0.193911
2025-03-26 12:38:37,BERA-USDT,statistical_features,0.194128
2025-03-26 12:38:37,BERA-USDT,pattern_features,0.022325
2025-03-26 12:38:37,BERA-USDT,pattern_features,0.022515
2025-03-26 12:38:37,BERA-USDT,time_features,0.003225
2025-03-26 12:38:37,BERA-USDT,time_features,0.003324
2025-03-26 12:38:37,BERA-USDT,compute_4h_features,1742989117.650624
2025-03-26 12:38:37,BERA-USDT,compute_1d_features,1742989117.677386
2025-03-26 12:38:37,BERA-USDT,multi_timeframe_features_total,0.046053
2025-03-26 12:38:37,BERA-USDT,multi_timeframe_features,0.046121
2025-03-26 12:38:37,BERA-USDT,label_features,1742989117.696629
2025-03-26 12:38:37,BERA-USDT,label_features,0.018730
2025-03-26 12:38:37,BERA-USDT,cleanup,0.013774
2025-03-26 12:38:37,BERA-USDT,compute_all_features_total,0.426448
2025-03-26 12:38:37,BETH-USDT,db_get_columns,0.005311
2025-03-26 12:38:37,BETH-USDT,fetch_data,0.023010
2025-03-26 12:38:37,BETH-USDT,price_action_features,0.020080
2025-03-26 12:38:37,BETH-USDT,price_action_features,0.020253
2025-03-26 12:38:37,BETH-USDT,momentum_features,0.050676
2025-03-26 12:38:37,BETH-USDT,momentum_features,0.050931
2025-03-26 12:38:37,BETH-USDT,volatility_features,0.021305
2025-03-26 12:38:37,BETH-USDT,volatility_features,0.021544
2025-03-26 12:38:37,BETH-USDT,volume_features,0.036119
2025-03-26 12:38:37,BETH-USDT,volume_features,0.036384
2025-03-26 12:38:38,BETH-USDT,statistical_features,0.224281
2025-03-26 12:38:38,BETH-USDT,statistical_features,0.224488
2025-03-26 12:38:38,BETH-USDT,pattern_features,0.025136
2025-03-26 12:38:38,BETH-USDT,pattern_features,0.025394
2025-03-26 12:38:38,BETH-USDT,time_features,0.004323
2025-03-26 12:38:38,BETH-USDT,time_features,0.004451
2025-03-26 12:38:38,BETH-USDT,compute_4h_features,1742989118.239795
2025-03-26 12:38:38,BETH-USDT,compute_1d_features,1742989118.274986
2025-03-26 12:38:38,BETH-USDT,multi_timeframe_features_total,0.059566
2025-03-26 12:38:38,BETH-USDT,multi_timeframe_features,0.059654
2025-03-26 12:38:38,BETH-USDT,label_features,1742989118.299287
2025-03-26 12:38:38,BETH-USDT,label_features,0.022683
2025-03-26 12:38:38,BETH-USDT,cleanup,0.016247
2025-03-26 12:38:38,BETH-USDT,compute_all_features_total,0.483432
2025-03-26 12:38:38,BICO-USDT,db_get_columns,0.006468
2025-03-26 12:38:38,BICO-USDT,fetch_data,0.025223
2025-03-26 12:38:38,BICO-USDT,price_action_features,0.020384
2025-03-26 12:38:38,BICO-USDT,price_action_features,0.020535
2025-03-26 12:38:38,BICO-USDT,momentum_features,0.057261
2025-03-26 12:38:38,BICO-USDT,momentum_features,0.057556
2025-03-26 12:38:38,BICO-USDT,volatility_features,0.021253
2025-03-26 12:38:38,BICO-USDT,volatility_features,0.021482
2025-03-26 12:38:38,BICO-USDT,volume_features,0.036025
2025-03-26 12:38:38,BICO-USDT,volume_features,0.036245
2025-03-26 12:38:38,BICO-USDT,statistical_features,0.201809
2025-03-26 12:38:38,BICO-USDT,statistical_features,0.202151
2025-03-26 12:38:38,BICO-USDT,pattern_features,0.024874
2025-03-26 12:38:38,BICO-USDT,pattern_features,0.025111
2025-03-26 12:38:38,BICO-USDT,time_features,0.003747
2025-03-26 12:38:38,BICO-USDT,time_features,0.003871
2025-03-26 12:38:38,BICO-USDT,compute_4h_features,1742989118.847233
2025-03-26 12:38:38,BICO-USDT,compute_1d_features,1742989118.882030
2025-03-26 12:38:38,BICO-USDT,multi_timeframe_features_total,0.058398
2025-03-26 12:38:38,BICO-USDT,multi_timeframe_features,0.058500
2025-03-26 12:38:38,BICO-USDT,label_features,1742989118.905586
2025-03-26 12:38:38,BICO-USDT,label_features,0.021362
2025-03-26 12:38:38,BICO-USDT,cleanup,0.013314
2025-03-26 12:38:38,BICO-USDT,compute_all_features_total,0.461720
2025-03-26 12:38:38,BIGTIME-USDT,db_get_columns,0.004983
2025-03-26 12:38:38,BIGTIME-USDT,fetch_data,0.022551
2025-03-26 12:38:39,BIGTIME-USDT,price_action_features,0.019319
2025-03-26 12:38:39,BIGTIME-USDT,price_action_features,0.019468
2025-03-26 12:38:39,BIGTIME-USDT,momentum_features,0.050172
2025-03-26 12:38:39,BIGTIME-USDT,momentum_features,0.050430
2025-03-26 12:38:39,BIGTIME-USDT,volatility_features,0.021091
2025-03-26 12:38:39,BIGTIME-USDT,volatility_features,0.021288
2025-03-26 12:38:39,BIGTIME-USDT,volume_features,0.037233
2025-03-26 12:38:39,BIGTIME-USDT,volume_features,0.037567
2025-03-26 12:38:39,BIGTIME-USDT,statistical_features,0.202176
2025-03-26 12:38:39,BIGTIME-USDT,statistical_features,0.202390
2025-03-26 12:38:39,BIGTIME-USDT,pattern_features,0.021783
2025-03-26 12:38:39,BIGTIME-USDT,pattern_features,0.021999
2025-03-26 12:38:39,BIGTIME-USDT,time_features,0.003264
2025-03-26 12:38:39,BIGTIME-USDT,time_features,0.003373
2025-03-26 12:38:39,BIGTIME-USDT,compute_4h_features,1742989119.417119
2025-03-26 12:38:39,BIGTIME-USDT,compute_1d_features,1742989119.443811
2025-03-26 12:38:39,BIGTIME-USDT,multi_timeframe_features_total,0.045590
2025-03-26 12:38:39,BIGTIME-USDT,multi_timeframe_features,0.045641
2025-03-26 12:38:39,BIGTIME-USDT,label_features,1742989119.462615
2025-03-26 12:38:39,BIGTIME-USDT,label_features,0.022228
2025-03-26 12:38:39,BIGTIME-USDT,cleanup,0.012573
2025-03-26 12:38:39,BIGTIME-USDT,compute_all_features_total,0.438200
2025-03-26 12:38:39,BIO-USDT,db_get_columns,0.008002
2025-03-26 12:38:39,BIO-USDT,fetch_data,0.018664
2025-03-26 12:38:39,BIO-USDT,price_action_features,0.019158
2025-03-26 12:38:39,BIO-USDT,price_action_features,0.019303
2025-03-26 12:38:39,BIO-USDT,momentum_features,0.050239
2025-03-26 12:38:39,BIO-USDT,momentum_features,0.050491
2025-03-26 12:38:39,BIO-USDT,volatility_features,0.020854
2025-03-26 12:38:39,BIO-USDT,volatility_features,0.021033
2025-03-26 12:38:39,BIO-USDT,volume_features,0.035658
2025-03-26 12:38:39,BIO-USDT,volume_features,0.035870
2025-03-26 12:38:39,BIO-USDT,statistical_features,0.197512
2025-03-26 12:38:39,BIO-USDT,statistical_features,0.197706
2025-03-26 12:38:39,BIO-USDT,pattern_features,0.021238
2025-03-26 12:38:39,BIO-USDT,pattern_features,0.021407
2025-03-26 12:38:39,BIO-USDT,time_features,0.003051
2025-03-26 12:38:39,BIO-USDT,time_features,0.003142
2025-03-26 12:38:39,BIO-USDT,compute_4h_features,1742989119.964579
2025-03-26 12:38:40,BIO-USDT,compute_1d_features,1742989119.990312
2025-03-26 12:38:40,BIO-USDT,multi_timeframe_features_total,0.043963
2025-03-26 12:38:40,BIO-USDT,multi_timeframe_features,0.044024
2025-03-26 12:38:40,BIO-USDT,label_features,1742989120.008482
2025-03-26 12:38:40,BIO-USDT,label_features,0.018210
2025-03-26 12:38:40,BIO-USDT,cleanup,0.012526
2025-03-26 12:38:40,BIO-USDT,compute_all_features_total,0.424937
2025-03-26 12:38:40,BLUR-USDT,db_get_columns,0.008378
2025-03-26 12:38:40,BLUR-USDT,fetch_data,0.018907
2025-03-26 12:38:40,BLUR-USDT,price_action_features,0.020805
2025-03-26 12:38:40,BLUR-USDT,price_action_features,0.021038
2025-03-26 12:38:40,BLUR-USDT,momentum_features,0.053126
2025-03-26 12:38:40,BLUR-USDT,momentum_features,0.053331
2025-03-26 12:38:40,BLUR-USDT,volatility_features,0.022541
2025-03-26 12:38:40,BLUR-USDT,volatility_features,0.022680
2025-03-26 12:38:40,BLUR-USDT,volume_features,0.037243
2025-03-26 12:38:40,BLUR-USDT,volume_features,0.037376
2025-03-26 12:38:40,BLUR-USDT,statistical_features,0.250774
2025-03-26 12:38:40,BLUR-USDT,statistical_features,0.250995
2025-03-26 12:38:40,BLUR-USDT,pattern_features,0.025987
2025-03-26 12:38:40,BLUR-USDT,pattern_features,0.026124
2025-03-26 12:38:40,BLUR-USDT,time_features,0.003899
2025-03-26 12:38:40,BLUR-USDT,time_features,0.004001
2025-03-26 12:38:40,BLUR-USDT,compute_4h_features,1742989120.575649
2025-03-26 12:38:40,BLUR-USDT,compute_1d_features,1742989120.608745
2025-03-26 12:38:40,BLUR-USDT,multi_timeframe_features_total,0.055868
2025-03-26 12:38:40,BLUR-USDT,multi_timeframe_features,0.057196
2025-03-26 12:38:40,BLUR-USDT,label_features,1742989120.632706
2025-03-26 12:38:40,BLUR-USDT,label_features,0.018086
2025-03-26 12:38:40,BLUR-USDT,cleanup,0.012416
2025-03-26 12:38:40,BLUR-USDT,compute_all_features_total,0.504389
2025-03-26 12:38:40,BNB-USDT,db_get_columns,0.004627
2025-03-26 12:38:40,BNB-USDT,fetch_data,0.023174
2025-03-26 12:38:40,BNB-USDT,price_action_features,0.020956
2025-03-26 12:38:40,BNB-USDT,price_action_features,0.021098
2025-03-26 12:38:40,BNB-USDT,momentum_features,0.052807
2025-03-26 12:38:40,BNB-USDT,momentum_features,0.053027
2025-03-26 12:38:40,BNB-USDT,volatility_features,0.021600
2025-03-26 12:38:40,BNB-USDT,volatility_features,0.021715
2025-03-26 12:38:40,BNB-USDT,volume_features,0.036186
2025-03-26 12:38:40,BNB-USDT,volume_features,0.036290
