[INFO] 2025-03-27 15:56:51,361 | GPU memory: 10.98 GB free / 12.00 GB total
[INFO] 2025-03-27 15:56:51,361 | System memory: 20.37 GB available / 23.43 GB total
[INFO] 2025-03-27 15:56:51,366 | Loaded credentials from /root/OKXsignal/config/credentials.env
[INFO] 2025-03-27 15:56:51,370 | Loaded config from /root/OKXsignal/config/config.ini
[INFO] 2025-03-27 15:56:51,441 | GPU detected: Device 0, Memory: 12.00 GB
[INFO] 2025-03-27 15:56:51,441 | GPU acceleration is available
[INFO] 2025-03-27 15:56:51,618 | Database connection pool initialized with 3-29 connections
[INFO] 2025-03-27 15:56:51,619 | Starting compute_features.py in ROLLING_UPDATE mode with rolling_window=450
[INFO] 2025-03-27 15:56:51,619 | Using 24 parallel workers with max 29 database connections
[INFO] 2025-03-27 15:56:51,619 | Numba: enabled, GPU: disabled
[INFO] 2025-03-27 15:56:51,620 | Database connection test successful
[INFO] 2025-03-27 15:56:52,557 | Found 303 pairs
[INFO] 2025-03-27 15:56:52,557 | Rolling update mode: computing last 450 rows per pair
[INFO] 2025-03-27 15:56:52,558 | Calibrating optimal batch size...
[INFO] 2025-03-27 15:56:53,706 | Testing batch size 4...
[INFO] 2025-03-27 15:56:53,707 | Computing features for 1INCH-USDT
[INFO] 2025-03-27 15:56:53,707 | Computing features for AAVE-USDT
[INFO] 2025-03-27 15:56:53,707 | Computing features for ACA-USDT
[INFO] 2025-03-27 15:56:53,707 | Computing features for ACE-USDT
[INFO] 2025-03-27 15:56:53,768 | GPU is available: Device #0, Free: 10.98 GB / 12.00 GB
[WARNING] 2025-03-27 15:56:53,787 | Skipping 1INCH-USDT: only 610 candles, need >= 640
[INFO] 2025-03-27 15:56:53,788 | 1INCH-USDT: Updated 0/0 rows in 0.08s
[INFO] 2025-03-27 15:56:53,828 | GPU is available: Device #0, Free: 10.98 GB / 12.00 GB
[WARNING] 2025-03-27 15:56:53,842 | Skipping AAVE-USDT: only 610 candles, need >= 640
[INFO] 2025-03-27 15:56:53,842 | AAVE-USDT: Updated 0/0 rows in 0.14s
[INFO] 2025-03-27 15:56:53,894 | GPU is available: Device #0, Free: 10.98 GB / 12.00 GB
[WARNING] 2025-03-27 15:56:53,909 | Skipping ACA-USDT: only 610 candles, need >= 640
[INFO] 2025-03-27 15:56:53,909 | ACA-USDT: Updated 0/0 rows in 0.20s
[INFO] 2025-03-27 15:56:54,091 | GPU is available: Device #0, Free: 10.98 GB / 12.00 GB
[WARNING] 2025-03-27 15:56:54,105 | Skipping ACE-USDT: only 610 candles, need >= 640
[INFO] 2025-03-27 15:56:54,105 | ACE-USDT: Updated 0/0 rows in 0.40s
[INFO] 2025-03-27 15:56:54,155 | Batch size 4: 8.91 pairs/sec
[INFO] 2025-03-27 15:56:54,200 | Testing batch size 8...
[INFO] 2025-03-27 15:56:54,201 | Computing features for 1INCH-USDT
[INFO] 2025-03-27 15:56:54,201 | Computing features for AAVE-USDT
[INFO] 2025-03-27 15:56:54,201 | Computing features for ACA-USDT
[INFO] 2025-03-27 15:56:54,202 | Computing features for ACE-USDT
[INFO] 2025-03-27 15:56:54,202 | Computing features for ACH-USDT
[INFO] 2025-03-27 15:56:54,202 | GPU is available: Device #0, Free: 10.98 GB / 12.00 GB
[INFO] 2025-03-27 15:56:54,204 | Computing features for ACT-USDT
[INFO] 2025-03-27 15:56:54,204 | Computing features for ADA-USDT
[INFO] 2025-03-27 15:56:54,204 | GPU is available: Device #0, Free: 10.98 GB / 12.00 GB
[INFO] 2025-03-27 15:56:54,205 | Computing features for AERGO-USDT
[INFO] 2025-03-27 15:56:54,205 | GPU is available: Device #0, Free: 10.98 GB / 12.00 GB
[WARNING] 2025-03-27 15:56:54,213 | Skipping AAVE-USDT: only 610 candles, need >= 640
[WARNING] 2025-03-27 15:56:54,214 | Skipping ACA-USDT: only 610 candles, need >= 640
[INFO] 2025-03-27 15:56:54,215 | AAVE-USDT: Updated 0/0 rows in 0.01s
[WARNING] 2025-03-27 15:56:54,216 | Skipping 1INCH-USDT: only 610 candles, need >= 640
[INFO] 2025-03-27 15:56:54,216 | ACA-USDT: Updated 0/0 rows in 0.01s
[INFO] 2025-03-27 15:56:54,217 | 1INCH-USDT: Updated 0/0 rows in 0.02s
[INFO] 2025-03-27 15:56:54,265 | GPU is available: Device #0, Free: 10.98 GB / 12.00 GB
[WARNING] 2025-03-27 15:56:54,279 | Skipping ACE-USDT: only 610 candles, need >= 640
[INFO] 2025-03-27 15:56:54,279 | ACE-USDT: Updated 0/0 rows in 0.08s
[INFO] 2025-03-27 15:56:54,325 | GPU is available: Device #0, Free: 10.98 GB / 12.00 GB
[WARNING] 2025-03-27 15:56:54,342 | Skipping ACH-USDT: only 610 candles, need >= 640
[INFO] 2025-03-27 15:56:54,342 | ACH-USDT: Updated 0/0 rows in 0.14s
[INFO] 2025-03-27 15:56:54,387 | GPU is available: Device #0, Free: 10.98 GB / 12.00 GB
[WARNING] 2025-03-27 15:56:54,404 | Skipping ACT-USDT: only 610 candles, need >= 640
[INFO] 2025-03-27 15:56:54,404 | ACT-USDT: Updated 0/0 rows in 0.20s
[INFO] 2025-03-27 15:56:54,450 | GPU is available: Device #0, Free: 10.98 GB / 12.00 GB
[WARNING] 2025-03-27 15:56:54,466 | Skipping ADA-USDT: only 610 candles, need >= 640
[INFO] 2025-03-27 15:56:54,466 | ADA-USDT: Updated 0/0 rows in 0.26s
[INFO] 2025-03-27 15:56:54,744 | GPU is available: Device #0, Free: 10.98 GB / 12.00 GB
[WARNING] 2025-03-27 15:56:54,846 | Skipping AERGO-USDT: only 610 candles, need >= 640
[INFO] 2025-03-27 15:56:54,846 | AERGO-USDT: Updated 0/0 rows in 0.64s
[INFO] 2025-03-27 15:56:54,898 | Batch size 8: 11.48 pairs/sec
[INFO] 2025-03-27 15:56:54,942 | Optimal batch size determined: 8 (11.48 pairs/sec)
[INFO] 2025-03-27 15:56:54,943 | Using auto-calibrated batch size: 8
[INFO] 2025-03-27 15:56:54,943 | Grouped 303 pairs into 26 balanced batches
[INFO] 2025-03-27 15:56:54,943 | Processing batch 1/26 with 12 pairs
[INFO] 2025-03-27 15:56:54,943 | Computing features for 1INCH-USDT
[INFO] 2025-03-27 15:56:54,943 | Computing features for AAVE-USDT
[INFO] 2025-03-27 15:56:54,944 | Computing features for ACA-USDT
[INFO] 2025-03-27 15:56:54,944 | Computing features for ACE-USDT
[INFO] 2025-03-27 15:56:54,945 | GPU is available: Device #0, Free: 10.98 GB / 12.00 GB
[INFO] 2025-03-27 15:56:54,945 | Computing features for ACH-USDT
[INFO] 2025-03-27 15:56:54,946 | GPU is available: Device #0, Free: 10.98 GB / 12.00 GB
[INFO] 2025-03-27 15:56:54,946 | Computing features for ACT-USDT
[INFO] 2025-03-27 15:56:54,946 | GPU is available: Device #0, Free: 10.98 GB / 12.00 GB
[INFO] 2025-03-27 15:56:54,946 | Computing features for ADA-USDT
[INFO] 2025-03-27 15:56:54,947 | Computing features for AERGO-USDT
[INFO] 2025-03-27 15:56:55,187 | GPU is available: Device #0, Free: 10.98 GB / 12.00 GB
[INFO] 2025-03-27 15:56:55,187 | GPU is available: Device #0, Free: 10.98 GB / 12.00 GB
[INFO] 2025-03-27 15:56:55,187 | GPU is available: Device #0, Free: 10.98 GB / 12.00 GB
[INFO] 2025-03-27 15:56:56,218 | GPU is available: Device #0, Free: 10.98 GB / 12.00 GB
[INFO] 2025-03-27 15:56:56,223 | GPU is available: Device #0, Free: 10.98 GB / 12.00 GB
[INFO] 2025-03-27 15:56:59,462 | AAVE-USDT: Updated 450/450 rows in 4.52s
[INFO] 2025-03-27 15:56:59,544 | AERGO-USDT: Updated 450/450 rows in 4.60s
[INFO] 2025-03-27 15:56:59,544 | ACA-USDT: Updated 450/450 rows in 4.60s
[INFO] 2025-03-27 15:56:59,544 | ACT-USDT: Updated 450/450 rows in 4.60s
[INFO] 2025-03-27 15:56:59,545 | 1INCH-USDT: Updated 450/450 rows in 4.60s
[INFO] 2025-03-27 15:56:59,665 | Computing features for AEVO-USDT
[INFO] 2025-03-27 15:56:59,790 | ACE-USDT: Updated 450/450 rows in 4.85s
[INFO] 2025-03-27 15:56:59,790 | ADA-USDT: Updated 450/450 rows in 4.84s
[INFO] 2025-03-27 15:56:59,790 | ACH-USDT: Updated 450/450 rows in 4.84s
[INFO] 2025-03-27 15:56:59,861 | GPU is available: Device #0, Free: 10.98 GB / 12.00 GB
[INFO] 2025-03-27 15:56:59,916 | Computing features for AGLD-USDT
[INFO] 2025-03-27 15:56:59,971 | Computing features for AIDOGE-USDT
[INFO] 2025-03-27 15:56:59,971 | Computing features for AIXBT-USDT
[INFO] 2025-03-27 15:56:59,974 | GPU is available: Device #0, Free: 10.98 GB / 12.00 GB
[INFO] 2025-03-27 15:56:59,974 | GPU is available: Device #0, Free: 10.98 GB / 12.00 GB
[INFO] 2025-03-27 15:56:59,974 | GPU is available: Device #0, Free: 10.98 GB / 12.00 GB
[INFO] 2025-03-27 15:57:00,733 | AEVO-USDT: Updated 450/450 rows in 1.07s
[INFO] 2025-03-27 15:57:00,810 | AGLD-USDT: Updated 450/450 rows in 0.89s
[INFO] 2025-03-27 15:57:00,877 | AIDOGE-USDT: Updated 450/450 rows in 0.91s
[INFO] 2025-03-27 15:57:00,935 | AIXBT-USDT: Updated 450/450 rows in 0.96s
[INFO] 2025-03-27 15:57:01,051 | Processing batch 2/26 with 12 pairs
[INFO] 2025-03-27 15:57:01,051 | Computing features for ALCX-USDT
[INFO] 2025-03-27 15:57:01,051 | Computing features for ALGO-USDT
[INFO] 2025-03-27 15:57:01,052 | Computing features for ALPHA-USDT
[INFO] 2025-03-27 15:57:01,052 | Computing features for ANIME-USDT
[INFO] 2025-03-27 15:57:01,053 | GPU is available: Device #0, Free: 10.98 GB / 12.00 GB
[INFO] 2025-03-27 15:57:01,053 | Computing features for APE-USDT
[INFO] 2025-03-27 15:57:01,053 | GPU is available: Device #0, Free: 10.98 GB / 12.00 GB
[INFO] 2025-03-27 15:57:01,054 | Computing features for API3-USDT
[INFO] 2025-03-27 15:57:01,054 | Computing features for APT-USDT
[INFO] 2025-03-27 15:57:01,055 | GPU is available: Device #0, Free: 10.98 GB / 12.00 GB
[INFO] 2025-03-27 15:57:01,055 | Computing features for AR-USDT
[INFO] 2025-03-27 15:57:01,274 | GPU is available: Device #0, Free: 10.98 GB / 12.00 GB
[INFO] 2025-03-27 15:57:01,276 | GPU is available: Device #0, Free: 10.98 GB / 12.00 GB
[INFO] 2025-03-27 15:57:01,277 | GPU is available: Device #0, Free: 10.98 GB / 12.00 GB
[INFO] 2025-03-27 15:57:01,503 | GPU is available: Device #0, Free: 10.98 GB / 12.00 GB
[INFO] 2025-03-27 15:57:01,696 | GPU is available: Device #0, Free: 10.98 GB / 12.00 GB
[INFO] 2025-03-27 15:57:02,581 | ALGO-USDT: Updated 450/450 rows in 1.53s
[INFO] 2025-03-27 15:57:02,581 | ALPHA-USDT: Updated 450/450 rows in 1.53s
[INFO] 2025-03-27 15:57:02,747 | ALCX-USDT: Updated 450/450 rows in 1.70s
[INFO] 2025-03-27 15:57:02,803 | Computing features for ARB-USDT
[INFO] 2025-03-27 15:57:02,809 | Computing features for ARG-USDT
[INFO] 2025-03-27 15:57:02,822 | ANIME-USDT: Updated 450/450 rows in 1.77s
[INFO] 2025-03-27 15:57:02,822 | API3-USDT: Updated 450/450 rows in 1.77s
[INFO] 2025-03-27 15:57:02,823 | Computing features for ARKM-USDT
[INFO] 2025-03-27 15:57:02,824 | GPU is available: Device #0, Free: 10.98 GB / 12.00 GB
[INFO] 2025-03-27 15:57:02,824 | GPU is available: Device #0, Free: 10.98 GB / 12.00 GB
[INFO] 2025-03-27 15:57:02,955 | APE-USDT: Updated 450/450 rows in 1.90s
[INFO] 2025-03-27 15:57:02,956 | GPU is available: Device #0, Free: 10.98 GB / 12.00 GB
[INFO] 2025-03-27 15:57:03,019 | Computing features for ARTY-USDT
[INFO] 2025-03-27 15:57:03,024 | APT-USDT: Updated 450/450 rows in 1.97s
[INFO] 2025-03-27 15:57:03,142 | GPU is available: Device #0, Free: 10.98 GB / 12.00 GB
[INFO] 2025-03-27 15:57:03,243 | AR-USDT: Updated 450/450 rows in 2.19s
[INFO] 2025-03-27 15:57:03,883 | ARG-USDT: Updated 450/450 rows in 1.07s
[INFO] 2025-03-27 15:57:03,941 | ARTY-USDT: Updated 450/450 rows in 0.92s
[INFO] 2025-03-27 15:57:03,997 | ARKM-USDT: Updated 450/450 rows in 1.17s
[INFO] 2025-03-27 15:57:03,997 | ARB-USDT: Updated 450/450 rows in 1.19s
[INFO] 2025-03-27 15:57:04,153 | Processing batch 3/26 with 12 pairs
[INFO] 2025-03-27 15:57:04,154 | Computing features for ASTR-USDT
[INFO] 2025-03-27 15:57:04,154 | Computing features for ATH-USDT
[INFO] 2025-03-27 15:57:04,154 | Computing features for ATOM-USDT
[INFO] 2025-03-27 15:57:04,155 | Computing features for AUCTION-USDT
[INFO] 2025-03-27 15:57:04,156 | Computing features for AVAX-USDT
[INFO] 2025-03-27 15:57:04,156 | GPU is available: Device #0, Free: 10.98 GB / 12.00 GB
[INFO] 2025-03-27 15:57:04,156 | Computing features for AXS-USDT
[INFO] 2025-03-27 15:57:04,156 | Computing features for BABYDOGE-USDT
[INFO] 2025-03-27 15:57:04,157 | GPU is available: Device #0, Free: 10.98 GB / 12.00 GB
[INFO] 2025-03-27 15:57:04,157 | Computing features for BADGER-USDT
[INFO] 2025-03-27 15:57:04,157 | GPU is available: Device #0, Free: 10.98 GB / 12.00 GB
[INFO] 2025-03-27 15:57:04,349 | GPU is available: Device #0, Free: 10.98 GB / 12.00 GB
[INFO] 2025-03-27 15:57:04,351 | GPU is available: Device #0, Free: 10.98 GB / 12.00 GB
[INFO] 2025-03-27 15:57:04,442 | GPU is available: Device #0, Free: 10.98 GB / 12.00 GB
[INFO] 2025-03-27 15:57:04,609 | GPU is available: Device #0, Free: 10.98 GB / 12.00 GB
[INFO] 2025-03-27 15:57:04,630 | GPU is available: Device #0, Free: 10.98 GB / 12.00 GB
[INFO] 2025-03-27 15:57:05,542 | ATH-USDT: Updated 450/450 rows in 1.39s
[INFO] 2025-03-27 15:57:05,686 | ASTR-USDT: Updated 450/450 rows in 1.53s
[INFO] 2025-03-27 15:57:05,686 | ATOM-USDT: Updated 450/450 rows in 1.53s
[INFO] 2025-03-27 15:57:05,696 | Progress: 25/303 pairs processed (1.71 pairs/sec, ~163s remaining)
[INFO] 2025-03-27 15:57:05,833 | Computing features for BAL-USDT
[INFO] 2025-03-27 15:57:05,835 | Computing features for BANANA-USDT
[INFO] 2025-03-27 15:57:05,835 | Computing features for BAND-USDT
[INFO] 2025-03-27 15:57:05,846 | GPU is available: Device #0, Free: 10.98 GB / 12.00 GB
[INFO] 2025-03-27 15:57:05,887 | GPU is available: Device #0, Free: 10.98 GB / 12.00 GB
[INFO] 2025-03-27 15:57:05,888 | GPU is available: Device #0, Free: 10.98 GB / 12.00 GB
[INFO] 2025-03-27 15:57:05,890 | AUCTION-USDT: Updated 450/450 rows in 1.74s
[INFO] 2025-03-27 15:57:06,085 | AXS-USDT: Updated 450/450 rows in 1.93s
[INFO] 2025-03-27 15:57:06,086 | Computing features for BAT-USDT
[INFO] 2025-03-27 15:57:06,208 | GPU is available: Device #0, Free: 10.98 GB / 12.00 GB
[INFO] 2025-03-27 15:57:06,208 | BABYDOGE-USDT: Updated 450/450 rows in 2.05s
[INFO] 2025-03-27 15:57:06,213 | AVAX-USDT: Updated 450/450 rows in 2.06s
[INFO] 2025-03-27 15:57:06,246 | BADGER-USDT: Updated 450/450 rows in 2.09s
[INFO] 2025-03-27 15:57:06,931 | BAL-USDT: Updated 450/450 rows in 1.10s
[INFO] 2025-03-27 15:57:06,993 | BAND-USDT: Updated 450/450 rows in 1.16s
[INFO] 2025-03-27 15:57:06,994 | BANANA-USDT: Updated 450/450 rows in 1.16s
[INFO] 2025-03-27 15:57:07,107 | BAT-USDT: Updated 450/450 rows in 1.02s
[INFO] 2025-03-27 15:57:07,205 | Processing batch 4/26 with 12 pairs
[INFO] 2025-03-27 15:57:07,205 | Computing features for BCH-USDT
[INFO] 2025-03-27 15:57:07,206 | Computing features for BERA-USDT
[INFO] 2025-03-27 15:57:07,206 | Computing features for BICO-USDT
[INFO] 2025-03-27 15:57:07,207 | Computing features for BIGTIME-USDT
[INFO] 2025-03-27 15:57:07,207 | Computing features for BIO-USDT
[INFO] 2025-03-27 15:57:07,207 | GPU is available: Device #0, Free: 10.98 GB / 12.00 GB
[INFO] 2025-03-27 15:57:07,207 | Computing features for BLUR-USDT
[INFO] 2025-03-27 15:57:07,208 | Computing features for BNB-USDT
[INFO] 2025-03-27 15:57:07,208 | GPU is available: Device #0, Free: 10.98 GB / 12.00 GB
[INFO] 2025-03-27 15:57:07,208 | Computing features for BNT-USDT
[INFO] 2025-03-27 15:57:07,209 | GPU is available: Device #0, Free: 10.98 GB / 12.00 GB
[INFO] 2025-03-27 15:57:07,391 | GPU is available: Device #0, Free: 10.98 GB / 12.00 GB
[INFO] 2025-03-27 15:57:07,394 | GPU is available: Device #0, Free: 10.98 GB / 12.00 GB
[INFO] 2025-03-27 15:57:07,610 | GPU is available: Device #0, Free: 10.98 GB / 12.00 GB
[INFO] 2025-03-27 15:57:07,611 | GPU is available: Device #0, Free: 10.98 GB / 12.00 GB
[INFO] 2025-03-27 15:57:07,658 | GPU is available: Device #0, Free: 10.98 GB / 12.00 GB
[INFO] 2025-03-27 15:57:08,637 | BERA-USDT: Updated 450/450 rows in 1.43s
[INFO] 2025-03-27 15:57:08,751 | BICO-USDT: Updated 450/450 rows in 1.55s
[INFO] 2025-03-27 15:57:08,752 | BCH-USDT: Updated 450/450 rows in 1.55s
[INFO] 2025-03-27 15:57:08,865 | Computing features for BOME-USDT
[INFO] 2025-03-27 15:57:08,867 | BIO-USDT: Updated 450/450 rows in 1.66s
[INFO] 2025-03-27 15:57:08,868 | Computing features for BONE-USDT
[INFO] 2025-03-27 15:57:08,868 | Computing features for BONK-USDT
[INFO] 2025-03-27 15:57:08,868 | GPU is available: Device #0, Free: 10.98 GB / 12.00 GB
[INFO] 2025-03-27 15:57:08,978 | GPU is available: Device #0, Free: 10.98 GB / 12.00 GB
[INFO] 2025-03-27 15:57:08,979 | GPU is available: Device #0, Free: 10.98 GB / 12.00 GB
[INFO] 2025-03-27 15:57:08,979 | BIGTIME-USDT: Updated 450/450 rows in 1.77s
[INFO] 2025-03-27 15:57:09,042 | Computing features for BORA-USDT
[INFO] 2025-03-27 15:57:09,162 | GPU is available: Device #0, Free: 10.98 GB / 12.00 GB
[INFO] 2025-03-27 15:57:09,165 | BLUR-USDT: Updated 450/450 rows in 1.96s
[INFO] 2025-03-27 15:57:09,252 | BNT-USDT: Updated 450/450 rows in 2.04s
[INFO] 2025-03-27 15:57:09,252 | BNB-USDT: Updated 450/450 rows in 2.04s
[INFO] 2025-03-27 15:57:09,978 | BOME-USDT: Updated 450/450 rows in 1.11s
[INFO] 2025-03-27 15:57:10,034 | BONE-USDT: Updated 450/450 rows in 1.17s
[INFO] 2025-03-27 15:57:10,034 | BONK-USDT: Updated 450/450 rows in 1.17s
[INFO] 2025-03-27 15:57:10,148 | BORA-USDT: Updated 450/450 rows in 1.11s
[INFO] 2025-03-27 15:57:10,257 | Processing batch 5/26 with 12 pairs
[INFO] 2025-03-27 15:57:10,257 | Computing features for BSV-USDT
[INFO] 2025-03-27 15:57:10,258 | Computing features for BTT-USDT
[INFO] 2025-03-27 15:57:10,258 | Computing features for CAT-USDT
[INFO] 2025-03-27 15:57:10,259 | Computing features for CATI-USDT
[INFO] 2025-03-27 15:57:10,259 | Computing features for CELO-USDT
[INFO] 2025-03-27 15:57:10,259 | GPU is available: Device #0, Free: 10.98 GB / 12.00 GB
[INFO] 2025-03-27 15:57:10,260 | GPU is available: Device #0, Free: 10.98 GB / 12.00 GB
[INFO] 2025-03-27 15:57:10,260 | Computing features for CELR-USDT
[INFO] 2025-03-27 15:57:10,260 | GPU is available: Device #0, Free: 10.98 GB / 12.00 GB
[INFO] 2025-03-27 15:57:10,260 | Computing features for CETUS-USDT
[INFO] 2025-03-27 15:57:10,260 | Computing features for CFG-USDT
[INFO] 2025-03-27 15:57:10,460 | GPU is available: Device #0, Free: 10.98 GB / 12.00 GB
[INFO] 2025-03-27 15:57:10,460 | GPU is available: Device #0, Free: 10.98 GB / 12.00 GB
[INFO] 2025-03-27 15:57:10,460 | GPU is available: Device #0, Free: 10.98 GB / 12.00 GB
[INFO] 2025-03-27 15:57:10,627 | GPU is available: Device #0, Free: 10.98 GB / 12.00 GB
[INFO] 2025-03-27 15:57:10,764 | GPU is available: Device #0, Free: 10.98 GB / 12.00 GB
[INFO] 2025-03-27 15:57:11,754 | BTT-USDT: Updated 450/450 rows in 1.50s
[INFO] 2025-03-27 15:57:11,754 | CAT-USDT: Updated 450/450 rows in 1.50s
[INFO] 2025-03-27 15:57:11,896 | BSV-USDT: Updated 450/450 rows in 1.64s
[INFO] 2025-03-27 15:57:11,896 | CELO-USDT: Updated 450/450 rows in 1.64s
[INFO] 2025-03-27 15:57:11,897 | Progress: 50/303 pairs processed (2.40 pairs/sec, ~105s remaining)
[INFO] 2025-03-27 15:57:11,897 | Computing features for CFX-USDT
[INFO] 2025-03-27 15:57:12,070 | Computing features for CHZ-USDT
[INFO] 2025-03-27 15:57:12,073 | CATI-USDT: Updated 450/450 rows in 1.81s
[INFO] 2025-03-27 15:57:12,073 | Computing features for CITY-USDT
[INFO] 2025-03-27 15:57:12,073 | GPU is available: Device #0, Free: 10.98 GB / 12.00 GB
[INFO] 2025-03-27 15:57:12,074 | GPU is available: Device #0, Free: 10.98 GB / 12.00 GB
[INFO] 2025-03-27 15:57:12,075 | Computing features for CLV-USDT
[INFO] 2025-03-27 15:57:12,146 | GPU is available: Device #0, Free: 10.98 GB / 12.00 GB
[INFO] 2025-03-27 15:57:12,150 | GPU is available: Device #0, Free: 10.98 GB / 12.00 GB
[INFO] 2025-03-27 15:57:12,265 | CELR-USDT: Updated 450/450 rows in 2.01s
[INFO] 2025-03-27 15:57:12,266 | CETUS-USDT: Updated 450/450 rows in 2.01s
[INFO] 2025-03-27 15:57:12,321 | CFG-USDT: Updated 450/450 rows in 2.06s
[INFO] 2025-03-27 15:57:13,061 | CFX-USDT: Updated 450/450 rows in 1.16s
[INFO] 2025-03-27 15:57:13,118 | CHZ-USDT: Updated 450/450 rows in 1.05s
[INFO] 2025-03-27 15:57:13,182 | CITY-USDT: Updated 450/450 rows in 1.11s
[INFO] 2025-03-27 15:57:13,182 | CLV-USDT: Updated 450/450 rows in 1.11s
[INFO] 2025-03-27 15:57:13,344 | Processing batch 6/26 with 12 pairs
[INFO] 2025-03-27 15:57:13,345 | Computing features for COMP-USDT
[INFO] 2025-03-27 15:57:13,345 | Computing features for CORE-USDT
[INFO] 2025-03-27 15:57:13,345 | Computing features for CRO-USDT
[INFO] 2025-03-27 15:57:13,346 | Computing features for CRV-USDT
[INFO] 2025-03-27 15:57:13,346 | Computing features for CSPR-USDT
[INFO] 2025-03-27 15:57:13,346 | Computing features for CTC-USDT
[INFO] 2025-03-27 15:57:13,347 | Computing features for CTXC-USDT
[INFO] 2025-03-27 15:57:13,347 | GPU is available: Device #0, Free: 10.98 GB / 12.00 GB
[INFO] 2025-03-27 15:57:13,347 | Computing features for CVC-USDT
[INFO] 2025-03-27 15:57:13,347 | GPU is available: Device #0, Free: 10.98 GB / 12.00 GB
[INFO] 2025-03-27 15:57:13,348 | GPU is available: Device #0, Free: 10.98 GB / 12.00 GB
[INFO] 2025-03-27 15:57:13,535 | GPU is available: Device #0, Free: 10.98 GB / 12.00 GB
[INFO] 2025-03-27 15:57:13,536 | GPU is available: Device #0, Free: 10.98 GB / 12.00 GB
[INFO] 2025-03-27 15:57:13,697 | GPU is available: Device #0, Free: 10.98 GB / 12.00 GB
[INFO] 2025-03-27 15:57:13,777 | GPU is available: Device #0, Free: 10.98 GB / 12.00 GB
[INFO] 2025-03-27 15:57:13,882 | GPU is available: Device #0, Free: 10.98 GB / 12.00 GB
[INFO] 2025-03-27 15:57:14,823 | CRO-USDT: Updated 450/450 rows in 1.48s
[INFO] 2025-03-27 15:57:14,937 | COMP-USDT: Updated 450/450 rows in 1.59s
[INFO] 2025-03-27 15:57:14,937 | CORE-USDT: Updated 450/450 rows in 1.59s
[INFO] 2025-03-27 15:57:14,938 | Computing features for CVX-USDT
[INFO] 2025-03-27 15:57:15,047 | CSPR-USDT: Updated 450/450 rows in 1.70s
[INFO] 2025-03-27 15:57:15,047 | GPU is available: Device #0, Free: 10.98 GB / 12.00 GB
[INFO] 2025-03-27 15:57:15,047 | Computing features for CXT-USDT
[INFO] 2025-03-27 15:57:15,101 | Computing features for DAI-USDT
[INFO] 2025-03-27 15:57:15,140 | GPU is available: Device #0, Free: 10.98 GB / 12.00 GB
[INFO] 2025-03-27 15:57:15,154 | GPU is available: Device #0, Free: 10.98 GB / 12.00 GB
[INFO] 2025-03-27 15:57:15,157 | CRV-USDT: Updated 450/450 rows in 1.81s
[INFO] 2025-03-27 15:57:15,225 | Computing features for DAO-USDT
[INFO] 2025-03-27 15:57:15,396 | GPU is available: Device #0, Free: 10.98 GB / 12.00 GB
[INFO] 2025-03-27 15:57:15,397 | CVC-USDT: Updated 450/450 rows in 2.05s
[INFO] 2025-03-27 15:57:15,413 | CTXC-USDT: Updated 450/450 rows in 2.07s
[INFO] 2025-03-27 15:57:15,424 | CTC-USDT: Updated 450/450 rows in 2.08s
[INFO] 2025-03-27 15:57:16,150 | CVX-USDT: Updated 450/450 rows in 1.21s
[INFO] 2025-03-27 15:57:16,150 | CXT-USDT: Updated 450/450 rows in 1.10s
[INFO] 2025-03-27 15:57:16,276 | DAI-USDT: Updated 450/450 rows in 1.18s
[INFO] 2025-03-27 15:57:16,328 | DAO-USDT: Updated 450/450 rows in 1.10s
[INFO] 2025-03-27 15:57:16,434 | Processing batch 7/26 with 12 pairs
[INFO] 2025-03-27 15:57:16,435 | Computing features for DEGEN-USDT
[INFO] 2025-03-27 15:57:16,435 | Computing features for DEP-USDT
[INFO] 2025-03-27 15:57:16,435 | Computing features for DGB-USDT
[INFO] 2025-03-27 15:57:16,436 | Computing features for DIA-USDT
[INFO] 2025-03-27 15:57:16,437 | Computing features for DOGE-USDT
[INFO] 2025-03-27 15:57:16,437 | GPU is available: Device #0, Free: 10.98 GB / 12.00 GB
[INFO] 2025-03-27 15:57:16,438 | GPU is available: Device #0, Free: 10.98 GB / 12.00 GB
[INFO] 2025-03-27 15:57:16,438 | GPU is available: Device #0, Free: 10.98 GB / 12.00 GB
[INFO] 2025-03-27 15:57:16,438 | Computing features for DOGS-USDT
[INFO] 2025-03-27 15:57:16,438 | Computing features for DORA-USDT
[INFO] 2025-03-27 15:57:16,439 | Computing features for DOT-USDT
[INFO] 2025-03-27 15:57:16,642 | GPU is available: Device #0, Free: 10.98 GB / 12.00 GB
[INFO] 2025-03-27 15:57:16,643 | GPU is available: Device #0, Free: 10.98 GB / 12.00 GB
[INFO] 2025-03-27 15:57:16,643 | GPU is available: Device #0, Free: 10.98 GB / 12.00 GB
[INFO] 2025-03-27 15:57:16,855 | GPU is available: Device #0, Free: 10.98 GB / 12.00 GB
[INFO] 2025-03-27 15:57:16,926 | GPU is available: Device #0, Free: 10.98 GB / 12.00 GB
[INFO] 2025-03-27 15:57:18,014 | DGB-USDT: Updated 450/450 rows in 1.58s
[INFO] 2025-03-27 15:57:18,021 | DEP-USDT: Updated 450/450 rows in 1.59s
[INFO] 2025-03-27 15:57:18,022 | DEGEN-USDT: Updated 450/450 rows in 1.59s
[INFO] 2025-03-27 15:57:18,193 | DOGE-USDT: Updated 450/450 rows in 1.76s
[INFO] 2025-03-27 15:57:18,193 | Progress: 75/303 pairs processed (2.76 pairs/sec, ~82s remaining)
[INFO] 2025-03-27 15:57:18,194 | DIA-USDT: Updated 450/450 rows in 1.76s
[INFO] 2025-03-27 15:57:18,194 | Computing features for DUCK-USDT
[INFO] 2025-03-27 15:57:18,194 | Computing features for DYDX-USDT
[INFO] 2025-03-27 15:57:18,250 | Computing features for EGLD-USDT
[INFO] 2025-03-27 15:57:18,319 | DORA-USDT: Updated 450/450 rows in 1.88s
[INFO] 2025-03-27 15:57:18,320 | GPU is available: Device #0, Free: 10.98 GB / 12.00 GB
[INFO] 2025-03-27 15:57:18,320 | DOT-USDT: Updated 450/450 rows in 1.88s
[INFO] 2025-03-27 15:57:18,320 | GPU is available: Device #0, Free: 10.98 GB / 12.00 GB
[INFO] 2025-03-27 15:57:18,321 | DOGS-USDT: Updated 450/450 rows in 1.88s
[INFO] 2025-03-27 15:57:18,321 | GPU is available: Device #0, Free: 10.98 GB / 12.00 GB
[INFO] 2025-03-27 15:57:18,388 | Computing features for EIGEN-USDT
[INFO] 2025-03-27 15:57:18,499 | GPU is available: Device #0, Free: 10.98 GB / 12.00 GB
[INFO] 2025-03-27 15:57:19,276 | DYDX-USDT: Updated 450/450 rows in 1.08s
[INFO] 2025-03-27 15:57:19,277 | DUCK-USDT: Updated 450/450 rows in 1.08s
[INFO] 2025-03-27 15:57:19,400 | EGLD-USDT: Updated 450/450 rows in 1.15s
[INFO] 2025-03-27 15:57:19,401 | EIGEN-USDT: Updated 450/450 rows in 1.01s
[INFO] 2025-03-27 15:57:19,563 | Processing batch 8/26 with 12 pairs
[INFO] 2025-03-27 15:57:19,563 | Computing features for ELF-USDT
[INFO] 2025-03-27 15:57:19,564 | Computing features for ELON-USDT
[INFO] 2025-03-27 15:57:19,564 | Computing features for ENJ-USDT
[INFO] 2025-03-27 15:57:19,564 | Computing features for ENS-USDT
[INFO] 2025-03-27 15:57:19,565 | Computing features for EOS-USDT
[INFO] 2025-03-27 15:57:19,566 | Computing features for ERN-USDT
[INFO] 2025-03-27 15:57:19,566 | Computing features for ETC-USDT
[INFO] 2025-03-27 15:57:19,566 | GPU is available: Device #0, Free: 10.98 GB / 12.00 GB
[INFO] 2025-03-27 15:57:19,566 | GPU is available: Device #0, Free: 10.98 GB / 12.00 GB
[INFO] 2025-03-27 15:57:19,566 | GPU is available: Device #0, Free: 10.98 GB / 12.00 GB
[INFO] 2025-03-27 15:57:19,567 | Computing features for FET-USDT
[INFO] 2025-03-27 15:57:19,770 | GPU is available: Device #0, Free: 10.98 GB / 12.00 GB
[INFO] 2025-03-27 15:57:19,771 | GPU is available: Device #0, Free: 10.98 GB / 12.00 GB
[INFO] 2025-03-27 15:57:19,773 | GPU is available: Device #0, Free: 10.98 GB / 12.00 GB
[INFO] 2025-03-27 15:57:19,996 | GPU is available: Device #0, Free: 10.98 GB / 12.00 GB
[INFO] 2025-03-27 15:57:20,060 | GPU is available: Device #0, Free: 10.98 GB / 12.00 GB
[INFO] 2025-03-27 15:57:21,055 | ELF-USDT: Updated 450/450 rows in 1.49s
[INFO] 2025-03-27 15:57:21,070 | ENJ-USDT: Updated 450/450 rows in 1.51s
[INFO] 2025-03-27 15:57:21,189 | Computing features for FIL-USDT
[INFO] 2025-03-27 15:57:21,189 | ELON-USDT: Updated 450/450 rows in 1.63s
[INFO] 2025-03-27 15:57:21,206 | GPU is available: Device #0, Free: 10.98 GB / 12.00 GB
[INFO] 2025-03-27 15:57:21,305 | Computing features for FLM-USDT
[INFO] 2025-03-27 15:57:21,309 | Computing features for FLOKI-USDT
[INFO] 2025-03-27 15:57:21,310 | GPU is available: Device #0, Free: 10.98 GB / 12.00 GB
[INFO] 2025-03-27 15:57:21,310 | GPU is available: Device #0, Free: 10.98 GB / 12.00 GB
[INFO] 2025-03-27 15:57:21,410 | EOS-USDT: Updated 450/450 rows in 1.84s
[INFO] 2025-03-27 15:57:21,482 | ERN-USDT: Updated 450/450 rows in 1.92s
[INFO] 2025-03-27 15:57:21,483 | ENS-USDT: Updated 450/450 rows in 1.92s
[INFO] 2025-03-27 15:57:21,709 | Computing features for FLOW-USDT
[INFO] 2025-03-27 15:57:21,709 | FET-USDT: Updated 450/450 rows in 2.14s
[INFO] 2025-03-27 15:57:21,715 | ETC-USDT: Updated 450/450 rows in 2.15s
[INFO] 2025-03-27 15:57:21,781 | GPU is available: Device #0, Free: 10.98 GB / 12.00 GB
[INFO] 2025-03-27 15:57:22,374 | FIL-USDT: Updated 450/450 rows in 1.19s
[INFO] 2025-03-27 15:57:22,459 | FLOKI-USDT: Updated 450/450 rows in 1.15s
[INFO] 2025-03-27 15:57:22,536 | FLM-USDT: Updated 450/450 rows in 1.23s
[INFO] 2025-03-27 15:57:22,605 | FLOW-USDT: Updated 450/450 rows in 0.90s
[INFO] 2025-03-27 15:57:22,710 | Processing batch 9/26 with 12 pairs
[INFO] 2025-03-27 15:57:22,711 | Computing features for FLR-USDT
[INFO] 2025-03-27 15:57:22,711 | Computing features for FORTH-USDT
[INFO] 2025-03-27 15:57:22,711 | Computing features for FOXY-USDT
[INFO] 2025-03-27 15:57:22,712 | Computing features for FXS-USDT
[INFO] 2025-03-27 15:57:22,712 | GPU is available: Device #0, Free: 10.98 GB / 12.00 GB
[INFO] 2025-03-27 15:57:22,713 | Computing features for G-USDT
[INFO] 2025-03-27 15:57:22,714 | Computing features for GALA-USDT
[INFO] 2025-03-27 15:57:22,714 | GPU is available: Device #0, Free: 10.98 GB / 12.00 GB
[INFO] 2025-03-27 15:57:22,714 | GPU is available: Device #0, Free: 10.98 GB / 12.00 GB
[INFO] 2025-03-27 15:57:22,714 | Computing features for GALFT-USDT
[INFO] 2025-03-27 15:57:22,714 | Computing features for GAS-USDT
[INFO] 2025-03-27 15:57:22,909 | GPU is available: Device #0, Free: 10.98 GB / 12.00 GB
[INFO] 2025-03-27 15:57:22,910 | GPU is available: Device #0, Free: 10.98 GB / 12.00 GB
[INFO] 2025-03-27 15:57:22,911 | GPU is available: Device #0, Free: 10.98 GB / 12.00 GB
[INFO] 2025-03-27 15:57:23,170 | GPU is available: Device #0, Free: 10.98 GB / 12.00 GB
[INFO] 2025-03-27 15:57:23,191 | GPU is available: Device #0, Free: 10.98 GB / 12.00 GB
[INFO] 2025-03-27 15:57:24,182 | FLR-USDT: Updated 450/450 rows in 1.47s
[INFO] 2025-03-27 15:57:24,192 | FORTH-USDT: Updated 450/450 rows in 1.48s
[INFO] 2025-03-27 15:57:24,345 | FOXY-USDT: Updated 450/450 rows in 1.63s
[INFO] 2025-03-27 15:57:24,348 | Computing features for GEAR-USDT
[INFO] 2025-03-27 15:57:24,435 | Computing features for GHST-USDT
[INFO] 2025-03-27 15:57:24,438 | GALA-USDT: Updated 450/450 rows in 1.72s
[INFO] 2025-03-27 15:57:24,438 | GPU is available: Device #0, Free: 10.98 GB / 12.00 GB
[INFO] 2025-03-27 15:57:24,439 | G-USDT: Updated 450/450 rows in 1.73s
[INFO] 2025-03-27 15:57:24,439 | Computing features for GLM-USDT
[INFO] 2025-03-27 15:57:24,501 | GPU is available: Device #0, Free: 10.98 GB / 12.00 GB
[INFO] 2025-03-27 15:57:24,584 | Progress: 100/303 pairs processed (2.98 pairs/sec, ~68s remaining)
[INFO] 2025-03-27 15:57:24,584 | GPU is available: Device #0, Free: 10.98 GB / 12.00 GB
[INFO] 2025-03-27 15:57:24,585 | Computing features for GLMR-USDT
[INFO] 2025-03-27 15:57:24,586 | GALFT-USDT: Updated 450/450 rows in 1.87s
[INFO] 2025-03-27 15:57:24,586 | FXS-USDT: Updated 450/450 rows in 1.87s
[INFO] 2025-03-27 15:57:24,590 | GPU is available: Device #0, Free: 10.98 GB / 12.00 GB
[INFO] 2025-03-27 15:57:24,826 | GAS-USDT: Updated 450/450 rows in 2.11s
[INFO] 2025-03-27 15:57:25,509 | GEAR-USDT: Updated 450/450 rows in 1.16s
[INFO] 2025-03-27 15:57:25,572 | GHST-USDT: Updated 450/450 rows in 1.14s
[INFO] 2025-03-27 15:57:25,643 | GLMR-USDT: Updated 450/450 rows in 1.06s
[INFO] 2025-03-27 15:57:25,691 | GLM-USDT: Updated 450/450 rows in 1.25s
[INFO] 2025-03-27 15:57:25,797 | Processing batch 10/26 with 12 pairs
[INFO] 2025-03-27 15:57:25,797 | Computing features for GMT-USDT
[INFO] 2025-03-27 15:57:25,798 | Computing features for GMX-USDT
[INFO] 2025-03-27 15:57:25,798 | Computing features for GOAT-USDT
[INFO] 2025-03-27 15:57:25,799 | Computing features for GODS-USDT
[INFO] 2025-03-27 15:57:25,799 | Computing features for GOG-USDT
[INFO] 2025-03-27 15:57:25,800 | GPU is available: Device #0, Free: 10.98 GB / 12.00 GB
[INFO] 2025-03-27 15:57:25,799 | Computing features for GRT-USDT
[INFO] 2025-03-27 15:57:25,800 | GPU is available: Device #0, Free: 10.98 GB / 12.00 GB
[INFO] 2025-03-27 15:57:25,800 | Computing features for HBAR-USDT
[INFO] 2025-03-27 15:57:25,799 | GPU is available: Device #0, Free: 10.98 GB / 12.00 GB
[INFO] 2025-03-27 15:57:25,800 | Computing features for HMSTR-USDT
[INFO] 2025-03-27 15:57:25,981 | GPU is available: Device #0, Free: 10.98 GB / 12.00 GB
[INFO] 2025-03-27 15:57:25,983 | GPU is available: Device #0, Free: 10.98 GB / 12.00 GB
[INFO] 2025-03-27 15:57:26,217 | GPU is available: Device #0, Free: 10.98 GB / 12.00 GB
[INFO] 2025-03-27 15:57:26,217 | GPU is available: Device #0, Free: 10.98 GB / 12.00 GB
[INFO] 2025-03-27 15:57:26,256 | GPU is available: Device #0, Free: 10.98 GB / 12.00 GB
[INFO] 2025-03-27 15:57:27,268 | GMT-USDT: Updated 450/450 rows in 1.47s
[INFO] 2025-03-27 15:57:27,268 | GOAT-USDT: Updated 450/450 rows in 1.47s
[INFO] 2025-03-27 15:57:27,439 | GMX-USDT: Updated 450/450 rows in 1.64s
[INFO] 2025-03-27 15:57:27,503 | Computing features for ICE-USDT
[INFO] 2025-03-27 15:57:27,503 | Computing features for ICP-USDT
[INFO] 2025-03-27 15:57:27,505 | GPU is available: Device #0, Free: 10.98 GB / 12.00 GB
[INFO] 2025-03-27 15:57:27,505 | Computing features for ICX-USDT
[INFO] 2025-03-27 15:57:27,506 | GPU is available: Device #0, Free: 10.98 GB / 12.00 GB
[INFO] 2025-03-27 15:57:27,506 | GPU is available: Device #0, Free: 10.98 GB / 12.00 GB
[INFO] 2025-03-27 15:57:27,569 | GODS-USDT: Updated 450/450 rows in 1.77s
[INFO] 2025-03-27 15:57:27,575 | GOG-USDT: Updated 450/450 rows in 1.78s
[INFO] 2025-03-27 15:57:27,846 | GRT-USDT: Updated 450/450 rows in 2.05s
[INFO] 2025-03-27 15:57:27,846 | HMSTR-USDT: Updated 450/450 rows in 2.05s
[INFO] 2025-03-27 15:57:27,847 | HBAR-USDT: Updated 450/450 rows in 2.05s
[INFO] 2025-03-27 15:57:27,932 | Computing features for ID-USDT
[INFO] 2025-03-27 15:57:28,077 | GPU is available: Device #0, Free: 10.98 GB / 12.00 GB
[INFO] 2025-03-27 15:57:29,348 | ICP-USDT: Updated 450/450 rows in 1.84s
[INFO] 2025-03-27 15:57:29,427 | ICX-USDT: Updated 450/450 rows in 1.92s
[INFO] 2025-03-27 15:57:29,488 | ICE-USDT: Updated 450/450 rows in 1.99s
[INFO] 2025-03-27 15:57:29,548 | ID-USDT: Updated 450/450 rows in 1.62s
[INFO] 2025-03-27 15:57:29,664 | Processing batch 11/26 with 12 pairs
[INFO] 2025-03-27 15:57:29,664 | Computing features for ILV-USDT
[INFO] 2025-03-27 15:57:29,664 | Computing features for IMX-USDT
[INFO] 2025-03-27 15:57:29,665 | Computing features for INJ-USDT
[INFO] 2025-03-27 15:57:29,665 | Computing features for IOST-USDT
[INFO] 2025-03-27 15:57:29,666 | GPU is available: Device #0, Free: 10.98 GB / 12.00 GB
[INFO] 2025-03-27 15:57:29,666 | Computing features for IOTA-USDT
[INFO] 2025-03-27 15:57:29,666 | Computing features for IP-USDT
[INFO] 2025-03-27 15:57:29,666 | Computing features for IQ-USDT
[INFO] 2025-03-27 15:57:29,667 | GPU is available: Device #0, Free: 10.98 GB / 12.00 GB
[INFO] 2025-03-27 15:57:29,667 | Computing features for J-USDT
[INFO] 2025-03-27 15:57:29,667 | GPU is available: Device #0, Free: 10.98 GB / 12.00 GB
[INFO] 2025-03-27 15:57:29,878 | GPU is available: Device #0, Free: 10.98 GB / 12.00 GB
[INFO] 2025-03-27 15:57:29,879 | GPU is available: Device #0, Free: 10.98 GB / 12.00 GB
[INFO] 2025-03-27 15:57:29,901 | GPU is available: Device #0, Free: 10.98 GB / 12.00 GB
[INFO] 2025-03-27 15:57:30,108 | GPU is available: Device #0, Free: 10.98 GB / 12.00 GB
[INFO] 2025-03-27 15:57:30,165 | GPU is available: Device #0, Free: 10.98 GB / 12.00 GB
[INFO] 2025-03-27 15:57:31,202 | IMX-USDT: Updated 450/450 rows in 1.54s
[INFO] 2025-03-27 15:57:31,209 | ILV-USDT: Updated 450/450 rows in 1.55s
[INFO] 2025-03-27 15:57:31,210 | INJ-USDT: Updated 450/450 rows in 1.55s
[INFO] 2025-03-27 15:57:31,389 | IP-USDT: Updated 450/450 rows in 1.72s
[INFO] 2025-03-27 15:57:31,390 | Computing features for JOE-USDT
[INFO] 2025-03-27 15:57:31,390 | Computing features for JST-USDT
[INFO] 2025-03-27 15:57:31,451 | Computing features for JTO-USDT
[INFO] 2025-03-27 15:57:31,486 | GPU is available: Device #0, Free: 10.98 GB / 12.00 GB
[INFO] 2025-03-27 15:57:31,488 | GPU is available: Device #0, Free: 10.98 GB / 12.00 GB
[INFO] 2025-03-27 15:57:31,488 | GPU is available: Device #0, Free: 10.98 GB / 12.00 GB
[INFO] 2025-03-27 15:57:31,489 | IOST-USDT: Updated 450/450 rows in 1.82s
[INFO] 2025-03-27 15:57:31,490 | IOTA-USDT: Updated 450/450 rows in 1.82s
[INFO] 2025-03-27 15:57:31,490 | Computing features for JUP-USDT
[INFO] 2025-03-27 15:57:31,601 | Progress: 125/303 pairs processed (3.08 pairs/sec, ~58s remaining)
[INFO] 2025-03-27 15:57:31,602 | GPU is available: Device #0, Free: 10.98 GB / 12.00 GB
[INFO] 2025-03-27 15:57:31,603 | IQ-USDT: Updated 450/450 rows in 1.94s
[INFO] 2025-03-27 15:57:31,905 | J-USDT: Updated 450/450 rows in 2.24s
[INFO] 2025-03-27 15:57:32,524 | JOE-USDT: Updated 450/450 rows in 1.13s
[INFO] 2025-03-27 15:57:32,585 | JST-USDT: Updated 450/450 rows in 1.20s
[INFO] 2025-03-27 15:57:32,586 | JTO-USDT: Updated 450/450 rows in 1.14s
[INFO] 2025-03-27 15:57:32,586 | JUP-USDT: Updated 450/450 rows in 1.10s
[INFO] 2025-03-27 15:57:32,789 | Processing batch 12/26 with 12 pairs
[INFO] 2025-03-27 15:57:32,789 | Computing features for KAIA-USDT
[INFO] 2025-03-27 15:57:32,789 | Computing features for KAITO-USDT
[INFO] 2025-03-27 15:57:32,790 | Computing features for KDA-USDT
[INFO] 2025-03-27 15:57:32,791 | Computing features for KISHU-USDT
[INFO] 2025-03-27 15:57:32,791 | Computing features for KNC-USDT
[INFO] 2025-03-27 15:57:32,791 | GPU is available: Device #0, Free: 10.98 GB / 12.00 GB
[INFO] 2025-03-27 15:57:32,792 | GPU is available: Device #0, Free: 10.98 GB / 12.00 GB
[INFO] 2025-03-27 15:57:32,792 | Computing features for KSM-USDT
[INFO] 2025-03-27 15:57:32,792 | GPU is available: Device #0, Free: 10.98 GB / 12.00 GB
[INFO] 2025-03-27 15:57:32,792 | Computing features for LAT-USDT
[INFO] 2025-03-27 15:57:32,792 | Computing features for LDO-USDT
[INFO] 2025-03-27 15:57:32,991 | GPU is available: Device #0, Free: 10.98 GB / 12.00 GB
[INFO] 2025-03-27 15:57:32,991 | GPU is available: Device #0, Free: 10.98 GB / 12.00 GB
[INFO] 2025-03-27 15:57:32,998 | GPU is available: Device #0, Free: 10.98 GB / 12.00 GB
[INFO] 2025-03-27 15:57:33,149 | GPU is available: Device #0, Free: 10.98 GB / 12.00 GB
[INFO] 2025-03-27 15:57:33,296 | GPU is available: Device #0, Free: 10.98 GB / 12.00 GB
[INFO] 2025-03-27 15:57:34,222 | KAITO-USDT: Updated 450/450 rows in 1.43s
[INFO] 2025-03-27 15:57:34,327 | KAIA-USDT: Updated 450/450 rows in 1.54s
[INFO] 2025-03-27 15:57:34,328 | KDA-USDT: Updated 450/450 rows in 1.54s
[INFO] 2025-03-27 15:57:34,329 | Computing features for LEO-USDT
[INFO] 2025-03-27 15:57:34,487 | GPU is available: Device #0, Free: 10.98 GB / 12.00 GB
[INFO] 2025-03-27 15:57:34,489 | Computing features for LINK-USDT
[INFO] 2025-03-27 15:57:34,489 | Computing features for LOOKS-USDT
[INFO] 2025-03-27 15:57:34,490 | KISHU-USDT: Updated 450/450 rows in 1.70s
[INFO] 2025-03-27 15:57:34,544 | GPU is available: Device #0, Free: 10.98 GB / 12.00 GB
[INFO] 2025-03-27 15:57:34,580 | GPU is available: Device #0, Free: 10.98 GB / 12.00 GB
[INFO] 2025-03-27 15:57:34,581 | KNC-USDT: Updated 450/450 rows in 1.79s
[INFO] 2025-03-27 15:57:34,642 | Computing features for LPT-USDT
[INFO] 2025-03-27 15:57:34,696 | KSM-USDT: Updated 450/450 rows in 1.90s
[INFO] 2025-03-27 15:57:34,697 | GPU is available: Device #0, Free: 10.98 GB / 12.00 GB
[INFO] 2025-03-27 15:57:34,769 | LAT-USDT: Updated 450/450 rows in 1.98s
[INFO] 2025-03-27 15:57:34,835 | LDO-USDT: Updated 450/450 rows in 2.04s
[INFO] 2025-03-27 15:57:35,529 | LEO-USDT: Updated 450/450 rows in 1.20s
[INFO] 2025-03-27 15:57:35,530 | LINK-USDT: Updated 450/450 rows in 1.04s
[INFO] 2025-03-27 15:57:35,655 | LPT-USDT: Updated 450/450 rows in 1.01s
[INFO] 2025-03-27 15:57:35,708 | LOOKS-USDT: Updated 450/450 rows in 1.22s
[INFO] 2025-03-27 15:57:35,800 | Processing batch 13/26 with 12 pairs
[INFO] 2025-03-27 15:57:35,800 | Computing features for LQTY-USDT
[INFO] 2025-03-27 15:57:35,800 | Computing features for LRC-USDT
[INFO] 2025-03-27 15:57:35,801 | Computing features for LSK-USDT
[INFO] 2025-03-27 15:57:35,801 | Computing features for LTC-USDT
[INFO] 2025-03-27 15:57:35,802 | GPU is available: Device #0, Free: 10.98 GB / 12.00 GB
[INFO] 2025-03-27 15:57:35,802 | Computing features for LUNA-USDT
[INFO] 2025-03-27 15:57:35,802 | Computing features for LUNC-USDT
[INFO] 2025-03-27 15:57:35,803 | Computing features for MAGIC-USDT
[INFO] 2025-03-27 15:57:35,803 | GPU is available: Device #0, Free: 10.98 GB / 12.00 GB
[INFO] 2025-03-27 15:57:35,803 | Computing features for MAJOR-USDT
[INFO] 2025-03-27 15:57:35,804 | GPU is available: Device #0, Free: 10.98 GB / 12.00 GB
[INFO] 2025-03-27 15:57:36,008 | GPU is available: Device #0, Free: 10.98 GB / 12.00 GB
[INFO] 2025-03-27 15:57:36,008 | GPU is available: Device #0, Free: 10.98 GB / 12.00 GB
[INFO] 2025-03-27 15:57:36,011 | GPU is available: Device #0, Free: 10.98 GB / 12.00 GB
[INFO] 2025-03-27 15:57:36,174 | GPU is available: Device #0, Free: 10.98 GB / 12.00 GB
[INFO] 2025-03-27 15:57:36,256 | GPU is available: Device #0, Free: 10.98 GB / 12.00 GB
[INFO] 2025-03-27 15:57:37,277 | LQTY-USDT: Updated 450/450 rows in 1.48s
[INFO] 2025-03-27 15:57:37,369 | LSK-USDT: Updated 450/450 rows in 1.57s
[INFO] 2025-03-27 15:57:37,369 | LRC-USDT: Updated 450/450 rows in 1.57s
[INFO] 2025-03-27 15:57:37,429 | Computing features for MANA-USDT
[INFO] 2025-03-27 15:57:37,534 | LTC-USDT: Updated 450/450 rows in 1.73s
[INFO] 2025-03-27 15:57:37,536 | GPU is available: Device #0, Free: 10.98 GB / 12.00 GB
[INFO] 2025-03-27 15:57:37,592 | Computing features for MASK-USDT
[INFO] 2025-03-27 15:57:37,593 | Computing features for MAX-USDT
[INFO] 2025-03-27 15:57:37,612 | Computing features for MDT-USDT
[INFO] 2025-03-27 15:57:37,613 | LUNC-USDT: Updated 450/450 rows in 1.81s
[INFO] 2025-03-27 15:57:37,613 | GPU is available: Device #0, Free: 10.98 GB / 12.00 GB
[INFO] 2025-03-27 15:57:37,673 | GPU is available: Device #0, Free: 10.98 GB / 12.00 GB
[INFO] 2025-03-27 15:57:37,673 | GPU is available: Device #0, Free: 10.98 GB / 12.00 GB
[INFO] 2025-03-27 15:57:37,730 | MAGIC-USDT: Updated 450/450 rows in 1.93s
[INFO] 2025-03-27 15:57:37,730 | LUNA-USDT: Updated 450/450 rows in 1.93s
[INFO] 2025-03-27 15:57:37,853 | MAJOR-USDT: Updated 450/450 rows in 2.05s
[INFO] 2025-03-27 15:57:37,974 | Progress: 150/303 pairs processed (3.20 pairs/sec, ~48s remaining)
[INFO] 2025-03-27 15:57:38,578 | MANA-USDT: Updated 450/450 rows in 1.15s
[INFO] 2025-03-27 15:57:38,653 | MASK-USDT: Updated 450/450 rows in 1.06s
[INFO] 2025-03-27 15:57:38,654 | MAX-USDT: Updated 450/450 rows in 1.06s
[INFO] 2025-03-27 15:57:38,760 | MDT-USDT: Updated 450/450 rows in 1.15s
[INFO] 2025-03-27 15:57:38,870 | Processing batch 14/26 with 12 pairs
[INFO] 2025-03-27 15:57:38,871 | Computing features for ME-USDT
[INFO] 2025-03-27 15:57:38,871 | Computing features for MEME-USDT
[INFO] 2025-03-27 15:57:38,871 | Computing features for MEMEFI-USDT
[INFO] 2025-03-27 15:57:38,872 | Computing features for MENGO-USDT
[INFO] 2025-03-27 15:57:38,872 | GPU is available: Device #0, Free: 10.98 GB / 12.00 GB
[INFO] 2025-03-27 15:57:38,873 | Computing features for MERL-USDT
[INFO] 2025-03-27 15:57:38,873 | GPU is available: Device #0, Free: 10.98 GB / 12.00 GB
[INFO] 2025-03-27 15:57:38,873 | Computing features for METIS-USDT
[INFO] 2025-03-27 15:57:38,873 | Computing features for MEW-USDT
[INFO] 2025-03-27 15:57:38,874 | Computing features for MILO-USDT
[INFO] 2025-03-27 15:57:38,874 | GPU is available: Device #0, Free: 10.98 GB / 12.00 GB
[INFO] 2025-03-27 15:57:39,069 | GPU is available: Device #0, Free: 10.98 GB / 12.00 GB
[INFO] 2025-03-27 15:57:39,072 | GPU is available: Device #0, Free: 10.98 GB / 12.00 GB
[INFO] 2025-03-27 15:57:39,072 | GPU is available: Device #0, Free: 10.98 GB / 12.00 GB
[INFO] 2025-03-27 15:57:39,244 | GPU is available: Device #0, Free: 10.98 GB / 12.00 GB
[INFO] 2025-03-27 15:57:39,379 | GPU is available: Device #0, Free: 10.98 GB / 12.00 GB
[INFO] 2025-03-27 15:57:40,378 | ME-USDT: Updated 450/450 rows in 1.51s
[INFO] 2025-03-27 15:57:40,379 | MEME-USDT: Updated 450/450 rows in 1.51s
[INFO] 2025-03-27 15:57:40,534 | MEMEFI-USDT: Updated 450/450 rows in 1.66s
[INFO] 2025-03-27 15:57:40,535 | METIS-USDT: Updated 450/450 rows in 1.66s
[INFO] 2025-03-27 15:57:40,536 | Computing features for MINA-USDT
[INFO] 2025-03-27 15:57:40,591 | Computing features for MKR-USDT
[INFO] 2025-03-27 15:57:40,687 | GPU is available: Device #0, Free: 10.98 GB / 12.00 GB
[INFO] 2025-03-27 15:57:40,687 | MENGO-USDT: Updated 450/450 rows in 1.82s
[INFO] 2025-03-27 15:57:40,689 | GPU is available: Device #0, Free: 10.98 GB / 12.00 GB
[INFO] 2025-03-27 15:57:40,689 | MERL-USDT: Updated 450/450 rows in 1.82s
[INFO] 2025-03-27 15:57:40,690 | Computing features for MLN-USDT
[INFO] 2025-03-27 15:57:40,805 | Computing features for MOODENG-USDT
[INFO] 2025-03-27 15:57:40,806 | GPU is available: Device #0, Free: 10.98 GB / 12.00 GB
[INFO] 2025-03-27 15:57:40,808 | GPU is available: Device #0, Free: 10.98 GB / 12.00 GB
[INFO] 2025-03-27 15:57:40,808 | MILO-USDT: Updated 450/450 rows in 1.93s
[INFO] 2025-03-27 15:57:41,032 | MEW-USDT: Updated 450/450 rows in 2.16s
[INFO] 2025-03-27 15:57:41,678 | MKR-USDT: Updated 450/450 rows in 1.09s
[INFO] 2025-03-27 15:57:41,679 | MINA-USDT: Updated 450/450 rows in 1.14s
[INFO] 2025-03-27 15:57:41,679 | MOODENG-USDT: Updated 450/450 rows in 0.87s
[INFO] 2025-03-27 15:57:41,679 | MLN-USDT: Updated 450/450 rows in 0.99s
[INFO] 2025-03-27 15:57:41,940 | Processing batch 15/26 with 12 pairs
[INFO] 2025-03-27 15:57:41,941 | Computing features for MORPHO-USDT
[INFO] 2025-03-27 15:57:41,941 | Computing features for MOVE-USDT
[INFO] 2025-03-27 15:57:41,941 | Computing features for MOVR-USDT
[INFO] 2025-03-27 15:57:41,942 | Computing features for MXC-USDT
[INFO] 2025-03-27 15:57:41,942 | Computing features for NC-USDT
[INFO] 2025-03-27 15:57:41,943 | Computing features for NEAR-USDT
[INFO] 2025-03-27 15:57:41,943 | GPU is available: Device #0, Free: 10.98 GB / 12.00 GB
[INFO] 2025-03-27 15:57:41,943 | Computing features for NEIRO-USDT
[INFO] 2025-03-27 15:57:41,944 | GPU is available: Device #0, Free: 10.98 GB / 12.00 GB
[INFO] 2025-03-27 15:57:41,944 | Computing features for NEO-USDT
[INFO] 2025-03-27 15:57:41,944 | GPU is available: Device #0, Free: 10.98 GB / 12.00 GB
[INFO] 2025-03-27 15:57:42,145 | GPU is available: Device #0, Free: 10.98 GB / 12.00 GB
[INFO] 2025-03-27 15:57:42,145 | GPU is available: Device #0, Free: 10.98 GB / 12.00 GB
[INFO] 2025-03-27 15:57:42,239 | GPU is available: Device #0, Free: 10.98 GB / 12.00 GB
[INFO] 2025-03-27 15:57:42,406 | GPU is available: Device #0, Free: 10.98 GB / 12.00 GB
[INFO] 2025-03-27 15:57:42,502 | GPU is available: Device #0, Free: 10.98 GB / 12.00 GB
[INFO] 2025-03-27 15:57:43,415 | MOVE-USDT: Updated 450/450 rows in 1.47s
[INFO] 2025-03-27 15:57:43,485 | Computing features for NFT-USDT
[INFO] 2025-03-27 15:57:43,539 | MOVR-USDT: Updated 450/450 rows in 1.60s
[INFO] 2025-03-27 15:57:43,571 | MORPHO-USDT: Updated 450/450 rows in 1.63s
[INFO] 2025-03-27 15:57:43,630 | GPU is available: Device #0, Free: 10.98 GB / 12.00 GB
[INFO] 2025-03-27 15:57:43,689 | MXC-USDT: Updated 450/450 rows in 1.75s
[INFO] 2025-03-27 15:57:43,691 | Computing features for NMR-USDT
[INFO] 2025-03-27 15:57:43,755 | Computing features for NOT-USDT
[INFO] 2025-03-27 15:57:43,810 | GPU is available: Device #0, Free: 10.98 GB / 12.00 GB
[INFO] 2025-03-27 15:57:43,811 | NEIRO-USDT: Updated 450/450 rows in 1.87s
[INFO] 2025-03-27 15:57:43,812 | NC-USDT: Updated 450/450 rows in 1.87s
[INFO] 2025-03-27 15:57:43,812 | Computing features for NULS-USDT
[INFO] 2025-03-27 15:57:43,867 | GPU is available: Device #0, Free: 10.98 GB / 12.00 GB
[INFO] 2025-03-27 15:57:43,951 | NEO-USDT: Updated 450/450 rows in 2.01s
[INFO] 2025-03-27 15:57:43,951 | GPU is available: Device #0, Free: 10.98 GB / 12.00 GB
[INFO] 2025-03-27 15:57:43,952 | NEAR-USDT: Updated 450/450 rows in 2.01s
[INFO] 2025-03-27 15:57:44,189 | Progress: 175/303 pairs processed (3.29 pairs/sec, ~39s remaining)
[INFO] 2025-03-27 15:57:44,724 | NFT-USDT: Updated 450/450 rows in 1.24s
[INFO] 2025-03-27 15:57:44,796 | NULS-USDT: Updated 450/450 rows in 0.98s
[INFO] 2025-03-27 15:57:44,857 | NOT-USDT: Updated 450/450 rows in 1.10s
[INFO] 2025-03-27 15:57:44,913 | NMR-USDT: Updated 450/450 rows in 1.22s
[INFO] 2025-03-27 15:57:45,024 | Processing batch 16/26 with 12 pairs
[INFO] 2025-03-27 15:57:45,024 | Computing features for OAS-USDT
[INFO] 2025-03-27 15:57:45,025 | Computing features for OKB-USDT
[INFO] 2025-03-27 15:57:45,025 | Computing features for OKSOL-USDT
[INFO] 2025-03-27 15:57:45,025 | Computing features for OKT-USDT
[INFO] 2025-03-27 15:57:45,026 | Computing features for OL-USDT
[INFO] 2025-03-27 15:57:45,026 | GPU is available: Device #0, Free: 10.98 GB / 12.00 GB
[INFO] 2025-03-27 15:57:45,026 | Computing features for OM-USDT
[INFO] 2025-03-27 15:57:45,027 | GPU is available: Device #0, Free: 10.98 GB / 12.00 GB
[INFO] 2025-03-27 15:57:45,027 | Computing features for OMI-USDT
[INFO] 2025-03-27 15:57:45,027 | Computing features for ONDO-USDT
[INFO] 2025-03-27 15:57:45,028 | GPU is available: Device #0, Free: 10.98 GB / 12.00 GB
[INFO] 2025-03-27 15:57:45,227 | GPU is available: Device #0, Free: 10.98 GB / 12.00 GB
[INFO] 2025-03-27 15:57:45,227 | GPU is available: Device #0, Free: 10.98 GB / 12.00 GB
[INFO] 2025-03-27 15:57:45,228 | GPU is available: Device #0, Free: 10.98 GB / 12.00 GB
[INFO] 2025-03-27 15:57:45,377 | GPU is available: Device #0, Free: 10.98 GB / 12.00 GB
[INFO] 2025-03-27 15:57:45,449 | GPU is available: Device #0, Free: 10.98 GB / 12.00 GB
[INFO] 2025-03-27 15:57:46,464 | OKB-USDT: Updated 450/450 rows in 1.44s
[INFO] 2025-03-27 15:57:46,582 | OAS-USDT: Updated 450/450 rows in 1.56s
[INFO] 2025-03-27 15:57:46,584 | OKSOL-USDT: Updated 450/450 rows in 1.56s
[INFO] 2025-03-27 15:57:46,642 | Computing features for ONE-USDT
[INFO] 2025-03-27 15:57:46,715 | OKT-USDT: Updated 450/450 rows in 1.69s
[INFO] 2025-03-27 15:57:46,715 | Computing features for ONT-USDT
[INFO] 2025-03-27 15:57:46,722 | GPU is available: Device #0, Free: 10.98 GB / 12.00 GB
[INFO] 2025-03-27 15:57:46,722 | Computing features for OP-USDT
[INFO] 2025-03-27 15:57:46,751 | OL-USDT: Updated 450/450 rows in 1.72s
[INFO] 2025-03-27 15:57:46,871 | GPU is available: Device #0, Free: 10.98 GB / 12.00 GB
[INFO] 2025-03-27 15:57:46,871 | GPU is available: Device #0, Free: 10.98 GB / 12.00 GB
[INFO] 2025-03-27 15:57:46,873 | Computing features for ORBS-USDT
[INFO] 2025-03-27 15:57:46,874 | OM-USDT: Updated 450/450 rows in 1.85s
[INFO] 2025-03-27 15:57:46,928 | GPU is available: Device #0, Free: 10.98 GB / 12.00 GB
[INFO] 2025-03-27 15:57:47,007 | OMI-USDT: Updated 450/450 rows in 1.98s
[INFO] 2025-03-27 15:57:47,171 | ONDO-USDT: Updated 450/450 rows in 2.14s
[INFO] 2025-03-27 15:57:47,769 | ONE-USDT: Updated 450/450 rows in 1.13s
[INFO] 2025-03-27 15:57:47,850 | ONT-USDT: Updated 450/450 rows in 1.13s
[INFO] 2025-03-27 15:57:47,908 | OP-USDT: Updated 450/450 rows in 1.19s
[INFO] 2025-03-27 15:57:47,909 | ORBS-USDT: Updated 450/450 rows in 1.04s
[INFO] 2025-03-27 15:57:48,062 | Processing batch 17/26 with 12 pairs
[INFO] 2025-03-27 15:57:48,062 | Computing features for ORDI-USDT
[INFO] 2025-03-27 15:57:48,062 | Computing features for OXT-USDT
[INFO] 2025-03-27 15:57:48,063 | Computing features for PENDLE-USDT
[INFO] 2025-03-27 15:57:48,063 | Computing features for PENGU-USDT
[INFO] 2025-03-27 15:57:48,064 | Computing features for PEOPLE-USDT
[INFO] 2025-03-27 15:57:48,064 | Computing features for PEPE-USDT
[INFO] 2025-03-27 15:57:48,064 | Computing features for PERP-USDT
[INFO] 2025-03-27 15:57:48,065 | Computing features for PHA-USDT
[INFO] 2025-03-27 15:57:48,065 | GPU is available: Device #0, Free: 10.98 GB / 12.00 GB
[INFO] 2025-03-27 15:57:48,066 | GPU is available: Device #0, Free: 10.98 GB / 12.00 GB
[INFO] 2025-03-27 15:57:48,066 | GPU is available: Device #0, Free: 10.98 GB / 12.00 GB
[INFO] 2025-03-27 15:57:48,269 | GPU is available: Device #0, Free: 10.98 GB / 12.00 GB
[INFO] 2025-03-27 15:57:48,269 | GPU is available: Device #0, Free: 10.98 GB / 12.00 GB
[INFO] 2025-03-27 15:57:48,276 | GPU is available: Device #0, Free: 10.98 GB / 12.00 GB
[INFO] 2025-03-27 15:57:48,431 | GPU is available: Device #0, Free: 10.98 GB / 12.00 GB
[INFO] 2025-03-27 15:57:48,583 | GPU is available: Device #0, Free: 10.98 GB / 12.00 GB
[INFO] 2025-03-27 15:57:49,482 | PENDLE-USDT: Updated 450/450 rows in 1.42s
[INFO] 2025-03-27 15:57:49,620 | OXT-USDT: Updated 450/450 rows in 1.56s
[INFO] 2025-03-27 15:57:49,620 | ORDI-USDT: Updated 450/450 rows in 1.56s
[INFO] 2025-03-27 15:57:49,787 | Computing features for PI-USDT
[INFO] 2025-03-27 15:57:49,789 | Computing features for PIXEL-USDT
[INFO] 2025-03-27 15:57:49,801 | GPU is available: Device #0, Free: 10.98 GB / 12.00 GB
[INFO] 2025-03-27 15:57:49,801 | Computing features for PNUT-USDT
[INFO] 2025-03-27 15:57:49,812 | GPU is available: Device #0, Free: 10.98 GB / 12.00 GB
[INFO] 2025-03-27 15:57:49,812 | GPU is available: Device #0, Free: 10.98 GB / 12.00 GB
[INFO] 2025-03-27 15:57:49,850 | PENGU-USDT: Updated 450/450 rows in 1.79s
[INFO] 2025-03-27 15:57:49,854 | PEOPLE-USDT: Updated 450/450 rows in 1.79s
[INFO] 2025-03-27 15:57:50,077 | PEPE-USDT: Updated 450/450 rows in 2.01s
[INFO] 2025-03-27 15:57:50,077 | PHA-USDT: Updated 450/450 rows in 2.01s
[INFO] 2025-03-27 15:57:50,132 | Computing features for POL-USDT
[INFO] 2025-03-27 15:57:50,258 | PERP-USDT: Updated 450/450 rows in 2.19s
[INFO] 2025-03-27 15:57:50,269 | GPU is available: Device #0, Free: 10.98 GB / 12.00 GB
[INFO] 2025-03-27 15:57:50,419 | Progress: 200/303 pairs processed (3.37 pairs/sec, ~31s remaining)
[INFO] 2025-03-27 15:57:50,811 | PI-USDT: Updated 450/450 rows in 1.02s
[INFO] 2025-03-27 15:57:50,922 | PNUT-USDT: Updated 450/450 rows in 1.12s
[INFO] 2025-03-27 15:57:50,979 | PIXEL-USDT: Updated 450/450 rows in 1.19s
[INFO] 2025-03-27 15:57:51,038 | POL-USDT: Updated 450/450 rows in 0.91s
[INFO] 2025-03-27 15:57:51,144 | Processing batch 18/26 with 12 pairs
[INFO] 2025-03-27 15:57:51,145 | Computing features for POLYDOGE-USDT
[INFO] 2025-03-27 15:57:51,145 | Computing features for POR-USDT
[INFO] 2025-03-27 15:57:51,145 | Computing features for PRCL-USDT
[INFO] 2025-03-27 15:57:51,147 | Computing features for PRQ-USDT
[INFO] 2025-03-27 15:57:51,147 | Computing features for PSTAKE-USDT
[INFO] 2025-03-27 15:57:51,147 | GPU is available: Device #0, Free: 10.98 GB / 12.00 GB
[INFO] 2025-03-27 15:57:51,147 | GPU is available: Device #0, Free: 10.98 GB / 12.00 GB
[INFO] 2025-03-27 15:57:51,147 | GPU is available: Device #0, Free: 10.98 GB / 12.00 GB
[INFO] 2025-03-27 15:57:51,148 | Computing features for PYTH-USDT
[INFO] 2025-03-27 15:57:51,148 | Computing features for PYUSD-USDT
[INFO] 2025-03-27 15:57:51,148 | Computing features for QTUM-USDT
[INFO] 2025-03-27 15:57:51,342 | GPU is available: Device #0, Free: 10.98 GB / 12.00 GB
[INFO] 2025-03-27 15:57:51,345 | GPU is available: Device #0, Free: 10.98 GB / 12.00 GB
[INFO] 2025-03-27 15:57:51,487 | GPU is available: Device #0, Free: 10.98 GB / 12.00 GB
[INFO] 2025-03-27 15:57:51,570 | GPU is available: Device #0, Free: 10.98 GB / 12.00 GB
[INFO] 2025-03-27 15:57:51,592 | GPU is available: Device #0, Free: 10.98 GB / 12.00 GB
[INFO] 2025-03-27 15:57:52,602 | POR-USDT: Updated 450/450 rows in 1.46s
[INFO] 2025-03-27 15:57:52,720 | PRCL-USDT: Updated 450/450 rows in 1.57s
[INFO] 2025-03-27 15:57:52,724 | POLYDOGE-USDT: Updated 450/450 rows in 1.58s
[INFO] 2025-03-27 15:57:52,854 | Computing features for RACA-USDT
[INFO] 2025-03-27 15:57:52,854 | PRQ-USDT: Updated 450/450 rows in 1.71s
[INFO] 2025-03-27 15:57:52,855 | Computing features for RADAR-USDT
[INFO] 2025-03-27 15:57:52,855 | Computing features for RAY-USDT
[INFO] 2025-03-27 15:57:52,911 | GPU is available: Device #0, Free: 10.98 GB / 12.00 GB
[INFO] 2025-03-27 15:57:52,947 | PSTAKE-USDT: Updated 450/450 rows in 1.80s
[INFO] 2025-03-27 15:57:52,953 | GPU is available: Device #0, Free: 10.98 GB / 12.00 GB
[INFO] 2025-03-27 15:57:52,958 | GPU is available: Device #0, Free: 10.98 GB / 12.00 GB
[INFO] 2025-03-27 15:57:53,022 | Computing features for RDNT-USDT
[INFO] 2025-03-27 15:57:53,150 | GPU is available: Device #0, Free: 10.98 GB / 12.00 GB
[INFO] 2025-03-27 15:57:53,160 | PYUSD-USDT: Updated 450/450 rows in 2.01s
[INFO] 2025-03-27 15:57:53,240 | PYTH-USDT: Updated 450/450 rows in 2.09s
[INFO] 2025-03-27 15:57:53,241 | QTUM-USDT: Updated 450/450 rows in 2.09s
[INFO] 2025-03-27 15:57:54,001 | RACA-USDT: Updated 450/450 rows in 1.15s
[INFO] 2025-03-27 15:57:54,079 | RADAR-USDT: Updated 450/450 rows in 1.22s
[INFO] 2025-03-27 15:57:54,079 | RAY-USDT: Updated 450/450 rows in 1.22s
[INFO] 2025-03-27 15:57:54,188 | RDNT-USDT: Updated 450/450 rows in 1.17s
[INFO] 2025-03-27 15:57:54,293 | Processing batch 19/26 with 12 pairs
[INFO] 2025-03-27 15:57:54,294 | Computing features for RENDER-USDT
[INFO] 2025-03-27 15:57:54,294 | Computing features for RIO-USDT
[INFO] 2025-03-27 15:57:54,295 | Computing features for RON-USDT
[INFO] 2025-03-27 15:57:54,296 | Computing features for RPL-USDT
[INFO] 2025-03-27 15:57:54,296 | Computing features for RSR-USDT
[INFO] 2025-03-27 15:57:54,296 | GPU is available: Device #0, Free: 10.98 GB / 12.00 GB
[INFO] 2025-03-27 15:57:54,296 | Computing features for RSS3-USDT
[INFO] 2025-03-27 15:57:54,296 | GPU is available: Device #0, Free: 10.98 GB / 12.00 GB
[INFO] 2025-03-27 15:57:54,297 | Computing features for RUNECOIN-USDT
[INFO] 2025-03-27 15:57:54,297 | Computing features for RVN-USDT
[INFO] 2025-03-27 15:57:54,298 | GPU is available: Device #0, Free: 10.98 GB / 12.00 GB
[INFO] 2025-03-27 15:57:54,499 | GPU is available: Device #0, Free: 10.98 GB / 12.00 GB
[INFO] 2025-03-27 15:57:54,501 | GPU is available: Device #0, Free: 10.98 GB / 12.00 GB
[INFO] 2025-03-27 15:57:54,501 | GPU is available: Device #0, Free: 10.98 GB / 12.00 GB
[INFO] 2025-03-27 15:57:54,597 | GPU is available: Device #0, Free: 10.98 GB / 12.00 GB
[INFO] 2025-03-27 15:57:54,800 | GPU is available: Device #0, Free: 10.98 GB / 12.00 GB
[INFO] 2025-03-27 15:57:55,774 | RIO-USDT: Updated 450/450 rows in 1.48s
[INFO] 2025-03-27 15:57:55,774 | RENDER-USDT: Updated 450/450 rows in 1.48s
[INFO] 2025-03-27 15:57:55,956 | RON-USDT: Updated 450/450 rows in 1.66s
[INFO] 2025-03-27 15:57:55,976 | Computing features for S-USDT
[INFO] 2025-03-27 15:57:56,037 | Computing features for SAFE-USDT
[INFO] 2025-03-27 15:57:56,038 | GPU is available: Device #0, Free: 10.98 GB / 12.00 GB
[INFO] 2025-03-27 15:57:56,039 | Computing features for SAMO-USDT
[INFO] 2025-03-27 15:57:56,039 | GPU is available: Device #0, Free: 10.98 GB / 12.00 GB
[INFO] 2025-03-27 15:57:56,040 | GPU is available: Device #0, Free: 10.98 GB / 12.00 GB
[INFO] 2025-03-27 15:57:56,056 | RSS3-USDT: Updated 450/450 rows in 1.76s
[INFO] 2025-03-27 15:57:56,060 | RSR-USDT: Updated 450/450 rows in 1.76s
[INFO] 2025-03-27 15:57:56,132 | RPL-USDT: Updated 450/450 rows in 1.84s
[INFO] 2025-03-27 15:57:56,389 | RUNECOIN-USDT: Updated 450/450 rows in 2.09s
[INFO] 2025-03-27 15:57:56,391 | Computing features for SAND-USDT
[INFO] 2025-03-27 15:57:56,391 | RVN-USDT: Updated 450/450 rows in 2.09s
[INFO] 2025-03-27 15:57:56,496 | GPU is available: Device #0, Free: 10.98 GB / 12.00 GB
[INFO] 2025-03-27 15:57:57,104 | S-USDT: Updated 450/450 rows in 1.13s
[INFO] 2025-03-27 15:57:57,166 | SAMO-USDT: Updated 450/450 rows in 1.13s
[INFO] 2025-03-27 15:57:57,166 | Progress: 225/303 pairs processed (3.40 pairs/sec, ~23s remaining)
[INFO] 2025-03-27 15:57:57,167 | SAFE-USDT: Updated 450/450 rows in 1.13s
[INFO] 2025-03-27 15:57:57,276 | SAND-USDT: Updated 450/450 rows in 0.89s
[INFO] 2025-03-27 15:57:57,383 | Processing batch 20/26 with 12 pairs
[INFO] 2025-03-27 15:57:57,383 | Computing features for SATS-USDT
[INFO] 2025-03-27 15:57:57,383 | Computing features for SC-USDT
[INFO] 2025-03-27 15:57:57,384 | Computing features for SCR-USDT
[INFO] 2025-03-27 15:57:57,385 | Computing features for SD-USDT
[INFO] 2025-03-27 15:57:57,385 | GPU is available: Device #0, Free: 10.98 GB / 12.00 GB
[INFO] 2025-03-27 15:57:57,385 | GPU is available: Device #0, Free: 10.98 GB / 12.00 GB
[INFO] 2025-03-27 15:57:57,385 | GPU is available: Device #0, Free: 10.98 GB / 12.00 GB
[INFO] 2025-03-27 15:57:57,385 | Computing features for SHIB-USDT
[INFO] 2025-03-27 15:57:57,386 | Computing features for SKL-USDT
[INFO] 2025-03-27 15:57:57,386 | Computing features for SLERF-USDT
[INFO] 2025-03-27 15:57:57,386 | Computing features for SLP-USDT
[INFO] 2025-03-27 15:57:57,583 | GPU is available: Device #0, Free: 10.98 GB / 12.00 GB
[INFO] 2025-03-27 15:57:57,587 | GPU is available: Device #0, Free: 10.98 GB / 12.00 GB
[INFO] 2025-03-27 15:57:57,587 | GPU is available: Device #0, Free: 10.98 GB / 12.00 GB
[INFO] 2025-03-27 15:57:57,754 | GPU is available: Device #0, Free: 10.98 GB / 12.00 GB
[INFO] 2025-03-27 15:57:57,888 | GPU is available: Device #0, Free: 10.98 GB / 12.00 GB
[INFO] 2025-03-27 15:57:58,874 | SATS-USDT: Updated 450/450 rows in 1.49s
[INFO] 2025-03-27 15:57:58,974 | SC-USDT: Updated 450/450 rows in 1.59s
[INFO] 2025-03-27 15:57:58,975 | SCR-USDT: Updated 450/450 rows in 1.59s
[INFO] 2025-03-27 15:57:59,124 | Computing features for SNT-USDT
[INFO] 2025-03-27 15:57:59,126 | Computing features for SNX-USDT
[INFO] 2025-03-27 15:57:59,126 | Computing features for SOL-USDT
[INFO] 2025-03-27 15:57:59,132 | GPU is available: Device #0, Free: 10.98 GB / 12.00 GB
[INFO] 2025-03-27 15:57:59,147 | SD-USDT: Updated 450/450 rows in 1.76s
[INFO] 2025-03-27 15:57:59,164 | SHIB-USDT: Updated 450/450 rows in 1.78s
[INFO] 2025-03-27 15:57:59,168 | GPU is available: Device #0, Free: 10.98 GB / 12.00 GB
[INFO] 2025-03-27 15:57:59,169 | GPU is available: Device #0, Free: 10.98 GB / 12.00 GB
[INFO] 2025-03-27 15:57:59,240 | SKL-USDT: Updated 450/450 rows in 1.85s
[INFO] 2025-03-27 15:57:59,410 | Computing features for SONIC-USDT
[INFO] 2025-03-27 15:57:59,418 | GPU is available: Device #0, Free: 10.98 GB / 12.00 GB
[INFO] 2025-03-27 15:57:59,428 | SLERF-USDT: Updated 450/450 rows in 2.04s
[INFO] 2025-03-27 15:57:59,552 | SLP-USDT: Updated 450/450 rows in 2.17s
[INFO] 2025-03-27 15:58:00,258 | SNT-USDT: Updated 450/450 rows in 1.13s
[INFO] 2025-03-27 15:58:00,335 | SOL-USDT: Updated 450/450 rows in 1.21s
[INFO] 2025-03-27 15:58:00,395 | SONIC-USDT: Updated 450/450 rows in 0.98s
[INFO] 2025-03-27 15:58:00,451 | SNX-USDT: Updated 450/450 rows in 1.33s
[INFO] 2025-03-27 15:58:00,562 | Processing batch 21/26 with 12 pairs
[INFO] 2025-03-27 15:58:00,562 | Computing features for SPURS-USDT
[INFO] 2025-03-27 15:58:00,562 | Computing features for SSV-USDT
[INFO] 2025-03-27 15:58:00,562 | Computing features for SSWP-USDT
[INFO] 2025-03-27 15:58:00,563 | Computing features for STORJ-USDT
[INFO] 2025-03-27 15:58:00,563 | Computing features for STRK-USDT
[INFO] 2025-03-27 15:58:00,564 | Computing features for STX-USDT
[INFO] 2025-03-27 15:58:00,564 | Computing features for SUI-USDT
[INFO] 2025-03-27 15:58:00,565 | Computing features for SUSHI-USDT
[INFO] 2025-03-27 15:58:00,565 | GPU is available: Device #0, Free: 10.98 GB / 12.00 GB
[INFO] 2025-03-27 15:58:00,566 | GPU is available: Device #0, Free: 10.98 GB / 12.00 GB
[INFO] 2025-03-27 15:58:00,566 | GPU is available: Device #0, Free: 10.98 GB / 12.00 GB
[INFO] 2025-03-27 15:58:00,769 | GPU is available: Device #0, Free: 10.98 GB / 12.00 GB
[INFO] 2025-03-27 15:58:00,772 | GPU is available: Device #0, Free: 10.98 GB / 12.00 GB
[INFO] 2025-03-27 15:58:01,004 | GPU is available: Device #0, Free: 10.98 GB / 12.00 GB
[INFO] 2025-03-27 15:58:01,017 | GPU is available: Device #0, Free: 10.98 GB / 12.00 GB
[INFO] 2025-03-27 15:58:01,024 | GPU is available: Device #0, Free: 10.98 GB / 12.00 GB
[INFO] 2025-03-27 15:58:02,868 | SSWP-USDT: Updated 450/450 rows in 2.31s
[INFO] 2025-03-27 15:58:02,870 | SPURS-USDT: Updated 450/450 rows in 2.31s
[INFO] 2025-03-27 15:58:03,026 | SSV-USDT: Updated 450/450 rows in 2.46s
[INFO] 2025-03-27 15:58:03,085 | Computing features for SWEAT-USDT
[INFO] 2025-03-27 15:58:03,085 | Computing features for SWFTC-USDT
[INFO] 2025-03-27 15:58:03,087 | Computing features for T-USDT
[INFO] 2025-03-27 15:58:03,088 | GPU is available: Device #0, Free: 10.98 GB / 12.00 GB
[INFO] 2025-03-27 15:58:03,088 | GPU is available: Device #0, Free: 10.98 GB / 12.00 GB
[INFO] 2025-03-27 15:58:03,088 | STORJ-USDT: Updated 450/450 rows in 2.53s
[INFO] 2025-03-27 15:58:03,149 | GPU is available: Device #0, Free: 10.98 GB / 12.00 GB
[INFO] 2025-03-27 15:58:03,198 | STRK-USDT: Updated 450/450 rows in 2.64s
[INFO] 2025-03-27 15:58:03,200 | Computing features for THETA-USDT
[INFO] 2025-03-27 15:58:03,317 | GPU is available: Device #0, Free: 10.98 GB / 12.00 GB
[INFO] 2025-03-27 15:58:03,427 | SUSHI-USDT: Updated 450/450 rows in 2.86s
[INFO] 2025-03-27 15:58:03,434 | SUI-USDT: Updated 450/450 rows in 2.87s
[INFO] 2025-03-27 15:58:03,447 | STX-USDT: Updated 450/450 rows in 2.88s
[INFO] 2025-03-27 15:58:04,180 | SWEAT-USDT: Updated 450/450 rows in 1.10s
[INFO] 2025-03-27 15:58:04,253 | T-USDT: Updated 450/450 rows in 1.17s
[INFO] 2025-03-27 15:58:04,316 | SWFTC-USDT: Updated 450/450 rows in 1.23s
[INFO] 2025-03-27 15:58:04,316 | Progress: 250/303 pairs processed (3.41 pairs/sec, ~16s remaining)
[INFO] 2025-03-27 15:58:04,376 | THETA-USDT: Updated 450/450 rows in 1.18s
[INFO] 2025-03-27 15:58:04,502 | Processing batch 22/26 with 12 pairs
[INFO] 2025-03-27 15:58:04,503 | Computing features for TIA-USDT
[INFO] 2025-03-27 15:58:04,503 | Computing features for TNSR-USDT
[INFO] 2025-03-27 15:58:04,503 | Computing features for TON-USDT
[INFO] 2025-03-27 15:58:04,504 | Computing features for TRA-USDT
[INFO] 2025-03-27 15:58:04,505 | Computing features for TRB-USDT
[INFO] 2025-03-27 15:58:04,505 | GPU is available: Device #0, Free: 10.98 GB / 12.00 GB
[INFO] 2025-03-27 15:58:04,506 | Computing features for TRUMP-USDT
[INFO] 2025-03-27 15:58:04,506 | GPU is available: Device #0, Free: 10.98 GB / 12.00 GB
[INFO] 2025-03-27 15:58:04,507 | GPU is available: Device #0, Free: 10.98 GB / 12.00 GB
[INFO] 2025-03-27 15:58:04,507 | Computing features for TRX-USDT
[INFO] 2025-03-27 15:58:04,507 | Computing features for TURBO-USDT
[INFO] 2025-03-27 15:58:04,732 | GPU is available: Device #0, Free: 10.98 GB / 12.00 GB
[INFO] 2025-03-27 15:58:04,733 | GPU is available: Device #0, Free: 10.98 GB / 12.00 GB
[INFO] 2025-03-27 15:58:04,734 | GPU is available: Device #0, Free: 10.98 GB / 12.00 GB
[INFO] 2025-03-27 15:58:04,948 | GPU is available: Device #0, Free: 10.98 GB / 12.00 GB
[INFO] 2025-03-27 15:58:05,037 | GPU is available: Device #0, Free: 10.98 GB / 12.00 GB
[INFO] 2025-03-27 15:58:06,022 | TON-USDT: Updated 450/450 rows in 1.52s
[INFO] 2025-03-27 15:58:06,022 | TNSR-USDT: Updated 450/450 rows in 1.52s
[INFO] 2025-03-27 15:58:06,191 | TIA-USDT: Updated 450/450 rows in 1.69s
[INFO] 2025-03-27 15:58:06,192 | Computing features for ULTI-USDT
[INFO] 2025-03-27 15:58:06,256 | Computing features for UMA-USDT
[INFO] 2025-03-27 15:58:06,270 | GPU is available: Device #0, Free: 10.98 GB / 12.00 GB
[INFO] 2025-03-27 15:58:06,271 | TRUMP-USDT: Updated 450/450 rows in 1.76s
[INFO] 2025-03-27 15:58:06,272 | Computing features for UNI-USDT
[INFO] 2025-03-27 15:58:06,272 | GPU is available: Device #0, Free: 10.98 GB / 12.00 GB
[INFO] 2025-03-27 15:58:06,355 | TRB-USDT: Updated 450/450 rows in 1.85s
[INFO] 2025-03-27 15:58:06,359 | TRA-USDT: Updated 450/450 rows in 1.85s
[INFO] 2025-03-27 15:58:06,361 | GPU is available: Device #0, Free: 10.98 GB / 12.00 GB
[INFO] 2025-03-27 15:58:06,486 | Computing features for USDC-USDT
[INFO] 2025-03-27 15:58:06,487 | TRX-USDT: Updated 450/450 rows in 1.98s
[INFO] 2025-03-27 15:58:06,646 | GPU is available: Device #0, Free: 10.98 GB / 12.00 GB
[INFO] 2025-03-27 15:58:06,647 | TURBO-USDT: Updated 450/450 rows in 2.14s
[INFO] 2025-03-27 15:58:07,354 | ULTI-USDT: Updated 450/450 rows in 1.16s
[INFO] 2025-03-27 15:58:07,417 | UMA-USDT: Updated 450/450 rows in 1.16s
[INFO] 2025-03-27 15:58:07,484 | UNI-USDT: Updated 450/450 rows in 1.21s
[INFO] 2025-03-27 15:58:07,484 | USDC-USDT: Updated 450/450 rows in 1.00s
[INFO] 2025-03-27 15:58:07,626 | Processing batch 23/26 with 12 pairs
[INFO] 2025-03-27 15:58:07,626 | Computing features for USTC-USDT
[INFO] 2025-03-27 15:58:07,627 | Computing features for UXLINK-USDT
[INFO] 2025-03-27 15:58:07,627 | Computing features for VELO-USDT
[INFO] 2025-03-27 15:58:07,628 | Computing features for VELODROME-USDT
[INFO] 2025-03-27 15:58:07,628 | GPU is available: Device #0, Free: 10.98 GB / 12.00 GB
[INFO] 2025-03-27 15:58:07,628 | Computing features for VENOM-USDT
[INFO] 2025-03-27 15:58:07,629 | Computing features for VINE-USDT
[INFO] 2025-03-27 15:58:07,629 | GPU is available: Device #0, Free: 10.98 GB / 12.00 GB
[INFO] 2025-03-27 15:58:07,629 | Computing features for VRA-USDT
[INFO] 2025-03-27 15:58:07,630 | GPU is available: Device #0, Free: 10.98 GB / 12.00 GB
[INFO] 2025-03-27 15:58:07,630 | Computing features for W-USDT
[INFO] 2025-03-27 15:58:07,830 | GPU is available: Device #0, Free: 10.98 GB / 12.00 GB
[INFO] 2025-03-27 15:58:07,831 | GPU is available: Device #0, Free: 10.98 GB / 12.00 GB
[INFO] 2025-03-27 15:58:07,833 | GPU is available: Device #0, Free: 10.98 GB / 12.00 GB
[INFO] 2025-03-27 15:58:07,927 | GPU is available: Device #0, Free: 10.98 GB / 12.00 GB
[INFO] 2025-03-27 15:58:08,129 | GPU is available: Device #0, Free: 10.98 GB / 12.00 GB
[INFO] 2025-03-27 15:58:09,074 | USTC-USDT: Updated 450/450 rows in 1.45s
[INFO] 2025-03-27 15:58:09,183 | UXLINK-USDT: Updated 450/450 rows in 1.56s
[INFO] 2025-03-27 15:58:09,184 | VELO-USDT: Updated 450/450 rows in 1.56s
[INFO] 2025-03-27 15:58:09,185 | Computing features for WAXP-USDT
[INFO] 2025-03-27 15:58:09,340 | GPU is available: Device #0, Free: 10.98 GB / 12.00 GB
[INFO] 2025-03-27 15:58:09,341 | VINE-USDT: Updated 450/450 rows in 1.71s
[INFO] 2025-03-27 15:58:09,342 | VENOM-USDT: Updated 450/450 rows in 1.71s
[INFO] 2025-03-27 15:58:09,343 | VELODROME-USDT: Updated 450/450 rows in 1.72s
[INFO] 2025-03-27 15:58:09,343 | Computing features for WIF-USDT
[INFO] 2025-03-27 15:58:09,451 | Computing features for WIN-USDT
[INFO] 2025-03-27 15:58:09,503 | W-USDT: Updated 450/450 rows in 1.87s
[INFO] 2025-03-27 15:58:09,503 | GPU is available: Device #0, Free: 10.98 GB / 12.00 GB
[INFO] 2025-03-27 15:58:09,504 | VRA-USDT: Updated 450/450 rows in 1.87s
[INFO] 2025-03-27 15:58:09,504 | Computing features for WLD-USDT
[INFO] 2025-03-27 15:58:09,504 | GPU is available: Device #0, Free: 10.98 GB / 12.00 GB
[INFO] 2025-03-27 15:58:09,665 | GPU is available: Device #0, Free: 10.98 GB / 12.00 GB
[INFO] 2025-03-27 15:58:10,354 | WAXP-USDT: Updated 450/450 rows in 1.17s
[INFO] 2025-03-27 15:58:10,439 | WLD-USDT: Updated 450/450 rows in 0.93s
[INFO] 2025-03-27 15:58:10,505 | WIF-USDT: Updated 450/450 rows in 1.16s
[INFO] 2025-03-27 15:58:10,559 | WIN-USDT: Updated 450/450 rows in 1.11s
[INFO] 2025-03-27 15:58:10,559 | Progress: 275/303 pairs processed (3.46 pairs/sec, ~8s remaining)
[INFO] 2025-03-27 15:58:10,656 | Processing batch 24/26 with 12 pairs
[INFO] 2025-03-27 15:58:10,657 | Computing features for WOO-USDT
[INFO] 2025-03-27 15:58:10,657 | Computing features for X-USDT
[INFO] 2025-03-27 15:58:10,658 | Computing features for XAUT-USDT
[INFO] 2025-03-27 15:58:10,658 | Computing features for XCH-USDT
[INFO] 2025-03-27 15:58:10,659 | Computing features for XLM-USDT
[INFO] 2025-03-27 15:58:10,659 | GPU is available: Device #0, Free: 10.98 GB / 12.00 GB
[INFO] 2025-03-27 15:58:10,660 | Computing features for XNO-USDT
[INFO] 2025-03-27 15:58:10,660 | GPU is available: Device #0, Free: 10.98 GB / 12.00 GB
[INFO] 2025-03-27 15:58:10,660 | GPU is available: Device #0, Free: 10.98 GB / 12.00 GB
[INFO] 2025-03-27 15:58:10,660 | Computing features for XRP-USDT
[INFO] 2025-03-27 15:58:10,660 | Computing features for XTZ-USDT
[INFO] 2025-03-27 15:58:10,860 | GPU is available: Device #0, Free: 10.98 GB / 12.00 GB
[INFO] 2025-03-27 15:58:10,860 | GPU is available: Device #0, Free: 10.98 GB / 12.00 GB
[INFO] 2025-03-27 15:58:10,874 | GPU is available: Device #0, Free: 10.98 GB / 12.00 GB
[INFO] 2025-03-27 15:58:10,955 | GPU is available: Device #0, Free: 10.98 GB / 12.00 GB
[INFO] 2025-03-27 15:58:11,090 | GPU is available: Device #0, Free: 10.98 GB / 12.00 GB
[INFO] 2025-03-27 15:58:12,118 | XAUT-USDT: Updated 450/450 rows in 1.46s
[INFO] 2025-03-27 15:58:12,119 | WOO-USDT: Updated 450/450 rows in 1.46s
[INFO] 2025-03-27 15:58:12,120 | X-USDT: Updated 450/450 rows in 1.46s
[INFO] 2025-03-27 15:58:12,318 | XLM-USDT: Updated 450/450 rows in 1.66s
[INFO] 2025-03-27 15:58:12,319 | Computing features for YFI-USDT
[INFO] 2025-03-27 15:58:12,374 | Computing features for YGG-USDT
[INFO] 2025-03-27 15:58:12,379 | Computing features for ZBCN-USDT
[INFO] 2025-03-27 15:58:12,412 | GPU is available: Device #0, Free: 10.98 GB / 12.00 GB
[INFO] 2025-03-27 15:58:12,414 | XNO-USDT: Updated 450/450 rows in 1.75s
[INFO] 2025-03-27 15:58:12,414 | GPU is available: Device #0, Free: 10.98 GB / 12.00 GB
[INFO] 2025-03-27 15:58:12,414 | Computing features for ZENT-USDT
[INFO] 2025-03-27 15:58:12,415 | GPU is available: Device #0, Free: 10.98 GB / 12.00 GB
[INFO] 2025-03-27 15:58:12,415 | XCH-USDT: Updated 450/450 rows in 1.76s
[INFO] 2025-03-27 15:58:12,488 | GPU is available: Device #0, Free: 10.98 GB / 12.00 GB
[INFO] 2025-03-27 15:58:12,683 | XRP-USDT: Updated 450/450 rows in 2.02s
[INFO] 2025-03-27 15:58:12,783 | XTZ-USDT: Updated 450/450 rows in 2.12s
[INFO] 2025-03-27 15:58:13,440 | YGG-USDT: Updated 450/450 rows in 1.07s
[INFO] 2025-03-27 15:58:13,441 | YFI-USDT: Updated 450/450 rows in 1.12s
[INFO] 2025-03-27 15:58:13,575 | ZBCN-USDT: Updated 450/450 rows in 1.20s
[INFO] 2025-03-27 15:58:13,638 | ZENT-USDT: Updated 450/450 rows in 1.22s
[INFO] 2025-03-27 15:58:13,750 | Processing batch 25/26 with 10 pairs
[INFO] 2025-03-27 15:58:13,751 | Computing features for ZERO-USDT
[INFO] 2025-03-27 15:58:13,751 | Computing features for ZETA-USDT
[INFO] 2025-03-27 15:58:13,752 | Computing features for ZEUS-USDT
[INFO] 2025-03-27 15:58:13,752 | Computing features for ZIL-USDT
[INFO] 2025-03-27 15:58:13,753 | Computing features for ZK-USDT
[INFO] 2025-03-27 15:58:13,753 | Computing features for ZKJ-USDT
[INFO] 2025-03-27 15:58:13,754 | GPU is available: Device #0, Free: 10.98 GB / 12.00 GB
[INFO] 2025-03-27 15:58:13,754 | Computing features for ZRO-USDT
[INFO] 2025-03-27 15:58:13,754 | GPU is available: Device #0, Free: 10.98 GB / 12.00 GB
[INFO] 2025-03-27 15:58:13,754 | GPU is available: Device #0, Free: 10.98 GB / 12.00 GB
[INFO] 2025-03-27 15:58:13,754 | Computing features for ZRX-USDT
[INFO] 2025-03-27 15:58:13,952 | GPU is available: Device #0, Free: 10.98 GB / 12.00 GB
[INFO] 2025-03-27 15:58:13,952 | GPU is available: Device #0, Free: 10.98 GB / 12.00 GB
[INFO] 2025-03-27 15:58:14,119 | GPU is available: Device #0, Free: 10.98 GB / 12.00 GB
[INFO] 2025-03-27 15:58:14,199 | GPU is available: Device #0, Free: 10.98 GB / 12.00 GB
[INFO] 2025-03-27 15:58:14,237 | GPU is available: Device #0, Free: 10.98 GB / 12.00 GB
[INFO] 2025-03-27 15:58:15,248 | ZERO-USDT: Updated 450/450 rows in 1.50s
[INFO] 2025-03-27 15:58:15,248 | ZEUS-USDT: Updated 450/450 rows in 1.50s
[INFO] 2025-03-27 15:58:15,422 | ZETA-USDT: Updated 450/450 rows in 1.67s
[INFO] 2025-03-27 15:58:15,424 | Computing features for BETH-USDT
[INFO] 2025-03-27 15:58:15,480 | Computing features for BTC-USDT
[INFO] 2025-03-27 15:58:15,483 | GPU is available: Device #0, Free: 10.98 GB / 12.00 GB
[INFO] 2025-03-27 15:58:15,489 | GPU is available: Device #0, Free: 10.98 GB / 12.00 GB
[INFO] 2025-03-27 15:58:15,537 | ZK-USDT: Updated 450/450 rows in 1.78s
[INFO] 2025-03-27 15:58:15,542 | ZIL-USDT: Updated 450/450 rows in 1.79s
[INFO] 2025-03-27 15:58:15,780 | ZRO-USDT: Updated 450/450 rows in 2.03s
[INFO] 2025-03-27 15:58:15,781 | ZKJ-USDT: Updated 450/450 rows in 2.03s
[INFO] 2025-03-27 15:58:15,781 | ZRX-USDT: Updated 450/450 rows in 2.03s
[INFO] 2025-03-27 15:58:16,251 | BETH-USDT: Updated 450/450 rows in 0.83s
[INFO] 2025-03-27 15:58:16,252 | BTC-USDT: Updated 450/450 rows in 0.77s
[INFO] 2025-03-27 15:58:16,408 | Processing batch 26/26 with 5 pairs
[INFO] 2025-03-27 15:58:16,409 | Computing features for ETH-USDT
[INFO] 2025-03-27 15:58:16,409 | Computing features for ETHFI-USDT
[INFO] 2025-03-27 15:58:16,409 | Computing features for ETHW-USDT
[INFO] 2025-03-27 15:58:16,410 | Computing features for STETH-USDT
[INFO] 2025-03-27 15:58:16,410 | Computing features for WBTC-USDT
[INFO] 2025-03-27 15:58:16,411 | GPU is available: Device #0, Free: 10.98 GB / 12.00 GB
[INFO] 2025-03-27 15:58:16,411 | GPU is available: Device #0, Free: 10.98 GB / 12.00 GB
[INFO] 2025-03-27 15:58:16,412 | GPU is available: Device #0, Free: 10.98 GB / 12.00 GB
[INFO] 2025-03-27 15:58:16,605 | GPU is available: Device #0, Free: 10.98 GB / 12.00 GB
[INFO] 2025-03-27 15:58:16,605 | GPU is available: Device #0, Free: 10.98 GB / 12.00 GB
[INFO] 2025-03-27 15:58:17,399 | ETH-USDT: Updated 450/450 rows in 0.99s
[INFO] 2025-03-27 15:58:17,399 | ETHFI-USDT: Updated 450/450 rows in 0.99s
[INFO] 2025-03-27 15:58:17,400 | ETHW-USDT: Updated 450/450 rows in 0.99s
[INFO] 2025-03-27 15:58:17,564 | Progress: 300/303 pairs processed (3.47 pairs/sec, ~1s remaining)
[INFO] 2025-03-27 15:58:17,582 | STETH-USDT: Updated 450/450 rows in 1.17s
[INFO] 2025-03-27 15:58:17,582 | WBTC-USDT: Updated 450/450 rows in 1.17s
[INFO] 2025-03-27 15:58:17,698 | Progress: 303/303 pairs processed (3.50 pairs/sec, ~0s remaining)
[INFO] 2025-03-27 15:58:17,763 | Computing cross-pair features
[INFO] 2025-03-27 15:58:25,231 | Updated 1 rows with cross-pair features
[INFO] 2025-03-27 15:58:25,235 | Performance summary saved to logs/performance_summary_2025-03-27_155825.json
[INFO] 2025-03-27 15:58:25,235 | Performance report saved to logs/performance_report_2025-03-27_155825.txt
[INFO] 2025-03-27 15:58:25,235 | Rolling update mode completed.
[INFO] 2025-03-27 15:58:25,236 | Total runtime: 94.17 seconds
[INFO] 2025-03-27 15:58:25,236 | All connections in the pool have been closed
