[INFO] 2025-04-04 08:54:46,682 | GPU monitoring initialized for 1 GPUs: Unknown GPU
[INFO] 2025-04-04 08:54:46,683 | Resource monitor initialized: CPU cores: 8 physical / 16 logical, RAM: 23.43 GB
[INFO] 2025-04-04 08:54:46,982 | GPU memory: 10.98 GB free / 12.00 GB total
[INFO] 2025-04-04 08:54:46,982 | System memory: 21.74 GB available / 23.43 GB total
[INFO] 2025-04-04 08:54:46,987 | Loaded credentials from /root/OKXsignal/config/credentials.env
[INFO] 2025-04-04 08:54:46,991 | Loaded config from /root/OKXsignal/config/config.ini
[INFO] 2025-04-04 08:54:47,135 | GPU detected: Device 0, Memory: 12.00 GB
[INFO] 2025-04-04 08:54:47,135 | GPU acceleration is available
[INFO] 2025-04-04 08:54:47,321 | Database connection pool initialized with 3-29 connections
[INFO] 2025-04-04 08:54:47,321 | Starting compute_features.py in FULL_BACKFILL mode with rolling_window=450
[INFO] 2025-04-04 08:54:47,321 | Using 24 parallel workers with max 29 database connections
[INFO] 2025-04-04 08:54:47,321 | Numba: enabled, GPU: disabled
[INFO] 2025-04-04 08:54:47,322 | Database connection test successful
[INFO] 2025-04-04 08:54:50,415 | Found 306 pairs
[INFO] 2025-04-04 08:54:50,416 | Full backfill mode: computing all historical data
[INFO] 2025-04-04 08:54:52,666 | Full backfill range: 2018-01-11 04:00:00+01:00 to 2025-04-03 09:00:00+02:00
[INFO] 2025-04-04 08:54:52,666 | Total candles to process: 8,524,078
[INFO] 2025-04-04 08:54:53,542 | Using batch size of 4 pairs for full backfill
[INFO] 2025-04-04 08:54:53,542 | Grouped 306 pairs into 88 batches for processing
[INFO] 2025-04-04 08:54:53,543 | Resource monitoring started with 10.0s interval
[INFO] 2025-04-04 08:54:53,543 | Processing batch 1/88 with 2 pairs
[INFO] 2025-04-04 08:54:53,543 | Computing features for BNT-USDT
[INFO] 2025-04-04 08:54:53,544 | Computing features for ELF-USDT
[INFO] 2025-04-04 08:54:53,603 | GPU is available: Device #0, Free: 10.98 GB / 12.00 GB
[ERROR] 2025-04-04 08:54:53,616 | Error processing BNT-USDT: unsupported operand type(s) for +: 'NoneType' and 'int'
Traceback (most recent call last):
  File "/root/OKXsignal/database/processing/compute_features.py", line 260, in process_pair
    price_data = fetch_data_numpy(db_conn, pair, rolling_window + 300)
TypeError: unsupported operand type(s) for +: 'NoneType' and 'int'
[INFO] 2025-04-04 08:54:53,617 | BNT-USDT: Updated 0/0 rows in 0.07s
[INFO] 2025-04-04 08:54:53,705 | Progress: 1/306 pairs (0.3%, 512.7 pairs/hour, 9020 candles/sec, ~0.6h remaining)
[INFO] 2025-04-04 08:54:53,705 | GPU is available: Device #0, Free: 10.98 GB / 12.00 GB
[ERROR] 2025-04-04 08:54:53,714 | Error processing ELF-USDT: unsupported operand type(s) for +: 'NoneType' and 'int'
Traceback (most recent call last):
  File "/root/OKXsignal/database/processing/compute_features.py", line 260, in process_pair
    price_data = fetch_data_numpy(db_conn, pair, rolling_window + 300)
TypeError: unsupported operand type(s) for +: 'NoneType' and 'int'
[INFO] 2025-04-04 08:54:53,714 | ELF-USDT: Updated 0/0 rows in 0.17s
[INFO] 2025-04-04 08:54:53,756 | Progress: 2/306 pairs (0.7%, 1018.0 pairs/hour, 17911 candles/sec, ~0.3h remaining)
[INFO] 2025-04-04 08:54:53,806 | Computing cross-pair features for batch 1
[INFO] 2025-04-04 08:54:53,806 | Computing cross-pair features
[INFO] 2025-04-04 08:54:54,456 | Processing cross-pair features for chunk 1: 2018-01-11 04:00:00+01:00 to 2018-02-10 04:00:00+01:00
[INFO] 2025-04-04 08:55:10,831 | Updated 1 rows with cross-pair features
[INFO] 2025-04-04 08:55:10,835 | Processing cross-pair features for chunk 2: 2018-02-10 04:00:01+01:00 to 2018-03-12 04:00:01+01:00
[INFO] 2025-04-04 08:55:23,454 | Updated 1 rows with cross-pair features
[INFO] 2025-04-04 08:55:23,458 | Processing cross-pair features for chunk 3: 2018-03-12 04:00:02+01:00 to 2018-04-11 04:00:02+01:00
[INFO] 2025-04-04 08:55:36,205 | Updated 1 rows with cross-pair features
[INFO] 2025-04-04 08:55:36,209 | Processing cross-pair features for chunk 4: 2018-04-11 04:00:03+01:00 to 2018-05-11 04:00:03+01:00
[INFO] 2025-04-04 08:55:49,563 | Updated 1 rows with cross-pair features
[INFO] 2025-04-04 08:55:49,567 | Processing cross-pair features for chunk 5: 2018-05-11 04:00:04+01:00 to 2018-06-10 04:00:04+01:00
[INFO] 2025-04-04 08:56:03,443 | Updated 1 rows with cross-pair features
[INFO] 2025-04-04 08:56:03,450 | Processing cross-pair features for chunk 6: 2018-06-10 04:00:05+01:00 to 2018-07-10 04:00:05+01:00
[INFO] 2025-04-04 08:56:18,070 | Updated 1 rows with cross-pair features
[INFO] 2025-04-04 08:56:18,075 | Processing cross-pair features for chunk 7: 2018-07-10 04:00:06+01:00 to 2018-08-09 04:00:06+01:00
[INFO] 2025-04-04 08:56:33,618 | Updated 1 rows with cross-pair features
[INFO] 2025-04-04 08:56:33,624 | Processing cross-pair features for chunk 8: 2018-08-09 04:00:07+01:00 to 2018-09-08 04:00:07+01:00
[INFO] 2025-04-04 08:56:49,260 | Updated 1 rows with cross-pair features
[INFO] 2025-04-04 08:56:49,265 | Processing cross-pair features for chunk 9: 2018-09-08 04:00:08+01:00 to 2018-10-08 04:00:08+01:00
[INFO] 2025-04-04 08:57:05,120 | Updated 1 rows with cross-pair features
[INFO] 2025-04-04 08:57:05,126 | Processing cross-pair features for chunk 10: 2018-10-08 04:00:09+01:00 to 2018-11-07 04:00:09+01:00
[INFO] 2025-04-04 08:57:21,836 | Updated 1 rows with cross-pair features
[INFO] 2025-04-04 08:57:21,842 | Processing cross-pair features for chunk 11: 2018-11-07 04:00:10+01:00 to 2018-12-07 04:00:10+01:00
[INFO] 2025-04-04 08:57:40,698 | Updated 1 rows with cross-pair features
[INFO] 2025-04-04 08:57:40,704 | Processing cross-pair features for chunk 12: 2018-12-07 04:00:11+01:00 to 2019-01-06 04:00:11+01:00
[INFO] 2025-04-04 08:57:58,473 | Updated 1 rows with cross-pair features
[INFO] 2025-04-04 08:57:58,479 | Processing cross-pair features for chunk 13: 2019-01-06 04:00:12+01:00 to 2019-02-05 04:00:12+01:00
[INFO] 2025-04-04 08:58:15,519 | Updated 1 rows with cross-pair features
[INFO] 2025-04-04 08:58:15,524 | Processing cross-pair features for chunk 14: 2019-02-05 04:00:13+01:00 to 2019-03-07 04:00:13+01:00
[INFO] 2025-04-04 08:58:31,485 | Updated 1 rows with cross-pair features
[INFO] 2025-04-04 08:58:31,490 | Processing cross-pair features for chunk 15: 2019-03-07 04:00:14+01:00 to 2019-04-06 04:00:14+01:00
[INFO] 2025-04-04 08:58:47,649 | Updated 1 rows with cross-pair features
[INFO] 2025-04-04 08:58:47,654 | Processing cross-pair features for chunk 16: 2019-04-06 04:00:15+01:00 to 2019-05-06 04:00:15+01:00
[INFO] 2025-04-04 08:59:04,716 | Updated 1 rows with cross-pair features
[INFO] 2025-04-04 08:59:04,721 | Processing cross-pair features for chunk 17: 2019-05-06 04:00:16+01:00 to 2019-06-05 04:00:16+01:00
[INFO] 2025-04-04 08:59:21,986 | Updated 1 rows with cross-pair features
[INFO] 2025-04-04 08:59:21,991 | Processing cross-pair features for chunk 18: 2019-06-05 04:00:17+01:00 to 2019-07-05 04:00:17+01:00
[INFO] 2025-04-04 08:59:38,861 | Updated 1 rows with cross-pair features
[INFO] 2025-04-04 08:59:38,866 | Processing cross-pair features for chunk 19: 2019-07-05 04:00:18+01:00 to 2019-08-04 04:00:18+01:00
[INFO] 2025-04-04 08:59:57,689 | Updated 1 rows with cross-pair features
[INFO] 2025-04-04 08:59:57,695 | Processing cross-pair features for chunk 20: 2019-08-04 04:00:19+01:00 to 2019-09-03 04:00:19+01:00
[INFO] 2025-04-04 09:00:17,463 | Updated 1 rows with cross-pair features
[INFO] 2025-04-04 09:00:17,469 | Processing cross-pair features for chunk 21: 2019-09-03 04:00:20+01:00 to 2019-10-03 04:00:20+01:00
[INFO] 2025-04-04 09:00:36,361 | Updated 1 rows with cross-pair features
[INFO] 2025-04-04 09:00:36,367 | Processing cross-pair features for chunk 22: 2019-10-03 04:00:21+01:00 to 2019-11-02 04:00:21+01:00
[INFO] 2025-04-04 09:00:55,758 | Updated 1 rows with cross-pair features
[INFO] 2025-04-04 09:00:55,764 | Processing cross-pair features for chunk 23: 2019-11-02 04:00:22+01:00 to 2019-12-02 04:00:22+01:00
[INFO] 2025-04-04 09:01:15,716 | Updated 1 rows with cross-pair features
[INFO] 2025-04-04 09:01:15,722 | Processing cross-pair features for chunk 24: 2019-12-02 04:00:23+01:00 to 2020-01-01 04:00:23+01:00
[INFO] 2025-04-04 09:01:35,255 | Updated 1 rows with cross-pair features
[INFO] 2025-04-04 09:01:35,261 | Processing cross-pair features for chunk 25: 2020-01-01 04:00:24+01:00 to 2020-01-31 04:00:24+01:00
[INFO] 2025-04-04 09:01:55,059 | Updated 1 rows with cross-pair features
[INFO] 2025-04-04 09:01:55,064 | Processing cross-pair features for chunk 26: 2020-01-31 04:00:25+01:00 to 2020-03-01 04:00:25+01:00
[INFO] 2025-04-04 09:02:14,799 | Updated 1 rows with cross-pair features
[INFO] 2025-04-04 09:02:14,805 | Processing cross-pair features for chunk 27: 2020-03-01 04:00:26+01:00 to 2020-03-31 04:00:26+01:00
[INFO] 2025-04-04 09:02:34,963 | Updated 1 rows with cross-pair features
[INFO] 2025-04-04 09:02:34,969 | Processing cross-pair features for chunk 28: 2020-03-31 04:00:27+01:00 to 2020-04-30 04:00:27+01:00
[INFO] 2025-04-04 09:02:56,302 | Updated 1 rows with cross-pair features
[INFO] 2025-04-04 09:02:56,308 | Processing cross-pair features for chunk 29: 2020-04-30 04:00:28+01:00 to 2020-05-30 04:00:28+01:00
[INFO] 2025-04-04 09:03:17,495 | Updated 1 rows with cross-pair features
[INFO] 2025-04-04 09:03:17,502 | Processing cross-pair features for chunk 30: 2020-05-30 04:00:29+01:00 to 2020-06-29 04:00:29+01:00
[INFO] 2025-04-04 09:03:38,822 | Updated 1 rows with cross-pair features
[INFO] 2025-04-04 09:03:38,828 | Processing cross-pair features for chunk 31: 2020-06-29 04:00:30+01:00 to 2020-07-29 04:00:30+01:00
[INFO] 2025-04-04 09:04:01,249 | Updated 1 rows with cross-pair features
[INFO] 2025-04-04 09:04:01,255 | Processing cross-pair features for chunk 32: 2020-07-29 04:00:31+01:00 to 2020-08-28 04:00:31+01:00
[INFO] 2025-04-04 09:04:24,788 | Updated 1 rows with cross-pair features
[INFO] 2025-04-04 09:04:24,795 | Processing cross-pair features for chunk 33: 2020-08-28 04:00:32+01:00 to 2020-09-27 04:00:32+01:00
[INFO] 2025-04-04 09:04:55,689 | Updated 1 rows with cross-pair features
[INFO] 2025-04-04 09:04:55,697 | Processing cross-pair features for chunk 34: 2020-09-27 04:00:33+01:00 to 2020-10-27 04:00:33+01:00
[INFO] 2025-04-04 09:05:26,574 | Updated 1 rows with cross-pair features
[INFO] 2025-04-04 09:05:26,586 | Processing cross-pair features for chunk 35: 2020-10-27 04:00:34+01:00 to 2020-11-26 04:00:34+01:00
[INFO] 2025-04-04 09:05:58,593 | Updated 1 rows with cross-pair features
[INFO] 2025-04-04 09:05:58,602 | Processing cross-pair features for chunk 36: 2020-11-26 04:00:35+01:00 to 2020-12-26 04:00:35+01:00
[INFO] 2025-04-04 09:06:31,677 | Updated 1 rows with cross-pair features
[INFO] 2025-04-04 09:06:31,687 | Processing cross-pair features for chunk 37: 2020-12-26 04:00:36+01:00 to 2021-01-25 04:00:36+01:00
[INFO] 2025-04-04 09:07:05,876 | Updated 1 rows with cross-pair features
[INFO] 2025-04-04 09:07:05,885 | Processing cross-pair features for chunk 38: 2021-01-25 04:00:37+01:00 to 2021-02-24 04:00:37+01:00
[INFO] 2025-04-04 09:07:43,592 | Updated 1 rows with cross-pair features
[INFO] 2025-04-04 09:07:43,602 | Processing cross-pair features for chunk 39: 2021-02-24 04:00:38+01:00 to 2021-03-26 04:00:38+01:00
[INFO] 2025-04-04 09:08:24,228 | Updated 1 rows with cross-pair features
[INFO] 2025-04-04 09:08:24,239 | Processing cross-pair features for chunk 40: 2021-03-26 04:00:39+01:00 to 2021-04-25 04:00:39+01:00
[INFO] 2025-04-04 09:09:07,201 | Updated 1 rows with cross-pair features
[INFO] 2025-04-04 09:09:07,213 | Processing cross-pair features for chunk 41: 2021-04-25 04:00:40+01:00 to 2021-05-25 04:00:40+01:00
[INFO] 2025-04-04 09:09:52,303 | Updated 1 rows with cross-pair features
[INFO] 2025-04-04 09:09:52,316 | Processing cross-pair features for chunk 42: 2021-05-25 04:00:41+01:00 to 2021-06-24 04:00:41+01:00
[INFO] 2025-04-04 09:10:38,912 | Updated 1 rows with cross-pair features
[INFO] 2025-04-04 09:10:38,927 | Processing cross-pair features for chunk 43: 2021-06-24 04:00:42+01:00 to 2021-07-24 04:00:42+01:00
[INFO] 2025-04-04 09:11:25,658 | Updated 1 rows with cross-pair features
[INFO] 2025-04-04 09:11:25,671 | Processing cross-pair features for chunk 44: 2021-07-24 04:00:43+01:00 to 2021-08-23 04:00:43+01:00
[INFO] 2025-04-04 09:12:13,271 | Updated 1 rows with cross-pair features
[INFO] 2025-04-04 09:12:13,285 | Processing cross-pair features for chunk 45: 2021-08-23 04:00:44+01:00 to 2021-09-22 04:00:44+01:00
[INFO] 2025-04-04 09:13:02,244 | Updated 1 rows with cross-pair features
[INFO] 2025-04-04 09:13:02,257 | Processing cross-pair features for chunk 46: 2021-09-22 04:00:45+01:00 to 2021-10-22 04:00:45+01:00
[INFO] 2025-04-04 09:13:53,161 | Updated 1 rows with cross-pair features
[INFO] 2025-04-04 09:13:53,177 | Processing cross-pair features for chunk 47: 2021-10-22 04:00:46+01:00 to 2021-11-21 04:00:46+01:00
[INFO] 2025-04-04 09:14:46,593 | Updated 1 rows with cross-pair features
[INFO] 2025-04-04 09:14:46,608 | Processing cross-pair features for chunk 48: 2021-11-21 04:00:47+01:00 to 2021-12-21 04:00:47+01:00
[INFO] 2025-04-04 09:15:43,590 | Updated 1 rows with cross-pair features
[INFO] 2025-04-04 09:15:43,604 | Processing cross-pair features for chunk 49: 2021-12-21 04:00:48+01:00 to 2022-01-20 04:00:48+01:00
[INFO] 2025-04-04 09:16:41,473 | Updated 1 rows with cross-pair features
[INFO] 2025-04-04 09:16:41,489 | Processing cross-pair features for chunk 50: 2022-01-20 04:00:49+01:00 to 2022-02-19 04:00:49+01:00
[INFO] 2025-04-04 09:17:41,602 | Updated 1 rows with cross-pair features
[INFO] 2025-04-04 09:17:41,627 | Processing cross-pair features for chunk 51: 2022-02-19 04:00:50+01:00 to 2022-03-21 04:00:50+01:00
[INFO] 2025-04-04 09:18:51,123 | Updated 1 rows with cross-pair features
[INFO] 2025-04-04 09:18:51,142 | Processing cross-pair features for chunk 52: 2022-03-21 04:00:51+01:00 to 2022-04-20 04:00:51+01:00
[INFO] 2025-04-04 09:19:58,792 | Updated 1 rows with cross-pair features
[INFO] 2025-04-04 09:19:58,810 | Processing cross-pair features for chunk 53: 2022-04-20 04:00:52+01:00 to 2022-05-20 04:00:52+01:00
[INFO] 2025-04-04 09:21:09,704 | Updated 1 rows with cross-pair features
[INFO] 2025-04-04 09:21:09,723 | Processing cross-pair features for chunk 54: 2022-05-20 04:00:53+01:00 to 2022-06-19 04:00:53+01:00
[INFO] 2025-04-04 09:22:20,662 | Updated 1 rows with cross-pair features
[INFO] 2025-04-04 09:22:20,681 | Processing cross-pair features for chunk 55: 2022-06-19 04:00:54+01:00 to 2022-07-19 04:00:54+01:00
[INFO] 2025-04-04 09:23:31,368 | Updated 1 rows with cross-pair features
[INFO] 2025-04-04 09:23:31,386 | Processing cross-pair features for chunk 56: 2022-07-19 04:00:55+01:00 to 2022-08-18 04:00:55+01:00
[INFO] 2025-04-04 09:24:43,094 | Updated 1 rows with cross-pair features
[INFO] 2025-04-04 09:24:43,112 | Processing cross-pair features for chunk 57: 2022-08-18 04:00:56+01:00 to 2022-09-17 04:00:56+01:00
[INFO] 2025-04-04 09:25:54,486 | Updated 1 rows with cross-pair features
[INFO] 2025-04-04 09:25:54,506 | Processing cross-pair features for chunk 58: 2022-09-17 04:00:57+01:00 to 2022-10-17 04:00:57+01:00
[INFO] 2025-04-04 09:27:08,604 | Updated 1 rows with cross-pair features
[INFO] 2025-04-04 09:27:08,624 | Processing cross-pair features for chunk 59: 2022-10-17 04:00:58+01:00 to 2022-11-16 04:00:58+01:00
[INFO] 2025-04-04 09:28:27,086 | Updated 1 rows with cross-pair features
[INFO] 2025-04-04 09:28:27,106 | Processing cross-pair features for chunk 60: 2022-11-16 04:00:59+01:00 to 2022-12-16 04:00:59+01:00
[INFO] 2025-04-04 09:29:45,547 | Updated 1 rows with cross-pair features
[INFO] 2025-04-04 09:29:45,571 | Processing cross-pair features for chunk 61: 2022-12-16 04:01:00+01:00 to 2023-01-15 04:01:00+01:00
[INFO] 2025-04-04 09:31:02,858 | Updated 1 rows with cross-pair features
[INFO] 2025-04-04 09:31:02,878 | Processing cross-pair features for chunk 62: 2023-01-15 04:01:01+01:00 to 2023-02-14 04:01:01+01:00
[INFO] 2025-04-04 09:32:23,390 | Updated 1 rows with cross-pair features
[INFO] 2025-04-04 09:32:23,419 | Processing cross-pair features for chunk 63: 2023-02-14 04:01:02+01:00 to 2023-03-16 04:01:02+01:00
[INFO] 2025-04-04 09:33:45,876 | Updated 1 rows with cross-pair features
[INFO] 2025-04-04 09:33:45,897 | Processing cross-pair features for chunk 64: 2023-03-16 04:01:03+01:00 to 2023-04-15 04:01:03+01:00
[INFO] 2025-04-04 09:35:05,484 | Updated 1 rows with cross-pair features
[INFO] 2025-04-04 09:35:05,504 | Processing cross-pair features for chunk 65: 2023-04-15 04:01:04+01:00 to 2023-05-15 04:01:04+01:00
[INFO] 2025-04-04 09:36:26,372 | Updated 1 rows with cross-pair features
[INFO] 2025-04-04 09:36:26,394 | Processing cross-pair features for chunk 66: 2023-05-15 04:01:05+01:00 to 2023-06-14 04:01:05+01:00
[INFO] 2025-04-04 09:37:50,411 | Updated 1 rows with cross-pair features
[INFO] 2025-04-04 09:37:50,432 | Processing cross-pair features for chunk 67: 2023-06-14 04:01:06+01:00 to 2023-07-14 04:01:06+01:00
[INFO] 2025-04-04 09:39:15,657 | Updated 1 rows with cross-pair features
[INFO] 2025-04-04 09:39:15,679 | Processing cross-pair features for chunk 68: 2023-07-14 04:01:07+01:00 to 2023-08-13 04:01:07+01:00
[INFO] 2025-04-04 09:40:39,722 | Updated 1 rows with cross-pair features
[INFO] 2025-04-04 09:40:39,743 | Processing cross-pair features for chunk 69: 2023-08-13 04:01:08+01:00 to 2023-09-12 04:01:08+01:00
[INFO] 2025-04-04 09:42:03,962 | Updated 1 rows with cross-pair features
[INFO] 2025-04-04 09:42:03,983 | Processing cross-pair features for chunk 70: 2023-09-12 04:01:09+01:00 to 2023-10-12 04:01:09+01:00
[INFO] 2025-04-04 09:43:26,244 | Updated 1 rows with cross-pair features
[INFO] 2025-04-04 09:43:26,266 | Processing cross-pair features for chunk 71: 2023-10-12 04:01:10+01:00 to 2023-11-11 04:01:10+01:00
[INFO] 2025-04-04 09:44:57,191 | Updated 1 rows with cross-pair features
[INFO] 2025-04-04 09:44:57,216 | Processing cross-pair features for chunk 72: 2023-11-11 04:01:11+01:00 to 2023-12-11 04:01:11+01:00
[INFO] 2025-04-04 09:46:28,599 | Updated 1 rows with cross-pair features
[INFO] 2025-04-04 09:46:28,627 | Processing cross-pair features for chunk 73: 2023-12-11 04:01:12+01:00 to 2024-01-10 04:01:12+01:00
[INFO] 2025-04-04 09:47:59,878 | Updated 1 rows with cross-pair features
[INFO] 2025-04-04 09:47:59,901 | Processing cross-pair features for chunk 74: 2024-01-10 04:01:13+01:00 to 2024-02-09 04:01:13+01:00
[INFO] 2025-04-04 09:49:31,179 | Updated 1 rows with cross-pair features
[INFO] 2025-04-04 09:49:31,203 | Processing cross-pair features for chunk 75: 2024-02-09 04:01:14+01:00 to 2024-03-10 04:01:14+01:00
[INFO] 2025-04-04 09:51:03,403 | Updated 1 rows with cross-pair features
[INFO] 2025-04-04 09:51:03,426 | Processing cross-pair features for chunk 76: 2024-03-10 04:01:15+01:00 to 2024-04-09 04:01:15+01:00
[INFO] 2025-04-04 09:52:37,219 | Updated 1 rows with cross-pair features
[INFO] 2025-04-04 09:52:37,244 | Processing cross-pair features for chunk 77: 2024-04-09 04:01:16+01:00 to 2024-05-09 04:01:16+01:00
[INFO] 2025-04-04 09:54:13,271 | Updated 1 rows with cross-pair features
[INFO] 2025-04-04 09:54:13,296 | Processing cross-pair features for chunk 78: 2024-05-09 04:01:17+01:00 to 2024-06-08 04:01:17+01:00
[INFO] 2025-04-04 09:55:51,133 | Updated 1 rows with cross-pair features
[INFO] 2025-04-04 09:55:51,156 | Processing cross-pair features for chunk 79: 2024-06-08 04:01:18+01:00 to 2024-07-08 04:01:18+01:00
[INFO] 2025-04-04 09:57:34,577 | Updated 1 rows with cross-pair features
[INFO] 2025-04-04 09:57:34,603 | Processing cross-pair features for chunk 80: 2024-07-08 04:01:19+01:00 to 2024-08-07 04:01:19+01:00
[INFO] 2025-04-04 09:59:15,987 | Updated 1 rows with cross-pair features
[INFO] 2025-04-04 09:59:16,012 | Processing cross-pair features for chunk 81: 2024-08-07 04:01:20+01:00 to 2024-09-06 04:01:20+01:00
[INFO] 2025-04-04 10:01:02,765 | Updated 1 rows with cross-pair features
[INFO] 2025-04-04 10:01:02,791 | Processing cross-pair features for chunk 82: 2024-09-06 04:01:21+01:00 to 2024-10-06 04:01:21+01:00
[INFO] 2025-04-04 10:02:49,271 | Updated 1 rows with cross-pair features
[INFO] 2025-04-04 10:02:49,298 | Processing cross-pair features for chunk 83: 2024-10-06 04:01:22+01:00 to 2024-11-05 04:01:22+01:00
[INFO] 2025-04-04 10:04:39,362 | Updated 1 rows with cross-pair features
[INFO] 2025-04-04 10:04:39,389 | Processing cross-pair features for chunk 84: 2024-11-05 04:01:23+01:00 to 2024-12-05 04:01:23+01:00
[INFO] 2025-04-04 10:06:31,688 | Updated 1 rows with cross-pair features
[INFO] 2025-04-04 10:06:31,717 | Processing cross-pair features for chunk 85: 2024-12-05 04:01:24+01:00 to 2025-01-04 04:01:24+01:00
[INFO] 2025-04-04 10:08:28,708 | Updated 1 rows with cross-pair features
[INFO] 2025-04-04 10:08:28,738 | Processing cross-pair features for chunk 86: 2025-01-04 04:01:25+01:00 to 2025-02-03 04:01:25+01:00
[INFO] 2025-04-04 10:10:31,111 | Updated 1 rows with cross-pair features
[INFO] 2025-04-04 10:10:31,142 | Processing cross-pair features for chunk 87: 2025-02-03 04:01:26+01:00 to 2025-03-05 04:01:26+01:00
[INFO] 2025-04-04 10:12:38,241 | Updated 1 rows with cross-pair features
[INFO] 2025-04-04 10:12:38,284 | Processing cross-pair features for chunk 88: 2025-03-05 04:01:27+01:00 to 2025-04-03 09:00:00+02:00
[INFO] 2025-04-04 10:15:10,731 | Updated 1 rows with cross-pair features
[WARNING] 2025-04-04 10:15:10,768 | Unreasonable duration detected for cross_pair_features: 4816.96s. Capping at 3600s.
[WARNING] 2025-04-04 10:15:10,771 | Unreasonable total duration detected for CROSS_PAIR: 4816.96s. Capping at 3600s.
[INFO] 2025-04-04 10:15:10,771 | Processing batch 2/88 with 2 pairs
[INFO] 2025-04-04 10:15:10,771 | Computing features for ZRX-USDT
[INFO] 2025-04-04 10:15:10,771 | Computing features for NULS-USDT
[INFO] 2025-04-04 10:15:10,773 | GPU is available: Device #0, Free: 10.98 GB / 12.00 GB
[ERROR] 2025-04-04 10:15:10,777 | Error processing ZRX-USDT: unsupported operand type(s) for +: 'NoneType' and 'int'
Traceback (most recent call last):
  File "/root/OKXsignal/database/processing/compute_features.py", line 260, in process_pair
    # FIX: Handle None rolling_window for full backfill
TypeError: unsupported operand type(s) for +: 'NoneType' and 'int'
[INFO] 2025-04-04 10:15:10,778 | ZRX-USDT: Updated 0/0 rows in 0.01s
[INFO] 2025-04-04 10:15:10,884 | Progress: 3/306 pairs (1.0%, 2.2 pairs/hour, 39 candles/sec, ~135.3h remaining)
[INFO] 2025-04-04 10:15:10,884 | GPU is available: Device #0, Free: 10.98 GB / 12.00 GB
[ERROR] 2025-04-04 10:15:10,898 | Error processing NULS-USDT: unsupported operand type(s) for +: 'NoneType' and 'int'
Traceback (most recent call last):
  File "/root/OKXsignal/database/processing/compute_features.py", line 260, in process_pair
    # FIX: Handle None rolling_window for full backfill
TypeError: unsupported operand type(s) for +: 'NoneType' and 'int'
[INFO] 2025-04-04 10:15:10,898 | NULS-USDT: Updated 0/0 rows in 0.13s
[INFO] 2025-04-04 10:15:10,958 | Progress: 4/306 pairs (1.3%, 3.0 pairs/hour, 53 candles/sec, ~101.2h remaining)
[INFO] 2025-04-04 10:15:11,018 | Computing cross-pair features for batch 2
[INFO] 2025-04-04 10:15:11,018 | Computing cross-pair features
[INFO] 2025-04-04 10:15:13,137 | Processing cross-pair features for chunk 1: 2018-01-11 04:00:00+01:00 to 2018-02-10 04:00:00+01:00
[INFO] 2025-04-04 10:15:24,835 | Updated 1 rows with cross-pair features
[INFO] 2025-04-04 10:15:24,839 | Processing cross-pair features for chunk 2: 2018-02-10 04:00:01+01:00 to 2018-03-12 04:00:01+01:00
[INFO] 2025-04-04 10:15:36,458 | Updated 1 rows with cross-pair features
[INFO] 2025-04-04 10:15:36,461 | Processing cross-pair features for chunk 3: 2018-03-12 04:00:02+01:00 to 2018-04-11 04:00:02+01:00
[INFO] 2025-04-04 10:15:48,604 | Updated 1 rows with cross-pair features
[INFO] 2025-04-04 10:15:48,608 | Processing cross-pair features for chunk 4: 2018-04-11 04:00:03+01:00 to 2018-05-11 04:00:03+01:00
[INFO] 2025-04-04 10:16:01,159 | Updated 1 rows with cross-pair features
[INFO] 2025-04-04 10:16:01,163 | Processing cross-pair features for chunk 5: 2018-05-11 04:00:04+01:00 to 2018-06-10 04:00:04+01:00
[INFO] 2025-04-04 10:16:14,583 | Updated 1 rows with cross-pair features
[INFO] 2025-04-04 10:16:14,589 | Processing cross-pair features for chunk 6: 2018-06-10 04:00:05+01:00 to 2018-07-10 04:00:05+01:00
[INFO] 2025-04-04 10:16:28,669 | Updated 1 rows with cross-pair features
[INFO] 2025-04-04 10:16:28,673 | Processing cross-pair features for chunk 7: 2018-07-10 04:00:06+01:00 to 2018-08-09 04:00:06+01:00
[INFO] 2025-04-04 10:16:42,836 | Updated 1 rows with cross-pair features
[INFO] 2025-04-04 10:16:42,841 | Processing cross-pair features for chunk 8: 2018-08-09 04:00:07+01:00 to 2018-09-08 04:00:07+01:00
[INFO] 2025-04-04 10:16:57,289 | Updated 1 rows with cross-pair features
[INFO] 2025-04-04 10:16:57,294 | Processing cross-pair features for chunk 9: 2018-09-08 04:00:08+01:00 to 2018-10-08 04:00:08+01:00
[INFO] 2025-04-04 10:17:12,032 | Updated 1 rows with cross-pair features
[INFO] 2025-04-04 10:17:12,037 | Processing cross-pair features for chunk 10: 2018-10-08 04:00:09+01:00 to 2018-11-07 04:00:09+01:00
[INFO] 2025-04-04 10:17:26,650 | Updated 1 rows with cross-pair features
[INFO] 2025-04-04 10:17:26,655 | Processing cross-pair features for chunk 11: 2018-11-07 04:00:10+01:00 to 2018-12-07 04:00:10+01:00
[INFO] 2025-04-04 10:17:41,687 | Updated 1 rows with cross-pair features
[INFO] 2025-04-04 10:17:41,693 | Processing cross-pair features for chunk 12: 2018-12-07 04:00:11+01:00 to 2019-01-06 04:00:11+01:00
[INFO] 2025-04-04 10:17:57,456 | Updated 1 rows with cross-pair features
[INFO] 2025-04-04 10:17:57,461 | Processing cross-pair features for chunk 13: 2019-01-06 04:00:12+01:00 to 2019-02-05 04:00:12+01:00
[INFO] 2025-04-04 10:18:13,527 | Updated 1 rows with cross-pair features
[INFO] 2025-04-04 10:18:13,532 | Processing cross-pair features for chunk 14: 2019-02-05 04:00:13+01:00 to 2019-03-07 04:00:13+01:00
[INFO] 2025-04-04 10:18:29,877 | Updated 1 rows with cross-pair features
[INFO] 2025-04-04 10:18:29,883 | Processing cross-pair features for chunk 15: 2019-03-07 04:00:14+01:00 to 2019-04-06 04:00:14+01:00
[INFO] 2025-04-04 10:18:46,927 | Updated 1 rows with cross-pair features
[INFO] 2025-04-04 10:18:46,934 | Processing cross-pair features for chunk 16: 2019-04-06 04:00:15+01:00 to 2019-05-06 04:00:15+01:00
[INFO] 2025-04-04 10:19:04,168 | Updated 1 rows with cross-pair features
[INFO] 2025-04-04 10:19:04,174 | Processing cross-pair features for chunk 17: 2019-05-06 04:00:16+01:00 to 2019-06-05 04:00:16+01:00
[INFO] 2025-04-04 10:19:21,106 | Updated 1 rows with cross-pair features
[INFO] 2025-04-04 10:19:21,112 | Processing cross-pair features for chunk 18: 2019-06-05 04:00:17+01:00 to 2019-07-05 04:00:17+01:00
[INFO] 2025-04-04 10:19:39,352 | Updated 1 rows with cross-pair features
[INFO] 2025-04-04 10:19:39,357 | Processing cross-pair features for chunk 19: 2019-07-05 04:00:18+01:00 to 2019-08-04 04:00:18+01:00
[INFO] 2025-04-04 10:19:57,936 | Updated 1 rows with cross-pair features
[INFO] 2025-04-04 10:19:57,942 | Processing cross-pair features for chunk 20: 2019-08-04 04:00:19+01:00 to 2019-09-03 04:00:19+01:00
[INFO] 2025-04-04 10:20:17,585 | Updated 1 rows with cross-pair features
[INFO] 2025-04-04 10:20:17,591 | Processing cross-pair features for chunk 21: 2019-09-03 04:00:20+01:00 to 2019-10-03 04:00:20+01:00
[INFO] 2025-04-04 10:20:37,162 | Updated 1 rows with cross-pair features
[INFO] 2025-04-04 10:20:37,168 | Processing cross-pair features for chunk 22: 2019-10-03 04:00:21+01:00 to 2019-11-02 04:00:21+01:00
[INFO] 2025-04-04 10:20:56,979 | Updated 1 rows with cross-pair features
[INFO] 2025-04-04 10:20:56,985 | Processing cross-pair features for chunk 23: 2019-11-02 04:00:22+01:00 to 2019-12-02 04:00:22+01:00
[INFO] 2025-04-04 10:21:16,285 | Updated 1 rows with cross-pair features
[INFO] 2025-04-04 10:21:16,292 | Processing cross-pair features for chunk 24: 2019-12-02 04:00:23+01:00 to 2020-01-01 04:00:23+01:00
[INFO] 2025-04-04 10:21:35,699 | Updated 1 rows with cross-pair features
[INFO] 2025-04-04 10:21:35,706 | Processing cross-pair features for chunk 25: 2020-01-01 04:00:24+01:00 to 2020-01-31 04:00:24+01:00
