[INFO] 2025-04-02 13:25:45,149 | GPU monitoring initialized for 1 GPUs: Unknown GPU
[INFO] 2025-04-02 13:25:45,150 | Resource monitor initialized: CPU cores: 8 physical / 16 logical, RAM: 23.43 GB
[INFO] 2025-04-02 13:25:45,363 | GPU memory: 10.98 GB free / 12.00 GB total
[INFO] 2025-04-02 13:25:45,363 | System memory: 21.09 GB available / 23.43 GB total
[INFO] 2025-04-02 13:25:45,368 | Loaded credentials from /root/OKXsignal/config/credentials.env
[INFO] 2025-04-02 13:25:45,371 | Loaded config from /root/OKXsignal/config/config.ini
[INFO] 2025-04-02 13:25:45,509 | GPU detected: Device 0, Memory: 12.00 GB
[INFO] 2025-04-02 13:25:45,509 | GPU acceleration is available
[INFO] 2025-04-02 13:25:45,676 | Database connection pool initialized with 3-29 connections
[INFO] 2025-04-02 13:25:45,676 | Starting compute_features.py in ROLLING_UPDATE mode with rolling_window=450
[INFO] 2025-04-02 13:25:45,676 | Using 24 parallel workers with max 29 database connections
[INFO] 2025-04-02 13:25:45,676 | Numba: enabled, GPU: disabled
[INFO] 2025-04-02 13:25:45,677 | Database connection test successful
[INFO] 2025-04-02 13:25:46,530 | Found 306 pairs
[INFO] 2025-04-02 13:25:46,531 | Rolling update mode: computing last 450 rows per pair
[INFO] 2025-04-02 13:25:46,531 | Calibrating optimal batch size...
[INFO] 2025-04-02 13:25:47,364 | Testing batch size 4...
[INFO] 2025-04-02 13:25:47,364 | Computing features for 1INCH-USDT
[INFO] 2025-04-02 13:25:47,364 | Computing features for AAVE-USDT
[INFO] 2025-04-02 13:25:47,365 | Computing features for ACA-USDT
[INFO] 2025-04-02 13:25:47,365 | Computing features for ACE-USDT
[INFO] 2025-04-02 13:25:47,422 | GPU is available: Device #0, Free: 10.98 GB / 12.00 GB
[INFO] 2025-04-02 13:25:47,515 | GPU is available: Device #0, Free: 10.98 GB / 12.00 GB
[INFO] 2025-04-02 13:25:47,611 | GPU is available: Device #0, Free: 10.98 GB / 12.00 GB
[INFO] 2025-04-02 13:25:47,698 | GPU is available: Device #0, Free: 10.98 GB / 12.00 GB
[INFO] 2025-04-02 13:25:50,432 | AAVE-USDT: Updated 10/10 rows in 3.07s
[INFO] 2025-04-02 13:25:50,530 | ACE-USDT: Updated 10/10 rows in 3.16s
[INFO] 2025-04-02 13:25:50,609 | ACA-USDT: Updated 10/10 rows in 3.24s
[INFO] 2025-04-02 13:25:50,680 | 1INCH-USDT: Updated 10/10 rows in 3.32s
[INFO] 2025-04-02 13:25:50,736 | Batch size 4: 1.19 pairs/sec
[INFO] 2025-04-02 13:25:50,789 | Testing batch size 8...
[INFO] 2025-04-02 13:25:50,789 | Computing features for 1INCH-USDT
[INFO] 2025-04-02 13:25:50,790 | Computing features for AAVE-USDT
[INFO] 2025-04-02 13:25:50,790 | Computing features for ACA-USDT
[INFO] 2025-04-02 13:25:50,790 | Computing features for ACE-USDT
[INFO] 2025-04-02 13:25:50,791 | Computing features for ACH-USDT
[INFO] 2025-04-02 13:25:50,792 | GPU is available: Device #0, Free: 10.98 GB / 12.00 GB
[INFO] 2025-04-02 13:25:50,792 | Computing features for ACT-USDT
[INFO] 2025-04-02 13:25:50,792 | Computing features for ADA-USDT
[INFO] 2025-04-02 13:25:50,793 | Computing features for AERGO-USDT
[INFO] 2025-04-02 13:25:50,793 | GPU is available: Device #0, Free: 10.98 GB / 12.00 GB
[INFO] 2025-04-02 13:25:50,793 | GPU is available: Device #0, Free: 10.98 GB / 12.00 GB
[INFO] 2025-04-02 13:25:51,037 | GPU is available: Device #0, Free: 10.98 GB / 12.00 GB
[INFO] 2025-04-02 13:25:51,053 | GPU is available: Device #0, Free: 10.98 GB / 12.00 GB
[INFO] 2025-04-02 13:25:51,155 | GPU is available: Device #0, Free: 10.98 GB / 12.00 GB
[INFO] 2025-04-02 13:25:51,271 | GPU is available: Device #0, Free: 10.98 GB / 12.00 GB
[INFO] 2025-04-02 13:25:51,483 | GPU is available: Device #0, Free: 10.98 GB / 12.00 GB
[INFO] 2025-04-02 13:25:52,707 | AAVE-USDT: Updated 10/10 rows in 1.92s
[INFO] 2025-04-02 13:25:52,800 | ACA-USDT: Updated 10/10 rows in 2.01s
[INFO] 2025-04-02 13:25:52,881 | ACE-USDT: Updated 10/10 rows in 2.09s
[INFO] 2025-04-02 13:25:52,956 | 1INCH-USDT: Updated 10/10 rows in 2.17s
[INFO] 2025-04-02 13:25:53,069 | ADA-USDT: Updated 10/10 rows in 2.28s
[INFO] 2025-04-02 13:25:53,129 | ACH-USDT: Updated 10/10 rows in 2.34s
[INFO] 2025-04-02 13:25:53,190 | ACT-USDT: Updated 10/10 rows in 2.40s
[INFO] 2025-04-02 13:25:53,247 | AERGO-USDT: Updated 10/10 rows in 2.45s
[INFO] 2025-04-02 13:25:53,304 | Batch size 8: 3.18 pairs/sec
[INFO] 2025-04-02 13:25:53,354 | Optimal batch size determined: 8 (3.18 pairs/sec)
[INFO] 2025-04-02 13:25:53,355 | Using auto-calibrated batch size: 8
[INFO] 2025-04-02 13:25:53,355 | Grouped 306 pairs into 27 balanced batches
[INFO] 2025-04-02 13:25:53,355 | Processing batch 1/27 with 12 pairs
[INFO] 2025-04-02 13:25:53,355 | Computing features for 1INCH-USDT
[INFO] 2025-04-02 13:25:53,355 | Computing features for AAVE-USDT
[INFO] 2025-04-02 13:25:53,356 | Computing features for ACA-USDT
[INFO] 2025-04-02 13:25:53,356 | Computing features for ACE-USDT
[INFO] 2025-04-02 13:25:53,357 | Computing features for ACH-USDT
[INFO] 2025-04-02 13:25:53,357 | GPU is available: Device #0, Free: 10.98 GB / 12.00 GB
[INFO] 2025-04-02 13:25:53,358 | GPU is available: Device #0, Free: 10.98 GB / 12.00 GB
[INFO] 2025-04-02 13:25:53,358 | Computing features for ACT-USDT
[INFO] 2025-04-02 13:25:53,358 | GPU is available: Device #0, Free: 10.98 GB / 12.00 GB
[INFO] 2025-04-02 13:25:53,358 | Computing features for ADA-USDT
[INFO] 2025-04-02 13:25:53,359 | Computing features for AERGO-USDT
[INFO] 2025-04-02 13:25:53,565 | GPU is available: Device #0, Free: 10.98 GB / 12.00 GB
[INFO] 2025-04-02 13:25:53,582 | GPU is available: Device #0, Free: 10.98 GB / 12.00 GB
[INFO] 2025-04-02 13:25:53,598 | GPU is available: Device #0, Free: 10.98 GB / 12.00 GB
[INFO] 2025-04-02 13:25:53,698 | GPU is available: Device #0, Free: 10.98 GB / 12.00 GB
[INFO] 2025-04-02 13:25:53,843 | GPU is available: Device #0, Free: 10.98 GB / 12.00 GB
[INFO] 2025-04-02 13:25:55,909 | ACA-USDT: Updated 450/450 rows in 2.55s
[INFO] 2025-04-02 13:25:55,979 | Computing features for AEVO-USDT
[INFO] 2025-04-02 13:25:55,989 | GPU is available: Device #0, Free: 10.98 GB / 12.00 GB
[INFO] 2025-04-02 13:25:56,044 | AAVE-USDT: Updated 450/450 rows in 2.69s
[INFO] 2025-04-02 13:25:56,114 | 1INCH-USDT: Updated 450/450 rows in 2.76s
[INFO] 2025-04-02 13:25:56,337 | Computing features for AGLD-USDT
[INFO] 2025-04-02 13:25:56,338 | Computing features for AIDOGE-USDT
[INFO] 2025-04-02 13:25:56,375 | GPU is available: Device #0, Free: 10.98 GB / 12.00 GB
[INFO] 2025-04-02 13:25:56,410 | GPU is available: Device #0, Free: 10.98 GB / 12.00 GB
[INFO] 2025-04-02 13:25:56,531 | ACE-USDT: Updated 450/450 rows in 3.17s
[INFO] 2025-04-02 13:25:56,759 | Computing features for AIXBT-USDT
[INFO] 2025-04-02 13:25:56,782 | ACH-USDT: Updated 450/450 rows in 3.43s
[INFO] 2025-04-02 13:25:56,792 | ACT-USDT: Updated 450/450 rows in 3.43s
[INFO] 2025-04-02 13:25:56,806 | ADA-USDT: Updated 450/450 rows in 3.45s
[INFO] 2025-04-02 13:25:56,809 | GPU is available: Device #0, Free: 10.98 GB / 12.00 GB
[INFO] 2025-04-02 13:25:57,024 | AERGO-USDT: Updated 450/450 rows in 3.67s
[INFO] 2025-04-02 13:25:57,783 | AEVO-USDT: Updated 450/450 rows in 1.80s
[INFO] 2025-04-02 13:25:58,050 | AIDOGE-USDT: Updated 450/450 rows in 1.71s
[INFO] 2025-04-02 13:25:58,050 | AGLD-USDT: Updated 450/450 rows in 1.71s
[INFO] 2025-04-02 13:25:58,164 | AIXBT-USDT: Updated 450/450 rows in 1.41s
[INFO] 2025-04-02 13:25:58,270 | Processing batch 2/27 with 12 pairs
[INFO] 2025-04-02 13:25:58,270 | Computing features for ALCX-USDT
[INFO] 2025-04-02 13:25:58,270 | Computing features for ALGO-USDT
[INFO] 2025-04-02 13:25:58,271 | Computing features for ALPHA-USDT
[INFO] 2025-04-02 13:25:58,271 | Computing features for ANIME-USDT
[INFO] 2025-04-02 13:25:58,272 | Computing features for APE-USDT
[INFO] 2025-04-02 13:25:58,272 | Computing features for API3-USDT
[INFO] 2025-04-02 13:25:58,272 | GPU is available: Device #0, Free: 10.98 GB / 12.00 GB
[INFO] 2025-04-02 13:25:58,273 | Computing features for APT-USDT
[INFO] 2025-04-02 13:25:58,273 | GPU is available: Device #0, Free: 10.98 GB / 12.00 GB
[INFO] 2025-04-02 13:25:58,273 | GPU is available: Device #0, Free: 10.98 GB / 12.00 GB
[INFO] 2025-04-02 13:25:58,273 | Computing features for AR-USDT
[INFO] 2025-04-02 13:25:58,490 | GPU is available: Device #0, Free: 10.98 GB / 12.00 GB
[INFO] 2025-04-02 13:25:58,501 | GPU is available: Device #0, Free: 10.98 GB / 12.00 GB
[INFO] 2025-04-02 13:25:58,548 | GPU is available: Device #0, Free: 10.98 GB / 12.00 GB
[INFO] 2025-04-02 13:25:58,605 | GPU is available: Device #0, Free: 10.98 GB / 12.00 GB
[INFO] 2025-04-02 13:25:58,710 | GPU is available: Device #0, Free: 10.98 GB / 12.00 GB
[INFO] 2025-04-02 13:26:00,921 | ALPHA-USDT: Updated 450/450 rows in 2.65s
[INFO] 2025-04-02 13:26:01,010 | Computing features for ARB-USDT
[INFO] 2025-04-02 13:26:01,012 | ALCX-USDT: Updated 450/450 rows in 2.74s
[INFO] 2025-04-02 13:26:01,108 | GPU is available: Device #0, Free: 10.98 GB / 12.00 GB
[INFO] 2025-04-02 13:26:01,143 | ALGO-USDT: Updated 450/450 rows in 2.87s
[INFO] 2025-04-02 13:26:01,178 | Computing features for ARG-USDT
[INFO] 2025-04-02 13:26:01,239 | Computing features for ARKM-USDT
[INFO] 2025-04-02 13:26:01,240 | GPU is available: Device #0, Free: 10.98 GB / 12.00 GB
[INFO] 2025-04-02 13:26:01,241 | ANIME-USDT: Updated 450/450 rows in 2.97s
[INFO] 2025-04-02 13:26:01,241 | GPU is available: Device #0, Free: 10.98 GB / 12.00 GB
[INFO] 2025-04-02 13:26:01,377 | API3-USDT: Updated 450/450 rows in 3.11s
[INFO] 2025-04-02 13:26:01,378 | APT-USDT: Updated 450/450 rows in 3.11s
[INFO] 2025-04-02 13:26:01,471 | Computing features for ARTY-USDT
[INFO] 2025-04-02 13:26:01,575 | APE-USDT: Updated 450/450 rows in 3.30s
[INFO] 2025-04-02 13:26:01,630 | AR-USDT: Updated 450/450 rows in 3.36s
[INFO] 2025-04-02 13:26:01,630 | GPU is available: Device #0, Free: 10.98 GB / 12.00 GB
[INFO] 2025-04-02 13:26:02,878 | ARB-USDT: Updated 450/450 rows in 1.87s
[INFO] 2025-04-02 13:26:02,937 | ARKM-USDT: Updated 450/450 rows in 1.70s
[INFO] 2025-04-02 13:26:03,000 | ARTY-USDT: Updated 450/450 rows in 1.53s
[INFO] 2025-04-02 13:26:03,064 | ARG-USDT: Updated 450/450 rows in 1.89s
[INFO] 2025-04-02 13:26:03,179 | Processing batch 3/27 with 12 pairs
[INFO] 2025-04-02 13:26:03,180 | Computing features for ASTR-USDT
[INFO] 2025-04-02 13:26:03,180 | Computing features for ATH-USDT
[INFO] 2025-04-02 13:26:03,180 | Computing features for ATOM-USDT
[INFO] 2025-04-02 13:26:03,180 | Computing features for AUCTION-USDT
[INFO] 2025-04-02 13:26:03,181 | Computing features for AVAX-USDT
[INFO] 2025-04-02 13:26:03,181 | Computing features for AXS-USDT
[INFO] 2025-04-02 13:26:03,182 | Computing features for BABYDOGE-USDT
[INFO] 2025-04-02 13:26:03,182 | GPU is available: Device #0, Free: 10.98 GB / 12.00 GB
[INFO] 2025-04-02 13:26:03,182 | Computing features for BADGER-USDT
[INFO] 2025-04-02 13:26:03,183 | GPU is available: Device #0, Free: 10.98 GB / 12.00 GB
[INFO] 2025-04-02 13:26:03,184 | GPU is available: Device #0, Free: 10.98 GB / 12.00 GB
[INFO] 2025-04-02 13:26:03,327 | GPU is available: Device #0, Free: 10.98 GB / 12.00 GB
[INFO] 2025-04-02 13:26:03,421 | GPU is available: Device #0, Free: 10.98 GB / 12.00 GB
[INFO] 2025-04-02 13:26:03,490 | GPU is available: Device #0, Free: 10.98 GB / 12.00 GB
[INFO] 2025-04-02 13:26:03,606 | GPU is available: Device #0, Free: 10.98 GB / 12.00 GB
[INFO] 2025-04-02 13:26:03,736 | GPU is available: Device #0, Free: 10.98 GB / 12.00 GB
[INFO] 2025-04-02 13:26:05,821 | ATH-USDT: Updated 450/450 rows in 2.64s
[INFO] 2025-04-02 13:26:05,903 | ASTR-USDT: Updated 450/450 rows in 2.72s
[INFO] 2025-04-02 13:26:05,916 | Progress: 25/306 pairs processed (1.20 pairs/sec, ~233s remaining)
[INFO] 2025-04-02 13:26:05,982 | Computing features for BAL-USDT
[INFO] 2025-04-02 13:26:05,992 | ATOM-USDT: Updated 450/450 rows in 2.81s
[INFO] 2025-04-02 13:26:05,993 | Computing features for BANANA-USDT
[INFO] 2025-04-02 13:26:05,993 | GPU is available: Device #0, Free: 10.98 GB / 12.00 GB
[INFO] 2025-04-02 13:26:06,102 | GPU is available: Device #0, Free: 10.98 GB / 12.00 GB
[INFO] 2025-04-02 13:26:06,107 | AUCTION-USDT: Updated 450/450 rows in 2.93s
[INFO] 2025-04-02 13:26:06,135 | Computing features for BAND-USDT
[INFO] 2025-04-02 13:26:06,283 | GPU is available: Device #0, Free: 10.98 GB / 12.00 GB
[INFO] 2025-04-02 13:26:06,378 | AVAX-USDT: Updated 450/450 rows in 3.20s
[INFO] 2025-04-02 13:26:06,380 | Computing features for BAT-USDT
[INFO] 2025-04-02 13:26:06,408 | AXS-USDT: Updated 450/450 rows in 3.23s
[INFO] 2025-04-02 13:26:06,490 | GPU is available: Device #0, Free: 10.98 GB / 12.00 GB
[INFO] 2025-04-02 13:26:06,615 | BADGER-USDT: Updated 450/450 rows in 3.43s
[INFO] 2025-04-02 13:26:06,691 | BABYDOGE-USDT: Updated 450/450 rows in 3.51s
[INFO] 2025-04-02 13:26:07,821 | BANANA-USDT: Updated 450/450 rows in 1.83s
[INFO] 2025-04-02 13:26:07,899 | BAL-USDT: Updated 450/450 rows in 1.92s
[INFO] 2025-04-02 13:26:07,958 | BAND-USDT: Updated 450/450 rows in 1.82s
[INFO] 2025-04-02 13:26:08,013 | BAT-USDT: Updated 450/450 rows in 1.63s
[INFO] 2025-04-02 13:26:08,111 | Processing batch 4/27 with 12 pairs
[INFO] 2025-04-02 13:26:08,112 | Computing features for BCH-USDT
[INFO] 2025-04-02 13:26:08,112 | Computing features for BERA-USDT
[INFO] 2025-04-02 13:26:08,112 | Computing features for BICO-USDT
[INFO] 2025-04-02 13:26:08,113 | Computing features for BIGTIME-USDT
[INFO] 2025-04-02 13:26:08,113 | Computing features for BIO-USDT
[INFO] 2025-04-02 13:26:08,114 | GPU is available: Device #0, Free: 10.98 GB / 12.00 GB
[INFO] 2025-04-02 13:26:08,114 | Computing features for BLUR-USDT
[INFO] 2025-04-02 13:26:08,114 | GPU is available: Device #0, Free: 10.98 GB / 12.00 GB
[INFO] 2025-04-02 13:26:08,114 | GPU is available: Device #0, Free: 10.98 GB / 12.00 GB
[INFO] 2025-04-02 13:26:08,115 | Computing features for BNB-USDT
[INFO] 2025-04-02 13:26:08,115 | Computing features for BNT-USDT
[INFO] 2025-04-02 13:26:08,201 | GPU is available: Device #0, Free: 10.98 GB / 12.00 GB
[INFO] 2025-04-02 13:26:08,373 | GPU is available: Device #0, Free: 10.98 GB / 12.00 GB
[INFO] 2025-04-02 13:26:08,403 | GPU is available: Device #0, Free: 10.98 GB / 12.00 GB
[INFO] 2025-04-02 13:26:08,563 | GPU is available: Device #0, Free: 10.98 GB / 12.00 GB
[INFO] 2025-04-02 13:26:08,654 | GPU is available: Device #0, Free: 10.98 GB / 12.00 GB
[INFO] 2025-04-02 13:26:10,813 | BERA-USDT: Updated 450/450 rows in 2.70s
[INFO] 2025-04-02 13:26:10,913 | BICO-USDT: Updated 450/450 rows in 2.80s
[INFO] 2025-04-02 13:26:10,914 | Computing features for BOME-USDT
[INFO] 2025-04-02 13:26:10,915 | BCH-USDT: Updated 450/450 rows in 2.80s
[INFO] 2025-04-02 13:26:11,107 | BIGTIME-USDT: Updated 450/450 rows in 2.99s
[INFO] 2025-04-02 13:26:11,107 | GPU is available: Device #0, Free: 10.98 GB / 12.00 GB
[INFO] 2025-04-02 13:26:11,109 | Computing features for BONE-USDT
[INFO] 2025-04-02 13:26:11,110 | BIO-USDT: Updated 450/450 rows in 3.00s
[INFO] 2025-04-02 13:26:11,169 | Computing features for BONK-USDT
[INFO] 2025-04-02 13:26:11,220 | GPU is available: Device #0, Free: 10.98 GB / 12.00 GB
[INFO] 2025-04-02 13:26:11,223 | Computing features for BORA-USDT
[INFO] 2025-04-02 13:26:11,224 | GPU is available: Device #0, Free: 10.98 GB / 12.00 GB
[INFO] 2025-04-02 13:26:11,224 | GPU is available: Device #0, Free: 10.98 GB / 12.00 GB
[INFO] 2025-04-02 13:26:11,365 | BNT-USDT: Updated 450/450 rows in 3.25s
[INFO] 2025-04-02 13:26:11,393 | BLUR-USDT: Updated 450/450 rows in 3.28s
[INFO] 2025-04-02 13:26:11,401 | BNB-USDT: Updated 450/450 rows in 3.29s
[INFO] 2025-04-02 13:26:12,771 | BONE-USDT: Updated 450/450 rows in 1.66s
[INFO] 2025-04-02 13:26:12,830 | BOME-USDT: Updated 450/450 rows in 1.92s
[INFO] 2025-04-02 13:26:12,886 | BONK-USDT: Updated 450/450 rows in 1.72s
[INFO] 2025-04-02 13:26:12,938 | BORA-USDT: Updated 450/450 rows in 1.71s
[INFO] 2025-04-02 13:26:13,037 | Processing batch 5/27 with 12 pairs
[INFO] 2025-04-02 13:26:13,038 | Computing features for BSV-USDT
[INFO] 2025-04-02 13:26:13,038 | Computing features for BTT-USDT
[INFO] 2025-04-02 13:26:13,038 | Computing features for CAT-USDT
[INFO] 2025-04-02 13:26:13,039 | Computing features for CATI-USDT
[INFO] 2025-04-02 13:26:13,039 | Computing features for CELO-USDT
[INFO] 2025-04-02 13:26:13,039 | Computing features for CELR-USDT
[INFO] 2025-04-02 13:26:13,040 | Computing features for CETUS-USDT
[INFO] 2025-04-02 13:26:13,040 | GPU is available: Device #0, Free: 10.98 GB / 12.00 GB
[INFO] 2025-04-02 13:26:13,041 | GPU is available: Device #0, Free: 10.98 GB / 12.00 GB
[INFO] 2025-04-02 13:26:13,041 | GPU is available: Device #0, Free: 10.98 GB / 12.00 GB
[INFO] 2025-04-02 13:26:13,041 | Computing features for CFG-USDT
[INFO] 2025-04-02 13:26:13,186 | GPU is available: Device #0, Free: 10.98 GB / 12.00 GB
[INFO] 2025-04-02 13:26:13,337 | GPU is available: Device #0, Free: 10.98 GB / 12.00 GB
[INFO] 2025-04-02 13:26:13,353 | GPU is available: Device #0, Free: 10.98 GB / 12.00 GB
[INFO] 2025-04-02 13:26:13,390 | GPU is available: Device #0, Free: 10.98 GB / 12.00 GB
[INFO] 2025-04-02 13:26:13,543 | GPU is available: Device #0, Free: 10.98 GB / 12.00 GB
[INFO] 2025-04-02 13:26:15,817 | CAT-USDT: Updated 450/450 rows in 2.78s
[INFO] 2025-04-02 13:26:15,936 | Computing features for CFX-USDT
[INFO] 2025-04-02 13:26:15,938 | GPU is available: Device #0, Free: 10.98 GB / 12.00 GB
[INFO] 2025-04-02 13:26:16,011 | BSV-USDT: Updated 450/450 rows in 2.97s
[INFO] 2025-04-02 13:26:16,015 | BTT-USDT: Updated 450/450 rows in 2.98s
[INFO] 2025-04-02 13:26:16,016 | CELO-USDT: Updated 450/450 rows in 2.98s
[INFO] 2025-04-02 13:26:16,017 | CATI-USDT: Updated 450/450 rows in 2.98s
[INFO] 2025-04-02 13:26:16,320 | Progress: 50/306 pairs processed (1.60 pairs/sec, ~160s remaining)
[INFO] 2025-04-02 13:26:16,355 | CELR-USDT: Updated 450/450 rows in 3.32s
[INFO] 2025-04-02 13:26:16,355 | Computing features for CHZ-USDT
[INFO] 2025-04-02 13:26:16,355 | CETUS-USDT: Updated 450/450 rows in 3.32s
[INFO] 2025-04-02 13:26:16,355 | Computing features for CITY-USDT
[INFO] 2025-04-02 13:26:16,356 | CFG-USDT: Updated 450/450 rows in 3.31s
[INFO] 2025-04-02 13:26:16,357 | Computing features for CLV-USDT
[INFO] 2025-04-02 13:26:16,500 | GPU is available: Device #0, Free: 10.98 GB / 12.00 GB
[INFO] 2025-04-02 13:26:16,511 | GPU is available: Device #0, Free: 10.98 GB / 12.00 GB
[INFO] 2025-04-02 13:26:16,573 | GPU is available: Device #0, Free: 10.98 GB / 12.00 GB
[INFO] 2025-04-02 13:26:17,774 | CFX-USDT: Updated 450/450 rows in 1.84s
[INFO] 2025-04-02 13:26:17,886 | CHZ-USDT: Updated 450/450 rows in 1.53s
[INFO] 2025-04-02 13:26:17,963 | CLV-USDT: Updated 450/450 rows in 1.61s
[INFO] 2025-04-02 13:26:17,964 | CITY-USDT: Updated 450/450 rows in 1.61s
[INFO] 2025-04-02 13:26:18,130 | Processing batch 6/27 with 12 pairs
[INFO] 2025-04-02 13:26:18,131 | Computing features for COMP-USDT
[INFO] 2025-04-02 13:26:18,131 | Computing features for CORE-USDT
[INFO] 2025-04-02 13:26:18,132 | Computing features for CRO-USDT
[INFO] 2025-04-02 13:26:18,132 | Computing features for CRV-USDT
[INFO] 2025-04-02 13:26:18,133 | Computing features for CSPR-USDT
[INFO] 2025-04-02 13:26:18,133 | GPU is available: Device #0, Free: 10.98 GB / 12.00 GB
[INFO] 2025-04-02 13:26:18,133 | Computing features for CTC-USDT
[INFO] 2025-04-02 13:26:18,133 | Computing features for CTXC-USDT
[INFO] 2025-04-02 13:26:18,134 | Computing features for CVC-USDT
[INFO] 2025-04-02 13:26:18,134 | GPU is available: Device #0, Free: 10.98 GB / 12.00 GB
[INFO] 2025-04-02 13:26:18,134 | GPU is available: Device #0, Free: 10.98 GB / 12.00 GB
[INFO] 2025-04-02 13:26:18,359 | GPU is available: Device #0, Free: 10.98 GB / 12.00 GB
[INFO] 2025-04-02 13:26:18,374 | GPU is available: Device #0, Free: 10.98 GB / 12.00 GB
[INFO] 2025-04-02 13:26:18,416 | GPU is available: Device #0, Free: 10.98 GB / 12.00 GB
[INFO] 2025-04-02 13:26:18,485 | GPU is available: Device #0, Free: 10.98 GB / 12.00 GB
[INFO] 2025-04-02 13:26:18,517 | GPU is available: Device #0, Free: 10.98 GB / 12.00 GB
[INFO] 2025-04-02 13:26:20,818 | CORE-USDT: Updated 450/450 rows in 2.69s
[INFO] 2025-04-02 13:26:20,978 | Computing features for CVX-USDT
[INFO] 2025-04-02 13:26:20,992 | GPU is available: Device #0, Free: 10.98 GB / 12.00 GB
[INFO] 2025-04-02 13:26:21,117 | COMP-USDT: Updated 450/450 rows in 2.99s
[INFO] 2025-04-02 13:26:21,183 | CRO-USDT: Updated 450/450 rows in 3.05s
[INFO] 2025-04-02 13:26:21,260 | Computing features for CXT-USDT
[INFO] 2025-04-02 13:26:21,326 | Computing features for DAI-USDT
[INFO] 2025-04-02 13:26:21,332 | GPU is available: Device #0, Free: 10.98 GB / 12.00 GB
[INFO] 2025-04-02 13:26:21,333 | GPU is available: Device #0, Free: 10.98 GB / 12.00 GB
[INFO] 2025-04-02 13:26:21,354 | CTC-USDT: Updated 450/450 rows in 3.22s
[INFO] 2025-04-02 13:26:21,362 | CRV-USDT: Updated 450/450 rows in 3.23s
[INFO] 2025-04-02 13:26:21,363 | CTXC-USDT: Updated 450/450 rows in 3.23s
[INFO] 2025-04-02 13:26:21,363 | CVC-USDT: Updated 450/450 rows in 3.23s
[INFO] 2025-04-02 13:26:21,385 | CSPR-USDT: Updated 450/450 rows in 3.25s
[INFO] 2025-04-02 13:26:22,084 | Computing features for DAO-USDT
[INFO] 2025-04-02 13:26:22,151 | GPU is available: Device #0, Free: 10.98 GB / 12.00 GB
[INFO] 2025-04-02 13:26:23,196 | CVX-USDT: Updated 450/450 rows in 2.22s
[INFO] 2025-04-02 13:26:23,346 | CXT-USDT: Updated 450/450 rows in 2.09s
[INFO] 2025-04-02 13:26:23,415 | DAO-USDT: Updated 450/450 rows in 1.33s
[INFO] 2025-04-02 13:26:23,481 | DAI-USDT: Updated 450/450 rows in 2.16s
[INFO] 2025-04-02 13:26:23,603 | Processing batch 7/27 with 12 pairs
[INFO] 2025-04-02 13:26:23,603 | Computing features for DEGEN-USDT
[INFO] 2025-04-02 13:26:23,603 | Computing features for DEP-USDT
[INFO] 2025-04-02 13:26:23,604 | Computing features for DGB-USDT
[INFO] 2025-04-02 13:26:23,605 | Computing features for DIA-USDT
[INFO] 2025-04-02 13:26:23,605 | GPU is available: Device #0, Free: 10.98 GB / 12.00 GB
[INFO] 2025-04-02 13:26:23,605 | Computing features for DOGE-USDT
[INFO] 2025-04-02 13:26:23,606 | GPU is available: Device #0, Free: 10.98 GB / 12.00 GB
[INFO] 2025-04-02 13:26:23,606 | GPU is available: Device #0, Free: 10.98 GB / 12.00 GB
[INFO] 2025-04-02 13:26:23,606 | Computing features for DOGS-USDT
[INFO] 2025-04-02 13:26:23,606 | Computing features for DORA-USDT
[INFO] 2025-04-02 13:26:23,607 | Computing features for DOT-USDT
[INFO] 2025-04-02 13:26:23,778 | GPU is available: Device #0, Free: 10.98 GB / 12.00 GB
[INFO] 2025-04-02 13:26:23,894 | GPU is available: Device #0, Free: 10.98 GB / 12.00 GB
[INFO] 2025-04-02 13:26:23,915 | GPU is available: Device #0, Free: 10.98 GB / 12.00 GB
[INFO] 2025-04-02 13:26:24,095 | GPU is available: Device #0, Free: 10.98 GB / 12.00 GB
[INFO] 2025-04-02 13:26:24,118 | GPU is available: Device #0, Free: 10.98 GB / 12.00 GB
[INFO] 2025-04-02 13:26:26,326 | DEGEN-USDT: Updated 450/450 rows in 2.72s
[INFO] 2025-04-02 13:26:26,437 | Computing features for DUCK-USDT
[INFO] 2025-04-02 13:26:26,458 | GPU is available: Device #0, Free: 10.98 GB / 12.00 GB
[INFO] 2025-04-02 13:26:26,704 | DEP-USDT: Updated 450/450 rows in 3.10s
[INFO] 2025-04-02 13:26:26,855 | DGB-USDT: Updated 450/450 rows in 3.25s
[INFO] 2025-04-02 13:26:26,855 | DOGE-USDT: Updated 450/450 rows in 3.25s
[INFO] 2025-04-02 13:26:26,902 | Computing features for DYDX-USDT
[INFO] 2025-04-02 13:26:27,178 | DIA-USDT: Updated 450/450 rows in 3.57s
[INFO] 2025-04-02 13:26:27,180 | GPU is available: Device #0, Free: 10.98 GB / 12.00 GB
[INFO] 2025-04-02 13:26:27,180 | Progress: 75/306 pairs processed (1.78 pairs/sec, ~129s remaining)
[INFO] 2025-04-02 13:26:27,261 | Computing features for EGLD-USDT
[INFO] 2025-04-02 13:26:27,261 | Computing features for EIGEN-USDT
[INFO] 2025-04-02 13:26:27,270 | GPU is available: Device #0, Free: 10.98 GB / 12.00 GB
[INFO] 2025-04-02 13:26:27,275 | GPU is available: Device #0, Free: 10.98 GB / 12.00 GB
[INFO] 2025-04-02 13:26:27,279 | DORA-USDT: Updated 450/450 rows in 3.67s
[INFO] 2025-04-02 13:26:27,454 | DOT-USDT: Updated 450/450 rows in 3.85s
[INFO] 2025-04-02 13:26:27,602 | DOGS-USDT: Updated 450/450 rows in 4.00s
[INFO] 2025-04-02 13:26:28,445 | DUCK-USDT: Updated 450/450 rows in 2.01s
[INFO] 2025-04-02 13:26:28,766 | DYDX-USDT: Updated 450/450 rows in 1.86s
[INFO] 2025-04-02 13:26:28,844 | EGLD-USDT: Updated 450/450 rows in 1.58s
[INFO] 2025-04-02 13:26:28,915 | EIGEN-USDT: Updated 450/450 rows in 1.65s
[INFO] 2025-04-02 13:26:29,113 | Processing batch 8/27 with 12 pairs
[INFO] 2025-04-02 13:26:29,114 | Computing features for ELF-USDT
[INFO] 2025-04-02 13:26:29,114 | Computing features for ELON-USDT
[INFO] 2025-04-02 13:26:29,115 | Computing features for ENJ-USDT
[INFO] 2025-04-02 13:26:29,115 | Computing features for ENS-USDT
[INFO] 2025-04-02 13:26:29,117 | Computing features for EOS-USDT
[INFO] 2025-04-02 13:26:29,117 | GPU is available: Device #0, Free: 10.98 GB / 12.00 GB
[INFO] 2025-04-02 13:26:29,117 | Computing features for ERN-USDT
[INFO] 2025-04-02 13:26:29,118 | Computing features for ETC-USDT
[INFO] 2025-04-02 13:26:29,118 | Computing features for FET-USDT
[INFO] 2025-04-02 13:26:29,118 | GPU is available: Device #0, Free: 10.98 GB / 12.00 GB
[INFO] 2025-04-02 13:26:29,118 | GPU is available: Device #0, Free: 10.98 GB / 12.00 GB
[INFO] 2025-04-02 13:26:29,290 | GPU is available: Device #0, Free: 10.98 GB / 12.00 GB
[INFO] 2025-04-02 13:26:29,393 | GPU is available: Device #0, Free: 10.98 GB / 12.00 GB
[INFO] 2025-04-02 13:26:29,424 | GPU is available: Device #0, Free: 10.98 GB / 12.00 GB
[INFO] 2025-04-02 13:26:29,572 | GPU is available: Device #0, Free: 10.98 GB / 12.00 GB
[INFO] 2025-04-02 13:26:29,598 | GPU is available: Device #0, Free: 10.98 GB / 12.00 GB
[INFO] 2025-04-02 13:26:31,980 | ENJ-USDT: Updated 450/450 rows in 2.86s
[INFO] 2025-04-02 13:26:32,110 | ELON-USDT: Updated 450/450 rows in 3.00s
[INFO] 2025-04-02 13:26:33,611 | Computing features for FIL-USDT
[INFO] 2025-04-02 13:26:33,719 | ELF-USDT: Updated 450/450 rows in 4.60s
[INFO] 2025-04-02 13:26:33,725 | GPU is available: Device #0, Free: 10.98 GB / 12.00 GB
[INFO] 2025-04-02 13:26:33,812 | Computing features for FLM-USDT
[INFO] 2025-04-02 13:26:33,813 | Computing features for FLOKI-USDT
[INFO] 2025-04-02 13:26:33,814 | ENS-USDT: Updated 450/450 rows in 4.70s
[INFO] 2025-04-02 13:26:33,921 | GPU is available: Device #0, Free: 10.98 GB / 12.00 GB
[INFO] 2025-04-02 13:26:33,928 | GPU is available: Device #0, Free: 10.98 GB / 12.00 GB
[INFO] 2025-04-02 13:26:34,036 | ERN-USDT: Updated 450/450 rows in 4.92s
[INFO] 2025-04-02 13:26:34,050 | Computing features for FLOW-USDT
[INFO] 2025-04-02 13:26:34,171 | EOS-USDT: Updated 450/450 rows in 5.05s
[INFO] 2025-04-02 13:26:34,276 | GPU is available: Device #0, Free: 10.98 GB / 12.00 GB
[INFO] 2025-04-02 13:26:34,505 | FET-USDT: Updated 450/450 rows in 5.39s
[INFO] 2025-04-02 13:26:34,512 | ETC-USDT: Updated 450/450 rows in 5.39s
[INFO] 2025-04-02 13:26:35,799 | FLM-USDT: Updated 450/450 rows in 1.99s
[INFO] 2025-04-02 13:26:35,800 | FIL-USDT: Updated 450/450 rows in 2.19s
[INFO] 2025-04-02 13:26:35,923 | FLOW-USDT: Updated 450/450 rows in 1.87s
[INFO] 2025-04-02 13:26:35,990 | FLOKI-USDT: Updated 450/450 rows in 2.18s
[INFO] 2025-04-02 13:26:36,115 | Processing batch 9/27 with 12 pairs
[INFO] 2025-04-02 13:26:36,116 | Computing features for FLR-USDT
[INFO] 2025-04-02 13:26:36,116 | Computing features for FLUID-USDT
[INFO] 2025-04-02 13:26:36,117 | Computing features for FORTH-USDT
[INFO] 2025-04-02 13:26:36,117 | Computing features for FOXY-USDT
[INFO] 2025-04-02 13:26:36,117 | GPU is available: Device #0, Free: 10.98 GB / 12.00 GB
[INFO] 2025-04-02 13:26:36,118 | Computing features for FXS-USDT
[INFO] 2025-04-02 13:26:36,118 | Computing features for G-USDT
[INFO] 2025-04-02 13:26:36,118 | GPU is available: Device #0, Free: 10.98 GB / 12.00 GB
[INFO] 2025-04-02 13:26:36,118 | GPU is available: Device #0, Free: 10.98 GB / 12.00 GB
[INFO] 2025-04-02 13:26:36,119 | Computing features for GALA-USDT
[INFO] 2025-04-02 13:26:36,119 | Computing features for GALFT-USDT
[INFO] 2025-04-02 13:26:36,207 | GPU is available: Device #0, Free: 10.98 GB / 12.00 GB
[INFO] 2025-04-02 13:26:36,378 | GPU is available: Device #0, Free: 10.98 GB / 12.00 GB
[INFO] 2025-04-02 13:26:36,404 | GPU is available: Device #0, Free: 10.98 GB / 12.00 GB
[INFO] 2025-04-02 13:26:36,453 | GPU is available: Device #0, Free: 10.98 GB / 12.00 GB
[INFO] 2025-04-02 13:26:36,630 | GPU is available: Device #0, Free: 10.98 GB / 12.00 GB
[INFO] 2025-04-02 13:26:38,096 | FLUID-USDT: Updated 154/154 rows in 1.98s
[INFO] 2025-04-02 13:26:38,211 | Computing features for GAS-USDT
[INFO] 2025-04-02 13:26:38,218 | GPU is available: Device #0, Free: 10.98 GB / 12.00 GB
[INFO] 2025-04-02 13:26:38,925 | FLR-USDT: Updated 450/450 rows in 2.81s
[INFO] 2025-04-02 13:26:39,025 | FORTH-USDT: Updated 450/450 rows in 2.91s
[INFO] 2025-04-02 13:26:39,121 | Computing features for GEAR-USDT
[INFO] 2025-04-02 13:26:39,124 | FOXY-USDT: Updated 450/450 rows in 3.01s
[INFO] 2025-04-02 13:26:39,156 | GPU is available: Device #0, Free: 10.98 GB / 12.00 GB
[INFO] 2025-04-02 13:26:39,157 | Computing features for GHST-USDT
[INFO] 2025-04-02 13:26:39,269 | GPU is available: Device #0, Free: 10.98 GB / 12.00 GB
[INFO] 2025-04-02 13:26:39,274 | Progress: 100/306 pairs processed (1.85 pairs/sec, ~111s remaining)
[INFO] 2025-04-02 13:26:39,300 | Computing features for GLM-USDT
[INFO] 2025-04-02 13:26:39,391 | GPU is available: Device #0, Free: 10.98 GB / 12.00 GB
[INFO] 2025-04-02 13:26:39,424 | GALA-USDT: Updated 450/450 rows in 3.31s
[INFO] 2025-04-02 13:26:39,497 | FXS-USDT: Updated 450/450 rows in 3.38s
[INFO] 2025-04-02 13:26:39,499 | G-USDT: Updated 450/450 rows in 3.38s
[INFO] 2025-04-02 13:26:39,739 | GALFT-USDT: Updated 450/450 rows in 3.62s
[INFO] 2025-04-02 13:26:40,179 | GAS-USDT: Updated 450/450 rows in 1.97s
[INFO] 2025-04-02 13:26:40,723 | GHST-USDT: Updated 450/450 rows in 1.57s
[INFO] 2025-04-02 13:26:40,724 | GLM-USDT: Updated 450/450 rows in 1.42s
[INFO] 2025-04-02 13:26:40,836 | GEAR-USDT: Updated 450/450 rows in 1.71s
[INFO] 2025-04-02 13:26:40,934 | Processing batch 10/27 with 12 pairs
[INFO] 2025-04-02 13:26:40,935 | Computing features for GLMR-USDT
[INFO] 2025-04-02 13:26:40,935 | Computing features for GMT-USDT
[INFO] 2025-04-02 13:26:40,935 | Computing features for GMX-USDT
[INFO] 2025-04-02 13:26:40,935 | Computing features for GOAT-USDT
[INFO] 2025-04-02 13:26:40,936 | Computing features for GODS-USDT
[INFO] 2025-04-02 13:26:40,936 | Computing features for GOG-USDT
[INFO] 2025-04-02 13:26:40,937 | Computing features for GRT-USDT
[INFO] 2025-04-02 13:26:40,937 | GPU is available: Device #0, Free: 10.98 GB / 12.00 GB
[INFO] 2025-04-02 13:26:40,937 | GPU is available: Device #0, Free: 10.98 GB / 12.00 GB
[INFO] 2025-04-02 13:26:40,938 | Computing features for HBAR-USDT
[INFO] 2025-04-02 13:26:40,938 | GPU is available: Device #0, Free: 10.98 GB / 12.00 GB
[INFO] 2025-04-02 13:26:41,158 | GPU is available: Device #0, Free: 10.98 GB / 12.00 GB
[INFO] 2025-04-02 13:26:41,170 | GPU is available: Device #0, Free: 10.98 GB / 12.00 GB
[INFO] 2025-04-02 13:26:41,208 | GPU is available: Device #0, Free: 10.98 GB / 12.00 GB
[INFO] 2025-04-02 13:26:41,286 | GPU is available: Device #0, Free: 10.98 GB / 12.00 GB
[INFO] 2025-04-02 13:26:41,490 | GPU is available: Device #0, Free: 10.98 GB / 12.00 GB
[INFO] 2025-04-02 13:26:43,640 | GLMR-USDT: Updated 450/450 rows in 2.71s
[INFO] 2025-04-02 13:26:43,745 | Computing features for HMSTR-USDT
[INFO] 2025-04-02 13:26:43,765 | GPU is available: Device #0, Free: 10.98 GB / 12.00 GB
[INFO] 2025-04-02 13:26:43,903 | GMT-USDT: Updated 450/450 rows in 2.97s
[INFO] 2025-04-02 13:26:43,904 | GMX-USDT: Updated 450/450 rows in 2.97s
[INFO] 2025-04-02 13:26:44,051 | GOAT-USDT: Updated 450/450 rows in 3.12s
[INFO] 2025-04-02 13:26:44,215 | Computing features for ICE-USDT
[INFO] 2025-04-02 13:26:44,226 | Computing features for ICP-USDT
[INFO] 2025-04-02 13:26:44,247 | Computing features for ICX-USDT
[INFO] 2025-04-02 13:26:44,247 | GPU is available: Device #0, Free: 10.98 GB / 12.00 GB
[INFO] 2025-04-02 13:26:44,255 | GPU is available: Device #0, Free: 10.98 GB / 12.00 GB
[INFO] 2025-04-02 13:26:44,256 | GPU is available: Device #0, Free: 10.98 GB / 12.00 GB
[INFO] 2025-04-02 13:26:44,495 | GOG-USDT: Updated 450/450 rows in 3.56s
[INFO] 2025-04-02 13:26:44,576 | GRT-USDT: Updated 450/450 rows in 3.64s
[INFO] 2025-04-02 13:26:44,582 | GODS-USDT: Updated 450/450 rows in 3.65s
[INFO] 2025-04-02 13:26:44,784 | HBAR-USDT: Updated 450/450 rows in 3.85s
[INFO] 2025-04-02 13:26:45,584 | HMSTR-USDT: Updated 450/450 rows in 1.84s
[INFO] 2025-04-02 13:26:45,807 | ICE-USDT: Updated 450/450 rows in 1.59s
[INFO] 2025-04-02 13:26:45,866 | ICP-USDT: Updated 450/450 rows in 1.64s
[INFO] 2025-04-02 13:26:45,866 | ICX-USDT: Updated 450/450 rows in 1.62s
[INFO] 2025-04-02 13:26:46,024 | Processing batch 11/27 with 12 pairs
[INFO] 2025-04-02 13:26:46,024 | Computing features for ID-USDT
[INFO] 2025-04-02 13:26:46,024 | Computing features for ILV-USDT
[INFO] 2025-04-02 13:26:46,025 | Computing features for IMX-USDT
[INFO] 2025-04-02 13:26:46,025 | Computing features for INJ-USDT
[INFO] 2025-04-02 13:26:46,026 | GPU is available: Device #0, Free: 10.98 GB / 12.00 GB
[INFO] 2025-04-02 13:26:46,026 | Computing features for IOST-USDT
[INFO] 2025-04-02 13:26:46,027 | GPU is available: Device #0, Free: 10.98 GB / 12.00 GB
[INFO] 2025-04-02 13:26:46,027 | Computing features for IOTA-USDT
[INFO] 2025-04-02 13:26:46,027 | Computing features for IP-USDT
[INFO] 2025-04-02 13:26:46,027 | GPU is available: Device #0, Free: 10.98 GB / 12.00 GB
[INFO] 2025-04-02 13:26:46,027 | Computing features for IQ-USDT
[INFO] 2025-04-02 13:26:46,241 | GPU is available: Device #0, Free: 10.98 GB / 12.00 GB
[INFO] 2025-04-02 13:26:46,259 | GPU is available: Device #0, Free: 10.98 GB / 12.00 GB
[INFO] 2025-04-02 13:26:46,298 | GPU is available: Device #0, Free: 10.98 GB / 12.00 GB
[INFO] 2025-04-02 13:26:46,358 | GPU is available: Device #0, Free: 10.98 GB / 12.00 GB
[INFO] 2025-04-02 13:26:46,534 | GPU is available: Device #0, Free: 10.98 GB / 12.00 GB
[INFO] 2025-04-02 13:26:48,569 | ID-USDT: Updated 450/450 rows in 2.54s
[INFO] 2025-04-02 13:26:48,726 | IMX-USDT: Updated 450/450 rows in 2.70s
[INFO] 2025-04-02 13:26:48,726 | Computing features for J-USDT
[INFO] 2025-04-02 13:26:48,792 | GPU is available: Device #0, Free: 10.98 GB / 12.00 GB
[INFO] 2025-04-02 13:26:48,793 | Computing features for JOE-USDT
[INFO] 2025-04-02 13:26:48,855 | GPU is available: Device #0, Free: 10.98 GB / 12.00 GB
[INFO] 2025-04-02 13:26:48,913 | ILV-USDT: Updated 450/450 rows in 2.89s
[INFO] 2025-04-02 13:26:49,041 | Computing features for JST-USDT
[INFO] 2025-04-02 13:26:49,130 | GPU is available: Device #0, Free: 10.98 GB / 12.00 GB
[INFO] 2025-04-02 13:26:49,153 | IOST-USDT: Updated 450/450 rows in 3.13s
[INFO] 2025-04-02 13:26:49,172 | INJ-USDT: Updated 450/450 rows in 3.15s
[INFO] 2025-04-02 13:26:49,173 | IQ-USDT: Updated 450/450 rows in 3.15s
[INFO] 2025-04-02 13:26:49,183 | IOTA-USDT: Updated 450/450 rows in 3.16s
[INFO] 2025-04-02 13:26:49,189 | IP-USDT: Updated 450/450 rows in 3.16s
[INFO] 2025-04-02 13:26:49,560 | Progress: 125/306 pairs processed (1.94 pairs/sec, ~93s remaining)
[INFO] 2025-04-02 13:26:49,609 | Computing features for JTO-USDT
[INFO] 2025-04-02 13:26:49,702 | GPU is available: Device #0, Free: 10.98 GB / 12.00 GB
[INFO] 2025-04-02 13:26:50,641 | J-USDT: Updated 450/450 rows in 1.92s
[INFO] 2025-04-02 13:26:50,797 | JOE-USDT: Updated 450/450 rows in 2.00s
[INFO] 2025-04-02 13:26:50,798 | JST-USDT: Updated 450/450 rows in 1.76s
[INFO] 2025-04-02 13:26:50,936 | JTO-USDT: Updated 450/450 rows in 1.33s
[INFO] 2025-04-02 13:26:51,043 | Processing batch 12/27 with 12 pairs
[INFO] 2025-04-02 13:26:51,044 | Computing features for JUP-USDT
[INFO] 2025-04-02 13:26:51,044 | Computing features for KAIA-USDT
[INFO] 2025-04-02 13:26:51,045 | Computing features for KAITO-USDT
[INFO] 2025-04-02 13:26:51,045 | Computing features for KDA-USDT
[INFO] 2025-04-02 13:26:51,045 | Computing features for KISHU-USDT
[INFO] 2025-04-02 13:26:51,046 | GPU is available: Device #0, Free: 10.98 GB / 12.00 GB
[INFO] 2025-04-02 13:26:51,046 | Computing features for KNC-USDT
[INFO] 2025-04-02 13:26:51,047 | GPU is available: Device #0, Free: 10.98 GB / 12.00 GB
[INFO] 2025-04-02 13:26:51,047 | GPU is available: Device #0, Free: 10.98 GB / 12.00 GB
[INFO] 2025-04-02 13:26:51,047 | Computing features for KSM-USDT
[INFO] 2025-04-02 13:26:51,047 | Computing features for LAT-USDT
[INFO] 2025-04-02 13:26:51,267 | GPU is available: Device #0, Free: 10.98 GB / 12.00 GB
[INFO] 2025-04-02 13:26:51,268 | GPU is available: Device #0, Free: 10.98 GB / 12.00 GB
[INFO] 2025-04-02 13:26:51,333 | GPU is available: Device #0, Free: 10.98 GB / 12.00 GB
[INFO] 2025-04-02 13:26:51,389 | GPU is available: Device #0, Free: 10.98 GB / 12.00 GB
[INFO] 2025-04-02 13:26:51,609 | GPU is available: Device #0, Free: 10.98 GB / 12.00 GB
[INFO] 2025-04-02 13:26:53,874 | KAITO-USDT: Updated 450/450 rows in 2.83s
[INFO] 2025-04-02 13:26:53,877 | JUP-USDT: Updated 450/450 rows in 2.83s
[INFO] 2025-04-02 13:26:53,879 | KAIA-USDT: Updated 450/450 rows in 2.84s
[INFO] 2025-04-02 13:26:54,079 | KISHU-USDT: Updated 450/450 rows in 3.03s
[INFO] 2025-04-02 13:26:54,080 | Computing features for LDO-USDT
[INFO] 2025-04-02 13:26:54,080 | Computing features for LEO-USDT
[INFO] 2025-04-02 13:26:54,141 | Computing features for LINK-USDT
[INFO] 2025-04-02 13:26:54,184 | GPU is available: Device #0, Free: 10.98 GB / 12.00 GB
[INFO] 2025-04-02 13:26:54,185 | KDA-USDT: Updated 450/450 rows in 3.14s
[INFO] 2025-04-02 13:26:54,265 | GPU is available: Device #0, Free: 10.98 GB / 12.00 GB
[INFO] 2025-04-02 13:26:54,266 | GPU is available: Device #0, Free: 10.98 GB / 12.00 GB
[INFO] 2025-04-02 13:26:54,266 | Computing features for LOOKS-USDT
[INFO] 2025-04-02 13:26:54,268 | KSM-USDT: Updated 450/450 rows in 3.22s
[INFO] 2025-04-02 13:26:54,352 | GPU is available: Device #0, Free: 10.98 GB / 12.00 GB
[INFO] 2025-04-02 13:26:54,461 | KNC-USDT: Updated 450/450 rows in 3.41s
[INFO] 2025-04-02 13:26:54,467 | LAT-USDT: Updated 450/450 rows in 3.42s
[INFO] 2025-04-02 13:26:55,924 | LDO-USDT: Updated 450/450 rows in 1.84s
[INFO] 2025-04-02 13:26:56,030 | LEO-USDT: Updated 450/450 rows in 1.95s
[INFO] 2025-04-02 13:26:56,108 | LINK-USDT: Updated 450/450 rows in 1.97s
[INFO] 2025-04-02 13:26:56,169 | LOOKS-USDT: Updated 450/450 rows in 1.90s
[INFO] 2025-04-02 13:26:56,305 | Processing batch 13/27 with 12 pairs
[INFO] 2025-04-02 13:26:56,306 | Computing features for LPT-USDT
[INFO] 2025-04-02 13:26:56,306 | Computing features for LQTY-USDT
[INFO] 2025-04-02 13:26:56,307 | Computing features for LRC-USDT
[INFO] 2025-04-02 13:26:56,308 | GPU is available: Device #0, Free: 10.98 GB / 12.00 GB
[INFO] 2025-04-02 13:26:56,308 | Computing features for LSK-USDT
[INFO] 2025-04-02 13:26:56,308 | Computing features for LTC-USDT
[INFO] 2025-04-02 13:26:56,309 | GPU is available: Device #0, Free: 10.98 GB / 12.00 GB
[INFO] 2025-04-02 13:26:56,309 | GPU is available: Device #0, Free: 10.98 GB / 12.00 GB
[INFO] 2025-04-02 13:26:56,309 | Computing features for LUNA-USDT
[INFO] 2025-04-02 13:26:56,309 | Computing features for LUNC-USDT
[INFO] 2025-04-02 13:26:56,310 | Computing features for MAGIC-USDT
[INFO] 2025-04-02 13:26:56,629 | GPU is available: Device #0, Free: 10.98 GB / 12.00 GB
[INFO] 2025-04-02 13:26:56,640 | GPU is available: Device #0, Free: 10.98 GB / 12.00 GB
[INFO] 2025-04-02 13:26:56,682 | GPU is available: Device #0, Free: 10.98 GB / 12.00 GB
[INFO] 2025-04-02 13:26:56,761 | GPU is available: Device #0, Free: 10.98 GB / 12.00 GB
[INFO] 2025-04-02 13:26:57,035 | GPU is available: Device #0, Free: 10.98 GB / 12.00 GB
[INFO] 2025-04-02 13:26:59,066 | LPT-USDT: Updated 450/450 rows in 2.76s
[INFO] 2025-04-02 13:26:59,305 | Computing features for MAJOR-USDT
[INFO] 2025-04-02 13:26:59,324 | GPU is available: Device #0, Free: 10.98 GB / 12.00 GB
[INFO] 2025-04-02 13:26:59,372 | LQTY-USDT: Updated 450/450 rows in 3.07s
[INFO] 2025-04-02 13:26:59,373 | LRC-USDT: Updated 450/450 rows in 3.07s
[INFO] 2025-04-02 13:26:59,688 | LSK-USDT: Updated 450/450 rows in 3.38s
[INFO] 2025-04-02 13:26:59,725 | Computing features for MANA-USDT
[INFO] 2025-04-02 13:26:59,725 | Computing features for MASK-USDT
[INFO] 2025-04-02 13:26:59,838 | LTC-USDT: Updated 450/450 rows in 3.53s
[INFO] 2025-04-02 13:26:59,842 | GPU is available: Device #0, Free: 10.98 GB / 12.00 GB
[INFO] 2025-04-02 13:26:59,842 | GPU is available: Device #0, Free: 10.98 GB / 12.00 GB
[INFO] 2025-04-02 13:26:59,843 | LUNA-USDT: Updated 450/450 rows in 3.53s
[INFO] 2025-04-02 13:26:59,932 | Computing features for MAX-USDT
[INFO] 2025-04-02 13:27:00,011 | Progress: 150/306 pairs processed (2.00 pairs/sec, ~78s remaining)
[INFO] 2025-04-02 13:27:00,017 | GPU is available: Device #0, Free: 10.98 GB / 12.00 GB
[INFO] 2025-04-02 13:27:00,241 | MAGIC-USDT: Updated 450/450 rows in 3.93s
[INFO] 2025-04-02 13:27:00,328 | LUNC-USDT: Updated 450/450 rows in 4.02s
[INFO] 2025-04-02 13:27:01,501 | MAJOR-USDT: Updated 450/450 rows in 2.20s
[INFO] 2025-04-02 13:27:01,603 | MAX-USDT: Updated 450/450 rows in 1.67s
[INFO] 2025-04-02 13:27:01,604 | MANA-USDT: Updated 450/450 rows in 1.88s
[INFO] 2025-04-02 13:27:01,604 | MASK-USDT: Updated 450/450 rows in 1.88s
[INFO] 2025-04-02 13:27:01,832 | Processing batch 14/27 with 12 pairs
[INFO] 2025-04-02 13:27:01,832 | Computing features for MDT-USDT
[INFO] 2025-04-02 13:27:01,833 | Computing features for ME-USDT
[INFO] 2025-04-02 13:27:01,833 | Computing features for MEME-USDT
[INFO] 2025-04-02 13:27:01,834 | Computing features for MEMEFI-USDT
[INFO] 2025-04-02 13:27:01,834 | GPU is available: Device #0, Free: 10.98 GB / 12.00 GB
[INFO] 2025-04-02 13:27:01,834 | GPU is available: Device #0, Free: 10.98 GB / 12.00 GB
[INFO] 2025-04-02 13:27:01,834 | Computing features for MENGO-USDT
[INFO] 2025-04-02 13:27:01,835 | Computing features for MERL-USDT
[INFO] 2025-04-02 13:27:01,835 | Computing features for METIS-USDT
[INFO] 2025-04-02 13:27:01,836 | Computing features for MEW-USDT
[INFO] 2025-04-02 13:27:01,836 | GPU is available: Device #0, Free: 10.98 GB / 12.00 GB
[INFO] 2025-04-02 13:27:02,017 | GPU is available: Device #0, Free: 10.98 GB / 12.00 GB
[INFO] 2025-04-02 13:27:02,114 | GPU is available: Device #0, Free: 10.98 GB / 12.00 GB
[INFO] 2025-04-02 13:27:02,162 | GPU is available: Device #0, Free: 10.98 GB / 12.00 GB
[INFO] 2025-04-02 13:27:02,339 | GPU is available: Device #0, Free: 10.98 GB / 12.00 GB
[INFO] 2025-04-02 13:27:02,457 | GPU is available: Device #0, Free: 10.98 GB / 12.00 GB
[INFO] 2025-04-02 13:27:04,711 | ME-USDT: Updated 450/450 rows in 2.88s
[INFO] 2025-04-02 13:27:04,820 | Computing features for MILO-USDT
[INFO] 2025-04-02 13:27:04,897 | GPU is available: Device #0, Free: 10.98 GB / 12.00 GB
[INFO] 2025-04-02 13:27:04,918 | MDT-USDT: Updated 450/450 rows in 3.09s
[INFO] 2025-04-02 13:27:05,131 | MENGO-USDT: Updated 450/450 rows in 3.30s
[INFO] 2025-04-02 13:27:05,131 | Computing features for MINA-USDT
[INFO] 2025-04-02 13:27:05,134 | MEME-USDT: Updated 450/450 rows in 3.30s
[INFO] 2025-04-02 13:27:05,243 | GPU is available: Device #0, Free: 10.98 GB / 12.00 GB
[INFO] 2025-04-02 13:27:05,357 | MERL-USDT: Updated 450/450 rows in 3.52s
[INFO] 2025-04-02 13:27:05,371 | MEMEFI-USDT: Updated 450/450 rows in 3.54s
[INFO] 2025-04-02 13:27:05,371 | Computing features for MKR-USDT
[INFO] 2025-04-02 13:27:05,428 | MEW-USDT: Updated 450/450 rows in 3.59s
[INFO] 2025-04-02 13:27:05,428 | Computing features for MLN-USDT
[INFO] 2025-04-02 13:27:05,529 | GPU is available: Device #0, Free: 10.98 GB / 12.00 GB
[INFO] 2025-04-02 13:27:05,676 | GPU is available: Device #0, Free: 10.98 GB / 12.00 GB
[INFO] 2025-04-02 13:27:05,677 | METIS-USDT: Updated 450/450 rows in 3.84s
[INFO] 2025-04-02 13:27:08,014 | MILO-USDT: Updated 450/450 rows in 3.19s
[INFO] 2025-04-02 13:27:08,129 | MINA-USDT: Updated 450/450 rows in 3.00s
[INFO] 2025-04-02 13:27:08,205 | MLN-USDT: Updated 450/450 rows in 2.78s
[INFO] 2025-04-02 13:27:08,263 | MKR-USDT: Updated 450/450 rows in 2.89s
[INFO] 2025-04-02 13:27:08,370 | Processing batch 15/27 with 12 pairs
[INFO] 2025-04-02 13:27:08,370 | Computing features for MOODENG-USDT
[INFO] 2025-04-02 13:27:08,370 | Computing features for MORPHO-USDT
[INFO] 2025-04-02 13:27:08,371 | Computing features for MOVE-USDT
[INFO] 2025-04-02 13:27:08,372 | Computing features for MOVR-USDT
[INFO] 2025-04-02 13:27:08,372 | GPU is available: Device #0, Free: 10.98 GB / 12.00 GB
[INFO] 2025-04-02 13:27:08,372 | GPU is available: Device #0, Free: 10.98 GB / 12.00 GB
[INFO] 2025-04-02 13:27:08,372 | Computing features for MXC-USDT
[INFO] 2025-04-02 13:27:08,373 | GPU is available: Device #0, Free: 10.98 GB / 12.00 GB
[INFO] 2025-04-02 13:27:08,373 | Computing features for NAVX-USDT
[INFO] 2025-04-02 13:27:08,373 | Computing features for NC-USDT
[INFO] 2025-04-02 13:27:08,374 | Computing features for NEAR-USDT
[INFO] 2025-04-02 13:27:08,592 | GPU is available: Device #0, Free: 10.98 GB / 12.00 GB
[INFO] 2025-04-02 13:27:08,598 | GPU is available: Device #0, Free: 10.98 GB / 12.00 GB
[INFO] 2025-04-02 13:27:08,660 | GPU is available: Device #0, Free: 10.98 GB / 12.00 GB
[INFO] 2025-04-02 13:27:08,752 | GPU is available: Device #0, Free: 10.98 GB / 12.00 GB
[INFO] 2025-04-02 13:27:08,912 | GPU is available: Device #0, Free: 10.98 GB / 12.00 GB
[INFO] 2025-04-02 13:27:10,780 | NAVX-USDT: Updated 202/202 rows in 2.41s
[INFO] 2025-04-02 13:27:10,939 | Computing features for NEIRO-USDT
[INFO] 2025-04-02 13:27:10,957 | MOVE-USDT: Updated 450/450 rows in 2.59s
[INFO] 2025-04-02 13:27:10,968 | GPU is available: Device #0, Free: 10.98 GB / 12.00 GB
[INFO] 2025-04-02 13:27:11,097 | Computing features for NEO-USDT
[INFO] 2025-04-02 13:27:11,165 | GPU is available: Device #0, Free: 10.98 GB / 12.00 GB
[INFO] 2025-04-02 13:27:11,255 | MORPHO-USDT: Updated 450/450 rows in 2.88s
[INFO] 2025-04-02 13:27:11,272 | MOODENG-USDT: Updated 450/450 rows in 2.90s
[INFO] 2025-04-02 13:27:11,482 | Computing features for NFT-USDT
[INFO] 2025-04-02 13:27:11,489 | Computing features for NMR-USDT
[INFO] 2025-04-02 13:27:11,507 | GPU is available: Device #0, Free: 10.98 GB / 12.00 GB
[INFO] 2025-04-02 13:27:11,515 | GPU is available: Device #0, Free: 10.98 GB / 12.00 GB
[INFO] 2025-04-02 13:27:11,539 | NEAR-USDT: Updated 450/450 rows in 3.17s
[INFO] 2025-04-02 13:27:11,551 | NC-USDT: Updated 450/450 rows in 3.18s
[INFO] 2025-04-02 13:27:11,776 | MOVR-USDT: Updated 450/450 rows in 3.40s
[INFO] 2025-04-02 13:27:11,778 | MXC-USDT: Updated 450/450 rows in 3.41s
[INFO] 2025-04-02 13:27:12,078 | Progress: 175/306 pairs processed (2.01 pairs/sec, ~65s remaining)
[INFO] 2025-04-02 13:27:12,859 | NEIRO-USDT: Updated 450/450 rows in 1.92s
[INFO] 2025-04-02 13:27:12,996 | NEO-USDT: Updated 450/450 rows in 1.90s
[INFO] 2025-04-02 13:27:13,077 | NMR-USDT: Updated 450/450 rows in 1.59s
[INFO] 2025-04-02 13:27:13,140 | NFT-USDT: Updated 450/450 rows in 1.66s
[INFO] 2025-04-02 13:27:13,271 | Processing batch 16/27 with 12 pairs
[INFO] 2025-04-02 13:27:13,272 | Computing features for NOT-USDT
[INFO] 2025-04-02 13:27:13,272 | Computing features for NULS-USDT
[INFO] 2025-04-02 13:27:13,273 | Computing features for OAS-USDT
[INFO] 2025-04-02 13:27:13,273 | Computing features for OKB-USDT
[INFO] 2025-04-02 13:27:13,274 | Computing features for OKSOL-USDT
[INFO] 2025-04-02 13:27:13,274 | Computing features for OKT-USDT
[INFO] 2025-04-02 13:27:13,274 | Computing features for OL-USDT
[INFO] 2025-04-02 13:27:13,275 | Computing features for OM-USDT
[INFO] 2025-04-02 13:27:13,275 | GPU is available: Device #0, Free: 10.98 GB / 12.00 GB
[INFO] 2025-04-02 13:27:13,276 | GPU is available: Device #0, Free: 10.98 GB / 12.00 GB
[INFO] 2025-04-02 13:27:13,276 | GPU is available: Device #0, Free: 10.98 GB / 12.00 GB
[INFO] 2025-04-02 13:27:13,426 | GPU is available: Device #0, Free: 10.98 GB / 12.00 GB
[INFO] 2025-04-02 13:27:13,520 | GPU is available: Device #0, Free: 10.98 GB / 12.00 GB
[INFO] 2025-04-02 13:27:13,547 | GPU is available: Device #0, Free: 10.98 GB / 12.00 GB
[INFO] 2025-04-02 13:27:13,659 | GPU is available: Device #0, Free: 10.98 GB / 12.00 GB
[INFO] 2025-04-02 13:27:13,765 | GPU is available: Device #0, Free: 10.98 GB / 12.00 GB
[INFO] 2025-04-02 13:27:15,993 | NOT-USDT: Updated 450/450 rows in 2.72s
[INFO] 2025-04-02 13:27:16,106 | Computing features for OMI-USDT
[INFO] 2025-04-02 13:27:16,133 | GPU is available: Device #0, Free: 10.98 GB / 12.00 GB
[INFO] 2025-04-02 13:27:16,143 | OAS-USDT: Updated 450/450 rows in 2.87s
[INFO] 2025-04-02 13:27:16,145 | NULS-USDT: Updated 450/450 rows in 2.87s
[INFO] 2025-04-02 13:27:16,261 | OKB-USDT: Updated 450/450 rows in 2.99s
[INFO] 2025-04-02 13:27:16,262 | OKSOL-USDT: Updated 450/450 rows in 2.99s
[INFO] 2025-04-02 13:27:16,375 | Computing features for ONDO-USDT
[INFO] 2025-04-02 13:27:16,448 | Computing features for ONE-USDT
[INFO] 2025-04-02 13:27:16,505 | OKT-USDT: Updated 450/450 rows in 3.23s
[INFO] 2025-04-02 13:27:16,506 | Computing features for ONT-USDT
[INFO] 2025-04-02 13:27:16,507 | GPU is available: Device #0, Free: 10.98 GB / 12.00 GB
[INFO] 2025-04-02 13:27:16,508 | GPU is available: Device #0, Free: 10.98 GB / 12.00 GB
[INFO] 2025-04-02 13:27:16,596 | GPU is available: Device #0, Free: 10.98 GB / 12.00 GB
[INFO] 2025-04-02 13:27:16,686 | OL-USDT: Updated 450/450 rows in 3.41s
[INFO] 2025-04-02 13:27:16,975 | OM-USDT: Updated 450/450 rows in 3.70s
[INFO] 2025-04-02 13:27:17,913 | OMI-USDT: Updated 450/450 rows in 1.81s
[INFO] 2025-04-02 13:27:18,026 | ONDO-USDT: Updated 450/450 rows in 1.65s
[INFO] 2025-04-02 13:27:18,111 | ONE-USDT: Updated 450/450 rows in 1.66s
[INFO] 2025-04-02 13:27:18,111 | ONT-USDT: Updated 450/450 rows in 1.60s
[INFO] 2025-04-02 13:27:18,301 | Processing batch 17/27 with 12 pairs
[INFO] 2025-04-02 13:27:18,301 | Computing features for OP-USDT
[INFO] 2025-04-02 13:27:18,301 | Computing features for ORBS-USDT
[INFO] 2025-04-02 13:27:18,302 | Computing features for ORDI-USDT
[INFO] 2025-04-02 13:27:18,302 | Computing features for OXT-USDT
[INFO] 2025-04-02 13:27:18,303 | Computing features for PARTI-USDT
[INFO] 2025-04-02 13:27:18,304 | Computing features for PENDLE-USDT
[INFO] 2025-04-02 13:27:18,304 | GPU is available: Device #0, Free: 10.98 GB / 12.00 GB
[INFO] 2025-04-02 13:27:18,304 | GPU is available: Device #0, Free: 10.98 GB / 12.00 GB
[INFO] 2025-04-02 13:27:18,304 | GPU is available: Device #0, Free: 10.98 GB / 12.00 GB
[INFO] 2025-04-02 13:27:18,304 | Computing features for PENGU-USDT
[INFO] 2025-04-02 13:27:18,305 | Computing features for PEOPLE-USDT
[INFO] 2025-04-02 13:27:18,548 | GPU is available: Device #0, Free: 10.98 GB / 12.00 GB
[INFO] 2025-04-02 13:27:18,555 | GPU is available: Device #0, Free: 10.98 GB / 12.00 GB
[INFO] 2025-04-02 13:27:18,622 | GPU is available: Device #0, Free: 10.98 GB / 12.00 GB
[INFO] 2025-04-02 13:27:18,646 | GPU is available: Device #0, Free: 10.98 GB / 12.00 GB
[INFO] 2025-04-02 13:27:18,942 | GPU is available: Device #0, Free: 10.98 GB / 12.00 GB
[INFO] 2025-04-02 13:27:20,753 | PARTI-USDT: Updated 199/199 rows in 2.45s
[INFO] 2025-04-02 13:27:20,760 | ORDI-USDT: Updated 450/450 rows in 2.46s
[INFO] 2025-04-02 13:27:20,935 | Computing features for PEPE-USDT
[INFO] 2025-04-02 13:27:20,938 | Computing features for PERP-USDT
[INFO] 2025-04-02 13:27:20,961 | OP-USDT: Updated 450/450 rows in 2.66s
[INFO] 2025-04-02 13:27:20,962 | GPU is available: Device #0, Free: 10.98 GB / 12.00 GB
[INFO] 2025-04-02 13:27:20,962 | GPU is available: Device #0, Free: 10.98 GB / 12.00 GB
[INFO] 2025-04-02 13:27:21,053 | Computing features for PHA-USDT
[INFO] 2025-04-02 13:27:21,064 | GPU is available: Device #0, Free: 10.98 GB / 12.00 GB
[INFO] 2025-04-02 13:27:21,303 | ORBS-USDT: Updated 450/450 rows in 3.00s
[INFO] 2025-04-02 13:27:21,545 | PENDLE-USDT: Updated 450/450 rows in 3.24s
[INFO] 2025-04-02 13:27:21,553 | Computing features for PI-USDT
[INFO] 2025-04-02 13:27:21,563 | OXT-USDT: Updated 450/450 rows in 3.26s
[INFO] 2025-04-02 13:27:21,678 | GPU is available: Device #0, Free: 10.98 GB / 12.00 GB
[INFO] 2025-04-02 13:27:21,747 | PEOPLE-USDT: Updated 450/450 rows in 3.44s
[INFO] 2025-04-02 13:27:21,785 | PENGU-USDT: Updated 450/450 rows in 3.48s
[INFO] 2025-04-02 13:27:22,184 | Progress: 200/306 pairs processed (2.06 pairs/sec, ~51s remaining)
[INFO] 2025-04-02 13:27:22,846 | PEPE-USDT: Updated 450/450 rows in 1.91s
[INFO] 2025-04-02 13:27:22,922 | PHA-USDT: Updated 450/450 rows in 1.87s
[INFO] 2025-04-02 13:27:22,922 | PERP-USDT: Updated 450/450 rows in 1.98s
[INFO] 2025-04-02 13:27:23,051 | PI-USDT: Updated 450/450 rows in 1.50s
[INFO] 2025-04-02 13:27:23,164 | Processing batch 18/27 with 12 pairs
[INFO] 2025-04-02 13:27:23,164 | Computing features for PIXEL-USDT
[INFO] 2025-04-02 13:27:23,164 | Computing features for PNUT-USDT
[INFO] 2025-04-02 13:27:23,164 | Computing features for POL-USDT
[INFO] 2025-04-02 13:27:23,165 | Computing features for POLYDOGE-USDT
[INFO] 2025-04-02 13:27:23,165 | Computing features for POR-USDT
[INFO] 2025-04-02 13:27:23,166 | GPU is available: Device #0, Free: 10.98 GB / 12.00 GB
[INFO] 2025-04-02 13:27:23,166 | Computing features for PRCL-USDT
[INFO] 2025-04-02 13:27:23,167 | Computing features for PRQ-USDT
[INFO] 2025-04-02 13:27:23,167 | GPU is available: Device #0, Free: 10.98 GB / 12.00 GB
[INFO] 2025-04-02 13:27:23,167 | GPU is available: Device #0, Free: 10.98 GB / 12.00 GB
[INFO] 2025-04-02 13:27:23,168 | Computing features for PSTAKE-USDT
[INFO] 2025-04-02 13:27:23,411 | GPU is available: Device #0, Free: 10.98 GB / 12.00 GB
[INFO] 2025-04-02 13:27:23,411 | GPU is available: Device #0, Free: 10.98 GB / 12.00 GB
[INFO] 2025-04-02 13:27:23,524 | GPU is available: Device #0, Free: 10.98 GB / 12.00 GB
[INFO] 2025-04-02 13:27:23,641 | GPU is available: Device #0, Free: 10.98 GB / 12.00 GB
[INFO] 2025-04-02 13:27:23,754 | GPU is available: Device #0, Free: 10.98 GB / 12.00 GB
[INFO] 2025-04-02 13:27:26,017 | PNUT-USDT: Updated 450/450 rows in 2.85s
[INFO] 2025-04-02 13:27:26,019 | PIXEL-USDT: Updated 450/450 rows in 2.86s
[INFO] 2025-04-02 13:27:26,020 | POL-USDT: Updated 450/450 rows in 2.86s
[INFO] 2025-04-02 13:27:26,258 | POLYDOGE-USDT: Updated 450/450 rows in 3.09s
[INFO] 2025-04-02 13:27:26,259 | Computing features for PYTH-USDT
[INFO] 2025-04-02 13:27:26,323 | Computing features for PYUSD-USDT
[INFO] 2025-04-02 13:27:26,333 | Computing features for QTUM-USDT
[INFO] 2025-04-02 13:27:26,357 | GPU is available: Device #0, Free: 10.98 GB / 12.00 GB
[INFO] 2025-04-02 13:27:26,367 | POR-USDT: Updated 450/450 rows in 3.20s
[INFO] 2025-04-02 13:27:26,368 | PRCL-USDT: Updated 450/450 rows in 3.20s
[INFO] 2025-04-02 13:27:26,368 | Computing features for RACA-USDT
[INFO] 2025-04-02 13:27:26,369 | GPU is available: Device #0, Free: 10.98 GB / 12.00 GB
[INFO] 2025-04-02 13:27:26,370 | GPU is available: Device #0, Free: 10.98 GB / 12.00 GB
[INFO] 2025-04-02 13:27:26,495 | GPU is available: Device #0, Free: 10.98 GB / 12.00 GB
[INFO] 2025-04-02 13:27:26,804 | PRQ-USDT: Updated 450/450 rows in 3.64s
[INFO] 2025-04-02 13:27:26,804 | PSTAKE-USDT: Updated 450/450 rows in 3.64s
[INFO] 2025-04-02 13:27:28,056 | PYUSD-USDT: Updated 450/450 rows in 1.73s
[INFO] 2025-04-02 13:27:28,121 | RACA-USDT: Updated 450/450 rows in 1.75s
[INFO] 2025-04-02 13:27:28,176 | PYTH-USDT: Updated 450/450 rows in 1.92s
[INFO] 2025-04-02 13:27:28,239 | QTUM-USDT: Updated 450/450 rows in 1.91s
[INFO] 2025-04-02 13:27:28,371 | Processing batch 19/27 with 12 pairs
[INFO] 2025-04-02 13:27:28,371 | Computing features for RADAR-USDT
[INFO] 2025-04-02 13:27:28,371 | Computing features for RAY-USDT
[INFO] 2025-04-02 13:27:28,372 | Computing features for RDNT-USDT
[INFO] 2025-04-02 13:27:28,372 | Computing features for RENDER-USDT
[INFO] 2025-04-02 13:27:28,373 | Computing features for RIO-USDT
[INFO] 2025-04-02 13:27:28,374 | Computing features for RON-USDT
[INFO] 2025-04-02 13:27:28,374 | Computing features for RPL-USDT
[INFO] 2025-04-02 13:27:28,374 | Computing features for RSR-USDT
[INFO] 2025-04-02 13:27:28,375 | GPU is available: Device #0, Free: 10.98 GB / 12.00 GB
[INFO] 2025-04-02 13:27:28,375 | GPU is available: Device #0, Free: 10.98 GB / 12.00 GB
[INFO] 2025-04-02 13:27:28,375 | GPU is available: Device #0, Free: 10.98 GB / 12.00 GB
[INFO] 2025-04-02 13:27:28,622 | GPU is available: Device #0, Free: 10.98 GB / 12.00 GB
[INFO] 2025-04-02 13:27:28,679 | GPU is available: Device #0, Free: 10.98 GB / 12.00 GB
[INFO] 2025-04-02 13:27:28,736 | GPU is available: Device #0, Free: 10.98 GB / 12.00 GB
[INFO] 2025-04-02 13:27:28,853 | GPU is available: Device #0, Free: 10.98 GB / 12.00 GB
[INFO] 2025-04-02 13:27:28,869 | GPU is available: Device #0, Free: 10.98 GB / 12.00 GB
[INFO] 2025-04-02 13:27:31,092 | RADAR-USDT: Updated 450/450 rows in 2.72s
[INFO] 2025-04-02 13:27:31,205 | Computing features for RSS3-USDT
[INFO] 2025-04-02 13:27:31,231 | RAY-USDT: Updated 450/450 rows in 2.86s
[INFO] 2025-04-02 13:27:31,231 | RDNT-USDT: Updated 450/450 rows in 2.86s
[INFO] 2025-04-02 13:27:31,233 | GPU is available: Device #0, Free: 10.98 GB / 12.00 GB
[INFO] 2025-04-02 13:27:31,391 | Computing features for RUNECOIN-USDT
[INFO] 2025-04-02 13:27:31,439 | Computing features for RVN-USDT
[INFO] 2025-04-02 13:27:31,442 | RIO-USDT: Updated 450/450 rows in 3.07s
[INFO] 2025-04-02 13:27:31,506 | GPU is available: Device #0, Free: 10.98 GB / 12.00 GB
[INFO] 2025-04-02 13:27:31,534 | GPU is available: Device #0, Free: 10.98 GB / 12.00 GB
[INFO] 2025-04-02 13:27:31,535 | RENDER-USDT: Updated 450/450 rows in 3.16s
[INFO] 2025-04-02 13:27:31,676 | Computing features for S-USDT
[INFO] 2025-04-02 13:27:31,827 | GPU is available: Device #0, Free: 10.98 GB / 12.00 GB
[INFO] 2025-04-02 13:27:31,827 | RPL-USDT: Updated 450/450 rows in 3.45s
[INFO] 2025-04-02 13:27:31,827 | RON-USDT: Updated 450/450 rows in 3.45s
[INFO] 2025-04-02 13:27:31,838 | RSR-USDT: Updated 450/450 rows in 3.46s
[INFO] 2025-04-02 13:27:33,232 | RUNECOIN-USDT: Updated 450/450 rows in 1.84s
[INFO] 2025-04-02 13:27:33,238 | RSS3-USDT: Updated 450/450 rows in 2.03s
[INFO] 2025-04-02 13:27:33,371 | Progress: 225/306 pairs processed (2.08 pairs/sec, ~39s remaining)
[INFO] 2025-04-02 13:27:33,391 | RVN-USDT: Updated 450/450 rows in 1.95s
[INFO] 2025-04-02 13:27:33,454 | S-USDT: Updated 450/450 rows in 1.78s
[INFO] 2025-04-02 13:27:33,573 | Processing batch 20/27 with 12 pairs
[INFO] 2025-04-02 13:27:33,573 | Computing features for SAFE-USDT
[INFO] 2025-04-02 13:27:33,574 | Computing features for SAMO-USDT
[INFO] 2025-04-02 13:27:33,574 | Computing features for SAND-USDT
[INFO] 2025-04-02 13:27:33,575 | Computing features for SATS-USDT
[INFO] 2025-04-02 13:27:33,575 | GPU is available: Device #0, Free: 10.98 GB / 12.00 GB
[INFO] 2025-04-02 13:27:33,576 | Computing features for SC-USDT
[INFO] 2025-04-02 13:27:33,576 | Computing features for SCR-USDT
[INFO] 2025-04-02 13:27:33,576 | GPU is available: Device #0, Free: 10.98 GB / 12.00 GB
[INFO] 2025-04-02 13:27:33,576 | GPU is available: Device #0, Free: 10.98 GB / 12.00 GB
[INFO] 2025-04-02 13:27:33,577 | Computing features for SD-USDT
[INFO] 2025-04-02 13:27:33,577 | Computing features for SHIB-USDT
[INFO] 2025-04-02 13:27:33,732 | GPU is available: Device #0, Free: 10.98 GB / 12.00 GB
[INFO] 2025-04-02 13:27:33,823 | GPU is available: Device #0, Free: 10.98 GB / 12.00 GB
[INFO] 2025-04-02 13:27:33,876 | GPU is available: Device #0, Free: 10.98 GB / 12.00 GB
[INFO] 2025-04-02 13:27:33,946 | GPU is available: Device #0, Free: 10.98 GB / 12.00 GB
[INFO] 2025-04-02 13:27:34,232 | GPU is available: Device #0, Free: 10.98 GB / 12.00 GB
[INFO] 2025-04-02 13:27:36,321 | SAFE-USDT: Updated 450/450 rows in 2.75s
[INFO] 2025-04-02 13:27:36,461 | SAMO-USDT: Updated 450/450 rows in 2.89s
[INFO] 2025-04-02 13:27:36,462 | SAND-USDT: Updated 450/450 rows in 2.89s
[INFO] 2025-04-02 13:27:36,580 | Computing features for SKL-USDT
[INFO] 2025-04-02 13:27:36,581 | Computing features for SLERF-USDT
[INFO] 2025-04-02 13:27:36,581 | Computing features for SLP-USDT
[INFO] 2025-04-02 13:27:36,582 | GPU is available: Device #0, Free: 10.98 GB / 12.00 GB
[INFO] 2025-04-02 13:27:36,598 | GPU is available: Device #0, Free: 10.98 GB / 12.00 GB
[INFO] 2025-04-02 13:27:36,646 | SC-USDT: Updated 450/450 rows in 3.07s
[INFO] 2025-04-02 13:27:36,656 | GPU is available: Device #0, Free: 10.98 GB / 12.00 GB
[INFO] 2025-04-02 13:27:36,712 | SATS-USDT: Updated 450/450 rows in 3.14s
[INFO] 2025-04-02 13:27:36,775 | Computing features for SNT-USDT
[INFO] 2025-04-02 13:27:36,778 | GPU is available: Device #0, Free: 10.98 GB / 12.00 GB
[INFO] 2025-04-02 13:27:37,001 | SCR-USDT: Updated 450/450 rows in 3.43s
[INFO] 2025-04-02 13:27:37,010 | SHIB-USDT: Updated 450/450 rows in 3.43s
[INFO] 2025-04-02 13:27:37,034 | SD-USDT: Updated 450/450 rows in 3.46s
[INFO] 2025-04-02 13:27:38,340 | SLERF-USDT: Updated 450/450 rows in 1.76s
[INFO] 2025-04-02 13:27:38,423 | SKL-USDT: Updated 450/450 rows in 1.84s
[INFO] 2025-04-02 13:27:38,493 | SLP-USDT: Updated 450/450 rows in 1.91s
[INFO] 2025-04-02 13:27:38,493 | SNT-USDT: Updated 450/450 rows in 1.72s
[INFO] 2025-04-02 13:27:38,664 | Processing batch 21/27 with 12 pairs
[INFO] 2025-04-02 13:27:38,664 | Computing features for SNX-USDT
[INFO] 2025-04-02 13:27:38,664 | Computing features for SOL-USDT
[INFO] 2025-04-02 13:27:38,665 | Computing features for SONIC-USDT
[INFO] 2025-04-02 13:27:38,666 | Computing features for SPURS-USDT
[INFO] 2025-04-02 13:27:38,666 | Computing features for SSV-USDT
[INFO] 2025-04-02 13:27:38,666 | Computing features for SSWP-USDT
[INFO] 2025-04-02 13:27:38,667 | Computing features for STORJ-USDT
[INFO] 2025-04-02 13:27:38,667 | Computing features for STRK-USDT
[INFO] 2025-04-02 13:27:38,668 | GPU is available: Device #0, Free: 10.98 GB / 12.00 GB
[INFO] 2025-04-02 13:27:38,670 | GPU is available: Device #0, Free: 10.98 GB / 12.00 GB
[INFO] 2025-04-02 13:27:38,670 | GPU is available: Device #0, Free: 10.98 GB / 12.00 GB
[INFO] 2025-04-02 13:27:38,812 | GPU is available: Device #0, Free: 10.98 GB / 12.00 GB
[INFO] 2025-04-02 13:27:39,054 | GPU is available: Device #0, Free: 10.98 GB / 12.00 GB
[INFO] 2025-04-02 13:27:40,289 | GPU is available: Device #0, Free: 10.98 GB / 12.00 GB
[INFO] 2025-04-02 13:27:40,290 | GPU is available: Device #0, Free: 10.98 GB / 12.00 GB
[INFO] 2025-04-02 13:27:40,296 | GPU is available: Device #0, Free: 10.98 GB / 12.00 GB
[INFO] 2025-04-02 13:27:42,549 | SOL-USDT: Updated 450/450 rows in 3.89s
[INFO] 2025-04-02 13:27:42,667 | SONIC-USDT: Updated 450/450 rows in 4.00s
[INFO] 2025-04-02 13:27:42,668 | Computing features for STX-USDT
[INFO] 2025-04-02 13:27:42,758 | GPU is available: Device #0, Free: 10.98 GB / 12.00 GB
[INFO] 2025-04-02 13:27:42,759 | SNX-USDT: Updated 450/450 rows in 4.09s
[INFO] 2025-04-02 13:27:42,807 | Computing features for SUI-USDT
[INFO] 2025-04-02 13:27:42,898 | STORJ-USDT: Updated 450/450 rows in 4.23s
[INFO] 2025-04-02 13:27:42,900 | SPURS-USDT: Updated 450/450 rows in 4.23s
[INFO] 2025-04-02 13:27:42,901 | GPU is available: Device #0, Free: 10.98 GB / 12.00 GB
[INFO] 2025-04-02 13:27:43,023 | Computing features for SUSHI-USDT
[INFO] 2025-04-02 13:27:43,092 | Computing features for SWEAT-USDT
[INFO] 2025-04-02 13:27:43,097 | GPU is available: Device #0, Free: 10.98 GB / 12.00 GB
[INFO] 2025-04-02 13:27:43,105 | GPU is available: Device #0, Free: 10.98 GB / 12.00 GB
[INFO] 2025-04-02 13:27:43,198 | SSWP-USDT: Updated 450/450 rows in 4.53s
[INFO] 2025-04-02 13:27:43,199 | SSV-USDT: Updated 450/450 rows in 4.53s
[INFO] 2025-04-02 13:27:43,199 | STRK-USDT: Updated 450/450 rows in 4.53s
[INFO] 2025-04-02 13:27:44,628 | STX-USDT: Updated 450/450 rows in 1.96s
[INFO] 2025-04-02 13:27:44,691 | SUI-USDT: Updated 450/450 rows in 1.88s
[INFO] 2025-04-02 13:27:44,747 | SUSHI-USDT: Updated 450/450 rows in 1.72s
[INFO] 2025-04-02 13:27:44,748 | Progress: 250/306 pairs processed (2.09 pairs/sec, ~27s remaining)
[INFO] 2025-04-02 13:27:44,807 | SWEAT-USDT: Updated 450/450 rows in 1.71s
[INFO] 2025-04-02 13:27:44,924 | Processing batch 22/27 with 12 pairs
[INFO] 2025-04-02 13:27:44,925 | Computing features for SWFTC-USDT
[INFO] 2025-04-02 13:27:44,925 | Computing features for T-USDT
[INFO] 2025-04-02 13:27:44,925 | Computing features for THETA-USDT
[INFO] 2025-04-02 13:27:44,925 | Computing features for TIA-USDT
[INFO] 2025-04-02 13:27:44,926 | Computing features for TNSR-USDT
[INFO] 2025-04-02 13:27:44,926 | Computing features for TON-USDT
[INFO] 2025-04-02 13:27:44,927 | Computing features for TRA-USDT
[INFO] 2025-04-02 13:27:44,927 | GPU is available: Device #0, Free: 10.98 GB / 12.00 GB
[INFO] 2025-04-02 13:27:44,927 | GPU is available: Device #0, Free: 10.98 GB / 12.00 GB
[INFO] 2025-04-02 13:27:44,928 | Computing features for TRB-USDT
[INFO] 2025-04-02 13:27:44,928 | GPU is available: Device #0, Free: 10.98 GB / 12.00 GB
[INFO] 2025-04-02 13:27:45,034 | GPU is available: Device #0, Free: 10.98 GB / 12.00 GB
[INFO] 2025-04-02 13:27:45,207 | GPU is available: Device #0, Free: 10.98 GB / 12.00 GB
[INFO] 2025-04-02 13:27:45,275 | GPU is available: Device #0, Free: 10.98 GB / 12.00 GB
[INFO] 2025-04-02 13:27:45,376 | GPU is available: Device #0, Free: 10.98 GB / 12.00 GB
[INFO] 2025-04-02 13:27:45,435 | GPU is available: Device #0, Free: 10.98 GB / 12.00 GB
[INFO] 2025-04-02 13:27:47,615 | T-USDT: Updated 450/450 rows in 2.69s
[INFO] 2025-04-02 13:27:47,714 | THETA-USDT: Updated 450/450 rows in 2.79s
[INFO] 2025-04-02 13:27:47,801 | Computing features for TRUMP-USDT
[INFO] 2025-04-02 13:27:47,839 | SWFTC-USDT: Updated 450/450 rows in 2.91s
[INFO] 2025-04-02 13:27:47,839 | Computing features for TRX-USDT
[INFO] 2025-04-02 13:27:47,841 | GPU is available: Device #0, Free: 10.98 GB / 12.00 GB
[INFO] 2025-04-02 13:27:47,918 | GPU is available: Device #0, Free: 10.98 GB / 12.00 GB
[INFO] 2025-04-02 13:27:47,933 | TIA-USDT: Updated 450/450 rows in 3.01s
[INFO] 2025-04-02 13:27:47,976 | Computing features for TURBO-USDT
[INFO] 2025-04-02 13:27:48,134 | GPU is available: Device #0, Free: 10.98 GB / 12.00 GB
[INFO] 2025-04-02 13:27:48,193 | Computing features for ULTI-USDT
[INFO] 2025-04-02 13:27:48,215 | TON-USDT: Updated 450/450 rows in 3.29s
[INFO] 2025-04-02 13:27:48,326 | GPU is available: Device #0, Free: 10.98 GB / 12.00 GB
[INFO] 2025-04-02 13:27:48,337 | TRA-USDT: Updated 450/450 rows in 3.41s
[INFO] 2025-04-02 13:27:48,357 | TRB-USDT: Updated 450/450 rows in 3.43s
[INFO] 2025-04-02 13:27:48,459 | TNSR-USDT: Updated 450/450 rows in 3.53s
[INFO] 2025-04-02 13:27:49,722 | TRUMP-USDT: Updated 450/450 rows in 1.92s
[INFO] 2025-04-02 13:27:49,818 | TRX-USDT: Updated 450/450 rows in 1.98s
[INFO] 2025-04-02 13:27:49,899 | TURBO-USDT: Updated 450/450 rows in 1.92s
[INFO] 2025-04-02 13:27:49,971 | ULTI-USDT: Updated 450/450 rows in 1.78s
[INFO] 2025-04-02 13:27:50,103 | Processing batch 23/27 with 12 pairs
[INFO] 2025-04-02 13:27:50,104 | Computing features for UMA-USDT
[INFO] 2025-04-02 13:27:50,104 | Computing features for UNI-USDT
[INFO] 2025-04-02 13:27:50,104 | Computing features for USDC-USDT
[INFO] 2025-04-02 13:27:50,105 | Computing features for USTC-USDT
[INFO] 2025-04-02 13:27:50,106 | GPU is available: Device #0, Free: 10.98 GB / 12.00 GB
[INFO] 2025-04-02 13:27:50,106 | Computing features for UXLINK-USDT
[INFO] 2025-04-02 13:27:50,106 | GPU is available: Device #0, Free: 10.98 GB / 12.00 GB
[INFO] 2025-04-02 13:27:50,106 | Computing features for VELO-USDT
[INFO] 2025-04-02 13:27:50,107 | GPU is available: Device #0, Free: 10.98 GB / 12.00 GB
[INFO] 2025-04-02 13:27:50,107 | Computing features for VELODROME-USDT
[INFO] 2025-04-02 13:27:50,107 | Computing features for VENOM-USDT
[INFO] 2025-04-02 13:27:50,355 | GPU is available: Device #0, Free: 10.98 GB / 12.00 GB
[INFO] 2025-04-02 13:27:50,361 | GPU is available: Device #0, Free: 10.98 GB / 12.00 GB
[INFO] 2025-04-02 13:27:50,397 | GPU is available: Device #0, Free: 10.98 GB / 12.00 GB
[INFO] 2025-04-02 13:27:50,470 | GPU is available: Device #0, Free: 10.98 GB / 12.00 GB
[INFO] 2025-04-02 13:27:50,635 | GPU is available: Device #0, Free: 10.98 GB / 12.00 GB
[INFO] 2025-04-02 13:27:52,704 | UMA-USDT: Updated 450/450 rows in 2.60s
[INFO] 2025-04-02 13:27:52,865 | UNI-USDT: Updated 450/450 rows in 2.76s
[INFO] 2025-04-02 13:27:52,866 | Computing features for VINE-USDT
[INFO] 2025-04-02 13:27:52,997 | GPU is available: Device #0, Free: 10.98 GB / 12.00 GB
[INFO] 2025-04-02 13:27:52,999 | USDC-USDT: Updated 450/450 rows in 2.89s
[INFO] 2025-04-02 13:27:53,063 | Computing features for VRA-USDT
[INFO] 2025-04-02 13:27:53,067 | Computing features for W-USDT
[INFO] 2025-04-02 13:27:53,068 | GPU is available: Device #0, Free: 10.98 GB / 12.00 GB
[INFO] 2025-04-02 13:27:53,068 | GPU is available: Device #0, Free: 10.98 GB / 12.00 GB
[INFO] 2025-04-02 13:27:53,068 | USTC-USDT: Updated 450/450 rows in 2.96s
[INFO] 2025-04-02 13:27:53,068 | UXLINK-USDT: Updated 450/450 rows in 2.96s
[INFO] 2025-04-02 13:27:53,240 | VELO-USDT: Updated 450/450 rows in 3.13s
[INFO] 2025-04-02 13:27:53,240 | Computing features for WAXP-USDT
[INFO] 2025-04-02 13:27:53,240 | VELODROME-USDT: Updated 450/450 rows in 3.13s
[INFO] 2025-04-02 13:27:53,246 | VENOM-USDT: Updated 450/450 rows in 3.14s
[INFO] 2025-04-02 13:27:53,432 | GPU is available: Device #0, Free: 10.98 GB / 12.00 GB
[INFO] 2025-04-02 13:27:54,678 | VINE-USDT: Updated 450/450 rows in 1.81s
[INFO] 2025-04-02 13:27:54,738 | VRA-USDT: Updated 450/450 rows in 1.67s
[INFO] 2025-04-02 13:27:54,801 | W-USDT: Updated 450/450 rows in 1.73s
[INFO] 2025-04-02 13:27:54,858 | Progress: 275/306 pairs processed (2.12 pairs/sec, ~15s remaining)
[INFO] 2025-04-02 13:27:54,860 | WAXP-USDT: Updated 450/450 rows in 1.62s
[INFO] 2025-04-02 13:27:54,964 | Processing batch 24/27 with 12 pairs
[INFO] 2025-04-02 13:27:54,964 | Computing features for WIF-USDT
[INFO] 2025-04-02 13:27:54,964 | Computing features for WIN-USDT
[INFO] 2025-04-02 13:27:54,965 | Computing features for WLD-USDT
[INFO] 2025-04-02 13:27:54,966 | Computing features for WOO-USDT
[INFO] 2025-04-02 13:27:54,966 | Computing features for X-USDT
[INFO] 2025-04-02 13:27:54,966 | GPU is available: Device #0, Free: 10.98 GB / 12.00 GB
[INFO] 2025-04-02 13:27:54,967 | Computing features for XAUT-USDT
[INFO] 2025-04-02 13:27:54,967 | GPU is available: Device #0, Free: 10.98 GB / 12.00 GB
[INFO] 2025-04-02 13:27:54,967 | Computing features for XCH-USDT
[INFO] 2025-04-02 13:27:54,967 | GPU is available: Device #0, Free: 10.98 GB / 12.00 GB
[INFO] 2025-04-02 13:27:54,967 | Computing features for XLM-USDT
[INFO] 2025-04-02 13:27:55,182 | GPU is available: Device #0, Free: 10.98 GB / 12.00 GB
[INFO] 2025-04-02 13:27:55,207 | GPU is available: Device #0, Free: 10.98 GB / 12.00 GB
[INFO] 2025-04-02 13:27:55,250 | GPU is available: Device #0, Free: 10.98 GB / 12.00 GB
[INFO] 2025-04-02 13:27:55,301 | GPU is available: Device #0, Free: 10.98 GB / 12.00 GB
[INFO] 2025-04-02 13:27:55,407 | GPU is available: Device #0, Free: 10.98 GB / 12.00 GB
[INFO] 2025-04-02 13:27:57,494 | WIF-USDT: Updated 450/450 rows in 2.53s
[INFO] 2025-04-02 13:27:57,635 | Computing features for XNO-USDT
[INFO] 2025-04-02 13:27:57,638 | WIN-USDT: Updated 450/450 rows in 2.67s
[INFO] 2025-04-02 13:27:57,725 | GPU is available: Device #0, Free: 10.98 GB / 12.00 GB
[INFO] 2025-04-02 13:27:57,728 | Computing features for XRP-USDT
[INFO] 2025-04-02 13:27:57,729 | GPU is available: Device #0, Free: 10.98 GB / 12.00 GB
[INFO] 2025-04-02 13:27:57,827 | WLD-USDT: Updated 450/450 rows in 2.86s
[INFO] 2025-04-02 13:27:57,895 | WOO-USDT: Updated 450/450 rows in 2.93s
[INFO] 2025-04-02 13:27:58,125 | Computing features for XTZ-USDT
[INFO] 2025-04-02 13:27:58,125 | Computing features for YFI-USDT
[INFO] 2025-04-02 13:27:58,131 | GPU is available: Device #0, Free: 10.98 GB / 12.00 GB
[INFO] 2025-04-02 13:27:58,160 | GPU is available: Device #0, Free: 10.98 GB / 12.00 GB
[INFO] 2025-04-02 13:27:58,160 | XLM-USDT: Updated 450/450 rows in 3.19s
[INFO] 2025-04-02 13:27:58,175 | XAUT-USDT: Updated 450/450 rows in 3.21s
[INFO] 2025-04-02 13:27:58,176 | XCH-USDT: Updated 450/450 rows in 3.21s
[INFO] 2025-04-02 13:27:58,176 | X-USDT: Updated 450/450 rows in 3.21s
[INFO] 2025-04-02 13:27:59,456 | XNO-USDT: Updated 450/450 rows in 1.82s
[INFO] 2025-04-02 13:27:59,590 | XRP-USDT: Updated 450/450 rows in 1.86s
[INFO] 2025-04-02 13:27:59,650 | XTZ-USDT: Updated 450/450 rows in 1.53s
[INFO] 2025-04-02 13:27:59,714 | YFI-USDT: Updated 450/450 rows in 1.59s
[INFO] 2025-04-02 13:27:59,818 | Processing batch 25/27 with 11 pairs
[INFO] 2025-04-02 13:27:59,818 | Computing features for YGG-USDT
[INFO] 2025-04-02 13:27:59,818 | Computing features for ZBCN-USDT
[INFO] 2025-04-02 13:27:59,819 | Computing features for ZENT-USDT
[INFO] 2025-04-02 13:27:59,819 | Computing features for ZERO-USDT
[INFO] 2025-04-02 13:27:59,820 | GPU is available: Device #0, Free: 10.98 GB / 12.00 GB
[INFO] 2025-04-02 13:27:59,820 | Computing features for ZETA-USDT
[INFO] 2025-04-02 13:27:59,821 | GPU is available: Device #0, Free: 10.98 GB / 12.00 GB
[INFO] 2025-04-02 13:27:59,821 | GPU is available: Device #0, Free: 10.98 GB / 12.00 GB
[INFO] 2025-04-02 13:27:59,821 | Computing features for ZEUS-USDT
[INFO] 2025-04-02 13:27:59,821 | Computing features for ZIL-USDT
[INFO] 2025-04-02 13:27:59,822 | Computing features for ZK-USDT
[INFO] 2025-04-02 13:28:00,062 | GPU is available: Device #0, Free: 10.98 GB / 12.00 GB
[INFO] 2025-04-02 13:28:00,073 | GPU is available: Device #0, Free: 10.98 GB / 12.00 GB
[INFO] 2025-04-02 13:28:00,074 | GPU is available: Device #0, Free: 10.98 GB / 12.00 GB
[INFO] 2025-04-02 13:28:00,158 | GPU is available: Device #0, Free: 10.98 GB / 12.00 GB
[INFO] 2025-04-02 13:28:00,335 | GPU is available: Device #0, Free: 10.98 GB / 12.00 GB
[INFO] 2025-04-02 13:28:02,359 | ZENT-USDT: Updated 450/450 rows in 2.54s
[INFO] 2025-04-02 13:28:02,549 | Computing features for ZKJ-USDT
[INFO] 2025-04-02 13:28:02,555 | GPU is available: Device #0, Free: 10.98 GB / 12.00 GB
[INFO] 2025-04-02 13:28:02,675 | ZBCN-USDT: Updated 450/450 rows in 2.86s
[INFO] 2025-04-02 13:28:02,677 | YGG-USDT: Updated 450/450 rows in 2.86s
[INFO] 2025-04-02 13:28:02,855 | Computing features for ZRO-USDT
[INFO] 2025-04-02 13:28:02,857 | Computing features for ZRX-USDT
[INFO] 2025-04-02 13:28:02,882 | GPU is available: Device #0, Free: 10.98 GB / 12.00 GB
[INFO] 2025-04-02 13:28:02,882 | GPU is available: Device #0, Free: 10.98 GB / 12.00 GB
[INFO] 2025-04-02 13:28:02,882 | ZERO-USDT: Updated 450/450 rows in 3.06s
[INFO] 2025-04-02 13:28:02,976 | ZETA-USDT: Updated 450/450 rows in 3.16s
[INFO] 2025-04-02 13:28:02,987 | ZK-USDT: Updated 450/450 rows in 3.17s
[INFO] 2025-04-02 13:28:03,047 | ZEUS-USDT: Updated 450/450 rows in 3.23s
[INFO] 2025-04-02 13:28:03,047 | ZIL-USDT: Updated 450/450 rows in 3.23s
[INFO] 2025-04-02 13:28:04,091 | ZKJ-USDT: Updated 450/450 rows in 1.54s
[INFO] 2025-04-02 13:28:04,160 | ZRO-USDT: Updated 450/450 rows in 1.30s
[INFO] 2025-04-02 13:28:04,228 | ZRX-USDT: Updated 450/450 rows in 1.37s
[INFO] 2025-04-02 13:28:04,339 | Processing batch 26/27 with 6 pairs
[INFO] 2025-04-02 13:28:04,340 | Computing features for BETH-USDT
[INFO] 2025-04-02 13:28:04,340 | Computing features for BTC-USDT
[INFO] 2025-04-02 13:28:04,340 | Computing features for ETH-USDT
[INFO] 2025-04-02 13:28:04,341 | Computing features for ETHFI-USDT
[INFO] 2025-04-02 13:28:04,341 | Computing features for ETHW-USDT
[INFO] 2025-04-02 13:28:04,341 | Computing features for STETH-USDT
[INFO] 2025-04-02 13:28:04,343 | GPU is available: Device #0, Free: 10.98 GB / 12.00 GB
[INFO] 2025-04-02 13:28:04,343 | GPU is available: Device #0, Free: 10.98 GB / 12.00 GB
[INFO] 2025-04-02 13:28:04,343 | GPU is available: Device #0, Free: 10.98 GB / 12.00 GB
[INFO] 2025-04-02 13:28:04,579 | GPU is available: Device #0, Free: 10.98 GB / 12.00 GB
[INFO] 2025-04-02 13:28:04,579 | GPU is available: Device #0, Free: 10.98 GB / 12.00 GB
[INFO] 2025-04-02 13:28:04,676 | GPU is available: Device #0, Free: 10.98 GB / 12.00 GB
[INFO] 2025-04-02 13:28:06,313 | BETH-USDT: Updated 450/450 rows in 1.97s
[INFO] 2025-04-02 13:28:06,396 | Progress: 300/306 pairs processed (2.12 pairs/sec, ~3s remaining)
[INFO] 2025-04-02 13:28:06,497 | ETH-USDT: Updated 450/450 rows in 2.16s
[INFO] 2025-04-02 13:28:06,498 | BTC-USDT: Updated 450/450 rows in 2.16s
[INFO] 2025-04-02 13:28:06,633 | STETH-USDT: Updated 450/450 rows in 2.29s
[INFO] 2025-04-02 13:28:06,689 | ETHFI-USDT: Updated 450/450 rows in 2.35s
[INFO] 2025-04-02 13:28:06,690 | ETHW-USDT: Updated 450/450 rows in 2.35s
[INFO] 2025-04-02 13:28:06,844 | Processing batch 27/27 with 1 pairs
[INFO] 2025-04-02 13:28:06,844 | Computing features for WBTC-USDT
[INFO] 2025-04-02 13:28:06,845 | GPU is available: Device #0, Free: 10.98 GB / 12.00 GB
[INFO] 2025-04-02 13:28:07,173 | WBTC-USDT: Updated 450/450 rows in 0.33s
[INFO] 2025-04-02 13:28:07,229 | Progress: 306/306 pairs processed (2.15 pairs/sec, ~0s remaining)
[INFO] 2025-04-02 13:28:07,278 | Computing cross-pair features
[INFO] 2025-04-02 13:28:17,416 | Updated 1 rows with cross-pair features
[INFO] 2025-04-02 13:28:17,422 | Performance summary saved to logs/performance_summary_2025-04-02_132817.json
[INFO] 2025-04-02 13:28:17,422 | Performance report saved to logs/performance_report_2025-04-02_132817.txt
[INFO] 2025-04-02 13:28:17,422 | Performance summary saved to logs/performance_summary_2025-04-02_132817.json
[INFO] 2025-04-02 13:28:17,422 | Performance report saved to logs/performance_report_2025-04-02_132817.txt
[INFO] 2025-04-02 13:28:17,422 | Rolling update mode completed.
